2022-12-09 15:55:47,609 - DEBUG - Using logic: Permissive10X
2022-12-09 15:55:47,632 - INFO - Read 6320 cell barcodes from /research/peer/fdeckert/FD20200109SPLENO/data/BSA_0355_SM01_10x_SPLENO/OUT/COUNT/M8_control_Prog_transcriptome/filtered_feature_bc_matrix/barcodes.tsv.gz
2022-12-09 15:55:47,632 - DEBUG - Example of barcode: AAACCCAAGGGAGTTC and cell_id: velocyto:AAACCCAAGGGAGTTC-1
2022-12-09 15:55:47,645 - DEBUG - Peeking into /research/peer/fdeckert/FD20200109SPLENO/data/BSA_0355_SM01_10x_SPLENO/OUT/COUNT/M8_control_Prog_transcriptome/possorted_genome_bam.bam
2022-12-09 15:55:47,770 - WARNING - Not found cell and umi barcode in entry 5 of the bam file
2022-12-09 15:55:47,772 - WARNING - Not found cell and umi barcode in entry 150 of the bam file
2022-12-09 15:55:47,772 - WARNING - Not found cell and umi barcode in entry 151 of the bam file
2022-12-09 15:55:47,772 - WARNING - Not found cell and umi barcode in entry 172 of the bam file
2022-12-09 15:55:47,772 - WARNING - Not found cell and umi barcode in entry 173 of the bam file
2022-12-09 15:55:47,772 - WARNING - Not found cell and umi barcode in entry 203 of the bam file
2022-12-09 15:55:47,773 - WARNING - Not found cell and umi barcode in entry 263 of the bam file
2022-12-09 15:55:47,773 - WARNING - Not found cell and umi barcode in entry 272 of the bam file
2022-12-09 15:55:47,773 - WARNING - Not found cell and umi barcode in entry 273 of the bam file
2022-12-09 15:55:47,773 - WARNING - Not found cell and umi barcode in entry 383 of the bam file
2022-12-09 15:55:47,773 - WARNING - Not found cell and umi barcode in entry 411 of the bam file
2022-12-09 15:55:47,773 - WARNING - Not found cell and umi barcode in entry 426 of the bam file
2022-12-09 15:55:47,773 - WARNING - Not found cell and umi barcode in entry 428 of the bam file
2022-12-09 15:55:47,773 - WARNING - Not found cell and umi barcode in entry 431 of the bam file
2022-12-09 15:55:47,773 - WARNING - Not found cell and umi barcode in entry 436 of the bam file
2022-12-09 15:55:47,818 - WARNING - Not found cell and umi barcode in entry 437 of the bam file
2022-12-09 15:55:47,818 - WARNING - Not found cell and umi barcode in entry 477 of the bam file
2022-12-09 15:55:47,818 - WARNING - Not found cell and umi barcode in entry 503 of the bam file
2022-12-09 15:55:47,818 - WARNING - Not found cell and umi barcode in entry 511 of the bam file
2022-12-09 15:55:47,818 - WARNING - Not found cell and umi barcode in entry 522 of the bam file
2022-12-09 15:55:47,818 - WARNING - Not found cell and umi barcode in entry 552 of the bam file
2022-12-09 15:55:47,818 - WARNING - Not found cell and umi barcode in entry 554 of the bam file
2022-12-09 15:55:47,818 - WARNING - Not found cell and umi barcode in entry 562 of the bam file
2022-12-09 15:55:47,819 - WARNING - Not found cell and umi barcode in entry 636 of the bam file
2022-12-09 15:55:47,819 - WARNING - Not found cell and umi barcode in entry 637 of the bam file
2022-12-09 15:55:47,819 - WARNING - Not found cell and umi barcode in entry 638 of the bam file
2022-12-09 15:55:47,819 - WARNING - Not found cell and umi barcode in entry 654 of the bam file
2022-12-09 15:55:47,819 - WARNING - Not found cell and umi barcode in entry 656 of the bam file
2022-12-09 15:55:47,819 - WARNING - Not found cell and umi barcode in entry 663 of the bam file
2022-12-09 15:55:47,819 - WARNING - Not found cell and umi barcode in entry 666 of the bam file
2022-12-09 15:55:47,819 - WARNING - Not found cell and umi barcode in entry 695 of the bam file
2022-12-09 15:55:47,819 - WARNING - Not found cell and umi barcode in entry 709 of the bam file
2022-12-09 15:55:47,822 - WARNING - Not found cell and umi barcode in entry 758 of the bam file
2022-12-09 15:55:47,822 - WARNING - Not found cell and umi barcode in entry 767 of the bam file
2022-12-09 15:55:47,822 - WARNING - Not found cell and umi barcode in entry 816 of the bam file
2022-12-09 15:55:47,822 - WARNING - Not found cell and umi barcode in entry 817 of the bam file
2022-12-09 15:55:47,823 - WARNING - Not found cell and umi barcode in entry 953 of the bam file
2022-12-09 15:55:47,823 - WARNING - Not found cell and umi barcode in entry 965 of the bam file
2022-12-09 15:55:47,823 - WARNING - Not found cell and umi barcode in entry 972 of the bam file
2022-12-09 15:55:47,823 - WARNING - Not found cell and umi barcode in entry 977 of the bam file
2022-12-09 15:55:47,829 - WARNING - The file /research/peer/fdeckert/FD20200109SPLENO/data/BSA_0355_SM01_10x_SPLENO/OUT/COUNT/M8_control_Prog_transcriptome/cellsorted_possorted_genome_bam.bam already exists. The sorting step will be skipped and the existing file will be used.
2022-12-09 15:55:47,829 - INFO - Load the annotation from /research/peer/fdeckert/FD20200109SPLENO/data/annotation/mm10/cellranger/mm10-2020-A_build/gencode.vM23.primary_assembly.annotation.gtf.filtered
2022-12-09 15:55:51,656 - DEBUG - Parsing Chromosome GL456210.1 strand - [line 0]
2022-12-09 15:55:51,657 - DEBUG - Done with GL456210.1- [line 27]
2022-12-09 15:55:51,657 - DEBUG - Assigning indexes to genes
2022-12-09 15:55:51,657 - DEBUG - Seen 3 genes until now
2022-12-09 15:55:51,657 - DEBUG - Parsing Chromosome GL456210.1 strand + [line 28]
2022-12-09 15:55:51,657 - DEBUG - Done with GL456210.1+ [line 43]
2022-12-09 15:55:51,657 - DEBUG - Assigning indexes to genes
2022-12-09 15:55:51,657 - DEBUG - Seen 5 genes until now
2022-12-09 15:55:51,657 - DEBUG - Parsing Chromosome GL456211.1 strand - [line 44]
2022-12-09 15:55:51,657 - DEBUG - Done with GL456211.1- [line 74]
2022-12-09 15:55:51,657 - DEBUG - Assigning indexes to genes
2022-12-09 15:55:51,657 - DEBUG - Seen 9 genes until now
2022-12-09 15:55:51,657 - DEBUG - Parsing Chromosome GL456211.1 strand + [line 75]
2022-12-09 15:55:51,657 - DEBUG - Done with GL456211.1+ [line 101]
2022-12-09 15:55:51,657 - DEBUG - Assigning indexes to genes
2022-12-09 15:55:51,657 - DEBUG - Seen 11 genes until now
2022-12-09 15:55:51,657 - DEBUG - Parsing Chromosome GL456212.1 strand - [line 102]
2022-12-09 15:55:51,657 - DEBUG - Done with GL456212.1- [line 137]
2022-12-09 15:55:51,657 - DEBUG - Assigning indexes to genes
2022-12-09 15:55:51,657 - DEBUG - Seen 13 genes until now
2022-12-09 15:55:51,658 - DEBUG - Parsing Chromosome GL456216.1 strand + [line 138]
2022-12-09 15:55:51,658 - DEBUG - Done with GL456216.1+ [line 157]
2022-12-09 15:55:51,658 - DEBUG - Assigning indexes to genes
2022-12-09 15:55:51,658 - DEBUG - Seen 14 genes until now
2022-12-09 15:55:51,658 - DEBUG - Parsing Chromosome GL456219.1 strand - [line 158]
2022-12-09 15:55:51,658 - DEBUG - Done with GL456219.1- [line 171]
2022-12-09 15:55:51,658 - DEBUG - Assigning indexes to genes
2022-12-09 15:55:51,658 - DEBUG - Seen 16 genes until now
2022-12-09 15:55:51,658 - DEBUG - Parsing Chromosome GL456221.1 strand - [line 172]
2022-12-09 15:55:51,658 - DEBUG - Done with GL456221.1- [line 217]
2022-12-09 15:55:51,658 - DEBUG - Assigning indexes to genes
2022-12-09 15:55:51,658 - DEBUG - Seen 20 genes until now
2022-12-09 15:55:51,658 - DEBUG - Parsing Chromosome GL456221.1 strand + [line 218]
2022-12-09 15:55:51,658 - DEBUG - Done with GL456221.1+ [line 237]
2022-12-09 15:55:51,658 - DEBUG - Assigning indexes to genes
2022-12-09 15:55:51,658 - DEBUG - Seen 23 genes until now
2022-12-09 15:55:51,658 - DEBUG - Parsing Chromosome GL456233.1 strand - [line 238]
2022-12-09 15:55:51,658 - DEBUG - Done with GL456233.1- [line 269]
2022-12-09 15:55:51,658 - DEBUG - Assigning indexes to genes
2022-12-09 15:55:51,658 - DEBUG - Seen 25 genes until now
2022-12-09 15:55:51,658 - DEBUG - Parsing Chromosome GL456233.1 strand + [line 270]
2022-12-09 15:55:51,658 - DEBUG - Done with GL456233.1+ [line 300]
2022-12-09 15:55:51,658 - DEBUG - Assigning indexes to genes
2022-12-09 15:55:51,659 - DEBUG - Seen 27 genes until now
2022-12-09 15:55:51,659 - DEBUG - Parsing Chromosome GL456350.1 strand - [line 301]
2022-12-09 15:55:51,659 - DEBUG - Done with GL456350.1- [line 362]
2022-12-09 15:55:51,659 - DEBUG - Assigning indexes to genes
2022-12-09 15:55:51,659 - DEBUG - Seen 32 genes until now
2022-12-09 15:55:51,659 - DEBUG - Parsing Chromosome GL456354.1 strand - [line 363]
2022-12-09 15:55:51,659 - DEBUG - Done with GL456354.1- [line 398]
2022-12-09 15:55:51,659 - DEBUG - Assigning indexes to genes
2022-12-09 15:55:51,659 - DEBUG - Seen 35 genes until now
2022-12-09 15:55:51,659 - DEBUG - Parsing Chromosome GL456354.1 strand + [line 399]
2022-12-09 15:55:51,659 - DEBUG - Done with GL456354.1+ [line 420]
2022-12-09 15:55:51,659 - DEBUG - Assigning indexes to genes
2022-12-09 15:55:51,659 - DEBUG - Seen 37 genes until now
2022-12-09 15:55:51,659 - DEBUG - Parsing Chromosome JH584292.1 strand + [line 421]
2022-12-09 15:55:51,659 - DEBUG - Done with JH584292.1+ [line 496]
2022-12-09 15:55:51,659 - DEBUG - Assigning indexes to genes
2022-12-09 15:55:51,659 - DEBUG - Seen 38 genes until now
2022-12-09 15:55:51,659 - DEBUG - Parsing Chromosome JH584293.1 strand - [line 497]
2022-12-09 15:55:51,660 - DEBUG - Done with JH584293.1- [line 569]
2022-12-09 15:55:51,660 - DEBUG - Assigning indexes to genes
2022-12-09 15:55:51,660 - DEBUG - Seen 44 genes until now
2022-12-09 15:55:51,660 - DEBUG - Parsing Chromosome JH584293.1 strand + [line 570]
2022-12-09 15:55:51,660 - DEBUG - Done with JH584293.1+ [line 613]
2022-12-09 15:55:51,660 - DEBUG - Assigning indexes to genes
2022-12-09 15:55:51,660 - DEBUG - Seen 47 genes until now
2022-12-09 15:55:51,660 - DEBUG - Parsing Chromosome JH584294.1 strand - [line 614]
2022-12-09 15:55:51,660 - DEBUG - Done with JH584294.1- [line 681]
2022-12-09 15:55:51,660 - DEBUG - Assigning indexes to genes
2022-12-09 15:55:51,660 - DEBUG - Seen 51 genes until now
2022-12-09 15:55:51,660 - DEBUG - Parsing Chromosome JH584294.1 strand + [line 682]
2022-12-09 15:55:51,660 - DEBUG - Done with JH584294.1+ [line 708]
2022-12-09 15:55:51,660 - DEBUG - Assigning indexes to genes
2022-12-09 15:55:51,660 - DEBUG - Seen 53 genes until now
2022-12-09 15:55:51,660 - DEBUG - Parsing Chromosome JH584295.1 strand - [line 709]
2022-12-09 15:55:51,660 - DEBUG - Done with JH584295.1- [line 724]
2022-12-09 15:55:51,660 - DEBUG - Assigning indexes to genes
2022-12-09 15:55:51,660 - DEBUG - Seen 54 genes until now
2022-12-09 15:55:51,660 - DEBUG - Parsing Chromosome JH584296.1 strand - [line 725]
2022-12-09 15:55:51,661 - DEBUG - Done with JH584296.1- [line 755]
2022-12-09 15:55:51,661 - DEBUG - Assigning indexes to genes
2022-12-09 15:55:51,661 - DEBUG - Seen 57 genes until now
2022-12-09 15:55:51,661 - DEBUG - Parsing Chromosome JH584297.1 strand - [line 756]
2022-12-09 15:55:51,661 - DEBUG - Done with JH584297.1- [line 775]
2022-12-09 15:55:51,661 - DEBUG - Assigning indexes to genes
2022-12-09 15:55:51,661 - DEBUG - Seen 59 genes until now
2022-12-09 15:55:51,661 - DEBUG - Parsing Chromosome JH584297.1 strand + [line 776]
2022-12-09 15:55:51,661 - DEBUG - Done with JH584297.1+ [line 784]
2022-12-09 15:55:51,661 - DEBUG - Assigning indexes to genes
2022-12-09 15:55:51,661 - DEBUG - Seen 60 genes until now
2022-12-09 15:55:51,661 - DEBUG - Parsing Chromosome JH584298.1 strand - [line 785]
2022-12-09 15:55:51,661 - DEBUG - Done with JH584298.1- [line 795]
2022-12-09 15:55:51,661 - DEBUG - Assigning indexes to genes
2022-12-09 15:55:51,661 - DEBUG - Seen 61 genes until now
2022-12-09 15:55:51,661 - DEBUG - Parsing Chromosome JH584298.1 strand + [line 796]
2022-12-09 15:55:51,661 - DEBUG - Done with JH584298.1+ [line 817]
2022-12-09 15:55:51,661 - DEBUG - Assigning indexes to genes
2022-12-09 15:55:51,661 - DEBUG - Seen 63 genes until now
2022-12-09 15:55:51,661 - DEBUG - Parsing Chromosome JH584299.1 strand - [line 818]
2022-12-09 15:55:51,661 - DEBUG - Done with JH584299.1- [line 828]
2022-12-09 15:55:51,661 - DEBUG - Assigning indexes to genes
2022-12-09 15:55:51,661 - DEBUG - Seen 64 genes until now
2022-12-09 15:55:51,661 - DEBUG - Parsing Chromosome JH584299.1 strand + [line 829]
2022-12-09 15:55:51,662 - DEBUG - Done with JH584299.1+ [line 950]
2022-12-09 15:55:51,662 - DEBUG - Assigning indexes to genes
2022-12-09 15:55:51,662 - DEBUG - Seen 75 genes until now
2022-12-09 15:55:51,662 - DEBUG - Parsing Chromosome JH584303.1 strand + [line 951]
2022-12-09 15:55:51,662 - DEBUG - Done with JH584303.1+ [line 955]
2022-12-09 15:55:51,662 - DEBUG - Assigning indexes to genes
2022-12-09 15:55:51,662 - DEBUG - Seen 76 genes until now
2022-12-09 15:55:51,662 - DEBUG - Parsing Chromosome JH584304.1 strand - [line 956]
2022-12-09 15:55:51,662 - DEBUG - Done with JH584304.1- [line 988]
2022-12-09 15:55:51,662 - DEBUG - Assigning indexes to genes
2022-12-09 15:55:51,662 - DEBUG - Seen 77 genes until now
2022-12-09 15:55:51,662 - DEBUG - Parsing Chromosome 1 strand - [line 989]
2022-12-09 15:55:51,944 - DEBUG - Done with 1- [line 57063]
2022-12-09 15:55:51,944 - DEBUG - Assigning indexes to genes
2022-12-09 15:55:51,947 - DEBUG - Seen 966 genes until now
2022-12-09 15:55:51,947 - DEBUG - Parsing Chromosome 1 strand + [line 57064]
2022-12-09 15:55:52,095 - DEBUG - Done with 1+ [line 111842]
2022-12-09 15:55:52,095 - DEBUG - Assigning indexes to genes
2022-12-09 15:55:52,098 - DEBUG - Seen 1876 genes until now
2022-12-09 15:55:52,098 - DEBUG - Parsing Chromosome 10 strand - [line 111843]
2022-12-09 15:55:52,315 - DEBUG - Done with 10- [line 152030]
2022-12-09 15:55:52,315 - DEBUG - Assigning indexes to genes
2022-12-09 15:55:52,317 - DEBUG - Seen 2638 genes until now
2022-12-09 15:55:52,317 - DEBUG - Parsing Chromosome 10 strand + [line 152031]
2022-12-09 15:55:52,434 - DEBUG - Done with 10+ [line 194968]
2022-12-09 15:55:52,434 - DEBUG - Assigning indexes to genes
2022-12-09 15:55:52,436 - DEBUG - Seen 3448 genes until now
2022-12-09 15:55:52,436 - DEBUG - Parsing Chromosome 11 strand - [line 194969]
2022-12-09 15:55:52,724 - DEBUG - Done with 11- [line 257480]
2022-12-09 15:55:52,725 - DEBUG - Assigning indexes to genes
2022-12-09 15:55:52,728 - DEBUG - Seen 4518 genes until now
2022-12-09 15:55:52,728 - DEBUG - Parsing Chromosome 11 strand + [line 257481]
2022-12-09 15:55:52,898 - DEBUG - Done with 11+ [line 320172]
2022-12-09 15:55:52,898 - DEBUG - Assigning indexes to genes
2022-12-09 15:55:52,902 - DEBUG - Seen 5535 genes until now
2022-12-09 15:55:52,902 - DEBUG - Parsing Chromosome 12 strand - [line 320173]
2022-12-09 15:55:53,099 - DEBUG - Done with 12- [line 345502]
2022-12-09 15:55:53,099 - DEBUG - Assigning indexes to genes
2022-12-09 15:55:53,101 - DEBUG - Seen 6300 genes until now
2022-12-09 15:55:53,101 - DEBUG - Parsing Chromosome 12 strand + [line 345503]
2022-12-09 15:55:53,201 - DEBUG - Done with 12+ [line 380229]
2022-12-09 15:55:53,202 - DEBUG - Assigning indexes to genes
2022-12-09 15:55:53,203 - DEBUG - Seen 6877 genes until now
2022-12-09 15:55:53,203 - DEBUG - Parsing Chromosome 13 strand - [line 380230]
2022-12-09 15:55:53,298 - DEBUG - Done with 13- [line 414645]
2022-12-09 15:55:53,298 - DEBUG - Assigning indexes to genes
2022-12-09 15:55:53,300 - DEBUG - Seen 7611 genes until now
2022-12-09 15:55:53,300 - DEBUG - Parsing Chromosome 13 strand + [line 414646]
2022-12-09 15:55:53,373 - DEBUG - Done with 13+ [line 441742]
2022-12-09 15:55:53,373 - DEBUG - Assigning indexes to genes
2022-12-09 15:55:53,374 - DEBUG - Seen 8318 genes until now
2022-12-09 15:55:53,374 - DEBUG - Parsing Chromosome 14 strand - [line 441743]
2022-12-09 15:55:53,619 - DEBUG - Done with 14- [line 478634]
2022-12-09 15:55:53,619 - DEBUG - Assigning indexes to genes
2022-12-09 15:55:53,621 - DEBUG - Seen 9014 genes until now
2022-12-09 15:55:53,621 - DEBUG - Parsing Chromosome 14 strand + [line 478635]
2022-12-09 15:55:53,712 - DEBUG - Done with 14+ [line 512401]
2022-12-09 15:55:53,713 - DEBUG - Assigning indexes to genes
2022-12-09 15:55:53,715 - DEBUG - Seen 9849 genes until now
2022-12-09 15:55:53,715 - DEBUG - Parsing Chromosome 15 strand - [line 512402]
2022-12-09 15:55:53,817 - DEBUG - Done with 15- [line 549004]
2022-12-09 15:55:53,817 - DEBUG - Assigning indexes to genes
2022-12-09 15:55:53,819 - DEBUG - Seen 10439 genes until now
2022-12-09 15:55:53,819 - DEBUG - Parsing Chromosome 15 strand + [line 549005]
2022-12-09 15:55:53,906 - DEBUG - Done with 15+ [line 580047]
2022-12-09 15:55:53,906 - DEBUG - Assigning indexes to genes
2022-12-09 15:55:53,908 - DEBUG - Seen 10983 genes until now
2022-12-09 15:55:53,908 - DEBUG - Parsing Chromosome 16 strand - [line 580048]
2022-12-09 15:55:53,983 - DEBUG - Done with 16- [line 607192]
2022-12-09 15:55:53,983 - DEBUG - Assigning indexes to genes
2022-12-09 15:55:53,984 - DEBUG - Seen 11469 genes until now
2022-12-09 15:55:53,984 - DEBUG - Parsing Chromosome 16 strand + [line 607193]
2022-12-09 15:55:54,069 - DEBUG - Done with 16+ [line 637997]
2022-12-09 15:55:54,069 - DEBUG - Assigning indexes to genes
2022-12-09 15:55:54,071 - DEBUG - Seen 11933 genes until now
2022-12-09 15:55:54,071 - DEBUG - Parsing Chromosome 17 strand - [line 637998]
2022-12-09 15:55:54,353 - DEBUG - Done with 17- [line 681830]
2022-12-09 15:55:54,353 - DEBUG - Assigning indexes to genes
2022-12-09 15:55:54,355 - DEBUG - Seen 12652 genes until now
2022-12-09 15:55:54,355 - DEBUG - Parsing Chromosome 17 strand + [line 681831]
2022-12-09 15:55:54,483 - DEBUG - Done with 17+ [line 729330]
2022-12-09 15:55:54,483 - DEBUG - Assigning indexes to genes
2022-12-09 15:55:54,486 - DEBUG - Seen 13379 genes until now
2022-12-09 15:55:54,486 - DEBUG - Parsing Chromosome 18 strand - [line 729331]
2022-12-09 15:55:54,537 - DEBUG - Done with 18- [line 748063]
2022-12-09 15:55:54,537 - DEBUG - Assigning indexes to genes
2022-12-09 15:55:54,538 - DEBUG - Seen 13744 genes until now
2022-12-09 15:55:54,539 - DEBUG - Parsing Chromosome 18 strand + [line 748064]
2022-12-09 15:55:54,610 - DEBUG - Done with 18+ [line 774053]
2022-12-09 15:55:54,610 - DEBUG - Assigning indexes to genes
2022-12-09 15:55:54,611 - DEBUG - Seen 14196 genes until now
2022-12-09 15:55:54,611 - DEBUG - Parsing Chromosome 19 strand - [line 774054]
2022-12-09 15:55:54,700 - DEBUG - Done with 19- [line 806361]
2022-12-09 15:55:54,700 - DEBUG - Assigning indexes to genes
2022-12-09 15:55:54,701 - DEBUG - Seen 14666 genes until now
2022-12-09 15:55:54,701 - DEBUG - Parsing Chromosome 19 strand + [line 806362]
2022-12-09 15:55:54,778 - DEBUG - Done with 19+ [line 834536]
2022-12-09 15:55:54,778 - DEBUG - Assigning indexes to genes
2022-12-09 15:55:54,779 - DEBUG - Seen 15155 genes until now
2022-12-09 15:55:54,779 - DEBUG - Parsing Chromosome 2 strand - [line 834537]
2022-12-09 15:55:55,172 - DEBUG - Done with 2- [line 911094]
2022-12-09 15:55:55,173 - DEBUG - Assigning indexes to genes
2022-12-09 15:55:55,177 - DEBUG - Seen 16361 genes until now
2022-12-09 15:55:55,177 - DEBUG - Parsing Chromosome 2 strand + [line 911095]
2022-12-09 15:55:55,371 - DEBUG - Done with 2+ [line 982171]
2022-12-09 15:55:55,371 - DEBUG - Assigning indexes to genes
2022-12-09 15:55:55,376 - DEBUG - Seen 17581 genes until now
2022-12-09 15:55:55,376 - DEBUG - Parsing Chromosome 3 strand - [line 982172]
2022-12-09 15:55:55,481 - DEBUG - Done with 3- [line 1021471]
2022-12-09 15:55:55,481 - DEBUG - Assigning indexes to genes
2022-12-09 15:55:55,483 - DEBUG - Seen 18356 genes until now
2022-12-09 15:55:55,483 - DEBUG - Parsing Chromosome 3 strand + [line 1021472]
2022-12-09 15:55:55,600 - DEBUG - Done with 3+ [line 1065065]
2022-12-09 15:55:55,600 - DEBUG - Assigning indexes to genes
2022-12-09 15:55:55,603 - DEBUG - Seen 19102 genes until now
2022-12-09 15:55:55,603 - DEBUG - Parsing Chromosome 4 strand - [line 1065066]
2022-12-09 15:55:55,743 - DEBUG - Done with 4- [line 1117209]
2022-12-09 15:55:55,743 - DEBUG - Assigning indexes to genes
2022-12-09 15:55:55,746 - DEBUG - Seen 19972 genes until now
2022-12-09 15:55:55,746 - DEBUG - Parsing Chromosome 4 strand + [line 1117210]
2022-12-09 15:55:55,882 - DEBUG - Done with 4+ [line 1167049]
2022-12-09 15:55:55,882 - DEBUG - Assigning indexes to genes
2022-12-09 15:55:55,885 - DEBUG - Seen 20848 genes until now
2022-12-09 15:55:55,885 - DEBUG - Parsing Chromosome 5 strand - [line 1167050]
2022-12-09 15:55:56,261 - DEBUG - Done with 5- [line 1225395]
2022-12-09 15:55:56,261 - DEBUG - Assigning indexes to genes
2022-12-09 15:55:56,264 - DEBUG - Seen 21762 genes until now
2022-12-09 15:55:56,264 - DEBUG - Parsing Chromosome 5 strand + [line 1225396]
2022-12-09 15:55:56,426 - DEBUG - Done with 5+ [line 1284505]
2022-12-09 15:55:56,426 - DEBUG - Assigning indexes to genes
2022-12-09 15:55:56,430 - DEBUG - Seen 22701 genes until now
2022-12-09 15:55:56,430 - DEBUG - Parsing Chromosome 6 strand - [line 1284506]
2022-12-09 15:55:56,552 - DEBUG - Done with 6- [line 1330066]
2022-12-09 15:55:56,552 - DEBUG - Assigning indexes to genes
2022-12-09 15:55:56,554 - DEBUG - Seen 23564 genes until now
2022-12-09 15:55:56,554 - DEBUG - Parsing Chromosome 6 strand + [line 1330067]
2022-12-09 15:55:56,686 - DEBUG - Done with 6+ [line 1378331]
2022-12-09 15:55:56,686 - DEBUG - Assigning indexes to genes
2022-12-09 15:55:56,689 - DEBUG - Seen 24493 genes until now
2022-12-09 15:55:56,689 - DEBUG - Parsing Chromosome 7 strand - [line 1378332]
2022-12-09 15:55:56,885 - DEBUG - Done with 7- [line 1452549]
2022-12-09 15:55:56,886 - DEBUG - Assigning indexes to genes
2022-12-09 15:55:56,890 - DEBUG - Seen 25855 genes until now
2022-12-09 15:55:56,890 - DEBUG - Parsing Chromosome 7 strand + [line 1452550]
2022-12-09 15:55:57,078 - DEBUG - Done with 7+ [line 1523678]
2022-12-09 15:55:57,078 - DEBUG - Assigning indexes to genes
2022-12-09 15:55:57,082 - DEBUG - Seen 27096 genes until now
2022-12-09 15:55:57,082 - DEBUG - Parsing Chromosome 8 strand - [line 1523679]
2022-12-09 15:55:57,430 - DEBUG - Done with 8- [line 1559719]
2022-12-09 15:55:57,430 - DEBUG - Assigning indexes to genes
2022-12-09 15:55:57,432 - DEBUG - Seen 27820 genes until now
2022-12-09 15:55:57,432 - DEBUG - Parsing Chromosome 8 strand + [line 1559720]
2022-12-09 15:55:57,559 - DEBUG - Done with 8+ [line 1606795]
2022-12-09 15:55:57,559 - DEBUG - Assigning indexes to genes
2022-12-09 15:55:57,562 - DEBUG - Seen 28656 genes until now
2022-12-09 15:55:57,562 - DEBUG - Parsing Chromosome 9 strand - [line 1606796]
2022-12-09 15:55:57,703 - DEBUG - Done with 9- [line 1658478]
2022-12-09 15:55:57,703 - DEBUG - Assigning indexes to genes
2022-12-09 15:55:57,705 - DEBUG - Seen 29510 genes until now
2022-12-09 15:55:57,706 - DEBUG - Parsing Chromosome 9 strand + [line 1658479]
2022-12-09 15:55:57,851 - DEBUG - Done with 9+ [line 1712094]
2022-12-09 15:55:57,851 - DEBUG - Assigning indexes to genes
2022-12-09 15:55:57,854 - DEBUG - Seen 30441 genes until now
2022-12-09 15:55:57,854 - DEBUG - Parsing Chromosome M strand - [line 1712095]
2022-12-09 15:55:57,854 - DEBUG - Done with M- [line 1712101]
2022-12-09 15:55:57,854 - DEBUG - Assigning indexes to genes
2022-12-09 15:55:57,854 - DEBUG - Seen 30442 genes until now
2022-12-09 15:55:57,854 - DEBUG - Parsing Chromosome M strand + [line 1712102]
2022-12-09 15:55:57,854 - DEBUG - Done with M+ [line 1712175]
2022-12-09 15:55:57,854 - DEBUG - Assigning indexes to genes
2022-12-09 15:55:57,854 - DEBUG - Seen 30454 genes until now
2022-12-09 15:55:57,854 - DEBUG - Parsing Chromosome X strand - [line 1712176]
2022-12-09 15:55:57,928 - DEBUG - Done with X- [line 1739781]
2022-12-09 15:55:57,928 - DEBUG - Assigning indexes to genes
2022-12-09 15:55:57,929 - DEBUG - Seen 30981 genes until now
2022-12-09 15:55:57,929 - DEBUG - Parsing Chromosome X strand + [line 1739782]
2022-12-09 15:55:58,011 - DEBUG - Done with X+ [line 1770751]
2022-12-09 15:55:58,011 - DEBUG - Assigning indexes to genes
2022-12-09 15:55:58,013 - DEBUG - Seen 31560 genes until now
2022-12-09 15:55:58,013 - DEBUG - Parsing Chromosome Y strand - [line 1770752]
2022-12-09 15:55:58,026 - DEBUG - Done with Y- [line 1775246]
2022-12-09 15:55:58,026 - DEBUG - Assigning indexes to genes
2022-12-09 15:55:58,027 - DEBUG - Seen 31897 genes until now
2022-12-09 15:55:58,027 - DEBUG - Parsing Chromosome Y strand + [line 1775247]
2022-12-09 15:55:58,042 - DEBUG - Assigning indexes to genes
2022-12-09 15:55:58,043 - DEBUG - Done with Y+ [line 1780453]
2022-12-09 15:55:58,043 - DEBUG - Fixing corner cases of transcript models containg intron longer than 1000Kbp
2022-12-09 15:55:58,682 - DEBUG - Generated 1492231 features corresponding to 118153 transcript models from /research/peer/fdeckert/FD20200109SPLENO/data/annotation/mm10/cellranger/mm10-2020-A_build/gencode.vM23.primary_assembly.annotation.gtf.filtered
2022-12-09 15:55:58,694 - INFO - Scan /research/peer/fdeckert/FD20200109SPLENO/data/BSA_0355_SM01_10x_SPLENO/OUT/COUNT/M8_control_Prog_transcriptome/possorted_genome_bam.bam to validate intron intervals
2022-12-09 15:56:00,100 - DEBUG - Reading /research/peer/fdeckert/FD20200109SPLENO/data/BSA_0355_SM01_10x_SPLENO/OUT/COUNT/M8_control_Prog_transcriptome/possorted_genome_bam.bam
2022-12-09 15:56:00,109 - DEBUG - Read first 0 million reads
2022-12-09 15:56:00,111 - DEBUG - Marking up chromosome 1
2022-12-09 15:56:17,854 - DEBUG - Marking up chromosome 10
2022-12-09 15:56:32,547 - DEBUG - Marking up chromosome 11
2022-12-09 15:56:50,510 - DEBUG - Read first 10 million reads
2022-12-09 15:56:58,076 - DEBUG - Marking up chromosome 12
2022-12-09 15:57:08,834 - DEBUG - Marking up chromosome 13
2022-12-09 15:57:20,006 - DEBUG - Marking up chromosome 14
2022-12-09 15:57:29,917 - DEBUG - Marking up chromosome 15
2022-12-09 15:57:40,984 - DEBUG - Marking up chromosome 16
2022-12-09 15:57:42,065 - DEBUG - Read first 20 million reads
2022-12-09 15:57:48,996 - DEBUG - Marking up chromosome 17
2022-12-09 15:58:06,377 - DEBUG - Marking up chromosome 18
2022-12-09 15:58:13,814 - DEBUG - Marking up chromosome 19
2022-12-09 15:58:24,812 - DEBUG - Marking up chromosome 2
2022-12-09 15:58:37,217 - DEBUG - Read first 30 million reads
2022-12-09 15:58:44,024 - DEBUG - Marking up chromosome 3
2022-12-09 15:58:57,221 - DEBUG - Marking up chromosome 4
2022-12-09 15:59:15,365 - DEBUG - Marking up chromosome 5
2022-12-09 15:59:30,504 - DEBUG - Read first 40 million reads
2022-12-09 15:59:33,403 - DEBUG - Marking up chromosome 6
2022-12-09 15:59:48,844 - DEBUG - Marking up chromosome 7
2022-12-09 16:00:16,198 - DEBUG - Marking up chromosome 8
2022-12-09 16:00:25,226 - DEBUG - Read first 50 million reads
2022-12-09 16:00:29,841 - DEBUG - Marking up chromosome 9
2022-12-09 16:00:47,284 - DEBUG - Marking up chromosome MT
2022-12-09 16:00:47,284 - WARNING - The .bam file refers to a chromosome 'MT+' not present in the annotation (.gtf) file
2022-12-09 16:00:47,284 - WARNING - The .bam file refers to a chromosome 'MT-' not present in the annotation (.gtf) file
2022-12-09 16:00:53,915 - DEBUG - Marking up chromosome X
2022-12-09 16:01:02,527 - DEBUG - Marking up chromosome Y
2022-12-09 16:01:03,106 - DEBUG - Marking up chromosome JH584299.1
2022-12-09 16:01:03,107 - DEBUG - Marking up chromosome GL456233.1
2022-12-09 16:01:03,118 - DEBUG - Marking up chromosome JH584301.1
2022-12-09 16:01:03,118 - WARNING - The .bam file refers to a chromosome 'JH584301.1+' not present in the annotation (.gtf) file
2022-12-09 16:01:03,118 - WARNING - The .bam file refers to a chromosome 'JH584301.1-' not present in the annotation (.gtf) file
2022-12-09 16:01:03,118 - DEBUG - Marking up chromosome GL456211.1
2022-12-09 16:01:03,121 - DEBUG - Marking up chromosome GL456221.1
2022-12-09 16:01:03,122 - DEBUG - Marking up chromosome JH584297.1
2022-12-09 16:01:03,123 - DEBUG - Marking up chromosome GL456354.1
2022-12-09 16:01:03,124 - DEBUG - Marking up chromosome JH584298.1
2022-12-09 16:01:03,124 - DEBUG - Marking up chromosome JH584300.1
2022-12-09 16:01:03,124 - WARNING - The .bam file refers to a chromosome 'JH584300.1+' not present in the annotation (.gtf) file
2022-12-09 16:01:03,124 - WARNING - The .bam file refers to a chromosome 'JH584300.1-' not present in the annotation (.gtf) file
2022-12-09 16:01:03,146 - DEBUG - Marking up chromosome GL456210.1
2022-12-09 16:01:03,147 - DEBUG - Marking up chromosome GL456212.1
2022-12-09 16:01:03,147 - WARNING - The .bam file refers to a chromosome 'GL456212.1+' not present in the annotation (.gtf) file
2022-12-09 16:01:03,148 - DEBUG - Marking up chromosome JH584304.1
2022-12-09 16:01:03,148 - WARNING - The .bam file refers to a chromosome 'JH584304.1+' not present in the annotation (.gtf) file
2022-12-09 16:01:03,208 - DEBUG - Marking up chromosome GL456379.1
2022-12-09 16:01:03,208 - WARNING - The .bam file refers to a chromosome 'GL456379.1+' not present in the annotation (.gtf) file
2022-12-09 16:01:03,208 - WARNING - The .bam file refers to a chromosome 'GL456379.1-' not present in the annotation (.gtf) file
2022-12-09 16:01:03,208 - DEBUG - Marking up chromosome GL456216.1
2022-12-09 16:01:03,208 - WARNING - The .bam file refers to a chromosome 'GL456216.1-' not present in the annotation (.gtf) file
2022-12-09 16:01:03,223 - DEBUG - Marking up chromosome GL456366.1
2022-12-09 16:01:03,223 - WARNING - The .bam file refers to a chromosome 'GL456366.1+' not present in the annotation (.gtf) file
2022-12-09 16:01:03,223 - WARNING - The .bam file refers to a chromosome 'GL456366.1-' not present in the annotation (.gtf) file
2022-12-09 16:01:03,224 - DEBUG - Marking up chromosome GL456383.1
2022-12-09 16:01:03,224 - WARNING - The .bam file refers to a chromosome 'GL456383.1+' not present in the annotation (.gtf) file
2022-12-09 16:01:03,224 - WARNING - The .bam file refers to a chromosome 'GL456383.1-' not present in the annotation (.gtf) file
2022-12-09 16:01:03,224 - DEBUG - Marking up chromosome GL456360.1
2022-12-09 16:01:03,224 - WARNING - The .bam file refers to a chromosome 'GL456360.1+' not present in the annotation (.gtf) file
2022-12-09 16:01:03,224 - WARNING - The .bam file refers to a chromosome 'GL456360.1-' not present in the annotation (.gtf) file
2022-12-09 16:01:03,224 - DEBUG - Marking up chromosome GL456378.1
2022-12-09 16:01:03,224 - WARNING - The .bam file refers to a chromosome 'GL456378.1+' not present in the annotation (.gtf) file
2022-12-09 16:01:03,224 - WARNING - The .bam file refers to a chromosome 'GL456378.1-' not present in the annotation (.gtf) file
2022-12-09 16:01:03,225 - DEBUG - Marking up chromosome GL456372.1
2022-12-09 16:01:03,225 - WARNING - The .bam file refers to a chromosome 'GL456372.1+' not present in the annotation (.gtf) file
2022-12-09 16:01:03,225 - WARNING - The .bam file refers to a chromosome 'GL456372.1-' not present in the annotation (.gtf) file
2022-12-09 16:01:03,225 - DEBUG - Marking up chromosome GL456370.1
2022-12-09 16:01:03,225 - WARNING - The .bam file refers to a chromosome 'GL456370.1+' not present in the annotation (.gtf) file
2022-12-09 16:01:03,225 - WARNING - The .bam file refers to a chromosome 'GL456370.1-' not present in the annotation (.gtf) file
2022-12-09 16:01:03,227 - DEBUG - Marking up chromosome GL456390.1
2022-12-09 16:01:03,227 - WARNING - The .bam file refers to a chromosome 'GL456390.1+' not present in the annotation (.gtf) file
2022-12-09 16:01:03,227 - WARNING - The .bam file refers to a chromosome 'GL456390.1-' not present in the annotation (.gtf) file
2022-12-09 16:01:03,227 - DEBUG - Marking up chromosome GL456382.1
2022-12-09 16:01:03,228 - WARNING - The .bam file refers to a chromosome 'GL456382.1+' not present in the annotation (.gtf) file
2022-12-09 16:01:03,228 - WARNING - The .bam file refers to a chromosome 'GL456382.1-' not present in the annotation (.gtf) file
2022-12-09 16:01:03,294 - DEBUG - Marking up chromosome GL456359.1
2022-12-09 16:01:03,294 - WARNING - The .bam file refers to a chromosome 'GL456359.1+' not present in the annotation (.gtf) file
2022-12-09 16:01:03,294 - WARNING - The .bam file refers to a chromosome 'GL456359.1-' not present in the annotation (.gtf) file
2022-12-09 16:01:03,295 - DEBUG - Marking up chromosome JH584295.1
2022-12-09 16:01:03,295 - WARNING - The .bam file refers to a chromosome 'JH584295.1+' not present in the annotation (.gtf) file
2022-12-09 16:01:06,530 - DEBUG - Read first 60 million reads
2022-12-09 16:01:22,655 - DEBUG - End of file. Reset index: start scanning from initial position.
2022-12-09 16:01:22,656 - DEBUG - 1047467 reads were skipped because no apropiate cell or umi barcode was found
2022-12-09 16:01:22,656 - DEBUG - Start molecule counting!
2022-12-09 16:01:24,008 - DEBUG - Features available for chromosomes : ['GL456210.1-', 'GL456210.1+', 'GL456211.1-', 'GL456211.1+', 'GL456212.1-', 'GL456216.1+', 'GL456219.1-', 'GL456221.1-', 'GL456221.1+', 'GL456233.1-', 'GL456233.1+', 'GL456350.1-', 'GL456354.1-', 'GL456354.1+', 'JH584292.1+', 'JH584293.1-', 'JH584293.1+', 'JH584294.1-', 'JH584294.1+', 'JH584295.1-', 'JH584296.1-', 'JH584297.1-', 'JH584297.1+', 'JH584298.1-', 'JH584298.1+', 'JH584299.1-', 'JH584299.1+', 'JH584303.1+', 'JH584304.1-', '1-', '1+', '10-', '10+', '11-', '11+', '12-', '12+', '13-', '13+', '14-', '14+', '15-', '15+', '16-', '16+', '17-', '17+', '18-', '18+', '19-', '19+', '2-', '2+', '3-', '3+', '4-', '4+', '5-', '5+', '6-', '6+', '7-', '7+', '8-', '8+', '9-', '9+', 'M-', 'M+', 'X-', 'X+', 'Y-', 'Y+']
2022-12-09 16:01:24,008 - DEBUG - Mask available for chromosomes : []
2022-12-09 16:01:24,008 - DEBUG - Summarizing the results of intron validation.
2022-12-09 16:01:24,224 - DEBUG - Validated 140522 introns (of which unique intervals 53129) out of 687039 total possible introns (considering each possible transcript models).
2022-12-09 16:01:24,224 - DEBUG - Reading /research/peer/fdeckert/FD20200109SPLENO/data/BSA_0355_SM01_10x_SPLENO/OUT/COUNT/M8_control_Prog_transcriptome/cellsorted_possorted_genome_bam.bam
2022-12-09 16:01:24,260 - DEBUG - Read first 0 million reads
2022-12-09 16:01:35,062 - DEBUG - Counting for batch 1, containing 100 cells and 433304 reads
2022-12-09 16:01:44,256 - DEBUG - 0 reads not considered because fully enclosed in repeat masked regions
2022-12-09 16:01:51,980 - DEBUG - Counting for batch 2, containing 100 cells and 459980 reads
2022-12-09 16:02:02,595 - DEBUG - 0 reads not considered because fully enclosed in repeat masked regions
2022-12-09 16:02:09,785 - DEBUG - Counting for batch 3, containing 100 cells and 443572 reads
2022-12-09 16:02:19,309 - DEBUG - 0 reads not considered because fully enclosed in repeat masked regions
2022-12-09 16:02:26,884 - DEBUG - Counting for batch 4, containing 100 cells and 450597 reads
2022-12-09 16:02:36,238 - DEBUG - 0 reads not considered because fully enclosed in repeat masked regions
2022-12-09 16:02:44,817 - DEBUG - Counting for batch 5, containing 100 cells and 504685 reads
2022-12-09 16:02:56,150 - DEBUG - 0 reads not considered because fully enclosed in repeat masked regions
2022-12-09 16:03:03,522 - DEBUG - Counting for batch 6, containing 100 cells and 410368 reads
2022-12-09 16:03:12,397 - DEBUG - 0 reads not considered because fully enclosed in repeat masked regions
2022-12-09 16:03:19,763 - DEBUG - Counting for batch 7, containing 100 cells and 440344 reads
2022-12-09 16:03:29,009 - DEBUG - 0 reads not considered because fully enclosed in repeat masked regions
2022-12-09 16:03:34,060 - DEBUG - Read first 10 million reads
2022-12-09 16:03:36,553 - DEBUG - Counting for batch 8, containing 100 cells and 420327 reads
2022-12-09 16:03:46,207 - DEBUG - 0 reads not considered because fully enclosed in repeat masked regions
2022-12-09 16:03:52,763 - DEBUG - Counting for batch 9, containing 100 cells and 387918 reads
2022-12-09 16:04:01,170 - DEBUG - 0 reads not considered because fully enclosed in repeat masked regions
2022-12-09 16:04:08,241 - DEBUG - Counting for batch 10, containing 100 cells and 425827 reads
2022-12-09 16:04:18,051 - DEBUG - 0 reads not considered because fully enclosed in repeat masked regions
2022-12-09 16:04:25,032 - DEBUG - Counting for batch 11, containing 100 cells and 422350 reads
2022-12-09 16:04:34,009 - DEBUG - 0 reads not considered because fully enclosed in repeat masked regions
2022-12-09 16:04:41,632 - DEBUG - Counting for batch 12, containing 100 cells and 465253 reads
2022-12-09 16:04:51,280 - DEBUG - 0 reads not considered because fully enclosed in repeat masked regions
2022-12-09 16:04:58,379 - DEBUG - Counting for batch 13, containing 100 cells and 382450 reads
2022-12-09 16:05:07,265 - DEBUG - 0 reads not considered because fully enclosed in repeat masked regions
2022-12-09 16:05:14,041 - DEBUG - Counting for batch 14, containing 100 cells and 461338 reads
2022-12-09 16:05:24,475 - DEBUG - 0 reads not considered because fully enclosed in repeat masked regions
2022-12-09 16:05:31,850 - DEBUG - Counting for batch 15, containing 100 cells and 453291 reads
2022-12-09 16:05:41,556 - DEBUG - 0 reads not considered because fully enclosed in repeat masked regions
2022-12-09 16:05:49,263 - DEBUG - Counting for batch 16, containing 100 cells and 451143 reads
2022-12-09 16:05:59,357 - DEBUG - 0 reads not considered because fully enclosed in repeat masked regions
2022-12-09 16:06:05,812 - DEBUG - Read first 20 million reads
2022-12-09 16:06:07,334 - DEBUG - Counting for batch 17, containing 100 cells and 483319 reads
2022-12-09 16:06:17,376 - DEBUG - 0 reads not considered because fully enclosed in repeat masked regions
2022-12-09 16:06:25,494 - DEBUG - Counting for batch 18, containing 100 cells and 436926 reads
2022-12-09 16:06:34,709 - DEBUG - 0 reads not considered because fully enclosed in repeat masked regions
2022-12-09 16:06:41,945 - DEBUG - Counting for batch 19, containing 100 cells and 424607 reads
2022-12-09 16:06:50,931 - DEBUG - 0 reads not considered because fully enclosed in repeat masked regions
2022-12-09 16:06:59,510 - DEBUG - Counting for batch 20, containing 100 cells and 523278 reads
2022-12-09 16:07:11,117 - DEBUG - 0 reads not considered because fully enclosed in repeat masked regions
2022-12-09 16:07:18,279 - DEBUG - Counting for batch 21, containing 100 cells and 414227 reads
2022-12-09 16:07:27,051 - DEBUG - 0 reads not considered because fully enclosed in repeat masked regions
2022-12-09 16:07:33,908 - DEBUG - Counting for batch 22, containing 100 cells and 434695 reads
2022-12-09 16:07:43,593 - DEBUG - 0 reads not considered because fully enclosed in repeat masked regions
2022-12-09 16:07:50,634 - DEBUG - Counting for batch 23, containing 100 cells and 436520 reads
2022-12-09 16:08:00,571 - DEBUG - 0 reads not considered because fully enclosed in repeat masked regions
2022-12-09 16:08:08,018 - DEBUG - Counting for batch 24, containing 100 cells and 438837 reads
2022-12-09 16:08:17,312 - DEBUG - 0 reads not considered because fully enclosed in repeat masked regions
2022-12-09 16:08:25,116 - DEBUG - Counting for batch 25, containing 100 cells and 463347 reads
2022-12-09 16:08:34,813 - DEBUG - 0 reads not considered because fully enclosed in repeat masked regions
2022-12-09 16:08:42,894 - DEBUG - Counting for batch 26, containing 100 cells and 431381 reads
2022-12-09 16:08:51,868 - DEBUG - 0 reads not considered because fully enclosed in repeat masked regions
2022-12-09 16:08:54,187 - DEBUG - Read first 30 million reads
2022-12-09 16:08:59,268 - DEBUG - Counting for batch 27, containing 100 cells and 425962 reads
2022-12-09 16:09:08,340 - DEBUG - 0 reads not considered because fully enclosed in repeat masked regions
2022-12-09 16:09:15,577 - DEBUG - Counting for batch 28, containing 100 cells and 416865 reads
2022-12-09 16:09:24,342 - DEBUG - 0 reads not considered because fully enclosed in repeat masked regions
2022-12-09 16:09:31,941 - DEBUG - Counting for batch 29, containing 100 cells and 447677 reads
2022-12-09 16:09:41,998 - DEBUG - 0 reads not considered because fully enclosed in repeat masked regions
2022-12-09 16:09:49,624 - DEBUG - Counting for batch 30, containing 100 cells and 430705 reads
2022-12-09 16:09:58,826 - DEBUG - 0 reads not considered because fully enclosed in repeat masked regions
2022-12-09 16:10:05,929 - DEBUG - Counting for batch 31, containing 100 cells and 397816 reads
2022-12-09 16:10:14,426 - DEBUG - 0 reads not considered because fully enclosed in repeat masked regions
2022-12-09 16:10:22,077 - DEBUG - Counting for batch 32, containing 100 cells and 480012 reads
2022-12-09 16:10:32,894 - DEBUG - 0 reads not considered because fully enclosed in repeat masked regions
2022-12-09 16:10:40,128 - DEBUG - Counting for batch 33, containing 100 cells and 431437 reads
2022-12-09 16:10:49,218 - DEBUG - 0 reads not considered because fully enclosed in repeat masked regions
2022-12-09 16:10:57,075 - DEBUG - Counting for batch 34, containing 100 cells and 425611 reads
2022-12-09 16:11:06,258 - DEBUG - 0 reads not considered because fully enclosed in repeat masked regions
2022-12-09 16:11:13,683 - DEBUG - Counting for batch 35, containing 100 cells and 436498 reads
2022-12-09 16:11:23,457 - DEBUG - 0 reads not considered because fully enclosed in repeat masked regions
2022-12-09 16:11:26,672 - DEBUG - Read first 40 million reads
2022-12-09 16:11:30,576 - DEBUG - Counting for batch 36, containing 100 cells and 456339 reads
2022-12-09 16:11:40,057 - DEBUG - 0 reads not considered because fully enclosed in repeat masked regions
2022-12-09 16:11:47,749 - DEBUG - Counting for batch 37, containing 100 cells and 389576 reads
2022-12-09 16:11:56,029 - DEBUG - 0 reads not considered because fully enclosed in repeat masked regions
2022-12-09 16:12:02,730 - DEBUG - Counting for batch 38, containing 100 cells and 431929 reads
2022-12-09 16:12:12,449 - DEBUG - 0 reads not considered because fully enclosed in repeat masked regions
2022-12-09 16:12:19,360 - DEBUG - Counting for batch 39, containing 100 cells and 443680 reads
2022-12-09 16:12:29,384 - DEBUG - 0 reads not considered because fully enclosed in repeat masked regions
2022-12-09 16:12:36,545 - DEBUG - Counting for batch 40, containing 100 cells and 433202 reads
2022-12-09 16:12:45,763 - DEBUG - 0 reads not considered because fully enclosed in repeat masked regions
2022-12-09 16:12:53,804 - DEBUG - Counting for batch 41, containing 100 cells and 454931 reads
2022-12-09 16:13:03,207 - DEBUG - 0 reads not considered because fully enclosed in repeat masked regions
2022-12-09 16:13:10,969 - DEBUG - Counting for batch 42, containing 100 cells and 427676 reads
2022-12-09 16:13:19,991 - DEBUG - 0 reads not considered because fully enclosed in repeat masked regions
2022-12-09 16:13:27,123 - DEBUG - Counting for batch 43, containing 100 cells and 414469 reads
2022-12-09 16:13:35,924 - DEBUG - 0 reads not considered because fully enclosed in repeat masked regions
2022-12-09 16:13:43,671 - DEBUG - Counting for batch 44, containing 100 cells and 406668 reads
2022-12-09 16:13:52,371 - DEBUG - 0 reads not considered because fully enclosed in repeat masked regions
2022-12-09 16:13:57,101 - DEBUG - Read first 50 million reads
2022-12-09 16:13:59,475 - DEBUG - Counting for batch 45, containing 100 cells and 422511 reads
2022-12-09 16:14:08,394 - DEBUG - 0 reads not considered because fully enclosed in repeat masked regions
2022-12-09 16:14:15,764 - DEBUG - Counting for batch 46, containing 100 cells and 431958 reads
2022-12-09 16:14:25,818 - DEBUG - 0 reads not considered because fully enclosed in repeat masked regions
2022-12-09 16:14:32,613 - DEBUG - Counting for batch 47, containing 100 cells and 421583 reads
2022-12-09 16:14:41,489 - DEBUG - 0 reads not considered because fully enclosed in repeat masked regions
2022-12-09 16:14:48,549 - DEBUG - Counting for batch 48, containing 100 cells and 399880 reads
2022-12-09 16:14:56,929 - DEBUG - 0 reads not considered because fully enclosed in repeat masked regions
2022-12-09 16:15:03,491 - DEBUG - Counting for batch 49, containing 100 cells and 357715 reads
2022-12-09 16:15:11,219 - DEBUG - 0 reads not considered because fully enclosed in repeat masked regions
2022-12-09 16:15:18,013 - DEBUG - Counting for batch 50, containing 100 cells and 419463 reads
2022-12-09 16:15:26,784 - DEBUG - 0 reads not considered because fully enclosed in repeat masked regions
2022-12-09 16:15:34,519 - DEBUG - Counting for batch 51, containing 100 cells and 437796 reads
2022-12-09 16:15:43,700 - DEBUG - 0 reads not considered because fully enclosed in repeat masked regions
2022-12-09 16:15:51,732 - DEBUG - Counting for batch 52, containing 100 cells and 443626 reads
2022-12-09 16:16:01,294 - DEBUG - 0 reads not considered because fully enclosed in repeat masked regions
2022-12-09 16:16:08,925 - DEBUG - Counting for batch 53, containing 100 cells and 455478 reads
2022-12-09 16:16:18,380 - DEBUG - 0 reads not considered because fully enclosed in repeat masked regions
2022-12-09 16:16:26,119 - DEBUG - Counting for batch 54, containing 100 cells and 400274 reads
2022-12-09 16:16:34,719 - DEBUG - 0 reads not considered because fully enclosed in repeat masked regions
2022-12-09 16:16:37,698 - DEBUG - Read first 60 million reads
2022-12-09 16:16:41,573 - DEBUG - Counting for batch 55, containing 100 cells and 385883 reads
2022-12-09 16:16:49,775 - DEBUG - 0 reads not considered because fully enclosed in repeat masked regions
2022-12-09 16:16:57,100 - DEBUG - Counting for batch 56, containing 100 cells and 448367 reads
2022-12-09 16:17:06,645 - DEBUG - 0 reads not considered because fully enclosed in repeat masked regions
2022-12-09 16:17:14,691 - DEBUG - Counting for batch 57, containing 100 cells and 442447 reads
2022-12-09 16:17:24,009 - DEBUG - 0 reads not considered because fully enclosed in repeat masked regions
2022-12-09 16:17:31,459 - DEBUG - Counting for batch 58, containing 100 cells and 432121 reads
2022-12-09 16:17:41,280 - DEBUG - 0 reads not considered because fully enclosed in repeat masked regions
2022-12-09 16:17:47,925 - DEBUG - Counting for batch 59, containing 100 cells and 397987 reads
2022-12-09 16:17:56,341 - DEBUG - 0 reads not considered because fully enclosed in repeat masked regions
2022-12-09 16:18:03,687 - DEBUG - Counting for batch 60, containing 100 cells and 417427 reads
2022-12-09 16:18:12,631 - DEBUG - 0 reads not considered because fully enclosed in repeat masked regions
2022-12-09 16:18:19,878 - DEBUG - Counting for batch 61, containing 100 cells and 430985 reads
2022-12-09 16:18:28,955 - DEBUG - 0 reads not considered because fully enclosed in repeat masked regions
2022-12-09 16:18:35,563 - DEBUG - Counting for batch 62, containing 100 cells and 353631 reads
2022-12-09 16:18:43,091 - DEBUG - 0 reads not considered because fully enclosed in repeat masked regions
2022-12-09 16:18:49,311 - DEBUG - Counting for batch 63, containing 100 cells and 368280 reads
2022-12-09 16:18:57,297 - DEBUG - 0 reads not considered because fully enclosed in repeat masked regions
2022-12-09 16:19:00,335 - DEBUG - Counting for batch 64, containing 20 cells and 103802 reads
2022-12-09 16:19:03,145 - DEBUG - 0 reads not considered because fully enclosed in repeat masked regions
2022-12-09 16:19:03,708 - DEBUG - 1047467 reads were skipped because no apropiate cell or umi barcode was found
2022-12-09 16:19:03,708 - DEBUG - Counting done!
2022-12-09 16:19:03,714 - DEBUG - Generating output file data/BSA_0355_SM01_10x_SPLENO/OUT/COUNT/M8_control_Prog_transcriptome/velocyto.loom
2022-12-09 16:19:03,714 - DEBUG - Collecting row attributes
2022-12-09 16:19:03,771 - DEBUG - Generating data table
2022-12-09 16:19:04,476 - DEBUG - Writing loom file
2022-12-09 16:19:05,163 - DEBUG - Creating converter from 5 to 3
2022-12-09 16:19:05,165 - DEBUG - Creating converter from 3 to 5
2022-12-09 16:19:12,675 - DEBUG - Terminated Succesfully!
