2022-12-09 15:55:47,591 - DEBUG - Using logic: Permissive10X
2022-12-09 15:55:47,605 - INFO - Read 3011 cell barcodes from /research/peer/fdeckert/FD20200109SPLENO/data/BSA_0355_SM01_10x_SPLENO/OUT/COUNT/M6_control_Mac_transcriptome/filtered_feature_bc_matrix/barcodes.tsv.gz
2022-12-09 15:55:47,605 - DEBUG - Example of barcode: AAACCCACACCCAAGC and cell_id: velocyto:AAACCCACACCCAAGC-1
2022-12-09 15:55:47,617 - DEBUG - Peeking into /research/peer/fdeckert/FD20200109SPLENO/data/BSA_0355_SM01_10x_SPLENO/OUT/COUNT/M6_control_Mac_transcriptome/possorted_genome_bam.bam
2022-12-09 15:55:47,764 - WARNING - Not found cell and umi barcode in entry 28 of the bam file
2022-12-09 15:55:47,764 - WARNING - Not found cell and umi barcode in entry 65 of the bam file
2022-12-09 15:55:47,765 - WARNING - Not found cell and umi barcode in entry 215 of the bam file
2022-12-09 15:55:47,776 - WARNING - Not found cell and umi barcode in entry 303 of the bam file
2022-12-09 15:55:47,776 - WARNING - Not found cell and umi barcode in entry 431 of the bam file
2022-12-09 15:55:47,776 - WARNING - Not found cell and umi barcode in entry 467 of the bam file
2022-12-09 15:55:47,776 - WARNING - Not found cell and umi barcode in entry 468 of the bam file
2022-12-09 15:55:47,776 - WARNING - Not found cell and umi barcode in entry 469 of the bam file
2022-12-09 15:55:47,776 - WARNING - Not found cell and umi barcode in entry 492 of the bam file
2022-12-09 15:55:47,776 - WARNING - Not found cell and umi barcode in entry 518 of the bam file
2022-12-09 15:55:47,776 - WARNING - Not found cell and umi barcode in entry 555 of the bam file
2022-12-09 15:55:47,822 - WARNING - Not found cell and umi barcode in entry 588 of the bam file
2022-12-09 15:55:47,822 - WARNING - Not found cell and umi barcode in entry 675 of the bam file
2022-12-09 15:55:47,822 - WARNING - Not found cell and umi barcode in entry 676 of the bam file
2022-12-09 15:55:47,822 - WARNING - Not found cell and umi barcode in entry 682 of the bam file
2022-12-09 15:55:47,822 - WARNING - Not found cell and umi barcode in entry 709 of the bam file
2022-12-09 15:55:47,822 - WARNING - Not found cell and umi barcode in entry 750 of the bam file
2022-12-09 15:55:47,822 - WARNING - Not found cell and umi barcode in entry 751 of the bam file
2022-12-09 15:55:47,822 - WARNING - Not found cell and umi barcode in entry 753 of the bam file
2022-12-09 15:55:47,822 - WARNING - Not found cell and umi barcode in entry 759 of the bam file
2022-12-09 15:55:47,822 - WARNING - Not found cell and umi barcode in entry 863 of the bam file
2022-12-09 15:55:47,823 - WARNING - Not found cell and umi barcode in entry 869 of the bam file
2022-12-09 15:55:47,829 - WARNING - The file /research/peer/fdeckert/FD20200109SPLENO/data/BSA_0355_SM01_10x_SPLENO/OUT/COUNT/M6_control_Mac_transcriptome/cellsorted_possorted_genome_bam.bam already exists. The sorting step will be skipped and the existing file will be used.
2022-12-09 15:55:47,829 - INFO - Load the annotation from /research/peer/fdeckert/FD20200109SPLENO/data/annotation/mm10/cellranger/mm10-2020-A_build/gencode.vM23.primary_assembly.annotation.gtf.filtered
2022-12-09 15:55:51,506 - DEBUG - Parsing Chromosome GL456210.1 strand - [line 0]
2022-12-09 15:55:51,506 - DEBUG - Done with GL456210.1- [line 27]
2022-12-09 15:55:51,506 - DEBUG - Assigning indexes to genes
2022-12-09 15:55:51,506 - DEBUG - Seen 3 genes until now
2022-12-09 15:55:51,506 - DEBUG - Parsing Chromosome GL456210.1 strand + [line 28]
2022-12-09 15:55:51,506 - DEBUG - Done with GL456210.1+ [line 43]
2022-12-09 15:55:51,506 - DEBUG - Assigning indexes to genes
2022-12-09 15:55:51,506 - DEBUG - Seen 5 genes until now
2022-12-09 15:55:51,506 - DEBUG - Parsing Chromosome GL456211.1 strand - [line 44]
2022-12-09 15:55:51,506 - DEBUG - Done with GL456211.1- [line 74]
2022-12-09 15:55:51,506 - DEBUG - Assigning indexes to genes
2022-12-09 15:55:51,507 - DEBUG - Seen 9 genes until now
2022-12-09 15:55:51,507 - DEBUG - Parsing Chromosome GL456211.1 strand + [line 75]
2022-12-09 15:55:51,507 - DEBUG - Done with GL456211.1+ [line 101]
2022-12-09 15:55:51,507 - DEBUG - Assigning indexes to genes
2022-12-09 15:55:51,507 - DEBUG - Seen 11 genes until now
2022-12-09 15:55:51,507 - DEBUG - Parsing Chromosome GL456212.1 strand - [line 102]
2022-12-09 15:55:51,507 - DEBUG - Done with GL456212.1- [line 137]
2022-12-09 15:55:51,507 - DEBUG - Assigning indexes to genes
2022-12-09 15:55:51,507 - DEBUG - Seen 13 genes until now
2022-12-09 15:55:51,507 - DEBUG - Parsing Chromosome GL456216.1 strand + [line 138]
2022-12-09 15:55:51,507 - DEBUG - Done with GL456216.1+ [line 157]
2022-12-09 15:55:51,507 - DEBUG - Assigning indexes to genes
2022-12-09 15:55:51,507 - DEBUG - Seen 14 genes until now
2022-12-09 15:55:51,507 - DEBUG - Parsing Chromosome GL456219.1 strand - [line 158]
2022-12-09 15:55:51,507 - DEBUG - Done with GL456219.1- [line 171]
2022-12-09 15:55:51,507 - DEBUG - Assigning indexes to genes
2022-12-09 15:55:51,507 - DEBUG - Seen 16 genes until now
2022-12-09 15:55:51,507 - DEBUG - Parsing Chromosome GL456221.1 strand - [line 172]
2022-12-09 15:55:51,507 - DEBUG - Done with GL456221.1- [line 217]
2022-12-09 15:55:51,507 - DEBUG - Assigning indexes to genes
2022-12-09 15:55:51,507 - DEBUG - Seen 20 genes until now
2022-12-09 15:55:51,507 - DEBUG - Parsing Chromosome GL456221.1 strand + [line 218]
2022-12-09 15:55:51,507 - DEBUG - Done with GL456221.1+ [line 237]
2022-12-09 15:55:51,508 - DEBUG - Assigning indexes to genes
2022-12-09 15:55:51,508 - DEBUG - Seen 23 genes until now
2022-12-09 15:55:51,508 - DEBUG - Parsing Chromosome GL456233.1 strand - [line 238]
2022-12-09 15:55:51,508 - DEBUG - Done with GL456233.1- [line 269]
2022-12-09 15:55:51,508 - DEBUG - Assigning indexes to genes
2022-12-09 15:55:51,508 - DEBUG - Seen 25 genes until now
2022-12-09 15:55:51,508 - DEBUG - Parsing Chromosome GL456233.1 strand + [line 270]
2022-12-09 15:55:51,508 - DEBUG - Done with GL456233.1+ [line 300]
2022-12-09 15:55:51,508 - DEBUG - Assigning indexes to genes
2022-12-09 15:55:51,508 - DEBUG - Seen 27 genes until now
2022-12-09 15:55:51,508 - DEBUG - Parsing Chromosome GL456350.1 strand - [line 301]
2022-12-09 15:55:51,508 - DEBUG - Done with GL456350.1- [line 362]
2022-12-09 15:55:51,508 - DEBUG - Assigning indexes to genes
2022-12-09 15:55:51,508 - DEBUG - Seen 32 genes until now
2022-12-09 15:55:51,508 - DEBUG - Parsing Chromosome GL456354.1 strand - [line 363]
2022-12-09 15:55:51,508 - DEBUG - Done with GL456354.1- [line 398]
2022-12-09 15:55:51,508 - DEBUG - Assigning indexes to genes
2022-12-09 15:55:51,508 - DEBUG - Seen 35 genes until now
2022-12-09 15:55:51,508 - DEBUG - Parsing Chromosome GL456354.1 strand + [line 399]
2022-12-09 15:55:51,508 - DEBUG - Done with GL456354.1+ [line 420]
2022-12-09 15:55:51,508 - DEBUG - Assigning indexes to genes
2022-12-09 15:55:51,508 - DEBUG - Seen 37 genes until now
2022-12-09 15:55:51,509 - DEBUG - Parsing Chromosome JH584292.1 strand + [line 421]
2022-12-09 15:55:51,509 - DEBUG - Done with JH584292.1+ [line 496]
2022-12-09 15:55:51,509 - DEBUG - Assigning indexes to genes
2022-12-09 15:55:51,509 - DEBUG - Seen 38 genes until now
2022-12-09 15:55:51,509 - DEBUG - Parsing Chromosome JH584293.1 strand - [line 497]
2022-12-09 15:55:51,509 - DEBUG - Done with JH584293.1- [line 569]
2022-12-09 15:55:51,509 - DEBUG - Assigning indexes to genes
2022-12-09 15:55:51,509 - DEBUG - Seen 44 genes until now
2022-12-09 15:55:51,509 - DEBUG - Parsing Chromosome JH584293.1 strand + [line 570]
2022-12-09 15:55:51,509 - DEBUG - Done with JH584293.1+ [line 613]
2022-12-09 15:55:51,509 - DEBUG - Assigning indexes to genes
2022-12-09 15:55:51,509 - DEBUG - Seen 47 genes until now
2022-12-09 15:55:51,509 - DEBUG - Parsing Chromosome JH584294.1 strand - [line 614]
2022-12-09 15:55:51,509 - DEBUG - Done with JH584294.1- [line 681]
2022-12-09 15:55:51,509 - DEBUG - Assigning indexes to genes
2022-12-09 15:55:51,510 - DEBUG - Seen 51 genes until now
2022-12-09 15:55:51,510 - DEBUG - Parsing Chromosome JH584294.1 strand + [line 682]
2022-12-09 15:55:51,510 - DEBUG - Done with JH584294.1+ [line 708]
2022-12-09 15:55:51,510 - DEBUG - Assigning indexes to genes
2022-12-09 15:55:51,510 - DEBUG - Seen 53 genes until now
2022-12-09 15:55:51,510 - DEBUG - Parsing Chromosome JH584295.1 strand - [line 709]
2022-12-09 15:55:51,510 - DEBUG - Done with JH584295.1- [line 724]
2022-12-09 15:55:51,510 - DEBUG - Assigning indexes to genes
2022-12-09 15:55:51,510 - DEBUG - Seen 54 genes until now
2022-12-09 15:55:51,510 - DEBUG - Parsing Chromosome JH584296.1 strand - [line 725]
2022-12-09 15:55:51,510 - DEBUG - Done with JH584296.1- [line 755]
2022-12-09 15:55:51,510 - DEBUG - Assigning indexes to genes
2022-12-09 15:55:51,510 - DEBUG - Seen 57 genes until now
2022-12-09 15:55:51,510 - DEBUG - Parsing Chromosome JH584297.1 strand - [line 756]
2022-12-09 15:55:51,510 - DEBUG - Done with JH584297.1- [line 775]
2022-12-09 15:55:51,510 - DEBUG - Assigning indexes to genes
2022-12-09 15:55:51,510 - DEBUG - Seen 59 genes until now
2022-12-09 15:55:51,510 - DEBUG - Parsing Chromosome JH584297.1 strand + [line 776]
2022-12-09 15:55:51,510 - DEBUG - Done with JH584297.1+ [line 784]
2022-12-09 15:55:51,510 - DEBUG - Assigning indexes to genes
2022-12-09 15:55:51,510 - DEBUG - Seen 60 genes until now
2022-12-09 15:55:51,510 - DEBUG - Parsing Chromosome JH584298.1 strand - [line 785]
2022-12-09 15:55:51,510 - DEBUG - Done with JH584298.1- [line 795]
2022-12-09 15:55:51,510 - DEBUG - Assigning indexes to genes
2022-12-09 15:55:51,510 - DEBUG - Seen 61 genes until now
2022-12-09 15:55:51,510 - DEBUG - Parsing Chromosome JH584298.1 strand + [line 796]
2022-12-09 15:55:51,511 - DEBUG - Done with JH584298.1+ [line 817]
2022-12-09 15:55:51,511 - DEBUG - Assigning indexes to genes
2022-12-09 15:55:51,511 - DEBUG - Seen 63 genes until now
2022-12-09 15:55:51,511 - DEBUG - Parsing Chromosome JH584299.1 strand - [line 818]
2022-12-09 15:55:51,511 - DEBUG - Done with JH584299.1- [line 828]
2022-12-09 15:55:51,511 - DEBUG - Assigning indexes to genes
2022-12-09 15:55:51,511 - DEBUG - Seen 64 genes until now
2022-12-09 15:55:51,511 - DEBUG - Parsing Chromosome JH584299.1 strand + [line 829]
2022-12-09 15:55:51,511 - DEBUG - Done with JH584299.1+ [line 950]
2022-12-09 15:55:51,511 - DEBUG - Assigning indexes to genes
2022-12-09 15:55:51,511 - DEBUG - Seen 75 genes until now
2022-12-09 15:55:51,511 - DEBUG - Parsing Chromosome JH584303.1 strand + [line 951]
2022-12-09 15:55:51,511 - DEBUG - Done with JH584303.1+ [line 955]
2022-12-09 15:55:51,511 - DEBUG - Assigning indexes to genes
2022-12-09 15:55:51,511 - DEBUG - Seen 76 genes until now
2022-12-09 15:55:51,511 - DEBUG - Parsing Chromosome JH584304.1 strand - [line 956]
2022-12-09 15:55:51,511 - DEBUG - Done with JH584304.1- [line 988]
2022-12-09 15:55:51,511 - DEBUG - Assigning indexes to genes
2022-12-09 15:55:51,511 - DEBUG - Seen 77 genes until now
2022-12-09 15:55:51,511 - DEBUG - Parsing Chromosome 1 strand - [line 989]
2022-12-09 15:55:51,795 - DEBUG - Done with 1- [line 57063]
2022-12-09 15:55:51,795 - DEBUG - Assigning indexes to genes
2022-12-09 15:55:51,798 - DEBUG - Seen 966 genes until now
2022-12-09 15:55:51,798 - DEBUG - Parsing Chromosome 1 strand + [line 57064]
2022-12-09 15:55:51,946 - DEBUG - Done with 1+ [line 111842]
2022-12-09 15:55:51,946 - DEBUG - Assigning indexes to genes
2022-12-09 15:55:51,949 - DEBUG - Seen 1876 genes until now
2022-12-09 15:55:51,949 - DEBUG - Parsing Chromosome 10 strand - [line 111843]
2022-12-09 15:55:52,168 - DEBUG - Done with 10- [line 152030]
2022-12-09 15:55:52,168 - DEBUG - Assigning indexes to genes
2022-12-09 15:55:52,170 - DEBUG - Seen 2638 genes until now
2022-12-09 15:55:52,170 - DEBUG - Parsing Chromosome 10 strand + [line 152031]
2022-12-09 15:55:52,287 - DEBUG - Done with 10+ [line 194968]
2022-12-09 15:55:52,287 - DEBUG - Assigning indexes to genes
2022-12-09 15:55:52,289 - DEBUG - Seen 3448 genes until now
2022-12-09 15:55:52,289 - DEBUG - Parsing Chromosome 11 strand - [line 194969]
2022-12-09 15:55:52,576 - DEBUG - Done with 11- [line 257480]
2022-12-09 15:55:52,576 - DEBUG - Assigning indexes to genes
2022-12-09 15:55:52,579 - DEBUG - Seen 4518 genes until now
2022-12-09 15:55:52,579 - DEBUG - Parsing Chromosome 11 strand + [line 257481]
2022-12-09 15:55:52,751 - DEBUG - Done with 11+ [line 320172]
2022-12-09 15:55:52,751 - DEBUG - Assigning indexes to genes
2022-12-09 15:55:52,755 - DEBUG - Seen 5535 genes until now
2022-12-09 15:55:52,755 - DEBUG - Parsing Chromosome 12 strand - [line 320173]
2022-12-09 15:55:52,951 - DEBUG - Done with 12- [line 345502]
2022-12-09 15:55:52,951 - DEBUG - Assigning indexes to genes
2022-12-09 15:55:52,953 - DEBUG - Seen 6300 genes until now
2022-12-09 15:55:52,953 - DEBUG - Parsing Chromosome 12 strand + [line 345503]
2022-12-09 15:55:53,050 - DEBUG - Done with 12+ [line 380229]
2022-12-09 15:55:53,050 - DEBUG - Assigning indexes to genes
2022-12-09 15:55:53,051 - DEBUG - Seen 6877 genes until now
2022-12-09 15:55:53,051 - DEBUG - Parsing Chromosome 13 strand - [line 380230]
2022-12-09 15:55:53,147 - DEBUG - Done with 13- [line 414645]
2022-12-09 15:55:53,147 - DEBUG - Assigning indexes to genes
2022-12-09 15:55:53,149 - DEBUG - Seen 7611 genes until now
2022-12-09 15:55:53,149 - DEBUG - Parsing Chromosome 13 strand + [line 414646]
2022-12-09 15:55:53,222 - DEBUG - Done with 13+ [line 441742]
2022-12-09 15:55:53,222 - DEBUG - Assigning indexes to genes
2022-12-09 15:55:53,224 - DEBUG - Seen 8318 genes until now
2022-12-09 15:55:53,224 - DEBUG - Parsing Chromosome 14 strand - [line 441743]
2022-12-09 15:55:53,467 - DEBUG - Done with 14- [line 478634]
2022-12-09 15:55:53,467 - DEBUG - Assigning indexes to genes
2022-12-09 15:55:53,470 - DEBUG - Seen 9014 genes until now
2022-12-09 15:55:53,470 - DEBUG - Parsing Chromosome 14 strand + [line 478635]
2022-12-09 15:55:53,561 - DEBUG - Done with 14+ [line 512401]
2022-12-09 15:55:53,562 - DEBUG - Assigning indexes to genes
2022-12-09 15:55:53,564 - DEBUG - Seen 9849 genes until now
2022-12-09 15:55:53,564 - DEBUG - Parsing Chromosome 15 strand - [line 512402]
2022-12-09 15:55:53,666 - DEBUG - Done with 15- [line 549004]
2022-12-09 15:55:53,666 - DEBUG - Assigning indexes to genes
2022-12-09 15:55:53,668 - DEBUG - Seen 10439 genes until now
2022-12-09 15:55:53,668 - DEBUG - Parsing Chromosome 15 strand + [line 549005]
2022-12-09 15:55:53,753 - DEBUG - Done with 15+ [line 580047]
2022-12-09 15:55:53,753 - DEBUG - Assigning indexes to genes
2022-12-09 15:55:53,755 - DEBUG - Seen 10983 genes until now
2022-12-09 15:55:53,755 - DEBUG - Parsing Chromosome 16 strand - [line 580048]
2022-12-09 15:55:53,830 - DEBUG - Done with 16- [line 607192]
2022-12-09 15:55:53,830 - DEBUG - Assigning indexes to genes
2022-12-09 15:55:53,832 - DEBUG - Seen 11469 genes until now
2022-12-09 15:55:53,832 - DEBUG - Parsing Chromosome 16 strand + [line 607193]
2022-12-09 15:55:53,916 - DEBUG - Done with 16+ [line 637997]
2022-12-09 15:55:53,916 - DEBUG - Assigning indexes to genes
2022-12-09 15:55:53,917 - DEBUG - Seen 11933 genes until now
2022-12-09 15:55:53,917 - DEBUG - Parsing Chromosome 17 strand - [line 637998]
2022-12-09 15:55:54,202 - DEBUG - Done with 17- [line 681830]
2022-12-09 15:55:54,202 - DEBUG - Assigning indexes to genes
2022-12-09 15:55:54,205 - DEBUG - Seen 12652 genes until now
2022-12-09 15:55:54,205 - DEBUG - Parsing Chromosome 17 strand + [line 681831]
2022-12-09 15:55:54,334 - DEBUG - Done with 17+ [line 729330]
2022-12-09 15:55:54,334 - DEBUG - Assigning indexes to genes
2022-12-09 15:55:54,337 - DEBUG - Seen 13379 genes until now
2022-12-09 15:55:54,337 - DEBUG - Parsing Chromosome 18 strand - [line 729331]
2022-12-09 15:55:54,388 - DEBUG - Done with 18- [line 748063]
2022-12-09 15:55:54,388 - DEBUG - Assigning indexes to genes
2022-12-09 15:55:54,389 - DEBUG - Seen 13744 genes until now
2022-12-09 15:55:54,389 - DEBUG - Parsing Chromosome 18 strand + [line 748064]
2022-12-09 15:55:54,459 - DEBUG - Done with 18+ [line 774053]
2022-12-09 15:55:54,459 - DEBUG - Assigning indexes to genes
2022-12-09 15:55:54,461 - DEBUG - Seen 14196 genes until now
2022-12-09 15:55:54,461 - DEBUG - Parsing Chromosome 19 strand - [line 774054]
2022-12-09 15:55:54,549 - DEBUG - Done with 19- [line 806361]
2022-12-09 15:55:54,549 - DEBUG - Assigning indexes to genes
2022-12-09 15:55:54,551 - DEBUG - Seen 14666 genes until now
2022-12-09 15:55:54,551 - DEBUG - Parsing Chromosome 19 strand + [line 806362]
2022-12-09 15:55:54,627 - DEBUG - Done with 19+ [line 834536]
2022-12-09 15:55:54,627 - DEBUG - Assigning indexes to genes
2022-12-09 15:55:54,630 - DEBUG - Seen 15155 genes until now
2022-12-09 15:55:54,631 - DEBUG - Parsing Chromosome 2 strand - [line 834537]
2022-12-09 15:55:55,022 - DEBUG - Done with 2- [line 911094]
2022-12-09 15:55:55,023 - DEBUG - Assigning indexes to genes
2022-12-09 15:55:55,027 - DEBUG - Seen 16361 genes until now
2022-12-09 15:55:55,027 - DEBUG - Parsing Chromosome 2 strand + [line 911095]
2022-12-09 15:55:55,222 - DEBUG - Done with 2+ [line 982171]
2022-12-09 15:55:55,222 - DEBUG - Assigning indexes to genes
2022-12-09 15:55:55,226 - DEBUG - Seen 17581 genes until now
2022-12-09 15:55:55,226 - DEBUG - Parsing Chromosome 3 strand - [line 982172]
2022-12-09 15:55:55,332 - DEBUG - Done with 3- [line 1021471]
2022-12-09 15:55:55,332 - DEBUG - Assigning indexes to genes
2022-12-09 15:55:55,334 - DEBUG - Seen 18356 genes until now
2022-12-09 15:55:55,334 - DEBUG - Parsing Chromosome 3 strand + [line 1021472]
2022-12-09 15:55:55,451 - DEBUG - Done with 3+ [line 1065065]
2022-12-09 15:55:55,451 - DEBUG - Assigning indexes to genes
2022-12-09 15:55:55,454 - DEBUG - Seen 19102 genes until now
2022-12-09 15:55:55,454 - DEBUG - Parsing Chromosome 4 strand - [line 1065066]
2022-12-09 15:55:55,595 - DEBUG - Done with 4- [line 1117209]
2022-12-09 15:55:55,595 - DEBUG - Assigning indexes to genes
2022-12-09 15:55:55,598 - DEBUG - Seen 19972 genes until now
2022-12-09 15:55:55,598 - DEBUG - Parsing Chromosome 4 strand + [line 1117210]
2022-12-09 15:55:55,734 - DEBUG - Done with 4+ [line 1167049]
2022-12-09 15:55:55,734 - DEBUG - Assigning indexes to genes
2022-12-09 15:55:55,737 - DEBUG - Seen 20848 genes until now
2022-12-09 15:55:55,737 - DEBUG - Parsing Chromosome 5 strand - [line 1167050]
2022-12-09 15:55:56,109 - DEBUG - Done with 5- [line 1225395]
2022-12-09 15:55:56,109 - DEBUG - Assigning indexes to genes
2022-12-09 15:55:56,113 - DEBUG - Seen 21762 genes until now
2022-12-09 15:55:56,113 - DEBUG - Parsing Chromosome 5 strand + [line 1225396]
2022-12-09 15:55:56,275 - DEBUG - Done with 5+ [line 1284505]
2022-12-09 15:55:56,275 - DEBUG - Assigning indexes to genes
2022-12-09 15:55:56,279 - DEBUG - Seen 22701 genes until now
2022-12-09 15:55:56,279 - DEBUG - Parsing Chromosome 6 strand - [line 1284506]
2022-12-09 15:55:56,405 - DEBUG - Done with 6- [line 1330066]
2022-12-09 15:55:56,405 - DEBUG - Assigning indexes to genes
2022-12-09 15:55:56,408 - DEBUG - Seen 23564 genes until now
2022-12-09 15:55:56,408 - DEBUG - Parsing Chromosome 6 strand + [line 1330067]
2022-12-09 15:55:56,536 - DEBUG - Done with 6+ [line 1378331]
2022-12-09 15:55:56,536 - DEBUG - Assigning indexes to genes
2022-12-09 15:55:56,539 - DEBUG - Seen 24493 genes until now
2022-12-09 15:55:56,539 - DEBUG - Parsing Chromosome 7 strand - [line 1378332]
2022-12-09 15:55:56,736 - DEBUG - Done with 7- [line 1452549]
2022-12-09 15:55:56,736 - DEBUG - Assigning indexes to genes
2022-12-09 15:55:56,741 - DEBUG - Seen 25855 genes until now
2022-12-09 15:55:56,741 - DEBUG - Parsing Chromosome 7 strand + [line 1452550]
2022-12-09 15:55:56,929 - DEBUG - Done with 7+ [line 1523678]
2022-12-09 15:55:56,929 - DEBUG - Assigning indexes to genes
2022-12-09 15:55:56,934 - DEBUG - Seen 27096 genes until now
2022-12-09 15:55:56,934 - DEBUG - Parsing Chromosome 8 strand - [line 1523679]
2022-12-09 15:55:57,280 - DEBUG - Done with 8- [line 1559719]
2022-12-09 15:55:57,280 - DEBUG - Assigning indexes to genes
2022-12-09 15:55:57,283 - DEBUG - Seen 27820 genes until now
2022-12-09 15:55:57,283 - DEBUG - Parsing Chromosome 8 strand + [line 1559720]
2022-12-09 15:55:57,410 - DEBUG - Done with 8+ [line 1606795]
2022-12-09 15:55:57,410 - DEBUG - Assigning indexes to genes
2022-12-09 15:55:57,413 - DEBUG - Seen 28656 genes until now
2022-12-09 15:55:57,413 - DEBUG - Parsing Chromosome 9 strand - [line 1606796]
2022-12-09 15:55:57,554 - DEBUG - Done with 9- [line 1658478]
2022-12-09 15:55:57,554 - DEBUG - Assigning indexes to genes
2022-12-09 15:55:57,557 - DEBUG - Seen 29510 genes until now
2022-12-09 15:55:57,557 - DEBUG - Parsing Chromosome 9 strand + [line 1658479]
2022-12-09 15:55:57,702 - DEBUG - Done with 9+ [line 1712094]
2022-12-09 15:55:57,702 - DEBUG - Assigning indexes to genes
2022-12-09 15:55:57,705 - DEBUG - Seen 30441 genes until now
2022-12-09 15:55:57,705 - DEBUG - Parsing Chromosome M strand - [line 1712095]
2022-12-09 15:55:57,705 - DEBUG - Done with M- [line 1712101]
2022-12-09 15:55:57,705 - DEBUG - Assigning indexes to genes
2022-12-09 15:55:57,705 - DEBUG - Seen 30442 genes until now
2022-12-09 15:55:57,705 - DEBUG - Parsing Chromosome M strand + [line 1712102]
2022-12-09 15:55:57,706 - DEBUG - Done with M+ [line 1712175]
2022-12-09 15:55:57,706 - DEBUG - Assigning indexes to genes
2022-12-09 15:55:57,706 - DEBUG - Seen 30454 genes until now
2022-12-09 15:55:57,706 - DEBUG - Parsing Chromosome X strand - [line 1712176]
2022-12-09 15:55:57,779 - DEBUG - Done with X- [line 1739781]
2022-12-09 15:55:57,779 - DEBUG - Assigning indexes to genes
2022-12-09 15:55:57,781 - DEBUG - Seen 30981 genes until now
2022-12-09 15:55:57,781 - DEBUG - Parsing Chromosome X strand + [line 1739782]
2022-12-09 15:55:57,863 - DEBUG - Done with X+ [line 1770751]
2022-12-09 15:55:57,863 - DEBUG - Assigning indexes to genes
2022-12-09 15:55:57,865 - DEBUG - Seen 31560 genes until now
2022-12-09 15:55:57,865 - DEBUG - Parsing Chromosome Y strand - [line 1770752]
2022-12-09 15:55:57,878 - DEBUG - Done with Y- [line 1775246]
2022-12-09 15:55:57,878 - DEBUG - Assigning indexes to genes
2022-12-09 15:55:57,879 - DEBUG - Seen 31897 genes until now
2022-12-09 15:55:57,879 - DEBUG - Parsing Chromosome Y strand + [line 1775247]
2022-12-09 15:55:57,895 - DEBUG - Assigning indexes to genes
2022-12-09 15:55:57,895 - DEBUG - Done with Y+ [line 1780453]
2022-12-09 15:55:57,895 - DEBUG - Fixing corner cases of transcript models containg intron longer than 1000Kbp
2022-12-09 15:55:58,537 - DEBUG - Generated 1492231 features corresponding to 118153 transcript models from /research/peer/fdeckert/FD20200109SPLENO/data/annotation/mm10/cellranger/mm10-2020-A_build/gencode.vM23.primary_assembly.annotation.gtf.filtered
2022-12-09 15:55:58,548 - INFO - Scan /research/peer/fdeckert/FD20200109SPLENO/data/BSA_0355_SM01_10x_SPLENO/OUT/COUNT/M6_control_Mac_transcriptome/possorted_genome_bam.bam to validate intron intervals
2022-12-09 15:55:59,933 - DEBUG - Reading /research/peer/fdeckert/FD20200109SPLENO/data/BSA_0355_SM01_10x_SPLENO/OUT/COUNT/M6_control_Mac_transcriptome/possorted_genome_bam.bam
2022-12-09 15:55:59,941 - DEBUG - Read first 0 million reads
2022-12-09 15:55:59,944 - DEBUG - Marking up chromosome 1
2022-12-09 15:56:11,895 - DEBUG - Marking up chromosome 10
2022-12-09 15:56:20,556 - DEBUG - Marking up chromosome 11
2022-12-09 15:56:35,827 - DEBUG - Marking up chromosome 12
2022-12-09 15:56:42,637 - DEBUG - Marking up chromosome 13
2022-12-09 15:56:49,132 - DEBUG - Marking up chromosome 14
2022-12-09 15:56:56,243 - DEBUG - Marking up chromosome 15
2022-12-09 15:57:03,417 - DEBUG - Marking up chromosome 16
2022-12-09 15:57:06,425 - DEBUG - Read first 10 million reads
2022-12-09 15:57:09,121 - DEBUG - Marking up chromosome 17
2022-12-09 15:57:23,137 - DEBUG - Marking up chromosome 18
2022-12-09 15:57:29,646 - DEBUG - Marking up chromosome 19
2022-12-09 15:57:39,397 - DEBUG - Marking up chromosome 2
2022-12-09 15:57:54,526 - DEBUG - Marking up chromosome 3
2022-12-09 15:58:03,114 - DEBUG - Marking up chromosome 4
2022-12-09 15:58:13,045 - DEBUG - Marking up chromosome 5
2022-12-09 15:58:18,587 - DEBUG - Read first 20 million reads
2022-12-09 15:58:25,188 - DEBUG - Marking up chromosome 6
2022-12-09 15:58:34,712 - DEBUG - Marking up chromosome 7
2022-12-09 15:58:50,797 - DEBUG - Marking up chromosome 8
2022-12-09 15:58:58,628 - DEBUG - Marking up chromosome 9
2022-12-09 15:59:08,279 - DEBUG - Marking up chromosome MT
2022-12-09 15:59:08,279 - WARNING - The .bam file refers to a chromosome 'MT+' not present in the annotation (.gtf) file
2022-12-09 15:59:08,280 - WARNING - The .bam file refers to a chromosome 'MT-' not present in the annotation (.gtf) file
2022-12-09 15:59:10,513 - DEBUG - Marking up chromosome X
2022-12-09 15:59:17,852 - DEBUG - Marking up chromosome Y
2022-12-09 15:59:18,040 - DEBUG - Marking up chromosome JH584299.1
2022-12-09 15:59:18,041 - DEBUG - Marking up chromosome GL456233.1
2022-12-09 15:59:18,045 - DEBUG - Marking up chromosome GL456211.1
2022-12-09 15:59:18,050 - DEBUG - Marking up chromosome GL456221.1
2022-12-09 15:59:18,057 - DEBUG - Marking up chromosome JH584300.1
2022-12-09 15:59:18,057 - WARNING - The .bam file refers to a chromosome 'JH584300.1+' not present in the annotation (.gtf) file
2022-12-09 15:59:18,057 - WARNING - The .bam file refers to a chromosome 'JH584300.1-' not present in the annotation (.gtf) file
2022-12-09 15:59:18,069 - DEBUG - Marking up chromosome GL456219.1
2022-12-09 15:59:18,070 - WARNING - The .bam file refers to a chromosome 'GL456219.1+' not present in the annotation (.gtf) file
2022-12-09 15:59:18,070 - DEBUG - Marking up chromosome GL456210.1
2022-12-09 15:59:18,075 - DEBUG - Marking up chromosome GL456212.1
2022-12-09 15:59:18,075 - WARNING - The .bam file refers to a chromosome 'GL456212.1+' not present in the annotation (.gtf) file
2022-12-09 15:59:18,077 - DEBUG - Marking up chromosome JH584304.1
2022-12-09 15:59:18,077 - WARNING - The .bam file refers to a chromosome 'JH584304.1+' not present in the annotation (.gtf) file
2022-12-09 15:59:18,128 - DEBUG - Marking up chromosome GL456379.1
2022-12-09 15:59:18,128 - WARNING - The .bam file refers to a chromosome 'GL456379.1+' not present in the annotation (.gtf) file
2022-12-09 15:59:18,128 - WARNING - The .bam file refers to a chromosome 'GL456379.1-' not present in the annotation (.gtf) file
2022-12-09 15:59:18,128 - DEBUG - Marking up chromosome GL456216.1
2022-12-09 15:59:18,128 - WARNING - The .bam file refers to a chromosome 'GL456216.1-' not present in the annotation (.gtf) file
2022-12-09 15:59:18,135 - DEBUG - Marking up chromosome GL456393.1
2022-12-09 15:59:18,135 - WARNING - The .bam file refers to a chromosome 'GL456393.1+' not present in the annotation (.gtf) file
2022-12-09 15:59:18,135 - WARNING - The .bam file refers to a chromosome 'GL456393.1-' not present in the annotation (.gtf) file
2022-12-09 15:59:18,135 - DEBUG - Marking up chromosome GL456239.1
2022-12-09 15:59:18,135 - WARNING - The .bam file refers to a chromosome 'GL456239.1+' not present in the annotation (.gtf) file
2022-12-09 15:59:18,135 - WARNING - The .bam file refers to a chromosome 'GL456239.1-' not present in the annotation (.gtf) file
2022-12-09 15:59:18,136 - DEBUG - Marking up chromosome GL456378.1
2022-12-09 15:59:18,136 - WARNING - The .bam file refers to a chromosome 'GL456378.1+' not present in the annotation (.gtf) file
2022-12-09 15:59:18,136 - WARNING - The .bam file refers to a chromosome 'GL456378.1-' not present in the annotation (.gtf) file
2022-12-09 15:59:18,136 - DEBUG - Marking up chromosome GL456389.1
2022-12-09 15:59:18,136 - WARNING - The .bam file refers to a chromosome 'GL456389.1+' not present in the annotation (.gtf) file
2022-12-09 15:59:18,136 - WARNING - The .bam file refers to a chromosome 'GL456389.1-' not present in the annotation (.gtf) file
2022-12-09 15:59:18,136 - DEBUG - Marking up chromosome GL456372.1
2022-12-09 15:59:18,136 - WARNING - The .bam file refers to a chromosome 'GL456372.1+' not present in the annotation (.gtf) file
2022-12-09 15:59:18,137 - WARNING - The .bam file refers to a chromosome 'GL456372.1-' not present in the annotation (.gtf) file
2022-12-09 15:59:18,139 - DEBUG - Marking up chromosome GL456370.1
2022-12-09 15:59:18,139 - WARNING - The .bam file refers to a chromosome 'GL456370.1+' not present in the annotation (.gtf) file
2022-12-09 15:59:18,139 - WARNING - The .bam file refers to a chromosome 'GL456370.1-' not present in the annotation (.gtf) file
2022-12-09 15:59:18,141 - DEBUG - Marking up chromosome GL456390.1
2022-12-09 15:59:18,141 - WARNING - The .bam file refers to a chromosome 'GL456390.1+' not present in the annotation (.gtf) file
2022-12-09 15:59:18,141 - WARNING - The .bam file refers to a chromosome 'GL456390.1-' not present in the annotation (.gtf) file
2022-12-09 15:59:18,141 - DEBUG - Marking up chromosome GL456392.1
2022-12-09 15:59:18,141 - WARNING - The .bam file refers to a chromosome 'GL456392.1+' not present in the annotation (.gtf) file
2022-12-09 15:59:18,141 - WARNING - The .bam file refers to a chromosome 'GL456392.1-' not present in the annotation (.gtf) file
2022-12-09 15:59:18,142 - DEBUG - Marking up chromosome GL456382.1
2022-12-09 15:59:18,142 - WARNING - The .bam file refers to a chromosome 'GL456382.1+' not present in the annotation (.gtf) file
2022-12-09 15:59:18,142 - WARNING - The .bam file refers to a chromosome 'GL456382.1-' not present in the annotation (.gtf) file
2022-12-09 15:59:18,162 - DEBUG - Marking up chromosome GL456396.1
2022-12-09 15:59:18,162 - WARNING - The .bam file refers to a chromosome 'GL456396.1+' not present in the annotation (.gtf) file
2022-12-09 15:59:18,162 - WARNING - The .bam file refers to a chromosome 'GL456396.1-' not present in the annotation (.gtf) file
2022-12-09 15:59:18,162 - DEBUG - Marking up chromosome JH584295.1
2022-12-09 15:59:18,163 - WARNING - The .bam file refers to a chromosome 'JH584295.1+' not present in the annotation (.gtf) file
2022-12-09 15:59:19,115 - DEBUG - Read first 30 million reads
2022-12-09 15:59:28,472 - DEBUG - End of file. Reset index: start scanning from initial position.
2022-12-09 15:59:28,472 - DEBUG - 608137 reads were skipped because no apropiate cell or umi barcode was found
2022-12-09 15:59:28,472 - DEBUG - Start molecule counting!
2022-12-09 15:59:29,845 - DEBUG - Features available for chromosomes : ['GL456210.1-', 'GL456210.1+', 'GL456211.1-', 'GL456211.1+', 'GL456212.1-', 'GL456216.1+', 'GL456219.1-', 'GL456221.1-', 'GL456221.1+', 'GL456233.1-', 'GL456233.1+', 'GL456350.1-', 'GL456354.1-', 'GL456354.1+', 'JH584292.1+', 'JH584293.1-', 'JH584293.1+', 'JH584294.1-', 'JH584294.1+', 'JH584295.1-', 'JH584296.1-', 'JH584297.1-', 'JH584297.1+', 'JH584298.1-', 'JH584298.1+', 'JH584299.1-', 'JH584299.1+', 'JH584303.1+', 'JH584304.1-', '1-', '1+', '10-', '10+', '11-', '11+', '12-', '12+', '13-', '13+', '14-', '14+', '15-', '15+', '16-', '16+', '17-', '17+', '18-', '18+', '19-', '19+', '2-', '2+', '3-', '3+', '4-', '4+', '5-', '5+', '6-', '6+', '7-', '7+', '8-', '8+', '9-', '9+', 'M-', 'M+', 'X-', 'X+', 'Y-', 'Y+']
2022-12-09 15:59:29,845 - DEBUG - Mask available for chromosomes : []
2022-12-09 15:59:29,845 - DEBUG - Summarizing the results of intron validation.
2022-12-09 15:59:30,059 - DEBUG - Validated 133352 introns (of which unique intervals 49627) out of 687039 total possible introns (considering each possible transcript models).
2022-12-09 15:59:30,060 - DEBUG - Reading /research/peer/fdeckert/FD20200109SPLENO/data/BSA_0355_SM01_10x_SPLENO/OUT/COUNT/M6_control_Mac_transcriptome/cellsorted_possorted_genome_bam.bam
2022-12-09 15:59:30,098 - DEBUG - Read first 0 million reads
2022-12-09 15:59:40,099 - DEBUG - Counting for batch 1, containing 100 cells and 683173 reads
2022-12-09 15:59:53,387 - DEBUG - 0 reads not considered because fully enclosed in repeat masked regions
2022-12-09 16:00:03,447 - DEBUG - Counting for batch 2, containing 100 cells and 649317 reads
2022-12-09 16:00:16,513 - DEBUG - 0 reads not considered because fully enclosed in repeat masked regions
2022-12-09 16:00:24,924 - DEBUG - Counting for batch 3, containing 100 cells and 580333 reads
2022-12-09 16:00:36,514 - DEBUG - 0 reads not considered because fully enclosed in repeat masked regions
2022-12-09 16:00:44,177 - DEBUG - Counting for batch 4, containing 100 cells and 536787 reads
2022-12-09 16:00:54,982 - DEBUG - 0 reads not considered because fully enclosed in repeat masked regions
2022-12-09 16:01:04,712 - DEBUG - Counting for batch 5, containing 100 cells and 721344 reads
2022-12-09 16:01:18,927 - DEBUG - 0 reads not considered because fully enclosed in repeat masked regions
2022-12-09 16:01:28,107 - DEBUG - Counting for batch 6, containing 100 cells and 571653 reads
2022-12-09 16:01:38,944 - DEBUG - 0 reads not considered because fully enclosed in repeat masked regions
2022-12-09 16:01:48,451 - DEBUG - Counting for batch 7, containing 100 cells and 649704 reads
2022-12-09 16:02:00,508 - DEBUG - 0 reads not considered because fully enclosed in repeat masked regions
2022-12-09 16:02:08,417 - DEBUG - Read first 10 million reads
2022-12-09 16:02:09,665 - DEBUG - Counting for batch 8, containing 100 cells and 580685 reads
2022-12-09 16:02:21,256 - DEBUG - 0 reads not considered because fully enclosed in repeat masked regions
2022-12-09 16:02:29,770 - DEBUG - Counting for batch 9, containing 100 cells and 583446 reads
2022-12-09 16:02:40,735 - DEBUG - 0 reads not considered because fully enclosed in repeat masked regions
2022-12-09 16:02:50,625 - DEBUG - Counting for batch 10, containing 100 cells and 682058 reads
2022-12-09 16:03:03,990 - DEBUG - 0 reads not considered because fully enclosed in repeat masked regions
2022-12-09 16:03:12,697 - DEBUG - Counting for batch 11, containing 100 cells and 611386 reads
2022-12-09 16:03:24,852 - DEBUG - 0 reads not considered because fully enclosed in repeat masked regions
2022-12-09 16:03:32,922 - DEBUG - Counting for batch 12, containing 100 cells and 557192 reads
2022-12-09 16:03:43,977 - DEBUG - 0 reads not considered because fully enclosed in repeat masked regions
2022-12-09 16:03:51,940 - DEBUG - Counting for batch 13, containing 100 cells and 593653 reads
2022-12-09 16:04:03,772 - DEBUG - 0 reads not considered because fully enclosed in repeat masked regions
2022-12-09 16:04:11,795 - DEBUG - Counting for batch 14, containing 100 cells and 602893 reads
2022-12-09 16:04:23,302 - DEBUG - 0 reads not considered because fully enclosed in repeat masked regions
2022-12-09 16:04:32,051 - DEBUG - Counting for batch 15, containing 100 cells and 608793 reads
2022-12-09 16:04:43,890 - DEBUG - 0 reads not considered because fully enclosed in repeat masked regions
2022-12-09 16:04:52,859 - DEBUG - Counting for batch 16, containing 100 cells and 631513 reads
2022-12-09 16:05:05,071 - DEBUG - 0 reads not considered because fully enclosed in repeat masked regions
2022-12-09 16:05:11,787 - DEBUG - Read first 20 million reads
2022-12-09 16:05:14,536 - DEBUG - Counting for batch 17, containing 100 cells and 626555 reads
2022-12-09 16:05:27,127 - DEBUG - 0 reads not considered because fully enclosed in repeat masked regions
2022-12-09 16:05:35,916 - DEBUG - Counting for batch 18, containing 100 cells and 664165 reads
2022-12-09 16:05:48,819 - DEBUG - 0 reads not considered because fully enclosed in repeat masked regions
2022-12-09 16:05:57,150 - DEBUG - Counting for batch 19, containing 100 cells and 598828 reads
2022-12-09 16:06:08,949 - DEBUG - 0 reads not considered because fully enclosed in repeat masked regions
2022-12-09 16:06:17,241 - DEBUG - Counting for batch 20, containing 100 cells and 567248 reads
2022-12-09 16:06:27,718 - DEBUG - 0 reads not considered because fully enclosed in repeat masked regions
2022-12-09 16:06:37,434 - DEBUG - Counting for batch 21, containing 100 cells and 696907 reads
2022-12-09 16:06:50,996 - DEBUG - 0 reads not considered because fully enclosed in repeat masked regions
2022-12-09 16:06:59,817 - DEBUG - Counting for batch 22, containing 100 cells and 609054 reads
2022-12-09 16:07:11,842 - DEBUG - 0 reads not considered because fully enclosed in repeat masked regions
2022-12-09 16:07:19,850 - DEBUG - Counting for batch 23, containing 100 cells and 582453 reads
2022-12-09 16:07:31,403 - DEBUG - 0 reads not considered because fully enclosed in repeat masked regions
2022-12-09 16:07:39,658 - DEBUG - Counting for batch 24, containing 100 cells and 639422 reads
2022-12-09 16:07:52,226 - DEBUG - 0 reads not considered because fully enclosed in repeat masked regions
2022-12-09 16:08:00,739 - DEBUG - Counting for batch 25, containing 100 cells and 626643 reads
2022-12-09 16:08:12,808 - DEBUG - 0 reads not considered because fully enclosed in repeat masked regions
2022-12-09 16:08:17,627 - DEBUG - Read first 30 million reads
2022-12-09 16:08:22,720 - DEBUG - Counting for batch 26, containing 100 cells and 687890 reads
2022-12-09 16:08:36,239 - DEBUG - 0 reads not considered because fully enclosed in repeat masked regions
2022-12-09 16:08:44,596 - DEBUG - Counting for batch 27, containing 100 cells and 577440 reads
2022-12-09 16:08:55,308 - DEBUG - 0 reads not considered because fully enclosed in repeat masked regions
2022-12-09 16:09:03,572 - DEBUG - Counting for batch 28, containing 100 cells and 568235 reads
2022-12-09 16:09:14,674 - DEBUG - 0 reads not considered because fully enclosed in repeat masked regions
2022-12-09 16:09:23,201 - DEBUG - Counting for batch 29, containing 100 cells and 613123 reads
2022-12-09 16:09:35,204 - DEBUG - 0 reads not considered because fully enclosed in repeat masked regions
2022-12-09 16:09:43,463 - DEBUG - Counting for batch 30, containing 100 cells and 543680 reads
2022-12-09 16:09:53,625 - DEBUG - 0 reads not considered because fully enclosed in repeat masked regions
2022-12-09 16:09:57,031 - DEBUG - Counting for batch 31, containing 11 cells and 56499 reads
2022-12-09 16:09:58,129 - DEBUG - 0 reads not considered because fully enclosed in repeat masked regions
2022-12-09 16:09:58,395 - DEBUG - 608137 reads were skipped because no apropiate cell or umi barcode was found
2022-12-09 16:09:58,395 - DEBUG - Counting done!
2022-12-09 16:09:58,399 - DEBUG - Generating output file data/BSA_0355_SM01_10x_SPLENO/OUT/COUNT/M6_control_Mac_transcriptome/velocyto.loom
2022-12-09 16:09:58,400 - DEBUG - Collecting row attributes
2022-12-09 16:09:58,456 - DEBUG - Generating data table
2022-12-09 16:09:58,776 - DEBUG - Writing loom file
2022-12-09 16:09:59,211 - DEBUG - Creating converter from 5 to 3
2022-12-09 16:09:59,218 - DEBUG - Creating converter from 3 to 5
2022-12-09 16:10:03,186 - DEBUG - Terminated Succesfully!
