[NbConvertApp] Converting notebook seurat.r.ipynb to html
... storing 'sample_name' as categorical
... storing 'sample_rep' as categorical
... storing 'tissue' as categorical
... storing 'treatment' as categorical
... storing 'sample_group' as categorical
... storing 'sample_path' as categorical
... storing 'sample_dir' as categorical
... storing 'cellranger_class' as categorical
... storing 'cc_phase_class' as categorical
... storing 'label_main_immgen' as categorical
... storing 'label_fine_immgen' as categorical
... storing 'label_main_haemosphere' as categorical
... storing 'label_fine_haemosphere' as categorical
... storing 'doublet_class' as categorical
... storing 'qc_class' as categorical
... storing 'integrate' as categorical
... storing 'sample_name' as categorical
... storing 'sample_rep' as categorical
... storing 'tissue' as categorical
... storing 'treatment' as categorical
... storing 'sample_group' as categorical
... storing 'sample_path' as categorical
... storing 'sample_dir' as categorical
... storing 'cellranger_class' as categorical
... storing 'cc_phase_class' as categorical
... storing 'label_main_immgen' as categorical
... storing 'label_fine_immgen' as categorical
... storing 'label_main_haemosphere' as categorical
... storing 'label_fine_haemosphere' as categorical
... storing 'doublet_class' as categorical
... storing 'qc_class' as categorical
... storing 'integrate' as categorical

Execution halted
[NbConvertApp] Writing 16231112 bytes to seurat.r.html
