2024-11-11 13:29:05,590 - DEBUG - Using logic: Permissive10X
2024-11-11 13:29:05,606 - INFO - Read 6320 cell barcodes from /research/peer/fdeckert/FD20200109SPLENO/data/BSA_0355_SM01_10x_SPLENO/OUT/COUNT/M8_control_Prog_transcriptome/filtered_feature_bc_matrix/barcodes.tsv.gz
2024-11-11 13:29:05,606 - DEBUG - Example of barcode: AAACCCAAGGGAGTTC and cell_id: velocyto:AAACCCAAGGGAGTTC-1
2024-11-11 13:29:05,638 - DEBUG - Peeking into /research/peer/fdeckert/FD20200109SPLENO/data/BSA_0355_SM01_10x_SPLENO/OUT/COUNT/M8_control_Prog_transcriptome/possorted_genome_bam.bam
2024-11-11 13:29:06,015 - WARNING - Not found cell and umi barcode in entry 5 of the bam file
2024-11-11 13:29:06,020 - WARNING - Not found cell and umi barcode in entry 150 of the bam file
2024-11-11 13:29:06,020 - WARNING - Not found cell and umi barcode in entry 151 of the bam file
2024-11-11 13:29:06,020 - WARNING - Not found cell and umi barcode in entry 172 of the bam file
2024-11-11 13:29:06,020 - WARNING - Not found cell and umi barcode in entry 173 of the bam file
2024-11-11 13:29:06,020 - WARNING - Not found cell and umi barcode in entry 203 of the bam file
2024-11-11 13:29:06,020 - WARNING - Not found cell and umi barcode in entry 263 of the bam file
2024-11-11 13:29:06,020 - WARNING - Not found cell and umi barcode in entry 272 of the bam file
2024-11-11 13:29:06,020 - WARNING - Not found cell and umi barcode in entry 273 of the bam file
2024-11-11 13:29:06,020 - WARNING - Not found cell and umi barcode in entry 383 of the bam file
2024-11-11 13:29:06,020 - WARNING - Not found cell and umi barcode in entry 411 of the bam file
2024-11-11 13:29:06,020 - WARNING - Not found cell and umi barcode in entry 426 of the bam file
2024-11-11 13:29:06,020 - WARNING - Not found cell and umi barcode in entry 428 of the bam file
2024-11-11 13:29:06,020 - WARNING - Not found cell and umi barcode in entry 431 of the bam file
2024-11-11 13:29:06,020 - WARNING - Not found cell and umi barcode in entry 436 of the bam file
2024-11-11 13:29:06,057 - WARNING - Not found cell and umi barcode in entry 437 of the bam file
2024-11-11 13:29:06,057 - WARNING - Not found cell and umi barcode in entry 477 of the bam file
2024-11-11 13:29:06,057 - WARNING - Not found cell and umi barcode in entry 503 of the bam file
2024-11-11 13:29:06,057 - WARNING - Not found cell and umi barcode in entry 511 of the bam file
2024-11-11 13:29:06,057 - WARNING - Not found cell and umi barcode in entry 522 of the bam file
2024-11-11 13:29:06,057 - WARNING - Not found cell and umi barcode in entry 552 of the bam file
2024-11-11 13:29:06,057 - WARNING - Not found cell and umi barcode in entry 554 of the bam file
2024-11-11 13:29:06,057 - WARNING - Not found cell and umi barcode in entry 562 of the bam file
2024-11-11 13:29:06,057 - WARNING - Not found cell and umi barcode in entry 636 of the bam file
2024-11-11 13:29:06,057 - WARNING - Not found cell and umi barcode in entry 637 of the bam file
2024-11-11 13:29:06,057 - WARNING - Not found cell and umi barcode in entry 638 of the bam file
2024-11-11 13:29:06,057 - WARNING - Not found cell and umi barcode in entry 654 of the bam file
2024-11-11 13:29:06,058 - WARNING - Not found cell and umi barcode in entry 656 of the bam file
2024-11-11 13:29:06,058 - WARNING - Not found cell and umi barcode in entry 663 of the bam file
2024-11-11 13:29:06,058 - WARNING - Not found cell and umi barcode in entry 666 of the bam file
2024-11-11 13:29:06,058 - WARNING - Not found cell and umi barcode in entry 695 of the bam file
2024-11-11 13:29:06,058 - WARNING - Not found cell and umi barcode in entry 709 of the bam file
2024-11-11 13:29:06,062 - WARNING - Not found cell and umi barcode in entry 758 of the bam file
2024-11-11 13:29:06,062 - WARNING - Not found cell and umi barcode in entry 767 of the bam file
2024-11-11 13:29:06,062 - WARNING - Not found cell and umi barcode in entry 816 of the bam file
2024-11-11 13:29:06,062 - WARNING - Not found cell and umi barcode in entry 817 of the bam file
2024-11-11 13:29:06,062 - WARNING - Not found cell and umi barcode in entry 953 of the bam file
2024-11-11 13:29:06,062 - WARNING - Not found cell and umi barcode in entry 965 of the bam file
2024-11-11 13:29:06,062 - WARNING - Not found cell and umi barcode in entry 972 of the bam file
2024-11-11 13:29:06,063 - WARNING - Not found cell and umi barcode in entry 977 of the bam file
2024-11-11 13:29:06,071 - WARNING - The file /research/peer/fdeckert/FD20200109SPLENO/data/BSA_0355_SM01_10x_SPLENO/OUT/COUNT/M8_control_Prog_transcriptome/cellsorted_possorted_genome_bam.bam already exists. The sorting step will be skipped and the existing file will be used.
2024-11-11 13:29:06,071 - INFO - Load the annotation from /nobackup/peer/fdeckert/Illumina/reference/mm10-v.3.0.0/Mus_musculus.GRCm38.93.filtered.gtf
2024-11-11 13:29:08,429 - DEBUG - Parsing Chromosome 1 strand - [line 0]
2024-11-11 13:29:08,737 - DEBUG - Done with 1- [line 55263]
2024-11-11 13:29:08,738 - DEBUG - Assigning indexes to genes
2024-11-11 13:29:08,741 - DEBUG - Seen 852 genes until now
2024-11-11 13:29:08,741 - DEBUG - Parsing Chromosome 1 strand + [line 55264]
2024-11-11 13:29:08,861 - DEBUG - Done with 1+ [line 108827]
2024-11-11 13:29:08,861 - DEBUG - Assigning indexes to genes
2024-11-11 13:29:08,864 - DEBUG - Seen 1744 genes until now
2024-11-11 13:29:08,864 - DEBUG - Parsing Chromosome 10 strand - [line 108828]
2024-11-11 13:29:09,082 - DEBUG - Done with 10- [line 148287]
2024-11-11 13:29:09,082 - DEBUG - Assigning indexes to genes
2024-11-11 13:29:09,084 - DEBUG - Seen 2492 genes until now
2024-11-11 13:29:09,084 - DEBUG - Parsing Chromosome 10 strand + [line 148288]
2024-11-11 13:29:09,181 - DEBUG - Done with 10+ [line 190661]
2024-11-11 13:29:09,181 - DEBUG - Assigning indexes to genes
2024-11-11 13:29:09,183 - DEBUG - Seen 3285 genes until now
2024-11-11 13:29:09,183 - DEBUG - Parsing Chromosome 11 strand - [line 190662]
2024-11-11 13:29:09,325 - DEBUG - Done with 11- [line 252011]
2024-11-11 13:29:09,325 - DEBUG - Assigning indexes to genes
2024-11-11 13:29:09,328 - DEBUG - Seen 4335 genes until now
2024-11-11 13:29:09,329 - DEBUG - Parsing Chromosome 11 strand + [line 252012]
2024-11-11 13:29:09,611 - DEBUG - Done with 11+ [line 314062]
2024-11-11 13:29:09,611 - DEBUG - Assigning indexes to genes
2024-11-11 13:29:09,614 - DEBUG - Seen 5320 genes until now
2024-11-11 13:29:09,614 - DEBUG - Parsing Chromosome 12 strand - [line 314063]
2024-11-11 13:29:09,671 - DEBUG - Done with 12- [line 338958]
2024-11-11 13:29:09,671 - DEBUG - Assigning indexes to genes
2024-11-11 13:29:09,673 - DEBUG - Seen 6056 genes until now
2024-11-11 13:29:09,673 - DEBUG - Parsing Chromosome 12 strand + [line 338959]
2024-11-11 13:29:09,751 - DEBUG - Done with 12+ [line 372787]
2024-11-11 13:29:09,751 - DEBUG - Assigning indexes to genes
2024-11-11 13:29:09,752 - DEBUG - Seen 6615 genes until now
2024-11-11 13:29:09,752 - DEBUG - Parsing Chromosome 13 strand - [line 372788]
2024-11-11 13:29:09,990 - DEBUG - Done with 13- [line 406792]
2024-11-11 13:29:09,990 - DEBUG - Assigning indexes to genes
2024-11-11 13:29:09,992 - DEBUG - Seen 7339 genes until now
2024-11-11 13:29:09,992 - DEBUG - Parsing Chromosome 13 strand + [line 406793]
2024-11-11 13:29:10,052 - DEBUG - Done with 13+ [line 433455]
2024-11-11 13:29:10,052 - DEBUG - Assigning indexes to genes
2024-11-11 13:29:10,053 - DEBUG - Seen 8023 genes until now
2024-11-11 13:29:10,053 - DEBUG - Parsing Chromosome 14 strand - [line 433456]
2024-11-11 13:29:10,138 - DEBUG - Done with 14- [line 469680]
2024-11-11 13:29:10,138 - DEBUG - Assigning indexes to genes
2024-11-11 13:29:10,140 - DEBUG - Seen 8704 genes until now
2024-11-11 13:29:10,140 - DEBUG - Parsing Chromosome 14 strand + [line 469681]
2024-11-11 13:29:10,214 - DEBUG - Done with 14+ [line 502857]
2024-11-11 13:29:10,214 - DEBUG - Assigning indexes to genes
2024-11-11 13:29:10,216 - DEBUG - Seen 9518 genes until now
2024-11-11 13:29:10,216 - DEBUG - Parsing Chromosome 15 strand - [line 502858]
2024-11-11 13:29:10,301 - DEBUG - Done with 15- [line 539049]
2024-11-11 13:29:10,301 - DEBUG - Assigning indexes to genes
2024-11-11 13:29:10,303 - DEBUG - Seen 10092 genes until now
2024-11-11 13:29:10,303 - DEBUG - Parsing Chromosome 15 strand + [line 539050]
2024-11-11 13:29:10,555 - DEBUG - Done with 15+ [line 569723]
2024-11-11 13:29:10,555 - DEBUG - Assigning indexes to genes
2024-11-11 13:29:10,557 - DEBUG - Seen 10616 genes until now
2024-11-11 13:29:10,557 - DEBUG - Parsing Chromosome 16 strand - [line 569724]
2024-11-11 13:29:10,618 - DEBUG - Done with 16- [line 596286]
2024-11-11 13:29:10,618 - DEBUG - Assigning indexes to genes
2024-11-11 13:29:10,620 - DEBUG - Seen 11093 genes until now
2024-11-11 13:29:10,620 - DEBUG - Parsing Chromosome 16 strand + [line 596287]
2024-11-11 13:29:10,690 - DEBUG - Done with 16+ [line 626571]
2024-11-11 13:29:10,690 - DEBUG - Assigning indexes to genes
2024-11-11 13:29:10,691 - DEBUG - Seen 11545 genes until now
2024-11-11 13:29:10,691 - DEBUG - Parsing Chromosome 17 strand - [line 626572]
2024-11-11 13:29:10,767 - DEBUG - Done with 17- [line 659846]
2024-11-11 13:29:10,768 - DEBUG - Assigning indexes to genes
2024-11-11 13:29:10,769 - DEBUG - Seen 12152 genes until now
2024-11-11 13:29:10,769 - DEBUG - Parsing Chromosome 17 strand + [line 659847]
2024-11-11 13:29:10,851 - DEBUG - Done with 17+ [line 696472]
2024-11-11 13:29:10,851 - DEBUG - Assigning indexes to genes
2024-11-11 13:29:10,853 - DEBUG - Seen 12800 genes until now
2024-11-11 13:29:10,853 - DEBUG - Parsing Chromosome 18 strand - [line 696473]
2024-11-11 13:29:10,882 - DEBUG - Done with 18- [line 709486]
2024-11-11 13:29:10,883 - DEBUG - Assigning indexes to genes
2024-11-11 13:29:10,883 - DEBUG - Seen 13059 genes until now
2024-11-11 13:29:10,883 - DEBUG - Parsing Chromosome 18 strand + [line 709487]
2024-11-11 13:29:10,924 - DEBUG - Done with 18+ [line 728027]
2024-11-11 13:29:10,924 - DEBUG - Assigning indexes to genes
2024-11-11 13:29:10,925 - DEBUG - Seen 13409 genes until now
2024-11-11 13:29:10,925 - DEBUG - Parsing Chromosome 19 strand - [line 728028]
2024-11-11 13:29:10,980 - DEBUG - Done with 19- [line 752316]
2024-11-11 13:29:10,980 - DEBUG - Assigning indexes to genes
2024-11-11 13:29:10,981 - DEBUG - Seen 13815 genes until now
2024-11-11 13:29:10,981 - DEBUG - Parsing Chromosome 19 strand + [line 752317]
2024-11-11 13:29:11,028 - DEBUG - Done with 19+ [line 773600]
2024-11-11 13:29:11,028 - DEBUG - Assigning indexes to genes
2024-11-11 13:29:11,029 - DEBUG - Seen 14224 genes until now
2024-11-11 13:29:11,030 - DEBUG - Parsing Chromosome 2 strand - [line 773601]
2024-11-11 13:29:11,455 - DEBUG - Done with 2- [line 848821]
2024-11-11 13:29:11,455 - DEBUG - Assigning indexes to genes
2024-11-11 13:29:11,459 - DEBUG - Seen 15398 genes until now
2024-11-11 13:29:11,459 - DEBUG - Parsing Chromosome 2 strand + [line 848822]
2024-11-11 13:29:11,620 - DEBUG - Done with 2+ [line 918704]
2024-11-11 13:29:11,620 - DEBUG - Assigning indexes to genes
2024-11-11 13:29:11,624 - DEBUG - Seen 16582 genes until now
2024-11-11 13:29:11,624 - DEBUG - Parsing Chromosome 3 strand - [line 918705]
2024-11-11 13:29:11,712 - DEBUG - Done with 3- [line 957202]
2024-11-11 13:29:11,713 - DEBUG - Assigning indexes to genes
2024-11-11 13:29:11,715 - DEBUG - Seen 17302 genes until now
2024-11-11 13:29:11,715 - DEBUG - Parsing Chromosome 3 strand + [line 957203]
2024-11-11 13:29:11,812 - DEBUG - Done with 3+ [line 1000138]
2024-11-11 13:29:11,812 - DEBUG - Assigning indexes to genes
2024-11-11 13:29:11,814 - DEBUG - Seen 18021 genes until now
2024-11-11 13:29:11,814 - DEBUG - Parsing Chromosome 4 strand - [line 1000139]
2024-11-11 13:29:11,931 - DEBUG - Done with 4- [line 1050727]
2024-11-11 13:29:11,931 - DEBUG - Assigning indexes to genes
2024-11-11 13:29:11,933 - DEBUG - Seen 18875 genes until now
2024-11-11 13:29:11,933 - DEBUG - Parsing Chromosome 4 strand + [line 1050728]
2024-11-11 13:29:12,288 - DEBUG - Done with 4+ [line 1099723]
2024-11-11 13:29:12,288 - DEBUG - Assigning indexes to genes
2024-11-11 13:29:12,291 - DEBUG - Seen 19731 genes until now
2024-11-11 13:29:12,291 - DEBUG - Parsing Chromosome 5 strand - [line 1099724]
2024-11-11 13:29:12,426 - DEBUG - Done with 5- [line 1157394]
2024-11-11 13:29:12,426 - DEBUG - Assigning indexes to genes
2024-11-11 13:29:12,429 - DEBUG - Seen 20622 genes until now
2024-11-11 13:29:12,429 - DEBUG - Parsing Chromosome 5 strand + [line 1157395]
2024-11-11 13:29:12,563 - DEBUG - Done with 5+ [line 1215626]
2024-11-11 13:29:12,564 - DEBUG - Assigning indexes to genes
2024-11-11 13:29:12,567 - DEBUG - Seen 21539 genes until now
2024-11-11 13:29:12,567 - DEBUG - Parsing Chromosome 6 strand - [line 1215627]
2024-11-11 13:29:12,668 - DEBUG - Done with 6- [line 1260326]
2024-11-11 13:29:12,668 - DEBUG - Assigning indexes to genes
2024-11-11 13:29:12,671 - DEBUG - Seen 22385 genes until now
2024-11-11 13:29:12,671 - DEBUG - Parsing Chromosome 6 strand + [line 1260327]
2024-11-11 13:29:12,776 - DEBUG - Done with 6+ [line 1307744]
2024-11-11 13:29:12,776 - DEBUG - Assigning indexes to genes
2024-11-11 13:29:12,779 - DEBUG - Seen 23304 genes until now
2024-11-11 13:29:12,779 - DEBUG - Parsing Chromosome 7 strand - [line 1307745]
2024-11-11 13:29:12,941 - DEBUG - Done with 7- [line 1379880]
2024-11-11 13:29:12,941 - DEBUG - Assigning indexes to genes
2024-11-11 13:29:12,946 - DEBUG - Seen 24656 genes until now
2024-11-11 13:29:12,946 - DEBUG - Parsing Chromosome 7 strand + [line 1379881]
2024-11-11 13:29:13,383 - DEBUG - Done with 7+ [line 1450335]
2024-11-11 13:29:13,383 - DEBUG - Assigning indexes to genes
2024-11-11 13:29:13,388 - DEBUG - Seen 25873 genes until now
2024-11-11 13:29:13,388 - DEBUG - Parsing Chromosome 8 strand - [line 1450336]
2024-11-11 13:29:13,470 - DEBUG - Done with 8- [line 1485523]
2024-11-11 13:29:13,470 - DEBUG - Assigning indexes to genes
2024-11-11 13:29:13,472 - DEBUG - Seen 26580 genes until now
2024-11-11 13:29:13,472 - DEBUG - Parsing Chromosome 8 strand + [line 1485524]
2024-11-11 13:29:13,577 - DEBUG - Done with 8+ [line 1531960]
2024-11-11 13:29:13,578 - DEBUG - Assigning indexes to genes
2024-11-11 13:29:13,580 - DEBUG - Seen 27398 genes until now
2024-11-11 13:29:13,580 - DEBUG - Parsing Chromosome 9 strand - [line 1531961]
2024-11-11 13:29:13,700 - DEBUG - Done with 9- [line 1583207]
2024-11-11 13:29:13,700 - DEBUG - Assigning indexes to genes
2024-11-11 13:29:13,702 - DEBUG - Seen 28230 genes until now
2024-11-11 13:29:13,702 - DEBUG - Parsing Chromosome 9 strand + [line 1583208]
2024-11-11 13:29:13,825 - DEBUG - Done with 9+ [line 1635954]
2024-11-11 13:29:13,825 - DEBUG - Assigning indexes to genes
2024-11-11 13:29:13,828 - DEBUG - Seen 29142 genes until now
2024-11-11 13:29:13,828 - DEBUG - Parsing Chromosome GL456210.1 strand - [line 1635955]
2024-11-11 13:29:13,828 - DEBUG - Done with GL456210.1- [line 1635981]
2024-11-11 13:29:13,828 - DEBUG - Assigning indexes to genes
2024-11-11 13:29:13,828 - DEBUG - Seen 29145 genes until now
2024-11-11 13:29:13,828 - DEBUG - Parsing Chromosome GL456210.1 strand + [line 1635982]
2024-11-11 13:29:13,828 - DEBUG - Done with GL456210.1+ [line 1635996]
2024-11-11 13:29:13,828 - DEBUG - Assigning indexes to genes
2024-11-11 13:29:13,828 - DEBUG - Seen 29147 genes until now
2024-11-11 13:29:13,828 - DEBUG - Parsing Chromosome GL456211.1 strand - [line 1635997]
2024-11-11 13:29:13,829 - DEBUG - Done with GL456211.1- [line 1636024]
2024-11-11 13:29:13,829 - DEBUG - Assigning indexes to genes
2024-11-11 13:29:13,829 - DEBUG - Seen 29151 genes until now
2024-11-11 13:29:13,829 - DEBUG - Parsing Chromosome GL456211.1 strand + [line 1636025]
2024-11-11 13:29:13,829 - DEBUG - Done with GL456211.1+ [line 1636050]
2024-11-11 13:29:13,829 - DEBUG - Assigning indexes to genes
2024-11-11 13:29:13,829 - DEBUG - Seen 29153 genes until now
2024-11-11 13:29:13,829 - DEBUG - Parsing Chromosome GL456212.1 strand - [line 1636051]
2024-11-11 13:29:13,829 - DEBUG - Done with GL456212.1- [line 1636086]
2024-11-11 13:29:13,829 - DEBUG - Assigning indexes to genes
2024-11-11 13:29:13,829 - DEBUG - Seen 29155 genes until now
2024-11-11 13:29:13,829 - DEBUG - Parsing Chromosome GL456216.1 strand + [line 1636087]
2024-11-11 13:29:13,829 - DEBUG - Done with GL456216.1+ [line 1636106]
2024-11-11 13:29:13,829 - DEBUG - Assigning indexes to genes
2024-11-11 13:29:13,829 - DEBUG - Seen 29156 genes until now
2024-11-11 13:29:13,829 - DEBUG - Parsing Chromosome GL456219.1 strand - [line 1636107]
2024-11-11 13:29:13,829 - DEBUG - Done with GL456219.1- [line 1636118]
2024-11-11 13:29:13,829 - DEBUG - Assigning indexes to genes
2024-11-11 13:29:13,829 - DEBUG - Seen 29158 genes until now
2024-11-11 13:29:13,829 - DEBUG - Parsing Chromosome GL456221.1 strand - [line 1636119]
2024-11-11 13:29:13,829 - DEBUG - Done with GL456221.1- [line 1636162]
2024-11-11 13:29:13,829 - DEBUG - Assigning indexes to genes
2024-11-11 13:29:13,830 - DEBUG - Seen 29162 genes until now
2024-11-11 13:29:13,830 - DEBUG - Parsing Chromosome GL456221.1 strand + [line 1636163]
2024-11-11 13:29:13,830 - DEBUG - Done with GL456221.1+ [line 1636181]
2024-11-11 13:29:13,830 - DEBUG - Assigning indexes to genes
2024-11-11 13:29:13,830 - DEBUG - Seen 29165 genes until now
2024-11-11 13:29:13,830 - DEBUG - Parsing Chromosome GL456233.1 strand - [line 1636182]
2024-11-11 13:29:13,830 - DEBUG - Done with GL456233.1- [line 1636213]
2024-11-11 13:29:13,830 - DEBUG - Assigning indexes to genes
2024-11-11 13:29:13,830 - DEBUG - Seen 29167 genes until now
2024-11-11 13:29:13,830 - DEBUG - Parsing Chromosome GL456233.1 strand + [line 1636214]
2024-11-11 13:29:13,830 - DEBUG - Done with GL456233.1+ [line 1636244]
2024-11-11 13:29:13,830 - DEBUG - Assigning indexes to genes
2024-11-11 13:29:13,830 - DEBUG - Seen 29169 genes until now
2024-11-11 13:29:13,830 - DEBUG - Parsing Chromosome GL456350.1 strand - [line 1636245]
2024-11-11 13:29:13,830 - DEBUG - Done with GL456350.1- [line 1636304]
2024-11-11 13:29:13,830 - DEBUG - Assigning indexes to genes
2024-11-11 13:29:13,830 - DEBUG - Seen 29174 genes until now
2024-11-11 13:29:13,830 - DEBUG - Parsing Chromosome GL456354.1 strand - [line 1636305]
2024-11-11 13:29:13,830 - DEBUG - Done with GL456354.1- [line 1636337]
2024-11-11 13:29:13,830 - DEBUG - Assigning indexes to genes
2024-11-11 13:29:13,830 - DEBUG - Seen 29177 genes until now
2024-11-11 13:29:13,830 - DEBUG - Parsing Chromosome GL456354.1 strand + [line 1636338]
2024-11-11 13:29:13,831 - DEBUG - Done with GL456354.1+ [line 1636357]
2024-11-11 13:29:13,831 - DEBUG - Assigning indexes to genes
2024-11-11 13:29:13,831 - DEBUG - Seen 29179 genes until now
2024-11-11 13:29:13,831 - DEBUG - Parsing Chromosome JH584292.1 strand + [line 1636358]
2024-11-11 13:29:13,831 - DEBUG - Done with JH584292.1+ [line 1636433]
2024-11-11 13:29:13,831 - DEBUG - Assigning indexes to genes
2024-11-11 13:29:13,831 - DEBUG - Seen 29180 genes until now
2024-11-11 13:29:13,831 - DEBUG - Parsing Chromosome JH584293.1 strand - [line 1636434]
2024-11-11 13:29:13,831 - DEBUG - Done with JH584293.1- [line 1636500]
2024-11-11 13:29:13,831 - DEBUG - Assigning indexes to genes
2024-11-11 13:29:13,831 - DEBUG - Seen 29186 genes until now
2024-11-11 13:29:13,831 - DEBUG - Parsing Chromosome JH584293.1 strand + [line 1636501]
2024-11-11 13:29:13,831 - DEBUG - Done with JH584293.1+ [line 1636542]
2024-11-11 13:29:13,831 - DEBUG - Assigning indexes to genes
2024-11-11 13:29:13,831 - DEBUG - Seen 29189 genes until now
2024-11-11 13:29:13,831 - DEBUG - Parsing Chromosome JH584294.1 strand - [line 1636543]
2024-11-11 13:29:13,832 - DEBUG - Done with JH584294.1- [line 1636607]
2024-11-11 13:29:13,832 - DEBUG - Assigning indexes to genes
2024-11-11 13:29:13,832 - DEBUG - Seen 29193 genes until now
2024-11-11 13:29:13,832 - DEBUG - Parsing Chromosome JH584294.1 strand + [line 1636608]
2024-11-11 13:29:13,832 - DEBUG - Done with JH584294.1+ [line 1636631]
2024-11-11 13:29:13,832 - DEBUG - Assigning indexes to genes
2024-11-11 13:29:13,832 - DEBUG - Seen 29195 genes until now
2024-11-11 13:29:13,832 - DEBUG - Parsing Chromosome JH584295.1 strand - [line 1636632]
2024-11-11 13:29:13,832 - DEBUG - Done with JH584295.1- [line 1636647]
2024-11-11 13:29:13,832 - DEBUG - Assigning indexes to genes
2024-11-11 13:29:13,832 - DEBUG - Seen 29196 genes until now
2024-11-11 13:29:13,832 - DEBUG - Parsing Chromosome JH584296.1 strand - [line 1636648]
2024-11-11 13:29:13,832 - DEBUG - Done with JH584296.1- [line 1636675]
2024-11-11 13:29:13,832 - DEBUG - Assigning indexes to genes
2024-11-11 13:29:13,832 - DEBUG - Seen 29199 genes until now
2024-11-11 13:29:13,832 - DEBUG - Parsing Chromosome JH584297.1 strand - [line 1636676]
2024-11-11 13:29:13,832 - DEBUG - Done with JH584297.1- [line 1636694]
2024-11-11 13:29:13,832 - DEBUG - Assigning indexes to genes
2024-11-11 13:29:13,832 - DEBUG - Seen 29201 genes until now
2024-11-11 13:29:13,832 - DEBUG - Parsing Chromosome JH584297.1 strand + [line 1636695]
2024-11-11 13:29:13,832 - DEBUG - Done with JH584297.1+ [line 1636703]
2024-11-11 13:29:13,832 - DEBUG - Assigning indexes to genes
2024-11-11 13:29:13,832 - DEBUG - Seen 29202 genes until now
2024-11-11 13:29:13,832 - DEBUG - Parsing Chromosome JH584298.1 strand - [line 1636704]
2024-11-11 13:29:13,833 - DEBUG - Done with JH584298.1- [line 1636714]
2024-11-11 13:29:13,833 - DEBUG - Assigning indexes to genes
2024-11-11 13:29:13,833 - DEBUG - Seen 29203 genes until now
2024-11-11 13:29:13,833 - DEBUG - Parsing Chromosome JH584298.1 strand + [line 1636715]
2024-11-11 13:29:13,833 - DEBUG - Done with JH584298.1+ [line 1636735]
2024-11-11 13:29:13,833 - DEBUG - Assigning indexes to genes
2024-11-11 13:29:13,833 - DEBUG - Seen 29205 genes until now
2024-11-11 13:29:13,833 - DEBUG - Parsing Chromosome JH584299.1 strand - [line 1636736]
2024-11-11 13:29:13,833 - DEBUG - Done with JH584299.1- [line 1636745]
2024-11-11 13:29:13,833 - DEBUG - Assigning indexes to genes
2024-11-11 13:29:13,833 - DEBUG - Seen 29206 genes until now
2024-11-11 13:29:13,833 - DEBUG - Parsing Chromosome JH584299.1 strand + [line 1636746]
2024-11-11 13:29:13,833 - DEBUG - Done with JH584299.1+ [line 1636857]
2024-11-11 13:29:13,833 - DEBUG - Assigning indexes to genes
2024-11-11 13:29:13,833 - DEBUG - Seen 29217 genes until now
2024-11-11 13:29:13,833 - DEBUG - Parsing Chromosome JH584303.1 strand + [line 1636858]
2024-11-11 13:29:13,833 - DEBUG - Done with JH584303.1+ [line 1636862]
2024-11-11 13:29:13,833 - DEBUG - Assigning indexes to genes
2024-11-11 13:29:13,833 - DEBUG - Seen 29218 genes until now
2024-11-11 13:29:13,833 - DEBUG - Parsing Chromosome JH584304.1 strand - [line 1636863]
2024-11-11 13:29:13,833 - DEBUG - Done with JH584304.1- [line 1636895]
2024-11-11 13:29:13,834 - DEBUG - Assigning indexes to genes
2024-11-11 13:29:13,834 - DEBUG - Seen 29219 genes until now
2024-11-11 13:29:13,834 - DEBUG - Parsing Chromosome MT strand - [line 1636896]
2024-11-11 13:29:13,834 - DEBUG - Done with MT- [line 1636901]
2024-11-11 13:29:13,834 - DEBUG - Assigning indexes to genes
2024-11-11 13:29:13,834 - DEBUG - Seen 29220 genes until now
2024-11-11 13:29:13,834 - DEBUG - Parsing Chromosome MT strand + [line 1636902]
2024-11-11 13:29:13,834 - DEBUG - Done with MT+ [line 1636970]
2024-11-11 13:29:13,834 - DEBUG - Assigning indexes to genes
2024-11-11 13:29:13,834 - DEBUG - Seen 29232 genes until now
2024-11-11 13:29:13,834 - DEBUG - Parsing Chromosome X strand - [line 1636971]
2024-11-11 13:29:13,896 - DEBUG - Done with X- [line 1663962]
2024-11-11 13:29:13,896 - DEBUG - Assigning indexes to genes
2024-11-11 13:29:13,898 - DEBUG - Seen 29755 genes until now
2024-11-11 13:29:13,898 - DEBUG - Parsing Chromosome X strand + [line 1663963]
2024-11-11 13:29:13,966 - DEBUG - Done with X+ [line 1694333]
2024-11-11 13:29:13,966 - DEBUG - Assigning indexes to genes
2024-11-11 13:29:13,968 - DEBUG - Seen 30320 genes until now
2024-11-11 13:29:13,968 - DEBUG - Parsing Chromosome Y strand - [line 1694334]
2024-11-11 13:29:13,979 - DEBUG - Done with Y- [line 1698842]
2024-11-11 13:29:13,979 - DEBUG - Assigning indexes to genes
2024-11-11 13:29:13,980 - DEBUG - Seen 30662 genes until now
2024-11-11 13:29:13,980 - DEBUG - Parsing Chromosome Y strand + [line 1698843]
2024-11-11 13:29:13,992 - DEBUG - Assigning indexes to genes
2024-11-11 13:29:13,993 - DEBUG - Done with Y+ [line 1704063]
2024-11-11 13:29:13,993 - DEBUG - Fixing corner cases of transcript models containg intron longer than 1000Kbp
2024-11-11 13:29:14,567 - DEBUG - Generated 1423079 features corresponding to 111079 transcript models from /nobackup/peer/fdeckert/Illumina/reference/mm10-v.3.0.0/Mus_musculus.GRCm38.93.filtered.gtf
2024-11-11 13:29:14,579 - INFO - Scan /research/peer/fdeckert/FD20200109SPLENO/data/BSA_0355_SM01_10x_SPLENO/OUT/COUNT/M8_control_Prog_transcriptome/possorted_genome_bam.bam to validate intron intervals
2024-11-11 13:29:15,680 - DEBUG - Reading /research/peer/fdeckert/FD20200109SPLENO/data/BSA_0355_SM01_10x_SPLENO/OUT/COUNT/M8_control_Prog_transcriptome/possorted_genome_bam.bam
2024-11-11 13:29:15,689 - DEBUG - Read first 0 million reads
2024-11-11 13:29:15,731 - DEBUG - Marking up chromosome 1
2024-11-11 13:29:30,942 - DEBUG - Marking up chromosome 10
2024-11-11 13:29:43,641 - DEBUG - Marking up chromosome 11
2024-11-11 13:29:59,185 - DEBUG - Read first 10 million reads
2024-11-11 13:30:05,776 - DEBUG - Marking up chromosome 12
2024-11-11 13:30:15,075 - DEBUG - Marking up chromosome 13
2024-11-11 13:30:24,600 - DEBUG - Marking up chromosome 14
2024-11-11 13:30:33,068 - DEBUG - Marking up chromosome 15
2024-11-11 13:30:42,598 - DEBUG - Marking up chromosome 16
2024-11-11 13:30:43,534 - DEBUG - Read first 20 million reads
2024-11-11 13:30:49,637 - DEBUG - Marking up chromosome 17
2024-11-11 13:31:05,075 - DEBUG - Marking up chromosome 18
2024-11-11 13:31:11,336 - DEBUG - Marking up chromosome 19
2024-11-11 13:31:20,460 - DEBUG - Marking up chromosome 2
2024-11-11 13:31:31,308 - DEBUG - Read first 30 million reads
2024-11-11 13:31:37,257 - DEBUG - Marking up chromosome 3
2024-11-11 13:31:48,713 - DEBUG - Marking up chromosome 4
2024-11-11 13:32:04,490 - DEBUG - Marking up chromosome 5
2024-11-11 13:32:17,733 - DEBUG - Read first 40 million reads
2024-11-11 13:32:20,279 - DEBUG - Marking up chromosome 6
2024-11-11 13:32:33,808 - DEBUG - Marking up chromosome 7
2024-11-11 13:32:57,643 - DEBUG - Marking up chromosome 8
2024-11-11 13:33:05,484 - DEBUG - Read first 50 million reads
2024-11-11 13:33:09,511 - DEBUG - Marking up chromosome 9
2024-11-11 13:33:24,772 - DEBUG - Marking up chromosome MT
2024-11-11 13:33:30,757 - DEBUG - Marking up chromosome X
2024-11-11 13:33:38,146 - DEBUG - Marking up chromosome Y
2024-11-11 13:33:38,624 - DEBUG - Marking up chromosome JH584299.1
2024-11-11 13:33:38,625 - DEBUG - Marking up chromosome GL456233.1
2024-11-11 13:33:38,634 - DEBUG - Marking up chromosome JH584301.1
2024-11-11 13:33:38,634 - WARNING - The .bam file refers to a chromosome 'JH584301.1+' not present in the annotation (.gtf) file
2024-11-11 13:33:38,634 - WARNING - The .bam file refers to a chromosome 'JH584301.1-' not present in the annotation (.gtf) file
2024-11-11 13:33:38,634 - DEBUG - Marking up chromosome GL456211.1
2024-11-11 13:33:38,637 - DEBUG - Marking up chromosome GL456221.1
2024-11-11 13:33:38,637 - DEBUG - Marking up chromosome JH584297.1
2024-11-11 13:33:38,639 - DEBUG - Marking up chromosome GL456354.1
2024-11-11 13:33:38,639 - DEBUG - Marking up chromosome JH584298.1
2024-11-11 13:33:38,639 - DEBUG - Marking up chromosome JH584300.1
2024-11-11 13:33:38,640 - WARNING - The .bam file refers to a chromosome 'JH584300.1+' not present in the annotation (.gtf) file
2024-11-11 13:33:38,640 - WARNING - The .bam file refers to a chromosome 'JH584300.1-' not present in the annotation (.gtf) file
2024-11-11 13:33:38,657 - DEBUG - Marking up chromosome GL456210.1
2024-11-11 13:33:38,658 - DEBUG - Marking up chromosome GL456212.1
2024-11-11 13:33:38,658 - WARNING - The .bam file refers to a chromosome 'GL456212.1+' not present in the annotation (.gtf) file
2024-11-11 13:33:38,659 - DEBUG - Marking up chromosome JH584304.1
2024-11-11 13:33:38,659 - WARNING - The .bam file refers to a chromosome 'JH584304.1+' not present in the annotation (.gtf) file
2024-11-11 13:33:38,711 - DEBUG - Marking up chromosome GL456379.1
2024-11-11 13:33:38,711 - WARNING - The .bam file refers to a chromosome 'GL456379.1+' not present in the annotation (.gtf) file
2024-11-11 13:33:38,711 - WARNING - The .bam file refers to a chromosome 'GL456379.1-' not present in the annotation (.gtf) file
2024-11-11 13:33:38,711 - DEBUG - Marking up chromosome GL456216.1
2024-11-11 13:33:38,711 - WARNING - The .bam file refers to a chromosome 'GL456216.1-' not present in the annotation (.gtf) file
2024-11-11 13:33:38,724 - DEBUG - Marking up chromosome GL456366.1
2024-11-11 13:33:38,724 - WARNING - The .bam file refers to a chromosome 'GL456366.1+' not present in the annotation (.gtf) file
2024-11-11 13:33:38,724 - WARNING - The .bam file refers to a chromosome 'GL456366.1-' not present in the annotation (.gtf) file
2024-11-11 13:33:38,725 - DEBUG - Marking up chromosome GL456383.1
2024-11-11 13:33:38,725 - WARNING - The .bam file refers to a chromosome 'GL456383.1+' not present in the annotation (.gtf) file
2024-11-11 13:33:38,725 - WARNING - The .bam file refers to a chromosome 'GL456383.1-' not present in the annotation (.gtf) file
2024-11-11 13:33:38,725 - DEBUG - Marking up chromosome GL456360.1
2024-11-11 13:33:38,725 - WARNING - The .bam file refers to a chromosome 'GL456360.1+' not present in the annotation (.gtf) file
2024-11-11 13:33:38,725 - WARNING - The .bam file refers to a chromosome 'GL456360.1-' not present in the annotation (.gtf) file
2024-11-11 13:33:38,725 - DEBUG - Marking up chromosome GL456378.1
2024-11-11 13:33:38,725 - WARNING - The .bam file refers to a chromosome 'GL456378.1+' not present in the annotation (.gtf) file
2024-11-11 13:33:38,725 - WARNING - The .bam file refers to a chromosome 'GL456378.1-' not present in the annotation (.gtf) file
2024-11-11 13:33:38,725 - DEBUG - Marking up chromosome GL456372.1
2024-11-11 13:33:38,725 - WARNING - The .bam file refers to a chromosome 'GL456372.1+' not present in the annotation (.gtf) file
2024-11-11 13:33:38,725 - WARNING - The .bam file refers to a chromosome 'GL456372.1-' not present in the annotation (.gtf) file
2024-11-11 13:33:38,726 - DEBUG - Marking up chromosome GL456370.1
2024-11-11 13:33:38,726 - WARNING - The .bam file refers to a chromosome 'GL456370.1+' not present in the annotation (.gtf) file
2024-11-11 13:33:38,726 - WARNING - The .bam file refers to a chromosome 'GL456370.1-' not present in the annotation (.gtf) file
2024-11-11 13:33:38,728 - DEBUG - Marking up chromosome GL456390.1
2024-11-11 13:33:38,728 - WARNING - The .bam file refers to a chromosome 'GL456390.1+' not present in the annotation (.gtf) file
2024-11-11 13:33:38,728 - WARNING - The .bam file refers to a chromosome 'GL456390.1-' not present in the annotation (.gtf) file
2024-11-11 13:33:38,728 - DEBUG - Marking up chromosome GL456382.1
2024-11-11 13:33:38,728 - WARNING - The .bam file refers to a chromosome 'GL456382.1+' not present in the annotation (.gtf) file
2024-11-11 13:33:38,728 - WARNING - The .bam file refers to a chromosome 'GL456382.1-' not present in the annotation (.gtf) file
2024-11-11 13:33:38,781 - DEBUG - Marking up chromosome GL456359.1
2024-11-11 13:33:38,781 - WARNING - The .bam file refers to a chromosome 'GL456359.1+' not present in the annotation (.gtf) file
2024-11-11 13:33:38,781 - WARNING - The .bam file refers to a chromosome 'GL456359.1-' not present in the annotation (.gtf) file
2024-11-11 13:33:38,782 - DEBUG - Marking up chromosome JH584295.1
2024-11-11 13:33:38,782 - WARNING - The .bam file refers to a chromosome 'JH584295.1+' not present in the annotation (.gtf) file
2024-11-11 13:33:41,633 - DEBUG - Read first 60 million reads
2024-11-11 13:33:55,730 - DEBUG - End of file. Reset index: start scanning from initial position.
2024-11-11 13:33:55,731 - DEBUG - 1047467 reads were skipped because no apropiate cell or umi barcode was found
2024-11-11 13:33:55,731 - DEBUG - Start molecule counting!
2024-11-11 13:33:56,892 - DEBUG - Features available for chromosomes : ['1-', '1+', '10-', '10+', '11-', '11+', '12-', '12+', '13-', '13+', '14-', '14+', '15-', '15+', '16-', '16+', '17-', '17+', '18-', '18+', '19-', '19+', '2-', '2+', '3-', '3+', '4-', '4+', '5-', '5+', '6-', '6+', '7-', '7+', '8-', '8+', '9-', '9+', 'GL456210.1-', 'GL456210.1+', 'GL456211.1-', 'GL456211.1+', 'GL456212.1-', 'GL456216.1+', 'GL456219.1-', 'GL456221.1-', 'GL456221.1+', 'GL456233.1-', 'GL456233.1+', 'GL456350.1-', 'GL456354.1-', 'GL456354.1+', 'JH584292.1+', 'JH584293.1-', 'JH584293.1+', 'JH584294.1-', 'JH584294.1+', 'JH584295.1-', 'JH584296.1-', 'JH584297.1-', 'JH584297.1+', 'JH584298.1-', 'JH584298.1+', 'JH584299.1-', 'JH584299.1+', 'JH584303.1+', 'JH584304.1-', 'MT-', 'MT+', 'X-', 'X+', 'Y-', 'Y+']
2024-11-11 13:33:56,892 - DEBUG - Mask available for chromosomes : []
2024-11-11 13:33:56,892 - DEBUG - Summarizing the results of intron validation.
2024-11-11 13:33:57,087 - DEBUG - Validated 134853 introns (of which unique intervals 51858) out of 656000 total possible introns (considering each possible transcript models).
2024-11-11 13:33:57,088 - DEBUG - Reading /research/peer/fdeckert/FD20200109SPLENO/data/BSA_0355_SM01_10x_SPLENO/OUT/COUNT/M8_control_Prog_transcriptome/cellsorted_possorted_genome_bam.bam
2024-11-11 13:33:57,098 - DEBUG - Read first 0 million reads
2024-11-11 13:34:06,731 - DEBUG - Counting for batch 1, containing 100 cells and 433304 reads
2024-11-11 13:34:15,591 - DEBUG - 0 reads not considered because fully enclosed in repeat masked regions
2024-11-11 13:34:22,496 - DEBUG - Counting for batch 2, containing 100 cells and 459980 reads
2024-11-11 13:34:32,681 - DEBUG - 0 reads not considered because fully enclosed in repeat masked regions
2024-11-11 13:34:39,622 - DEBUG - Counting for batch 3, containing 100 cells and 443572 reads
2024-11-11 13:34:48,858 - DEBUG - 0 reads not considered because fully enclosed in repeat masked regions
2024-11-11 13:34:55,623 - DEBUG - Counting for batch 4, containing 100 cells and 450597 reads
2024-11-11 13:35:05,647 - DEBUG - 0 reads not considered because fully enclosed in repeat masked regions
2024-11-11 13:35:12,404 - DEBUG - Counting for batch 5, containing 100 cells and 504685 reads
2024-11-11 13:35:23,572 - DEBUG - 0 reads not considered because fully enclosed in repeat masked regions
2024-11-11 13:35:30,022 - DEBUG - Counting for batch 6, containing 100 cells and 410368 reads
2024-11-11 13:35:39,715 - DEBUG - 0 reads not considered because fully enclosed in repeat masked regions
2024-11-11 13:35:45,908 - DEBUG - Counting for batch 7, containing 100 cells and 440344 reads
2024-11-11 13:35:55,940 - DEBUG - 0 reads not considered because fully enclosed in repeat masked regions
2024-11-11 13:35:59,993 - DEBUG - Read first 10 million reads
2024-11-11 13:36:02,193 - DEBUG - Counting for batch 8, containing 100 cells and 420327 reads
2024-11-11 13:36:11,094 - DEBUG - 0 reads not considered because fully enclosed in repeat masked regions
2024-11-11 13:36:17,507 - DEBUG - Counting for batch 9, containing 100 cells and 387918 reads
2024-11-11 13:36:25,656 - DEBUG - 0 reads not considered because fully enclosed in repeat masked regions
2024-11-11 13:36:31,993 - DEBUG - Counting for batch 10, containing 100 cells and 425827 reads
2024-11-11 13:36:41,604 - DEBUG - 0 reads not considered because fully enclosed in repeat masked regions
2024-11-11 13:36:47,724 - DEBUG - Counting for batch 11, containing 100 cells and 422350 reads
2024-11-11 13:36:56,296 - DEBUG - 0 reads not considered because fully enclosed in repeat masked regions
2024-11-11 13:37:03,615 - DEBUG - Counting for batch 12, containing 100 cells and 465253 reads
2024-11-11 13:37:12,926 - DEBUG - 0 reads not considered because fully enclosed in repeat masked regions
2024-11-11 13:37:19,859 - DEBUG - Counting for batch 13, containing 100 cells and 382450 reads
2024-11-11 13:37:27,970 - DEBUG - 0 reads not considered because fully enclosed in repeat masked regions
2024-11-11 13:37:33,899 - DEBUG - Counting for batch 14, containing 100 cells and 461338 reads
2024-11-11 13:37:43,963 - DEBUG - 0 reads not considered because fully enclosed in repeat masked regions
2024-11-11 13:37:51,036 - DEBUG - Counting for batch 15, containing 100 cells and 453291 reads
2024-11-11 13:38:00,552 - DEBUG - 0 reads not considered because fully enclosed in repeat masked regions
2024-11-11 13:38:07,445 - DEBUG - Counting for batch 16, containing 100 cells and 451143 reads
2024-11-11 13:38:16,607 - DEBUG - 0 reads not considered because fully enclosed in repeat masked regions
2024-11-11 13:38:22,777 - DEBUG - Read first 20 million reads
2024-11-11 13:38:24,265 - DEBUG - Counting for batch 17, containing 100 cells and 483319 reads
2024-11-11 13:38:34,006 - DEBUG - 0 reads not considered because fully enclosed in repeat masked regions
2024-11-11 13:38:40,875 - DEBUG - Counting for batch 18, containing 100 cells and 436926 reads
2024-11-11 13:38:49,668 - DEBUG - 0 reads not considered because fully enclosed in repeat masked regions
2024-11-11 13:38:56,662 - DEBUG - Counting for batch 19, containing 100 cells and 424607 reads
2024-11-11 13:39:05,392 - DEBUG - 0 reads not considered because fully enclosed in repeat masked regions
2024-11-11 13:39:13,205 - DEBUG - Counting for batch 20, containing 100 cells and 523278 reads
2024-11-11 13:39:23,636 - DEBUG - 0 reads not considered because fully enclosed in repeat masked regions
2024-11-11 13:39:30,585 - DEBUG - Counting for batch 21, containing 100 cells and 414227 reads
2024-11-11 13:39:39,902 - DEBUG - 0 reads not considered because fully enclosed in repeat masked regions
2024-11-11 13:39:46,062 - DEBUG - Counting for batch 22, containing 100 cells and 434695 reads
2024-11-11 13:39:54,908 - DEBUG - 0 reads not considered because fully enclosed in repeat masked regions
2024-11-11 13:40:02,314 - DEBUG - Counting for batch 23, containing 100 cells and 436520 reads
2024-11-11 13:40:11,342 - DEBUG - 0 reads not considered because fully enclosed in repeat masked regions
2024-11-11 13:40:18,102 - DEBUG - Counting for batch 24, containing 100 cells and 438837 reads
2024-11-11 13:40:27,334 - DEBUG - 0 reads not considered because fully enclosed in repeat masked regions
2024-11-11 13:40:34,343 - DEBUG - Counting for batch 25, containing 100 cells and 463347 reads
2024-11-11 13:40:44,366 - DEBUG - 0 reads not considered because fully enclosed in repeat masked regions
2024-11-11 13:40:51,250 - DEBUG - Counting for batch 26, containing 100 cells and 431381 reads
2024-11-11 13:40:59,865 - DEBUG - 0 reads not considered because fully enclosed in repeat masked regions
2024-11-11 13:41:01,980 - DEBUG - Read first 30 million reads
2024-11-11 13:41:05,989 - DEBUG - Counting for batch 27, containing 100 cells and 425962 reads
2024-11-11 13:41:15,728 - DEBUG - 0 reads not considered because fully enclosed in repeat masked regions
2024-11-11 13:41:21,671 - DEBUG - Counting for batch 28, containing 100 cells and 416865 reads
2024-11-11 13:41:31,061 - DEBUG - 0 reads not considered because fully enclosed in repeat masked regions
2024-11-11 13:41:37,399 - DEBUG - Counting for batch 29, containing 100 cells and 447677 reads
2024-11-11 13:41:46,571 - DEBUG - 0 reads not considered because fully enclosed in repeat masked regions
2024-11-11 13:41:53,937 - DEBUG - Counting for batch 30, containing 100 cells and 430705 reads
2024-11-11 13:42:02,950 - DEBUG - 0 reads not considered because fully enclosed in repeat masked regions
2024-11-11 13:42:09,422 - DEBUG - Counting for batch 31, containing 100 cells and 397816 reads
2024-11-11 13:42:17,584 - DEBUG - 0 reads not considered because fully enclosed in repeat masked regions
2024-11-11 13:42:25,005 - DEBUG - Counting for batch 32, containing 100 cells and 480012 reads
2024-11-11 13:42:34,800 - DEBUG - 0 reads not considered because fully enclosed in repeat masked regions
2024-11-11 13:42:42,374 - DEBUG - Counting for batch 33, containing 100 cells and 431437 reads
2024-11-11 13:42:51,359 - DEBUG - 0 reads not considered because fully enclosed in repeat masked regions
2024-11-11 13:42:58,104 - DEBUG - Counting for batch 34, containing 100 cells and 425611 reads
2024-11-11 13:43:07,062 - DEBUG - 0 reads not considered because fully enclosed in repeat masked regions
2024-11-11 13:43:13,712 - DEBUG - Counting for batch 35, containing 100 cells and 436498 reads
2024-11-11 13:43:22,497 - DEBUG - 0 reads not considered because fully enclosed in repeat masked regions
2024-11-11 13:43:25,381 - DEBUG - Read first 40 million reads
2024-11-11 13:43:29,394 - DEBUG - Counting for batch 36, containing 100 cells and 456339 reads
2024-11-11 13:43:39,079 - DEBUG - 0 reads not considered because fully enclosed in repeat masked regions
2024-11-11 13:43:45,835 - DEBUG - Counting for batch 37, containing 100 cells and 389576 reads
2024-11-11 13:43:53,940 - DEBUG - 0 reads not considered because fully enclosed in repeat masked regions
2024-11-11 13:44:00,429 - DEBUG - Counting for batch 38, containing 100 cells and 431929 reads
2024-11-11 13:44:09,170 - DEBUG - 0 reads not considered because fully enclosed in repeat masked regions
2024-11-11 13:44:16,348 - DEBUG - Counting for batch 39, containing 100 cells and 443680 reads
2024-11-11 13:44:25,408 - DEBUG - 0 reads not considered because fully enclosed in repeat masked regions
2024-11-11 13:44:32,249 - DEBUG - Counting for batch 40, containing 100 cells and 433202 reads
2024-11-11 13:44:41,928 - DEBUG - 0 reads not considered because fully enclosed in repeat masked regions
2024-11-11 13:44:48,864 - DEBUG - Counting for batch 41, containing 100 cells and 454931 reads
2024-11-11 13:44:58,115 - DEBUG - 0 reads not considered because fully enclosed in repeat masked regions
2024-11-11 13:45:04,819 - DEBUG - Counting for batch 42, containing 100 cells and 427676 reads
2024-11-11 13:45:13,902 - DEBUG - 0 reads not considered because fully enclosed in repeat masked regions
2024-11-11 13:45:20,398 - DEBUG - Counting for batch 43, containing 100 cells and 414469 reads
2024-11-11 13:45:29,022 - DEBUG - 0 reads not considered because fully enclosed in repeat masked regions
2024-11-11 13:45:35,655 - DEBUG - Counting for batch 44, containing 100 cells and 406668 reads
2024-11-11 13:45:43,933 - DEBUG - 0 reads not considered because fully enclosed in repeat masked regions
2024-11-11 13:45:48,581 - DEBUG - Read first 50 million reads
2024-11-11 13:45:50,233 - DEBUG - Counting for batch 45, containing 100 cells and 422511 reads
2024-11-11 13:45:59,515 - DEBUG - 0 reads not considered because fully enclosed in repeat masked regions
2024-11-11 13:46:05,564 - DEBUG - Counting for batch 46, containing 100 cells and 431958 reads
2024-11-11 13:46:15,297 - DEBUG - 0 reads not considered because fully enclosed in repeat masked regions
2024-11-11 13:46:21,245 - DEBUG - Counting for batch 47, containing 100 cells and 421583 reads
2024-11-11 13:46:29,835 - DEBUG - 0 reads not considered because fully enclosed in repeat masked regions
2024-11-11 13:46:36,764 - DEBUG - Counting for batch 48, containing 100 cells and 399880 reads
2024-11-11 13:46:44,910 - DEBUG - 0 reads not considered because fully enclosed in repeat masked regions
2024-11-11 13:46:50,859 - DEBUG - Counting for batch 49, containing 100 cells and 357715 reads
2024-11-11 13:46:58,502 - DEBUG - 0 reads not considered because fully enclosed in repeat masked regions
2024-11-11 13:47:04,768 - DEBUG - Counting for batch 50, containing 100 cells and 419463 reads
2024-11-11 13:47:13,325 - DEBUG - 0 reads not considered because fully enclosed in repeat masked regions
2024-11-11 13:47:19,874 - DEBUG - Counting for batch 51, containing 100 cells and 437796 reads
2024-11-11 13:47:29,881 - DEBUG - 0 reads not considered because fully enclosed in repeat masked regions
2024-11-11 13:47:36,230 - DEBUG - Counting for batch 52, containing 100 cells and 443626 reads
2024-11-11 13:47:45,424 - DEBUG - 0 reads not considered because fully enclosed in repeat masked regions
2024-11-11 13:47:52,900 - DEBUG - Counting for batch 53, containing 100 cells and 455478 reads
2024-11-11 13:48:02,165 - DEBUG - 0 reads not considered because fully enclosed in repeat masked regions
2024-11-11 13:48:08,861 - DEBUG - Counting for batch 54, containing 100 cells and 400274 reads
2024-11-11 13:48:18,213 - DEBUG - 0 reads not considered because fully enclosed in repeat masked regions
2024-11-11 13:48:20,830 - DEBUG - Read first 60 million reads
2024-11-11 13:48:23,805 - DEBUG - Counting for batch 55, containing 100 cells and 385883 reads
2024-11-11 13:48:31,832 - DEBUG - 0 reads not considered because fully enclosed in repeat masked regions
2024-11-11 13:48:37,866 - DEBUG - Counting for batch 56, containing 100 cells and 448367 reads
2024-11-11 13:48:48,021 - DEBUG - 0 reads not considered because fully enclosed in repeat masked regions
2024-11-11 13:48:55,025 - DEBUG - Counting for batch 57, containing 100 cells and 442447 reads
2024-11-11 13:49:04,193 - DEBUG - 0 reads not considered because fully enclosed in repeat masked regions
2024-11-11 13:49:10,942 - DEBUG - Counting for batch 58, containing 100 cells and 432121 reads
2024-11-11 13:49:19,941 - DEBUG - 0 reads not considered because fully enclosed in repeat masked regions
2024-11-11 13:49:26,292 - DEBUG - Counting for batch 59, containing 100 cells and 397987 reads
2024-11-11 13:49:34,508 - DEBUG - 0 reads not considered because fully enclosed in repeat masked regions
2024-11-11 13:49:40,671 - DEBUG - Counting for batch 60, containing 100 cells and 417427 reads
2024-11-11 13:49:49,153 - DEBUG - 0 reads not considered because fully enclosed in repeat masked regions
2024-11-11 13:49:56,189 - DEBUG - Counting for batch 61, containing 100 cells and 430985 reads
2024-11-11 13:50:05,869 - DEBUG - 0 reads not considered because fully enclosed in repeat masked regions
2024-11-11 13:50:11,313 - DEBUG - Counting for batch 62, containing 100 cells and 353631 reads
2024-11-11 13:50:18,011 - DEBUG - 0 reads not considered because fully enclosed in repeat masked regions
2024-11-11 13:50:24,097 - DEBUG - Counting for batch 63, containing 100 cells and 368280 reads
2024-11-11 13:50:32,096 - DEBUG - 0 reads not considered because fully enclosed in repeat masked regions
2024-11-11 13:50:34,825 - DEBUG - Counting for batch 64, containing 20 cells and 103802 reads
2024-11-11 13:50:37,168 - DEBUG - 0 reads not considered because fully enclosed in repeat masked regions
2024-11-11 13:50:37,672 - DEBUG - 1047467 reads were skipped because no apropiate cell or umi barcode was found
2024-11-11 13:50:37,672 - DEBUG - Counting done!
2024-11-11 13:50:37,678 - DEBUG - Generating output file data/BSA_0355_SM01_10x_SPLENO/OUT/COUNT/M8_control_Prog_transcriptome/velocyto.loom
2024-11-11 13:50:37,679 - DEBUG - Collecting row attributes
2024-11-11 13:50:37,758 - DEBUG - Generating data table
2024-11-11 13:50:38,514 - DEBUG - Writing loom file
2024-11-11 13:50:39,901 - DEBUG - Creating converter from 5 to 3
2024-11-11 13:50:39,957 - DEBUG - Creating converter from 3 to 5
2024-11-11 13:50:46,821 - DEBUG - Terminated Succesfully!
