2024-11-11 13:29:05,590 - DEBUG - Using logic: Permissive10X
2024-11-11 13:29:05,608 - INFO - Read 3661 cell barcodes from /research/peer/fdeckert/FD20200109SPLENO/data/BSA_0355_SM01_10x_SPLENO/OUT/COUNT/M2_CpG_Mac_transcriptome/filtered_feature_bc_matrix/barcodes.tsv.gz
2024-11-11 13:29:05,608 - DEBUG - Example of barcode: AAACCCAAGTAAATGC and cell_id: velocyto:AAACCCAAGTAAATGC-1
2024-11-11 13:29:05,645 - DEBUG - Peeking into /research/peer/fdeckert/FD20200109SPLENO/data/BSA_0355_SM01_10x_SPLENO/OUT/COUNT/M2_CpG_Mac_transcriptome/possorted_genome_bam.bam
2024-11-11 13:29:06,015 - WARNING - Not found cell and umi barcode in entry 6 of the bam file
2024-11-11 13:29:06,015 - WARNING - Not found cell and umi barcode in entry 30 of the bam file
2024-11-11 13:29:06,015 - WARNING - Not found cell and umi barcode in entry 42 of the bam file
2024-11-11 13:29:06,015 - WARNING - Not found cell and umi barcode in entry 70 of the bam file
2024-11-11 13:29:06,015 - WARNING - Not found cell and umi barcode in entry 93 of the bam file
2024-11-11 13:29:06,028 - WARNING - Not found cell and umi barcode in entry 157 of the bam file
2024-11-11 13:29:06,028 - WARNING - Not found cell and umi barcode in entry 219 of the bam file
2024-11-11 13:29:06,029 - WARNING - Not found cell and umi barcode in entry 221 of the bam file
2024-11-11 13:29:06,029 - WARNING - Not found cell and umi barcode in entry 230 of the bam file
2024-11-11 13:29:06,029 - WARNING - Not found cell and umi barcode in entry 239 of the bam file
2024-11-11 13:29:06,029 - WARNING - Not found cell and umi barcode in entry 266 of the bam file
2024-11-11 13:29:06,029 - WARNING - Not found cell and umi barcode in entry 339 of the bam file
2024-11-11 13:29:06,029 - WARNING - Not found cell and umi barcode in entry 349 of the bam file
2024-11-11 13:29:06,029 - WARNING - Not found cell and umi barcode in entry 356 of the bam file
2024-11-11 13:29:06,029 - WARNING - Not found cell and umi barcode in entry 391 of the bam file
2024-11-11 13:29:06,062 - WARNING - Not found cell and umi barcode in entry 750 of the bam file
2024-11-11 13:29:06,062 - WARNING - Not found cell and umi barcode in entry 759 of the bam file
2024-11-11 13:29:06,066 - WARNING - Not found cell and umi barcode in entry 809 of the bam file
2024-11-11 13:29:06,066 - WARNING - Not found cell and umi barcode in entry 829 of the bam file
2024-11-11 13:29:06,070 - WARNING - The file /research/peer/fdeckert/FD20200109SPLENO/data/BSA_0355_SM01_10x_SPLENO/OUT/COUNT/M2_CpG_Mac_transcriptome/cellsorted_possorted_genome_bam.bam already exists. The sorting step will be skipped and the existing file will be used.
2024-11-11 13:29:06,071 - INFO - Load the annotation from /nobackup/peer/fdeckert/Illumina/reference/mm10-v.3.0.0/Mus_musculus.GRCm38.93.filtered.gtf
2024-11-11 13:29:08,408 - DEBUG - Parsing Chromosome 1 strand - [line 0]
2024-11-11 13:29:08,662 - DEBUG - Done with 1- [line 55263]
2024-11-11 13:29:08,662 - DEBUG - Assigning indexes to genes
2024-11-11 13:29:08,665 - DEBUG - Seen 852 genes until now
2024-11-11 13:29:08,665 - DEBUG - Parsing Chromosome 1 strand + [line 55264]
2024-11-11 13:29:08,785 - DEBUG - Done with 1+ [line 108827]
2024-11-11 13:29:08,785 - DEBUG - Assigning indexes to genes
2024-11-11 13:29:08,787 - DEBUG - Seen 1744 genes until now
2024-11-11 13:29:08,787 - DEBUG - Parsing Chromosome 10 strand - [line 108828]
2024-11-11 13:29:09,006 - DEBUG - Done with 10- [line 148287]
2024-11-11 13:29:09,006 - DEBUG - Assigning indexes to genes
2024-11-11 13:29:09,009 - DEBUG - Seen 2492 genes until now
2024-11-11 13:29:09,009 - DEBUG - Parsing Chromosome 10 strand + [line 148288]
2024-11-11 13:29:09,105 - DEBUG - Done with 10+ [line 190661]
2024-11-11 13:29:09,105 - DEBUG - Assigning indexes to genes
2024-11-11 13:29:09,108 - DEBUG - Seen 3285 genes until now
2024-11-11 13:29:09,108 - DEBUG - Parsing Chromosome 11 strand - [line 190662]
2024-11-11 13:29:09,250 - DEBUG - Done with 11- [line 252011]
2024-11-11 13:29:09,250 - DEBUG - Assigning indexes to genes
2024-11-11 13:29:09,253 - DEBUG - Seen 4335 genes until now
2024-11-11 13:29:09,253 - DEBUG - Parsing Chromosome 11 strand + [line 252012]
2024-11-11 13:29:09,536 - DEBUG - Done with 11+ [line 314062]
2024-11-11 13:29:09,536 - DEBUG - Assigning indexes to genes
2024-11-11 13:29:09,539 - DEBUG - Seen 5320 genes until now
2024-11-11 13:29:09,539 - DEBUG - Parsing Chromosome 12 strand - [line 314063]
2024-11-11 13:29:09,596 - DEBUG - Done with 12- [line 338958]
2024-11-11 13:29:09,597 - DEBUG - Assigning indexes to genes
2024-11-11 13:29:09,598 - DEBUG - Seen 6056 genes until now
2024-11-11 13:29:09,598 - DEBUG - Parsing Chromosome 12 strand + [line 338959]
2024-11-11 13:29:09,676 - DEBUG - Done with 12+ [line 372787]
2024-11-11 13:29:09,676 - DEBUG - Assigning indexes to genes
2024-11-11 13:29:09,678 - DEBUG - Seen 6615 genes until now
2024-11-11 13:29:09,678 - DEBUG - Parsing Chromosome 13 strand - [line 372788]
2024-11-11 13:29:09,916 - DEBUG - Done with 13- [line 406792]
2024-11-11 13:29:09,917 - DEBUG - Assigning indexes to genes
2024-11-11 13:29:09,919 - DEBUG - Seen 7339 genes until now
2024-11-11 13:29:09,919 - DEBUG - Parsing Chromosome 13 strand + [line 406793]
2024-11-11 13:29:09,979 - DEBUG - Done with 13+ [line 433455]
2024-11-11 13:29:09,979 - DEBUG - Assigning indexes to genes
2024-11-11 13:29:09,981 - DEBUG - Seen 8023 genes until now
2024-11-11 13:29:09,981 - DEBUG - Parsing Chromosome 14 strand - [line 433456]
2024-11-11 13:29:10,065 - DEBUG - Done with 14- [line 469680]
2024-11-11 13:29:10,065 - DEBUG - Assigning indexes to genes
2024-11-11 13:29:10,067 - DEBUG - Seen 8704 genes until now
2024-11-11 13:29:10,067 - DEBUG - Parsing Chromosome 14 strand + [line 469681]
2024-11-11 13:29:10,141 - DEBUG - Done with 14+ [line 502857]
2024-11-11 13:29:10,141 - DEBUG - Assigning indexes to genes
2024-11-11 13:29:10,143 - DEBUG - Seen 9518 genes until now
2024-11-11 13:29:10,143 - DEBUG - Parsing Chromosome 15 strand - [line 502858]
2024-11-11 13:29:10,229 - DEBUG - Done with 15- [line 539049]
2024-11-11 13:29:10,229 - DEBUG - Assigning indexes to genes
2024-11-11 13:29:10,231 - DEBUG - Seen 10092 genes until now
2024-11-11 13:29:10,231 - DEBUG - Parsing Chromosome 15 strand + [line 539050]
2024-11-11 13:29:10,483 - DEBUG - Done with 15+ [line 569723]
2024-11-11 13:29:10,483 - DEBUG - Assigning indexes to genes
2024-11-11 13:29:10,485 - DEBUG - Seen 10616 genes until now
2024-11-11 13:29:10,486 - DEBUG - Parsing Chromosome 16 strand - [line 569724]
2024-11-11 13:29:10,547 - DEBUG - Done with 16- [line 596286]
2024-11-11 13:29:10,547 - DEBUG - Assigning indexes to genes
2024-11-11 13:29:10,549 - DEBUG - Seen 11093 genes until now
2024-11-11 13:29:10,549 - DEBUG - Parsing Chromosome 16 strand + [line 596287]
2024-11-11 13:29:10,619 - DEBUG - Done with 16+ [line 626571]
2024-11-11 13:29:10,619 - DEBUG - Assigning indexes to genes
2024-11-11 13:29:10,621 - DEBUG - Seen 11545 genes until now
2024-11-11 13:29:10,621 - DEBUG - Parsing Chromosome 17 strand - [line 626572]
2024-11-11 13:29:10,697 - DEBUG - Done with 17- [line 659846]
2024-11-11 13:29:10,697 - DEBUG - Assigning indexes to genes
2024-11-11 13:29:10,699 - DEBUG - Seen 12152 genes until now
2024-11-11 13:29:10,699 - DEBUG - Parsing Chromosome 17 strand + [line 659847]
2024-11-11 13:29:10,781 - DEBUG - Done with 17+ [line 696472]
2024-11-11 13:29:10,781 - DEBUG - Assigning indexes to genes
2024-11-11 13:29:10,783 - DEBUG - Seen 12800 genes until now
2024-11-11 13:29:10,783 - DEBUG - Parsing Chromosome 18 strand - [line 696473]
2024-11-11 13:29:10,812 - DEBUG - Done with 18- [line 709486]
2024-11-11 13:29:10,812 - DEBUG - Assigning indexes to genes
2024-11-11 13:29:10,813 - DEBUG - Seen 13059 genes until now
2024-11-11 13:29:10,813 - DEBUG - Parsing Chromosome 18 strand + [line 709487]
2024-11-11 13:29:10,853 - DEBUG - Done with 18+ [line 728027]
2024-11-11 13:29:10,853 - DEBUG - Assigning indexes to genes
2024-11-11 13:29:10,854 - DEBUG - Seen 13409 genes until now
2024-11-11 13:29:10,854 - DEBUG - Parsing Chromosome 19 strand - [line 728028]
2024-11-11 13:29:10,910 - DEBUG - Done with 19- [line 752316]
2024-11-11 13:29:10,910 - DEBUG - Assigning indexes to genes
2024-11-11 13:29:10,911 - DEBUG - Seen 13815 genes until now
2024-11-11 13:29:10,911 - DEBUG - Parsing Chromosome 19 strand + [line 752317]
2024-11-11 13:29:10,958 - DEBUG - Done with 19+ [line 773600]
2024-11-11 13:29:10,958 - DEBUG - Assigning indexes to genes
2024-11-11 13:29:10,959 - DEBUG - Seen 14224 genes until now
2024-11-11 13:29:10,959 - DEBUG - Parsing Chromosome 2 strand - [line 773601]
2024-11-11 13:29:11,343 - DEBUG - Done with 2- [line 848821]
2024-11-11 13:29:11,343 - DEBUG - Assigning indexes to genes
2024-11-11 13:29:11,347 - DEBUG - Seen 15398 genes until now
2024-11-11 13:29:11,347 - DEBUG - Parsing Chromosome 2 strand + [line 848822]
2024-11-11 13:29:11,508 - DEBUG - Done with 2+ [line 918704]
2024-11-11 13:29:11,509 - DEBUG - Assigning indexes to genes
2024-11-11 13:29:11,512 - DEBUG - Seen 16582 genes until now
2024-11-11 13:29:11,513 - DEBUG - Parsing Chromosome 3 strand - [line 918705]
2024-11-11 13:29:11,600 - DEBUG - Done with 3- [line 957202]
2024-11-11 13:29:11,600 - DEBUG - Assigning indexes to genes
2024-11-11 13:29:11,602 - DEBUG - Seen 17302 genes until now
2024-11-11 13:29:11,603 - DEBUG - Parsing Chromosome 3 strand + [line 957203]
2024-11-11 13:29:11,700 - DEBUG - Done with 3+ [line 1000138]
2024-11-11 13:29:11,700 - DEBUG - Assigning indexes to genes
2024-11-11 13:29:11,702 - DEBUG - Seen 18021 genes until now
2024-11-11 13:29:11,702 - DEBUG - Parsing Chromosome 4 strand - [line 1000139]
2024-11-11 13:29:11,820 - DEBUG - Done with 4- [line 1050727]
2024-11-11 13:29:11,820 - DEBUG - Assigning indexes to genes
2024-11-11 13:29:11,823 - DEBUG - Seen 18875 genes until now
2024-11-11 13:29:11,823 - DEBUG - Parsing Chromosome 4 strand + [line 1050728]
2024-11-11 13:29:12,177 - DEBUG - Done with 4+ [line 1099723]
2024-11-11 13:29:12,177 - DEBUG - Assigning indexes to genes
2024-11-11 13:29:12,180 - DEBUG - Seen 19731 genes until now
2024-11-11 13:29:12,180 - DEBUG - Parsing Chromosome 5 strand - [line 1099724]
2024-11-11 13:29:12,315 - DEBUG - Done with 5- [line 1157394]
2024-11-11 13:29:12,315 - DEBUG - Assigning indexes to genes
2024-11-11 13:29:12,318 - DEBUG - Seen 20622 genes until now
2024-11-11 13:29:12,318 - DEBUG - Parsing Chromosome 5 strand + [line 1157395]
2024-11-11 13:29:12,452 - DEBUG - Done with 5+ [line 1215626]
2024-11-11 13:29:12,452 - DEBUG - Assigning indexes to genes
2024-11-11 13:29:12,455 - DEBUG - Seen 21539 genes until now
2024-11-11 13:29:12,455 - DEBUG - Parsing Chromosome 6 strand - [line 1215627]
2024-11-11 13:29:12,557 - DEBUG - Done with 6- [line 1260326]
2024-11-11 13:29:12,557 - DEBUG - Assigning indexes to genes
2024-11-11 13:29:12,560 - DEBUG - Seen 22385 genes until now
2024-11-11 13:29:12,560 - DEBUG - Parsing Chromosome 6 strand + [line 1260327]
2024-11-11 13:29:12,665 - DEBUG - Done with 6+ [line 1307744]
2024-11-11 13:29:12,665 - DEBUG - Assigning indexes to genes
2024-11-11 13:29:12,668 - DEBUG - Seen 23304 genes until now
2024-11-11 13:29:12,668 - DEBUG - Parsing Chromosome 7 strand - [line 1307745]
2024-11-11 13:29:12,829 - DEBUG - Done with 7- [line 1379880]
2024-11-11 13:29:12,830 - DEBUG - Assigning indexes to genes
2024-11-11 13:29:12,834 - DEBUG - Seen 24656 genes until now
2024-11-11 13:29:12,835 - DEBUG - Parsing Chromosome 7 strand + [line 1379881]
2024-11-11 13:29:13,273 - DEBUG - Done with 7+ [line 1450335]
2024-11-11 13:29:13,273 - DEBUG - Assigning indexes to genes
2024-11-11 13:29:13,278 - DEBUG - Seen 25873 genes until now
2024-11-11 13:29:13,278 - DEBUG - Parsing Chromosome 8 strand - [line 1450336]
2024-11-11 13:29:13,360 - DEBUG - Done with 8- [line 1485523]
2024-11-11 13:29:13,360 - DEBUG - Assigning indexes to genes
2024-11-11 13:29:13,362 - DEBUG - Seen 26580 genes until now
2024-11-11 13:29:13,362 - DEBUG - Parsing Chromosome 8 strand + [line 1485524]
2024-11-11 13:29:13,467 - DEBUG - Done with 8+ [line 1531960]
2024-11-11 13:29:13,467 - DEBUG - Assigning indexes to genes
2024-11-11 13:29:13,470 - DEBUG - Seen 27398 genes until now
2024-11-11 13:29:13,470 - DEBUG - Parsing Chromosome 9 strand - [line 1531961]
2024-11-11 13:29:13,592 - DEBUG - Done with 9- [line 1583207]
2024-11-11 13:29:13,592 - DEBUG - Assigning indexes to genes
2024-11-11 13:29:13,595 - DEBUG - Seen 28230 genes until now
2024-11-11 13:29:13,595 - DEBUG - Parsing Chromosome 9 strand + [line 1583208]
2024-11-11 13:29:13,714 - DEBUG - Done with 9+ [line 1635954]
2024-11-11 13:29:13,714 - DEBUG - Assigning indexes to genes
2024-11-11 13:29:13,717 - DEBUG - Seen 29142 genes until now
2024-11-11 13:29:13,717 - DEBUG - Parsing Chromosome GL456210.1 strand - [line 1635955]
2024-11-11 13:29:13,717 - DEBUG - Done with GL456210.1- [line 1635981]
2024-11-11 13:29:13,717 - DEBUG - Assigning indexes to genes
2024-11-11 13:29:13,717 - DEBUG - Seen 29145 genes until now
2024-11-11 13:29:13,717 - DEBUG - Parsing Chromosome GL456210.1 strand + [line 1635982]
2024-11-11 13:29:13,717 - DEBUG - Done with GL456210.1+ [line 1635996]
2024-11-11 13:29:13,717 - DEBUG - Assigning indexes to genes
2024-11-11 13:29:13,717 - DEBUG - Seen 29147 genes until now
2024-11-11 13:29:13,717 - DEBUG - Parsing Chromosome GL456211.1 strand - [line 1635997]
2024-11-11 13:29:13,717 - DEBUG - Done with GL456211.1- [line 1636024]
2024-11-11 13:29:13,717 - DEBUG - Assigning indexes to genes
2024-11-11 13:29:13,717 - DEBUG - Seen 29151 genes until now
2024-11-11 13:29:13,717 - DEBUG - Parsing Chromosome GL456211.1 strand + [line 1636025]
2024-11-11 13:29:13,717 - DEBUG - Done with GL456211.1+ [line 1636050]
2024-11-11 13:29:13,717 - DEBUG - Assigning indexes to genes
2024-11-11 13:29:13,717 - DEBUG - Seen 29153 genes until now
2024-11-11 13:29:13,717 - DEBUG - Parsing Chromosome GL456212.1 strand - [line 1636051]
2024-11-11 13:29:13,718 - DEBUG - Done with GL456212.1- [line 1636086]
2024-11-11 13:29:13,718 - DEBUG - Assigning indexes to genes
2024-11-11 13:29:13,718 - DEBUG - Seen 29155 genes until now
2024-11-11 13:29:13,718 - DEBUG - Parsing Chromosome GL456216.1 strand + [line 1636087]
2024-11-11 13:29:13,718 - DEBUG - Done with GL456216.1+ [line 1636106]
2024-11-11 13:29:13,718 - DEBUG - Assigning indexes to genes
2024-11-11 13:29:13,718 - DEBUG - Seen 29156 genes until now
2024-11-11 13:29:13,718 - DEBUG - Parsing Chromosome GL456219.1 strand - [line 1636107]
2024-11-11 13:29:13,718 - DEBUG - Done with GL456219.1- [line 1636118]
2024-11-11 13:29:13,718 - DEBUG - Assigning indexes to genes
2024-11-11 13:29:13,718 - DEBUG - Seen 29158 genes until now
2024-11-11 13:29:13,718 - DEBUG - Parsing Chromosome GL456221.1 strand - [line 1636119]
2024-11-11 13:29:13,718 - DEBUG - Done with GL456221.1- [line 1636162]
2024-11-11 13:29:13,718 - DEBUG - Assigning indexes to genes
2024-11-11 13:29:13,718 - DEBUG - Seen 29162 genes until now
2024-11-11 13:29:13,718 - DEBUG - Parsing Chromosome GL456221.1 strand + [line 1636163]
2024-11-11 13:29:13,718 - DEBUG - Done with GL456221.1+ [line 1636181]
2024-11-11 13:29:13,718 - DEBUG - Assigning indexes to genes
2024-11-11 13:29:13,718 - DEBUG - Seen 29165 genes until now
2024-11-11 13:29:13,718 - DEBUG - Parsing Chromosome GL456233.1 strand - [line 1636182]
2024-11-11 13:29:13,718 - DEBUG - Done with GL456233.1- [line 1636213]
2024-11-11 13:29:13,718 - DEBUG - Assigning indexes to genes
2024-11-11 13:29:13,718 - DEBUG - Seen 29167 genes until now
2024-11-11 13:29:13,718 - DEBUG - Parsing Chromosome GL456233.1 strand + [line 1636214]
2024-11-11 13:29:13,719 - DEBUG - Done with GL456233.1+ [line 1636244]
2024-11-11 13:29:13,719 - DEBUG - Assigning indexes to genes
2024-11-11 13:29:13,719 - DEBUG - Seen 29169 genes until now
2024-11-11 13:29:13,719 - DEBUG - Parsing Chromosome GL456350.1 strand - [line 1636245]
2024-11-11 13:29:13,719 - DEBUG - Done with GL456350.1- [line 1636304]
2024-11-11 13:29:13,719 - DEBUG - Assigning indexes to genes
2024-11-11 13:29:13,719 - DEBUG - Seen 29174 genes until now
2024-11-11 13:29:13,719 - DEBUG - Parsing Chromosome GL456354.1 strand - [line 1636305]
2024-11-11 13:29:13,719 - DEBUG - Done with GL456354.1- [line 1636337]
2024-11-11 13:29:13,719 - DEBUG - Assigning indexes to genes
2024-11-11 13:29:13,719 - DEBUG - Seen 29177 genes until now
2024-11-11 13:29:13,719 - DEBUG - Parsing Chromosome GL456354.1 strand + [line 1636338]
2024-11-11 13:29:13,719 - DEBUG - Done with GL456354.1+ [line 1636357]
2024-11-11 13:29:13,719 - DEBUG - Assigning indexes to genes
2024-11-11 13:29:13,719 - DEBUG - Seen 29179 genes until now
2024-11-11 13:29:13,719 - DEBUG - Parsing Chromosome JH584292.1 strand + [line 1636358]
2024-11-11 13:29:13,719 - DEBUG - Done with JH584292.1+ [line 1636433]
2024-11-11 13:29:13,720 - DEBUG - Assigning indexes to genes
2024-11-11 13:29:13,720 - DEBUG - Seen 29180 genes until now
2024-11-11 13:29:13,720 - DEBUG - Parsing Chromosome JH584293.1 strand - [line 1636434]
2024-11-11 13:29:13,720 - DEBUG - Done with JH584293.1- [line 1636500]
2024-11-11 13:29:13,720 - DEBUG - Assigning indexes to genes
2024-11-11 13:29:13,720 - DEBUG - Seen 29186 genes until now
2024-11-11 13:29:13,720 - DEBUG - Parsing Chromosome JH584293.1 strand + [line 1636501]
2024-11-11 13:29:13,720 - DEBUG - Done with JH584293.1+ [line 1636542]
2024-11-11 13:29:13,720 - DEBUG - Assigning indexes to genes
2024-11-11 13:29:13,720 - DEBUG - Seen 29189 genes until now
2024-11-11 13:29:13,720 - DEBUG - Parsing Chromosome JH584294.1 strand - [line 1636543]
2024-11-11 13:29:13,720 - DEBUG - Done with JH584294.1- [line 1636607]
2024-11-11 13:29:13,720 - DEBUG - Assigning indexes to genes
2024-11-11 13:29:13,720 - DEBUG - Seen 29193 genes until now
2024-11-11 13:29:13,720 - DEBUG - Parsing Chromosome JH584294.1 strand + [line 1636608]
2024-11-11 13:29:13,720 - DEBUG - Done with JH584294.1+ [line 1636631]
2024-11-11 13:29:13,720 - DEBUG - Assigning indexes to genes
2024-11-11 13:29:13,720 - DEBUG - Seen 29195 genes until now
2024-11-11 13:29:13,720 - DEBUG - Parsing Chromosome JH584295.1 strand - [line 1636632]
2024-11-11 13:29:13,721 - DEBUG - Done with JH584295.1- [line 1636647]
2024-11-11 13:29:13,721 - DEBUG - Assigning indexes to genes
2024-11-11 13:29:13,721 - DEBUG - Seen 29196 genes until now
2024-11-11 13:29:13,721 - DEBUG - Parsing Chromosome JH584296.1 strand - [line 1636648]
2024-11-11 13:29:13,721 - DEBUG - Done with JH584296.1- [line 1636675]
2024-11-11 13:29:13,721 - DEBUG - Assigning indexes to genes
2024-11-11 13:29:13,721 - DEBUG - Seen 29199 genes until now
2024-11-11 13:29:13,721 - DEBUG - Parsing Chromosome JH584297.1 strand - [line 1636676]
2024-11-11 13:29:13,721 - DEBUG - Done with JH584297.1- [line 1636694]
2024-11-11 13:29:13,721 - DEBUG - Assigning indexes to genes
2024-11-11 13:29:13,721 - DEBUG - Seen 29201 genes until now
2024-11-11 13:29:13,721 - DEBUG - Parsing Chromosome JH584297.1 strand + [line 1636695]
2024-11-11 13:29:13,721 - DEBUG - Done with JH584297.1+ [line 1636703]
2024-11-11 13:29:13,721 - DEBUG - Assigning indexes to genes
2024-11-11 13:29:13,721 - DEBUG - Seen 29202 genes until now
2024-11-11 13:29:13,721 - DEBUG - Parsing Chromosome JH584298.1 strand - [line 1636704]
2024-11-11 13:29:13,721 - DEBUG - Done with JH584298.1- [line 1636714]
2024-11-11 13:29:13,721 - DEBUG - Assigning indexes to genes
2024-11-11 13:29:13,721 - DEBUG - Seen 29203 genes until now
2024-11-11 13:29:13,721 - DEBUG - Parsing Chromosome JH584298.1 strand + [line 1636715]
2024-11-11 13:29:13,721 - DEBUG - Done with JH584298.1+ [line 1636735]
2024-11-11 13:29:13,721 - DEBUG - Assigning indexes to genes
2024-11-11 13:29:13,721 - DEBUG - Seen 29205 genes until now
2024-11-11 13:29:13,721 - DEBUG - Parsing Chromosome JH584299.1 strand - [line 1636736]
2024-11-11 13:29:13,721 - DEBUG - Done with JH584299.1- [line 1636745]
2024-11-11 13:29:13,721 - DEBUG - Assigning indexes to genes
2024-11-11 13:29:13,721 - DEBUG - Seen 29206 genes until now
2024-11-11 13:29:13,721 - DEBUG - Parsing Chromosome JH584299.1 strand + [line 1636746]
2024-11-11 13:29:13,722 - DEBUG - Done with JH584299.1+ [line 1636857]
2024-11-11 13:29:13,722 - DEBUG - Assigning indexes to genes
2024-11-11 13:29:13,722 - DEBUG - Seen 29217 genes until now
2024-11-11 13:29:13,722 - DEBUG - Parsing Chromosome JH584303.1 strand + [line 1636858]
2024-11-11 13:29:13,722 - DEBUG - Done with JH584303.1+ [line 1636862]
2024-11-11 13:29:13,722 - DEBUG - Assigning indexes to genes
2024-11-11 13:29:13,722 - DEBUG - Seen 29218 genes until now
2024-11-11 13:29:13,722 - DEBUG - Parsing Chromosome JH584304.1 strand - [line 1636863]
2024-11-11 13:29:13,722 - DEBUG - Done with JH584304.1- [line 1636895]
2024-11-11 13:29:13,722 - DEBUG - Assigning indexes to genes
2024-11-11 13:29:13,722 - DEBUG - Seen 29219 genes until now
2024-11-11 13:29:13,722 - DEBUG - Parsing Chromosome MT strand - [line 1636896]
2024-11-11 13:29:13,722 - DEBUG - Done with MT- [line 1636901]
2024-11-11 13:29:13,722 - DEBUG - Assigning indexes to genes
2024-11-11 13:29:13,722 - DEBUG - Seen 29220 genes until now
2024-11-11 13:29:13,722 - DEBUG - Parsing Chromosome MT strand + [line 1636902]
2024-11-11 13:29:13,722 - DEBUG - Done with MT+ [line 1636970]
2024-11-11 13:29:13,722 - DEBUG - Assigning indexes to genes
2024-11-11 13:29:13,722 - DEBUG - Seen 29232 genes until now
2024-11-11 13:29:13,722 - DEBUG - Parsing Chromosome X strand - [line 1636971]
2024-11-11 13:29:13,784 - DEBUG - Done with X- [line 1663962]
2024-11-11 13:29:13,784 - DEBUG - Assigning indexes to genes
2024-11-11 13:29:13,786 - DEBUG - Seen 29755 genes until now
2024-11-11 13:29:13,786 - DEBUG - Parsing Chromosome X strand + [line 1663963]
2024-11-11 13:29:13,854 - DEBUG - Done with X+ [line 1694333]
2024-11-11 13:29:13,854 - DEBUG - Assigning indexes to genes
2024-11-11 13:29:13,856 - DEBUG - Seen 30320 genes until now
2024-11-11 13:29:13,856 - DEBUG - Parsing Chromosome Y strand - [line 1694334]
2024-11-11 13:29:13,867 - DEBUG - Done with Y- [line 1698842]
2024-11-11 13:29:13,867 - DEBUG - Assigning indexes to genes
2024-11-11 13:29:13,868 - DEBUG - Seen 30662 genes until now
2024-11-11 13:29:13,868 - DEBUG - Parsing Chromosome Y strand + [line 1698843]
2024-11-11 13:29:13,880 - DEBUG - Assigning indexes to genes
2024-11-11 13:29:13,881 - DEBUG - Done with Y+ [line 1704063]
2024-11-11 13:29:13,881 - DEBUG - Fixing corner cases of transcript models containg intron longer than 1000Kbp
2024-11-11 13:29:14,487 - DEBUG - Generated 1423079 features corresponding to 111079 transcript models from /nobackup/peer/fdeckert/Illumina/reference/mm10-v.3.0.0/Mus_musculus.GRCm38.93.filtered.gtf
2024-11-11 13:29:14,498 - INFO - Scan /research/peer/fdeckert/FD20200109SPLENO/data/BSA_0355_SM01_10x_SPLENO/OUT/COUNT/M2_CpG_Mac_transcriptome/possorted_genome_bam.bam to validate intron intervals
2024-11-11 13:29:15,605 - DEBUG - Reading /research/peer/fdeckert/FD20200109SPLENO/data/BSA_0355_SM01_10x_SPLENO/OUT/COUNT/M2_CpG_Mac_transcriptome/possorted_genome_bam.bam
2024-11-11 13:29:15,613 - DEBUG - Read first 0 million reads
2024-11-11 13:29:15,731 - DEBUG - Marking up chromosome 1
2024-11-11 13:29:22,432 - DEBUG - Marking up chromosome 10
2024-11-11 13:29:27,693 - DEBUG - Marking up chromosome 11
2024-11-11 13:29:36,620 - DEBUG - Marking up chromosome 12
2024-11-11 13:29:40,563 - DEBUG - Marking up chromosome 13
2024-11-11 13:29:44,564 - DEBUG - Marking up chromosome 14
2024-11-11 13:29:48,746 - DEBUG - Marking up chromosome 15
2024-11-11 13:29:52,993 - DEBUG - Marking up chromosome 16
2024-11-11 13:29:56,147 - DEBUG - Marking up chromosome 17
2024-11-11 13:30:04,243 - DEBUG - Marking up chromosome 18
2024-11-11 13:30:06,691 - DEBUG - Read first 10 million reads
2024-11-11 13:30:07,779 - DEBUG - Marking up chromosome 19
2024-11-11 13:30:13,358 - DEBUG - Marking up chromosome 2
2024-11-11 13:30:22,019 - DEBUG - Marking up chromosome 3
2024-11-11 13:30:26,948 - DEBUG - Marking up chromosome 4
2024-11-11 13:30:33,159 - DEBUG - Marking up chromosome 5
2024-11-11 13:30:40,157 - DEBUG - Marking up chromosome 6
2024-11-11 13:30:45,745 - DEBUG - Marking up chromosome 7
2024-11-11 13:30:55,333 - DEBUG - Marking up chromosome 8
2024-11-11 13:30:59,113 - DEBUG - Read first 20 million reads
2024-11-11 13:31:00,066 - DEBUG - Marking up chromosome 9
2024-11-11 13:31:05,969 - DEBUG - Marking up chromosome MT
2024-11-11 13:31:07,342 - DEBUG - Marking up chromosome X
2024-11-11 13:31:11,855 - DEBUG - Marking up chromosome Y
2024-11-11 13:31:11,969 - DEBUG - Marking up chromosome JH584299.1
2024-11-11 13:31:11,970 - DEBUG - Marking up chromosome GL456233.1
2024-11-11 13:31:11,973 - DEBUG - Marking up chromosome GL456211.1
2024-11-11 13:31:11,979 - DEBUG - Marking up chromosome GL456221.1
2024-11-11 13:31:11,982 - DEBUG - Marking up chromosome JH584300.1
2024-11-11 13:31:11,982 - WARNING - The .bam file refers to a chromosome 'JH584300.1+' not present in the annotation (.gtf) file
2024-11-11 13:31:11,982 - WARNING - The .bam file refers to a chromosome 'JH584300.1-' not present in the annotation (.gtf) file
2024-11-11 13:31:11,993 - DEBUG - Marking up chromosome GL456210.1
2024-11-11 13:31:11,998 - DEBUG - Marking up chromosome GL456212.1
2024-11-11 13:31:11,998 - WARNING - The .bam file refers to a chromosome 'GL456212.1+' not present in the annotation (.gtf) file
2024-11-11 13:31:11,999 - DEBUG - Marking up chromosome JH584304.1
2024-11-11 13:31:11,999 - WARNING - The .bam file refers to a chromosome 'JH584304.1+' not present in the annotation (.gtf) file
2024-11-11 13:31:12,021 - DEBUG - Marking up chromosome GL456379.1
2024-11-11 13:31:12,021 - WARNING - The .bam file refers to a chromosome 'GL456379.1+' not present in the annotation (.gtf) file
2024-11-11 13:31:12,021 - WARNING - The .bam file refers to a chromosome 'GL456379.1-' not present in the annotation (.gtf) file
2024-11-11 13:31:12,021 - DEBUG - Marking up chromosome GL456216.1
2024-11-11 13:31:12,021 - WARNING - The .bam file refers to a chromosome 'GL456216.1-' not present in the annotation (.gtf) file
2024-11-11 13:31:12,026 - DEBUG - Marking up chromosome GL456239.1
2024-11-11 13:31:12,026 - WARNING - The .bam file refers to a chromosome 'GL456239.1+' not present in the annotation (.gtf) file
2024-11-11 13:31:12,026 - WARNING - The .bam file refers to a chromosome 'GL456239.1-' not present in the annotation (.gtf) file
2024-11-11 13:31:12,027 - DEBUG - Marking up chromosome GL456383.1
2024-11-11 13:31:12,027 - WARNING - The .bam file refers to a chromosome 'GL456383.1+' not present in the annotation (.gtf) file
2024-11-11 13:31:12,027 - WARNING - The .bam file refers to a chromosome 'GL456383.1-' not present in the annotation (.gtf) file
2024-11-11 13:31:12,027 - DEBUG - Marking up chromosome GL456378.1
2024-11-11 13:31:12,027 - WARNING - The .bam file refers to a chromosome 'GL456378.1+' not present in the annotation (.gtf) file
2024-11-11 13:31:12,027 - WARNING - The .bam file refers to a chromosome 'GL456378.1-' not present in the annotation (.gtf) file
2024-11-11 13:31:12,027 - DEBUG - Marking up chromosome GL456389.1
2024-11-11 13:31:12,027 - WARNING - The .bam file refers to a chromosome 'GL456389.1+' not present in the annotation (.gtf) file
2024-11-11 13:31:12,027 - WARNING - The .bam file refers to a chromosome 'GL456389.1-' not present in the annotation (.gtf) file
2024-11-11 13:31:12,027 - DEBUG - Marking up chromosome GL456372.1
2024-11-11 13:31:12,027 - WARNING - The .bam file refers to a chromosome 'GL456372.1+' not present in the annotation (.gtf) file
2024-11-11 13:31:12,027 - WARNING - The .bam file refers to a chromosome 'GL456372.1-' not present in the annotation (.gtf) file
2024-11-11 13:31:12,029 - DEBUG - Marking up chromosome GL456370.1
2024-11-11 13:31:12,029 - WARNING - The .bam file refers to a chromosome 'GL456370.1+' not present in the annotation (.gtf) file
2024-11-11 13:31:12,029 - WARNING - The .bam file refers to a chromosome 'GL456370.1-' not present in the annotation (.gtf) file
2024-11-11 13:31:12,031 - DEBUG - Marking up chromosome GL456392.1
2024-11-11 13:31:12,031 - WARNING - The .bam file refers to a chromosome 'GL456392.1+' not present in the annotation (.gtf) file
2024-11-11 13:31:12,031 - WARNING - The .bam file refers to a chromosome 'GL456392.1-' not present in the annotation (.gtf) file
2024-11-11 13:31:12,031 - DEBUG - Marking up chromosome GL456382.1
2024-11-11 13:31:12,031 - WARNING - The .bam file refers to a chromosome 'GL456382.1+' not present in the annotation (.gtf) file
2024-11-11 13:31:12,031 - WARNING - The .bam file refers to a chromosome 'GL456382.1-' not present in the annotation (.gtf) file
2024-11-11 13:31:12,051 - DEBUG - Marking up chromosome JH584295.1
2024-11-11 13:31:12,051 - WARNING - The .bam file refers to a chromosome 'JH584295.1+' not present in the annotation (.gtf) file
2024-11-11 13:31:20,784 - DEBUG - End of file. Reset index: start scanning from initial position.
2024-11-11 13:31:20,784 - DEBUG - 493998 reads were skipped because no apropiate cell or umi barcode was found
2024-11-11 13:31:20,784 - DEBUG - Start molecule counting!
2024-11-11 13:31:21,911 - DEBUG - Features available for chromosomes : ['1-', '1+', '10-', '10+', '11-', '11+', '12-', '12+', '13-', '13+', '14-', '14+', '15-', '15+', '16-', '16+', '17-', '17+', '18-', '18+', '19-', '19+', '2-', '2+', '3-', '3+', '4-', '4+', '5-', '5+', '6-', '6+', '7-', '7+', '8-', '8+', '9-', '9+', 'GL456210.1-', 'GL456210.1+', 'GL456211.1-', 'GL456211.1+', 'GL456212.1-', 'GL456216.1+', 'GL456219.1-', 'GL456221.1-', 'GL456221.1+', 'GL456233.1-', 'GL456233.1+', 'GL456350.1-', 'GL456354.1-', 'GL456354.1+', 'JH584292.1+', 'JH584293.1-', 'JH584293.1+', 'JH584294.1-', 'JH584294.1+', 'JH584295.1-', 'JH584296.1-', 'JH584297.1-', 'JH584297.1+', 'JH584298.1-', 'JH584298.1+', 'JH584299.1-', 'JH584299.1+', 'JH584303.1+', 'JH584304.1-', 'MT-', 'MT+', 'X-', 'X+', 'Y-', 'Y+']
2024-11-11 13:31:21,911 - DEBUG - Mask available for chromosomes : []
2024-11-11 13:31:21,911 - DEBUG - Summarizing the results of intron validation.
2024-11-11 13:31:22,097 - DEBUG - Validated 112855 introns (of which unique intervals 43197) out of 656000 total possible introns (considering each possible transcript models).
2024-11-11 13:31:22,098 - DEBUG - Reading /research/peer/fdeckert/FD20200109SPLENO/data/BSA_0355_SM01_10x_SPLENO/OUT/COUNT/M2_CpG_Mac_transcriptome/cellsorted_possorted_genome_bam.bam
2024-11-11 13:31:22,120 - DEBUG - Read first 0 million reads
2024-11-11 13:31:28,352 - DEBUG - Counting for batch 1, containing 100 cells and 322961 reads
2024-11-11 13:31:34,426 - DEBUG - 0 reads not considered because fully enclosed in repeat masked regions
2024-11-11 13:31:39,892 - DEBUG - Counting for batch 2, containing 100 cells and 312004 reads
2024-11-11 13:31:45,891 - DEBUG - 0 reads not considered because fully enclosed in repeat masked regions
2024-11-11 13:31:50,440 - DEBUG - Counting for batch 3, containing 100 cells and 284357 reads
2024-11-11 13:31:56,595 - DEBUG - 0 reads not considered because fully enclosed in repeat masked regions
2024-11-11 13:32:01,532 - DEBUG - Counting for batch 4, containing 100 cells and 352995 reads
2024-11-11 13:32:08,794 - DEBUG - 0 reads not considered because fully enclosed in repeat masked regions
2024-11-11 13:32:13,135 - DEBUG - Counting for batch 5, containing 100 cells and 289671 reads
2024-11-11 13:32:19,319 - DEBUG - 0 reads not considered because fully enclosed in repeat masked regions
2024-11-11 13:32:24,259 - DEBUG - Counting for batch 6, containing 100 cells and 340716 reads
2024-11-11 13:32:31,272 - DEBUG - 0 reads not considered because fully enclosed in repeat masked regions
2024-11-11 13:32:36,353 - DEBUG - Counting for batch 7, containing 100 cells and 325877 reads
2024-11-11 13:32:43,187 - DEBUG - 0 reads not considered because fully enclosed in repeat masked regions
2024-11-11 13:32:48,459 - DEBUG - Counting for batch 8, containing 100 cells and 347738 reads
2024-11-11 13:32:55,755 - DEBUG - 0 reads not considered because fully enclosed in repeat masked regions
2024-11-11 13:33:00,582 - DEBUG - Counting for batch 9, containing 100 cells and 352892 reads
2024-11-11 13:33:07,885 - DEBUG - 0 reads not considered because fully enclosed in repeat masked regions
2024-11-11 13:33:12,577 - DEBUG - Counting for batch 10, containing 100 cells and 337367 reads
2024-11-11 13:33:19,604 - DEBUG - 0 reads not considered because fully enclosed in repeat masked regions
2024-11-11 13:33:24,558 - DEBUG - Counting for batch 11, containing 100 cells and 319677 reads
2024-11-11 13:33:31,299 - DEBUG - 0 reads not considered because fully enclosed in repeat masked regions
2024-11-11 13:33:35,948 - DEBUG - Counting for batch 12, containing 100 cells and 357934 reads
2024-11-11 13:33:43,283 - DEBUG - 0 reads not considered because fully enclosed in repeat masked regions
2024-11-11 13:33:45,074 - DEBUG - Read first 10 million reads
2024-11-11 13:33:48,370 - DEBUG - Counting for batch 13, containing 100 cells and 323245 reads
2024-11-11 13:33:55,096 - DEBUG - 0 reads not considered because fully enclosed in repeat masked regions
2024-11-11 13:34:00,236 - DEBUG - Counting for batch 14, containing 100 cells and 354250 reads
2024-11-11 13:34:07,423 - DEBUG - 0 reads not considered because fully enclosed in repeat masked regions
2024-11-11 13:34:12,315 - DEBUG - Counting for batch 15, containing 100 cells and 300681 reads
2024-11-11 13:34:18,840 - DEBUG - 0 reads not considered because fully enclosed in repeat masked regions
2024-11-11 13:34:23,120 - DEBUG - Counting for batch 16, containing 100 cells and 319538 reads
2024-11-11 13:34:29,852 - DEBUG - 0 reads not considered because fully enclosed in repeat masked regions
2024-11-11 13:34:35,524 - DEBUG - Counting for batch 17, containing 100 cells and 403361 reads
2024-11-11 13:34:43,711 - DEBUG - 0 reads not considered because fully enclosed in repeat masked regions
2024-11-11 13:34:48,887 - DEBUG - Counting for batch 18, containing 100 cells and 381127 reads
2024-11-11 13:34:56,452 - DEBUG - 0 reads not considered because fully enclosed in repeat masked regions
2024-11-11 13:35:02,028 - DEBUG - Counting for batch 19, containing 100 cells and 324615 reads
2024-11-11 13:35:08,909 - DEBUG - 0 reads not considered because fully enclosed in repeat masked regions
2024-11-11 13:35:13,368 - DEBUG - Counting for batch 20, containing 100 cells and 345081 reads
2024-11-11 13:35:20,625 - DEBUG - 0 reads not considered because fully enclosed in repeat masked regions
2024-11-11 13:35:25,482 - DEBUG - Counting for batch 21, containing 100 cells and 371946 reads
2024-11-11 13:35:33,044 - DEBUG - 0 reads not considered because fully enclosed in repeat masked regions
2024-11-11 13:35:38,795 - DEBUG - Counting for batch 22, containing 100 cells and 344007 reads
2024-11-11 13:35:46,020 - DEBUG - 0 reads not considered because fully enclosed in repeat masked regions
2024-11-11 13:35:50,587 - DEBUG - Counting for batch 23, containing 100 cells and 340336 reads
2024-11-11 13:35:57,654 - DEBUG - 0 reads not considered because fully enclosed in repeat masked regions
2024-11-11 13:36:01,928 - DEBUG - Counting for batch 24, containing 100 cells and 298702 reads
2024-11-11 13:36:08,259 - DEBUG - 0 reads not considered because fully enclosed in repeat masked regions
2024-11-11 13:36:12,857 - DEBUG - Counting for batch 25, containing 100 cells and 297280 reads
2024-11-11 13:36:19,349 - DEBUG - 0 reads not considered because fully enclosed in repeat masked regions
2024-11-11 13:36:21,841 - DEBUG - Read first 20 million reads
2024-11-11 13:36:23,717 - DEBUG - Counting for batch 26, containing 100 cells and 331403 reads
2024-11-11 13:36:30,631 - DEBUG - 0 reads not considered because fully enclosed in repeat masked regions
2024-11-11 13:36:35,187 - DEBUG - Counting for batch 27, containing 100 cells and 341796 reads
2024-11-11 13:36:42,154 - DEBUG - 0 reads not considered because fully enclosed in repeat masked regions
2024-11-11 13:36:47,908 - DEBUG - Counting for batch 28, containing 100 cells and 351820 reads
2024-11-11 13:36:55,328 - DEBUG - 0 reads not considered because fully enclosed in repeat masked regions
2024-11-11 13:36:59,853 - DEBUG - Counting for batch 29, containing 100 cells and 306336 reads
2024-11-11 13:37:06,362 - DEBUG - 0 reads not considered because fully enclosed in repeat masked regions
2024-11-11 13:37:10,714 - DEBUG - Counting for batch 30, containing 100 cells and 333088 reads
2024-11-11 13:37:17,574 - DEBUG - 0 reads not considered because fully enclosed in repeat masked regions
2024-11-11 13:37:22,489 - DEBUG - Counting for batch 31, containing 100 cells and 314845 reads
2024-11-11 13:37:29,200 - DEBUG - 0 reads not considered because fully enclosed in repeat masked regions
2024-11-11 13:37:34,078 - DEBUG - Counting for batch 32, containing 100 cells and 327116 reads
2024-11-11 13:37:40,284 - DEBUG - 0 reads not considered because fully enclosed in repeat masked regions
2024-11-11 13:37:45,798 - DEBUG - Counting for batch 33, containing 100 cells and 328717 reads
2024-11-11 13:37:52,931 - DEBUG - 0 reads not considered because fully enclosed in repeat masked regions
2024-11-11 13:37:57,314 - DEBUG - Counting for batch 34, containing 100 cells and 300066 reads
2024-11-11 13:38:03,204 - DEBUG - 0 reads not considered because fully enclosed in repeat masked regions
2024-11-11 13:38:08,768 - DEBUG - Counting for batch 35, containing 100 cells and 347054 reads
2024-11-11 13:38:16,129 - DEBUG - 0 reads not considered because fully enclosed in repeat masked regions
2024-11-11 13:38:21,481 - DEBUG - Counting for batch 36, containing 100 cells and 391937 reads
2024-11-11 13:38:30,395 - DEBUG - 0 reads not considered because fully enclosed in repeat masked regions
2024-11-11 13:38:34,067 - DEBUG - Counting for batch 37, containing 61 cells and 180342 reads
2024-11-11 13:38:37,483 - DEBUG - 0 reads not considered because fully enclosed in repeat masked regions
2024-11-11 13:38:38,382 - DEBUG - 493998 reads were skipped because no apropiate cell or umi barcode was found
2024-11-11 13:38:38,382 - DEBUG - Counting done!
2024-11-11 13:38:38,386 - DEBUG - Generating output file data/BSA_0355_SM01_10x_SPLENO/OUT/COUNT/M2_CpG_Mac_transcriptome/velocyto.loom
2024-11-11 13:38:38,387 - DEBUG - Collecting row attributes
2024-11-11 13:38:38,449 - DEBUG - Generating data table
2024-11-11 13:38:38,905 - DEBUG - Writing loom file
2024-11-11 13:38:40,131 - DEBUG - Creating converter from 5 to 3
2024-11-11 13:38:40,320 - DEBUG - Creating converter from 3 to 5
2024-11-11 13:38:44,578 - DEBUG - Terminated Succesfully!
