2024-11-11 13:29:05,589 - DEBUG - Using logic: Permissive10X
2024-11-11 13:29:05,610 - INFO - Read 3011 cell barcodes from /research/peer/fdeckert/FD20200109SPLENO/data/BSA_0355_SM01_10x_SPLENO/OUT/COUNT/M6_control_Mac_transcriptome/filtered_feature_bc_matrix/barcodes.tsv.gz
2024-11-11 13:29:05,610 - DEBUG - Example of barcode: AAACCCACACCCAAGC and cell_id: velocyto:AAACCCACACCCAAGC-1
2024-11-11 13:29:05,641 - DEBUG - Peeking into /research/peer/fdeckert/FD20200109SPLENO/data/BSA_0355_SM01_10x_SPLENO/OUT/COUNT/M6_control_Mac_transcriptome/possorted_genome_bam.bam
2024-11-11 13:29:06,014 - WARNING - Not found cell and umi barcode in entry 28 of the bam file
2024-11-11 13:29:06,015 - WARNING - Not found cell and umi barcode in entry 65 of the bam file
2024-11-11 13:29:06,015 - WARNING - Not found cell and umi barcode in entry 215 of the bam file
2024-11-11 13:29:06,028 - WARNING - Not found cell and umi barcode in entry 303 of the bam file
2024-11-11 13:29:06,029 - WARNING - Not found cell and umi barcode in entry 431 of the bam file
2024-11-11 13:29:06,029 - WARNING - Not found cell and umi barcode in entry 467 of the bam file
2024-11-11 13:29:06,029 - WARNING - Not found cell and umi barcode in entry 468 of the bam file
2024-11-11 13:29:06,029 - WARNING - Not found cell and umi barcode in entry 469 of the bam file
2024-11-11 13:29:06,029 - WARNING - Not found cell and umi barcode in entry 492 of the bam file
2024-11-11 13:29:06,029 - WARNING - Not found cell and umi barcode in entry 518 of the bam file
2024-11-11 13:29:06,029 - WARNING - Not found cell and umi barcode in entry 555 of the bam file
2024-11-11 13:29:06,084 - WARNING - Not found cell and umi barcode in entry 588 of the bam file
2024-11-11 13:29:06,085 - WARNING - Not found cell and umi barcode in entry 675 of the bam file
2024-11-11 13:29:06,085 - WARNING - Not found cell and umi barcode in entry 676 of the bam file
2024-11-11 13:29:06,085 - WARNING - Not found cell and umi barcode in entry 682 of the bam file
2024-11-11 13:29:06,085 - WARNING - Not found cell and umi barcode in entry 709 of the bam file
2024-11-11 13:29:06,085 - WARNING - Not found cell and umi barcode in entry 750 of the bam file
2024-11-11 13:29:06,085 - WARNING - Not found cell and umi barcode in entry 751 of the bam file
2024-11-11 13:29:06,085 - WARNING - Not found cell and umi barcode in entry 753 of the bam file
2024-11-11 13:29:06,085 - WARNING - Not found cell and umi barcode in entry 759 of the bam file
2024-11-11 13:29:06,085 - WARNING - Not found cell and umi barcode in entry 863 of the bam file
2024-11-11 13:29:06,085 - WARNING - Not found cell and umi barcode in entry 869 of the bam file
2024-11-11 13:29:06,094 - WARNING - The file /research/peer/fdeckert/FD20200109SPLENO/data/BSA_0355_SM01_10x_SPLENO/OUT/COUNT/M6_control_Mac_transcriptome/cellsorted_possorted_genome_bam.bam already exists. The sorting step will be skipped and the existing file will be used.
2024-11-11 13:29:06,094 - INFO - Load the annotation from /nobackup/peer/fdeckert/Illumina/reference/mm10-v.3.0.0/Mus_musculus.GRCm38.93.filtered.gtf
2024-11-11 13:29:08,465 - DEBUG - Parsing Chromosome 1 strand - [line 0]
2024-11-11 13:29:08,726 - DEBUG - Done with 1- [line 55263]
2024-11-11 13:29:08,726 - DEBUG - Assigning indexes to genes
2024-11-11 13:29:08,729 - DEBUG - Seen 852 genes until now
2024-11-11 13:29:08,729 - DEBUG - Parsing Chromosome 1 strand + [line 55264]
2024-11-11 13:29:08,849 - DEBUG - Done with 1+ [line 108827]
2024-11-11 13:29:08,850 - DEBUG - Assigning indexes to genes
2024-11-11 13:29:08,852 - DEBUG - Seen 1744 genes until now
2024-11-11 13:29:08,852 - DEBUG - Parsing Chromosome 10 strand - [line 108828]
2024-11-11 13:29:09,070 - DEBUG - Done with 10- [line 148287]
2024-11-11 13:29:09,070 - DEBUG - Assigning indexes to genes
2024-11-11 13:29:09,073 - DEBUG - Seen 2492 genes until now
2024-11-11 13:29:09,073 - DEBUG - Parsing Chromosome 10 strand + [line 148288]
2024-11-11 13:29:09,169 - DEBUG - Done with 10+ [line 190661]
2024-11-11 13:29:09,169 - DEBUG - Assigning indexes to genes
2024-11-11 13:29:09,172 - DEBUG - Seen 3285 genes until now
2024-11-11 13:29:09,172 - DEBUG - Parsing Chromosome 11 strand - [line 190662]
2024-11-11 13:29:09,313 - DEBUG - Done with 11- [line 252011]
2024-11-11 13:29:09,313 - DEBUG - Assigning indexes to genes
2024-11-11 13:29:09,316 - DEBUG - Seen 4335 genes until now
2024-11-11 13:29:09,317 - DEBUG - Parsing Chromosome 11 strand + [line 252012]
2024-11-11 13:29:09,599 - DEBUG - Done with 11+ [line 314062]
2024-11-11 13:29:09,599 - DEBUG - Assigning indexes to genes
2024-11-11 13:29:09,602 - DEBUG - Seen 5320 genes until now
2024-11-11 13:29:09,602 - DEBUG - Parsing Chromosome 12 strand - [line 314063]
2024-11-11 13:29:09,660 - DEBUG - Done with 12- [line 338958]
2024-11-11 13:29:09,660 - DEBUG - Assigning indexes to genes
2024-11-11 13:29:09,661 - DEBUG - Seen 6056 genes until now
2024-11-11 13:29:09,661 - DEBUG - Parsing Chromosome 12 strand + [line 338959]
2024-11-11 13:29:09,739 - DEBUG - Done with 12+ [line 372787]
2024-11-11 13:29:09,739 - DEBUG - Assigning indexes to genes
2024-11-11 13:29:09,741 - DEBUG - Seen 6615 genes until now
2024-11-11 13:29:09,741 - DEBUG - Parsing Chromosome 13 strand - [line 372788]
2024-11-11 13:29:09,978 - DEBUG - Done with 13- [line 406792]
2024-11-11 13:29:09,979 - DEBUG - Assigning indexes to genes
2024-11-11 13:29:09,981 - DEBUG - Seen 7339 genes until now
2024-11-11 13:29:09,981 - DEBUG - Parsing Chromosome 13 strand + [line 406793]
2024-11-11 13:29:10,041 - DEBUG - Done with 13+ [line 433455]
2024-11-11 13:29:10,041 - DEBUG - Assigning indexes to genes
2024-11-11 13:29:10,043 - DEBUG - Seen 8023 genes until now
2024-11-11 13:29:10,043 - DEBUG - Parsing Chromosome 14 strand - [line 433456]
2024-11-11 13:29:10,127 - DEBUG - Done with 14- [line 469680]
2024-11-11 13:29:10,127 - DEBUG - Assigning indexes to genes
2024-11-11 13:29:10,129 - DEBUG - Seen 8704 genes until now
2024-11-11 13:29:10,129 - DEBUG - Parsing Chromosome 14 strand + [line 469681]
2024-11-11 13:29:10,204 - DEBUG - Done with 14+ [line 502857]
2024-11-11 13:29:10,204 - DEBUG - Assigning indexes to genes
2024-11-11 13:29:10,206 - DEBUG - Seen 9518 genes until now
2024-11-11 13:29:10,206 - DEBUG - Parsing Chromosome 15 strand - [line 502858]
2024-11-11 13:29:10,291 - DEBUG - Done with 15- [line 539049]
2024-11-11 13:29:10,291 - DEBUG - Assigning indexes to genes
2024-11-11 13:29:10,293 - DEBUG - Seen 10092 genes until now
2024-11-11 13:29:10,293 - DEBUG - Parsing Chromosome 15 strand + [line 539050]
2024-11-11 13:29:10,545 - DEBUG - Done with 15+ [line 569723]
2024-11-11 13:29:10,545 - DEBUG - Assigning indexes to genes
2024-11-11 13:29:10,547 - DEBUG - Seen 10616 genes until now
2024-11-11 13:29:10,547 - DEBUG - Parsing Chromosome 16 strand - [line 569724]
2024-11-11 13:29:10,609 - DEBUG - Done with 16- [line 596286]
2024-11-11 13:29:10,609 - DEBUG - Assigning indexes to genes
2024-11-11 13:29:10,610 - DEBUG - Seen 11093 genes until now
2024-11-11 13:29:10,610 - DEBUG - Parsing Chromosome 16 strand + [line 596287]
2024-11-11 13:29:10,680 - DEBUG - Done with 16+ [line 626571]
2024-11-11 13:29:10,680 - DEBUG - Assigning indexes to genes
2024-11-11 13:29:10,681 - DEBUG - Seen 11545 genes until now
2024-11-11 13:29:10,681 - DEBUG - Parsing Chromosome 17 strand - [line 626572]
2024-11-11 13:29:10,757 - DEBUG - Done with 17- [line 659846]
2024-11-11 13:29:10,757 - DEBUG - Assigning indexes to genes
2024-11-11 13:29:10,759 - DEBUG - Seen 12152 genes until now
2024-11-11 13:29:10,759 - DEBUG - Parsing Chromosome 17 strand + [line 659847]
2024-11-11 13:29:10,842 - DEBUG - Done with 17+ [line 696472]
2024-11-11 13:29:10,842 - DEBUG - Assigning indexes to genes
2024-11-11 13:29:10,844 - DEBUG - Seen 12800 genes until now
2024-11-11 13:29:10,844 - DEBUG - Parsing Chromosome 18 strand - [line 696473]
2024-11-11 13:29:10,873 - DEBUG - Done with 18- [line 709486]
2024-11-11 13:29:10,873 - DEBUG - Assigning indexes to genes
2024-11-11 13:29:10,874 - DEBUG - Seen 13059 genes until now
2024-11-11 13:29:10,874 - DEBUG - Parsing Chromosome 18 strand + [line 709487]
2024-11-11 13:29:10,914 - DEBUG - Done with 18+ [line 728027]
2024-11-11 13:29:10,914 - DEBUG - Assigning indexes to genes
2024-11-11 13:29:10,915 - DEBUG - Seen 13409 genes until now
2024-11-11 13:29:10,915 - DEBUG - Parsing Chromosome 19 strand - [line 728028]
2024-11-11 13:29:10,970 - DEBUG - Done with 19- [line 752316]
2024-11-11 13:29:10,970 - DEBUG - Assigning indexes to genes
2024-11-11 13:29:10,971 - DEBUG - Seen 13815 genes until now
2024-11-11 13:29:10,971 - DEBUG - Parsing Chromosome 19 strand + [line 752317]
2024-11-11 13:29:11,019 - DEBUG - Done with 19+ [line 773600]
2024-11-11 13:29:11,019 - DEBUG - Assigning indexes to genes
2024-11-11 13:29:11,020 - DEBUG - Seen 14224 genes until now
2024-11-11 13:29:11,020 - DEBUG - Parsing Chromosome 2 strand - [line 773601]
2024-11-11 13:29:11,404 - DEBUG - Done with 2- [line 848821]
2024-11-11 13:29:11,404 - DEBUG - Assigning indexes to genes
2024-11-11 13:29:11,408 - DEBUG - Seen 15398 genes until now
2024-11-11 13:29:11,409 - DEBUG - Parsing Chromosome 2 strand + [line 848822]
2024-11-11 13:29:11,569 - DEBUG - Done with 2+ [line 918704]
2024-11-11 13:29:11,570 - DEBUG - Assigning indexes to genes
2024-11-11 13:29:11,573 - DEBUG - Seen 16582 genes until now
2024-11-11 13:29:11,573 - DEBUG - Parsing Chromosome 3 strand - [line 918705]
2024-11-11 13:29:11,661 - DEBUG - Done with 3- [line 957202]
2024-11-11 13:29:11,661 - DEBUG - Assigning indexes to genes
2024-11-11 13:29:11,663 - DEBUG - Seen 17302 genes until now
2024-11-11 13:29:11,663 - DEBUG - Parsing Chromosome 3 strand + [line 957203]
2024-11-11 13:29:11,760 - DEBUG - Done with 3+ [line 1000138]
2024-11-11 13:29:11,760 - DEBUG - Assigning indexes to genes
2024-11-11 13:29:11,763 - DEBUG - Seen 18021 genes until now
2024-11-11 13:29:11,763 - DEBUG - Parsing Chromosome 4 strand - [line 1000139]
2024-11-11 13:29:11,880 - DEBUG - Done with 4- [line 1050727]
2024-11-11 13:29:11,880 - DEBUG - Assigning indexes to genes
2024-11-11 13:29:11,883 - DEBUG - Seen 18875 genes until now
2024-11-11 13:29:11,883 - DEBUG - Parsing Chromosome 4 strand + [line 1050728]
2024-11-11 13:29:12,237 - DEBUG - Done with 4+ [line 1099723]
2024-11-11 13:29:12,237 - DEBUG - Assigning indexes to genes
2024-11-11 13:29:12,240 - DEBUG - Seen 19731 genes until now
2024-11-11 13:29:12,240 - DEBUG - Parsing Chromosome 5 strand - [line 1099724]
2024-11-11 13:29:12,375 - DEBUG - Done with 5- [line 1157394]
2024-11-11 13:29:12,375 - DEBUG - Assigning indexes to genes
2024-11-11 13:29:12,378 - DEBUG - Seen 20622 genes until now
2024-11-11 13:29:12,378 - DEBUG - Parsing Chromosome 5 strand + [line 1157395]
2024-11-11 13:29:12,512 - DEBUG - Done with 5+ [line 1215626]
2024-11-11 13:29:12,512 - DEBUG - Assigning indexes to genes
2024-11-11 13:29:12,515 - DEBUG - Seen 21539 genes until now
2024-11-11 13:29:12,515 - DEBUG - Parsing Chromosome 6 strand - [line 1215627]
2024-11-11 13:29:12,617 - DEBUG - Done with 6- [line 1260326]
2024-11-11 13:29:12,617 - DEBUG - Assigning indexes to genes
2024-11-11 13:29:12,620 - DEBUG - Seen 22385 genes until now
2024-11-11 13:29:12,620 - DEBUG - Parsing Chromosome 6 strand + [line 1260327]
2024-11-11 13:29:12,725 - DEBUG - Done with 6+ [line 1307744]
2024-11-11 13:29:12,725 - DEBUG - Assigning indexes to genes
2024-11-11 13:29:12,728 - DEBUG - Seen 23304 genes until now
2024-11-11 13:29:12,728 - DEBUG - Parsing Chromosome 7 strand - [line 1307745]
2024-11-11 13:29:12,890 - DEBUG - Done with 7- [line 1379880]
2024-11-11 13:29:12,890 - DEBUG - Assigning indexes to genes
2024-11-11 13:29:12,895 - DEBUG - Seen 24656 genes until now
2024-11-11 13:29:12,895 - DEBUG - Parsing Chromosome 7 strand + [line 1379881]
2024-11-11 13:29:13,332 - DEBUG - Done with 7+ [line 1450335]
2024-11-11 13:29:13,332 - DEBUG - Assigning indexes to genes
2024-11-11 13:29:13,337 - DEBUG - Seen 25873 genes until now
2024-11-11 13:29:13,337 - DEBUG - Parsing Chromosome 8 strand - [line 1450336]
2024-11-11 13:29:13,419 - DEBUG - Done with 8- [line 1485523]
2024-11-11 13:29:13,419 - DEBUG - Assigning indexes to genes
2024-11-11 13:29:13,421 - DEBUG - Seen 26580 genes until now
2024-11-11 13:29:13,421 - DEBUG - Parsing Chromosome 8 strand + [line 1485524]
2024-11-11 13:29:13,526 - DEBUG - Done with 8+ [line 1531960]
2024-11-11 13:29:13,526 - DEBUG - Assigning indexes to genes
2024-11-11 13:29:13,529 - DEBUG - Seen 27398 genes until now
2024-11-11 13:29:13,529 - DEBUG - Parsing Chromosome 9 strand - [line 1531961]
2024-11-11 13:29:13,650 - DEBUG - Done with 9- [line 1583207]
2024-11-11 13:29:13,651 - DEBUG - Assigning indexes to genes
2024-11-11 13:29:13,654 - DEBUG - Seen 28230 genes until now
2024-11-11 13:29:13,654 - DEBUG - Parsing Chromosome 9 strand + [line 1583208]
2024-11-11 13:29:13,772 - DEBUG - Done with 9+ [line 1635954]
2024-11-11 13:29:13,773 - DEBUG - Assigning indexes to genes
2024-11-11 13:29:13,776 - DEBUG - Seen 29142 genes until now
2024-11-11 13:29:13,776 - DEBUG - Parsing Chromosome GL456210.1 strand - [line 1635955]
2024-11-11 13:29:13,776 - DEBUG - Done with GL456210.1- [line 1635981]
2024-11-11 13:29:13,776 - DEBUG - Assigning indexes to genes
2024-11-11 13:29:13,776 - DEBUG - Seen 29145 genes until now
2024-11-11 13:29:13,776 - DEBUG - Parsing Chromosome GL456210.1 strand + [line 1635982]
2024-11-11 13:29:13,776 - DEBUG - Done with GL456210.1+ [line 1635996]
2024-11-11 13:29:13,776 - DEBUG - Assigning indexes to genes
2024-11-11 13:29:13,776 - DEBUG - Seen 29147 genes until now
2024-11-11 13:29:13,776 - DEBUG - Parsing Chromosome GL456211.1 strand - [line 1635997]
2024-11-11 13:29:13,776 - DEBUG - Done with GL456211.1- [line 1636024]
2024-11-11 13:29:13,776 - DEBUG - Assigning indexes to genes
2024-11-11 13:29:13,776 - DEBUG - Seen 29151 genes until now
2024-11-11 13:29:13,776 - DEBUG - Parsing Chromosome GL456211.1 strand + [line 1636025]
2024-11-11 13:29:13,776 - DEBUG - Done with GL456211.1+ [line 1636050]
2024-11-11 13:29:13,776 - DEBUG - Assigning indexes to genes
2024-11-11 13:29:13,776 - DEBUG - Seen 29153 genes until now
2024-11-11 13:29:13,776 - DEBUG - Parsing Chromosome GL456212.1 strand - [line 1636051]
2024-11-11 13:29:13,776 - DEBUG - Done with GL456212.1- [line 1636086]
2024-11-11 13:29:13,776 - DEBUG - Assigning indexes to genes
2024-11-11 13:29:13,776 - DEBUG - Seen 29155 genes until now
2024-11-11 13:29:13,777 - DEBUG - Parsing Chromosome GL456216.1 strand + [line 1636087]
2024-11-11 13:29:13,777 - DEBUG - Done with GL456216.1+ [line 1636106]
2024-11-11 13:29:13,777 - DEBUG - Assigning indexes to genes
2024-11-11 13:29:13,777 - DEBUG - Seen 29156 genes until now
2024-11-11 13:29:13,777 - DEBUG - Parsing Chromosome GL456219.1 strand - [line 1636107]
2024-11-11 13:29:13,777 - DEBUG - Done with GL456219.1- [line 1636118]
2024-11-11 13:29:13,777 - DEBUG - Assigning indexes to genes
2024-11-11 13:29:13,777 - DEBUG - Seen 29158 genes until now
2024-11-11 13:29:13,777 - DEBUG - Parsing Chromosome GL456221.1 strand - [line 1636119]
2024-11-11 13:29:13,777 - DEBUG - Done with GL456221.1- [line 1636162]
2024-11-11 13:29:13,777 - DEBUG - Assigning indexes to genes
2024-11-11 13:29:13,777 - DEBUG - Seen 29162 genes until now
2024-11-11 13:29:13,777 - DEBUG - Parsing Chromosome GL456221.1 strand + [line 1636163]
2024-11-11 13:29:13,777 - DEBUG - Done with GL456221.1+ [line 1636181]
2024-11-11 13:29:13,777 - DEBUG - Assigning indexes to genes
2024-11-11 13:29:13,777 - DEBUG - Seen 29165 genes until now
2024-11-11 13:29:13,777 - DEBUG - Parsing Chromosome GL456233.1 strand - [line 1636182]
2024-11-11 13:29:13,777 - DEBUG - Done with GL456233.1- [line 1636213]
2024-11-11 13:29:13,777 - DEBUG - Assigning indexes to genes
2024-11-11 13:29:13,777 - DEBUG - Seen 29167 genes until now
2024-11-11 13:29:13,777 - DEBUG - Parsing Chromosome GL456233.1 strand + [line 1636214]
2024-11-11 13:29:13,777 - DEBUG - Done with GL456233.1+ [line 1636244]
2024-11-11 13:29:13,777 - DEBUG - Assigning indexes to genes
2024-11-11 13:29:13,777 - DEBUG - Seen 29169 genes until now
2024-11-11 13:29:13,778 - DEBUG - Parsing Chromosome GL456350.1 strand - [line 1636245]
2024-11-11 13:29:13,778 - DEBUG - Done with GL456350.1- [line 1636304]
2024-11-11 13:29:13,778 - DEBUG - Assigning indexes to genes
2024-11-11 13:29:13,778 - DEBUG - Seen 29174 genes until now
2024-11-11 13:29:13,778 - DEBUG - Parsing Chromosome GL456354.1 strand - [line 1636305]
2024-11-11 13:29:13,778 - DEBUG - Done with GL456354.1- [line 1636337]
2024-11-11 13:29:13,778 - DEBUG - Assigning indexes to genes
2024-11-11 13:29:13,778 - DEBUG - Seen 29177 genes until now
2024-11-11 13:29:13,778 - DEBUG - Parsing Chromosome GL456354.1 strand + [line 1636338]
2024-11-11 13:29:13,778 - DEBUG - Done with GL456354.1+ [line 1636357]
2024-11-11 13:29:13,778 - DEBUG - Assigning indexes to genes
2024-11-11 13:29:13,778 - DEBUG - Seen 29179 genes until now
2024-11-11 13:29:13,778 - DEBUG - Parsing Chromosome JH584292.1 strand + [line 1636358]
2024-11-11 13:29:13,778 - DEBUG - Done with JH584292.1+ [line 1636433]
2024-11-11 13:29:13,778 - DEBUG - Assigning indexes to genes
2024-11-11 13:29:13,778 - DEBUG - Seen 29180 genes until now
2024-11-11 13:29:13,778 - DEBUG - Parsing Chromosome JH584293.1 strand - [line 1636434]
2024-11-11 13:29:13,779 - DEBUG - Done with JH584293.1- [line 1636500]
2024-11-11 13:29:13,779 - DEBUG - Assigning indexes to genes
2024-11-11 13:29:13,779 - DEBUG - Seen 29186 genes until now
2024-11-11 13:29:13,779 - DEBUG - Parsing Chromosome JH584293.1 strand + [line 1636501]
2024-11-11 13:29:13,779 - DEBUG - Done with JH584293.1+ [line 1636542]
2024-11-11 13:29:13,779 - DEBUG - Assigning indexes to genes
2024-11-11 13:29:13,779 - DEBUG - Seen 29189 genes until now
2024-11-11 13:29:13,779 - DEBUG - Parsing Chromosome JH584294.1 strand - [line 1636543]
2024-11-11 13:29:13,779 - DEBUG - Done with JH584294.1- [line 1636607]
2024-11-11 13:29:13,779 - DEBUG - Assigning indexes to genes
2024-11-11 13:29:13,779 - DEBUG - Seen 29193 genes until now
2024-11-11 13:29:13,779 - DEBUG - Parsing Chromosome JH584294.1 strand + [line 1636608]
2024-11-11 13:29:13,779 - DEBUG - Done with JH584294.1+ [line 1636631]
2024-11-11 13:29:13,779 - DEBUG - Assigning indexes to genes
2024-11-11 13:29:13,779 - DEBUG - Seen 29195 genes until now
2024-11-11 13:29:13,779 - DEBUG - Parsing Chromosome JH584295.1 strand - [line 1636632]
2024-11-11 13:29:13,779 - DEBUG - Done with JH584295.1- [line 1636647]
2024-11-11 13:29:13,779 - DEBUG - Assigning indexes to genes
2024-11-11 13:29:13,779 - DEBUG - Seen 29196 genes until now
2024-11-11 13:29:13,779 - DEBUG - Parsing Chromosome JH584296.1 strand - [line 1636648]
2024-11-11 13:29:13,780 - DEBUG - Done with JH584296.1- [line 1636675]
2024-11-11 13:29:13,780 - DEBUG - Assigning indexes to genes
2024-11-11 13:29:13,780 - DEBUG - Seen 29199 genes until now
2024-11-11 13:29:13,780 - DEBUG - Parsing Chromosome JH584297.1 strand - [line 1636676]
2024-11-11 13:29:13,780 - DEBUG - Done with JH584297.1- [line 1636694]
2024-11-11 13:29:13,780 - DEBUG - Assigning indexes to genes
2024-11-11 13:29:13,780 - DEBUG - Seen 29201 genes until now
2024-11-11 13:29:13,780 - DEBUG - Parsing Chromosome JH584297.1 strand + [line 1636695]
2024-11-11 13:29:13,780 - DEBUG - Done with JH584297.1+ [line 1636703]
2024-11-11 13:29:13,780 - DEBUG - Assigning indexes to genes
2024-11-11 13:29:13,780 - DEBUG - Seen 29202 genes until now
2024-11-11 13:29:13,780 - DEBUG - Parsing Chromosome JH584298.1 strand - [line 1636704]
2024-11-11 13:29:13,780 - DEBUG - Done with JH584298.1- [line 1636714]
2024-11-11 13:29:13,780 - DEBUG - Assigning indexes to genes
2024-11-11 13:29:13,780 - DEBUG - Seen 29203 genes until now
2024-11-11 13:29:13,780 - DEBUG - Parsing Chromosome JH584298.1 strand + [line 1636715]
2024-11-11 13:29:13,780 - DEBUG - Done with JH584298.1+ [line 1636735]
2024-11-11 13:29:13,780 - DEBUG - Assigning indexes to genes
2024-11-11 13:29:13,780 - DEBUG - Seen 29205 genes until now
2024-11-11 13:29:13,780 - DEBUG - Parsing Chromosome JH584299.1 strand - [line 1636736]
2024-11-11 13:29:13,780 - DEBUG - Done with JH584299.1- [line 1636745]
2024-11-11 13:29:13,780 - DEBUG - Assigning indexes to genes
2024-11-11 13:29:13,780 - DEBUG - Seen 29206 genes until now
2024-11-11 13:29:13,780 - DEBUG - Parsing Chromosome JH584299.1 strand + [line 1636746]
2024-11-11 13:29:13,781 - DEBUG - Done with JH584299.1+ [line 1636857]
2024-11-11 13:29:13,781 - DEBUG - Assigning indexes to genes
2024-11-11 13:29:13,781 - DEBUG - Seen 29217 genes until now
2024-11-11 13:29:13,781 - DEBUG - Parsing Chromosome JH584303.1 strand + [line 1636858]
2024-11-11 13:29:13,781 - DEBUG - Done with JH584303.1+ [line 1636862]
2024-11-11 13:29:13,781 - DEBUG - Assigning indexes to genes
2024-11-11 13:29:13,781 - DEBUG - Seen 29218 genes until now
2024-11-11 13:29:13,781 - DEBUG - Parsing Chromosome JH584304.1 strand - [line 1636863]
2024-11-11 13:29:13,781 - DEBUG - Done with JH584304.1- [line 1636895]
2024-11-11 13:29:13,781 - DEBUG - Assigning indexes to genes
2024-11-11 13:29:13,781 - DEBUG - Seen 29219 genes until now
2024-11-11 13:29:13,781 - DEBUG - Parsing Chromosome MT strand - [line 1636896]
2024-11-11 13:29:13,781 - DEBUG - Done with MT- [line 1636901]
2024-11-11 13:29:13,781 - DEBUG - Assigning indexes to genes
2024-11-11 13:29:13,781 - DEBUG - Seen 29220 genes until now
2024-11-11 13:29:13,781 - DEBUG - Parsing Chromosome MT strand + [line 1636902]
2024-11-11 13:29:13,781 - DEBUG - Done with MT+ [line 1636970]
2024-11-11 13:29:13,781 - DEBUG - Assigning indexes to genes
2024-11-11 13:29:13,781 - DEBUG - Seen 29232 genes until now
2024-11-11 13:29:13,781 - DEBUG - Parsing Chromosome X strand - [line 1636971]
2024-11-11 13:29:13,842 - DEBUG - Done with X- [line 1663962]
2024-11-11 13:29:13,842 - DEBUG - Assigning indexes to genes
2024-11-11 13:29:13,844 - DEBUG - Seen 29755 genes until now
2024-11-11 13:29:13,844 - DEBUG - Parsing Chromosome X strand + [line 1663963]
2024-11-11 13:29:13,912 - DEBUG - Done with X+ [line 1694333]
2024-11-11 13:29:13,912 - DEBUG - Assigning indexes to genes
2024-11-11 13:29:13,914 - DEBUG - Seen 30320 genes until now
2024-11-11 13:29:13,914 - DEBUG - Parsing Chromosome Y strand - [line 1694334]
2024-11-11 13:29:13,925 - DEBUG - Done with Y- [line 1698842]
2024-11-11 13:29:13,925 - DEBUG - Assigning indexes to genes
2024-11-11 13:29:13,926 - DEBUG - Seen 30662 genes until now
2024-11-11 13:29:13,926 - DEBUG - Parsing Chromosome Y strand + [line 1698843]
2024-11-11 13:29:13,938 - DEBUG - Assigning indexes to genes
2024-11-11 13:29:13,939 - DEBUG - Done with Y+ [line 1704063]
2024-11-11 13:29:13,939 - DEBUG - Fixing corner cases of transcript models containg intron longer than 1000Kbp
2024-11-11 13:29:14,545 - DEBUG - Generated 1423079 features corresponding to 111079 transcript models from /nobackup/peer/fdeckert/Illumina/reference/mm10-v.3.0.0/Mus_musculus.GRCm38.93.filtered.gtf
2024-11-11 13:29:14,556 - INFO - Scan /research/peer/fdeckert/FD20200109SPLENO/data/BSA_0355_SM01_10x_SPLENO/OUT/COUNT/M6_control_Mac_transcriptome/possorted_genome_bam.bam to validate intron intervals
2024-11-11 13:29:15,689 - DEBUG - Reading /research/peer/fdeckert/FD20200109SPLENO/data/BSA_0355_SM01_10x_SPLENO/OUT/COUNT/M6_control_Mac_transcriptome/possorted_genome_bam.bam
2024-11-11 13:29:15,697 - DEBUG - Read first 0 million reads
2024-11-11 13:29:15,730 - DEBUG - Marking up chromosome 1
2024-11-11 13:29:25,967 - DEBUG - Marking up chromosome 10
2024-11-11 13:29:33,424 - DEBUG - Marking up chromosome 11
2024-11-11 13:29:46,547 - DEBUG - Marking up chromosome 12
2024-11-11 13:29:52,320 - DEBUG - Marking up chromosome 13
2024-11-11 13:29:57,874 - DEBUG - Marking up chromosome 14
2024-11-11 13:30:03,909 - DEBUG - Marking up chromosome 15
2024-11-11 13:30:10,086 - DEBUG - Marking up chromosome 16
2024-11-11 13:30:12,670 - DEBUG - Read first 10 million reads
2024-11-11 13:30:15,021 - DEBUG - Marking up chromosome 17
2024-11-11 13:30:26,635 - DEBUG - Marking up chromosome 18
2024-11-11 13:30:32,005 - DEBUG - Marking up chromosome 19
2024-11-11 13:30:40,262 - DEBUG - Marking up chromosome 2
2024-11-11 13:30:53,271 - DEBUG - Marking up chromosome 3
2024-11-11 13:31:00,607 - DEBUG - Marking up chromosome 4
2024-11-11 13:31:09,102 - DEBUG - Marking up chromosome 5
2024-11-11 13:31:13,914 - DEBUG - Read first 20 million reads
2024-11-11 13:31:19,596 - DEBUG - Marking up chromosome 6
2024-11-11 13:31:27,769 - DEBUG - Marking up chromosome 7
2024-11-11 13:31:41,499 - DEBUG - Marking up chromosome 8
2024-11-11 13:31:48,166 - DEBUG - Marking up chromosome 9
2024-11-11 13:31:56,435 - DEBUG - Marking up chromosome MT
2024-11-11 13:31:58,393 - DEBUG - Marking up chromosome X
2024-11-11 13:32:04,662 - DEBUG - Marking up chromosome Y
2024-11-11 13:32:04,814 - DEBUG - Marking up chromosome JH584299.1
2024-11-11 13:32:04,815 - DEBUG - Marking up chromosome GL456233.1
2024-11-11 13:32:04,818 - DEBUG - Marking up chromosome GL456211.1
2024-11-11 13:32:04,822 - DEBUG - Marking up chromosome GL456221.1
2024-11-11 13:32:04,827 - DEBUG - Marking up chromosome JH584300.1
2024-11-11 13:32:04,828 - WARNING - The .bam file refers to a chromosome 'JH584300.1+' not present in the annotation (.gtf) file
2024-11-11 13:32:04,828 - WARNING - The .bam file refers to a chromosome 'JH584300.1-' not present in the annotation (.gtf) file
2024-11-11 13:32:04,838 - DEBUG - Marking up chromosome GL456219.1
2024-11-11 13:32:04,838 - WARNING - The .bam file refers to a chromosome 'GL456219.1+' not present in the annotation (.gtf) file
2024-11-11 13:32:04,838 - DEBUG - Marking up chromosome GL456210.1
2024-11-11 13:32:04,842 - DEBUG - Marking up chromosome GL456212.1
2024-11-11 13:32:04,842 - WARNING - The .bam file refers to a chromosome 'GL456212.1+' not present in the annotation (.gtf) file
2024-11-11 13:32:04,844 - DEBUG - Marking up chromosome JH584304.1
2024-11-11 13:32:04,844 - WARNING - The .bam file refers to a chromosome 'JH584304.1+' not present in the annotation (.gtf) file
2024-11-11 13:32:04,886 - DEBUG - Marking up chromosome GL456379.1
2024-11-11 13:32:04,886 - WARNING - The .bam file refers to a chromosome 'GL456379.1+' not present in the annotation (.gtf) file
2024-11-11 13:32:04,886 - WARNING - The .bam file refers to a chromosome 'GL456379.1-' not present in the annotation (.gtf) file
2024-11-11 13:32:04,886 - DEBUG - Marking up chromosome GL456216.1
2024-11-11 13:32:04,886 - WARNING - The .bam file refers to a chromosome 'GL456216.1-' not present in the annotation (.gtf) file
2024-11-11 13:32:04,892 - DEBUG - Marking up chromosome GL456393.1
2024-11-11 13:32:04,892 - WARNING - The .bam file refers to a chromosome 'GL456393.1+' not present in the annotation (.gtf) file
2024-11-11 13:32:04,892 - WARNING - The .bam file refers to a chromosome 'GL456393.1-' not present in the annotation (.gtf) file
2024-11-11 13:32:04,892 - DEBUG - Marking up chromosome GL456239.1
2024-11-11 13:32:04,892 - WARNING - The .bam file refers to a chromosome 'GL456239.1+' not present in the annotation (.gtf) file
2024-11-11 13:32:04,893 - WARNING - The .bam file refers to a chromosome 'GL456239.1-' not present in the annotation (.gtf) file
2024-11-11 13:32:04,893 - DEBUG - Marking up chromosome GL456378.1
2024-11-11 13:32:04,893 - WARNING - The .bam file refers to a chromosome 'GL456378.1+' not present in the annotation (.gtf) file
2024-11-11 13:32:04,893 - WARNING - The .bam file refers to a chromosome 'GL456378.1-' not present in the annotation (.gtf) file
2024-11-11 13:32:04,893 - DEBUG - Marking up chromosome GL456389.1
2024-11-11 13:32:04,893 - WARNING - The .bam file refers to a chromosome 'GL456389.1+' not present in the annotation (.gtf) file
2024-11-11 13:32:04,893 - WARNING - The .bam file refers to a chromosome 'GL456389.1-' not present in the annotation (.gtf) file
2024-11-11 13:32:04,893 - DEBUG - Marking up chromosome GL456372.1
2024-11-11 13:32:04,893 - WARNING - The .bam file refers to a chromosome 'GL456372.1+' not present in the annotation (.gtf) file
2024-11-11 13:32:04,893 - WARNING - The .bam file refers to a chromosome 'GL456372.1-' not present in the annotation (.gtf) file
2024-11-11 13:32:04,896 - DEBUG - Marking up chromosome GL456370.1
2024-11-11 13:32:04,896 - WARNING - The .bam file refers to a chromosome 'GL456370.1+' not present in the annotation (.gtf) file
2024-11-11 13:32:04,896 - WARNING - The .bam file refers to a chromosome 'GL456370.1-' not present in the annotation (.gtf) file
2024-11-11 13:32:04,897 - DEBUG - Marking up chromosome GL456390.1
2024-11-11 13:32:04,897 - WARNING - The .bam file refers to a chromosome 'GL456390.1+' not present in the annotation (.gtf) file
2024-11-11 13:32:04,898 - WARNING - The .bam file refers to a chromosome 'GL456390.1-' not present in the annotation (.gtf) file
2024-11-11 13:32:04,898 - DEBUG - Marking up chromosome GL456392.1
2024-11-11 13:32:04,898 - WARNING - The .bam file refers to a chromosome 'GL456392.1+' not present in the annotation (.gtf) file
2024-11-11 13:32:04,898 - WARNING - The .bam file refers to a chromosome 'GL456392.1-' not present in the annotation (.gtf) file
2024-11-11 13:32:04,898 - DEBUG - Marking up chromosome GL456382.1
2024-11-11 13:32:04,898 - WARNING - The .bam file refers to a chromosome 'GL456382.1+' not present in the annotation (.gtf) file
2024-11-11 13:32:04,898 - WARNING - The .bam file refers to a chromosome 'GL456382.1-' not present in the annotation (.gtf) file
2024-11-11 13:32:04,914 - DEBUG - Marking up chromosome GL456396.1
2024-11-11 13:32:04,914 - WARNING - The .bam file refers to a chromosome 'GL456396.1+' not present in the annotation (.gtf) file
2024-11-11 13:32:04,914 - WARNING - The .bam file refers to a chromosome 'GL456396.1-' not present in the annotation (.gtf) file
2024-11-11 13:32:04,914 - DEBUG - Marking up chromosome JH584295.1
2024-11-11 13:32:04,914 - WARNING - The .bam file refers to a chromosome 'JH584295.1+' not present in the annotation (.gtf) file
2024-11-11 13:32:05,729 - DEBUG - Read first 30 million reads
2024-11-11 13:32:13,741 - DEBUG - End of file. Reset index: start scanning from initial position.
2024-11-11 13:32:13,742 - DEBUG - 608137 reads were skipped because no apropiate cell or umi barcode was found
2024-11-11 13:32:13,742 - DEBUG - Start molecule counting!
2024-11-11 13:32:14,890 - DEBUG - Features available for chromosomes : ['1-', '1+', '10-', '10+', '11-', '11+', '12-', '12+', '13-', '13+', '14-', '14+', '15-', '15+', '16-', '16+', '17-', '17+', '18-', '18+', '19-', '19+', '2-', '2+', '3-', '3+', '4-', '4+', '5-', '5+', '6-', '6+', '7-', '7+', '8-', '8+', '9-', '9+', 'GL456210.1-', 'GL456210.1+', 'GL456211.1-', 'GL456211.1+', 'GL456212.1-', 'GL456216.1+', 'GL456219.1-', 'GL456221.1-', 'GL456221.1+', 'GL456233.1-', 'GL456233.1+', 'GL456350.1-', 'GL456354.1-', 'GL456354.1+', 'JH584292.1+', 'JH584293.1-', 'JH584293.1+', 'JH584294.1-', 'JH584294.1+', 'JH584295.1-', 'JH584296.1-', 'JH584297.1-', 'JH584297.1+', 'JH584298.1-', 'JH584298.1+', 'JH584299.1-', 'JH584299.1+', 'JH584303.1+', 'JH584304.1-', 'MT-', 'MT+', 'X-', 'X+', 'Y-', 'Y+']
2024-11-11 13:32:14,891 - DEBUG - Mask available for chromosomes : []
2024-11-11 13:32:14,891 - DEBUG - Summarizing the results of intron validation.
2024-11-11 13:32:15,080 - DEBUG - Validated 128165 introns (of which unique intervals 48447) out of 656000 total possible introns (considering each possible transcript models).
2024-11-11 13:32:15,081 - DEBUG - Reading /research/peer/fdeckert/FD20200109SPLENO/data/BSA_0355_SM01_10x_SPLENO/OUT/COUNT/M6_control_Mac_transcriptome/cellsorted_possorted_genome_bam.bam
2024-11-11 13:32:15,097 - DEBUG - Read first 0 million reads
2024-11-11 13:32:24,614 - DEBUG - Counting for batch 1, containing 100 cells and 683173 reads
2024-11-11 13:32:36,498 - DEBUG - 0 reads not considered because fully enclosed in repeat masked regions
2024-11-11 13:32:46,108 - DEBUG - Counting for batch 2, containing 100 cells and 649317 reads
2024-11-11 13:32:57,584 - DEBUG - 0 reads not considered because fully enclosed in repeat masked regions
2024-11-11 13:33:05,935 - DEBUG - Counting for batch 3, containing 100 cells and 580333 reads
2024-11-11 13:33:17,078 - DEBUG - 0 reads not considered because fully enclosed in repeat masked regions
2024-11-11 13:33:23,710 - DEBUG - Counting for batch 4, containing 100 cells and 536787 reads
2024-11-11 13:33:33,234 - DEBUG - 0 reads not considered because fully enclosed in repeat masked regions
2024-11-11 13:33:42,268 - DEBUG - Counting for batch 5, containing 100 cells and 721344 reads
2024-11-11 13:33:55,558 - DEBUG - 0 reads not considered because fully enclosed in repeat masked regions
2024-11-11 13:34:04,207 - DEBUG - Counting for batch 6, containing 100 cells and 571653 reads
2024-11-11 13:34:14,332 - DEBUG - 0 reads not considered because fully enclosed in repeat masked regions
2024-11-11 13:34:22,746 - DEBUG - Counting for batch 7, containing 100 cells and 649704 reads
2024-11-11 13:34:34,929 - DEBUG - 0 reads not considered because fully enclosed in repeat masked regions
2024-11-11 13:34:41,044 - DEBUG - Read first 10 million reads
2024-11-11 13:34:42,713 - DEBUG - Counting for batch 8, containing 100 cells and 580685 reads
2024-11-11 13:34:52,934 - DEBUG - 0 reads not considered because fully enclosed in repeat masked regions
2024-11-11 13:35:00,974 - DEBUG - Counting for batch 9, containing 100 cells and 583446 reads
2024-11-11 13:35:12,226 - DEBUG - 0 reads not considered because fully enclosed in repeat masked regions
2024-11-11 13:35:19,943 - DEBUG - Counting for batch 10, containing 100 cells and 682058 reads
2024-11-11 13:35:32,516 - DEBUG - 0 reads not considered because fully enclosed in repeat masked regions
2024-11-11 13:35:40,753 - DEBUG - Counting for batch 11, containing 100 cells and 611386 reads
2024-11-11 13:35:52,439 - DEBUG - 0 reads not considered because fully enclosed in repeat masked regions
2024-11-11 13:35:59,428 - DEBUG - Counting for batch 12, containing 100 cells and 557192 reads
2024-11-11 13:36:09,299 - DEBUG - 0 reads not considered because fully enclosed in repeat masked regions
2024-11-11 13:36:17,459 - DEBUG - Counting for batch 13, containing 100 cells and 593653 reads
2024-11-11 13:36:27,978 - DEBUG - 0 reads not considered because fully enclosed in repeat masked regions
2024-11-11 13:36:36,098 - DEBUG - Counting for batch 14, containing 100 cells and 602893 reads
2024-11-11 13:36:46,473 - DEBUG - 0 reads not considered because fully enclosed in repeat masked regions
2024-11-11 13:36:54,769 - DEBUG - Counting for batch 15, containing 100 cells and 608793 reads
2024-11-11 13:37:06,359 - DEBUG - 0 reads not considered because fully enclosed in repeat masked regions
2024-11-11 13:37:13,796 - DEBUG - Counting for batch 16, containing 100 cells and 631513 reads
2024-11-11 13:37:25,580 - DEBUG - 0 reads not considered because fully enclosed in repeat masked regions
2024-11-11 13:37:31,641 - DEBUG - Read first 20 million reads
2024-11-11 13:37:34,201 - DEBUG - Counting for batch 17, containing 100 cells and 626555 reads
2024-11-11 13:37:45,288 - DEBUG - 0 reads not considered because fully enclosed in repeat masked regions
2024-11-11 13:37:54,072 - DEBUG - Counting for batch 18, containing 100 cells and 664165 reads
2024-11-11 13:38:06,368 - DEBUG - 0 reads not considered because fully enclosed in repeat masked regions
2024-11-11 13:38:14,309 - DEBUG - Counting for batch 19, containing 100 cells and 598828 reads
2024-11-11 13:38:25,814 - DEBUG - 0 reads not considered because fully enclosed in repeat masked regions
2024-11-11 13:38:32,616 - DEBUG - Counting for batch 20, containing 100 cells and 567248 reads
2024-11-11 13:38:42,475 - DEBUG - 0 reads not considered because fully enclosed in repeat masked regions
2024-11-11 13:38:51,657 - DEBUG - Counting for batch 21, containing 100 cells and 696907 reads
2024-11-11 13:39:04,689 - DEBUG - 0 reads not considered because fully enclosed in repeat masked regions
2024-11-11 13:39:12,399 - DEBUG - Counting for batch 22, containing 100 cells and 609054 reads
2024-11-11 13:39:23,988 - DEBUG - 0 reads not considered because fully enclosed in repeat masked regions
2024-11-11 13:39:30,991 - DEBUG - Counting for batch 23, containing 100 cells and 582453 reads
2024-11-11 13:39:42,119 - DEBUG - 0 reads not considered because fully enclosed in repeat masked regions
2024-11-11 13:39:49,335 - DEBUG - Counting for batch 24, containing 100 cells and 639422 reads
2024-11-11 13:40:01,332 - DEBUG - 0 reads not considered because fully enclosed in repeat masked regions
2024-11-11 13:40:09,337 - DEBUG - Counting for batch 25, containing 100 cells and 626643 reads
2024-11-11 13:40:21,012 - DEBUG - 0 reads not considered because fully enclosed in repeat masked regions
2024-11-11 13:40:25,304 - DEBUG - Read first 30 million reads
2024-11-11 13:40:29,426 - DEBUG - Counting for batch 26, containing 100 cells and 687890 reads
2024-11-11 13:40:42,179 - DEBUG - 0 reads not considered because fully enclosed in repeat masked regions
2024-11-11 13:40:50,111 - DEBUG - Counting for batch 27, containing 100 cells and 577440 reads
2024-11-11 13:41:00,287 - DEBUG - 0 reads not considered because fully enclosed in repeat masked regions
2024-11-11 13:41:08,149 - DEBUG - Counting for batch 28, containing 100 cells and 568235 reads
2024-11-11 13:41:18,985 - DEBUG - 0 reads not considered because fully enclosed in repeat masked regions
2024-11-11 13:41:26,005 - DEBUG - Counting for batch 29, containing 100 cells and 613123 reads
2024-11-11 13:41:37,494 - DEBUG - 0 reads not considered because fully enclosed in repeat masked regions
2024-11-11 13:41:44,884 - DEBUG - Counting for batch 30, containing 100 cells and 543680 reads
2024-11-11 13:41:55,482 - DEBUG - 0 reads not considered because fully enclosed in repeat masked regions
2024-11-11 13:41:58,188 - DEBUG - Counting for batch 31, containing 11 cells and 56499 reads
2024-11-11 13:41:59,194 - DEBUG - 0 reads not considered because fully enclosed in repeat masked regions
2024-11-11 13:41:59,432 - DEBUG - 608137 reads were skipped because no apropiate cell or umi barcode was found
2024-11-11 13:41:59,432 - DEBUG - Counting done!
2024-11-11 13:41:59,437 - DEBUG - Generating output file data/BSA_0355_SM01_10x_SPLENO/OUT/COUNT/M6_control_Mac_transcriptome/velocyto.loom
2024-11-11 13:41:59,437 - DEBUG - Collecting row attributes
2024-11-11 13:41:59,515 - DEBUG - Generating data table
2024-11-11 13:41:59,904 - DEBUG - Writing loom file
2024-11-11 13:42:01,719 - DEBUG - Creating converter from 5 to 3
2024-11-11 13:42:01,975 - DEBUG - Creating converter from 3 to 5
2024-11-11 13:42:05,935 - DEBUG - Terminated Succesfully!
