[NbConvertApp] Converting notebook scvi.p.ipynb to html
Traceback (most recent call last):
  File "/home/fdeckert/bin/miniconda3/bin/jupyter-nbconvert", line 11, in <module>
    sys.exit(main())
  File "/home/fdeckert/bin/miniconda3/lib/python3.8/site-packages/jupyter_core/application.py", line 264, in launch_instance
    return super(JupyterApp, cls).launch_instance(argv=argv, **kwargs)
  File "/home/fdeckert/bin/miniconda3/lib/python3.8/site-packages/traitlets/config/application.py", line 846, in launch_instance
    app.start()
  File "/home/fdeckert/bin/miniconda3/lib/python3.8/site-packages/nbconvert/nbconvertapp.py", line 346, in start
    self.convert_notebooks()
  File "/home/fdeckert/bin/miniconda3/lib/python3.8/site-packages/nbconvert/nbconvertapp.py", line 518, in convert_notebooks
    self.convert_single_notebook(notebook_filename)
  File "/home/fdeckert/bin/miniconda3/lib/python3.8/site-packages/nbconvert/nbconvertapp.py", line 483, in convert_single_notebook
    output, resources = self.export_single_notebook(notebook_filename, resources, input_buffer=input_buffer)
  File "/home/fdeckert/bin/miniconda3/lib/python3.8/site-packages/nbconvert/nbconvertapp.py", line 412, in export_single_notebook
    output, resources = self.exporter.from_filename(notebook_filename, resources=resources)
  File "/home/fdeckert/bin/miniconda3/lib/python3.8/site-packages/nbconvert/exporters/exporter.py", line 181, in from_filename
    return self.from_file(f, resources=resources, **kw)
  File "/home/fdeckert/bin/miniconda3/lib/python3.8/site-packages/nbconvert/exporters/exporter.py", line 199, in from_file
    return self.from_notebook_node(nbformat.read(file_stream, as_version=4), resources=resources, **kw)
  File "/home/fdeckert/bin/miniconda3/lib/python3.8/site-packages/nbconvert/exporters/html.py", line 129, in from_notebook_node
    return super().from_notebook_node(nb, resources, **kw)
  File "/home/fdeckert/bin/miniconda3/lib/python3.8/site-packages/nbconvert/exporters/templateexporter.py", line 374, in from_notebook_node
    nb_copy, resources = super().from_notebook_node(nb, resources, **kw)
  File "/home/fdeckert/bin/miniconda3/lib/python3.8/site-packages/nbconvert/exporters/exporter.py", line 143, in from_notebook_node
    nb_copy, resources = self._preprocess(nb_copy, resources)
  File "/home/fdeckert/bin/miniconda3/lib/python3.8/site-packages/nbconvert/exporters/exporter.py", line 318, in _preprocess
    nbc, resc = preprocessor(nbc, resc)
  File "/home/fdeckert/bin/miniconda3/lib/python3.8/site-packages/nbconvert/preprocessors/base.py", line 47, in __call__
    return self.preprocess(nb, resources)
  File "/home/fdeckert/bin/miniconda3/lib/python3.8/site-packages/nbconvert/preprocessors/execute.py", line 84, in preprocess
    self.preprocess_cell(cell, resources, index)
  File "/home/fdeckert/bin/miniconda3/lib/python3.8/site-packages/nbconvert/preprocessors/execute.py", line 105, in preprocess_cell
    cell = self.execute_cell(cell, index, store_history=True)
  File "/home/fdeckert/bin/miniconda3/lib/python3.8/site-packages/nbclient/util.py", line 74, in wrapped
    return just_run(coro(*args, **kwargs))
  File "/home/fdeckert/bin/miniconda3/lib/python3.8/site-packages/nbclient/util.py", line 53, in just_run
    return loop.run_until_complete(coro)
  File "/home/fdeckert/bin/miniconda3/lib/python3.8/asyncio/base_events.py", line 616, in run_until_complete
    return future.result()
  File "/home/fdeckert/bin/miniconda3/lib/python3.8/site-packages/nbclient/client.py", line 857, in async_execute_cell
    self._check_raise_for_error(cell, exec_reply)
  File "/home/fdeckert/bin/miniconda3/lib/python3.8/site-packages/nbclient/client.py", line 760, in _check_raise_for_error
    raise CellExecutionError.from_cell_and_msg(cell, exec_reply_content)
nbclient.exceptions.CellExecutionError: An error occurred while executing the following cell:
------------------
model.train()
------------------

[0;31m---------------------------------------------------------------------------[0m
[0;31mValueError[0m                                Traceback (most recent call last)
[0;32m<ipython-input-9-c72315b99576>[0m in [0;36m<module>[0;34m[0m
[0;32m----> 1[0;31m [0mmodel[0m[0;34m.[0m[0mtrain[0m[0;34m([0m[0;34m)[0m[0;34m[0m[0;34m[0m[0m
[0m
[0;32m~/bin/miniconda3/envs/p.3.9.4-FD20200109SPLENO/lib/python3.9/site-packages/scvi/model/base/_training_mixin.py[0m in [0;36mtrain[0;34m(self, max_epochs, use_gpu, train_size, validation_size, batch_size, early_stopping, plan_kwargs, **trainer_kwargs)[0m
[1;32m     75[0m             [0;34m**[0m[0mtrainer_kwargs[0m[0;34m,[0m[0;34m[0m[0;34m[0m[0m
[1;32m     76[0m         )
[0;32m---> 77[0;31m         [0;32mreturn[0m [0mrunner[0m[0;34m([0m[0;34m)[0m[0;34m[0m[0;34m[0m[0m
[0m
[0;32m~/bin/miniconda3/envs/p.3.9.4-FD20200109SPLENO/lib/python3.9/site-packages/scvi/train/_trainrunner.py[0m in [0;36m__call__[0;34m(self)[0m
[1;32m     71[0m         [0mself[0m[0;34m.[0m[0mtraining_plan[0m[0;34m.[0m[0mn_obs_training[0m [0;34m=[0m [0mlen[0m[0;34m([0m[0mself[0m[0;34m.[0m[0mmodel[0m[0;34m.[0m[0mtrain_indices[0m[0;34m)[0m[0;34m[0m[0;34m[0m[0m
[1;32m     72[0m [0;34m[0m[0m
[0;32m---> 73[0;31m         [0mself[0m[0;34m.[0m[0mtrainer[0m[0;34m.[0m[0mfit[0m[0;34m([0m[0mself[0m[0;34m.[0m[0mtraining_plan[0m[0;34m,[0m [0mself[0m[0;34m.[0m[0mdata_splitter[0m[0;34m)[0m[0;34m[0m[0;34m[0m[0m
[0m[1;32m     74[0m         [0;32mtry[0m[0;34m:[0m[0;34m[0m[0;34m[0m[0m
[1;32m     75[0m             [0mself[0m[0;34m.[0m[0mmodel[0m[0;34m.[0m[0mhistory_[0m [0;34m=[0m [0mself[0m[0;34m.[0m[0mtrainer[0m[0;34m.[0m[0mlogger[0m[0;34m.[0m[0mhistory[0m[0;34m[0m[0;34m[0m[0m

[0;32m~/bin/miniconda3/envs/p.3.9.4-FD20200109SPLENO/lib/python3.9/site-packages/scvi/train/_trainer.py[0m in [0;36mfit[0;34m(self, *args, **kwargs)[0m
[1;32m    157[0m                 [0mmessage[0m[0;34m=[0m[0;34m"One of given dataloaders is None and it will be skipped"[0m[0;34m,[0m[0;34m[0m[0;34m[0m[0m
[1;32m    158[0m             )
[0;32m--> 159[0;31m             [0msuper[0m[0;34m([0m[0;34m)[0m[0;34m.[0m[0mfit[0m[0;34m([0m[0;34m*[0m[0margs[0m[0;34m,[0m [0;34m**[0m[0mkwargs[0m[0;34m)[0m[0;34m[0m[0;34m[0m[0m
[0m
[0;32m~/bin/miniconda3/envs/p.3.9.4-FD20200109SPLENO/lib/python3.9/site-packages/pytorch_lightning/trainer/trainer.py[0m in [0;36mfit[0;34m(self, model, train_dataloader, val_dataloaders, datamodule)[0m
[1;32m    456[0m         )
[1;32m    457[0m [0;34m[0m[0m
[0;32m--> 458[0;31m         [0mself[0m[0;34m.[0m[0m_run[0m[0;34m([0m[0mmodel[0m[0;34m)[0m[0;34m[0m[0;34m[0m[0m
[0m[1;32m    459[0m [0;34m[0m[0m
[1;32m    460[0m         [0;32massert[0m [0mself[0m[0;34m.[0m[0mstate[0m[0;34m.[0m[0mstopped[0m[0;34m[0m[0;34m[0m[0m

[0;32m~/bin/miniconda3/envs/p.3.9.4-FD20200109SPLENO/lib/python3.9/site-packages/pytorch_lightning/trainer/trainer.py[0m in [0;36m_run[0;34m(self, model)[0m
[1;32m    754[0m [0;34m[0m[0m
[1;32m    755[0m         [0;31m# dispatch `start_training` or `start_evaluating` or `start_predicting`[0m[0;34m[0m[0;34m[0m[0;34m[0m[0m
[0;32m--> 756[0;31m         [0mself[0m[0;34m.[0m[0mdispatch[0m[0;34m([0m[0;34m)[0m[0;34m[0m[0;34m[0m[0m
[0m[1;32m    757[0m [0;34m[0m[0m
[1;32m    758[0m         [0;31m# plugin will finalized fitting (e.g. ddp_spawn will load trained model)[0m[0;34m[0m[0;34m[0m[0;34m[0m[0m

[0;32m~/bin/miniconda3/envs/p.3.9.4-FD20200109SPLENO/lib/python3.9/site-packages/pytorch_lightning/trainer/trainer.py[0m in [0;36mdispatch[0;34m(self)[0m
[1;32m    795[0m             [0mself[0m[0;34m.[0m[0maccelerator[0m[0;34m.[0m[0mstart_predicting[0m[0;34m([0m[0mself[0m[0;34m)[0m[0;34m[0m[0;34m[0m[0m
[1;32m    796[0m         [0;32melse[0m[0;34m:[0m[0;34m[0m[0;34m[0m[0m
[0;32m--> 797[0;31m             [0mself[0m[0;34m.[0m[0maccelerator[0m[0;34m.[0m[0mstart_training[0m[0;34m([0m[0mself[0m[0;34m)[0m[0;34m[0m[0;34m[0m[0m
[0m[1;32m    798[0m [0;34m[0m[0m
[1;32m    799[0m     [0;32mdef[0m [0mrun_stage[0m[0;34m([0m[0mself[0m[0;34m)[0m[0;34m:[0m[0;34m[0m[0;34m[0m[0m

[0;32m~/bin/miniconda3/envs/p.3.9.4-FD20200109SPLENO/lib/python3.9/site-packages/pytorch_lightning/accelerators/accelerator.py[0m in [0;36mstart_training[0;34m(self, trainer)[0m
[1;32m     94[0m [0;34m[0m[0m
[1;32m     95[0m     [0;32mdef[0m [0mstart_training[0m[0;34m([0m[0mself[0m[0;34m,[0m [0mtrainer[0m[0;34m:[0m [0;34m'pl.Trainer'[0m[0;34m)[0m [0;34m->[0m [0;32mNone[0m[0;34m:[0m[0;34m[0m[0;34m[0m[0m
[0;32m---> 96[0;31m         [0mself[0m[0;34m.[0m[0mtraining_type_plugin[0m[0;34m.[0m[0mstart_training[0m[0;34m([0m[0mtrainer[0m[0;34m)[0m[0;34m[0m[0;34m[0m[0m
[0m[1;32m     97[0m [0;34m[0m[0m
[1;32m     98[0m     [0;32mdef[0m [0mstart_evaluating[0m[0;34m([0m[0mself[0m[0;34m,[0m [0mtrainer[0m[0;34m:[0m [0;34m'pl.Trainer'[0m[0;34m)[0m [0;34m->[0m [0;32mNone[0m[0;34m:[0m[0;34m[0m[0;34m[0m[0m

[0;32m~/bin/miniconda3/envs/p.3.9.4-FD20200109SPLENO/lib/python3.9/site-packages/pytorch_lightning/plugins/training_type/training_type_plugin.py[0m in [0;36mstart_training[0;34m(self, trainer)[0m
[1;32m    142[0m     [0;32mdef[0m [0mstart_training[0m[0;34m([0m[0mself[0m[0;34m,[0m [0mtrainer[0m[0;34m:[0m [0;34m'pl.Trainer'[0m[0;34m)[0m [0;34m->[0m [0;32mNone[0m[0;34m:[0m[0;34m[0m[0;34m[0m[0m
[1;32m    143[0m         [0;31m# double dispatch to initiate the training loop[0m[0;34m[0m[0;34m[0m[0;34m[0m[0m
[0;32m--> 144[0;31m         [0mself[0m[0;34m.[0m[0m_results[0m [0;34m=[0m [0mtrainer[0m[0;34m.[0m[0mrun_stage[0m[0;34m([0m[0;34m)[0m[0;34m[0m[0;34m[0m[0m
[0m[1;32m    145[0m [0;34m[0m[0m
[1;32m    146[0m     [0;32mdef[0m [0mstart_evaluating[0m[0;34m([0m[0mself[0m[0;34m,[0m [0mtrainer[0m[0;34m:[0m [0;34m'pl.Trainer'[0m[0;34m)[0m [0;34m->[0m [0;32mNone[0m[0;34m:[0m[0;34m[0m[0;34m[0m[0m

[0;32m~/bin/miniconda3/envs/p.3.9.4-FD20200109SPLENO/lib/python3.9/site-packages/pytorch_lightning/trainer/trainer.py[0m in [0;36mrun_stage[0;34m(self)[0m
[1;32m    805[0m         [0;32mif[0m [0mself[0m[0;34m.[0m[0mpredicting[0m[0;34m:[0m[0;34m[0m[0;34m[0m[0m
[1;32m    806[0m             [0;32mreturn[0m [0mself[0m[0;34m.[0m[0mrun_predict[0m[0;34m([0m[0;34m)[0m[0;34m[0m[0;34m[0m[0m
[0;32m--> 807[0;31m         [0;32mreturn[0m [0mself[0m[0;34m.[0m[0mrun_train[0m[0;34m([0m[0;34m)[0m[0;34m[0m[0;34m[0m[0m
[0m[1;32m    808[0m [0;34m[0m[0m
[1;32m    809[0m     [0;32mdef[0m [0m_pre_training_routine[0m[0;34m([0m[0mself[0m[0;34m)[0m[0;34m:[0m[0;34m[0m[0;34m[0m[0m

[0;32m~/bin/miniconda3/envs/p.3.9.4-FD20200109SPLENO/lib/python3.9/site-packages/pytorch_lightning/trainer/trainer.py[0m in [0;36mrun_train[0;34m(self)[0m
[1;32m    867[0m                 [0;32mwith[0m [0mself[0m[0;34m.[0m[0mprofiler[0m[0;34m.[0m[0mprofile[0m[0;34m([0m[0;34m"run_training_epoch"[0m[0;34m)[0m[0;34m:[0m[0;34m[0m[0;34m[0m[0m
[1;32m    868[0m                     [0;31m# run train epoch[0m[0;34m[0m[0;34m[0m[0;34m[0m[0m
[0;32m--> 869[0;31m                     [0mself[0m[0;34m.[0m[0mtrain_loop[0m[0;34m.[0m[0mrun_training_epoch[0m[0;34m([0m[0;34m)[0m[0;34m[0m[0;34m[0m[0m
[0m[1;32m    870[0m [0;34m[0m[0m
[1;32m    871[0m                 [0;32mif[0m [0mself[0m[0;34m.[0m[0mmax_steps[0m [0;32mand[0m [0mself[0m[0;34m.[0m[0mmax_steps[0m [0;34m<=[0m [0mself[0m[0;34m.[0m[0mglobal_step[0m[0;34m:[0m[0;34m[0m[0;34m[0m[0m

[0;32m~/bin/miniconda3/envs/p.3.9.4-FD20200109SPLENO/lib/python3.9/site-packages/pytorch_lightning/trainer/training_loop.py[0m in [0;36mrun_training_epoch[0;34m(self)[0m
[1;32m    479[0m         [0mis_last_batch[0m [0;34m=[0m [0;32mNone[0m[0;34m[0m[0;34m[0m[0m
[1;32m    480[0m [0;34m[0m[0m
[0;32m--> 481[0;31m         [0;32mfor[0m [0mbatch_idx[0m[0;34m,[0m [0;34m([0m[0mbatch[0m[0;34m,[0m [0mis_last_batch[0m[0;34m)[0m [0;32min[0m [0mtrain_dataloader[0m[0;34m:[0m[0;34m[0m[0;34m[0m[0m
[0m[1;32m    482[0m             [0mself[0m[0;34m.[0m[0mtrainer[0m[0;34m.[0m[0mbatch_idx[0m [0;34m=[0m [0mbatch_idx[0m[0;34m[0m[0;34m[0m[0m
[1;32m    483[0m             [0mself[0m[0;34m.[0m[0mtrainer[0m[0;34m.[0m[0mis_last_batch[0m [0;34m=[0m [0mis_last_batch[0m[0;34m[0m[0;34m[0m[0m

[0;32m~/bin/miniconda3/envs/p.3.9.4-FD20200109SPLENO/lib/python3.9/site-packages/pytorch_lightning/profiler/profilers.py[0m in [0;36mprofile_iterable[0;34m(self, iterable, action_name)[0m
[1;32m    110[0m             [0;32mtry[0m[0;34m:[0m[0;34m[0m[0;34m[0m[0m
[1;32m    111[0m                 [0mself[0m[0;34m.[0m[0mstart[0m[0;34m([0m[0maction_name[0m[0;34m)[0m[0;34m[0m[0;34m[0m[0m
[0;32m--> 112[0;31m                 [0mvalue[0m [0;34m=[0m [0mnext[0m[0;34m([0m[0miterator[0m[0;34m)[0m[0;34m[0m[0;34m[0m[0m
[0m[1;32m    113[0m                 [0mself[0m[0;34m.[0m[0mstop[0m[0;34m([0m[0maction_name[0m[0;34m)[0m[0;34m[0m[0;34m[0m[0m
[1;32m    114[0m                 [0;32myield[0m [0mvalue[0m[0;34m[0m[0;34m[0m[0m

[0;32m~/bin/miniconda3/envs/p.3.9.4-FD20200109SPLENO/lib/python3.9/site-packages/pytorch_lightning/trainer/supporters.py[0m in [0;36mprefetch_iterator[0;34m(iterable)[0m
[1;32m    528[0m     [0;32mtry[0m[0;34m:[0m[0;34m[0m[0;34m[0m[0m
[1;32m    529[0m         [0;31m# the iterator may be empty from the beginning[0m[0;34m[0m[0;34m[0m[0;34m[0m[0m
[0;32m--> 530[0;31m         [0mlast[0m [0;34m=[0m [0mnext[0m[0;34m([0m[0mit[0m[0;34m)[0m[0;34m[0m[0;34m[0m[0m
[0m[1;32m    531[0m     [0;32mexcept[0m [0mStopIteration[0m[0;34m:[0m[0;34m[0m[0;34m[0m[0m
[1;32m    532[0m         [0;32mreturn[0m[0;34m[0m[0;34m[0m[0m

[0;32m~/bin/miniconda3/envs/p.3.9.4-FD20200109SPLENO/lib/python3.9/site-packages/pytorch_lightning/trainer/supporters.py[0m in [0;36m__next__[0;34m(self)[0m
[1;32m    462[0m [0;34m[0m[0m
[1;32m    463[0m         """
[0;32m--> 464[0;31m         [0;32mreturn[0m [0mself[0m[0;34m.[0m[0mrequest_next_batch[0m[0;34m([0m[0mself[0m[0;34m.[0m[0mloader_iters[0m[0;34m)[0m[0;34m[0m[0;34m[0m[0m
[0m[1;32m    465[0m [0;34m[0m[0m
[1;32m    466[0m     [0;34m@[0m[0mstaticmethod[0m[0;34m[0m[0;34m[0m[0m

[0;32m~/bin/miniconda3/envs/p.3.9.4-FD20200109SPLENO/lib/python3.9/site-packages/pytorch_lightning/trainer/supporters.py[0m in [0;36mrequest_next_batch[0;34m(loader_iters)[0m
[1;32m    476[0m [0;34m[0m[0m
[1;32m    477[0m         """
[0;32m--> 478[0;31m         [0;32mreturn[0m [0mapply_to_collection[0m[0;34m([0m[0mloader_iters[0m[0;34m,[0m [0mIterator[0m[0;34m,[0m [0mnext[0m[0;34m)[0m[0;34m[0m[0;34m[0m[0m
[0m[1;32m    479[0m [0;34m[0m[0m
[1;32m    480[0m     [0;34m@[0m[0mstaticmethod[0m[0;34m[0m[0;34m[0m[0m

[0;32m~/bin/miniconda3/envs/p.3.9.4-FD20200109SPLENO/lib/python3.9/site-packages/pytorch_lightning/utilities/apply_func.py[0m in [0;36mapply_to_collection[0;34m(data, dtype, function, wrong_dtype, *args, **kwargs)[0m
[1;32m     82[0m     [0;31m# Breaking condition[0m[0;34m[0m[0;34m[0m[0;34m[0m[0m
[1;32m     83[0m     [0;32mif[0m [0misinstance[0m[0;34m([0m[0mdata[0m[0;34m,[0m [0mdtype[0m[0;34m)[0m [0;32mand[0m [0;34m([0m[0mwrong_dtype[0m [0;32mis[0m [0;32mNone[0m [0;32mor[0m [0;32mnot[0m [0misinstance[0m[0;34m([0m[0mdata[0m[0;34m,[0m [0mwrong_dtype[0m[0;34m)[0m[0;34m)[0m[0;34m:[0m[0;34m[0m[0;34m[0m[0m
[0;32m---> 84[0;31m         [0;32mreturn[0m [0mfunction[0m[0;34m([0m[0mdata[0m[0;34m,[0m [0;34m*[0m[0margs[0m[0;34m,[0m [0;34m**[0m[0mkwargs[0m[0;34m)[0m[0;34m[0m[0;34m[0m[0m
[0m[1;32m     85[0m [0;34m[0m[0m
[1;32m     86[0m     [0;31m# Recursively apply to collection items[0m[0;34m[0m[0;34m[0m[0;34m[0m[0m

[0;32m~/bin/miniconda3/envs/p.3.9.4-FD20200109SPLENO/lib/python3.9/site-packages/torch/utils/data/dataloader.py[0m in [0;36m__next__[0;34m(self)[0m
[1;32m    515[0m             [0;32mif[0m [0mself[0m[0;34m.[0m[0m_sampler_iter[0m [0;32mis[0m [0;32mNone[0m[0;34m:[0m[0;34m[0m[0;34m[0m[0m
[1;32m    516[0m                 [0mself[0m[0;34m.[0m[0m_reset[0m[0;34m([0m[0;34m)[0m[0;34m[0m[0;34m[0m[0m
[0;32m--> 517[0;31m             [0mdata[0m [0;34m=[0m [0mself[0m[0;34m.[0m[0m_next_data[0m[0;34m([0m[0;34m)[0m[0;34m[0m[0;34m[0m[0m
[0m[1;32m    518[0m             [0mself[0m[0;34m.[0m[0m_num_yielded[0m [0;34m+=[0m [0;36m1[0m[0;34m[0m[0;34m[0m[0m
[1;32m    519[0m             [0;32mif[0m [0mself[0m[0;34m.[0m[0m_dataset_kind[0m [0;34m==[0m [0m_DatasetKind[0m[0;34m.[0m[0mIterable[0m [0;32mand[0m[0;31m [0m[0;31m\[0m[0;34m[0m[0;34m[0m[0m

[0;32m~/bin/miniconda3/envs/p.3.9.4-FD20200109SPLENO/lib/python3.9/site-packages/torch/utils/data/dataloader.py[0m in [0;36m_next_data[0;34m(self)[0m
[1;32m    555[0m     [0;32mdef[0m [0m_next_data[0m[0;34m([0m[0mself[0m[0;34m)[0m[0;34m:[0m[0;34m[0m[0;34m[0m[0m
[1;32m    556[0m         [0mindex[0m [0;34m=[0m [0mself[0m[0;34m.[0m[0m_next_index[0m[0;34m([0m[0;34m)[0m  [0;31m# may raise StopIteration[0m[0;34m[0m[0;34m[0m[0m
[0;32m--> 557[0;31m         [0mdata[0m [0;34m=[0m [0mself[0m[0;34m.[0m[0m_dataset_fetcher[0m[0;34m.[0m[0mfetch[0m[0;34m([0m[0mindex[0m[0;34m)[0m  [0;31m# may raise StopIteration[0m[0;34m[0m[0;34m[0m[0m
[0m[1;32m    558[0m         [0;32mif[0m [0mself[0m[0;34m.[0m[0m_pin_memory[0m[0;34m:[0m[0;34m[0m[0;34m[0m[0m
[1;32m    559[0m             [0mdata[0m [0;34m=[0m [0m_utils[0m[0;34m.[0m[0mpin_memory[0m[0;34m.[0m[0mpin_memory[0m[0;34m([0m[0mdata[0m[0;34m)[0m[0;34m[0m[0;34m[0m[0m

[0;32m~/bin/miniconda3/envs/p.3.9.4-FD20200109SPLENO/lib/python3.9/site-packages/torch/utils/data/_utils/fetch.py[0m in [0;36mfetch[0;34m(self, possibly_batched_index)[0m
[1;32m     44[0m             [0mdata[0m [0;34m=[0m [0;34m[[0m[0mself[0m[0;34m.[0m[0mdataset[0m[0;34m[[0m[0midx[0m[0;34m][0m [0;32mfor[0m [0midx[0m [0;32min[0m [0mpossibly_batched_index[0m[0;34m][0m[0;34m[0m[0;34m[0m[0m
[1;32m     45[0m         [0;32melse[0m[0;34m:[0m[0;34m[0m[0;34m[0m[0m
[0;32m---> 46[0;31m             [0mdata[0m [0;34m=[0m [0mself[0m[0;34m.[0m[0mdataset[0m[0;34m[[0m[0mpossibly_batched_index[0m[0;34m][0m[0;34m[0m[0;34m[0m[0m
[0m[1;32m     47[0m         [0;32mreturn[0m [0mself[0m[0;34m.[0m[0mcollate_fn[0m[0;34m([0m[0mdata[0m[0;34m)[0m[0;34m[0m[0;34m[0m[0m

[0;32m~/bin/miniconda3/envs/p.3.9.4-FD20200109SPLENO/lib/python3.9/site-packages/scvi/dataloaders/_anntorchdataset.py[0m in [0;36m__getitem__[0;34m(self, idx)[0m
[1;32m    116[0m                 [0mdata_numpy[0m[0;34m[[0m[0mkey[0m[0;34m][0m [0;34m=[0m [0mdata[0m[0;34m[[0m[0midx[0m[0;34m][0m[0;34m.[0m[0mastype[0m[0;34m([0m[0mdtype[0m[0;34m)[0m[0;34m[0m[0;34m[0m[0m
[1;32m    117[0m             [0;32melif[0m [0misinstance[0m[0;34m([0m[0mdata[0m[0;34m,[0m [0mpd[0m[0;34m.[0m[0mDataFrame[0m[0;34m)[0m[0;34m:[0m[0;34m[0m[0;34m[0m[0m
[0;32m--> 118[0;31m                 [0mdata_numpy[0m[0;34m[[0m[0mkey[0m[0;34m][0m [0;34m=[0m [0mdata[0m[0;34m.[0m[0miloc[0m[0;34m[[0m[0midx[0m[0;34m,[0m [0;34m:[0m[0;34m][0m[0;34m.[0m[0mto_numpy[0m[0;34m([0m[0;34m)[0m[0;34m.[0m[0mastype[0m[0;34m([0m[0mdtype[0m[0;34m)[0m[0;34m[0m[0;34m[0m[0m
[0m[1;32m    119[0m             [0;32melse[0m[0;34m:[0m[0;34m[0m[0;34m[0m[0m
[1;32m    120[0m                 [0mdata_numpy[0m[0;34m[[0m[0mkey[0m[0;34m][0m [0;34m=[0m [0mdata[0m[0;34m[[0m[0midx[0m[0;34m][0m[0;34m.[0m[0mtoarray[0m[0;34m([0m[0;34m)[0m[0;34m.[0m[0mastype[0m[0;34m([0m[0mdtype[0m[0;34m)[0m[0;34m[0m[0;34m[0m[0m

[0;31mValueError[0m: could not convert string to float: 'NaCl'
ValueError: could not convert string to float: 'NaCl'

