[NbConvertApp] Converting notebook scvi_all.r.ipynb to html
[NbConvertApp] Executing notebook with kernel: p.3.9.4-fd20200109spleno
Traceback (most recent call last):
  File "/home/fdeckert/bin/miniconda3/envs/p.3.9.4-FD20200109SPLENO/bin/jupyter-nbconvert", line 11, in <module>
    sys.exit(main())
  File "/home/fdeckert/bin/miniconda3/envs/p.3.9.4-FD20200109SPLENO/lib/python3.9/site-packages/jupyter_core/application.py", line 254, in launch_instance
    return super(JupyterApp, cls).launch_instance(argv=argv, **kwargs)
  File "/home/fdeckert/bin/miniconda3/envs/p.3.9.4-FD20200109SPLENO/lib/python3.9/site-packages/traitlets/config/application.py", line 845, in launch_instance
    app.start()
  File "/home/fdeckert/bin/miniconda3/envs/p.3.9.4-FD20200109SPLENO/lib/python3.9/site-packages/nbconvert/nbconvertapp.py", line 350, in start
    self.convert_notebooks()
  File "/home/fdeckert/bin/miniconda3/envs/p.3.9.4-FD20200109SPLENO/lib/python3.9/site-packages/nbconvert/nbconvertapp.py", line 524, in convert_notebooks
    self.convert_single_notebook(notebook_filename)
  File "/home/fdeckert/bin/miniconda3/envs/p.3.9.4-FD20200109SPLENO/lib/python3.9/site-packages/nbconvert/nbconvertapp.py", line 489, in convert_single_notebook
    output, resources = self.export_single_notebook(notebook_filename, resources, input_buffer=input_buffer)
  File "/home/fdeckert/bin/miniconda3/envs/p.3.9.4-FD20200109SPLENO/lib/python3.9/site-packages/nbconvert/nbconvertapp.py", line 418, in export_single_notebook
    output, resources = self.exporter.from_filename(notebook_filename, resources=resources)
  File "/home/fdeckert/bin/miniconda3/envs/p.3.9.4-FD20200109SPLENO/lib/python3.9/site-packages/nbconvert/exporters/exporter.py", line 181, in from_filename
    return self.from_file(f, resources=resources, **kw)
  File "/home/fdeckert/bin/miniconda3/envs/p.3.9.4-FD20200109SPLENO/lib/python3.9/site-packages/nbconvert/exporters/exporter.py", line 199, in from_file
    return self.from_notebook_node(nbformat.read(file_stream, as_version=4), resources=resources, **kw)
  File "/home/fdeckert/bin/miniconda3/envs/p.3.9.4-FD20200109SPLENO/lib/python3.9/site-packages/nbconvert/exporters/html.py", line 119, in from_notebook_node
    return super().from_notebook_node(nb, resources, **kw)
  File "/home/fdeckert/bin/miniconda3/envs/p.3.9.4-FD20200109SPLENO/lib/python3.9/site-packages/nbconvert/exporters/templateexporter.py", line 369, in from_notebook_node
    nb_copy, resources = super().from_notebook_node(nb, resources, **kw)
  File "/home/fdeckert/bin/miniconda3/envs/p.3.9.4-FD20200109SPLENO/lib/python3.9/site-packages/nbconvert/exporters/exporter.py", line 143, in from_notebook_node
    nb_copy, resources = self._preprocess(nb_copy, resources)
  File "/home/fdeckert/bin/miniconda3/envs/p.3.9.4-FD20200109SPLENO/lib/python3.9/site-packages/nbconvert/exporters/exporter.py", line 318, in _preprocess
    nbc, resc = preprocessor(nbc, resc)
  File "/home/fdeckert/bin/miniconda3/envs/p.3.9.4-FD20200109SPLENO/lib/python3.9/site-packages/nbconvert/preprocessors/base.py", line 47, in __call__
    return self.preprocess(nb, resources)
  File "/home/fdeckert/bin/miniconda3/envs/p.3.9.4-FD20200109SPLENO/lib/python3.9/site-packages/nbconvert/preprocessors/execute.py", line 79, in preprocess
    self.execute()
  File "/home/fdeckert/bin/miniconda3/envs/p.3.9.4-FD20200109SPLENO/lib/python3.9/site-packages/nbclient/util.py", line 74, in wrapped
    return just_run(coro(*args, **kwargs))
  File "/home/fdeckert/bin/miniconda3/envs/p.3.9.4-FD20200109SPLENO/lib/python3.9/site-packages/nbclient/util.py", line 53, in just_run
    return loop.run_until_complete(coro)
  File "/home/fdeckert/bin/miniconda3/envs/p.3.9.4-FD20200109SPLENO/lib/python3.9/asyncio/base_events.py", line 642, in run_until_complete
    return future.result()
  File "/home/fdeckert/bin/miniconda3/envs/p.3.9.4-FD20200109SPLENO/lib/python3.9/site-packages/nbclient/client.py", line 553, in async_execute
    await self.async_execute_cell(
  File "/home/fdeckert/bin/miniconda3/envs/p.3.9.4-FD20200109SPLENO/lib/python3.9/site-packages/nbconvert/preprocessors/execute.py", line 123, in async_execute_cell
    cell, resources = self.preprocess_cell(cell, self.resources, cell_index)
  File "/home/fdeckert/bin/miniconda3/envs/p.3.9.4-FD20200109SPLENO/lib/python3.9/site-packages/nbconvert/preprocessors/execute.py", line 146, in preprocess_cell
    cell = run_sync(NotebookClient.async_execute_cell)(self, cell, index, store_history=self.store_history)
  File "/home/fdeckert/bin/miniconda3/envs/p.3.9.4-FD20200109SPLENO/lib/python3.9/site-packages/nbclient/util.py", line 74, in wrapped
    return just_run(coro(*args, **kwargs))
  File "/home/fdeckert/bin/miniconda3/envs/p.3.9.4-FD20200109SPLENO/lib/python3.9/site-packages/nbclient/util.py", line 53, in just_run
    return loop.run_until_complete(coro)
  File "/home/fdeckert/bin/miniconda3/envs/p.3.9.4-FD20200109SPLENO/lib/python3.9/site-packages/nest_asyncio.py", line 70, in run_until_complete
    return f.result()
  File "/home/fdeckert/bin/miniconda3/envs/p.3.9.4-FD20200109SPLENO/lib/python3.9/asyncio/futures.py", line 201, in result
    raise self._exception
  File "/home/fdeckert/bin/miniconda3/envs/p.3.9.4-FD20200109SPLENO/lib/python3.9/asyncio/tasks.py", line 256, in __step
    result = coro.send(None)
  File "/home/fdeckert/bin/miniconda3/envs/p.3.9.4-FD20200109SPLENO/lib/python3.9/site-packages/nbclient/client.py", line 857, in async_execute_cell
    self._check_raise_for_error(cell, exec_reply)
  File "/home/fdeckert/bin/miniconda3/envs/p.3.9.4-FD20200109SPLENO/lib/python3.9/site-packages/nbclient/client.py", line 760, in _check_raise_for_error
    raise CellExecutionError.from_cell_and_msg(cell, exec_reply_content)
nbclient.exceptions.CellExecutionError: An error occurred while executing the following cell:
------------------
model = scvi.model.SCVI.load("my_model/", adata, use_gpu=False)
------------------

[0;31m---------------------------------------------------------------------------[0m
[0;31mOSError[0m                                   Traceback (most recent call last)
[0;32m<ipython-input-1-8768c8be4b4e>[0m in [0;36m<module>[0;34m[0m
[0;32m----> 1[0;31m [0mmodel[0m [0;34m=[0m [0mscvi[0m[0;34m.[0m[0mmodel[0m[0;34m.[0m[0mSCVI[0m[0;34m.[0m[0mload[0m[0;34m([0m[0;34m"my_model/"[0m[0;34m,[0m [0madata[0m[0;34m,[0m [0muse_gpu[0m[0;34m=[0m[0;32mFalse[0m[0;34m)[0m[0;34m[0m[0;34m[0m[0m
[0m
[0;32m~/bin/miniconda3/envs/p.3.9.4-FD20200109SPLENO/lib/python3.9/site-packages/scvi/model/base/_base_model.py[0m in [0;36mload[0;34m(cls, dir_path, adata, use_gpu)[0m
[1;32m    329[0m             [0mmodel_state_dict[0m[0;34m,[0m[0;34m[0m[0;34m[0m[0m
[1;32m    330[0m             [0mnew_adata[0m[0;34m,[0m[0;34m[0m[0;34m[0m[0m
[0;32m--> 331[0;31m         ) = _load_saved_files(dir_path, load_adata, map_location=device)
[0m[1;32m    332[0m         [0madata[0m [0;34m=[0m [0mnew_adata[0m [0;32mif[0m [0mnew_adata[0m [0;32mis[0m [0;32mnot[0m [0;32mNone[0m [0;32melse[0m [0madata[0m[0;34m[0m[0;34m[0m[0m
[1;32m    333[0m [0;34m[0m[0m

[0;32m~/bin/miniconda3/envs/p.3.9.4-FD20200109SPLENO/lib/python3.9/site-packages/scvi/model/base/_utils.py[0m in [0;36m_load_saved_files[0;34m(dir_path, load_adata, map_location)[0m
[1;32m     35[0m         [0madata[0m [0;34m=[0m [0;32mNone[0m[0;34m[0m[0;34m[0m[0m
[1;32m     36[0m [0;34m[0m[0m
[0;32m---> 37[0;31m     [0mvar_names[0m [0;34m=[0m [0mnp[0m[0;34m.[0m[0mgenfromtxt[0m[0;34m([0m[0mvarnames_path[0m[0;34m,[0m [0mdelimiter[0m[0;34m=[0m[0;34m","[0m[0;34m,[0m [0mdtype[0m[0;34m=[0m[0mstr[0m[0;34m)[0m[0;34m[0m[0;34m[0m[0m
[0m[1;32m     38[0m [0;34m[0m[0m
[1;32m     39[0m     [0;32mwith[0m [0mopen[0m[0;34m([0m[0msetup_dict_path[0m[0;34m,[0m [0;34m"rb"[0m[0;34m)[0m [0;32mas[0m [0mhandle[0m[0;34m:[0m[0;34m[0m[0;34m[0m[0m

[0;32m~/bin/miniconda3/envs/p.3.9.4-FD20200109SPLENO/lib/python3.9/site-packages/numpy/lib/npyio.py[0m in [0;36mgenfromtxt[0;34m(fname, dtype, comments, delimiter, skip_header, skip_footer, converters, missing_values, filling_values, usecols, names, excludelist, deletechars, replace_space, autostrip, case_sensitive, defaultfmt, unpack, usemask, loose, invalid_raise, max_rows, encoding, like)[0m
[1;32m   1789[0m             [0mfname[0m [0;34m=[0m [0mos_fspath[0m[0;34m([0m[0mfname[0m[0;34m)[0m[0;34m[0m[0;34m[0m[0m
[1;32m   1790[0m         [0;32mif[0m [0misinstance[0m[0;34m([0m[0mfname[0m[0;34m,[0m [0mstr[0m[0;34m)[0m[0;34m:[0m[0;34m[0m[0;34m[0m[0m
[0;32m-> 1791[0;31m             [0mfid[0m [0;34m=[0m [0mnp[0m[0;34m.[0m[0mlib[0m[0;34m.[0m[0m_datasource[0m[0;34m.[0m[0mopen[0m[0;34m([0m[0mfname[0m[0;34m,[0m [0;34m'rt'[0m[0;34m,[0m [0mencoding[0m[0;34m=[0m[0mencoding[0m[0;34m)[0m[0;34m[0m[0;34m[0m[0m
[0m[1;32m   1792[0m             [0mfid_ctx[0m [0;34m=[0m [0mcontextlib[0m[0;34m.[0m[0mclosing[0m[0;34m([0m[0mfid[0m[0;34m)[0m[0;34m[0m[0;34m[0m[0m
[1;32m   1793[0m         [0;32melse[0m[0;34m:[0m[0;34m[0m[0;34m[0m[0m

[0;32m~/bin/miniconda3/envs/p.3.9.4-FD20200109SPLENO/lib/python3.9/site-packages/numpy/lib/_datasource.py[0m in [0;36mopen[0;34m(path, mode, destpath, encoding, newline)[0m
[1;32m    192[0m [0;34m[0m[0m
[1;32m    193[0m     [0mds[0m [0;34m=[0m [0mDataSource[0m[0;34m([0m[0mdestpath[0m[0;34m)[0m[0;34m[0m[0;34m[0m[0m
[0;32m--> 194[0;31m     [0;32mreturn[0m [0mds[0m[0;34m.[0m[0mopen[0m[0;34m([0m[0mpath[0m[0;34m,[0m [0mmode[0m[0;34m,[0m [0mencoding[0m[0;34m=[0m[0mencoding[0m[0;34m,[0m [0mnewline[0m[0;34m=[0m[0mnewline[0m[0;34m)[0m[0;34m[0m[0;34m[0m[0m
[0m[1;32m    195[0m [0;34m[0m[0m
[1;32m    196[0m [0;34m[0m[0m

[0;32m~/bin/miniconda3/envs/p.3.9.4-FD20200109SPLENO/lib/python3.9/site-packages/numpy/lib/_datasource.py[0m in [0;36mopen[0;34m(self, path, mode, encoding, newline)[0m
[1;32m    529[0m                                       encoding=encoding, newline=newline)
[1;32m    530[0m         [0;32melse[0m[0;34m:[0m[0;34m[0m[0;34m[0m[0m
[0;32m--> 531[0;31m             [0;32mraise[0m [0mIOError[0m[0;34m([0m[0;34m"%s not found."[0m [0;34m%[0m [0mpath[0m[0;34m)[0m[0;34m[0m[0;34m[0m[0m
[0m[1;32m    532[0m [0;34m[0m[0m
[1;32m    533[0m [0;34m[0m[0m

[0;31mOSError[0m: my_model/var_names.csv not found.
OSError: my_model/var_names.csv not found.

