[NbConvertApp] Converting notebook treatment.r.ipynb to html
Traceback (most recent call last):
  File "/home/fdeckert/bin/miniconda3/bin/jupyter-nbconvert", line 11, in <module>
    sys.exit(main())
  File "/home/fdeckert/bin/miniconda3/lib/python3.8/site-packages/jupyter_core/application.py", line 264, in launch_instance
    return super(JupyterApp, cls).launch_instance(argv=argv, **kwargs)
  File "/home/fdeckert/bin/miniconda3/lib/python3.8/site-packages/traitlets/config/application.py", line 846, in launch_instance
    app.start()
  File "/home/fdeckert/bin/miniconda3/lib/python3.8/site-packages/nbconvert/nbconvertapp.py", line 346, in start
    self.convert_notebooks()
  File "/home/fdeckert/bin/miniconda3/lib/python3.8/site-packages/nbconvert/nbconvertapp.py", line 518, in convert_notebooks
    self.convert_single_notebook(notebook_filename)
  File "/home/fdeckert/bin/miniconda3/lib/python3.8/site-packages/nbconvert/nbconvertapp.py", line 483, in convert_single_notebook
    output, resources = self.export_single_notebook(notebook_filename, resources, input_buffer=input_buffer)
  File "/home/fdeckert/bin/miniconda3/lib/python3.8/site-packages/nbconvert/nbconvertapp.py", line 412, in export_single_notebook
    output, resources = self.exporter.from_filename(notebook_filename, resources=resources)
  File "/home/fdeckert/bin/miniconda3/lib/python3.8/site-packages/nbconvert/exporters/exporter.py", line 181, in from_filename
    return self.from_file(f, resources=resources, **kw)
  File "/home/fdeckert/bin/miniconda3/lib/python3.8/site-packages/nbconvert/exporters/exporter.py", line 199, in from_file
    return self.from_notebook_node(nbformat.read(file_stream, as_version=4), resources=resources, **kw)
  File "/home/fdeckert/bin/miniconda3/lib/python3.8/site-packages/nbconvert/exporters/html.py", line 129, in from_notebook_node
    return super().from_notebook_node(nb, resources, **kw)
  File "/home/fdeckert/bin/miniconda3/lib/python3.8/site-packages/nbconvert/exporters/templateexporter.py", line 374, in from_notebook_node
    nb_copy, resources = super().from_notebook_node(nb, resources, **kw)
  File "/home/fdeckert/bin/miniconda3/lib/python3.8/site-packages/nbconvert/exporters/exporter.py", line 143, in from_notebook_node
    nb_copy, resources = self._preprocess(nb_copy, resources)
  File "/home/fdeckert/bin/miniconda3/lib/python3.8/site-packages/nbconvert/exporters/exporter.py", line 318, in _preprocess
    nbc, resc = preprocessor(nbc, resc)
  File "/home/fdeckert/bin/miniconda3/lib/python3.8/site-packages/nbconvert/preprocessors/base.py", line 47, in __call__
    return self.preprocess(nb, resources)
  File "/home/fdeckert/bin/miniconda3/lib/python3.8/site-packages/nbconvert/preprocessors/execute.py", line 84, in preprocess
    self.preprocess_cell(cell, resources, index)
  File "/home/fdeckert/bin/miniconda3/lib/python3.8/site-packages/nbconvert/preprocessors/execute.py", line 105, in preprocess_cell
    cell = self.execute_cell(cell, index, store_history=True)
  File "/home/fdeckert/bin/miniconda3/lib/python3.8/site-packages/nbclient/util.py", line 74, in wrapped
    return just_run(coro(*args, **kwargs))
  File "/home/fdeckert/bin/miniconda3/lib/python3.8/site-packages/nbclient/util.py", line 53, in just_run
    return loop.run_until_complete(coro)
  File "/home/fdeckert/bin/miniconda3/lib/python3.8/asyncio/base_events.py", line 616, in run_until_complete
    return future.result()
  File "/home/fdeckert/bin/miniconda3/lib/python3.8/site-packages/nbclient/client.py", line 857, in async_execute_cell
    self._check_raise_for_error(cell, exec_reply)
  File "/home/fdeckert/bin/miniconda3/lib/python3.8/site-packages/nbclient/client.py", line 760, in _check_raise_for_error
    raise CellExecutionError.from_cell_and_msg(cell, exec_reply_content)
nbclient.exceptions.CellExecutionError: An error occurred while executing the following cell:
------------------
options(repr.plot.width=10, repr.plot.height=3)
ComplexHeatmap::pheatmap(
    main="Module score for interferon genes GO:00343402", 
    name="log2FC(MS)", 
    mat=data,  
    cellwidth=20, 
    cellheight=20, 
    scale="none",
    cluster_rows=FALSE,
    cluster_cols=FALSE,
    show_rownames=FALSE,
    show_colnames=TRUE, 
    color=colorRampPalette(c(color$treatment["NaCl"], "white", color$treatment["CpG"]))(50), 
    breaks=seq(-max(abs(na.omit(data[1, ]))), max(abs(na.omit(data[1, ]))), 0.001), 
    border_color=NA
)
------------------

Error in seq.default(-max(abs(na.omit(data[1, ]))), max(abs(na.omit(data[1, : 'from' must be a finite number
Traceback:

1. ComplexHeatmap::pheatmap(main = "Module score for interferon genes GO:00343402", 
 .     name = "log2FC(MS)", mat = data, cellwidth = 20, cellheight = 20, 
 .     scale = "none", cluster_rows = FALSE, cluster_cols = FALSE, 
 .     show_rownames = FALSE, show_colnames = TRUE, color = colorRampPalette(c(color$treatment["NaCl"], 
 .         "white", color$treatment["CpG"]))(50), breaks = seq(-max(abs(na.omit(data[1, 
 .         ]))), max(abs(na.omit(data[1, ]))), 0.001), border_color = NA)
2. seq(-max(abs(na.omit(data[1, ]))), max(abs(na.omit(data[1, ]))), 
 .     0.001)
3. seq.default(-max(abs(na.omit(data[1, ]))), max(abs(na.omit(data[1, 
 .     ]))), 0.001)
4. stop("'from' must be a finite number")
ERROR: Error in seq.default(-max(abs(na.omit(data[1, ]))), max(abs(na.omit(data[1, : 'from' must be a finite number


