2021-11-17 13:26:23,674 - DEBUG - Using logic: ValidatedIntrons10X
2021-11-17 13:26:23,724 - INFO - Read 2725 cell barcodes from /research/peer/fdeckert/FD20200109SPLENO/data/BSA_0355_SM01_10x_SPLENO/OUT/COUNT/M1_CpG_Mac_transcriptome/filtered_feature_bc_matrix/barcodes.tsv.gz
2021-11-17 13:26:23,724 - DEBUG - Example of barcode: AAACCCAAGTGGAAGA and cell_id: velocyto:AAACCCAAGTGGAAGA-1
2021-11-17 13:26:23,742 - DEBUG - Peeking into /research/peer/fdeckert/FD20200109SPLENO/data/BSA_0355_SM01_10x_SPLENO/OUT/COUNT/M1_CpG_Mac_transcriptome/possorted_genome_bam.bam
2021-11-17 13:26:23,974 - WARNING - Not found cell and umi barcode in entry 4 of the bam file
2021-11-17 13:26:23,975 - WARNING - Not found cell and umi barcode in entry 51 of the bam file
2021-11-17 13:26:23,976 - WARNING - Not found cell and umi barcode in entry 146 of the bam file
2021-11-17 13:26:23,977 - WARNING - Not found cell and umi barcode in entry 277 of the bam file
2021-11-17 13:26:23,984 - WARNING - Not found cell and umi barcode in entry 341 of the bam file
2021-11-17 13:26:23,985 - WARNING - Not found cell and umi barcode in entry 342 of the bam file
2021-11-17 13:26:23,985 - WARNING - Not found cell and umi barcode in entry 343 of the bam file
2021-11-17 13:26:23,985 - WARNING - Not found cell and umi barcode in entry 369 of the bam file
2021-11-17 13:26:23,985 - WARNING - Not found cell and umi barcode in entry 370 of the bam file
2021-11-17 13:26:23,986 - WARNING - Not found cell and umi barcode in entry 378 of the bam file
2021-11-17 13:26:23,986 - WARNING - Not found cell and umi barcode in entry 419 of the bam file
2021-11-17 13:26:23,986 - WARNING - Not found cell and umi barcode in entry 420 of the bam file
2021-11-17 13:26:23,986 - WARNING - Not found cell and umi barcode in entry 430 of the bam file
2021-11-17 13:26:24,029 - WARNING - Not found cell and umi barcode in entry 604 of the bam file
2021-11-17 13:26:24,030 - WARNING - Not found cell and umi barcode in entry 630 of the bam file
2021-11-17 13:26:24,032 - WARNING - Not found cell and umi barcode in entry 842 of the bam file
2021-11-17 13:26:24,032 - WARNING - Not found cell and umi barcode in entry 843 of the bam file
2021-11-17 13:26:24,032 - WARNING - Not found cell and umi barcode in entry 847 of the bam file
2021-11-17 13:26:24,047 - WARNING - Not found cell and umi barcode in entry 940 of the bam file
2021-11-17 13:26:24,047 - WARNING - Not found cell and umi barcode in entry 970 of the bam file
2021-11-17 13:26:24,056 - WARNING - The file /research/peer/fdeckert/FD20200109SPLENO/data/BSA_0355_SM01_10x_SPLENO/OUT/COUNT/M1_CpG_Mac_transcriptome/cellsorted_possorted_genome_bam.bam already exists. The sorting step will be skipped and the existing file will be used.
2021-11-17 13:26:24,057 - INFO - Load the annotation from /research/peer/fdeckert/FD20200109SPLENO/data/mm10/cellranger/mm10-2020-A_build/gencode.vM23.primary_assembly.annotation.gtf.filtered
2021-11-17 13:26:32,559 - DEBUG - Parsing Chromosome GL456210.1 strand - [line 0]
2021-11-17 13:26:32,560 - DEBUG - Done with GL456210.1- [line 27]
2021-11-17 13:26:32,560 - DEBUG - Assigning indexes to genes
2021-11-17 13:26:32,560 - DEBUG - Seen 3 genes until now
2021-11-17 13:26:32,560 - DEBUG - Parsing Chromosome GL456210.1 strand + [line 28]
2021-11-17 13:26:32,560 - DEBUG - Done with GL456210.1+ [line 43]
2021-11-17 13:26:32,561 - DEBUG - Assigning indexes to genes
2021-11-17 13:26:32,561 - DEBUG - Seen 5 genes until now
2021-11-17 13:26:32,561 - DEBUG - Parsing Chromosome GL456211.1 strand - [line 44]
2021-11-17 13:26:32,561 - DEBUG - Done with GL456211.1- [line 74]
2021-11-17 13:26:32,561 - DEBUG - Assigning indexes to genes
2021-11-17 13:26:32,561 - DEBUG - Seen 9 genes until now
2021-11-17 13:26:32,561 - DEBUG - Parsing Chromosome GL456211.1 strand + [line 75]
2021-11-17 13:26:32,561 - DEBUG - Done with GL456211.1+ [line 101]
2021-11-17 13:26:32,562 - DEBUG - Assigning indexes to genes
2021-11-17 13:26:32,562 - DEBUG - Seen 11 genes until now
2021-11-17 13:26:32,562 - DEBUG - Parsing Chromosome GL456212.1 strand - [line 102]
2021-11-17 13:26:32,562 - DEBUG - Done with GL456212.1- [line 137]
2021-11-17 13:26:32,562 - DEBUG - Assigning indexes to genes
2021-11-17 13:26:32,562 - DEBUG - Seen 13 genes until now
2021-11-17 13:26:32,562 - DEBUG - Parsing Chromosome GL456216.1 strand + [line 138]
2021-11-17 13:26:32,563 - DEBUG - Done with GL456216.1+ [line 157]
2021-11-17 13:26:32,563 - DEBUG - Assigning indexes to genes
2021-11-17 13:26:32,563 - DEBUG - Seen 14 genes until now
2021-11-17 13:26:32,563 - DEBUG - Parsing Chromosome GL456219.1 strand - [line 158]
2021-11-17 13:26:32,563 - DEBUG - Done with GL456219.1- [line 171]
2021-11-17 13:26:32,563 - DEBUG - Assigning indexes to genes
2021-11-17 13:26:32,563 - DEBUG - Seen 16 genes until now
2021-11-17 13:26:32,563 - DEBUG - Parsing Chromosome GL456221.1 strand - [line 172]
2021-11-17 13:26:32,564 - DEBUG - Done with GL456221.1- [line 217]
2021-11-17 13:26:32,564 - DEBUG - Assigning indexes to genes
2021-11-17 13:26:32,564 - DEBUG - Seen 20 genes until now
2021-11-17 13:26:32,564 - DEBUG - Parsing Chromosome GL456221.1 strand + [line 218]
2021-11-17 13:26:32,564 - DEBUG - Done with GL456221.1+ [line 237]
2021-11-17 13:26:32,564 - DEBUG - Assigning indexes to genes
2021-11-17 13:26:32,564 - DEBUG - Seen 23 genes until now
2021-11-17 13:26:32,564 - DEBUG - Parsing Chromosome GL456233.1 strand - [line 238]
2021-11-17 13:26:32,565 - DEBUG - Done with GL456233.1- [line 269]
2021-11-17 13:26:32,565 - DEBUG - Assigning indexes to genes
2021-11-17 13:26:32,565 - DEBUG - Seen 25 genes until now
2021-11-17 13:26:32,565 - DEBUG - Parsing Chromosome GL456233.1 strand + [line 270]
2021-11-17 13:26:32,565 - DEBUG - Done with GL456233.1+ [line 300]
2021-11-17 13:26:32,565 - DEBUG - Assigning indexes to genes
2021-11-17 13:26:32,565 - DEBUG - Seen 27 genes until now
2021-11-17 13:26:32,565 - DEBUG - Parsing Chromosome GL456350.1 strand - [line 301]
2021-11-17 13:26:32,566 - DEBUG - Done with GL456350.1- [line 362]
2021-11-17 13:26:32,566 - DEBUG - Assigning indexes to genes
2021-11-17 13:26:32,566 - DEBUG - Seen 32 genes until now
2021-11-17 13:26:32,566 - DEBUG - Parsing Chromosome GL456354.1 strand - [line 363]
2021-11-17 13:26:32,566 - DEBUG - Done with GL456354.1- [line 398]
2021-11-17 13:26:32,566 - DEBUG - Assigning indexes to genes
2021-11-17 13:26:32,566 - DEBUG - Seen 35 genes until now
2021-11-17 13:26:32,567 - DEBUG - Parsing Chromosome GL456354.1 strand + [line 399]
2021-11-17 13:26:32,567 - DEBUG - Done with GL456354.1+ [line 420]
2021-11-17 13:26:32,567 - DEBUG - Assigning indexes to genes
2021-11-17 13:26:32,567 - DEBUG - Seen 37 genes until now
2021-11-17 13:26:32,567 - DEBUG - Parsing Chromosome JH584292.1 strand + [line 421]
2021-11-17 13:26:32,568 - DEBUG - Done with JH584292.1+ [line 496]
2021-11-17 13:26:32,568 - DEBUG - Assigning indexes to genes
2021-11-17 13:26:32,568 - DEBUG - Seen 38 genes until now
2021-11-17 13:26:32,568 - DEBUG - Parsing Chromosome JH584293.1 strand - [line 497]
2021-11-17 13:26:32,568 - DEBUG - Done with JH584293.1- [line 569]
2021-11-17 13:26:32,568 - DEBUG - Assigning indexes to genes
2021-11-17 13:26:32,568 - DEBUG - Seen 44 genes until now
2021-11-17 13:26:32,569 - DEBUG - Parsing Chromosome JH584293.1 strand + [line 570]
2021-11-17 13:26:32,569 - DEBUG - Done with JH584293.1+ [line 613]
2021-11-17 13:26:32,569 - DEBUG - Assigning indexes to genes
2021-11-17 13:26:32,569 - DEBUG - Seen 47 genes until now
2021-11-17 13:26:32,569 - DEBUG - Parsing Chromosome JH584294.1 strand - [line 614]
2021-11-17 13:26:32,570 - DEBUG - Done with JH584294.1- [line 681]
2021-11-17 13:26:32,570 - DEBUG - Assigning indexes to genes
2021-11-17 13:26:32,570 - DEBUG - Seen 51 genes until now
2021-11-17 13:26:32,570 - DEBUG - Parsing Chromosome JH584294.1 strand + [line 682]
2021-11-17 13:26:32,570 - DEBUG - Done with JH584294.1+ [line 708]
2021-11-17 13:26:32,570 - DEBUG - Assigning indexes to genes
2021-11-17 13:26:32,570 - DEBUG - Seen 53 genes until now
2021-11-17 13:26:32,570 - DEBUG - Parsing Chromosome JH584295.1 strand - [line 709]
2021-11-17 13:26:32,571 - DEBUG - Done with JH584295.1- [line 724]
2021-11-17 13:26:32,571 - DEBUG - Assigning indexes to genes
2021-11-17 13:26:32,571 - DEBUG - Seen 54 genes until now
2021-11-17 13:26:32,571 - DEBUG - Parsing Chromosome JH584296.1 strand - [line 725]
2021-11-17 13:26:32,571 - DEBUG - Done with JH584296.1- [line 755]
2021-11-17 13:26:32,571 - DEBUG - Assigning indexes to genes
2021-11-17 13:26:32,571 - DEBUG - Seen 57 genes until now
2021-11-17 13:26:32,571 - DEBUG - Parsing Chromosome JH584297.1 strand - [line 756]
2021-11-17 13:26:32,572 - DEBUG - Done with JH584297.1- [line 775]
2021-11-17 13:26:32,572 - DEBUG - Assigning indexes to genes
2021-11-17 13:26:32,572 - DEBUG - Seen 59 genes until now
2021-11-17 13:26:32,572 - DEBUG - Parsing Chromosome JH584297.1 strand + [line 776]
2021-11-17 13:26:32,572 - DEBUG - Done with JH584297.1+ [line 784]
2021-11-17 13:26:32,572 - DEBUG - Assigning indexes to genes
2021-11-17 13:26:32,572 - DEBUG - Seen 60 genes until now
2021-11-17 13:26:32,572 - DEBUG - Parsing Chromosome JH584298.1 strand - [line 785]
2021-11-17 13:26:32,572 - DEBUG - Done with JH584298.1- [line 795]
2021-11-17 13:26:32,572 - DEBUG - Assigning indexes to genes
2021-11-17 13:26:32,573 - DEBUG - Seen 61 genes until now
2021-11-17 13:26:32,573 - DEBUG - Parsing Chromosome JH584298.1 strand + [line 796]
2021-11-17 13:26:32,573 - DEBUG - Done with JH584298.1+ [line 817]
2021-11-17 13:26:32,573 - DEBUG - Assigning indexes to genes
2021-11-17 13:26:32,573 - DEBUG - Seen 63 genes until now
2021-11-17 13:26:32,573 - DEBUG - Parsing Chromosome JH584299.1 strand - [line 818]
2021-11-17 13:26:32,573 - DEBUG - Done with JH584299.1- [line 828]
2021-11-17 13:26:32,573 - DEBUG - Assigning indexes to genes
2021-11-17 13:26:32,573 - DEBUG - Seen 64 genes until now
2021-11-17 13:26:32,573 - DEBUG - Parsing Chromosome JH584299.1 strand + [line 829]
2021-11-17 13:26:32,574 - DEBUG - Done with JH584299.1+ [line 950]
2021-11-17 13:26:32,574 - DEBUG - Assigning indexes to genes
2021-11-17 13:26:32,574 - DEBUG - Seen 75 genes until now
2021-11-17 13:26:32,574 - DEBUG - Parsing Chromosome JH584303.1 strand + [line 951]
2021-11-17 13:26:32,575 - DEBUG - Done with JH584303.1+ [line 955]
2021-11-17 13:26:32,575 - DEBUG - Assigning indexes to genes
2021-11-17 13:26:32,575 - DEBUG - Seen 76 genes until now
2021-11-17 13:26:32,575 - DEBUG - Parsing Chromosome JH584304.1 strand - [line 956]
2021-11-17 13:26:32,575 - DEBUG - Done with JH584304.1- [line 988]
2021-11-17 13:26:32,575 - DEBUG - Assigning indexes to genes
2021-11-17 13:26:32,575 - DEBUG - Seen 77 genes until now
2021-11-17 13:26:32,575 - DEBUG - Parsing Chromosome 1 strand - [line 989]
2021-11-17 13:26:33,192 - DEBUG - Done with 1- [line 57063]
2021-11-17 13:26:33,193 - DEBUG - Assigning indexes to genes
2021-11-17 13:26:33,199 - DEBUG - Seen 966 genes until now
2021-11-17 13:26:33,200 - DEBUG - Parsing Chromosome 1 strand + [line 57064]
2021-11-17 13:26:33,763 - DEBUG - Done with 1+ [line 111842]
2021-11-17 13:26:33,764 - DEBUG - Assigning indexes to genes
2021-11-17 13:26:33,770 - DEBUG - Seen 1876 genes until now
2021-11-17 13:26:33,770 - DEBUG - Parsing Chromosome 10 strand - [line 111843]
2021-11-17 13:26:34,085 - DEBUG - Done with 10- [line 152030]
2021-11-17 13:26:34,085 - DEBUG - Assigning indexes to genes
2021-11-17 13:26:34,091 - DEBUG - Seen 2638 genes until now
2021-11-17 13:26:34,091 - DEBUG - Parsing Chromosome 10 strand + [line 152031]
2021-11-17 13:26:34,584 - DEBUG - Done with 10+ [line 194968]
2021-11-17 13:26:34,584 - DEBUG - Assigning indexes to genes
2021-11-17 13:26:34,590 - DEBUG - Seen 3448 genes until now
2021-11-17 13:26:34,590 - DEBUG - Parsing Chromosome 11 strand - [line 194969]
2021-11-17 13:26:35,076 - DEBUG - Done with 11- [line 257480]
2021-11-17 13:26:35,076 - DEBUG - Assigning indexes to genes
2021-11-17 13:26:35,084 - DEBUG - Seen 4518 genes until now
2021-11-17 13:26:35,084 - DEBUG - Parsing Chromosome 11 strand + [line 257481]
2021-11-17 13:26:35,748 - DEBUG - Done with 11+ [line 320172]
2021-11-17 13:26:35,749 - DEBUG - Assigning indexes to genes
2021-11-17 13:26:35,760 - DEBUG - Seen 5535 genes until now
2021-11-17 13:26:35,760 - DEBUG - Parsing Chromosome 12 strand - [line 320173]
2021-11-17 13:26:35,955 - DEBUG - Done with 12- [line 345502]
2021-11-17 13:26:35,955 - DEBUG - Assigning indexes to genes
2021-11-17 13:26:35,959 - DEBUG - Seen 6300 genes until now
2021-11-17 13:26:35,959 - DEBUG - Parsing Chromosome 12 strand + [line 345503]
2021-11-17 13:26:36,235 - DEBUG - Done with 12+ [line 380229]
2021-11-17 13:26:36,235 - DEBUG - Assigning indexes to genes
2021-11-17 13:26:36,240 - DEBUG - Seen 6877 genes until now
2021-11-17 13:26:36,240 - DEBUG - Parsing Chromosome 13 strand - [line 380230]
2021-11-17 13:26:36,506 - DEBUG - Done with 13- [line 414645]
2021-11-17 13:26:36,506 - DEBUG - Assigning indexes to genes
2021-11-17 13:26:36,511 - DEBUG - Seen 7611 genes until now
2021-11-17 13:26:36,512 - DEBUG - Parsing Chromosome 13 strand + [line 414646]
2021-11-17 13:26:36,719 - DEBUG - Done with 13+ [line 441742]
2021-11-17 13:26:36,719 - DEBUG - Assigning indexes to genes
2021-11-17 13:26:36,723 - DEBUG - Seen 8318 genes until now
2021-11-17 13:26:36,723 - DEBUG - Parsing Chromosome 14 strand - [line 441743]
2021-11-17 13:26:37,281 - DEBUG - Done with 14- [line 478634]
2021-11-17 13:26:37,281 - DEBUG - Assigning indexes to genes
2021-11-17 13:26:37,286 - DEBUG - Seen 9014 genes until now
2021-11-17 13:26:37,286 - DEBUG - Parsing Chromosome 14 strand + [line 478635]
2021-11-17 13:26:37,543 - DEBUG - Done with 14+ [line 512401]
2021-11-17 13:26:37,543 - DEBUG - Assigning indexes to genes
2021-11-17 13:26:37,548 - DEBUG - Seen 9849 genes until now
2021-11-17 13:26:37,548 - DEBUG - Parsing Chromosome 15 strand - [line 512402]
2021-11-17 13:26:37,833 - DEBUG - Done with 15- [line 549004]
2021-11-17 13:26:37,833 - DEBUG - Assigning indexes to genes
2021-11-17 13:26:37,838 - DEBUG - Seen 10439 genes until now
2021-11-17 13:26:37,838 - DEBUG - Parsing Chromosome 15 strand + [line 549005]
2021-11-17 13:26:38,079 - DEBUG - Done with 15+ [line 580047]
2021-11-17 13:26:38,080 - DEBUG - Assigning indexes to genes
2021-11-17 13:26:38,084 - DEBUG - Seen 10983 genes until now
2021-11-17 13:26:38,084 - DEBUG - Parsing Chromosome 16 strand - [line 580048]
2021-11-17 13:26:38,294 - DEBUG - Done with 16- [line 607192]
2021-11-17 13:26:38,294 - DEBUG - Assigning indexes to genes
2021-11-17 13:26:38,298 - DEBUG - Seen 11469 genes until now
2021-11-17 13:26:38,298 - DEBUG - Parsing Chromosome 16 strand + [line 607193]
2021-11-17 13:26:38,769 - DEBUG - Done with 16+ [line 637997]
2021-11-17 13:26:38,770 - DEBUG - Assigning indexes to genes
2021-11-17 13:26:38,773 - DEBUG - Seen 11933 genes until now
2021-11-17 13:26:38,773 - DEBUG - Parsing Chromosome 17 strand - [line 637998]
2021-11-17 13:26:39,113 - DEBUG - Done with 17- [line 681830]
2021-11-17 13:26:39,113 - DEBUG - Assigning indexes to genes
2021-11-17 13:26:39,118 - DEBUG - Seen 12652 genes until now
2021-11-17 13:26:39,119 - DEBUG - Parsing Chromosome 17 strand + [line 681831]
2021-11-17 13:26:39,483 - DEBUG - Done with 17+ [line 729330]
2021-11-17 13:26:39,484 - DEBUG - Assigning indexes to genes
2021-11-17 13:26:39,490 - DEBUG - Seen 13379 genes until now
2021-11-17 13:26:39,490 - DEBUG - Parsing Chromosome 18 strand - [line 729331]
2021-11-17 13:26:39,635 - DEBUG - Done with 18- [line 748063]
2021-11-17 13:26:39,635 - DEBUG - Assigning indexes to genes
2021-11-17 13:26:39,638 - DEBUG - Seen 13744 genes until now
2021-11-17 13:26:39,638 - DEBUG - Parsing Chromosome 18 strand + [line 748064]
2021-11-17 13:26:39,835 - DEBUG - Done with 18+ [line 774053]
2021-11-17 13:26:39,835 - DEBUG - Assigning indexes to genes
2021-11-17 13:26:39,838 - DEBUG - Seen 14196 genes until now
2021-11-17 13:26:39,838 - DEBUG - Parsing Chromosome 19 strand - [line 774054]
2021-11-17 13:26:40,088 - DEBUG - Done with 19- [line 806361]
2021-11-17 13:26:40,088 - DEBUG - Assigning indexes to genes
2021-11-17 13:26:40,092 - DEBUG - Seen 14666 genes until now
2021-11-17 13:26:40,092 - DEBUG - Parsing Chromosome 19 strand + [line 806362]
2021-11-17 13:26:40,307 - DEBUG - Done with 19+ [line 834536]
2021-11-17 13:26:40,307 - DEBUG - Assigning indexes to genes
2021-11-17 13:26:40,311 - DEBUG - Seen 15155 genes until now
2021-11-17 13:26:40,311 - DEBUG - Parsing Chromosome 2 strand - [line 834537]
2021-11-17 13:26:41,167 - DEBUG - Done with 2- [line 911094]
2021-11-17 13:26:41,167 - DEBUG - Assigning indexes to genes
2021-11-17 13:26:41,177 - DEBUG - Seen 16361 genes until now
2021-11-17 13:26:41,177 - DEBUG - Parsing Chromosome 2 strand + [line 911095]
2021-11-17 13:26:41,726 - DEBUG - Done with 2+ [line 982171]
2021-11-17 13:26:41,727 - DEBUG - Assigning indexes to genes
2021-11-17 13:26:41,737 - DEBUG - Seen 17581 genes until now
2021-11-17 13:26:41,737 - DEBUG - Parsing Chromosome 3 strand - [line 982172]
2021-11-17 13:26:42,036 - DEBUG - Done with 3- [line 1021471]
2021-11-17 13:26:42,036 - DEBUG - Assigning indexes to genes
2021-11-17 13:26:42,041 - DEBUG - Seen 18356 genes until now
2021-11-17 13:26:42,041 - DEBUG - Parsing Chromosome 3 strand + [line 1021472]
2021-11-17 13:26:42,374 - DEBUG - Done with 3+ [line 1065065]
2021-11-17 13:26:42,375 - DEBUG - Assigning indexes to genes
2021-11-17 13:26:42,380 - DEBUG - Seen 19102 genes until now
2021-11-17 13:26:42,380 - DEBUG - Parsing Chromosome 4 strand - [line 1065066]
2021-11-17 13:26:42,780 - DEBUG - Done with 4- [line 1117209]
2021-11-17 13:26:42,780 - DEBUG - Assigning indexes to genes
2021-11-17 13:26:42,787 - DEBUG - Seen 19972 genes until now
2021-11-17 13:26:42,787 - DEBUG - Parsing Chromosome 4 strand + [line 1117210]
2021-11-17 13:26:43,480 - DEBUG - Done with 4+ [line 1167049]
2021-11-17 13:26:43,480 - DEBUG - Assigning indexes to genes
2021-11-17 13:26:43,486 - DEBUG - Seen 20848 genes until now
2021-11-17 13:26:43,486 - DEBUG - Parsing Chromosome 5 strand - [line 1167050]
2021-11-17 13:26:43,936 - DEBUG - Done with 5- [line 1225395]
2021-11-17 13:26:43,936 - DEBUG - Assigning indexes to genes
2021-11-17 13:26:43,944 - DEBUG - Seen 21762 genes until now
2021-11-17 13:26:43,944 - DEBUG - Parsing Chromosome 5 strand + [line 1225396]
2021-11-17 13:26:44,400 - DEBUG - Done with 5+ [line 1284505]
2021-11-17 13:26:44,400 - DEBUG - Assigning indexes to genes
2021-11-17 13:26:44,410 - DEBUG - Seen 22701 genes until now
2021-11-17 13:26:44,410 - DEBUG - Parsing Chromosome 6 strand - [line 1284506]
2021-11-17 13:26:44,754 - DEBUG - Done with 6- [line 1330066]
2021-11-17 13:26:44,754 - DEBUG - Assigning indexes to genes
2021-11-17 13:26:44,760 - DEBUG - Seen 23564 genes until now
2021-11-17 13:26:44,760 - DEBUG - Parsing Chromosome 6 strand + [line 1330067]
2021-11-17 13:26:45,130 - DEBUG - Done with 6+ [line 1378331]
2021-11-17 13:26:45,130 - DEBUG - Assigning indexes to genes
2021-11-17 13:26:45,137 - DEBUG - Seen 24493 genes until now
2021-11-17 13:26:45,137 - DEBUG - Parsing Chromosome 7 strand - [line 1378332]
2021-11-17 13:26:45,687 - DEBUG - Done with 7- [line 1452549]
2021-11-17 13:26:45,687 - DEBUG - Assigning indexes to genes
2021-11-17 13:26:45,698 - DEBUG - Seen 25855 genes until now
2021-11-17 13:26:45,698 - DEBUG - Parsing Chromosome 7 strand + [line 1452550]
2021-11-17 13:26:46,591 - DEBUG - Done with 7+ [line 1523678]
2021-11-17 13:26:46,591 - DEBUG - Assigning indexes to genes
2021-11-17 13:26:46,602 - DEBUG - Seen 27096 genes until now
2021-11-17 13:26:46,602 - DEBUG - Parsing Chromosome 8 strand - [line 1523679]
2021-11-17 13:26:46,882 - DEBUG - Done with 8- [line 1559719]
2021-11-17 13:26:46,883 - DEBUG - Assigning indexes to genes
2021-11-17 13:26:46,887 - DEBUG - Seen 27820 genes until now
2021-11-17 13:26:46,888 - DEBUG - Parsing Chromosome 8 strand + [line 1559720]
2021-11-17 13:26:47,248 - DEBUG - Done with 8+ [line 1606795]
2021-11-17 13:26:47,248 - DEBUG - Assigning indexes to genes
2021-11-17 13:26:47,254 - DEBUG - Seen 28656 genes until now
2021-11-17 13:26:47,254 - DEBUG - Parsing Chromosome 9 strand - [line 1606796]
2021-11-17 13:26:47,653 - DEBUG - Done with 9- [line 1658478]
2021-11-17 13:26:47,653 - DEBUG - Assigning indexes to genes
2021-11-17 13:26:47,659 - DEBUG - Seen 29510 genes until now
2021-11-17 13:26:47,659 - DEBUG - Parsing Chromosome 9 strand + [line 1658479]
2021-11-17 13:26:48,068 - DEBUG - Done with 9+ [line 1712094]
2021-11-17 13:26:48,068 - DEBUG - Assigning indexes to genes
2021-11-17 13:26:48,076 - DEBUG - Seen 30441 genes until now
2021-11-17 13:26:48,076 - DEBUG - Parsing Chromosome M strand - [line 1712095]
2021-11-17 13:26:48,076 - DEBUG - Done with M- [line 1712101]
2021-11-17 13:26:48,076 - DEBUG - Assigning indexes to genes
2021-11-17 13:26:48,077 - DEBUG - Seen 30442 genes until now
2021-11-17 13:26:48,077 - DEBUG - Parsing Chromosome M strand + [line 1712102]
2021-11-17 13:26:48,077 - DEBUG - Done with M+ [line 1712175]
2021-11-17 13:26:48,077 - DEBUG - Assigning indexes to genes
2021-11-17 13:26:48,077 - DEBUG - Seen 30454 genes until now
2021-11-17 13:26:48,077 - DEBUG - Parsing Chromosome X strand - [line 1712176]
2021-11-17 13:26:48,285 - DEBUG - Done with X- [line 1739781]
2021-11-17 13:26:48,286 - DEBUG - Assigning indexes to genes
2021-11-17 13:26:48,289 - DEBUG - Seen 30981 genes until now
2021-11-17 13:26:48,289 - DEBUG - Parsing Chromosome X strand + [line 1739782]
2021-11-17 13:26:48,522 - DEBUG - Done with X+ [line 1770751]
2021-11-17 13:26:48,522 - DEBUG - Assigning indexes to genes
2021-11-17 13:26:48,526 - DEBUG - Seen 31560 genes until now
2021-11-17 13:26:48,526 - DEBUG - Parsing Chromosome Y strand - [line 1770752]
2021-11-17 13:26:48,563 - DEBUG - Done with Y- [line 1775246]
2021-11-17 13:26:48,564 - DEBUG - Assigning indexes to genes
2021-11-17 13:26:48,565 - DEBUG - Seen 31897 genes until now
2021-11-17 13:26:48,565 - DEBUG - Parsing Chromosome Y strand + [line 1775247]
2021-11-17 13:26:48,609 - DEBUG - Assigning indexes to genes
2021-11-17 13:26:48,610 - DEBUG - Done with Y+ [line 1780453]
2021-11-17 13:26:48,610 - DEBUG - Fixing corner cases of transcript models containg intron longer than 1000Kbp
2021-11-17 13:26:50,015 - DEBUG - Generated 1492231 features corresponding to 118153 transcript models from /research/peer/fdeckert/FD20200109SPLENO/data/mm10/cellranger/mm10-2020-A_build/gencode.vM23.primary_assembly.annotation.gtf.filtered
2021-11-17 13:26:50,032 - INFO - Load the repeat masking annotation from /research/peer/fdeckert/FD20200109SPLENO/data/mm10/cellranger/mm10-2020-A_build/mm10_rmsk.gtf
2021-11-17 13:26:50,032 - DEBUG - Reading /research/peer/fdeckert/FD20200109SPLENO/data/mm10/cellranger/mm10-2020-A_build/mm10_rmsk.gtf, the file will be sorted in memory
2021-11-17 13:27:28,939 - DEBUG - Processed masked annotation .gtf and generated 4252016 intervals to mask!
2021-11-17 13:27:29,213 - INFO - Scan /research/peer/fdeckert/FD20200109SPLENO/data/BSA_0355_SM01_10x_SPLENO/OUT/COUNT/M1_CpG_Mac_transcriptome/possorted_genome_bam.bam to validate intron intervals
2021-11-17 13:27:32,838 - DEBUG - Reading /research/peer/fdeckert/FD20200109SPLENO/data/BSA_0355_SM01_10x_SPLENO/OUT/COUNT/M1_CpG_Mac_transcriptome/possorted_genome_bam.bam
2021-11-17 13:27:32,854 - DEBUG - Read first 0 million reads
2021-11-17 13:27:32,925 - DEBUG - Marking up chromosome 1
2021-11-17 13:28:20,702 - DEBUG - Marking up chromosome 10
2021-11-17 13:28:59,999 - DEBUG - Marking up chromosome 11
2021-11-17 13:30:06,051 - DEBUG - Marking up chromosome 12
2021-11-17 13:30:34,170 - DEBUG - Marking up chromosome 13
2021-11-17 13:30:34,723 - DEBUG - Read first 10 million reads
2021-11-17 13:31:01,086 - DEBUG - Marking up chromosome 14
2021-11-17 13:31:31,048 - DEBUG - Marking up chromosome 15
2021-11-17 13:32:01,605 - DEBUG - Marking up chromosome 16
2021-11-17 13:32:24,526 - DEBUG - Marking up chromosome 17
2021-11-17 13:33:22,904 - DEBUG - Marking up chromosome 18
2021-11-17 13:33:43,798 - DEBUG - Read first 20 million reads
2021-11-17 13:33:49,016 - DEBUG - Marking up chromosome 19
2021-11-17 13:34:30,220 - DEBUG - Marking up chromosome 2
2021-11-17 13:35:30,455 - DEBUG - Marking up chromosome 3
2021-11-17 13:36:05,049 - DEBUG - Marking up chromosome 4
2021-11-17 13:36:49,201 - DEBUG - Marking up chromosome 5
2021-11-17 13:36:56,126 - DEBUG - Read first 30 million reads
2021-11-17 13:37:40,556 - DEBUG - Marking up chromosome 6
2021-11-17 13:38:20,783 - DEBUG - Marking up chromosome 7
2021-11-17 13:39:31,838 - DEBUG - Marking up chromosome 8
2021-11-17 13:40:01,218 - DEBUG - Read first 40 million reads
2021-11-17 13:40:05,548 - DEBUG - Marking up chromosome 9
2021-11-17 13:40:46,486 - DEBUG - Marking up chromosome MT
2021-11-17 13:40:46,487 - WARNING - The .bam file refers to a chromosome 'MT+' not present in the annotation (.gtf) file
2021-11-17 13:40:46,487 - WARNING - The .bam file refers to a chromosome 'MT-' not present in the annotation (.gtf) file
2021-11-17 13:40:57,823 - DEBUG - Marking up chromosome X
2021-11-17 13:41:29,646 - DEBUG - Marking up chromosome Y
2021-11-17 13:41:30,009 - DEBUG - Marking up chromosome JH584299.1
2021-11-17 13:41:30,011 - DEBUG - Marking up chromosome GL456233.1
2021-11-17 13:41:30,030 - DEBUG - Marking up chromosome GL456211.1
2021-11-17 13:41:30,045 - DEBUG - Marking up chromosome GL456350.1
2021-11-17 13:41:30,045 - WARNING - The .bam file refers to a chromosome 'GL456350.1+' not present in the annotation (.gtf) file
2021-11-17 13:41:30,049 - DEBUG - Marking up chromosome GL456221.1
2021-11-17 13:41:30,058 - DEBUG - Marking up chromosome JH584297.1
2021-11-17 13:41:30,063 - DEBUG - Marking up chromosome GL456354.1
2021-11-17 13:41:30,063 - DEBUG - Marking up chromosome JH584300.1
2021-11-17 13:41:30,064 - WARNING - The .bam file refers to a chromosome 'JH584300.1+' not present in the annotation (.gtf) file
2021-11-17 13:41:30,064 - WARNING - The .bam file refers to a chromosome 'JH584300.1-' not present in the annotation (.gtf) file
2021-11-17 13:41:30,093 - DEBUG - Marking up chromosome GL456219.1
2021-11-17 13:41:30,093 - WARNING - The .bam file refers to a chromosome 'GL456219.1+' not present in the annotation (.gtf) file
2021-11-17 13:41:30,094 - DEBUG - Marking up chromosome GL456210.1
2021-11-17 13:41:30,110 - DEBUG - Marking up chromosome GL456212.1
2021-11-17 13:41:30,111 - WARNING - The .bam file refers to a chromosome 'GL456212.1+' not present in the annotation (.gtf) file
2021-11-17 13:41:30,117 - DEBUG - Marking up chromosome JH584304.1
2021-11-17 13:41:30,117 - WARNING - The .bam file refers to a chromosome 'JH584304.1+' not present in the annotation (.gtf) file
2021-11-17 13:41:30,302 - DEBUG - Marking up chromosome GL456379.1
2021-11-17 13:41:30,302 - WARNING - The .bam file refers to a chromosome 'GL456379.1+' not present in the annotation (.gtf) file
2021-11-17 13:41:30,302 - WARNING - The .bam file refers to a chromosome 'GL456379.1-' not present in the annotation (.gtf) file
2021-11-17 13:41:30,307 - DEBUG - Marking up chromosome GL456216.1
2021-11-17 13:41:30,308 - WARNING - The .bam file refers to a chromosome 'GL456216.1-' not present in the annotation (.gtf) file
2021-11-17 13:41:30,345 - DEBUG - Marking up chromosome GL456393.1
2021-11-17 13:41:30,345 - WARNING - The .bam file refers to a chromosome 'GL456393.1+' not present in the annotation (.gtf) file
2021-11-17 13:41:30,345 - WARNING - The .bam file refers to a chromosome 'GL456393.1-' not present in the annotation (.gtf) file
2021-11-17 13:41:30,345 - DEBUG - Marking up chromosome GL456366.1
2021-11-17 13:41:30,345 - WARNING - The .bam file refers to a chromosome 'GL456366.1+' not present in the annotation (.gtf) file
2021-11-17 13:41:30,345 - WARNING - The .bam file refers to a chromosome 'GL456366.1-' not present in the annotation (.gtf) file
2021-11-17 13:41:30,346 - DEBUG - Marking up chromosome GL456367.1
2021-11-17 13:41:30,346 - WARNING - The .bam file refers to a chromosome 'GL456367.1+' not present in the annotation (.gtf) file
2021-11-17 13:41:30,346 - WARNING - The .bam file refers to a chromosome 'GL456367.1-' not present in the annotation (.gtf) file
2021-11-17 13:41:30,346 - DEBUG - Marking up chromosome GL456239.1
2021-11-17 13:41:30,346 - WARNING - The .bam file refers to a chromosome 'GL456239.1+' not present in the annotation (.gtf) file
2021-11-17 13:41:30,346 - WARNING - The .bam file refers to a chromosome 'GL456239.1-' not present in the annotation (.gtf) file
2021-11-17 13:41:30,347 - DEBUG - Marking up chromosome GL456383.1
2021-11-17 13:41:30,347 - WARNING - The .bam file refers to a chromosome 'GL456383.1+' not present in the annotation (.gtf) file
2021-11-17 13:41:30,347 - WARNING - The .bam file refers to a chromosome 'GL456383.1-' not present in the annotation (.gtf) file
2021-11-17 13:41:30,347 - DEBUG - Marking up chromosome GL456378.1
2021-11-17 13:41:30,347 - WARNING - The .bam file refers to a chromosome 'GL456378.1+' not present in the annotation (.gtf) file
2021-11-17 13:41:30,347 - WARNING - The .bam file refers to a chromosome 'GL456378.1-' not present in the annotation (.gtf) file
2021-11-17 13:41:30,348 - DEBUG - Marking up chromosome GL456389.1
2021-11-17 13:41:30,348 - WARNING - The .bam file refers to a chromosome 'GL456389.1+' not present in the annotation (.gtf) file
2021-11-17 13:41:30,349 - WARNING - The .bam file refers to a chromosome 'GL456389.1-' not present in the annotation (.gtf) file
2021-11-17 13:41:30,349 - DEBUG - Marking up chromosome GL456372.1
2021-11-17 13:41:30,349 - WARNING - The .bam file refers to a chromosome 'GL456372.1+' not present in the annotation (.gtf) file
2021-11-17 13:41:30,349 - WARNING - The .bam file refers to a chromosome 'GL456372.1-' not present in the annotation (.gtf) file
2021-11-17 13:41:30,360 - DEBUG - Marking up chromosome GL456370.1
2021-11-17 13:41:30,360 - WARNING - The .bam file refers to a chromosome 'GL456370.1+' not present in the annotation (.gtf) file
2021-11-17 13:41:30,360 - WARNING - The .bam file refers to a chromosome 'GL456370.1-' not present in the annotation (.gtf) file
2021-11-17 13:41:30,368 - DEBUG - Marking up chromosome GL456392.1
2021-11-17 13:41:30,368 - WARNING - The .bam file refers to a chromosome 'GL456392.1+' not present in the annotation (.gtf) file
2021-11-17 13:41:30,368 - WARNING - The .bam file refers to a chromosome 'GL456392.1-' not present in the annotation (.gtf) file
2021-11-17 13:41:30,369 - DEBUG - Marking up chromosome GL456382.1
2021-11-17 13:41:30,369 - WARNING - The .bam file refers to a chromosome 'GL456382.1+' not present in the annotation (.gtf) file
2021-11-17 13:41:30,369 - WARNING - The .bam file refers to a chromosome 'GL456382.1-' not present in the annotation (.gtf) file
2021-11-17 13:41:30,459 - DEBUG - Marking up chromosome GL456368.1
2021-11-17 13:41:30,459 - WARNING - The .bam file refers to a chromosome 'GL456368.1+' not present in the annotation (.gtf) file
2021-11-17 13:41:30,459 - WARNING - The .bam file refers to a chromosome 'GL456368.1-' not present in the annotation (.gtf) file
2021-11-17 13:41:30,460 - DEBUG - Marking up chromosome JH584295.1
2021-11-17 13:41:30,460 - WARNING - The .bam file refers to a chromosome 'JH584295.1+' not present in the annotation (.gtf) file
2021-11-17 13:41:42,218 - DEBUG - Read first 50 million reads
2021-11-17 13:41:48,504 - DEBUG - End of file. Reset index: start scanning from initial position.
2021-11-17 13:41:48,505 - DEBUG - 810082 reads were skipped because no apropiate cell or umi barcode was found
2021-11-17 13:41:48,505 - DEBUG - Start molecule counting!
2021-11-17 13:41:53,713 - DEBUG - Features available for chromosomes : ['GL456210.1-', 'GL456210.1+', 'GL456211.1-', 'GL456211.1+', 'GL456212.1-', 'GL456216.1+', 'GL456219.1-', 'GL456221.1-', 'GL456221.1+', 'GL456233.1-', 'GL456233.1+', 'GL456350.1-', 'GL456354.1-', 'GL456354.1+', 'JH584292.1+', 'JH584293.1-', 'JH584293.1+', 'JH584294.1-', 'JH584294.1+', 'JH584295.1-', 'JH584296.1-', 'JH584297.1-', 'JH584297.1+', 'JH584298.1-', 'JH584298.1+', 'JH584299.1-', 'JH584299.1+', 'JH584303.1+', 'JH584304.1-', '1-', '1+', '10-', '10+', '11-', '11+', '12-', '12+', '13-', '13+', '14-', '14+', '15-', '15+', '16-', '16+', '17-', '17+', '18-', '18+', '19-', '19+', '2-', '2+', '3-', '3+', '4-', '4+', '5-', '5+', '6-', '6+', '7-', '7+', '8-', '8+', '9-', '9+', 'M-', 'M+', 'X-', 'X+', 'Y-', 'Y+']
2021-11-17 13:41:53,714 - DEBUG - Mask available for chromosomes : ['1-', '1+', '10-', '10+', '11-', '11+', '12-', '12+', '13-', '13+', '14-', '14+', '15-', '15+', '16-', '16+', '17-', '17+', '18-', '18+', '19-', '19+', '1_GL456210_random-', '1_GL456210_random+', '1_GL456211_random-', '1_GL456211_random+', '1_GL456212_random-', '1_GL456212_random+', '1_GL456213_random-', '1_GL456213_random+', '1_GL456221_random-', '1_GL456221_random+', '2-', '2+', '3-', '3+', '4-', '4+', '4_GL456216_random-', '4_GL456216_random+', '4_GL456350_random-', '4_GL456350_random+', '4_JH584292_random-', '4_JH584292_random+', '4_JH584293_random-', '4_JH584293_random+', '4_JH584294_random-', '4_JH584294_random+', '4_JH584295_random+', '5-', '5+', '5_GL456354_random-', '5_GL456354_random+', '5_JH584296_random-', '5_JH584296_random+', '5_JH584297_random-', '5_JH584297_random+', '5_JH584298_random-', '5_JH584298_random+', '5_JH584299_random-', '5_JH584299_random+', '6-', '6+', '7-', '7+', '7_GL456219_random-', '7_GL456219_random+', '8-', '8+', '9-', '9+', 'M-', 'M+', 'Un_GL456239-', 'Un_GL456239+', 'Un_GL456359-', 'Un_GL456359+', 'Un_GL456360-', 'Un_GL456360+', 'Un_GL456366-', 'Un_GL456366+', 'Un_GL456367-', 'Un_GL456367+', 'Un_GL456368-', 'Un_GL456368+', 'Un_GL456370+', 'Un_GL456372-', 'Un_GL456372+', 'Un_GL456378-', 'Un_GL456378+', 'Un_GL456379-', 'Un_GL456379+', 'Un_GL456381-', 'Un_GL456381+', 'Un_GL456382-', 'Un_GL456382+', 'Un_GL456383-', 'Un_GL456383+', 'Un_GL456385-', 'Un_GL456385+', 'Un_GL456387-', 'Un_GL456387+', 'Un_GL456389-', 'Un_GL456389+', 'Un_GL456390-', 'Un_GL456390+', 'Un_GL456392-', 'Un_GL456392+', 'Un_GL456393-', 'Un_GL456393+', 'Un_GL456394-', 'Un_GL456394+', 'Un_GL456396-', 'Un_GL456396+', 'Un_JH584304-', 'Un_JH584304+', 'X-', 'X+', 'X_GL456233_random-', 'X_GL456233_random+', 'Y-', 'Y+', 'Y_JH584300_random-', 'Y_JH584300_random+', 'Y_JH584301_random-', 'Y_JH584301_random+', 'Y_JH584302_random-', 'Y_JH584302_random+', 'Y_JH584303_random-']
2021-11-17 13:41:53,714 - DEBUG - Summarizing the results of intron validation.
2021-11-17 13:41:54,158 - DEBUG - Validated 150413 introns (of which unique intervals 56709) out of 687039 total possible introns (considering each possible transcript models).
2021-11-17 13:41:54,159 - DEBUG - Reading /research/peer/fdeckert/FD20200109SPLENO/data/BSA_0355_SM01_10x_SPLENO/OUT/COUNT/M1_CpG_Mac_transcriptome/cellsorted_possorted_genome_bam.bam
2021-11-17 13:41:54,295 - DEBUG - Read first 0 million reads
2021-11-17 13:42:34,449 - DEBUG - Counting for batch 1, containing 100 cells and 1044478 reads
2021-11-17 13:43:29,815 - DEBUG - 65926 reads not considered because fully enclosed in repeat masked regions
2021-11-17 13:44:14,398 - DEBUG - Counting for batch 2, containing 100 cells and 1014451 reads
2021-11-17 13:45:09,202 - DEBUG - 63463 reads not considered because fully enclosed in repeat masked regions
2021-11-17 13:45:49,174 - DEBUG - Counting for batch 3, containing 100 cells and 918925 reads
2021-11-17 13:46:39,097 - DEBUG - 63244 reads not considered because fully enclosed in repeat masked regions
2021-11-17 13:47:19,879 - DEBUG - Counting for batch 4, containing 100 cells and 949313 reads
2021-11-17 13:48:09,397 - DEBUG - 64832 reads not considered because fully enclosed in repeat masked regions
2021-11-17 13:48:42,069 - DEBUG - Read first 10 million reads
2021-11-17 13:48:48,420 - DEBUG - Counting for batch 5, containing 100 cells and 831283 reads
2021-11-17 13:49:32,282 - DEBUG - 57524 reads not considered because fully enclosed in repeat masked regions
2021-11-17 13:50:10,475 - DEBUG - Counting for batch 6, containing 100 cells and 865976 reads
2021-11-17 13:50:56,444 - DEBUG - 58110 reads not considered because fully enclosed in repeat masked regions
2021-11-17 13:51:35,595 - DEBUG - Counting for batch 7, containing 100 cells and 892710 reads
2021-11-17 13:52:25,006 - DEBUG - 59489 reads not considered because fully enclosed in repeat masked regions
2021-11-17 13:53:05,330 - DEBUG - Counting for batch 8, containing 100 cells and 992592 reads
2021-11-17 13:53:56,285 - DEBUG - 68937 reads not considered because fully enclosed in repeat masked regions
2021-11-17 13:54:35,782 - DEBUG - Counting for batch 9, containing 100 cells and 858572 reads
2021-11-17 13:55:22,937 - DEBUG - 59856 reads not considered because fully enclosed in repeat masked regions
2021-11-17 13:56:07,706 - DEBUG - Counting for batch 10, containing 100 cells and 1111083 reads
2021-11-17 13:57:04,758 - DEBUG - 69819 reads not considered because fully enclosed in repeat masked regions
2021-11-17 13:57:24,297 - DEBUG - Read first 20 million reads
2021-11-17 13:57:52,793 - DEBUG - Counting for batch 11, containing 100 cells and 1021040 reads
2021-11-17 13:58:46,850 - DEBUG - 64286 reads not considered because fully enclosed in repeat masked regions
2021-11-17 13:59:30,171 - DEBUG - Counting for batch 12, containing 100 cells and 956463 reads
2021-11-17 14:00:22,698 - DEBUG - 61420 reads not considered because fully enclosed in repeat masked regions
2021-11-17 14:01:04,809 - DEBUG - Counting for batch 13, containing 100 cells and 1022513 reads
2021-11-17 14:02:00,059 - DEBUG - 69866 reads not considered because fully enclosed in repeat masked regions
2021-11-17 14:02:43,248 - DEBUG - Counting for batch 14, containing 100 cells and 1035766 reads
2021-11-17 14:03:40,005 - DEBUG - 69337 reads not considered because fully enclosed in repeat masked regions
2021-11-17 14:04:21,271 - DEBUG - Counting for batch 15, containing 100 cells and 934252 reads
2021-11-17 14:05:09,566 - DEBUG - 64299 reads not considered because fully enclosed in repeat masked regions
2021-11-17 14:05:30,528 - DEBUG - Read first 30 million reads
2021-11-17 14:05:51,140 - DEBUG - Counting for batch 16, containing 100 cells and 925923 reads
2021-11-17 14:06:39,774 - DEBUG - 63855 reads not considered because fully enclosed in repeat masked regions
2021-11-17 14:07:20,948 - DEBUG - Counting for batch 17, containing 100 cells and 965870 reads
2021-11-17 14:08:10,564 - DEBUG - 63652 reads not considered because fully enclosed in repeat masked regions
2021-11-17 14:08:55,537 - DEBUG - Counting for batch 18, containing 100 cells and 1075004 reads
2021-11-17 14:09:52,864 - DEBUG - 66989 reads not considered because fully enclosed in repeat masked regions
2021-11-17 14:10:35,061 - DEBUG - Counting for batch 19, containing 100 cells and 891036 reads
2021-11-17 14:11:21,458 - DEBUG - 62285 reads not considered because fully enclosed in repeat masked regions
2021-11-17 14:12:00,267 - DEBUG - Counting for batch 20, containing 100 cells and 882427 reads
2021-11-17 14:12:48,632 - DEBUG - 60554 reads not considered because fully enclosed in repeat masked regions
2021-11-17 14:13:23,221 - DEBUG - Read first 40 million reads
2021-11-17 14:13:31,137 - DEBUG - Counting for batch 21, containing 100 cells and 818728 reads
2021-11-17 14:14:25,900 - DEBUG - 57684 reads not considered because fully enclosed in repeat masked regions
2021-11-17 14:15:13,603 - DEBUG - Counting for batch 22, containing 100 cells and 1003241 reads
2021-11-17 14:16:17,578 - DEBUG - 68018 reads not considered because fully enclosed in repeat masked regions
2021-11-17 14:17:08,042 - DEBUG - Counting for batch 23, containing 100 cells and 992114 reads
2021-11-17 14:18:11,521 - DEBUG - 66394 reads not considered because fully enclosed in repeat masked regions
2021-11-17 14:19:00,998 - DEBUG - Counting for batch 24, containing 100 cells and 962558 reads
2021-11-17 14:20:03,163 - DEBUG - 64923 reads not considered because fully enclosed in repeat masked regions
2021-11-17 14:20:53,233 - DEBUG - Counting for batch 25, containing 100 cells and 1013291 reads
2021-11-17 14:21:57,994 - DEBUG - 63741 reads not considered because fully enclosed in repeat masked regions
2021-11-17 14:22:46,641 - DEBUG - Read first 50 million reads
2021-11-17 14:22:51,048 - DEBUG - Counting for batch 26, containing 100 cells and 1003492 reads
2021-11-17 14:23:52,761 - DEBUG - 65538 reads not considered because fully enclosed in repeat masked regions
2021-11-17 14:24:39,677 - DEBUG - Counting for batch 27, containing 100 cells and 835504 reads
2021-11-17 14:25:34,577 - DEBUG - 57321 reads not considered because fully enclosed in repeat masked regions
2021-11-17 14:25:56,200 - DEBUG - Counting for batch 28, containing 25 cells and 200131 reads
2021-11-17 14:26:10,437 - DEBUG - 13158 reads not considered because fully enclosed in repeat masked regions
2021-11-17 14:26:14,019 - DEBUG - 810082 reads were skipped because no apropiate cell or umi barcode was found
2021-11-17 14:26:14,026 - DEBUG - Counting done!
2021-11-17 14:26:14,095 - DEBUG - Generating output file data/BSA_0355_SM01_10x_SPLENO/OUT/COUNT/M1_CpG_Mac_transcriptome/velocyto.loom
2021-11-17 14:26:14,096 - DEBUG - Collecting row attributes
2021-11-17 14:26:14,311 - DEBUG - Generating data table
2021-11-17 14:26:15,180 - DEBUG - Writing loom file
2021-11-17 14:26:18,523 - DEBUG - Creating converter from 5 to 3
2021-11-17 14:26:18,888 - DEBUG - Creating converter from 3 to 5
2021-11-17 14:26:27,527 - DEBUG - Terminated Succesfully!
