2021-11-17 11:08:14,452 - DEBUG - Using logic: ValidatedIntrons10X
2021-11-17 11:08:14,465 - INFO - Read 7809 cell barcodes from /research/peer/fdeckert/FD20200109SPLENO/data/BSA_0355_SM01_10x_SPLENO/OUT/COUNT/M2_CpG_Prog_transcriptome/filtered_feature_bc_matrix/barcodes.tsv.gz
2021-11-17 11:08:14,466 - DEBUG - Example of barcode: AAACCCAAGCGTTCAT and cell_id: velocyto:AAACCCAAGCGTTCAT-1
2021-11-17 11:08:14,478 - DEBUG - Peeking into /research/peer/fdeckert/FD20200109SPLENO/data/BSA_0355_SM01_10x_SPLENO/OUT/COUNT/M2_CpG_Prog_transcriptome/possorted_genome_bam.bam
2021-11-17 11:08:14,495 - WARNING - Not found cell and umi barcode in entry 4 of the bam file
2021-11-17 11:08:14,496 - WARNING - Not found cell and umi barcode in entry 97 of the bam file
2021-11-17 11:08:14,496 - WARNING - Not found cell and umi barcode in entry 194 of the bam file
2021-11-17 11:08:14,496 - WARNING - Not found cell and umi barcode in entry 198 of the bam file
2021-11-17 11:08:14,496 - WARNING - Not found cell and umi barcode in entry 207 of the bam file
2021-11-17 11:08:14,497 - WARNING - Not found cell and umi barcode in entry 239 of the bam file
2021-11-17 11:08:14,497 - WARNING - Not found cell and umi barcode in entry 256 of the bam file
2021-11-17 11:08:14,497 - WARNING - Not found cell and umi barcode in entry 257 of the bam file
2021-11-17 11:08:14,497 - WARNING - Not found cell and umi barcode in entry 271 of the bam file
2021-11-17 11:08:14,498 - WARNING - Not found cell and umi barcode in entry 320 of the bam file
2021-11-17 11:08:14,498 - WARNING - Not found cell and umi barcode in entry 362 of the bam file
2021-11-17 11:08:14,498 - WARNING - Not found cell and umi barcode in entry 363 of the bam file
2021-11-17 11:08:14,498 - WARNING - Not found cell and umi barcode in entry 364 of the bam file
2021-11-17 11:08:14,498 - WARNING - Not found cell and umi barcode in entry 387 of the bam file
2021-11-17 11:08:14,498 - WARNING - Not found cell and umi barcode in entry 394 of the bam file
2021-11-17 11:08:14,498 - WARNING - Not found cell and umi barcode in entry 395 of the bam file
2021-11-17 11:08:14,499 - WARNING - Not found cell and umi barcode in entry 442 of the bam file
2021-11-17 11:08:14,499 - WARNING - Not found cell and umi barcode in entry 443 of the bam file
2021-11-17 11:08:14,499 - WARNING - Not found cell and umi barcode in entry 449 of the bam file
2021-11-17 11:08:14,499 - WARNING - Not found cell and umi barcode in entry 463 of the bam file
2021-11-17 11:08:14,499 - WARNING - Not found cell and umi barcode in entry 488 of the bam file
2021-11-17 11:08:14,500 - WARNING - Not found cell and umi barcode in entry 536 of the bam file
2021-11-17 11:08:14,500 - WARNING - Not found cell and umi barcode in entry 539 of the bam file
2021-11-17 11:08:14,500 - WARNING - Not found cell and umi barcode in entry 540 of the bam file
2021-11-17 11:08:14,500 - WARNING - Not found cell and umi barcode in entry 643 of the bam file
2021-11-17 11:08:14,500 - WARNING - Not found cell and umi barcode in entry 646 of the bam file
2021-11-17 11:08:14,501 - WARNING - Not found cell and umi barcode in entry 649 of the bam file
2021-11-17 11:08:14,501 - WARNING - Not found cell and umi barcode in entry 656 of the bam file
2021-11-17 11:08:14,501 - WARNING - Not found cell and umi barcode in entry 658 of the bam file
2021-11-17 11:08:14,501 - WARNING - Not found cell and umi barcode in entry 665 of the bam file
2021-11-17 11:08:14,501 - WARNING - Not found cell and umi barcode in entry 701 of the bam file
2021-11-17 11:08:14,502 - WARNING - Not found cell and umi barcode in entry 772 of the bam file
2021-11-17 11:08:14,502 - WARNING - Not found cell and umi barcode in entry 786 of the bam file
2021-11-17 11:08:14,502 - WARNING - Not found cell and umi barcode in entry 787 of the bam file
2021-11-17 11:08:14,503 - WARNING - Not found cell and umi barcode in entry 1031 of the bam file
2021-11-17 11:08:14,506 - WARNING - The file /research/peer/fdeckert/FD20200109SPLENO/data/BSA_0355_SM01_10x_SPLENO/OUT/COUNT/M2_CpG_Prog_transcriptome/cellsorted_possorted_genome_bam.bam already exists. The sorting step will be skipped and the existing file will be used.
2021-11-17 11:08:14,506 - INFO - Load the annotation from /research/peer/fdeckert/FD20200109SPLENO/data/mm10/cellranger/mm10-2020-A_build/gencode.vM23.primary_assembly.annotation.gtf.filtered
2021-11-17 11:08:21,532 - DEBUG - Parsing Chromosome GL456210.1 strand - [line 0]
2021-11-17 11:08:21,535 - DEBUG - Done with GL456210.1- [line 27]
2021-11-17 11:08:21,535 - DEBUG - Assigning indexes to genes
2021-11-17 11:08:21,535 - DEBUG - Seen 3 genes until now
2021-11-17 11:08:21,535 - DEBUG - Parsing Chromosome GL456210.1 strand + [line 28]
2021-11-17 11:08:21,535 - DEBUG - Done with GL456210.1+ [line 43]
2021-11-17 11:08:21,535 - DEBUG - Assigning indexes to genes
2021-11-17 11:08:21,535 - DEBUG - Seen 5 genes until now
2021-11-17 11:08:21,536 - DEBUG - Parsing Chromosome GL456211.1 strand - [line 44]
2021-11-17 11:08:21,536 - DEBUG - Done with GL456211.1- [line 74]
2021-11-17 11:08:21,536 - DEBUG - Assigning indexes to genes
2021-11-17 11:08:21,536 - DEBUG - Seen 9 genes until now
2021-11-17 11:08:21,536 - DEBUG - Parsing Chromosome GL456211.1 strand + [line 75]
2021-11-17 11:08:21,536 - DEBUG - Done with GL456211.1+ [line 101]
2021-11-17 11:08:21,536 - DEBUG - Assigning indexes to genes
2021-11-17 11:08:21,536 - DEBUG - Seen 11 genes until now
2021-11-17 11:08:21,537 - DEBUG - Parsing Chromosome GL456212.1 strand - [line 102]
2021-11-17 11:08:21,537 - DEBUG - Done with GL456212.1- [line 137]
2021-11-17 11:08:21,537 - DEBUG - Assigning indexes to genes
2021-11-17 11:08:21,537 - DEBUG - Seen 13 genes until now
2021-11-17 11:08:21,537 - DEBUG - Parsing Chromosome GL456216.1 strand + [line 138]
2021-11-17 11:08:21,537 - DEBUG - Done with GL456216.1+ [line 157]
2021-11-17 11:08:21,537 - DEBUG - Assigning indexes to genes
2021-11-17 11:08:21,537 - DEBUG - Seen 14 genes until now
2021-11-17 11:08:21,538 - DEBUG - Parsing Chromosome GL456219.1 strand - [line 158]
2021-11-17 11:08:21,538 - DEBUG - Done with GL456219.1- [line 171]
2021-11-17 11:08:21,538 - DEBUG - Assigning indexes to genes
2021-11-17 11:08:21,538 - DEBUG - Seen 16 genes until now
2021-11-17 11:08:21,538 - DEBUG - Parsing Chromosome GL456221.1 strand - [line 172]
2021-11-17 11:08:21,538 - DEBUG - Done with GL456221.1- [line 217]
2021-11-17 11:08:21,538 - DEBUG - Assigning indexes to genes
2021-11-17 11:08:21,538 - DEBUG - Seen 20 genes until now
2021-11-17 11:08:21,539 - DEBUG - Parsing Chromosome GL456221.1 strand + [line 218]
2021-11-17 11:08:21,539 - DEBUG - Done with GL456221.1+ [line 237]
2021-11-17 11:08:21,539 - DEBUG - Assigning indexes to genes
2021-11-17 11:08:21,539 - DEBUG - Seen 23 genes until now
2021-11-17 11:08:21,539 - DEBUG - Parsing Chromosome GL456233.1 strand - [line 238]
2021-11-17 11:08:21,539 - DEBUG - Done with GL456233.1- [line 269]
2021-11-17 11:08:21,539 - DEBUG - Assigning indexes to genes
2021-11-17 11:08:21,539 - DEBUG - Seen 25 genes until now
2021-11-17 11:08:21,539 - DEBUG - Parsing Chromosome GL456233.1 strand + [line 270]
2021-11-17 11:08:21,540 - DEBUG - Done with GL456233.1+ [line 300]
2021-11-17 11:08:21,540 - DEBUG - Assigning indexes to genes
2021-11-17 11:08:21,540 - DEBUG - Seen 27 genes until now
2021-11-17 11:08:21,540 - DEBUG - Parsing Chromosome GL456350.1 strand - [line 301]
2021-11-17 11:08:21,540 - DEBUG - Done with GL456350.1- [line 362]
2021-11-17 11:08:21,540 - DEBUG - Assigning indexes to genes
2021-11-17 11:08:21,541 - DEBUG - Seen 32 genes until now
2021-11-17 11:08:21,541 - DEBUG - Parsing Chromosome GL456354.1 strand - [line 363]
2021-11-17 11:08:21,541 - DEBUG - Done with GL456354.1- [line 398]
2021-11-17 11:08:21,541 - DEBUG - Assigning indexes to genes
2021-11-17 11:08:21,541 - DEBUG - Seen 35 genes until now
2021-11-17 11:08:21,541 - DEBUG - Parsing Chromosome GL456354.1 strand + [line 399]
2021-11-17 11:08:21,541 - DEBUG - Done with GL456354.1+ [line 420]
2021-11-17 11:08:21,541 - DEBUG - Assigning indexes to genes
2021-11-17 11:08:21,542 - DEBUG - Seen 37 genes until now
2021-11-17 11:08:21,542 - DEBUG - Parsing Chromosome JH584292.1 strand + [line 421]
2021-11-17 11:08:21,542 - DEBUG - Done with JH584292.1+ [line 496]
2021-11-17 11:08:21,542 - DEBUG - Assigning indexes to genes
2021-11-17 11:08:21,542 - DEBUG - Seen 38 genes until now
2021-11-17 11:08:21,542 - DEBUG - Parsing Chromosome JH584293.1 strand - [line 497]
2021-11-17 11:08:21,543 - DEBUG - Done with JH584293.1- [line 569]
2021-11-17 11:08:21,543 - DEBUG - Assigning indexes to genes
2021-11-17 11:08:21,543 - DEBUG - Seen 44 genes until now
2021-11-17 11:08:21,543 - DEBUG - Parsing Chromosome JH584293.1 strand + [line 570]
2021-11-17 11:08:21,544 - DEBUG - Done with JH584293.1+ [line 613]
2021-11-17 11:08:21,544 - DEBUG - Assigning indexes to genes
2021-11-17 11:08:21,544 - DEBUG - Seen 47 genes until now
2021-11-17 11:08:21,544 - DEBUG - Parsing Chromosome JH584294.1 strand - [line 614]
2021-11-17 11:08:21,544 - DEBUG - Done with JH584294.1- [line 681]
2021-11-17 11:08:21,544 - DEBUG - Assigning indexes to genes
2021-11-17 11:08:21,544 - DEBUG - Seen 51 genes until now
2021-11-17 11:08:21,544 - DEBUG - Parsing Chromosome JH584294.1 strand + [line 682]
2021-11-17 11:08:21,545 - DEBUG - Done with JH584294.1+ [line 708]
2021-11-17 11:08:21,545 - DEBUG - Assigning indexes to genes
2021-11-17 11:08:21,545 - DEBUG - Seen 53 genes until now
2021-11-17 11:08:21,545 - DEBUG - Parsing Chromosome JH584295.1 strand - [line 709]
2021-11-17 11:08:21,545 - DEBUG - Done with JH584295.1- [line 724]
2021-11-17 11:08:21,545 - DEBUG - Assigning indexes to genes
2021-11-17 11:08:21,545 - DEBUG - Seen 54 genes until now
2021-11-17 11:08:21,545 - DEBUG - Parsing Chromosome JH584296.1 strand - [line 725]
2021-11-17 11:08:21,546 - DEBUG - Done with JH584296.1- [line 755]
2021-11-17 11:08:21,546 - DEBUG - Assigning indexes to genes
2021-11-17 11:08:21,546 - DEBUG - Seen 57 genes until now
2021-11-17 11:08:21,546 - DEBUG - Parsing Chromosome JH584297.1 strand - [line 756]
2021-11-17 11:08:21,546 - DEBUG - Done with JH584297.1- [line 775]
2021-11-17 11:08:21,546 - DEBUG - Assigning indexes to genes
2021-11-17 11:08:21,546 - DEBUG - Seen 59 genes until now
2021-11-17 11:08:21,546 - DEBUG - Parsing Chromosome JH584297.1 strand + [line 776]
2021-11-17 11:08:21,546 - DEBUG - Done with JH584297.1+ [line 784]
2021-11-17 11:08:21,547 - DEBUG - Assigning indexes to genes
2021-11-17 11:08:21,547 - DEBUG - Seen 60 genes until now
2021-11-17 11:08:21,547 - DEBUG - Parsing Chromosome JH584298.1 strand - [line 785]
2021-11-17 11:08:21,547 - DEBUG - Done with JH584298.1- [line 795]
2021-11-17 11:08:21,547 - DEBUG - Assigning indexes to genes
2021-11-17 11:08:21,547 - DEBUG - Seen 61 genes until now
2021-11-17 11:08:21,547 - DEBUG - Parsing Chromosome JH584298.1 strand + [line 796]
2021-11-17 11:08:21,547 - DEBUG - Done with JH584298.1+ [line 817]
2021-11-17 11:08:21,547 - DEBUG - Assigning indexes to genes
2021-11-17 11:08:21,547 - DEBUG - Seen 63 genes until now
2021-11-17 11:08:21,548 - DEBUG - Parsing Chromosome JH584299.1 strand - [line 818]
2021-11-17 11:08:21,548 - DEBUG - Done with JH584299.1- [line 828]
2021-11-17 11:08:21,548 - DEBUG - Assigning indexes to genes
2021-11-17 11:08:21,548 - DEBUG - Seen 64 genes until now
2021-11-17 11:08:21,548 - DEBUG - Parsing Chromosome JH584299.1 strand + [line 829]
2021-11-17 11:08:21,549 - DEBUG - Done with JH584299.1+ [line 950]
2021-11-17 11:08:21,549 - DEBUG - Assigning indexes to genes
2021-11-17 11:08:21,549 - DEBUG - Seen 75 genes until now
2021-11-17 11:08:21,549 - DEBUG - Parsing Chromosome JH584303.1 strand + [line 951]
2021-11-17 11:08:21,549 - DEBUG - Done with JH584303.1+ [line 955]
2021-11-17 11:08:21,549 - DEBUG - Assigning indexes to genes
2021-11-17 11:08:21,549 - DEBUG - Seen 76 genes until now
2021-11-17 11:08:21,549 - DEBUG - Parsing Chromosome JH584304.1 strand - [line 956]
2021-11-17 11:08:21,550 - DEBUG - Done with JH584304.1- [line 988]
2021-11-17 11:08:21,550 - DEBUG - Assigning indexes to genes
2021-11-17 11:08:21,550 - DEBUG - Seen 77 genes until now
2021-11-17 11:08:21,550 - DEBUG - Parsing Chromosome 1 strand - [line 989]
2021-11-17 11:08:22,164 - DEBUG - Done with 1- [line 57063]
2021-11-17 11:08:22,164 - DEBUG - Assigning indexes to genes
2021-11-17 11:08:22,171 - DEBUG - Seen 966 genes until now
2021-11-17 11:08:22,171 - DEBUG - Parsing Chromosome 1 strand + [line 57064]
2021-11-17 11:08:22,726 - DEBUG - Done with 1+ [line 111842]
2021-11-17 11:08:22,726 - DEBUG - Assigning indexes to genes
2021-11-17 11:08:22,732 - DEBUG - Seen 1876 genes until now
2021-11-17 11:08:22,732 - DEBUG - Parsing Chromosome 10 strand - [line 111843]
2021-11-17 11:08:23,043 - DEBUG - Done with 10- [line 152030]
2021-11-17 11:08:23,043 - DEBUG - Assigning indexes to genes
2021-11-17 11:08:23,049 - DEBUG - Seen 2638 genes until now
2021-11-17 11:08:23,049 - DEBUG - Parsing Chromosome 10 strand + [line 152031]
2021-11-17 11:08:23,535 - DEBUG - Done with 10+ [line 194968]
2021-11-17 11:08:23,535 - DEBUG - Assigning indexes to genes
2021-11-17 11:08:23,541 - DEBUG - Seen 3448 genes until now
2021-11-17 11:08:23,541 - DEBUG - Parsing Chromosome 11 strand - [line 194969]
2021-11-17 11:08:24,032 - DEBUG - Done with 11- [line 257480]
2021-11-17 11:08:24,032 - DEBUG - Assigning indexes to genes
2021-11-17 11:08:24,042 - DEBUG - Seen 4518 genes until now
2021-11-17 11:08:24,042 - DEBUG - Parsing Chromosome 11 strand + [line 257481]
2021-11-17 11:08:24,764 - DEBUG - Done with 11+ [line 320172]
2021-11-17 11:08:24,765 - DEBUG - Assigning indexes to genes
2021-11-17 11:08:24,773 - DEBUG - Seen 5535 genes until now
2021-11-17 11:08:24,773 - DEBUG - Parsing Chromosome 12 strand - [line 320173]
2021-11-17 11:08:24,965 - DEBUG - Done with 12- [line 345502]
2021-11-17 11:08:24,965 - DEBUG - Assigning indexes to genes
2021-11-17 11:08:24,969 - DEBUG - Seen 6300 genes until now
2021-11-17 11:08:24,969 - DEBUG - Parsing Chromosome 12 strand + [line 345503]
2021-11-17 11:08:25,240 - DEBUG - Done with 12+ [line 380229]
2021-11-17 11:08:25,240 - DEBUG - Assigning indexes to genes
2021-11-17 11:08:25,245 - DEBUG - Seen 6877 genes until now
2021-11-17 11:08:25,245 - DEBUG - Parsing Chromosome 13 strand - [line 380230]
2021-11-17 11:08:25,504 - DEBUG - Done with 13- [line 414645]
2021-11-17 11:08:25,504 - DEBUG - Assigning indexes to genes
2021-11-17 11:08:25,509 - DEBUG - Seen 7611 genes until now
2021-11-17 11:08:25,509 - DEBUG - Parsing Chromosome 13 strand + [line 414646]
2021-11-17 11:08:25,713 - DEBUG - Done with 13+ [line 441742]
2021-11-17 11:08:25,713 - DEBUG - Assigning indexes to genes
2021-11-17 11:08:25,717 - DEBUG - Seen 8318 genes until now
2021-11-17 11:08:25,717 - DEBUG - Parsing Chromosome 14 strand - [line 441743]
2021-11-17 11:08:26,197 - DEBUG - Done with 14- [line 478634]
2021-11-17 11:08:26,198 - DEBUG - Assigning indexes to genes
2021-11-17 11:08:26,202 - DEBUG - Seen 9014 genes until now
2021-11-17 11:08:26,202 - DEBUG - Parsing Chromosome 14 strand + [line 478635]
2021-11-17 11:08:26,456 - DEBUG - Done with 14+ [line 512401]
2021-11-17 11:08:26,456 - DEBUG - Assigning indexes to genes
2021-11-17 11:08:26,461 - DEBUG - Seen 9849 genes until now
2021-11-17 11:08:26,461 - DEBUG - Parsing Chromosome 15 strand - [line 512402]
2021-11-17 11:08:26,745 - DEBUG - Done with 15- [line 549004]
2021-11-17 11:08:26,746 - DEBUG - Assigning indexes to genes
2021-11-17 11:08:26,750 - DEBUG - Seen 10439 genes until now
2021-11-17 11:08:26,750 - DEBUG - Parsing Chromosome 15 strand + [line 549005]
2021-11-17 11:08:26,987 - DEBUG - Done with 15+ [line 580047]
2021-11-17 11:08:26,988 - DEBUG - Assigning indexes to genes
2021-11-17 11:08:26,992 - DEBUG - Seen 10983 genes until now
2021-11-17 11:08:26,992 - DEBUG - Parsing Chromosome 16 strand - [line 580048]
2021-11-17 11:08:27,209 - DEBUG - Done with 16- [line 607192]
2021-11-17 11:08:27,209 - DEBUG - Assigning indexes to genes
2021-11-17 11:08:27,212 - DEBUG - Seen 11469 genes until now
2021-11-17 11:08:27,212 - DEBUG - Parsing Chromosome 16 strand + [line 607193]
2021-11-17 11:08:27,669 - DEBUG - Done with 16+ [line 637997]
2021-11-17 11:08:27,669 - DEBUG - Assigning indexes to genes
2021-11-17 11:08:27,673 - DEBUG - Seen 11933 genes until now
2021-11-17 11:08:27,673 - DEBUG - Parsing Chromosome 17 strand - [line 637998]
2021-11-17 11:08:28,008 - DEBUG - Done with 17- [line 681830]
2021-11-17 11:08:28,009 - DEBUG - Assigning indexes to genes
2021-11-17 11:08:28,014 - DEBUG - Seen 12652 genes until now
2021-11-17 11:08:28,014 - DEBUG - Parsing Chromosome 17 strand + [line 681831]
2021-11-17 11:08:28,375 - DEBUG - Done with 17+ [line 729330]
2021-11-17 11:08:28,375 - DEBUG - Assigning indexes to genes
2021-11-17 11:08:28,382 - DEBUG - Seen 13379 genes until now
2021-11-17 11:08:28,382 - DEBUG - Parsing Chromosome 18 strand - [line 729331]
2021-11-17 11:08:28,525 - DEBUG - Done with 18- [line 748063]
2021-11-17 11:08:28,526 - DEBUG - Assigning indexes to genes
2021-11-17 11:08:28,528 - DEBUG - Seen 13744 genes until now
2021-11-17 11:08:28,528 - DEBUG - Parsing Chromosome 18 strand + [line 748064]
2021-11-17 11:08:28,723 - DEBUG - Done with 18+ [line 774053]
2021-11-17 11:08:28,723 - DEBUG - Assigning indexes to genes
2021-11-17 11:08:28,726 - DEBUG - Seen 14196 genes until now
2021-11-17 11:08:28,726 - DEBUG - Parsing Chromosome 19 strand - [line 774054]
2021-11-17 11:08:28,973 - DEBUG - Done with 19- [line 806361]
2021-11-17 11:08:28,973 - DEBUG - Assigning indexes to genes
2021-11-17 11:08:28,977 - DEBUG - Seen 14666 genes until now
2021-11-17 11:08:28,977 - DEBUG - Parsing Chromosome 19 strand + [line 806362]
2021-11-17 11:08:29,191 - DEBUG - Done with 19+ [line 834536]
2021-11-17 11:08:29,191 - DEBUG - Assigning indexes to genes
2021-11-17 11:08:29,194 - DEBUG - Seen 15155 genes until now
2021-11-17 11:08:29,195 - DEBUG - Parsing Chromosome 2 strand - [line 834537]
2021-11-17 11:08:30,041 - DEBUG - Done with 2- [line 911094]
2021-11-17 11:08:30,041 - DEBUG - Assigning indexes to genes
2021-11-17 11:08:30,051 - DEBUG - Seen 16361 genes until now
2021-11-17 11:08:30,051 - DEBUG - Parsing Chromosome 2 strand + [line 911095]
2021-11-17 11:08:30,597 - DEBUG - Done with 2+ [line 982171]
2021-11-17 11:08:30,597 - DEBUG - Assigning indexes to genes
2021-11-17 11:08:30,607 - DEBUG - Seen 17581 genes until now
2021-11-17 11:08:30,607 - DEBUG - Parsing Chromosome 3 strand - [line 982172]
2021-11-17 11:08:30,904 - DEBUG - Done with 3- [line 1021471]
2021-11-17 11:08:30,904 - DEBUG - Assigning indexes to genes
2021-11-17 11:08:30,909 - DEBUG - Seen 18356 genes until now
2021-11-17 11:08:30,909 - DEBUG - Parsing Chromosome 3 strand + [line 1021472]
2021-11-17 11:08:31,239 - DEBUG - Done with 3+ [line 1065065]
2021-11-17 11:08:31,240 - DEBUG - Assigning indexes to genes
2021-11-17 11:08:31,245 - DEBUG - Seen 19102 genes until now
2021-11-17 11:08:31,245 - DEBUG - Parsing Chromosome 4 strand - [line 1065066]
2021-11-17 11:08:31,645 - DEBUG - Done with 4- [line 1117209]
2021-11-17 11:08:31,645 - DEBUG - Assigning indexes to genes
2021-11-17 11:08:31,651 - DEBUG - Seen 19972 genes until now
2021-11-17 11:08:31,651 - DEBUG - Parsing Chromosome 4 strand + [line 1117210]
2021-11-17 11:08:32,334 - DEBUG - Done with 4+ [line 1167049]
2021-11-17 11:08:32,335 - DEBUG - Assigning indexes to genes
2021-11-17 11:08:32,341 - DEBUG - Seen 20848 genes until now
2021-11-17 11:08:32,341 - DEBUG - Parsing Chromosome 5 strand - [line 1167050]
2021-11-17 11:08:32,786 - DEBUG - Done with 5- [line 1225395]
2021-11-17 11:08:32,786 - DEBUG - Assigning indexes to genes
2021-11-17 11:08:32,794 - DEBUG - Seen 21762 genes until now
2021-11-17 11:08:32,794 - DEBUG - Parsing Chromosome 5 strand + [line 1225396]
2021-11-17 11:08:33,246 - DEBUG - Done with 5+ [line 1284505]
2021-11-17 11:08:33,246 - DEBUG - Assigning indexes to genes
2021-11-17 11:08:33,256 - DEBUG - Seen 22701 genes until now
2021-11-17 11:08:33,256 - DEBUG - Parsing Chromosome 6 strand - [line 1284506]
2021-11-17 11:08:33,597 - DEBUG - Done with 6- [line 1330066]
2021-11-17 11:08:33,597 - DEBUG - Assigning indexes to genes
2021-11-17 11:08:33,603 - DEBUG - Seen 23564 genes until now
2021-11-17 11:08:33,603 - DEBUG - Parsing Chromosome 6 strand + [line 1330067]
2021-11-17 11:08:33,969 - DEBUG - Done with 6+ [line 1378331]
2021-11-17 11:08:33,969 - DEBUG - Assigning indexes to genes
2021-11-17 11:08:33,976 - DEBUG - Seen 24493 genes until now
2021-11-17 11:08:33,976 - DEBUG - Parsing Chromosome 7 strand - [line 1378332]
2021-11-17 11:08:34,523 - DEBUG - Done with 7- [line 1452549]
2021-11-17 11:08:34,523 - DEBUG - Assigning indexes to genes
2021-11-17 11:08:34,534 - DEBUG - Seen 25855 genes until now
2021-11-17 11:08:34,535 - DEBUG - Parsing Chromosome 7 strand + [line 1452550]
2021-11-17 11:08:35,549 - DEBUG - Done with 7+ [line 1523678]
2021-11-17 11:08:35,550 - DEBUG - Assigning indexes to genes
2021-11-17 11:08:35,564 - DEBUG - Seen 27096 genes until now
2021-11-17 11:08:35,564 - DEBUG - Parsing Chromosome 8 strand - [line 1523679]
2021-11-17 11:08:35,968 - DEBUG - Done with 8- [line 1559719]
2021-11-17 11:08:35,969 - DEBUG - Assigning indexes to genes
2021-11-17 11:08:35,975 - DEBUG - Seen 27820 genes until now
2021-11-17 11:08:35,975 - DEBUG - Parsing Chromosome 8 strand + [line 1559720]
2021-11-17 11:08:36,442 - DEBUG - Done with 8+ [line 1606795]
2021-11-17 11:08:36,442 - DEBUG - Assigning indexes to genes
2021-11-17 11:08:36,448 - DEBUG - Seen 28656 genes until now
2021-11-17 11:08:36,448 - DEBUG - Parsing Chromosome 9 strand - [line 1606796]
2021-11-17 11:08:36,842 - DEBUG - Done with 9- [line 1658478]
2021-11-17 11:08:36,842 - DEBUG - Assigning indexes to genes
2021-11-17 11:08:36,849 - DEBUG - Seen 29510 genes until now
2021-11-17 11:08:36,849 - DEBUG - Parsing Chromosome 9 strand + [line 1658479]
2021-11-17 11:08:37,253 - DEBUG - Done with 9+ [line 1712094]
2021-11-17 11:08:37,253 - DEBUG - Assigning indexes to genes
2021-11-17 11:08:37,261 - DEBUG - Seen 30441 genes until now
2021-11-17 11:08:37,261 - DEBUG - Parsing Chromosome M strand - [line 1712095]
2021-11-17 11:08:37,261 - DEBUG - Done with M- [line 1712101]
2021-11-17 11:08:37,261 - DEBUG - Assigning indexes to genes
2021-11-17 11:08:37,261 - DEBUG - Seen 30442 genes until now
2021-11-17 11:08:37,261 - DEBUG - Parsing Chromosome M strand + [line 1712102]
2021-11-17 11:08:37,262 - DEBUG - Done with M+ [line 1712175]
2021-11-17 11:08:37,262 - DEBUG - Assigning indexes to genes
2021-11-17 11:08:37,262 - DEBUG - Seen 30454 genes until now
2021-11-17 11:08:37,262 - DEBUG - Parsing Chromosome X strand - [line 1712176]
2021-11-17 11:08:37,468 - DEBUG - Done with X- [line 1739781]
2021-11-17 11:08:37,468 - DEBUG - Assigning indexes to genes
2021-11-17 11:08:37,471 - DEBUG - Seen 30981 genes until now
2021-11-17 11:08:37,471 - DEBUG - Parsing Chromosome X strand + [line 1739782]
2021-11-17 11:08:37,703 - DEBUG - Done with X+ [line 1770751]
2021-11-17 11:08:37,703 - DEBUG - Assigning indexes to genes
2021-11-17 11:08:37,706 - DEBUG - Seen 31560 genes until now
2021-11-17 11:08:37,706 - DEBUG - Parsing Chromosome Y strand - [line 1770752]
2021-11-17 11:08:37,743 - DEBUG - Done with Y- [line 1775246]
2021-11-17 11:08:37,743 - DEBUG - Assigning indexes to genes
2021-11-17 11:08:37,745 - DEBUG - Seen 31897 genes until now
2021-11-17 11:08:37,745 - DEBUG - Parsing Chromosome Y strand + [line 1775247]
2021-11-17 11:08:37,788 - DEBUG - Assigning indexes to genes
2021-11-17 11:08:37,790 - DEBUG - Done with Y+ [line 1780453]
2021-11-17 11:08:37,790 - DEBUG - Fixing corner cases of transcript models containg intron longer than 1000Kbp
2021-11-17 11:08:39,094 - DEBUG - Generated 1492231 features corresponding to 118153 transcript models from /research/peer/fdeckert/FD20200109SPLENO/data/mm10/cellranger/mm10-2020-A_build/gencode.vM23.primary_assembly.annotation.gtf.filtered
2021-11-17 11:08:39,110 - INFO - Load the repeat masking annotation from /research/peer/fdeckert/FD20200109SPLENO/data/mm10/cellranger/mm10-2020-A_build/mm10_rmsk.gtf
2021-11-17 11:08:39,111 - DEBUG - Reading /research/peer/fdeckert/FD20200109SPLENO/data/mm10/cellranger/mm10-2020-A_build/mm10_rmsk.gtf, the file will be sorted in memory
2021-11-17 11:09:16,972 - DEBUG - Processed masked annotation .gtf and generated 4252016 intervals to mask!
2021-11-17 11:09:17,269 - INFO - Scan /research/peer/fdeckert/FD20200109SPLENO/data/BSA_0355_SM01_10x_SPLENO/OUT/COUNT/M2_CpG_Prog_transcriptome/possorted_genome_bam.bam to validate intron intervals
2021-11-17 11:09:20,881 - DEBUG - Reading /research/peer/fdeckert/FD20200109SPLENO/data/BSA_0355_SM01_10x_SPLENO/OUT/COUNT/M2_CpG_Prog_transcriptome/possorted_genome_bam.bam
2021-11-17 11:09:20,894 - DEBUG - Read first 0 million reads
2021-11-17 11:09:20,895 - DEBUG - Marking up chromosome 1
2021-11-17 11:10:06,698 - DEBUG - Marking up chromosome 10
2021-11-17 11:10:49,740 - DEBUG - Marking up chromosome 11
2021-11-17 11:11:45,995 - DEBUG - Read first 10 million reads
2021-11-17 11:12:07,932 - DEBUG - Marking up chromosome 12
2021-11-17 11:12:36,563 - DEBUG - Marking up chromosome 13
2021-11-17 11:13:08,958 - DEBUG - Marking up chromosome 14
2021-11-17 11:13:35,113 - DEBUG - Marking up chromosome 15
2021-11-17 11:14:06,158 - DEBUG - Marking up chromosome 16
2021-11-17 11:14:18,146 - DEBUG - Read first 20 million reads
2021-11-17 11:14:27,677 - DEBUG - Marking up chromosome 17
2021-11-17 11:15:15,567 - DEBUG - Marking up chromosome 18
2021-11-17 11:15:35,557 - DEBUG - Marking up chromosome 19
2021-11-17 11:16:09,430 - DEBUG - Marking up chromosome 2
2021-11-17 11:17:03,535 - DEBUG - Marking up chromosome 3
2021-11-17 11:17:10,909 - DEBUG - Read first 30 million reads
2021-11-17 11:17:43,472 - DEBUG - Marking up chromosome 4
2021-11-17 11:18:44,640 - DEBUG - Marking up chromosome 5
2021-11-17 11:19:44,787 - DEBUG - Marking up chromosome 6
2021-11-17 11:20:24,590 - DEBUG - Read first 40 million reads
2021-11-17 11:20:29,253 - DEBUG - Marking up chromosome 7
2021-11-17 11:22:15,823 - DEBUG - Marking up chromosome 8
2021-11-17 11:22:54,601 - DEBUG - Marking up chromosome 9
2021-11-17 11:23:17,085 - DEBUG - Read first 50 million reads
2021-11-17 11:23:43,425 - DEBUG - Marking up chromosome MT
2021-11-17 11:23:43,451 - WARNING - The .bam file refers to a chromosome 'MT+' not present in the annotation (.gtf) file
2021-11-17 11:23:43,452 - WARNING - The .bam file refers to a chromosome 'MT-' not present in the annotation (.gtf) file
2021-11-17 11:24:01,278 - DEBUG - Marking up chromosome X
2021-11-17 11:24:22,818 - DEBUG - Marking up chromosome Y
2021-11-17 11:24:23,676 - DEBUG - Marking up chromosome JH584299.1
2021-11-17 11:24:23,678 - DEBUG - Marking up chromosome GL456233.1
2021-11-17 11:24:23,694 - DEBUG - Marking up chromosome GL456211.1
2021-11-17 11:24:23,702 - DEBUG - Marking up chromosome GL456221.1
2021-11-17 11:24:23,708 - DEBUG - Marking up chromosome JH584300.1
2021-11-17 11:24:23,708 - WARNING - The .bam file refers to a chromosome 'JH584300.1+' not present in the annotation (.gtf) file
2021-11-17 11:24:23,709 - WARNING - The .bam file refers to a chromosome 'JH584300.1-' not present in the annotation (.gtf) file
2021-11-17 11:24:23,748 - DEBUG - Marking up chromosome GL456210.1
2021-11-17 11:24:23,750 - DEBUG - Marking up chromosome GL456212.1
2021-11-17 11:24:23,750 - WARNING - The .bam file refers to a chromosome 'GL456212.1+' not present in the annotation (.gtf) file
2021-11-17 11:24:23,752 - DEBUG - Marking up chromosome JH584304.1
2021-11-17 11:24:23,752 - WARNING - The .bam file refers to a chromosome 'JH584304.1+' not present in the annotation (.gtf) file
2021-11-17 11:24:23,822 - DEBUG - Marking up chromosome GL456379.1
2021-11-17 11:24:23,822 - WARNING - The .bam file refers to a chromosome 'GL456379.1+' not present in the annotation (.gtf) file
2021-11-17 11:24:23,822 - WARNING - The .bam file refers to a chromosome 'GL456379.1-' not present in the annotation (.gtf) file
2021-11-17 11:24:23,822 - DEBUG - Marking up chromosome GL456216.1
2021-11-17 11:24:23,822 - WARNING - The .bam file refers to a chromosome 'GL456216.1-' not present in the annotation (.gtf) file
2021-11-17 11:24:23,880 - DEBUG - Marking up chromosome GL456366.1
2021-11-17 11:24:23,880 - WARNING - The .bam file refers to a chromosome 'GL456366.1+' not present in the annotation (.gtf) file
2021-11-17 11:24:23,880 - WARNING - The .bam file refers to a chromosome 'GL456366.1-' not present in the annotation (.gtf) file
2021-11-17 11:24:23,880 - DEBUG - Marking up chromosome GL456239.1
2021-11-17 11:24:23,880 - WARNING - The .bam file refers to a chromosome 'GL456239.1+' not present in the annotation (.gtf) file
2021-11-17 11:24:23,880 - WARNING - The .bam file refers to a chromosome 'GL456239.1-' not present in the annotation (.gtf) file
2021-11-17 11:24:23,882 - DEBUG - Marking up chromosome GL456360.1
2021-11-17 11:24:23,882 - WARNING - The .bam file refers to a chromosome 'GL456360.1+' not present in the annotation (.gtf) file
2021-11-17 11:24:23,882 - WARNING - The .bam file refers to a chromosome 'GL456360.1-' not present in the annotation (.gtf) file
2021-11-17 11:24:23,882 - DEBUG - Marking up chromosome GL456378.1
2021-11-17 11:24:23,882 - WARNING - The .bam file refers to a chromosome 'GL456378.1+' not present in the annotation (.gtf) file
2021-11-17 11:24:23,882 - WARNING - The .bam file refers to a chromosome 'GL456378.1-' not present in the annotation (.gtf) file
2021-11-17 11:24:23,883 - DEBUG - Marking up chromosome GL456372.1
2021-11-17 11:24:23,883 - WARNING - The .bam file refers to a chromosome 'GL456372.1+' not present in the annotation (.gtf) file
2021-11-17 11:24:23,883 - WARNING - The .bam file refers to a chromosome 'GL456372.1-' not present in the annotation (.gtf) file
2021-11-17 11:24:23,884 - DEBUG - Marking up chromosome GL456370.1
2021-11-17 11:24:23,884 - WARNING - The .bam file refers to a chromosome 'GL456370.1+' not present in the annotation (.gtf) file
2021-11-17 11:24:23,884 - WARNING - The .bam file refers to a chromosome 'GL456370.1-' not present in the annotation (.gtf) file
2021-11-17 11:24:23,890 - DEBUG - Marking up chromosome GL456382.1
2021-11-17 11:24:23,890 - WARNING - The .bam file refers to a chromosome 'GL456382.1+' not present in the annotation (.gtf) file
2021-11-17 11:24:23,890 - WARNING - The .bam file refers to a chromosome 'GL456382.1-' not present in the annotation (.gtf) file
2021-11-17 11:24:23,991 - DEBUG - Marking up chromosome GL456359.1
2021-11-17 11:24:23,991 - WARNING - The .bam file refers to a chromosome 'GL456359.1+' not present in the annotation (.gtf) file
2021-11-17 11:24:23,991 - WARNING - The .bam file refers to a chromosome 'GL456359.1-' not present in the annotation (.gtf) file
2021-11-17 11:24:23,992 - DEBUG - Marking up chromosome GL456368.1
2021-11-17 11:24:23,992 - WARNING - The .bam file refers to a chromosome 'GL456368.1+' not present in the annotation (.gtf) file
2021-11-17 11:24:23,992 - WARNING - The .bam file refers to a chromosome 'GL456368.1-' not present in the annotation (.gtf) file
2021-11-17 11:24:23,992 - DEBUG - Marking up chromosome JH584295.1
2021-11-17 11:24:23,992 - WARNING - The .bam file refers to a chromosome 'JH584295.1+' not present in the annotation (.gtf) file
2021-11-17 11:24:37,208 - DEBUG - Read first 60 million reads
2021-11-17 11:24:50,469 - DEBUG - End of file. Reset index: start scanning from initial position.
2021-11-17 11:24:50,470 - DEBUG - 950594 reads were skipped because no apropiate cell or umi barcode was found
2021-11-17 11:24:50,471 - DEBUG - Start molecule counting!
2021-11-17 11:24:55,670 - DEBUG - Features available for chromosomes : ['GL456210.1-', 'GL456210.1+', 'GL456211.1-', 'GL456211.1+', 'GL456212.1-', 'GL456216.1+', 'GL456219.1-', 'GL456221.1-', 'GL456221.1+', 'GL456233.1-', 'GL456233.1+', 'GL456350.1-', 'GL456354.1-', 'GL456354.1+', 'JH584292.1+', 'JH584293.1-', 'JH584293.1+', 'JH584294.1-', 'JH584294.1+', 'JH584295.1-', 'JH584296.1-', 'JH584297.1-', 'JH584297.1+', 'JH584298.1-', 'JH584298.1+', 'JH584299.1-', 'JH584299.1+', 'JH584303.1+', 'JH584304.1-', '1-', '1+', '10-', '10+', '11-', '11+', '12-', '12+', '13-', '13+', '14-', '14+', '15-', '15+', '16-', '16+', '17-', '17+', '18-', '18+', '19-', '19+', '2-', '2+', '3-', '3+', '4-', '4+', '5-', '5+', '6-', '6+', '7-', '7+', '8-', '8+', '9-', '9+', 'M-', 'M+', 'X-', 'X+', 'Y-', 'Y+']
2021-11-17 11:24:55,670 - DEBUG - Mask available for chromosomes : ['1-', '1+', '10-', '10+', '11-', '11+', '12-', '12+', '13-', '13+', '14-', '14+', '15-', '15+', '16-', '16+', '17-', '17+', '18-', '18+', '19-', '19+', '1_GL456210_random-', '1_GL456210_random+', '1_GL456211_random-', '1_GL456211_random+', '1_GL456212_random-', '1_GL456212_random+', '1_GL456213_random-', '1_GL456213_random+', '1_GL456221_random-', '1_GL456221_random+', '2-', '2+', '3-', '3+', '4-', '4+', '4_GL456216_random-', '4_GL456216_random+', '4_GL456350_random-', '4_GL456350_random+', '4_JH584292_random-', '4_JH584292_random+', '4_JH584293_random-', '4_JH584293_random+', '4_JH584294_random-', '4_JH584294_random+', '4_JH584295_random+', '5-', '5+', '5_GL456354_random-', '5_GL456354_random+', '5_JH584296_random-', '5_JH584296_random+', '5_JH584297_random-', '5_JH584297_random+', '5_JH584298_random-', '5_JH584298_random+', '5_JH584299_random-', '5_JH584299_random+', '6-', '6+', '7-', '7+', '7_GL456219_random-', '7_GL456219_random+', '8-', '8+', '9-', '9+', 'M-', 'M+', 'Un_GL456239-', 'Un_GL456239+', 'Un_GL456359-', 'Un_GL456359+', 'Un_GL456360-', 'Un_GL456360+', 'Un_GL456366-', 'Un_GL456366+', 'Un_GL456367-', 'Un_GL456367+', 'Un_GL456368-', 'Un_GL456368+', 'Un_GL456370+', 'Un_GL456372-', 'Un_GL456372+', 'Un_GL456378-', 'Un_GL456378+', 'Un_GL456379-', 'Un_GL456379+', 'Un_GL456381-', 'Un_GL456381+', 'Un_GL456382-', 'Un_GL456382+', 'Un_GL456383-', 'Un_GL456383+', 'Un_GL456385-', 'Un_GL456385+', 'Un_GL456387-', 'Un_GL456387+', 'Un_GL456389-', 'Un_GL456389+', 'Un_GL456390-', 'Un_GL456390+', 'Un_GL456392-', 'Un_GL456392+', 'Un_GL456393-', 'Un_GL456393+', 'Un_GL456394-', 'Un_GL456394+', 'Un_GL456396-', 'Un_GL456396+', 'Un_JH584304-', 'Un_JH584304+', 'X-', 'X+', 'X_GL456233_random-', 'X_GL456233_random+', 'Y-', 'Y+', 'Y_JH584300_random-', 'Y_JH584300_random+', 'Y_JH584301_random-', 'Y_JH584301_random+', 'Y_JH584302_random-', 'Y_JH584302_random+', 'Y_JH584303_random-']
2021-11-17 11:24:55,670 - DEBUG - Summarizing the results of intron validation.
2021-11-17 11:24:56,133 - DEBUG - Validated 130157 introns (of which unique intervals 49198) out of 687039 total possible introns (considering each possible transcript models).
2021-11-17 11:24:56,141 - DEBUG - Reading /research/peer/fdeckert/FD20200109SPLENO/data/BSA_0355_SM01_10x_SPLENO/OUT/COUNT/M2_CpG_Prog_transcriptome/cellsorted_possorted_genome_bam.bam
2021-11-17 11:24:56,258 - DEBUG - Read first 0 million reads
2021-11-17 11:25:18,657 - DEBUG - Counting for batch 1, containing 100 cells and 324315 reads
2021-11-17 11:25:38,932 - DEBUG - 14774 reads not considered because fully enclosed in repeat masked regions
2021-11-17 11:25:55,853 - DEBUG - Counting for batch 2, containing 100 cells and 347186 reads
2021-11-17 11:26:19,350 - DEBUG - 15621 reads not considered because fully enclosed in repeat masked regions
2021-11-17 11:26:35,349 - DEBUG - Counting for batch 3, containing 100 cells and 317574 reads
2021-11-17 11:26:55,660 - DEBUG - 13897 reads not considered because fully enclosed in repeat masked regions
2021-11-17 11:27:12,030 - DEBUG - Counting for batch 4, containing 100 cells and 306424 reads
2021-11-17 11:27:31,671 - DEBUG - 14661 reads not considered because fully enclosed in repeat masked regions
2021-11-17 11:27:47,382 - DEBUG - Counting for batch 5, containing 100 cells and 334452 reads
2021-11-17 11:28:10,847 - DEBUG - 15553 reads not considered because fully enclosed in repeat masked regions
2021-11-17 11:28:27,611 - DEBUG - Counting for batch 6, containing 100 cells and 361853 reads
2021-11-17 11:28:50,041 - DEBUG - 16668 reads not considered because fully enclosed in repeat masked regions
2021-11-17 11:29:06,869 - DEBUG - Counting for batch 7, containing 100 cells and 340132 reads
2021-11-17 11:29:29,422 - DEBUG - 15912 reads not considered because fully enclosed in repeat masked regions
2021-11-17 11:29:44,779 - DEBUG - Counting for batch 8, containing 100 cells and 295266 reads
2021-11-17 11:30:03,720 - DEBUG - 14331 reads not considered because fully enclosed in repeat masked regions
2021-11-17 11:30:19,063 - DEBUG - Counting for batch 9, containing 100 cells and 337452 reads
2021-11-17 11:30:43,040 - DEBUG - 15492 reads not considered because fully enclosed in repeat masked regions
2021-11-17 11:31:01,948 - DEBUG - Counting for batch 10, containing 100 cells and 318963 reads
2021-11-17 11:31:25,579 - DEBUG - 14895 reads not considered because fully enclosed in repeat masked regions
2021-11-17 11:31:37,418 - DEBUG - Read first 10 million reads
2021-11-17 11:31:45,314 - DEBUG - Counting for batch 11, containing 100 cells and 312177 reads
2021-11-17 11:32:08,497 - DEBUG - 14543 reads not considered because fully enclosed in repeat masked regions
2021-11-17 11:32:27,457 - DEBUG - Counting for batch 12, containing 100 cells and 341447 reads
2021-11-17 11:32:52,736 - DEBUG - 15572 reads not considered because fully enclosed in repeat masked regions
2021-11-17 11:33:13,698 - DEBUG - Counting for batch 13, containing 100 cells and 344712 reads
2021-11-17 11:33:39,306 - DEBUG - 15318 reads not considered because fully enclosed in repeat masked regions
2021-11-17 11:34:00,371 - DEBUG - Counting for batch 14, containing 100 cells and 335607 reads
2021-11-17 11:34:25,630 - DEBUG - 14903 reads not considered because fully enclosed in repeat masked regions
2021-11-17 11:34:45,215 - DEBUG - Counting for batch 15, containing 100 cells and 352278 reads
2021-11-17 11:35:14,415 - DEBUG - 16103 reads not considered because fully enclosed in repeat masked regions
2021-11-17 11:35:34,766 - DEBUG - Counting for batch 16, containing 100 cells and 365537 reads
2021-11-17 11:36:01,026 - DEBUG - 16684 reads not considered because fully enclosed in repeat masked regions
2021-11-17 11:36:21,181 - DEBUG - Counting for batch 17, containing 100 cells and 304075 reads
2021-11-17 11:36:44,226 - DEBUG - 14072 reads not considered because fully enclosed in repeat masked regions
2021-11-17 11:37:06,057 - DEBUG - Counting for batch 18, containing 100 cells and 387474 reads
2021-11-17 11:37:33,794 - DEBUG - 18814 reads not considered because fully enclosed in repeat masked regions
2021-11-17 11:37:52,794 - DEBUG - Counting for batch 19, containing 100 cells and 302589 reads
2021-11-17 11:38:17,708 - DEBUG - 14350 reads not considered because fully enclosed in repeat masked regions
2021-11-17 11:38:36,811 - DEBUG - Counting for batch 20, containing 100 cells and 356226 reads
2021-11-17 11:39:04,576 - DEBUG - 16283 reads not considered because fully enclosed in repeat masked regions
2021-11-17 11:39:24,346 - DEBUG - Counting for batch 21, containing 100 cells and 335904 reads
2021-11-17 11:39:50,862 - DEBUG - 15229 reads not considered because fully enclosed in repeat masked regions
2021-11-17 11:40:09,715 - DEBUG - Counting for batch 22, containing 100 cells and 329745 reads
2021-11-17 11:40:33,941 - DEBUG - 15476 reads not considered because fully enclosed in repeat masked regions
2021-11-17 11:40:49,649 - DEBUG - Read first 20 million reads
2021-11-17 11:40:54,379 - DEBUG - Counting for batch 23, containing 100 cells and 338669 reads
2021-11-17 11:41:18,884 - DEBUG - 16882 reads not considered because fully enclosed in repeat masked regions
2021-11-17 11:41:38,221 - DEBUG - Counting for batch 24, containing 100 cells and 342933 reads
2021-11-17 11:42:05,329 - DEBUG - 15225 reads not considered because fully enclosed in repeat masked regions
2021-11-17 11:42:25,005 - DEBUG - Counting for batch 25, containing 100 cells and 344972 reads
2021-11-17 11:42:53,682 - DEBUG - 14729 reads not considered because fully enclosed in repeat masked regions
2021-11-17 11:43:14,578 - DEBUG - Counting for batch 26, containing 100 cells and 384233 reads
2021-11-17 11:43:41,846 - DEBUG - 19552 reads not considered because fully enclosed in repeat masked regions
2021-11-17 11:44:00,989 - DEBUG - Counting for batch 27, containing 100 cells and 301340 reads
2021-11-17 11:44:25,616 - DEBUG - 13839 reads not considered because fully enclosed in repeat masked regions
2021-11-17 11:44:44,096 - DEBUG - Counting for batch 28, containing 100 cells and 342393 reads
2021-11-17 11:45:09,556 - DEBUG - 15649 reads not considered because fully enclosed in repeat masked regions
2021-11-17 11:45:30,757 - DEBUG - Counting for batch 29, containing 100 cells and 352223 reads
2021-11-17 11:45:56,366 - DEBUG - 16975 reads not considered because fully enclosed in repeat masked regions
2021-11-17 11:46:17,968 - DEBUG - Counting for batch 30, containing 100 cells and 333230 reads
2021-11-17 11:46:43,539 - DEBUG - 15627 reads not considered because fully enclosed in repeat masked regions
2021-11-17 11:47:03,860 - DEBUG - Counting for batch 31, containing 100 cells and 363890 reads
2021-11-17 11:47:32,357 - DEBUG - 16114 reads not considered because fully enclosed in repeat masked regions
2021-11-17 11:47:51,393 - DEBUG - Counting for batch 32, containing 100 cells and 314204 reads
2021-11-17 11:48:14,857 - DEBUG - 15103 reads not considered because fully enclosed in repeat masked regions
2021-11-17 11:48:34,288 - DEBUG - Counting for batch 33, containing 100 cells and 312418 reads
2021-11-17 11:48:58,055 - DEBUG - 14412 reads not considered because fully enclosed in repeat masked regions
2021-11-17 11:49:16,765 - DEBUG - Counting for batch 34, containing 100 cells and 345533 reads
2021-11-17 11:49:42,307 - DEBUG - 15879 reads not considered because fully enclosed in repeat masked regions
2021-11-17 11:50:00,244 - DEBUG - Read first 30 million reads
2021-11-17 11:50:03,198 - DEBUG - Counting for batch 35, containing 100 cells and 322529 reads
2021-11-17 11:50:28,217 - DEBUG - 15269 reads not considered because fully enclosed in repeat masked regions
2021-11-17 11:50:47,690 - DEBUG - Counting for batch 36, containing 100 cells and 306217 reads
2021-11-17 11:51:10,892 - DEBUG - 14560 reads not considered because fully enclosed in repeat masked regions
2021-11-17 11:51:29,140 - DEBUG - Counting for batch 37, containing 100 cells and 317339 reads
2021-11-17 11:51:52,923 - DEBUG - 14541 reads not considered because fully enclosed in repeat masked regions
2021-11-17 11:52:11,863 - DEBUG - Counting for batch 38, containing 100 cells and 298621 reads
2021-11-17 11:52:34,532 - DEBUG - 14184 reads not considered because fully enclosed in repeat masked regions
2021-11-17 11:52:52,879 - DEBUG - Counting for batch 39, containing 100 cells and 336091 reads
2021-11-17 11:53:19,634 - DEBUG - 15416 reads not considered because fully enclosed in repeat masked regions
2021-11-17 11:53:38,238 - DEBUG - Counting for batch 40, containing 100 cells and 317304 reads
2021-11-17 11:54:02,333 - DEBUG - 16005 reads not considered because fully enclosed in repeat masked regions
2021-11-17 11:54:22,176 - DEBUG - Counting for batch 41, containing 100 cells and 368778 reads
2021-11-17 11:54:50,520 - DEBUG - 16940 reads not considered because fully enclosed in repeat masked regions
2021-11-17 11:55:10,575 - DEBUG - Counting for batch 42, containing 100 cells and 332150 reads
2021-11-17 11:55:37,340 - DEBUG - 13966 reads not considered because fully enclosed in repeat masked regions
2021-11-17 11:55:55,834 - DEBUG - Counting for batch 43, containing 100 cells and 335298 reads
2021-11-17 11:56:19,453 - DEBUG - 15926 reads not considered because fully enclosed in repeat masked regions
2021-11-17 11:56:38,653 - DEBUG - Counting for batch 44, containing 100 cells and 363508 reads
2021-11-17 11:57:06,109 - DEBUG - 16323 reads not considered because fully enclosed in repeat masked regions
2021-11-17 11:57:26,391 - DEBUG - Counting for batch 45, containing 100 cells and 358855 reads
2021-11-17 11:57:52,617 - DEBUG - 16191 reads not considered because fully enclosed in repeat masked regions
2021-11-17 11:58:14,324 - DEBUG - Counting for batch 46, containing 100 cells and 368024 reads
2021-11-17 11:58:39,704 - DEBUG - 16562 reads not considered because fully enclosed in repeat masked regions
2021-11-17 11:58:57,374 - DEBUG - Read first 40 million reads
2021-11-17 11:58:58,603 - DEBUG - Counting for batch 47, containing 100 cells and 329294 reads
2021-11-17 11:59:23,701 - DEBUG - 14829 reads not considered because fully enclosed in repeat masked regions
2021-11-17 11:59:42,684 - DEBUG - Counting for batch 48, containing 100 cells and 364986 reads
2021-11-17 12:00:07,684 - DEBUG - 18808 reads not considered because fully enclosed in repeat masked regions
2021-11-17 12:00:28,012 - DEBUG - Counting for batch 49, containing 100 cells and 331194 reads
2021-11-17 12:00:51,794 - DEBUG - 14715 reads not considered because fully enclosed in repeat masked regions
2021-11-17 12:01:08,783 - DEBUG - Counting for batch 50, containing 100 cells and 293324 reads
2021-11-17 12:01:30,680 - DEBUG - 13760 reads not considered because fully enclosed in repeat masked regions
2021-11-17 12:01:50,371 - DEBUG - Counting for batch 51, containing 100 cells and 363019 reads
2021-11-17 12:02:16,347 - DEBUG - 16445 reads not considered because fully enclosed in repeat masked regions
2021-11-17 12:02:39,127 - DEBUG - Counting for batch 52, containing 100 cells and 313697 reads
2021-11-17 12:03:03,086 - DEBUG - 14396 reads not considered because fully enclosed in repeat masked regions
2021-11-17 12:03:22,749 - DEBUG - Counting for batch 53, containing 100 cells and 355596 reads
2021-11-17 12:03:50,443 - DEBUG - 17035 reads not considered because fully enclosed in repeat masked regions
2021-11-17 12:04:10,468 - DEBUG - Counting for batch 54, containing 100 cells and 337745 reads
2021-11-17 12:04:35,754 - DEBUG - 14969 reads not considered because fully enclosed in repeat masked regions
2021-11-17 12:04:56,291 - DEBUG - Counting for batch 55, containing 100 cells and 312733 reads
2021-11-17 12:05:20,815 - DEBUG - 13587 reads not considered because fully enclosed in repeat masked regions
2021-11-17 12:05:40,898 - DEBUG - Counting for batch 56, containing 100 cells and 331730 reads
2021-11-17 12:06:05,531 - DEBUG - 14614 reads not considered because fully enclosed in repeat masked regions
2021-11-17 12:06:23,632 - DEBUG - Counting for batch 57, containing 100 cells and 309680 reads
2021-11-17 12:06:48,610 - DEBUG - 14339 reads not considered because fully enclosed in repeat masked regions
2021-11-17 12:07:07,845 - DEBUG - Counting for batch 58, containing 100 cells and 360964 reads
2021-11-17 12:07:34,035 - DEBUG - 16314 reads not considered because fully enclosed in repeat masked regions
2021-11-17 12:07:54,283 - DEBUG - Counting for batch 59, containing 100 cells and 351229 reads
2021-11-17 12:08:21,804 - DEBUG - 16569 reads not considered because fully enclosed in repeat masked regions
2021-11-17 12:08:31,072 - DEBUG - Read first 50 million reads
2021-11-17 12:08:40,890 - DEBUG - Counting for batch 60, containing 100 cells and 330246 reads
2021-11-17 12:09:05,176 - DEBUG - 16373 reads not considered because fully enclosed in repeat masked regions
2021-11-17 12:09:25,750 - DEBUG - Counting for batch 61, containing 100 cells and 307343 reads
2021-11-17 12:09:49,112 - DEBUG - 14563 reads not considered because fully enclosed in repeat masked regions
2021-11-17 12:10:07,287 - DEBUG - Counting for batch 62, containing 100 cells and 317051 reads
2021-11-17 12:10:31,238 - DEBUG - 15368 reads not considered because fully enclosed in repeat masked regions
2021-11-17 12:10:50,278 - DEBUG - Counting for batch 63, containing 100 cells and 301059 reads
2021-11-17 12:11:13,385 - DEBUG - 14236 reads not considered because fully enclosed in repeat masked regions
2021-11-17 12:11:33,956 - DEBUG - Counting for batch 64, containing 100 cells and 354199 reads
2021-11-17 12:12:00,367 - DEBUG - 15694 reads not considered because fully enclosed in repeat masked regions
2021-11-17 12:12:19,292 - DEBUG - Counting for batch 65, containing 100 cells and 317905 reads
2021-11-17 12:12:45,114 - DEBUG - 14913 reads not considered because fully enclosed in repeat masked regions
2021-11-17 12:13:03,599 - DEBUG - Counting for batch 66, containing 100 cells and 340141 reads
2021-11-17 12:13:29,213 - DEBUG - 14883 reads not considered because fully enclosed in repeat masked regions
2021-11-17 12:13:47,080 - DEBUG - Counting for batch 67, containing 100 cells and 291133 reads
2021-11-17 12:14:09,591 - DEBUG - 14977 reads not considered because fully enclosed in repeat masked regions
2021-11-17 12:14:29,088 - DEBUG - Counting for batch 68, containing 100 cells and 331181 reads
2021-11-17 12:14:53,864 - DEBUG - 15643 reads not considered because fully enclosed in repeat masked regions
2021-11-17 12:15:13,034 - DEBUG - Counting for batch 69, containing 100 cells and 300837 reads
2021-11-17 12:15:36,189 - DEBUG - 14198 reads not considered because fully enclosed in repeat masked regions
2021-11-17 12:15:54,425 - DEBUG - Counting for batch 70, containing 100 cells and 338972 reads
2021-11-17 12:16:19,313 - DEBUG - 16327 reads not considered because fully enclosed in repeat masked regions
2021-11-17 12:16:39,112 - DEBUG - Counting for batch 71, containing 100 cells and 319467 reads
2021-11-17 12:17:03,066 - DEBUG - 14935 reads not considered because fully enclosed in repeat masked regions
2021-11-17 12:17:21,418 - DEBUG - Counting for batch 72, containing 100 cells and 313257 reads
2021-11-17 12:17:46,507 - DEBUG - 14576 reads not considered because fully enclosed in repeat masked regions
2021-11-17 12:17:53,605 - DEBUG - Read first 60 million reads
2021-11-17 12:18:03,785 - DEBUG - Counting for batch 73, containing 100 cells and 297369 reads
2021-11-17 12:18:26,979 - DEBUG - 13043 reads not considered because fully enclosed in repeat masked regions
2021-11-17 12:18:46,728 - DEBUG - Counting for batch 74, containing 100 cells and 369024 reads
2021-11-17 12:19:14,994 - DEBUG - 18675 reads not considered because fully enclosed in repeat masked regions
2021-11-17 12:19:33,935 - DEBUG - Counting for batch 75, containing 100 cells and 314483 reads
2021-11-17 12:19:57,411 - DEBUG - 15369 reads not considered because fully enclosed in repeat masked regions
2021-11-17 12:20:16,753 - DEBUG - Counting for batch 76, containing 100 cells and 307587 reads
2021-11-17 12:20:40,156 - DEBUG - 14561 reads not considered because fully enclosed in repeat masked regions
2021-11-17 12:21:01,205 - DEBUG - Counting for batch 77, containing 100 cells and 326206 reads
2021-11-17 12:21:27,742 - DEBUG - 13876 reads not considered because fully enclosed in repeat masked regions
2021-11-17 12:21:45,553 - DEBUG - Counting for batch 78, containing 100 cells and 297841 reads
2021-11-17 12:22:08,484 - DEBUG - 14953 reads not considered because fully enclosed in repeat masked regions
2021-11-17 12:22:15,900 - DEBUG - Counting for batch 79, containing 9 cells and 22966 reads
2021-11-17 12:22:22,208 - DEBUG - 1053 reads not considered because fully enclosed in repeat masked regions
2021-11-17 12:22:22,715 - DEBUG - 950594 reads were skipped because no apropiate cell or umi barcode was found
2021-11-17 12:22:22,729 - DEBUG - Counting done!
2021-11-17 12:22:22,861 - DEBUG - Generating output file data/BSA_0355_SM01_10x_SPLENO/OUT/COUNT/M2_CpG_Prog_transcriptome/velocyto.loom
2021-11-17 12:22:22,861 - DEBUG - Collecting row attributes
2021-11-17 12:22:23,112 - DEBUG - Generating data table
2021-11-17 12:22:25,725 - DEBUG - Writing loom file
2021-11-17 12:22:29,408 - DEBUG - Creating converter from 5 to 3
2021-11-17 12:22:29,625 - DEBUG - Creating converter from 3 to 5
2021-11-17 12:22:49,084 - DEBUG - Terminated Succesfully!
