2021-11-17 11:08:16,883 - DEBUG - Using logic: ValidatedIntrons10X
2021-11-17 11:08:16,892 - INFO - Read 3661 cell barcodes from /research/peer/fdeckert/FD20200109SPLENO/data/BSA_0355_SM01_10x_SPLENO/OUT/COUNT/M2_CpG_Mac_transcriptome/filtered_feature_bc_matrix/barcodes.tsv.gz
2021-11-17 11:08:16,892 - DEBUG - Example of barcode: AAACCCAAGTAAATGC and cell_id: velocyto:AAACCCAAGTAAATGC-1
2021-11-17 11:08:16,907 - DEBUG - Peeking into /research/peer/fdeckert/FD20200109SPLENO/data/BSA_0355_SM01_10x_SPLENO/OUT/COUNT/M2_CpG_Mac_transcriptome/possorted_genome_bam.bam
2021-11-17 11:08:16,928 - WARNING - Not found cell and umi barcode in entry 6 of the bam file
2021-11-17 11:08:16,928 - WARNING - Not found cell and umi barcode in entry 30 of the bam file
2021-11-17 11:08:16,929 - WARNING - Not found cell and umi barcode in entry 42 of the bam file
2021-11-17 11:08:16,929 - WARNING - Not found cell and umi barcode in entry 70 of the bam file
2021-11-17 11:08:16,929 - WARNING - Not found cell and umi barcode in entry 93 of the bam file
2021-11-17 11:08:16,930 - WARNING - Not found cell and umi barcode in entry 157 of the bam file
2021-11-17 11:08:16,930 - WARNING - Not found cell and umi barcode in entry 219 of the bam file
2021-11-17 11:08:16,930 - WARNING - Not found cell and umi barcode in entry 221 of the bam file
2021-11-17 11:08:16,931 - WARNING - Not found cell and umi barcode in entry 230 of the bam file
2021-11-17 11:08:16,931 - WARNING - Not found cell and umi barcode in entry 239 of the bam file
2021-11-17 11:08:16,931 - WARNING - Not found cell and umi barcode in entry 266 of the bam file
2021-11-17 11:08:16,932 - WARNING - Not found cell and umi barcode in entry 339 of the bam file
2021-11-17 11:08:16,932 - WARNING - Not found cell and umi barcode in entry 349 of the bam file
2021-11-17 11:08:16,932 - WARNING - Not found cell and umi barcode in entry 356 of the bam file
2021-11-17 11:08:16,932 - WARNING - Not found cell and umi barcode in entry 391 of the bam file
2021-11-17 11:08:16,935 - WARNING - Not found cell and umi barcode in entry 750 of the bam file
2021-11-17 11:08:16,935 - WARNING - Not found cell and umi barcode in entry 759 of the bam file
2021-11-17 11:08:16,936 - WARNING - Not found cell and umi barcode in entry 809 of the bam file
2021-11-17 11:08:16,936 - WARNING - Not found cell and umi barcode in entry 829 of the bam file
2021-11-17 11:08:16,941 - WARNING - The file /research/peer/fdeckert/FD20200109SPLENO/data/BSA_0355_SM01_10x_SPLENO/OUT/COUNT/M2_CpG_Mac_transcriptome/cellsorted_possorted_genome_bam.bam already exists. The sorting step will be skipped and the existing file will be used.
2021-11-17 11:08:16,941 - INFO - Load the annotation from /research/peer/fdeckert/FD20200109SPLENO/data/mm10/cellranger/mm10-2020-A_build/gencode.vM23.primary_assembly.annotation.gtf.filtered
2021-11-17 11:08:27,091 - DEBUG - Parsing Chromosome GL456210.1 strand - [line 0]
2021-11-17 11:08:27,092 - DEBUG - Done with GL456210.1- [line 27]
2021-11-17 11:08:27,092 - DEBUG - Assigning indexes to genes
2021-11-17 11:08:27,093 - DEBUG - Seen 3 genes until now
2021-11-17 11:08:27,093 - DEBUG - Parsing Chromosome GL456210.1 strand + [line 28]
2021-11-17 11:08:27,093 - DEBUG - Done with GL456210.1+ [line 43]
2021-11-17 11:08:27,093 - DEBUG - Assigning indexes to genes
2021-11-17 11:08:27,093 - DEBUG - Seen 5 genes until now
2021-11-17 11:08:27,093 - DEBUG - Parsing Chromosome GL456211.1 strand - [line 44]
2021-11-17 11:08:27,094 - DEBUG - Done with GL456211.1- [line 74]
2021-11-17 11:08:27,094 - DEBUG - Assigning indexes to genes
2021-11-17 11:08:27,094 - DEBUG - Seen 9 genes until now
2021-11-17 11:08:27,094 - DEBUG - Parsing Chromosome GL456211.1 strand + [line 75]
2021-11-17 11:08:27,095 - DEBUG - Done with GL456211.1+ [line 101]
2021-11-17 11:08:27,095 - DEBUG - Assigning indexes to genes
2021-11-17 11:08:27,095 - DEBUG - Seen 11 genes until now
2021-11-17 11:08:27,095 - DEBUG - Parsing Chromosome GL456212.1 strand - [line 102]
2021-11-17 11:08:27,095 - DEBUG - Done with GL456212.1- [line 137]
2021-11-17 11:08:27,096 - DEBUG - Assigning indexes to genes
2021-11-17 11:08:27,096 - DEBUG - Seen 13 genes until now
2021-11-17 11:08:27,096 - DEBUG - Parsing Chromosome GL456216.1 strand + [line 138]
2021-11-17 11:08:27,096 - DEBUG - Done with GL456216.1+ [line 157]
2021-11-17 11:08:27,096 - DEBUG - Assigning indexes to genes
2021-11-17 11:08:27,096 - DEBUG - Seen 14 genes until now
2021-11-17 11:08:27,096 - DEBUG - Parsing Chromosome GL456219.1 strand - [line 158]
2021-11-17 11:08:27,097 - DEBUG - Done with GL456219.1- [line 171]
2021-11-17 11:08:27,097 - DEBUG - Assigning indexes to genes
2021-11-17 11:08:27,097 - DEBUG - Seen 16 genes until now
2021-11-17 11:08:27,097 - DEBUG - Parsing Chromosome GL456221.1 strand - [line 172]
2021-11-17 11:08:27,097 - DEBUG - Done with GL456221.1- [line 217]
2021-11-17 11:08:27,098 - DEBUG - Assigning indexes to genes
2021-11-17 11:08:27,098 - DEBUG - Seen 20 genes until now
2021-11-17 11:08:27,098 - DEBUG - Parsing Chromosome GL456221.1 strand + [line 218]
2021-11-17 11:08:27,098 - DEBUG - Done with GL456221.1+ [line 237]
2021-11-17 11:08:27,098 - DEBUG - Assigning indexes to genes
2021-11-17 11:08:27,098 - DEBUG - Seen 23 genes until now
2021-11-17 11:08:27,098 - DEBUG - Parsing Chromosome GL456233.1 strand - [line 238]
2021-11-17 11:08:27,099 - DEBUG - Done with GL456233.1- [line 269]
2021-11-17 11:08:27,099 - DEBUG - Assigning indexes to genes
2021-11-17 11:08:27,099 - DEBUG - Seen 25 genes until now
2021-11-17 11:08:27,099 - DEBUG - Parsing Chromosome GL456233.1 strand + [line 270]
2021-11-17 11:08:27,100 - DEBUG - Done with GL456233.1+ [line 300]
2021-11-17 11:08:27,100 - DEBUG - Assigning indexes to genes
2021-11-17 11:08:27,100 - DEBUG - Seen 27 genes until now
2021-11-17 11:08:27,100 - DEBUG - Parsing Chromosome GL456350.1 strand - [line 301]
2021-11-17 11:08:27,101 - DEBUG - Done with GL456350.1- [line 362]
2021-11-17 11:08:27,101 - DEBUG - Assigning indexes to genes
2021-11-17 11:08:27,101 - DEBUG - Seen 32 genes until now
2021-11-17 11:08:27,101 - DEBUG - Parsing Chromosome GL456354.1 strand - [line 363]
2021-11-17 11:08:27,101 - DEBUG - Done with GL456354.1- [line 398]
2021-11-17 11:08:27,101 - DEBUG - Assigning indexes to genes
2021-11-17 11:08:27,102 - DEBUG - Seen 35 genes until now
2021-11-17 11:08:27,102 - DEBUG - Parsing Chromosome GL456354.1 strand + [line 399]
2021-11-17 11:08:27,102 - DEBUG - Done with GL456354.1+ [line 420]
2021-11-17 11:08:27,102 - DEBUG - Assigning indexes to genes
2021-11-17 11:08:27,102 - DEBUG - Seen 37 genes until now
2021-11-17 11:08:27,102 - DEBUG - Parsing Chromosome JH584292.1 strand + [line 421]
2021-11-17 11:08:27,103 - DEBUG - Done with JH584292.1+ [line 496]
2021-11-17 11:08:27,103 - DEBUG - Assigning indexes to genes
2021-11-17 11:08:27,103 - DEBUG - Seen 38 genes until now
2021-11-17 11:08:27,103 - DEBUG - Parsing Chromosome JH584293.1 strand - [line 497]
2021-11-17 11:08:27,104 - DEBUG - Done with JH584293.1- [line 569]
2021-11-17 11:08:27,104 - DEBUG - Assigning indexes to genes
2021-11-17 11:08:27,104 - DEBUG - Seen 44 genes until now
2021-11-17 11:08:27,105 - DEBUG - Parsing Chromosome JH584293.1 strand + [line 570]
2021-11-17 11:08:27,105 - DEBUG - Done with JH584293.1+ [line 613]
2021-11-17 11:08:27,105 - DEBUG - Assigning indexes to genes
2021-11-17 11:08:27,105 - DEBUG - Seen 47 genes until now
2021-11-17 11:08:27,105 - DEBUG - Parsing Chromosome JH584294.1 strand - [line 614]
2021-11-17 11:08:27,106 - DEBUG - Done with JH584294.1- [line 681]
2021-11-17 11:08:27,106 - DEBUG - Assigning indexes to genes
2021-11-17 11:08:27,106 - DEBUG - Seen 51 genes until now
2021-11-17 11:08:27,106 - DEBUG - Parsing Chromosome JH584294.1 strand + [line 682]
2021-11-17 11:08:27,107 - DEBUG - Done with JH584294.1+ [line 708]
2021-11-17 11:08:27,107 - DEBUG - Assigning indexes to genes
2021-11-17 11:08:27,107 - DEBUG - Seen 53 genes until now
2021-11-17 11:08:27,107 - DEBUG - Parsing Chromosome JH584295.1 strand - [line 709]
2021-11-17 11:08:27,107 - DEBUG - Done with JH584295.1- [line 724]
2021-11-17 11:08:27,108 - DEBUG - Assigning indexes to genes
2021-11-17 11:08:27,108 - DEBUG - Seen 54 genes until now
2021-11-17 11:08:27,108 - DEBUG - Parsing Chromosome JH584296.1 strand - [line 725]
2021-11-17 11:08:27,108 - DEBUG - Done with JH584296.1- [line 755]
2021-11-17 11:08:27,108 - DEBUG - Assigning indexes to genes
2021-11-17 11:08:27,108 - DEBUG - Seen 57 genes until now
2021-11-17 11:08:27,108 - DEBUG - Parsing Chromosome JH584297.1 strand - [line 756]
2021-11-17 11:08:27,109 - DEBUG - Done with JH584297.1- [line 775]
2021-11-17 11:08:27,109 - DEBUG - Assigning indexes to genes
2021-11-17 11:08:27,109 - DEBUG - Seen 59 genes until now
2021-11-17 11:08:27,109 - DEBUG - Parsing Chromosome JH584297.1 strand + [line 776]
2021-11-17 11:08:27,109 - DEBUG - Done with JH584297.1+ [line 784]
2021-11-17 11:08:27,109 - DEBUG - Assigning indexes to genes
2021-11-17 11:08:27,109 - DEBUG - Seen 60 genes until now
2021-11-17 11:08:27,110 - DEBUG - Parsing Chromosome JH584298.1 strand - [line 785]
2021-11-17 11:08:27,110 - DEBUG - Done with JH584298.1- [line 795]
2021-11-17 11:08:27,110 - DEBUG - Assigning indexes to genes
2021-11-17 11:08:27,110 - DEBUG - Seen 61 genes until now
2021-11-17 11:08:27,110 - DEBUG - Parsing Chromosome JH584298.1 strand + [line 796]
2021-11-17 11:08:27,110 - DEBUG - Done with JH584298.1+ [line 817]
2021-11-17 11:08:27,111 - DEBUG - Assigning indexes to genes
2021-11-17 11:08:27,111 - DEBUG - Seen 63 genes until now
2021-11-17 11:08:27,111 - DEBUG - Parsing Chromosome JH584299.1 strand - [line 818]
2021-11-17 11:08:27,111 - DEBUG - Done with JH584299.1- [line 828]
2021-11-17 11:08:27,111 - DEBUG - Assigning indexes to genes
2021-11-17 11:08:27,111 - DEBUG - Seen 64 genes until now
2021-11-17 11:08:27,111 - DEBUG - Parsing Chromosome JH584299.1 strand + [line 829]
2021-11-17 11:08:27,112 - DEBUG - Done with JH584299.1+ [line 950]
2021-11-17 11:08:27,112 - DEBUG - Assigning indexes to genes
2021-11-17 11:08:27,113 - DEBUG - Seen 75 genes until now
2021-11-17 11:08:27,113 - DEBUG - Parsing Chromosome JH584303.1 strand + [line 951]
2021-11-17 11:08:27,113 - DEBUG - Done with JH584303.1+ [line 955]
2021-11-17 11:08:27,113 - DEBUG - Assigning indexes to genes
2021-11-17 11:08:27,113 - DEBUG - Seen 76 genes until now
2021-11-17 11:08:27,113 - DEBUG - Parsing Chromosome JH584304.1 strand - [line 956]
2021-11-17 11:08:27,114 - DEBUG - Done with JH584304.1- [line 988]
2021-11-17 11:08:27,114 - DEBUG - Assigning indexes to genes
2021-11-17 11:08:27,114 - DEBUG - Seen 77 genes until now
2021-11-17 11:08:27,114 - DEBUG - Parsing Chromosome 1 strand - [line 989]
2021-11-17 11:08:27,978 - DEBUG - Done with 1- [line 57063]
2021-11-17 11:08:27,978 - DEBUG - Assigning indexes to genes
2021-11-17 11:08:27,988 - DEBUG - Seen 966 genes until now
2021-11-17 11:08:27,988 - DEBUG - Parsing Chromosome 1 strand + [line 57064]
2021-11-17 11:08:28,761 - DEBUG - Done with 1+ [line 111842]
2021-11-17 11:08:28,762 - DEBUG - Assigning indexes to genes
2021-11-17 11:08:28,771 - DEBUG - Seen 1876 genes until now
2021-11-17 11:08:28,771 - DEBUG - Parsing Chromosome 10 strand - [line 111843]
2021-11-17 11:08:29,230 - DEBUG - Done with 10- [line 152030]
2021-11-17 11:08:29,230 - DEBUG - Assigning indexes to genes
2021-11-17 11:08:29,237 - DEBUG - Seen 2638 genes until now
2021-11-17 11:08:29,237 - DEBUG - Parsing Chromosome 10 strand + [line 152031]
2021-11-17 11:08:29,910 - DEBUG - Done with 10+ [line 194968]
2021-11-17 11:08:29,911 - DEBUG - Assigning indexes to genes
2021-11-17 11:08:29,919 - DEBUG - Seen 3448 genes until now
2021-11-17 11:08:29,919 - DEBUG - Parsing Chromosome 11 strand - [line 194969]
2021-11-17 11:08:30,630 - DEBUG - Done with 11- [line 257480]
2021-11-17 11:08:30,631 - DEBUG - Assigning indexes to genes
2021-11-17 11:08:30,642 - DEBUG - Seen 4518 genes until now
2021-11-17 11:08:30,642 - DEBUG - Parsing Chromosome 11 strand + [line 257481]
2021-11-17 11:08:31,663 - DEBUG - Done with 11+ [line 320172]
2021-11-17 11:08:31,663 - DEBUG - Assigning indexes to genes
2021-11-17 11:08:31,675 - DEBUG - Seen 5535 genes until now
2021-11-17 11:08:31,675 - DEBUG - Parsing Chromosome 12 strand - [line 320173]
2021-11-17 11:08:31,956 - DEBUG - Done with 12- [line 345502]
2021-11-17 11:08:31,957 - DEBUG - Assigning indexes to genes
2021-11-17 11:08:31,962 - DEBUG - Seen 6300 genes until now
2021-11-17 11:08:31,962 - DEBUG - Parsing Chromosome 12 strand + [line 345503]
2021-11-17 11:08:32,358 - DEBUG - Done with 12+ [line 380229]
2021-11-17 11:08:32,358 - DEBUG - Assigning indexes to genes
2021-11-17 11:08:32,365 - DEBUG - Seen 6877 genes until now
2021-11-17 11:08:32,365 - DEBUG - Parsing Chromosome 13 strand - [line 380230]
2021-11-17 11:08:32,747 - DEBUG - Done with 13- [line 414645]
2021-11-17 11:08:32,747 - DEBUG - Assigning indexes to genes
2021-11-17 11:08:32,755 - DEBUG - Seen 7611 genes until now
2021-11-17 11:08:32,755 - DEBUG - Parsing Chromosome 13 strand + [line 414646]
2021-11-17 11:08:33,053 - DEBUG - Done with 13+ [line 441742]
2021-11-17 11:08:33,053 - DEBUG - Assigning indexes to genes
2021-11-17 11:08:33,059 - DEBUG - Seen 8318 genes until now
2021-11-17 11:08:33,059 - DEBUG - Parsing Chromosome 14 strand - [line 441743]
2021-11-17 11:08:33,722 - DEBUG - Done with 14- [line 478634]
2021-11-17 11:08:33,722 - DEBUG - Assigning indexes to genes
2021-11-17 11:08:33,729 - DEBUG - Seen 9014 genes until now
2021-11-17 11:08:33,729 - DEBUG - Parsing Chromosome 14 strand + [line 478635]
2021-11-17 11:08:34,100 - DEBUG - Done with 14+ [line 512401]
2021-11-17 11:08:34,100 - DEBUG - Assigning indexes to genes
2021-11-17 11:08:34,107 - DEBUG - Seen 9849 genes until now
2021-11-17 11:08:34,107 - DEBUG - Parsing Chromosome 15 strand - [line 512402]
2021-11-17 11:08:34,521 - DEBUG - Done with 15- [line 549004]
2021-11-17 11:08:34,521 - DEBUG - Assigning indexes to genes
2021-11-17 11:08:34,527 - DEBUG - Seen 10439 genes until now
2021-11-17 11:08:34,528 - DEBUG - Parsing Chromosome 15 strand + [line 549005]
2021-11-17 11:08:34,875 - DEBUG - Done with 15+ [line 580047]
2021-11-17 11:08:34,875 - DEBUG - Assigning indexes to genes
2021-11-17 11:08:34,882 - DEBUG - Seen 10983 genes until now
2021-11-17 11:08:34,882 - DEBUG - Parsing Chromosome 16 strand - [line 580048]
2021-11-17 11:08:35,187 - DEBUG - Done with 16- [line 607192]
2021-11-17 11:08:35,188 - DEBUG - Assigning indexes to genes
2021-11-17 11:08:35,192 - DEBUG - Seen 11469 genes until now
2021-11-17 11:08:35,193 - DEBUG - Parsing Chromosome 16 strand + [line 607193]
2021-11-17 11:08:35,818 - DEBUG - Done with 16+ [line 637997]
2021-11-17 11:08:35,818 - DEBUG - Assigning indexes to genes
2021-11-17 11:08:35,823 - DEBUG - Seen 11933 genes until now
2021-11-17 11:08:35,823 - DEBUG - Parsing Chromosome 17 strand - [line 637998]
2021-11-17 11:08:36,316 - DEBUG - Done with 17- [line 681830]
2021-11-17 11:08:36,316 - DEBUG - Assigning indexes to genes
2021-11-17 11:08:36,324 - DEBUG - Seen 12652 genes until now
2021-11-17 11:08:36,324 - DEBUG - Parsing Chromosome 17 strand + [line 681831]
2021-11-17 11:08:36,849 - DEBUG - Done with 17+ [line 729330]
2021-11-17 11:08:36,849 - DEBUG - Assigning indexes to genes
2021-11-17 11:08:36,859 - DEBUG - Seen 13379 genes until now
2021-11-17 11:08:36,859 - DEBUG - Parsing Chromosome 18 strand - [line 729331]
2021-11-17 11:08:37,069 - DEBUG - Done with 18- [line 748063]
2021-11-17 11:08:37,070 - DEBUG - Assigning indexes to genes
2021-11-17 11:08:37,073 - DEBUG - Seen 13744 genes until now
2021-11-17 11:08:37,073 - DEBUG - Parsing Chromosome 18 strand + [line 748064]
2021-11-17 11:08:37,356 - DEBUG - Done with 18+ [line 774053]
2021-11-17 11:08:37,356 - DEBUG - Assigning indexes to genes
2021-11-17 11:08:37,360 - DEBUG - Seen 14196 genes until now
2021-11-17 11:08:37,360 - DEBUG - Parsing Chromosome 19 strand - [line 774054]
2021-11-17 11:08:37,723 - DEBUG - Done with 19- [line 806361]
2021-11-17 11:08:37,723 - DEBUG - Assigning indexes to genes
2021-11-17 11:08:37,728 - DEBUG - Seen 14666 genes until now
2021-11-17 11:08:37,729 - DEBUG - Parsing Chromosome 19 strand + [line 806362]
2021-11-17 11:08:38,040 - DEBUG - Done with 19+ [line 834536]
2021-11-17 11:08:38,041 - DEBUG - Assigning indexes to genes
2021-11-17 11:08:38,046 - DEBUG - Seen 15155 genes until now
2021-11-17 11:08:38,046 - DEBUG - Parsing Chromosome 2 strand - [line 834537]
2021-11-17 11:08:39,238 - DEBUG - Done with 2- [line 911094]
2021-11-17 11:08:39,238 - DEBUG - Assigning indexes to genes
2021-11-17 11:08:39,252 - DEBUG - Seen 16361 genes until now
2021-11-17 11:08:39,252 - DEBUG - Parsing Chromosome 2 strand + [line 911095]
2021-11-17 11:08:40,045 - DEBUG - Done with 2+ [line 982171]
2021-11-17 11:08:40,046 - DEBUG - Assigning indexes to genes
2021-11-17 11:08:40,060 - DEBUG - Seen 17581 genes until now
2021-11-17 11:08:40,060 - DEBUG - Parsing Chromosome 3 strand - [line 982172]
2021-11-17 11:08:40,496 - DEBUG - Done with 3- [line 1021471]
2021-11-17 11:08:40,496 - DEBUG - Assigning indexes to genes
2021-11-17 11:08:40,503 - DEBUG - Seen 18356 genes until now
2021-11-17 11:08:40,503 - DEBUG - Parsing Chromosome 3 strand + [line 1021472]
2021-11-17 11:08:40,983 - DEBUG - Done with 3+ [line 1065065]
2021-11-17 11:08:40,983 - DEBUG - Assigning indexes to genes
2021-11-17 11:08:40,991 - DEBUG - Seen 19102 genes until now
2021-11-17 11:08:40,991 - DEBUG - Parsing Chromosome 4 strand - [line 1065066]
2021-11-17 11:08:41,582 - DEBUG - Done with 4- [line 1117209]
2021-11-17 11:08:41,582 - DEBUG - Assigning indexes to genes
2021-11-17 11:08:41,592 - DEBUG - Seen 19972 genes until now
2021-11-17 11:08:41,592 - DEBUG - Parsing Chromosome 4 strand + [line 1117210]
2021-11-17 11:08:42,627 - DEBUG - Done with 4+ [line 1167049]
2021-11-17 11:08:42,628 - DEBUG - Assigning indexes to genes
2021-11-17 11:08:42,637 - DEBUG - Seen 20848 genes until now
2021-11-17 11:08:42,637 - DEBUG - Parsing Chromosome 5 strand - [line 1167050]
2021-11-17 11:08:43,291 - DEBUG - Done with 5- [line 1225395]
2021-11-17 11:08:43,292 - DEBUG - Assigning indexes to genes
2021-11-17 11:08:43,302 - DEBUG - Seen 21762 genes until now
2021-11-17 11:08:43,302 - DEBUG - Parsing Chromosome 5 strand + [line 1225396]
2021-11-17 11:08:43,963 - DEBUG - Done with 5+ [line 1284505]
2021-11-17 11:08:43,963 - DEBUG - Assigning indexes to genes
2021-11-17 11:08:43,976 - DEBUG - Seen 22701 genes until now
2021-11-17 11:08:43,977 - DEBUG - Parsing Chromosome 6 strand - [line 1284506]
2021-11-17 11:08:44,476 - DEBUG - Done with 6- [line 1330066]
2021-11-17 11:08:44,477 - DEBUG - Assigning indexes to genes
2021-11-17 11:08:44,485 - DEBUG - Seen 23564 genes until now
2021-11-17 11:08:44,485 - DEBUG - Parsing Chromosome 6 strand + [line 1330067]
2021-11-17 11:08:45,009 - DEBUG - Done with 6+ [line 1378331]
2021-11-17 11:08:45,009 - DEBUG - Assigning indexes to genes
2021-11-17 11:08:45,018 - DEBUG - Seen 24493 genes until now
2021-11-17 11:08:45,018 - DEBUG - Parsing Chromosome 7 strand - [line 1378332]
2021-11-17 11:08:45,820 - DEBUG - Done with 7- [line 1452549]
2021-11-17 11:08:45,821 - DEBUG - Assigning indexes to genes
2021-11-17 11:08:45,836 - DEBUG - Seen 25855 genes until now
2021-11-17 11:08:45,836 - DEBUG - Parsing Chromosome 7 strand + [line 1452550]
2021-11-17 11:08:47,057 - DEBUG - Done with 7+ [line 1523678]
2021-11-17 11:08:47,058 - DEBUG - Assigning indexes to genes
2021-11-17 11:08:47,072 - DEBUG - Seen 27096 genes until now
2021-11-17 11:08:47,072 - DEBUG - Parsing Chromosome 8 strand - [line 1523679]
2021-11-17 11:08:47,479 - DEBUG - Done with 8- [line 1559719]
2021-11-17 11:08:47,479 - DEBUG - Assigning indexes to genes
2021-11-17 11:08:47,486 - DEBUG - Seen 27820 genes until now
2021-11-17 11:08:47,486 - DEBUG - Parsing Chromosome 8 strand + [line 1559720]
2021-11-17 11:08:48,006 - DEBUG - Done with 8+ [line 1606795]
2021-11-17 11:08:48,006 - DEBUG - Assigning indexes to genes
2021-11-17 11:08:48,014 - DEBUG - Seen 28656 genes until now
2021-11-17 11:08:48,014 - DEBUG - Parsing Chromosome 9 strand - [line 1606796]
2021-11-17 11:08:48,614 - DEBUG - Done with 9- [line 1658478]
2021-11-17 11:08:48,615 - DEBUG - Assigning indexes to genes
2021-11-17 11:08:48,624 - DEBUG - Seen 29510 genes until now
2021-11-17 11:08:48,624 - DEBUG - Parsing Chromosome 9 strand + [line 1658479]
2021-11-17 11:08:49,230 - DEBUG - Done with 9+ [line 1712094]
2021-11-17 11:08:49,230 - DEBUG - Assigning indexes to genes
2021-11-17 11:08:49,241 - DEBUG - Seen 30441 genes until now
2021-11-17 11:08:49,242 - DEBUG - Parsing Chromosome M strand - [line 1712095]
2021-11-17 11:08:49,242 - DEBUG - Done with M- [line 1712101]
2021-11-17 11:08:49,242 - DEBUG - Assigning indexes to genes
2021-11-17 11:08:49,242 - DEBUG - Seen 30442 genes until now
2021-11-17 11:08:49,242 - DEBUG - Parsing Chromosome M strand + [line 1712102]
2021-11-17 11:08:49,243 - DEBUG - Done with M+ [line 1712175]
2021-11-17 11:08:49,243 - DEBUG - Assigning indexes to genes
2021-11-17 11:08:49,243 - DEBUG - Seen 30454 genes until now
2021-11-17 11:08:49,243 - DEBUG - Parsing Chromosome X strand - [line 1712176]
2021-11-17 11:08:49,545 - DEBUG - Done with X- [line 1739781]
2021-11-17 11:08:49,546 - DEBUG - Assigning indexes to genes
2021-11-17 11:08:49,550 - DEBUG - Seen 30981 genes until now
2021-11-17 11:08:49,550 - DEBUG - Parsing Chromosome X strand + [line 1739782]
2021-11-17 11:08:49,886 - DEBUG - Done with X+ [line 1770751]
2021-11-17 11:08:49,886 - DEBUG - Assigning indexes to genes
2021-11-17 11:08:49,892 - DEBUG - Seen 31560 genes until now
2021-11-17 11:08:49,892 - DEBUG - Parsing Chromosome Y strand - [line 1770752]
2021-11-17 11:08:49,946 - DEBUG - Done with Y- [line 1775246]
2021-11-17 11:08:49,946 - DEBUG - Assigning indexes to genes
2021-11-17 11:08:49,948 - DEBUG - Seen 31897 genes until now
2021-11-17 11:08:49,948 - DEBUG - Parsing Chromosome Y strand + [line 1775247]
2021-11-17 11:08:50,011 - DEBUG - Assigning indexes to genes
2021-11-17 11:08:50,013 - DEBUG - Done with Y+ [line 1780453]
2021-11-17 11:08:50,014 - DEBUG - Fixing corner cases of transcript models containg intron longer than 1000Kbp
2021-11-17 11:08:51,895 - DEBUG - Generated 1492231 features corresponding to 118153 transcript models from /research/peer/fdeckert/FD20200109SPLENO/data/mm10/cellranger/mm10-2020-A_build/gencode.vM23.primary_assembly.annotation.gtf.filtered
2021-11-17 11:08:51,915 - INFO - Load the repeat masking annotation from /research/peer/fdeckert/FD20200109SPLENO/data/mm10/cellranger/mm10-2020-A_build/mm10_rmsk.gtf
2021-11-17 11:08:51,916 - DEBUG - Reading /research/peer/fdeckert/FD20200109SPLENO/data/mm10/cellranger/mm10-2020-A_build/mm10_rmsk.gtf, the file will be sorted in memory
2021-11-17 11:09:45,408 - DEBUG - Processed masked annotation .gtf and generated 4252016 intervals to mask!
2021-11-17 11:09:45,802 - INFO - Scan /research/peer/fdeckert/FD20200109SPLENO/data/BSA_0355_SM01_10x_SPLENO/OUT/COUNT/M2_CpG_Mac_transcriptome/possorted_genome_bam.bam to validate intron intervals
2021-11-17 11:09:50,876 - DEBUG - Reading /research/peer/fdeckert/FD20200109SPLENO/data/BSA_0355_SM01_10x_SPLENO/OUT/COUNT/M2_CpG_Mac_transcriptome/possorted_genome_bam.bam
2021-11-17 11:09:50,892 - DEBUG - Read first 0 million reads
2021-11-17 11:09:50,893 - DEBUG - Marking up chromosome 1
2021-11-17 11:10:23,296 - DEBUG - Marking up chromosome 10
2021-11-17 11:10:49,989 - DEBUG - Marking up chromosome 11
2021-11-17 11:11:34,783 - DEBUG - Marking up chromosome 12
2021-11-17 11:11:54,059 - DEBUG - Marking up chromosome 13
2021-11-17 11:12:13,443 - DEBUG - Marking up chromosome 14
2021-11-17 11:12:34,245 - DEBUG - Marking up chromosome 15
2021-11-17 11:12:55,541 - DEBUG - Marking up chromosome 16
2021-11-17 11:13:10,979 - DEBUG - Marking up chromosome 17
2021-11-17 11:13:51,993 - DEBUG - Marking up chromosome 18
2021-11-17 11:14:04,801 - DEBUG - Read first 10 million reads
2021-11-17 11:14:10,287 - DEBUG - Marking up chromosome 19
2021-11-17 11:14:38,800 - DEBUG - Marking up chromosome 2
2021-11-17 11:15:21,340 - DEBUG - Marking up chromosome 3
2021-11-17 11:15:45,595 - DEBUG - Marking up chromosome 4
2021-11-17 11:16:16,575 - DEBUG - Marking up chromosome 5
2021-11-17 11:16:51,107 - DEBUG - Marking up chromosome 6
2021-11-17 11:17:18,424 - DEBUG - Marking up chromosome 7
2021-11-17 11:18:07,471 - DEBUG - Marking up chromosome 8
2021-11-17 11:18:26,439 - DEBUG - Read first 20 million reads
2021-11-17 11:18:31,261 - DEBUG - Marking up chromosome 9
2021-11-17 11:19:01,396 - DEBUG - Marking up chromosome MT
2021-11-17 11:19:01,450 - WARNING - The .bam file refers to a chromosome 'MT+' not present in the annotation (.gtf) file
2021-11-17 11:19:01,451 - WARNING - The .bam file refers to a chromosome 'MT-' not present in the annotation (.gtf) file
2021-11-17 11:19:07,616 - DEBUG - Marking up chromosome X
2021-11-17 11:19:31,006 - DEBUG - Marking up chromosome Y
2021-11-17 11:19:31,538 - DEBUG - Marking up chromosome JH584299.1
2021-11-17 11:19:31,540 - DEBUG - Marking up chromosome GL456233.1
2021-11-17 11:19:31,556 - DEBUG - Marking up chromosome GL456211.1
2021-11-17 11:19:31,588 - DEBUG - Marking up chromosome GL456221.1
2021-11-17 11:19:31,604 - DEBUG - Marking up chromosome JH584300.1
2021-11-17 11:19:31,605 - WARNING - The .bam file refers to a chromosome 'JH584300.1+' not present in the annotation (.gtf) file
2021-11-17 11:19:31,606 - WARNING - The .bam file refers to a chromosome 'JH584300.1-' not present in the annotation (.gtf) file
2021-11-17 11:19:31,651 - DEBUG - Marking up chromosome GL456210.1
2021-11-17 11:19:31,666 - DEBUG - Marking up chromosome GL456212.1
2021-11-17 11:19:31,666 - WARNING - The .bam file refers to a chromosome 'GL456212.1+' not present in the annotation (.gtf) file
2021-11-17 11:19:31,671 - DEBUG - Marking up chromosome JH584304.1
2021-11-17 11:19:31,671 - WARNING - The .bam file refers to a chromosome 'JH584304.1+' not present in the annotation (.gtf) file
2021-11-17 11:19:31,795 - DEBUG - Marking up chromosome GL456379.1
2021-11-17 11:19:31,795 - WARNING - The .bam file refers to a chromosome 'GL456379.1+' not present in the annotation (.gtf) file
2021-11-17 11:19:31,795 - WARNING - The .bam file refers to a chromosome 'GL456379.1-' not present in the annotation (.gtf) file
2021-11-17 11:19:31,796 - DEBUG - Marking up chromosome GL456216.1
2021-11-17 11:19:31,796 - WARNING - The .bam file refers to a chromosome 'GL456216.1-' not present in the annotation (.gtf) file
2021-11-17 11:19:31,822 - DEBUG - Marking up chromosome GL456239.1
2021-11-17 11:19:31,822 - WARNING - The .bam file refers to a chromosome 'GL456239.1+' not present in the annotation (.gtf) file
2021-11-17 11:19:31,822 - WARNING - The .bam file refers to a chromosome 'GL456239.1-' not present in the annotation (.gtf) file
2021-11-17 11:19:31,823 - DEBUG - Marking up chromosome GL456383.1
2021-11-17 11:19:31,823 - WARNING - The .bam file refers to a chromosome 'GL456383.1+' not present in the annotation (.gtf) file
2021-11-17 11:19:31,823 - WARNING - The .bam file refers to a chromosome 'GL456383.1-' not present in the annotation (.gtf) file
2021-11-17 11:19:31,823 - DEBUG - Marking up chromosome GL456378.1
2021-11-17 11:19:31,823 - WARNING - The .bam file refers to a chromosome 'GL456378.1+' not present in the annotation (.gtf) file
2021-11-17 11:19:31,824 - WARNING - The .bam file refers to a chromosome 'GL456378.1-' not present in the annotation (.gtf) file
2021-11-17 11:19:31,825 - DEBUG - Marking up chromosome GL456389.1
2021-11-17 11:19:31,825 - WARNING - The .bam file refers to a chromosome 'GL456389.1+' not present in the annotation (.gtf) file
2021-11-17 11:19:31,825 - WARNING - The .bam file refers to a chromosome 'GL456389.1-' not present in the annotation (.gtf) file
2021-11-17 11:19:31,825 - DEBUG - Marking up chromosome GL456372.1
2021-11-17 11:19:31,825 - WARNING - The .bam file refers to a chromosome 'GL456372.1+' not present in the annotation (.gtf) file
2021-11-17 11:19:31,825 - WARNING - The .bam file refers to a chromosome 'GL456372.1-' not present in the annotation (.gtf) file
2021-11-17 11:19:31,834 - DEBUG - Marking up chromosome GL456370.1
2021-11-17 11:19:31,834 - WARNING - The .bam file refers to a chromosome 'GL456370.1+' not present in the annotation (.gtf) file
2021-11-17 11:19:31,834 - WARNING - The .bam file refers to a chromosome 'GL456370.1-' not present in the annotation (.gtf) file
2021-11-17 11:19:31,841 - DEBUG - Marking up chromosome GL456392.1
2021-11-17 11:19:31,841 - WARNING - The .bam file refers to a chromosome 'GL456392.1+' not present in the annotation (.gtf) file
2021-11-17 11:19:31,842 - WARNING - The .bam file refers to a chromosome 'GL456392.1-' not present in the annotation (.gtf) file
2021-11-17 11:19:31,842 - DEBUG - Marking up chromosome GL456382.1
2021-11-17 11:19:31,842 - WARNING - The .bam file refers to a chromosome 'GL456382.1+' not present in the annotation (.gtf) file
2021-11-17 11:19:31,842 - WARNING - The .bam file refers to a chromosome 'GL456382.1-' not present in the annotation (.gtf) file
2021-11-17 11:19:31,911 - DEBUG - Marking up chromosome JH584295.1
2021-11-17 11:19:31,911 - WARNING - The .bam file refers to a chromosome 'JH584295.1+' not present in the annotation (.gtf) file
2021-11-17 11:19:54,492 - DEBUG - End of file. Reset index: start scanning from initial position.
2021-11-17 11:19:54,520 - DEBUG - 493998 reads were skipped because no apropiate cell or umi barcode was found
2021-11-17 11:19:54,520 - DEBUG - Start molecule counting!
2021-11-17 11:20:02,050 - DEBUG - Features available for chromosomes : ['GL456210.1-', 'GL456210.1+', 'GL456211.1-', 'GL456211.1+', 'GL456212.1-', 'GL456216.1+', 'GL456219.1-', 'GL456221.1-', 'GL456221.1+', 'GL456233.1-', 'GL456233.1+', 'GL456350.1-', 'GL456354.1-', 'GL456354.1+', 'JH584292.1+', 'JH584293.1-', 'JH584293.1+', 'JH584294.1-', 'JH584294.1+', 'JH584295.1-', 'JH584296.1-', 'JH584297.1-', 'JH584297.1+', 'JH584298.1-', 'JH584298.1+', 'JH584299.1-', 'JH584299.1+', 'JH584303.1+', 'JH584304.1-', '1-', '1+', '10-', '10+', '11-', '11+', '12-', '12+', '13-', '13+', '14-', '14+', '15-', '15+', '16-', '16+', '17-', '17+', '18-', '18+', '19-', '19+', '2-', '2+', '3-', '3+', '4-', '4+', '5-', '5+', '6-', '6+', '7-', '7+', '8-', '8+', '9-', '9+', 'M-', 'M+', 'X-', 'X+', 'Y-', 'Y+']
2021-11-17 11:20:02,051 - DEBUG - Mask available for chromosomes : ['1-', '1+', '10-', '10+', '11-', '11+', '12-', '12+', '13-', '13+', '14-', '14+', '15-', '15+', '16-', '16+', '17-', '17+', '18-', '18+', '19-', '19+', '1_GL456210_random-', '1_GL456210_random+', '1_GL456211_random-', '1_GL456211_random+', '1_GL456212_random-', '1_GL456212_random+', '1_GL456213_random-', '1_GL456213_random+', '1_GL456221_random-', '1_GL456221_random+', '2-', '2+', '3-', '3+', '4-', '4+', '4_GL456216_random-', '4_GL456216_random+', '4_GL456350_random-', '4_GL456350_random+', '4_JH584292_random-', '4_JH584292_random+', '4_JH584293_random-', '4_JH584293_random+', '4_JH584294_random-', '4_JH584294_random+', '4_JH584295_random+', '5-', '5+', '5_GL456354_random-', '5_GL456354_random+', '5_JH584296_random-', '5_JH584296_random+', '5_JH584297_random-', '5_JH584297_random+', '5_JH584298_random-', '5_JH584298_random+', '5_JH584299_random-', '5_JH584299_random+', '6-', '6+', '7-', '7+', '7_GL456219_random-', '7_GL456219_random+', '8-', '8+', '9-', '9+', 'M-', 'M+', 'Un_GL456239-', 'Un_GL456239+', 'Un_GL456359-', 'Un_GL456359+', 'Un_GL456360-', 'Un_GL456360+', 'Un_GL456366-', 'Un_GL456366+', 'Un_GL456367-', 'Un_GL456367+', 'Un_GL456368-', 'Un_GL456368+', 'Un_GL456370+', 'Un_GL456372-', 'Un_GL456372+', 'Un_GL456378-', 'Un_GL456378+', 'Un_GL456379-', 'Un_GL456379+', 'Un_GL456381-', 'Un_GL456381+', 'Un_GL456382-', 'Un_GL456382+', 'Un_GL456383-', 'Un_GL456383+', 'Un_GL456385-', 'Un_GL456385+', 'Un_GL456387-', 'Un_GL456387+', 'Un_GL456389-', 'Un_GL456389+', 'Un_GL456390-', 'Un_GL456390+', 'Un_GL456392-', 'Un_GL456392+', 'Un_GL456393-', 'Un_GL456393+', 'Un_GL456394-', 'Un_GL456394+', 'Un_GL456396-', 'Un_GL456396+', 'Un_JH584304-', 'Un_JH584304+', 'X-', 'X+', 'X_GL456233_random-', 'X_GL456233_random+', 'Y-', 'Y+', 'Y_JH584300_random-', 'Y_JH584300_random+', 'Y_JH584301_random-', 'Y_JH584301_random+', 'Y_JH584302_random-', 'Y_JH584302_random+', 'Y_JH584303_random-']
2021-11-17 11:20:02,051 - DEBUG - Summarizing the results of intron validation.
2021-11-17 11:20:02,644 - DEBUG - Validated 117547 introns (of which unique intervals 44209) out of 687039 total possible introns (considering each possible transcript models).
2021-11-17 11:20:02,652 - DEBUG - Reading /research/peer/fdeckert/FD20200109SPLENO/data/BSA_0355_SM01_10x_SPLENO/OUT/COUNT/M2_CpG_Mac_transcriptome/cellsorted_possorted_genome_bam.bam
2021-11-17 11:20:02,707 - DEBUG - Read first 0 million reads
2021-11-17 11:20:27,097 - DEBUG - Counting for batch 1, containing 100 cells and 322961 reads
2021-11-17 11:20:55,987 - DEBUG - 21058 reads not considered because fully enclosed in repeat masked regions
2021-11-17 11:21:17,632 - DEBUG - Counting for batch 2, containing 100 cells and 312004 reads
2021-11-17 11:21:48,423 - DEBUG - 20036 reads not considered because fully enclosed in repeat masked regions
2021-11-17 11:22:08,469 - DEBUG - Counting for batch 3, containing 100 cells and 284357 reads
2021-11-17 11:22:34,632 - DEBUG - 19443 reads not considered because fully enclosed in repeat masked regions
2021-11-17 11:22:56,254 - DEBUG - Counting for batch 4, containing 100 cells and 352995 reads
2021-11-17 11:23:26,076 - DEBUG - 22782 reads not considered because fully enclosed in repeat masked regions
2021-11-17 11:23:48,344 - DEBUG - Counting for batch 5, containing 100 cells and 289671 reads
2021-11-17 11:24:14,203 - DEBUG - 19910 reads not considered because fully enclosed in repeat masked regions
2021-11-17 11:24:35,522 - DEBUG - Counting for batch 6, containing 100 cells and 340716 reads
2021-11-17 11:25:06,556 - DEBUG - 21810 reads not considered because fully enclosed in repeat masked regions
2021-11-17 11:25:28,560 - DEBUG - Counting for batch 7, containing 100 cells and 325877 reads
2021-11-17 11:25:56,653 - DEBUG - 21426 reads not considered because fully enclosed in repeat masked regions
2021-11-17 11:26:19,259 - DEBUG - Counting for batch 8, containing 100 cells and 347738 reads
2021-11-17 11:26:50,885 - DEBUG - 22087 reads not considered because fully enclosed in repeat masked regions
2021-11-17 11:27:14,097 - DEBUG - Counting for batch 9, containing 100 cells and 352892 reads
2021-11-17 11:27:43,725 - DEBUG - 23443 reads not considered because fully enclosed in repeat masked regions
2021-11-17 11:28:06,360 - DEBUG - Counting for batch 10, containing 100 cells and 337367 reads
2021-11-17 11:28:37,090 - DEBUG - 21753 reads not considered because fully enclosed in repeat masked regions
2021-11-17 11:28:58,534 - DEBUG - Counting for batch 11, containing 100 cells and 319677 reads
2021-11-17 11:29:25,961 - DEBUG - 22404 reads not considered because fully enclosed in repeat masked regions
2021-11-17 11:29:48,380 - DEBUG - Counting for batch 12, containing 100 cells and 357934 reads
2021-11-17 11:30:20,447 - DEBUG - 23723 reads not considered because fully enclosed in repeat masked regions
2021-11-17 11:30:29,332 - DEBUG - Read first 10 million reads
2021-11-17 11:30:42,811 - DEBUG - Counting for batch 13, containing 100 cells and 323245 reads
2021-11-17 11:31:11,069 - DEBUG - 21557 reads not considered because fully enclosed in repeat masked regions
2021-11-17 11:31:35,450 - DEBUG - Counting for batch 14, containing 100 cells and 354250 reads
2021-11-17 11:32:05,638 - DEBUG - 22689 reads not considered because fully enclosed in repeat masked regions
2021-11-17 11:32:28,561 - DEBUG - Counting for batch 15, containing 100 cells and 300681 reads
2021-11-17 11:32:55,407 - DEBUG - 19708 reads not considered because fully enclosed in repeat masked regions
2021-11-17 11:33:16,098 - DEBUG - Counting for batch 16, containing 100 cells and 319538 reads
2021-11-17 11:33:43,822 - DEBUG - 21803 reads not considered because fully enclosed in repeat masked regions
2021-11-17 11:34:09,986 - DEBUG - Counting for batch 17, containing 100 cells and 403361 reads
2021-11-17 11:34:43,227 - DEBUG - 25117 reads not considered because fully enclosed in repeat masked regions
2021-11-17 11:35:10,193 - DEBUG - Counting for batch 18, containing 100 cells and 381127 reads
2021-11-17 11:35:42,687 - DEBUG - 23294 reads not considered because fully enclosed in repeat masked regions
2021-11-17 11:36:06,094 - DEBUG - Counting for batch 19, containing 100 cells and 324615 reads
2021-11-17 11:36:35,929 - DEBUG - 22864 reads not considered because fully enclosed in repeat masked regions
2021-11-17 11:36:57,433 - DEBUG - Counting for batch 20, containing 100 cells and 345081 reads
2021-11-17 11:37:26,942 - DEBUG - 22558 reads not considered because fully enclosed in repeat masked regions
2021-11-17 11:37:52,132 - DEBUG - Counting for batch 21, containing 100 cells and 371946 reads
2021-11-17 11:38:23,667 - DEBUG - 23296 reads not considered because fully enclosed in repeat masked regions
2021-11-17 11:38:48,561 - DEBUG - Counting for batch 22, containing 100 cells and 344007 reads
2021-11-17 11:39:17,917 - DEBUG - 22241 reads not considered because fully enclosed in repeat masked regions
2021-11-17 11:39:40,011 - DEBUG - Counting for batch 23, containing 100 cells and 340336 reads
2021-11-17 11:40:11,776 - DEBUG - 21999 reads not considered because fully enclosed in repeat masked regions
2021-11-17 11:40:32,906 - DEBUG - Counting for batch 24, containing 100 cells and 298702 reads
2021-11-17 11:41:00,145 - DEBUG - 21243 reads not considered because fully enclosed in repeat masked regions
2021-11-17 11:41:19,738 - DEBUG - Counting for batch 25, containing 100 cells and 297280 reads
2021-11-17 11:41:46,162 - DEBUG - 19298 reads not considered because fully enclosed in repeat masked regions
2021-11-17 11:41:58,233 - DEBUG - Read first 20 million reads
2021-11-17 11:42:08,776 - DEBUG - Counting for batch 26, containing 100 cells and 331403 reads
2021-11-17 11:42:37,308 - DEBUG - 21726 reads not considered because fully enclosed in repeat masked regions
2021-11-17 11:42:59,198 - DEBUG - Counting for batch 27, containing 100 cells and 341796 reads
2021-11-17 11:43:30,412 - DEBUG - 22864 reads not considered because fully enclosed in repeat masked regions
2021-11-17 11:43:53,080 - DEBUG - Counting for batch 28, containing 100 cells and 351820 reads
2021-11-17 11:44:23,795 - DEBUG - 23091 reads not considered because fully enclosed in repeat masked regions
2021-11-17 11:44:47,166 - DEBUG - Counting for batch 29, containing 100 cells and 306336 reads
2021-11-17 11:45:14,673 - DEBUG - 21185 reads not considered because fully enclosed in repeat masked regions
2021-11-17 11:45:35,855 - DEBUG - Counting for batch 30, containing 100 cells and 333088 reads
2021-11-17 11:46:06,355 - DEBUG - 23050 reads not considered because fully enclosed in repeat masked regions
2021-11-17 11:46:27,403 - DEBUG - Counting for batch 31, containing 100 cells and 314845 reads
2021-11-17 11:46:55,250 - DEBUG - 20636 reads not considered because fully enclosed in repeat masked regions
2021-11-17 11:47:16,069 - DEBUG - Counting for batch 32, containing 100 cells and 327116 reads
2021-11-17 11:47:46,393 - DEBUG - 21625 reads not considered because fully enclosed in repeat masked regions
2021-11-17 11:48:07,852 - DEBUG - Counting for batch 33, containing 100 cells and 328717 reads
2021-11-17 11:48:37,008 - DEBUG - 21368 reads not considered because fully enclosed in repeat masked regions
2021-11-17 11:48:57,369 - DEBUG - Counting for batch 34, containing 100 cells and 300066 reads
2021-11-17 11:49:23,942 - DEBUG - 19275 reads not considered because fully enclosed in repeat masked regions
2021-11-17 11:49:47,530 - DEBUG - Counting for batch 35, containing 100 cells and 347054 reads
2021-11-17 11:50:18,053 - DEBUG - 22742 reads not considered because fully enclosed in repeat masked regions
2021-11-17 11:50:43,222 - DEBUG - Counting for batch 36, containing 100 cells and 391937 reads
2021-11-17 11:51:17,751 - DEBUG - 24834 reads not considered because fully enclosed in repeat masked regions
2021-11-17 11:51:35,135 - DEBUG - Counting for batch 37, containing 61 cells and 180342 reads
2021-11-17 11:51:53,996 - DEBUG - 11587 reads not considered because fully enclosed in repeat masked regions
2021-11-17 11:51:58,266 - DEBUG - 493998 reads were skipped because no apropiate cell or umi barcode was found
2021-11-17 11:51:58,277 - DEBUG - Counting done!
2021-11-17 11:51:58,346 - DEBUG - Generating output file data/BSA_0355_SM01_10x_SPLENO/OUT/COUNT/M2_CpG_Mac_transcriptome/velocyto.loom
2021-11-17 11:51:58,346 - DEBUG - Collecting row attributes
2021-11-17 11:51:58,561 - DEBUG - Generating data table
2021-11-17 11:51:59,836 - DEBUG - Writing loom file
2021-11-17 11:52:02,043 - DEBUG - Creating converter from 5 to 3
2021-11-17 11:52:02,285 - DEBUG - Creating converter from 3 to 5
2021-11-17 11:52:13,214 - DEBUG - Terminated Succesfully!
