2021-06-08 12:29:57,764 - DEBUG - Using logic: ValidatedIntrons10X
2021-06-08 12:29:57,769 - INFO - Read 1442 cell barcodes from /research/peer/fdeckert/FD20200109SPLENO/data/BSA_0355_SM01_10x_SPLENO/OUT/COUNT/M6_control_Prog_transcriptome/filtered_feature_bc_matrix/barcodes.qc.tsv
2021-06-08 12:29:57,769 - DEBUG - Example of barcode: AAACCCACACCAACAT and cell_id: qc:AAACCCACACCAACAT-1_6
2021-06-08 12:29:57,785 - DEBUG - Peeking into /research/peer/fdeckert/FD20200109SPLENO/data/BSA_0355_SM01_10x_SPLENO/OUT/COUNT/M6_control_Prog_transcriptome/possorted_genome_bam.bam
2021-06-08 12:29:57,808 - WARNING - Not found cell and umi barcode in entry 44 of the bam file
2021-06-08 12:29:57,808 - WARNING - Not found cell and umi barcode in entry 75 of the bam file
2021-06-08 12:29:57,809 - WARNING - Not found cell and umi barcode in entry 149 of the bam file
2021-06-08 12:29:57,809 - WARNING - Not found cell and umi barcode in entry 247 of the bam file
2021-06-08 12:29:57,809 - WARNING - Not found cell and umi barcode in entry 248 of the bam file
2021-06-08 12:29:57,810 - WARNING - Not found cell and umi barcode in entry 379 of the bam file
2021-06-08 12:29:57,812 - WARNING - Not found cell and umi barcode in entry 536 of the bam file
2021-06-08 12:29:57,812 - WARNING - Not found cell and umi barcode in entry 537 of the bam file
2021-06-08 12:29:57,812 - WARNING - Not found cell and umi barcode in entry 538 of the bam file
2021-06-08 12:29:57,812 - WARNING - Not found cell and umi barcode in entry 539 of the bam file
2021-06-08 12:29:57,812 - WARNING - Not found cell and umi barcode in entry 540 of the bam file
2021-06-08 12:29:57,813 - WARNING - Not found cell and umi barcode in entry 729 of the bam file
2021-06-08 12:29:57,814 - WARNING - Not found cell and umi barcode in entry 846 of the bam file
2021-06-08 12:29:57,814 - WARNING - Not found cell and umi barcode in entry 852 of the bam file
2021-06-08 12:29:57,815 - WARNING - Not found cell and umi barcode in entry 925 of the bam file
2021-06-08 12:29:57,815 - WARNING - Not found cell and umi barcode in entry 938 of the bam file
2021-06-08 12:29:57,816 - WARNING - Not found cell and umi barcode in entry 1011 of the bam file
2021-06-08 12:29:57,816 - WARNING - Not found cell and umi barcode in entry 1012 of the bam file
2021-06-08 12:29:57,839 - INFO - Starting the sorting process of /research/peer/fdeckert/FD20200109SPLENO/data/BSA_0355_SM01_10x_SPLENO/OUT/COUNT/M6_control_Prog_transcriptome/possorted_genome_bam.bam the output will be at: /research/peer/fdeckert/FD20200109SPLENO/data/BSA_0355_SM01_10x_SPLENO/OUT/COUNT/M6_control_Prog_transcriptome/cellsorted_possorted_genome_bam.bam
2021-06-08 12:29:57,839 - INFO - Command being run is: samtools sort -l 7 -m 100M -t CB -O BAM -@ 10 -o /research/peer/fdeckert/FD20200109SPLENO/data/BSA_0355_SM01_10x_SPLENO/OUT/COUNT/M6_control_Prog_transcriptome/cellsorted_possorted_genome_bam.bam /research/peer/fdeckert/FD20200109SPLENO/data/BSA_0355_SM01_10x_SPLENO/OUT/COUNT/M6_control_Prog_transcriptome/possorted_genome_bam.bam
2021-06-08 12:29:57,839 - INFO - While the bam sorting happens do other things...
2021-06-08 12:29:57,840 - INFO - Load the annotation from /research/peer/fdeckert/FD20200109SPLENO/data/mm10/cellranger/Mus_musculus.GRCm38.93.filtered.gtf
2021-06-08 12:30:44,501 - DEBUG - Parsing Chromosome 1 strand - [line 0]
2021-06-08 12:30:48,324 - DEBUG - Done with 1- [line 55263]
2021-06-08 12:30:48,324 - DEBUG - Assigning indexes to genes
2021-06-08 12:30:48,401 - DEBUG - Seen 852 genes until now
2021-06-08 12:30:48,401 - DEBUG - Parsing Chromosome 1 strand + [line 55264]
2021-06-08 12:30:55,791 - DEBUG - Done with 1+ [line 108827]
2021-06-08 12:30:55,792 - DEBUG - Assigning indexes to genes
2021-06-08 12:30:55,870 - DEBUG - Seen 1744 genes until now
2021-06-08 12:30:55,870 - DEBUG - Parsing Chromosome 10 strand - [line 108828]
2021-06-08 12:30:59,844 - DEBUG - Done with 10- [line 148287]
2021-06-08 12:30:59,844 - DEBUG - Assigning indexes to genes
2021-06-08 12:30:59,923 - DEBUG - Seen 2492 genes until now
2021-06-08 12:30:59,924 - DEBUG - Parsing Chromosome 10 strand + [line 148288]
2021-06-08 12:31:02,415 - DEBUG - Done with 10+ [line 190661]
2021-06-08 12:31:02,416 - DEBUG - Assigning indexes to genes
2021-06-08 12:31:02,440 - DEBUG - Seen 3285 genes until now
2021-06-08 12:31:02,440 - DEBUG - Parsing Chromosome 11 strand - [line 190662]
2021-06-08 12:31:05,145 - DEBUG - Done with 11- [line 252011]
2021-06-08 12:31:05,146 - DEBUG - Assigning indexes to genes
2021-06-08 12:31:05,180 - DEBUG - Seen 4335 genes until now
2021-06-08 12:31:05,181 - DEBUG - Parsing Chromosome 11 strand + [line 252012]
2021-06-08 12:31:08,726 - DEBUG - Done with 11+ [line 314062]
2021-06-08 12:31:08,746 - DEBUG - Assigning indexes to genes
2021-06-08 12:31:08,824 - DEBUG - Seen 5320 genes until now
2021-06-08 12:31:08,825 - DEBUG - Parsing Chromosome 12 strand - [line 314063]
2021-06-08 12:31:10,982 - DEBUG - Done with 12- [line 338958]
2021-06-08 12:31:10,982 - DEBUG - Assigning indexes to genes
2021-06-08 12:31:11,047 - DEBUG - Seen 6056 genes until now
2021-06-08 12:31:11,048 - DEBUG - Parsing Chromosome 12 strand + [line 338959]
2021-06-08 12:31:14,581 - DEBUG - Done with 12+ [line 372787]
2021-06-08 12:31:14,582 - DEBUG - Assigning indexes to genes
2021-06-08 12:31:14,633 - DEBUG - Seen 6615 genes until now
2021-06-08 12:31:14,633 - DEBUG - Parsing Chromosome 13 strand - [line 372788]
2021-06-08 12:31:17,893 - DEBUG - Done with 13- [line 406792]
2021-06-08 12:31:17,894 - DEBUG - Assigning indexes to genes
2021-06-08 12:31:17,967 - DEBUG - Seen 7339 genes until now
2021-06-08 12:31:17,967 - DEBUG - Parsing Chromosome 13 strand + [line 406793]
2021-06-08 12:31:20,492 - DEBUG - Done with 13+ [line 433455]
2021-06-08 12:31:20,493 - DEBUG - Assigning indexes to genes
2021-06-08 12:31:20,565 - DEBUG - Seen 8023 genes until now
2021-06-08 12:31:20,566 - DEBUG - Parsing Chromosome 14 strand - [line 433456]
2021-06-08 12:31:24,065 - DEBUG - Done with 14- [line 469680]
2021-06-08 12:31:24,065 - DEBUG - Assigning indexes to genes
2021-06-08 12:31:24,097 - DEBUG - Seen 8704 genes until now
2021-06-08 12:31:24,097 - DEBUG - Parsing Chromosome 14 strand + [line 469681]
2021-06-08 12:31:25,136 - DEBUG - Done with 14+ [line 502857]
2021-06-08 12:31:25,137 - DEBUG - Assigning indexes to genes
2021-06-08 12:31:25,159 - DEBUG - Seen 9518 genes until now
2021-06-08 12:31:25,159 - DEBUG - Parsing Chromosome 15 strand - [line 502858]
2021-06-08 12:31:26,499 - DEBUG - Done with 15- [line 539049]
2021-06-08 12:31:26,500 - DEBUG - Assigning indexes to genes
2021-06-08 12:31:26,515 - DEBUG - Seen 10092 genes until now
2021-06-08 12:31:26,515 - DEBUG - Parsing Chromosome 15 strand + [line 539050]
2021-06-08 12:31:27,547 - DEBUG - Done with 15+ [line 569723]
2021-06-08 12:31:27,548 - DEBUG - Assigning indexes to genes
2021-06-08 12:31:27,568 - DEBUG - Seen 10616 genes until now
2021-06-08 12:31:27,568 - DEBUG - Parsing Chromosome 16 strand - [line 569724]
2021-06-08 12:31:28,590 - DEBUG - Done with 16- [line 596286]
2021-06-08 12:31:28,590 - DEBUG - Assigning indexes to genes
2021-06-08 12:31:28,605 - DEBUG - Seen 11093 genes until now
2021-06-08 12:31:28,605 - DEBUG - Parsing Chromosome 16 strand + [line 596287]
2021-06-08 12:31:33,224 - DEBUG - Done with 16+ [line 626571]
2021-06-08 12:31:33,224 - DEBUG - Assigning indexes to genes
2021-06-08 12:31:33,279 - DEBUG - Seen 11545 genes until now
2021-06-08 12:31:33,279 - DEBUG - Parsing Chromosome 17 strand - [line 626572]
2021-06-08 12:31:36,796 - DEBUG - Done with 17- [line 659846]
2021-06-08 12:31:36,814 - DEBUG - Assigning indexes to genes
2021-06-08 12:31:36,873 - DEBUG - Seen 12152 genes until now
2021-06-08 12:31:36,873 - DEBUG - Parsing Chromosome 17 strand + [line 659847]
2021-06-08 12:31:40,677 - DEBUG - Done with 17+ [line 696472]
2021-06-08 12:31:40,678 - DEBUG - Assigning indexes to genes
2021-06-08 12:31:40,766 - DEBUG - Seen 12800 genes until now
2021-06-08 12:31:40,766 - DEBUG - Parsing Chromosome 18 strand - [line 696473]
2021-06-08 12:31:42,168 - DEBUG - Done with 18- [line 709486]
2021-06-08 12:31:42,169 - DEBUG - Assigning indexes to genes
2021-06-08 12:31:42,193 - DEBUG - Seen 13059 genes until now
2021-06-08 12:31:42,193 - DEBUG - Parsing Chromosome 18 strand + [line 709487]
2021-06-08 12:31:43,384 - DEBUG - Done with 18+ [line 728027]
2021-06-08 12:31:43,385 - DEBUG - Assigning indexes to genes
2021-06-08 12:31:43,396 - DEBUG - Seen 13409 genes until now
2021-06-08 12:31:43,397 - DEBUG - Parsing Chromosome 19 strand - [line 728028]
2021-06-08 12:31:44,187 - DEBUG - Done with 19- [line 752316]
2021-06-08 12:31:44,188 - DEBUG - Assigning indexes to genes
2021-06-08 12:31:44,202 - DEBUG - Seen 13815 genes until now
2021-06-08 12:31:44,202 - DEBUG - Parsing Chromosome 19 strand + [line 752317]
2021-06-08 12:31:44,989 - DEBUG - Done with 19+ [line 773600]
2021-06-08 12:31:44,989 - DEBUG - Assigning indexes to genes
2021-06-08 12:31:44,999 - DEBUG - Seen 14224 genes until now
2021-06-08 12:31:44,999 - DEBUG - Parsing Chromosome 2 strand - [line 773601]
2021-06-08 12:31:48,065 - DEBUG - Done with 2- [line 848821]
2021-06-08 12:31:48,066 - DEBUG - Assigning indexes to genes
2021-06-08 12:31:49,195 - DEBUG - Seen 15398 genes until now
2021-06-08 12:31:49,196 - DEBUG - Parsing Chromosome 2 strand + [line 848822]
2021-06-08 12:31:55,792 - DEBUG - Done with 2+ [line 918704]
2021-06-08 12:31:55,792 - DEBUG - Assigning indexes to genes
2021-06-08 12:31:55,931 - DEBUG - Seen 16582 genes until now
2021-06-08 12:31:55,931 - DEBUG - Parsing Chromosome 3 strand - [line 918705]
2021-06-08 12:31:59,899 - DEBUG - Done with 3- [line 957202]
2021-06-08 12:31:59,899 - DEBUG - Assigning indexes to genes
2021-06-08 12:31:59,986 - DEBUG - Seen 17302 genes until now
2021-06-08 12:31:59,986 - DEBUG - Parsing Chromosome 3 strand + [line 957203]
2021-06-08 12:32:04,228 - DEBUG - Done with 3+ [line 1000138]
2021-06-08 12:32:04,228 - DEBUG - Assigning indexes to genes
2021-06-08 12:32:04,282 - DEBUG - Seen 18021 genes until now
2021-06-08 12:32:04,283 - DEBUG - Parsing Chromosome 4 strand - [line 1000139]
2021-06-08 12:32:05,847 - DEBUG - Done with 4- [line 1050727]
2021-06-08 12:32:05,848 - DEBUG - Assigning indexes to genes
2021-06-08 12:32:05,874 - DEBUG - Seen 18875 genes until now
2021-06-08 12:32:05,874 - DEBUG - Parsing Chromosome 4 strand + [line 1050728]
2021-06-08 12:32:07,696 - DEBUG - Done with 4+ [line 1099723]
2021-06-08 12:32:07,696 - DEBUG - Assigning indexes to genes
2021-06-08 12:32:07,713 - DEBUG - Seen 19731 genes until now
2021-06-08 12:32:07,713 - DEBUG - Parsing Chromosome 5 strand - [line 1099724]
2021-06-08 12:32:11,785 - DEBUG - Done with 5- [line 1157394]
2021-06-08 12:32:11,786 - DEBUG - Assigning indexes to genes
2021-06-08 12:32:11,877 - DEBUG - Seen 20622 genes until now
2021-06-08 12:32:11,878 - DEBUG - Parsing Chromosome 5 strand + [line 1157395]
2021-06-08 12:32:18,019 - DEBUG - Done with 5+ [line 1215626]
2021-06-08 12:32:18,019 - DEBUG - Assigning indexes to genes
2021-06-08 12:32:18,139 - DEBUG - Seen 21539 genes until now
2021-06-08 12:32:18,140 - DEBUG - Parsing Chromosome 6 strand - [line 1215627]
2021-06-08 12:32:22,916 - DEBUG - Done with 6- [line 1260326]
2021-06-08 12:32:22,916 - DEBUG - Assigning indexes to genes
2021-06-08 12:32:23,004 - DEBUG - Seen 22385 genes until now
2021-06-08 12:32:23,004 - DEBUG - Parsing Chromosome 6 strand + [line 1260327]
2021-06-08 12:32:26,002 - DEBUG - Done with 6+ [line 1307744]
2021-06-08 12:32:26,003 - DEBUG - Assigning indexes to genes
2021-06-08 12:32:26,047 - DEBUG - Seen 23304 genes until now
2021-06-08 12:32:26,047 - DEBUG - Parsing Chromosome 7 strand - [line 1307745]
2021-06-08 12:32:28,538 - DEBUG - Done with 7- [line 1379880]
2021-06-08 12:32:28,539 - DEBUG - Assigning indexes to genes
2021-06-08 12:32:28,578 - DEBUG - Seen 24656 genes until now
2021-06-08 12:32:28,578 - DEBUG - Parsing Chromosome 7 strand + [line 1379881]
2021-06-08 12:32:31,424 - DEBUG - Done with 7+ [line 1450335]
2021-06-08 12:32:31,424 - DEBUG - Assigning indexes to genes
2021-06-08 12:32:31,504 - DEBUG - Seen 25873 genes until now
2021-06-08 12:32:31,506 - DEBUG - Parsing Chromosome 8 strand - [line 1450336]
2021-06-08 12:32:38,076 - DEBUG - Done with 8- [line 1485523]
2021-06-08 12:32:38,077 - DEBUG - Assigning indexes to genes
2021-06-08 12:32:38,149 - DEBUG - Seen 26580 genes until now
2021-06-08 12:32:38,150 - DEBUG - Parsing Chromosome 8 strand + [line 1485524]
2021-06-08 12:32:42,824 - DEBUG - Done with 8+ [line 1531960]
2021-06-08 12:32:42,824 - DEBUG - Assigning indexes to genes
2021-06-08 12:32:42,905 - DEBUG - Seen 27398 genes until now
2021-06-08 12:32:42,930 - DEBUG - Parsing Chromosome 9 strand - [line 1531961]
2021-06-08 12:32:47,358 - DEBUG - Done with 9- [line 1583207]
2021-06-08 12:32:47,359 - DEBUG - Assigning indexes to genes
2021-06-08 12:32:47,375 - DEBUG - Seen 28230 genes until now
2021-06-08 12:32:47,375 - DEBUG - Parsing Chromosome 9 strand + [line 1583208]
2021-06-08 12:32:49,237 - DEBUG - Done with 9+ [line 1635954]
2021-06-08 12:32:49,242 - DEBUG - Assigning indexes to genes
2021-06-08 12:32:49,269 - DEBUG - Seen 29142 genes until now
2021-06-08 12:32:49,269 - DEBUG - Parsing Chromosome GL456210.1 strand - [line 1635955]
2021-06-08 12:32:49,270 - DEBUG - Done with GL456210.1- [line 1635981]
2021-06-08 12:32:49,270 - DEBUG - Assigning indexes to genes
2021-06-08 12:32:49,270 - DEBUG - Seen 29145 genes until now
2021-06-08 12:32:49,270 - DEBUG - Parsing Chromosome GL456210.1 strand + [line 1635982]
2021-06-08 12:32:49,271 - DEBUG - Done with GL456210.1+ [line 1635996]
2021-06-08 12:32:49,271 - DEBUG - Assigning indexes to genes
2021-06-08 12:32:49,271 - DEBUG - Seen 29147 genes until now
2021-06-08 12:32:49,271 - DEBUG - Parsing Chromosome GL456211.1 strand - [line 1635997]
2021-06-08 12:32:49,272 - DEBUG - Done with GL456211.1- [line 1636024]
2021-06-08 12:32:49,272 - DEBUG - Assigning indexes to genes
2021-06-08 12:32:49,272 - DEBUG - Seen 29151 genes until now
2021-06-08 12:32:49,273 - DEBUG - Parsing Chromosome GL456211.1 strand + [line 1636025]
2021-06-08 12:32:49,273 - DEBUG - Done with GL456211.1+ [line 1636050]
2021-06-08 12:32:49,273 - DEBUG - Assigning indexes to genes
2021-06-08 12:32:49,274 - DEBUG - Seen 29153 genes until now
2021-06-08 12:32:49,274 - DEBUG - Parsing Chromosome GL456212.1 strand - [line 1636051]
2021-06-08 12:32:49,280 - DEBUG - Done with GL456212.1- [line 1636086]
2021-06-08 12:32:49,280 - DEBUG - Assigning indexes to genes
2021-06-08 12:32:49,280 - DEBUG - Seen 29155 genes until now
2021-06-08 12:32:49,280 - DEBUG - Parsing Chromosome GL456216.1 strand + [line 1636087]
2021-06-08 12:32:49,281 - DEBUG - Done with GL456216.1+ [line 1636106]
2021-06-08 12:32:49,281 - DEBUG - Assigning indexes to genes
2021-06-08 12:32:49,281 - DEBUG - Seen 29156 genes until now
2021-06-08 12:32:49,281 - DEBUG - Parsing Chromosome GL456219.1 strand - [line 1636107]
2021-06-08 12:32:49,281 - DEBUG - Done with GL456219.1- [line 1636118]
2021-06-08 12:32:49,282 - DEBUG - Assigning indexes to genes
2021-06-08 12:32:49,286 - DEBUG - Seen 29158 genes until now
2021-06-08 12:32:49,286 - DEBUG - Parsing Chromosome GL456221.1 strand - [line 1636119]
2021-06-08 12:32:49,287 - DEBUG - Done with GL456221.1- [line 1636162]
2021-06-08 12:32:49,287 - DEBUG - Assigning indexes to genes
2021-06-08 12:32:49,287 - DEBUG - Seen 29162 genes until now
2021-06-08 12:32:49,287 - DEBUG - Parsing Chromosome GL456221.1 strand + [line 1636163]
2021-06-08 12:32:49,288 - DEBUG - Done with GL456221.1+ [line 1636181]
2021-06-08 12:32:49,288 - DEBUG - Assigning indexes to genes
2021-06-08 12:32:49,288 - DEBUG - Seen 29165 genes until now
2021-06-08 12:32:49,288 - DEBUG - Parsing Chromosome GL456233.1 strand - [line 1636182]
2021-06-08 12:32:49,289 - DEBUG - Done with GL456233.1- [line 1636213]
2021-06-08 12:32:49,289 - DEBUG - Assigning indexes to genes
2021-06-08 12:32:49,289 - DEBUG - Seen 29167 genes until now
2021-06-08 12:32:49,290 - DEBUG - Parsing Chromosome GL456233.1 strand + [line 1636214]
2021-06-08 12:32:49,290 - DEBUG - Done with GL456233.1+ [line 1636244]
2021-06-08 12:32:49,290 - DEBUG - Assigning indexes to genes
2021-06-08 12:32:49,291 - DEBUG - Seen 29169 genes until now
2021-06-08 12:32:49,291 - DEBUG - Parsing Chromosome GL456350.1 strand - [line 1636245]
2021-06-08 12:32:49,292 - DEBUG - Done with GL456350.1- [line 1636304]
2021-06-08 12:32:49,292 - DEBUG - Assigning indexes to genes
2021-06-08 12:32:49,292 - DEBUG - Seen 29174 genes until now
2021-06-08 12:32:49,293 - DEBUG - Parsing Chromosome GL456354.1 strand - [line 1636305]
2021-06-08 12:32:49,294 - DEBUG - Done with GL456354.1- [line 1636337]
2021-06-08 12:32:49,294 - DEBUG - Assigning indexes to genes
2021-06-08 12:32:49,294 - DEBUG - Seen 29177 genes until now
2021-06-08 12:32:49,294 - DEBUG - Parsing Chromosome GL456354.1 strand + [line 1636338]
2021-06-08 12:32:49,295 - DEBUG - Done with GL456354.1+ [line 1636357]
2021-06-08 12:32:49,295 - DEBUG - Assigning indexes to genes
2021-06-08 12:32:49,295 - DEBUG - Seen 29179 genes until now
2021-06-08 12:32:49,295 - DEBUG - Parsing Chromosome JH584292.1 strand + [line 1636358]
2021-06-08 12:32:49,297 - DEBUG - Done with JH584292.1+ [line 1636433]
2021-06-08 12:32:49,297 - DEBUG - Assigning indexes to genes
2021-06-08 12:32:49,297 - DEBUG - Seen 29180 genes until now
2021-06-08 12:32:49,297 - DEBUG - Parsing Chromosome JH584293.1 strand - [line 1636434]
2021-06-08 12:32:49,298 - DEBUG - Done with JH584293.1- [line 1636500]
2021-06-08 12:32:49,299 - DEBUG - Assigning indexes to genes
2021-06-08 12:32:49,299 - DEBUG - Seen 29186 genes until now
2021-06-08 12:32:49,305 - DEBUG - Parsing Chromosome JH584293.1 strand + [line 1636501]
2021-06-08 12:32:49,311 - DEBUG - Done with JH584293.1+ [line 1636542]
2021-06-08 12:32:49,311 - DEBUG - Assigning indexes to genes
2021-06-08 12:32:49,311 - DEBUG - Seen 29189 genes until now
2021-06-08 12:32:49,311 - DEBUG - Parsing Chromosome JH584294.1 strand - [line 1636543]
2021-06-08 12:32:49,312 - DEBUG - Done with JH584294.1- [line 1636607]
2021-06-08 12:32:49,313 - DEBUG - Assigning indexes to genes
2021-06-08 12:32:49,313 - DEBUG - Seen 29193 genes until now
2021-06-08 12:32:49,313 - DEBUG - Parsing Chromosome JH584294.1 strand + [line 1636608]
2021-06-08 12:32:49,323 - DEBUG - Done with JH584294.1+ [line 1636631]
2021-06-08 12:32:49,324 - DEBUG - Assigning indexes to genes
2021-06-08 12:32:49,324 - DEBUG - Seen 29195 genes until now
2021-06-08 12:32:49,324 - DEBUG - Parsing Chromosome JH584295.1 strand - [line 1636632]
2021-06-08 12:32:49,324 - DEBUG - Done with JH584295.1- [line 1636647]
2021-06-08 12:32:49,325 - DEBUG - Assigning indexes to genes
2021-06-08 12:32:49,326 - DEBUG - Seen 29196 genes until now
2021-06-08 12:32:49,326 - DEBUG - Parsing Chromosome JH584296.1 strand - [line 1636648]
2021-06-08 12:32:49,327 - DEBUG - Done with JH584296.1- [line 1636675]
2021-06-08 12:32:49,327 - DEBUG - Assigning indexes to genes
2021-06-08 12:32:49,327 - DEBUG - Seen 29199 genes until now
2021-06-08 12:32:49,327 - DEBUG - Parsing Chromosome JH584297.1 strand - [line 1636676]
2021-06-08 12:32:49,328 - DEBUG - Done with JH584297.1- [line 1636694]
2021-06-08 12:32:49,328 - DEBUG - Assigning indexes to genes
2021-06-08 12:32:49,335 - DEBUG - Seen 29201 genes until now
2021-06-08 12:32:49,335 - DEBUG - Parsing Chromosome JH584297.1 strand + [line 1636695]
2021-06-08 12:32:49,336 - DEBUG - Done with JH584297.1+ [line 1636703]
2021-06-08 12:32:49,336 - DEBUG - Assigning indexes to genes
2021-06-08 12:32:49,337 - DEBUG - Seen 29202 genes until now
2021-06-08 12:32:49,337 - DEBUG - Parsing Chromosome JH584298.1 strand - [line 1636704]
2021-06-08 12:32:49,337 - DEBUG - Done with JH584298.1- [line 1636714]
2021-06-08 12:32:49,337 - DEBUG - Assigning indexes to genes
2021-06-08 12:32:49,337 - DEBUG - Seen 29203 genes until now
2021-06-08 12:32:49,338 - DEBUG - Parsing Chromosome JH584298.1 strand + [line 1636715]
2021-06-08 12:32:49,340 - DEBUG - Done with JH584298.1+ [line 1636735]
2021-06-08 12:32:49,340 - DEBUG - Assigning indexes to genes
2021-06-08 12:32:49,340 - DEBUG - Seen 29205 genes until now
2021-06-08 12:32:49,340 - DEBUG - Parsing Chromosome JH584299.1 strand - [line 1636736]
2021-06-08 12:32:49,340 - DEBUG - Done with JH584299.1- [line 1636745]
2021-06-08 12:32:49,341 - DEBUG - Assigning indexes to genes
2021-06-08 12:32:49,341 - DEBUG - Seen 29206 genes until now
2021-06-08 12:32:49,341 - DEBUG - Parsing Chromosome JH584299.1 strand + [line 1636746]
2021-06-08 12:32:49,345 - DEBUG - Done with JH584299.1+ [line 1636857]
2021-06-08 12:32:49,345 - DEBUG - Assigning indexes to genes
2021-06-08 12:32:49,346 - DEBUG - Seen 29217 genes until now
2021-06-08 12:32:49,346 - DEBUG - Parsing Chromosome JH584303.1 strand + [line 1636858]
2021-06-08 12:32:49,346 - DEBUG - Done with JH584303.1+ [line 1636862]
2021-06-08 12:32:49,346 - DEBUG - Assigning indexes to genes
2021-06-08 12:32:49,346 - DEBUG - Seen 29218 genes until now
2021-06-08 12:32:49,347 - DEBUG - Parsing Chromosome JH584304.1 strand - [line 1636863]
2021-06-08 12:32:49,347 - DEBUG - Done with JH584304.1- [line 1636895]
2021-06-08 12:32:49,347 - DEBUG - Assigning indexes to genes
2021-06-08 12:32:49,348 - DEBUG - Seen 29219 genes until now
2021-06-08 12:32:49,348 - DEBUG - Parsing Chromosome MT strand - [line 1636896]
2021-06-08 12:32:49,348 - DEBUG - Done with MT- [line 1636901]
2021-06-08 12:32:49,348 - DEBUG - Assigning indexes to genes
2021-06-08 12:32:49,348 - DEBUG - Seen 29220 genes until now
2021-06-08 12:32:49,349 - DEBUG - Parsing Chromosome MT strand + [line 1636902]
2021-06-08 12:32:49,350 - DEBUG - Done with MT+ [line 1636970]
2021-06-08 12:32:49,350 - DEBUG - Assigning indexes to genes
2021-06-08 12:32:49,350 - DEBUG - Seen 29232 genes until now
2021-06-08 12:32:49,350 - DEBUG - Parsing Chromosome X strand - [line 1636971]
2021-06-08 12:32:50,434 - DEBUG - Done with X- [line 1663962]
2021-06-08 12:32:50,435 - DEBUG - Assigning indexes to genes
2021-06-08 12:32:50,456 - DEBUG - Seen 29755 genes until now
2021-06-08 12:32:50,460 - DEBUG - Parsing Chromosome X strand + [line 1663963]
2021-06-08 12:32:51,678 - DEBUG - Done with X+ [line 1694333]
2021-06-08 12:32:51,678 - DEBUG - Assigning indexes to genes
2021-06-08 12:32:51,706 - DEBUG - Seen 30320 genes until now
2021-06-08 12:32:51,706 - DEBUG - Parsing Chromosome Y strand - [line 1694334]
2021-06-08 12:32:51,895 - DEBUG - Done with Y- [line 1698842]
2021-06-08 12:32:51,895 - DEBUG - Assigning indexes to genes
2021-06-08 12:32:51,910 - DEBUG - Seen 30662 genes until now
2021-06-08 12:32:51,910 - DEBUG - Parsing Chromosome Y strand + [line 1698843]
2021-06-08 12:32:52,154 - DEBUG - Assigning indexes to genes
2021-06-08 12:32:52,177 - DEBUG - Done with Y+ [line 1704063]
2021-06-08 12:32:52,177 - DEBUG - Fixing corner cases of transcript models containg intron longer than 1000Kbp
2021-06-08 12:33:07,345 - DEBUG - Generated 1423079 features corresponding to 111079 transcript models from /research/peer/fdeckert/FD20200109SPLENO/data/mm10/cellranger/Mus_musculus.GRCm38.93.filtered.gtf
2021-06-08 12:33:07,422 - INFO - Load the repeat masking annotation from /research/peer/fdeckert/FD20200109SPLENO/data/mm10/mm10_rmsk.gtf
2021-06-08 12:33:07,423 - DEBUG - Reading /research/peer/fdeckert/FD20200109SPLENO/data/mm10/mm10_rmsk.gtf, the file will be sorted in memory
2021-06-08 12:38:40,271 - DEBUG - Processed masked annotation .gtf and generated 4252016 intervals to mask!
2021-06-08 12:38:43,193 - INFO - Scan /research/peer/fdeckert/FD20200109SPLENO/data/BSA_0355_SM01_10x_SPLENO/OUT/COUNT/M6_control_Prog_transcriptome/possorted_genome_bam.bam to validate intron intervals
2021-06-08 12:39:11,406 - DEBUG - Reading /research/peer/fdeckert/FD20200109SPLENO/data/BSA_0355_SM01_10x_SPLENO/OUT/COUNT/M6_control_Prog_transcriptome/possorted_genome_bam.bam
2021-06-08 12:39:11,442 - DEBUG - Read first 0 million reads
2021-06-08 12:39:11,500 - DEBUG - Marking up chromosome 1
2021-06-08 12:45:06,929 - DEBUG - Marking up chromosome 10
2021-06-08 12:49:53,898 - DEBUG - Marking up chromosome 11
2021-06-08 12:53:35,497 - DEBUG - Read first 10 million reads
2021-06-08 12:58:20,503 - DEBUG - Marking up chromosome 12
2021-06-08 13:01:40,346 - DEBUG - Marking up chromosome 13
2021-06-08 13:05:08,450 - DEBUG - Marking up chromosome 14
2021-06-08 13:08:18,652 - DEBUG - Marking up chromosome 15
2021-06-08 13:08:44,792 - DEBUG - Read first 20 million reads
2021-06-08 13:11:57,051 - DEBUG - Marking up chromosome 16
2021-06-08 13:14:32,142 - DEBUG - Marking up chromosome 17
2021-06-08 13:19:42,449 - DEBUG - Marking up chromosome 18
2021-06-08 13:20:06,225 - DEBUG - Marking up chromosome 19
2021-06-08 13:20:33,788 - DEBUG - Read first 30 million reads
2021-06-08 13:20:41,138 - DEBUG - Marking up chromosome 2
2021-06-08 13:21:43,756 - DEBUG - Marking up chromosome 3
2021-06-08 13:22:26,581 - DEBUG - Marking up chromosome 4
2021-06-08 13:23:11,611 - DEBUG - Read first 40 million reads
2021-06-08 13:23:26,348 - DEBUG - Marking up chromosome 5
2021-06-08 13:24:27,249 - DEBUG - Marking up chromosome 6
2021-06-08 13:25:15,812 - DEBUG - Marking up chromosome 7
2021-06-08 13:26:01,631 - DEBUG - Read first 50 million reads
2021-06-08 13:26:46,880 - DEBUG - Marking up chromosome 8
2021-06-08 13:27:32,806 - DEBUG - Marking up chromosome 9
2021-06-08 13:28:31,003 - DEBUG - Marking up chromosome MT
2021-06-08 13:28:41,492 - DEBUG - Read first 60 million reads
2021-06-08 13:29:00,322 - DEBUG - Marking up chromosome X
2021-06-08 13:29:27,902 - DEBUG - Marking up chromosome Y
2021-06-08 13:29:29,586 - DEBUG - Marking up chromosome JH584299.1
2021-06-08 13:29:29,589 - DEBUG - Marking up chromosome GL456233.1
2021-06-08 13:29:29,625 - DEBUG - Marking up chromosome GL456211.1
2021-06-08 13:29:29,632 - DEBUG - Marking up chromosome GL456221.1
2021-06-08 13:29:29,639 - DEBUG - Marking up chromosome JH584300.1
2021-06-08 13:29:29,640 - WARNING - The .bam file refers to a chromosome 'JH584300.1+' not present in the annotation (.gtf) file
2021-06-08 13:29:29,640 - WARNING - The .bam file refers to a chromosome 'JH584300.1-' not present in the annotation (.gtf) file
2021-06-08 13:29:29,684 - DEBUG - Marking up chromosome GL456210.1
2021-06-08 13:29:29,690 - DEBUG - Marking up chromosome JH584304.1
2021-06-08 13:29:29,690 - WARNING - The .bam file refers to a chromosome 'JH584304.1+' not present in the annotation (.gtf) file
2021-06-08 13:29:29,825 - DEBUG - Marking up chromosome GL456216.1
2021-06-08 13:29:29,826 - WARNING - The .bam file refers to a chromosome 'GL456216.1-' not present in the annotation (.gtf) file
2021-06-08 13:29:29,880 - DEBUG - Marking up chromosome GL456378.1
2021-06-08 13:29:29,880 - WARNING - The .bam file refers to a chromosome 'GL456378.1+' not present in the annotation (.gtf) file
2021-06-08 13:29:29,880 - WARNING - The .bam file refers to a chromosome 'GL456378.1-' not present in the annotation (.gtf) file
2021-06-08 13:29:29,882 - DEBUG - Marking up chromosome GL456372.1
2021-06-08 13:29:29,882 - WARNING - The .bam file refers to a chromosome 'GL456372.1+' not present in the annotation (.gtf) file
2021-06-08 13:29:29,882 - WARNING - The .bam file refers to a chromosome 'GL456372.1-' not present in the annotation (.gtf) file
2021-06-08 13:29:29,883 - DEBUG - Marking up chromosome GL456370.1
2021-06-08 13:29:29,884 - WARNING - The .bam file refers to a chromosome 'GL456370.1+' not present in the annotation (.gtf) file
2021-06-08 13:29:29,884 - WARNING - The .bam file refers to a chromosome 'GL456370.1-' not present in the annotation (.gtf) file
2021-06-08 13:29:29,892 - DEBUG - Marking up chromosome GL456382.1
2021-06-08 13:29:29,892 - WARNING - The .bam file refers to a chromosome 'GL456382.1+' not present in the annotation (.gtf) file
2021-06-08 13:29:29,892 - WARNING - The .bam file refers to a chromosome 'GL456382.1-' not present in the annotation (.gtf) file
2021-06-08 13:29:30,084 - DEBUG - Marking up chromosome GL456359.1
2021-06-08 13:29:30,084 - WARNING - The .bam file refers to a chromosome 'GL456359.1+' not present in the annotation (.gtf) file
2021-06-08 13:29:30,084 - WARNING - The .bam file refers to a chromosome 'GL456359.1-' not present in the annotation (.gtf) file
2021-06-08 13:29:30,084 - DEBUG - Marking up chromosome GL456396.1
2021-06-08 13:29:30,085 - WARNING - The .bam file refers to a chromosome 'GL456396.1+' not present in the annotation (.gtf) file
2021-06-08 13:29:30,085 - WARNING - The .bam file refers to a chromosome 'GL456396.1-' not present in the annotation (.gtf) file
2021-06-08 13:29:30,086 - DEBUG - Marking up chromosome JH584295.1
2021-06-08 13:29:30,086 - WARNING - The .bam file refers to a chromosome 'JH584295.1+' not present in the annotation (.gtf) file
2021-06-08 13:29:50,690 - DEBUG - Read first 70 million reads
2021-06-08 13:30:01,342 - DEBUG - End of file. Reset index: start scanning from initial position.
2021-06-08 13:30:01,342 - DEBUG - 949197 reads were skipped because no apropiate cell or umi barcode was found
2021-06-08 13:30:01,342 - INFO - Now just waiting that the bam sorting process terminates
2021-06-08 13:30:01,343 - INFO - bam file #0 has been sorted
2021-06-08 13:30:01,343 - DEBUG - Start molecule counting!
2021-06-08 13:30:08,555 - DEBUG - Features available for chromosomes : ['1-', '1+', '10-', '10+', '11-', '11+', '12-', '12+', '13-', '13+', '14-', '14+', '15-', '15+', '16-', '16+', '17-', '17+', '18-', '18+', '19-', '19+', '2-', '2+', '3-', '3+', '4-', '4+', '5-', '5+', '6-', '6+', '7-', '7+', '8-', '8+', '9-', '9+', 'GL456210.1-', 'GL456210.1+', 'GL456211.1-', 'GL456211.1+', 'GL456212.1-', 'GL456216.1+', 'GL456219.1-', 'GL456221.1-', 'GL456221.1+', 'GL456233.1-', 'GL456233.1+', 'GL456350.1-', 'GL456354.1-', 'GL456354.1+', 'JH584292.1+', 'JH584293.1-', 'JH584293.1+', 'JH584294.1-', 'JH584294.1+', 'JH584295.1-', 'JH584296.1-', 'JH584297.1-', 'JH584297.1+', 'JH584298.1-', 'JH584298.1+', 'JH584299.1-', 'JH584299.1+', 'JH584303.1+', 'JH584304.1-', 'MT-', 'MT+', 'X-', 'X+', 'Y-', 'Y+']
2021-06-08 13:30:08,555 - DEBUG - Mask available for chromosomes : ['1-', '1+', '10-', '10+', '11-', '11+', '12-', '12+', '13-', '13+', '14-', '14+', '15-', '15+', '16-', '16+', '17-', '17+', '18-', '18+', '19-', '19+', '1_GL456210_random-', '1_GL456210_random+', '1_GL456211_random-', '1_GL456211_random+', '1_GL456212_random-', '1_GL456212_random+', '1_GL456213_random-', '1_GL456213_random+', '1_GL456221_random-', '1_GL456221_random+', '2-', '2+', '3-', '3+', '4-', '4+', '4_GL456216_random-', '4_GL456216_random+', '4_GL456350_random-', '4_GL456350_random+', '4_JH584292_random-', '4_JH584292_random+', '4_JH584293_random-', '4_JH584293_random+', '4_JH584294_random-', '4_JH584294_random+', '4_JH584295_random+', '5-', '5+', '5_GL456354_random-', '5_GL456354_random+', '5_JH584296_random-', '5_JH584296_random+', '5_JH584297_random-', '5_JH584297_random+', '5_JH584298_random-', '5_JH584298_random+', '5_JH584299_random-', '5_JH584299_random+', '6-', '6+', '7-', '7+', '7_GL456219_random-', '7_GL456219_random+', '8-', '8+', '9-', '9+', 'M-', 'M+', 'Un_GL456239-', 'Un_GL456239+', 'Un_GL456359-', 'Un_GL456359+', 'Un_GL456360-', 'Un_GL456360+', 'Un_GL456366-', 'Un_GL456366+', 'Un_GL456367-', 'Un_GL456367+', 'Un_GL456368-', 'Un_GL456368+', 'Un_GL456370+', 'Un_GL456372-', 'Un_GL456372+', 'Un_GL456378-', 'Un_GL456378+', 'Un_GL456379-', 'Un_GL456379+', 'Un_GL456381-', 'Un_GL456381+', 'Un_GL456382-', 'Un_GL456382+', 'Un_GL456383-', 'Un_GL456383+', 'Un_GL456385-', 'Un_GL456385+', 'Un_GL456387-', 'Un_GL456387+', 'Un_GL456389-', 'Un_GL456389+', 'Un_GL456390-', 'Un_GL456390+', 'Un_GL456392-', 'Un_GL456392+', 'Un_GL456393-', 'Un_GL456393+', 'Un_GL456394-', 'Un_GL456394+', 'Un_GL456396-', 'Un_GL456396+', 'Un_JH584304-', 'Un_JH584304+', 'X-', 'X+', 'X_GL456233_random-', 'X_GL456233_random+', 'Y-', 'Y+', 'Y_JH584300_random-', 'Y_JH584300_random+', 'Y_JH584301_random-', 'Y_JH584301_random+', 'Y_JH584302_random-', 'Y_JH584302_random+', 'Y_JH584303_random-']
2021-06-08 13:30:08,555 - DEBUG - Summarizing the results of intron validation.
2021-06-08 13:30:09,100 - DEBUG - Validated 90941 introns (of which unique intervals 35411) out of 656000 total possible introns (considering each possible transcript models).
2021-06-08 13:30:09,102 - DEBUG - Reading /research/peer/fdeckert/FD20200109SPLENO/data/BSA_0355_SM01_10x_SPLENO/OUT/COUNT/M6_control_Prog_transcriptome/cellsorted_possorted_genome_bam.bam
2021-06-08 13:30:09,127 - DEBUG - Read first 0 million reads
2021-06-08 13:31:28,959 - DEBUG - Counting for batch 1, containing 100 cells and 908553 reads
2021-06-08 13:32:40,185 - DEBUG - 37723 reads not considered because fully enclosed in repeat masked regions
2021-06-08 13:33:54,951 - DEBUG - Read first 10 million reads
2021-06-08 13:34:06,795 - DEBUG - Counting for batch 2, containing 100 cells and 960453 reads
2021-06-08 13:35:22,968 - DEBUG - 41707 reads not considered because fully enclosed in repeat masked regions
2021-06-08 13:36:50,410 - DEBUG - Counting for batch 3, containing 100 cells and 931895 reads
2021-06-08 13:38:00,966 - DEBUG - 40039 reads not considered because fully enclosed in repeat masked regions
2021-06-08 13:39:26,257 - DEBUG - Read first 20 million reads
2021-06-08 13:39:26,818 - DEBUG - Counting for batch 4, containing 100 cells and 945864 reads
2021-06-08 13:40:38,436 - DEBUG - 41759 reads not considered because fully enclosed in repeat masked regions
2021-06-08 13:42:06,784 - DEBUG - Counting for batch 5, containing 100 cells and 829140 reads
2021-06-08 13:43:12,842 - DEBUG - 39442 reads not considered because fully enclosed in repeat masked regions
2021-06-08 13:44:35,579 - DEBUG - Read first 30 million reads
2021-06-08 13:44:47,202 - DEBUG - Counting for batch 6, containing 100 cells and 936973 reads
2021-06-08 13:46:01,687 - DEBUG - 41697 reads not considered because fully enclosed in repeat masked regions
2021-06-08 13:47:26,209 - DEBUG - Counting for batch 7, containing 100 cells and 991912 reads
2021-06-08 13:48:43,968 - DEBUG - 43478 reads not considered because fully enclosed in repeat masked regions
2021-06-08 13:50:09,203 - DEBUG - Read first 40 million reads
2021-06-08 13:50:24,153 - DEBUG - Counting for batch 8, containing 100 cells and 1077403 reads
2021-06-08 13:51:48,252 - DEBUG - 45227 reads not considered because fully enclosed in repeat masked regions
2021-06-08 13:53:25,654 - DEBUG - Counting for batch 9, containing 100 cells and 936316 reads
2021-06-08 13:54:39,709 - DEBUG - 40932 reads not considered because fully enclosed in repeat masked regions
2021-06-08 13:55:43,306 - DEBUG - Read first 50 million reads
2021-06-08 13:56:06,041 - DEBUG - Counting for batch 10, containing 100 cells and 873771 reads
2021-06-08 13:57:15,417 - DEBUG - 38438 reads not considered because fully enclosed in repeat masked regions
2021-06-08 13:58:39,717 - DEBUG - Counting for batch 11, containing 100 cells and 913479 reads
2021-06-08 13:59:51,403 - DEBUG - 40755 reads not considered because fully enclosed in repeat masked regions
2021-06-08 14:01:00,156 - DEBUG - Read first 60 million reads
2021-06-08 14:01:24,945 - DEBUG - Counting for batch 12, containing 100 cells and 1030094 reads
2021-06-08 14:02:45,549 - DEBUG - 44091 reads not considered because fully enclosed in repeat masked regions
2021-06-08 14:04:20,915 - DEBUG - Counting for batch 13, containing 100 cells and 946255 reads
2021-06-08 14:05:35,967 - DEBUG - 38801 reads not considered because fully enclosed in repeat masked regions
2021-06-08 14:06:38,115 - DEBUG - Read first 70 million reads
2021-06-08 14:06:52,793 - DEBUG - Counting for batch 14, containing 100 cells and 853865 reads
2021-06-08 14:07:58,069 - DEBUG - 37287 reads not considered because fully enclosed in repeat masked regions
2021-06-08 14:08:43,895 - DEBUG - Counting for batch 15, containing 42 cells and 332410 reads
2021-06-08 14:09:11,902 - DEBUG - 13995 reads not considered because fully enclosed in repeat masked regions
2021-06-08 14:09:19,247 - DEBUG - 949197 reads were skipped because no apropiate cell or umi barcode was found
2021-06-08 14:09:19,248 - DEBUG - Counting done!
2021-06-08 14:09:19,254 - DEBUG - Generating output file data/BSA_0355_SM01_10x_SPLENO/OUT/COUNT/M6_control_Prog_transcriptome/qc.loom
2021-06-08 14:09:19,254 - DEBUG - Collecting row attributes
2021-06-08 14:09:19,383 - DEBUG - Generating data table
2021-06-08 14:09:19,822 - DEBUG - Writing loom file
2021-06-08 14:09:21,307 - DEBUG - Creating converter from 5 to 3
2021-06-08 14:09:21,472 - DEBUG - Creating converter from 3 to 5
2021-06-08 14:09:26,766 - DEBUG - Terminated Succesfully!
