Mat Object: 1 MPI processes
  type: seqdense
1.0000000000000016e+00 -1.3475477501489845e-04 -1.1743209184006608e-03 1.4969278712341922e-04 
0.0000000000000000e+00 9.9912857711350489e-01 4.6209857751078342e-04 -2.1246503593980699e-04 
0.0000000000000000e+00 0.0000000000000000e+00 9.9869578925878322e-01 8.2372682493012496e-04 
0.0000000000000000e+00 0.0000000000000000e+00 0.0000000000000000e+00 9.9454192981617107e-01 
0.0000000000000000e+00 0.0000000000000000e+00 0.0000000000000000e+00 0.0000000000000000e+00 
Mat Object: 1 MPI processes
  type: seqdense
1.0000000000000071e+00 -5.8784358811534861e-06 2.0795565996356807e-04 5.9316463719839775e-04 3.9683458685222800e-03 4.1020577635810474e-03 4.5374371441592410e-03 
0.0000000000000000e+00 9.9998175465782635e-01 2.0700582592895640e-05 7.8219082420107188e-05 5.1764360294157788e-04 -2.3635237369602378e-04 1.8502611335691926e-03 
0.0000000000000000e+00 0.0000000000000000e+00 9.9928439647069989e-01 5.4359110690336448e-04 5.5073383577858087e-04 6.0452996085881073e-04 2.0893691597015009e-03 
0.0000000000000000e+00 0.0000000000000000e+00 0.0000000000000000e+00 9.9880793422423630e-01 -2.1881172777012552e-05 6.9922549348640055e-04 1.9999886961662664e-03 
0.0000000000000000e+00 0.0000000000000000e+00 0.0000000000000000e+00 0.0000000000000000e+00 9.9758381031219634e-01 2.8689089462452196e-03 -4.1538609276776842e-02 
0.0000000000000000e+00 0.0000000000000000e+00 0.0000000000000000e+00 0.0000000000000000e+00 0.0000000000000000e+00 9.8732107389416623e-01 -1.1691565435540181e-02 
0.0000000000000000e+00 0.0000000000000000e+00 0.0000000000000000e+00 0.0000000000000000e+00 0.0000000000000000e+00 0.0000000000000000e+00 9.5644731877851130e-01 
0.0000000000000000e+00 0.0000000000000000e+00 0.0000000000000000e+00 0.0000000000000000e+00 0.0000000000000000e+00 0.0000000000000000e+00 0.0000000000000000e+00 
Mat Object: 1 MPI processes
  type: seqdense
9.9999999999998657e-01 -4.9409405546697958e-04 -2.8350569987649027e-03 -1.0662923102310342e-03 3.4686137472811551e-03 -1.1499078056363837e-02 -6.3625334046604979e-03 
0.0000000000000000e+00 9.9718698128688932e-01 1.5109464784802754e-03 -4.9922939612291443e-04 1.0185583902355922e-03 -9.3653892844997337e-04 -2.4051801251039187e-02 
0.0000000000000000e+00 0.0000000000000000e+00 9.9489274598511379e-01 -3.3540119319542530e-03 6.7454625226162435e-03 -1.2113380718815263e-03 -6.9864194859025506e-03 
0.0000000000000000e+00 0.0000000000000000e+00 0.0000000000000000e+00 9.8948840409715288e-01 1.0975763826270146e-03 2.6223042701520762e-05 -4.5638436712822032e-03 
0.0000000000000000e+00 0.0000000000000000e+00 0.0000000000000000e+00 -2.9682597695169892e-06 9.8948840409715288e-01 5.6428404676925389e-03 8.0208824107274868e-03 
0.0000000000000000e+00 0.0000000000000000e+00 0.0000000000000000e+00 0.0000000000000000e+00 0.0000000000000000e+00 9.8729196123208152e-01 -8.2302351266016326e-03 
0.0000000000000000e+00 0.0000000000000000e+00 0.0000000000000000e+00 0.0000000000000000e+00 0.0000000000000000e+00 0.0000000000000000e+00 9.6882146753647047e-01 
0.0000000000000000e+00 0.0000000000000000e+00 0.0000000000000000e+00 0.0000000000000000e+00 0.0000000000000000e+00 0.0000000000000000e+00 0.0000000000000000e+00 
Mat Object: 1 MPI processes
  type: seqdense
1.0000000000000004e+00 9.2390227297990042e-05 
0.0000000000000000e+00 9.9954849720101946e-01 
0.0000000000000000e+00 0.0000000000000000e+00 
Mat Object: 1 MPI processes
  type: seqdense
1.0000000000000036e+00 -1.3475477502036945e-04 -1.1743209183997195e-03 1.4969278712436053e-04 8.5038965770462393e-03 -3.2487861795357708e-05 -8.6080764157046904e-03 -1.0342268853991353e-02 -2.7559512779145669e-02 1.8621131014889981e-02 2.6944204301472572e-02 2.9808240048983088e-02 -1.5347395139558639e-02 2.8540283643005100e-02 5.9216451871654641e-02 -8.5787382085520669e-03 -1.4094513064096554e-02 -2.9329618641329679e-02 -1.4401549526647399e-02 -3.1343639104305210e-02 
0.0000000000000000e+00 9.9912857711350811e-01 4.6209857751186638e-04 -2.1246503593663445e-04 -5.3515407596862108e-03 8.0737807005270453e-05 -2.0598921173915943e-02 -1.9869579310768312e-02 1.2177318526870907e-02 -1.0070963517038203e-02 -1.7167705945677774e-02 3.4860363978305164e-03 -9.8149432929137796e-03 -2.1536533062929929e-02 -2.2272119147521093e-02 6.6889135163302506e-03 -4.9200787053731876e-02 1.7563858201300374e-02 6.2080478358256881e-04 8.8928309403324846e-03 
0.0000000000000000e+00 0.0000000000000000e+00 9.9869578925878155e-01 8.2372682493066132e-04 9.0607119044134928e-03 4.6011963862103381e-03 -3.0569557066656957e-03 -3.4448458645292668e-04 -4.5792875374203500e-03 1.6393972769388952e-02 -8.3325539110475598e-03 -3.1482620911146265e-03 7.1723191502175709e-03 1.8416870226330734e-02 -5.8041195692303529e-03 -2.4567545649347350e-02 -3.1918345903699229e-04 -6.4979717627497810e-02 -3.9966464408659388e-03 1.8263469157690854e-02 
0.0000000000000000e+00 0.0000000000000000e+00 0.0000000000000000e+00 9.9454192981618084e-01 2.6311458591232639e-03 2.5129294797914814e-03 -8.2572959385516297e-05 3.8553353267242155e-04 -7.5262511216290795e-03 9.2786959614454215e-03 3.3844234525163375e-03 3.8905130669323142e-03 1.4229448406573311e-03 1.0145114118509080e-02 9.1681422060586916e-03 2.8939935525884811e-02 3.2797920124665973e-03 -3.4686890875234432e-02 -3.0220153426071760e-03 8.3413091668276115e-05 
0.0000000000000000e+00 0.0000000000000000e+00 0.0000000000000000e+00 0.0000000000000000e+00 9.7903783618872287e-01 3.1431934724102059e-03 3.4567724831118252e-05 2.0964080923850930e-04 7.7013089499080526e-04 -7.7740610364928622e-04 1.2383836170965685e-02 -1.6609808683965859e-04 -6.7639946347433514e-03 7.4554469178610442e-03 1.2108608294223114e-02 -8.5047867663470555e-03 4.6549583212073133e-04 2.1892700068166775e-03 -1.5356786739091776e-03 -2.4191802601414539e-03 
0.0000000000000000e+00 0.0000000000000000e+00 0.0000000000000000e+00 0.0000000000000000e+00 0.0000000000000000e+00 9.7449139005691143e-01 -9.5392023189258074e-05 -2.1954899178001049e-04 7.8912022144597190e-03 -7.0814961571012223e-03 -4.9705769880947631e-03 -4.8392357560177602e-04 3.1561734041344229e-03 6.8319772869316203e-03 -1.2602340339890970e-03 1.8919649627382493e-02 -3.0753213170655691e-04 2.6144064650017347e-02 -5.3114985062149558e-03 3.2708200754063390e-03 
0.0000000000000000e+00 0.0000000000000000e+00 0.0000000000000000e+00 0.0000000000000000e+00 0.0000000000000000e+00 0.0000000000000000e+00 9.4664670937784645e-01 -4.4535218845307541e-02 -1.3378021779359250e-03 4.5801084815788704e-04 2.5210201542637874e-02 -5.7025669237907257e-02 8.3463368383768957e-02 -1.1642207140731336e-02 3.0526733130542695e-02 -3.4270787025494649e-04 -3.3980525517475144e-02 -5.1515118589509623e-04 2.2031378173429775e-02 -1.5168318562408502e-02 
0.0000000000000000e+00 0.0000000000000000e+00 0.0000000000000000e+00 0.0000000000000000e+00 0.0000000000000000e+00 0.0000000000000000e+00 0.0000000000000000e+00 9.3625665321928564e-01 6.2173677943580270e-04 -1.5323224980051304e-04 -1.6707730469296838e-03 8.1696391247926910e-04 1.3999946616056072e-02 -2.1882819436497124e-02 1.8275756111427083e-02 -1.4438146832689326e-03 -9.4587754893554254e-02 -7.8809657065992862e-03 -2.0340065351903493e-02 7.9974469233038293e-03 
0.0000000000000000e+00 0.0000000000000000e+00 0.0000000000000000e+00 0.0000000000000000e+00 0.0000000000000000e+00 0.0000000000000000e+00 0.0000000000000000e+00 0.0000000000000000e+00 9.1281688833694863e-01 -7.1395458711593458e-03 -1.7481449567957847e-02 -1.0538436104618290e-02 -4.4288684693688830e-03 1.5842927038321922e-02 1.6165517256831973e-02 8.4694711753006292e-03 -2.1980344773616213e-03 5.3097433970567320e-02 -6.6100459858713786e-03 1.9259266957292185e-04 
0.0000000000000000e+00 0.0000000000000000e+00 0.0000000000000000e+00 0.0000000000000000e+00 0.0000000000000000e+00 0.0000000000000000e+00 0.0000000000000000e+00 0.0000000000000000e+00 0.0000000000000000e+00 8.9933873240365725e-01 2.7433025893218596e-02 -8.9827406789102140e-03 -2.0692465594082422e-02 1.1459615371404474e-02 2.0600951371627558e-02 -7.8264330342802599e-03 6.6131814418310690e-04 -7.0896575274929763e-02 8.8974331298141539e-03 8.9662205098919932e-04 
0.0000000000000000e+00 0.0000000000000000e+00 0.0000000000000000e+00 0.0000000000000000e+00 0.0000000000000000e+00 0.0000000000000000e+00 0.0000000000000000e+00 0.0000000000000000e+00 0.0000000000000000e+00 0.0000000000000000e+00 8.6802712296146267e-01 -2.3151969779266202e-02 6.7590386534921408e-03 -1.9020584115978761e-01 -1.4653506543550357e-01 -1.5691628778918613e-02 5.0501694271448605e-03 -2.6991703557266621e-02 4.3683067861794669e-02 1.1951441486457505e-01 
0.0000000000000000e+00 0.0000000000000000e+00 0.0000000000000000e+00 0.0000000000000000e+00 0.0000000000000000e+00 0.0000000000000000e+00 0.0000000000000000e+00 0.0000000000000000e+00 0.0000000000000000e+00 0.0000000000000000e+00 0.0000000000000000e+00 8.5842991176580141e-01 -6.7511847273852739e-03 -7.0059643883422264e-03 1.5482813822126950e-03 3.5948367959074112e-04 -1.8164387885712931e-02 -1.3441759376195314e-02 7.5695746434154276e-02 -3.4873454440922699e-02 
0.0000000000000000e+00 0.0000000000000000e+00 0.0000000000000000e+00 0.0000000000000000e+00 0.0000000000000000e+00 0.0000000000000000e+00 0.0000000000000000e+00 0.0000000000000000e+00 0.0000000000000000e+00 0.0000000000000000e+00 0.0000000000000000e+00 0.0000000000000000e+00 8.5551600423831087e-01 7.3516534132304995e-02 4.4974936469014681e-02 6.5795557618917137e-03 2.6818237398814452e-02 4.6177344987281925e-03 -1.0361589887813860e-01 2.8121230549638283e-02 
0.0000000000000000e+00 0.0000000000000000e+00 0.0000000000000000e+00 0.0000000000000000e+00 0.0000000000000000e+00 0.0000000000000000e+00 0.0000000000000000e+00 0.0000000000000000e+00 0.0000000000000000e+00 0.0000000000000000e+00 0.0000000000000000e+00 0.0000000000000000e+00 0.0000000000000000e+00 8.4700542624225705e-01 2.7928381953678763e-02 9.8399913230229558e-04 1.0612065365866289e-02 -8.2807012486772903e-03 -2.0005596200800439e-02 7.4428218818321599e-03 
0.0000000000000000e+00 0.0000000000000000e+00 0.0000000000000000e+00 0.0000000000000000e+00 0.0000000000000000e+00 0.0000000000000000e+00 0.0000000000000000e+00 0.0000000000000000e+00 0.0000000000000000e+00 0.0000000000000000e+00 0.0000000000000000e+00 0.0000000000000000e+00 0.0000000000000000e+00 -5.7018594033919186e-02 8.4700542624225705e-01 -3.7450414778148638e-03 3.0403155153463313e-02 -7.1652621099283398e-04 -7.7964828878919566e-03 4.8471789417770438e-02 
0.0000000000000000e+00 0.0000000000000000e+00 0.0000000000000000e+00 0.0000000000000000e+00 0.0000000000000000e+00 0.0000000000000000e+00 0.0000000000000000e+00 0.0000000000000000e+00 0.0000000000000000e+00 0.0000000000000000e+00 0.0000000000000000e+00 0.0000000000000000e+00 0.0000000000000000e+00 0.0000000000000000e+00 0.0000000000000000e+00 8.3202999329337812e-01 -3.6395034843209569e-05 -3.6253419620311156e-03 3.7611724135930042e-05 -2.3907323003079825e-03 
0.0000000000000000e+00 0.0000000000000000e+00 0.0000000000000000e+00 0.0000000000000000e+00 0.0000000000000000e+00 0.0000000000000000e+00 0.0000000000000000e+00 0.0000000000000000e+00 0.0000000000000000e+00 0.0000000000000000e+00 0.0000000000000000e+00 0.0000000000000000e+00 0.0000000000000000e+00 0.0000000000000000e+00 0.0000000000000000e+00 0.0000000000000000e+00 8.1500452442400717e-01 1.2205180863798762e-03 2.8658583165889321e-02 -1.0826928588589510e-02 
0.0000000000000000e+00 0.0000000000000000e+00 0.0000000000000000e+00 0.0000000000000000e+00 0.0000000000000000e+00 0.0000000000000000e+00 0.0000000000000000e+00 0.0000000000000000e+00 0.0000000000000000e+00 0.0000000000000000e+00 0.0000000000000000e+00 0.0000000000000000e+00 0.0000000000000000e+00 0.0000000000000000e+00 0.0000000000000000e+00 0.0000000000000000e+00 0.0000000000000000e+00 7.9426241199937542e-01 1.5906720006478112e-03 -1.1129301172919994e-02 
0.0000000000000000e+00 0.0000000000000000e+00 0.0000000000000000e+00 0.0000000000000000e+00 0.0000000000000000e+00 0.0000000000000000e+00 0.0000000000000000e+00 0.0000000000000000e+00 0.0000000000000000e+00 0.0000000000000000e+00 0.0000000000000000e+00 0.0000000000000000e+00 0.0000000000000000e+00 0.0000000000000000e+00 0.0000000000000000e+00 0.0000000000000000e+00 0.0000000000000000e+00 0.0000000000000000e+00 7.9016103765091761e-01 -1.4972053812409349e-02 
0.0000000000000000e+00 0.0000000000000000e+00 0.0000000000000000e+00 0.0000000000000000e+00 0.0000000000000000e+00 0.0000000000000000e+00 0.0000000000000000e+00 0.0000000000000000e+00 0.0000000000000000e+00 0.0000000000000000e+00 0.0000000000000000e+00 0.0000000000000000e+00 0.0000000000000000e+00 0.0000000000000000e+00 0.0000000000000000e+00 0.0000000000000000e+00 0.0000000000000000e+00 0.0000000000000000e+00 0.0000000000000000e+00 7.6702851153443208e-01 
0.0000000000000000e+00 0.0000000000000000e+00 0.0000000000000000e+00 0.0000000000000000e+00 0.0000000000000000e+00 0.0000000000000000e+00 0.0000000000000000e+00 0.0000000000000000e+00 0.0000000000000000e+00 0.0000000000000000e+00 0.0000000000000000e+00 0.0000000000000000e+00 0.0000000000000000e+00 0.0000000000000000e+00 0.0000000000000000e+00 0.0000000000000000e+00 0.0000000000000000e+00 0.0000000000000000e+00 0.0000000000000000e+00 0.0000000000000000e+00 
