2021-06-22 11:50:07,395 - DEBUG - Using logic: ValidatedIntrons10X
2021-06-22 11:50:07,404 - INFO - Read 3243 cell barcodes from /research/peer/fdeckert/FD20200109SPLENO/data/BSA_0355_SM01_10x_SPLENO/OUT/COUNT/M1_CpG_Prog_transcriptome/filtered_feature_bc_matrix/barcodes.qc.tsv
2021-06-22 11:50:07,404 - DEBUG - Example of barcode: AAACCCAAGAGGATGA and cell_id: velocyto:AAACCCAAGAGGATGA-1_2
2021-06-22 11:50:07,413 - DEBUG - Peeking into /research/peer/fdeckert/FD20200109SPLENO/data/BSA_0355_SM01_10x_SPLENO/OUT/COUNT/M1_CpG_Prog_transcriptome/possorted_genome_bam.bam
2021-06-22 11:50:07,507 - WARNING - Not found cell and umi barcode in entry 2 of the bam file
2021-06-22 11:50:07,507 - WARNING - Not found cell and umi barcode in entry 44 of the bam file
2021-06-22 11:50:07,507 - WARNING - Not found cell and umi barcode in entry 91 of the bam file
2021-06-22 11:50:07,507 - WARNING - Not found cell and umi barcode in entry 96 of the bam file
2021-06-22 11:50:07,515 - WARNING - Not found cell and umi barcode in entry 152 of the bam file
2021-06-22 11:50:07,515 - WARNING - Not found cell and umi barcode in entry 194 of the bam file
2021-06-22 11:50:07,515 - WARNING - Not found cell and umi barcode in entry 229 of the bam file
2021-06-22 11:50:07,515 - WARNING - Not found cell and umi barcode in entry 230 of the bam file
2021-06-22 11:50:07,515 - WARNING - Not found cell and umi barcode in entry 237 of the bam file
2021-06-22 11:50:07,515 - WARNING - Not found cell and umi barcode in entry 282 of the bam file
2021-06-22 11:50:07,516 - WARNING - Not found cell and umi barcode in entry 283 of the bam file
2021-06-22 11:50:07,516 - WARNING - Not found cell and umi barcode in entry 325 of the bam file
2021-06-22 11:50:07,516 - WARNING - Not found cell and umi barcode in entry 385 of the bam file
2021-06-22 11:50:07,516 - WARNING - Not found cell and umi barcode in entry 388 of the bam file
2021-06-22 11:50:07,516 - WARNING - Not found cell and umi barcode in entry 389 of the bam file
2021-06-22 11:50:07,517 - WARNING - Not found cell and umi barcode in entry 417 of the bam file
2021-06-22 11:50:07,548 - WARNING - Not found cell and umi barcode in entry 540 of the bam file
2021-06-22 11:50:07,548 - WARNING - Not found cell and umi barcode in entry 541 of the bam file
2021-06-22 11:50:07,548 - WARNING - Not found cell and umi barcode in entry 560 of the bam file
2021-06-22 11:50:07,548 - WARNING - Not found cell and umi barcode in entry 564 of the bam file
2021-06-22 11:50:07,549 - WARNING - Not found cell and umi barcode in entry 610 of the bam file
2021-06-22 11:50:07,549 - WARNING - Not found cell and umi barcode in entry 611 of the bam file
2021-06-22 11:50:07,549 - WARNING - Not found cell and umi barcode in entry 613 of the bam file
2021-06-22 11:50:07,549 - WARNING - Not found cell and umi barcode in entry 617 of the bam file
2021-06-22 11:50:07,549 - WARNING - Not found cell and umi barcode in entry 619 of the bam file
2021-06-22 11:50:07,549 - WARNING - Not found cell and umi barcode in entry 620 of the bam file
2021-06-22 11:50:07,549 - WARNING - Not found cell and umi barcode in entry 623 of the bam file
2021-06-22 11:50:07,549 - WARNING - Not found cell and umi barcode in entry 644 of the bam file
2021-06-22 11:50:07,549 - WARNING - Not found cell and umi barcode in entry 665 of the bam file
2021-06-22 11:50:07,550 - WARNING - Not found cell and umi barcode in entry 813 of the bam file
2021-06-22 11:50:07,558 - WARNING - Not found cell and umi barcode in entry 972 of the bam file
2021-06-22 11:50:07,561 - WARNING - The file /research/peer/fdeckert/FD20200109SPLENO/data/BSA_0355_SM01_10x_SPLENO/OUT/COUNT/M1_CpG_Prog_transcriptome/cellsorted_possorted_genome_bam.bam already exists. The sorting step will be skipped and the existing file will be used.
2021-06-22 11:50:07,561 - INFO - Load the annotation from /research/peer/fdeckert/FD20200109SPLENO/data/mm10/cellranger/Mus_musculus.GRCm38.93.filtered.gtf
2021-06-22 11:50:11,799 - DEBUG - Parsing Chromosome 1 strand - [line 0]
2021-06-22 11:50:12,151 - DEBUG - Done with 1- [line 55263]
2021-06-22 11:50:12,151 - DEBUG - Assigning indexes to genes
2021-06-22 11:50:12,155 - DEBUG - Seen 852 genes until now
2021-06-22 11:50:12,155 - DEBUG - Parsing Chromosome 1 strand + [line 55264]
2021-06-22 11:50:12,482 - DEBUG - Done with 1+ [line 108827]
2021-06-22 11:50:12,482 - DEBUG - Assigning indexes to genes
2021-06-22 11:50:12,487 - DEBUG - Seen 1744 genes until now
2021-06-22 11:50:12,487 - DEBUG - Parsing Chromosome 10 strand - [line 108828]
2021-06-22 11:50:12,644 - DEBUG - Done with 10- [line 148287]
2021-06-22 11:50:12,644 - DEBUG - Assigning indexes to genes
2021-06-22 11:50:12,647 - DEBUG - Seen 2492 genes until now
2021-06-22 11:50:12,648 - DEBUG - Parsing Chromosome 10 strand + [line 148288]
2021-06-22 11:50:12,814 - DEBUG - Done with 10+ [line 190661]
2021-06-22 11:50:12,814 - DEBUG - Assigning indexes to genes
2021-06-22 11:50:12,817 - DEBUG - Seen 3285 genes until now
2021-06-22 11:50:12,817 - DEBUG - Parsing Chromosome 11 strand - [line 190662]
2021-06-22 11:50:13,195 - DEBUG - Done with 11- [line 252011]
2021-06-22 11:50:13,195 - DEBUG - Assigning indexes to genes
2021-06-22 11:50:13,200 - DEBUG - Seen 4335 genes until now
2021-06-22 11:50:13,200 - DEBUG - Parsing Chromosome 11 strand + [line 252012]
2021-06-22 11:50:13,589 - DEBUG - Done with 11+ [line 314062]
2021-06-22 11:50:13,589 - DEBUG - Assigning indexes to genes
2021-06-22 11:50:13,594 - DEBUG - Seen 5320 genes until now
2021-06-22 11:50:13,594 - DEBUG - Parsing Chromosome 12 strand - [line 314063]
2021-06-22 11:50:13,693 - DEBUG - Done with 12- [line 338958]
2021-06-22 11:50:13,693 - DEBUG - Assigning indexes to genes
2021-06-22 11:50:13,695 - DEBUG - Seen 6056 genes until now
2021-06-22 11:50:13,695 - DEBUG - Parsing Chromosome 12 strand + [line 338959]
2021-06-22 11:50:13,830 - DEBUG - Done with 12+ [line 372787]
2021-06-22 11:50:13,830 - DEBUG - Assigning indexes to genes
2021-06-22 11:50:13,832 - DEBUG - Seen 6615 genes until now
2021-06-22 11:50:13,832 - DEBUG - Parsing Chromosome 13 strand - [line 372788]
2021-06-22 11:50:13,966 - DEBUG - Done with 13- [line 406792]
2021-06-22 11:50:13,966 - DEBUG - Assigning indexes to genes
2021-06-22 11:50:13,969 - DEBUG - Seen 7339 genes until now
2021-06-22 11:50:13,969 - DEBUG - Parsing Chromosome 13 strand + [line 406793]
2021-06-22 11:50:14,073 - DEBUG - Done with 13+ [line 433455]
2021-06-22 11:50:14,073 - DEBUG - Assigning indexes to genes
2021-06-22 11:50:14,076 - DEBUG - Seen 8023 genes until now
2021-06-22 11:50:14,076 - DEBUG - Parsing Chromosome 14 strand - [line 433456]
2021-06-22 11:50:14,385 - DEBUG - Done with 14- [line 469680]
2021-06-22 11:50:14,385 - DEBUG - Assigning indexes to genes
2021-06-22 11:50:14,388 - DEBUG - Seen 8704 genes until now
2021-06-22 11:50:14,388 - DEBUG - Parsing Chromosome 14 strand + [line 469681]
2021-06-22 11:50:14,517 - DEBUG - Done with 14+ [line 502857]
2021-06-22 11:50:14,517 - DEBUG - Assigning indexes to genes
2021-06-22 11:50:14,520 - DEBUG - Seen 9518 genes until now
2021-06-22 11:50:14,520 - DEBUG - Parsing Chromosome 15 strand - [line 502858]
2021-06-22 11:50:14,664 - DEBUG - Done with 15- [line 539049]
2021-06-22 11:50:14,664 - DEBUG - Assigning indexes to genes
2021-06-22 11:50:14,667 - DEBUG - Seen 10092 genes until now
2021-06-22 11:50:14,667 - DEBUG - Parsing Chromosome 15 strand + [line 539050]
2021-06-22 11:50:14,788 - DEBUG - Done with 15+ [line 569723]
2021-06-22 11:50:14,788 - DEBUG - Assigning indexes to genes
2021-06-22 11:50:14,791 - DEBUG - Seen 10616 genes until now
2021-06-22 11:50:14,791 - DEBUG - Parsing Chromosome 16 strand - [line 569724]
2021-06-22 11:50:14,896 - DEBUG - Done with 16- [line 596286]
2021-06-22 11:50:14,896 - DEBUG - Assigning indexes to genes
2021-06-22 11:50:14,898 - DEBUG - Seen 11093 genes until now
2021-06-22 11:50:14,898 - DEBUG - Parsing Chromosome 16 strand + [line 596287]
2021-06-22 11:50:15,262 - DEBUG - Done with 16+ [line 626571]
2021-06-22 11:50:15,262 - DEBUG - Assigning indexes to genes
2021-06-22 11:50:15,265 - DEBUG - Seen 11545 genes until now
2021-06-22 11:50:15,265 - DEBUG - Parsing Chromosome 17 strand - [line 626572]
2021-06-22 11:50:15,394 - DEBUG - Done with 17- [line 659846]
2021-06-22 11:50:15,394 - DEBUG - Assigning indexes to genes
2021-06-22 11:50:15,397 - DEBUG - Seen 12152 genes until now
2021-06-22 11:50:15,397 - DEBUG - Parsing Chromosome 17 strand + [line 659847]
2021-06-22 11:50:15,538 - DEBUG - Done with 17+ [line 696472]
2021-06-22 11:50:15,538 - DEBUG - Assigning indexes to genes
2021-06-22 11:50:15,540 - DEBUG - Seen 12800 genes until now
2021-06-22 11:50:15,540 - DEBUG - Parsing Chromosome 18 strand - [line 696473]
2021-06-22 11:50:15,590 - DEBUG - Done with 18- [line 709486]
2021-06-22 11:50:15,590 - DEBUG - Assigning indexes to genes
2021-06-22 11:50:15,591 - DEBUG - Seen 13059 genes until now
2021-06-22 11:50:15,591 - DEBUG - Parsing Chromosome 18 strand + [line 709487]
2021-06-22 11:50:15,660 - DEBUG - Done with 18+ [line 728027]
2021-06-22 11:50:15,660 - DEBUG - Assigning indexes to genes
2021-06-22 11:50:15,662 - DEBUG - Seen 13409 genes until now
2021-06-22 11:50:15,662 - DEBUG - Parsing Chromosome 19 strand - [line 728028]
2021-06-22 11:50:15,756 - DEBUG - Done with 19- [line 752316]
2021-06-22 11:50:15,756 - DEBUG - Assigning indexes to genes
2021-06-22 11:50:15,757 - DEBUG - Seen 13815 genes until now
2021-06-22 11:50:15,757 - DEBUG - Parsing Chromosome 19 strand + [line 752317]
2021-06-22 11:50:15,837 - DEBUG - Done with 19+ [line 773600]
2021-06-22 11:50:15,837 - DEBUG - Assigning indexes to genes
2021-06-22 11:50:15,839 - DEBUG - Seen 14224 genes until now
2021-06-22 11:50:15,839 - DEBUG - Parsing Chromosome 2 strand - [line 773601]
2021-06-22 11:50:16,135 - DEBUG - Done with 2- [line 848821]
2021-06-22 11:50:16,135 - DEBUG - Assigning indexes to genes
2021-06-22 11:50:16,356 - DEBUG - Seen 15398 genes until now
2021-06-22 11:50:16,356 - DEBUG - Parsing Chromosome 2 strand + [line 848822]
2021-06-22 11:50:16,629 - DEBUG - Done with 2+ [line 918704]
2021-06-22 11:50:16,629 - DEBUG - Assigning indexes to genes
2021-06-22 11:50:16,635 - DEBUG - Seen 16582 genes until now
2021-06-22 11:50:16,635 - DEBUG - Parsing Chromosome 3 strand - [line 918705]
2021-06-22 11:50:16,783 - DEBUG - Done with 3- [line 957202]
2021-06-22 11:50:16,783 - DEBUG - Assigning indexes to genes
2021-06-22 11:50:16,786 - DEBUG - Seen 17302 genes until now
2021-06-22 11:50:16,786 - DEBUG - Parsing Chromosome 3 strand + [line 957203]
2021-06-22 11:50:16,950 - DEBUG - Done with 3+ [line 1000138]
2021-06-22 11:50:16,950 - DEBUG - Assigning indexes to genes
2021-06-22 11:50:16,954 - DEBUG - Seen 18021 genes until now
2021-06-22 11:50:16,954 - DEBUG - Parsing Chromosome 4 strand - [line 1000139]
2021-06-22 11:50:17,150 - DEBUG - Done with 4- [line 1050727]
2021-06-22 11:50:17,150 - DEBUG - Assigning indexes to genes
2021-06-22 11:50:17,154 - DEBUG - Seen 18875 genes until now
2021-06-22 11:50:17,154 - DEBUG - Parsing Chromosome 4 strand + [line 1050728]
2021-06-22 11:50:17,344 - DEBUG - Done with 4+ [line 1099723]
2021-06-22 11:50:17,344 - DEBUG - Assigning indexes to genes
2021-06-22 11:50:17,348 - DEBUG - Seen 19731 genes until now
2021-06-22 11:50:17,348 - DEBUG - Parsing Chromosome 5 strand - [line 1099724]
2021-06-22 11:50:17,823 - DEBUG - Done with 5- [line 1157394]
2021-06-22 11:50:17,823 - DEBUG - Assigning indexes to genes
2021-06-22 11:50:17,828 - DEBUG - Seen 20622 genes until now
2021-06-22 11:50:17,828 - DEBUG - Parsing Chromosome 5 strand + [line 1157395]
2021-06-22 11:50:18,053 - DEBUG - Done with 5+ [line 1215626]
2021-06-22 11:50:18,053 - DEBUG - Assigning indexes to genes
2021-06-22 11:50:18,058 - DEBUG - Seen 21539 genes until now
2021-06-22 11:50:18,058 - DEBUG - Parsing Chromosome 6 strand - [line 1215627]
2021-06-22 11:50:18,228 - DEBUG - Done with 6- [line 1260326]
2021-06-22 11:50:18,228 - DEBUG - Assigning indexes to genes
2021-06-22 11:50:18,232 - DEBUG - Seen 22385 genes until now
2021-06-22 11:50:18,232 - DEBUG - Parsing Chromosome 6 strand + [line 1260327]
2021-06-22 11:50:18,411 - DEBUG - Done with 6+ [line 1307744]
2021-06-22 11:50:18,411 - DEBUG - Assigning indexes to genes
2021-06-22 11:50:18,415 - DEBUG - Seen 23304 genes until now
2021-06-22 11:50:18,415 - DEBUG - Parsing Chromosome 7 strand - [line 1307745]
2021-06-22 11:50:18,686 - DEBUG - Done with 7- [line 1379880]
2021-06-22 11:50:18,686 - DEBUG - Assigning indexes to genes
2021-06-22 11:50:18,692 - DEBUG - Seen 24656 genes until now
2021-06-22 11:50:18,692 - DEBUG - Parsing Chromosome 7 strand + [line 1379881]
2021-06-22 11:50:18,956 - DEBUG - Done with 7+ [line 1450335]
2021-06-22 11:50:18,956 - DEBUG - Assigning indexes to genes
2021-06-22 11:50:18,962 - DEBUG - Seen 25873 genes until now
2021-06-22 11:50:18,962 - DEBUG - Parsing Chromosome 8 strand - [line 1450336]
2021-06-22 11:50:19,389 - DEBUG - Done with 8- [line 1485523]
2021-06-22 11:50:19,389 - DEBUG - Assigning indexes to genes
2021-06-22 11:50:19,392 - DEBUG - Seen 26580 genes until now
2021-06-22 11:50:19,392 - DEBUG - Parsing Chromosome 8 strand + [line 1485524]
2021-06-22 11:50:19,571 - DEBUG - Done with 8+ [line 1531960]
2021-06-22 11:50:19,571 - DEBUG - Assigning indexes to genes
2021-06-22 11:50:19,574 - DEBUG - Seen 27398 genes until now
2021-06-22 11:50:19,574 - DEBUG - Parsing Chromosome 9 strand - [line 1531961]
2021-06-22 11:50:19,775 - DEBUG - Done with 9- [line 1583207]
2021-06-22 11:50:19,775 - DEBUG - Assigning indexes to genes
2021-06-22 11:50:19,779 - DEBUG - Seen 28230 genes until now
2021-06-22 11:50:19,779 - DEBUG - Parsing Chromosome 9 strand + [line 1583208]
2021-06-22 11:50:19,982 - DEBUG - Done with 9+ [line 1635954]
2021-06-22 11:50:19,982 - DEBUG - Assigning indexes to genes
2021-06-22 11:50:19,987 - DEBUG - Seen 29142 genes until now
2021-06-22 11:50:19,987 - DEBUG - Parsing Chromosome GL456210.1 strand - [line 1635955]
2021-06-22 11:50:19,987 - DEBUG - Done with GL456210.1- [line 1635981]
2021-06-22 11:50:19,987 - DEBUG - Assigning indexes to genes
2021-06-22 11:50:19,987 - DEBUG - Seen 29145 genes until now
2021-06-22 11:50:19,987 - DEBUG - Parsing Chromosome GL456210.1 strand + [line 1635982]
2021-06-22 11:50:19,987 - DEBUG - Done with GL456210.1+ [line 1635996]
2021-06-22 11:50:19,987 - DEBUG - Assigning indexes to genes
2021-06-22 11:50:19,987 - DEBUG - Seen 29147 genes until now
2021-06-22 11:50:19,987 - DEBUG - Parsing Chromosome GL456211.1 strand - [line 1635997]
2021-06-22 11:50:19,987 - DEBUG - Done with GL456211.1- [line 1636024]
2021-06-22 11:50:19,987 - DEBUG - Assigning indexes to genes
2021-06-22 11:50:19,987 - DEBUG - Seen 29151 genes until now
2021-06-22 11:50:19,987 - DEBUG - Parsing Chromosome GL456211.1 strand + [line 1636025]
2021-06-22 11:50:19,988 - DEBUG - Done with GL456211.1+ [line 1636050]
2021-06-22 11:50:19,988 - DEBUG - Assigning indexes to genes
2021-06-22 11:50:19,988 - DEBUG - Seen 29153 genes until now
2021-06-22 11:50:19,988 - DEBUG - Parsing Chromosome GL456212.1 strand - [line 1636051]
2021-06-22 11:50:19,988 - DEBUG - Done with GL456212.1- [line 1636086]
2021-06-22 11:50:19,988 - DEBUG - Assigning indexes to genes
2021-06-22 11:50:19,988 - DEBUG - Seen 29155 genes until now
2021-06-22 11:50:19,988 - DEBUG - Parsing Chromosome GL456216.1 strand + [line 1636087]
2021-06-22 11:50:19,988 - DEBUG - Done with GL456216.1+ [line 1636106]
2021-06-22 11:50:19,988 - DEBUG - Assigning indexes to genes
2021-06-22 11:50:19,988 - DEBUG - Seen 29156 genes until now
2021-06-22 11:50:19,988 - DEBUG - Parsing Chromosome GL456219.1 strand - [line 1636107]
2021-06-22 11:50:19,988 - DEBUG - Done with GL456219.1- [line 1636118]
2021-06-22 11:50:19,988 - DEBUG - Assigning indexes to genes
2021-06-22 11:50:19,989 - DEBUG - Seen 29158 genes until now
2021-06-22 11:50:19,989 - DEBUG - Parsing Chromosome GL456221.1 strand - [line 1636119]
2021-06-22 11:50:19,989 - DEBUG - Done with GL456221.1- [line 1636162]
2021-06-22 11:50:19,989 - DEBUG - Assigning indexes to genes
2021-06-22 11:50:19,989 - DEBUG - Seen 29162 genes until now
2021-06-22 11:50:19,989 - DEBUG - Parsing Chromosome GL456221.1 strand + [line 1636163]
2021-06-22 11:50:19,989 - DEBUG - Done with GL456221.1+ [line 1636181]
2021-06-22 11:50:19,989 - DEBUG - Assigning indexes to genes
2021-06-22 11:50:19,989 - DEBUG - Seen 29165 genes until now
2021-06-22 11:50:19,989 - DEBUG - Parsing Chromosome GL456233.1 strand - [line 1636182]
2021-06-22 11:50:19,989 - DEBUG - Done with GL456233.1- [line 1636213]
2021-06-22 11:50:19,989 - DEBUG - Assigning indexes to genes
2021-06-22 11:50:19,990 - DEBUG - Seen 29167 genes until now
2021-06-22 11:50:19,990 - DEBUG - Parsing Chromosome GL456233.1 strand + [line 1636214]
2021-06-22 11:50:19,990 - DEBUG - Done with GL456233.1+ [line 1636244]
2021-06-22 11:50:19,990 - DEBUG - Assigning indexes to genes
2021-06-22 11:50:19,990 - DEBUG - Seen 29169 genes until now
2021-06-22 11:50:19,990 - DEBUG - Parsing Chromosome GL456350.1 strand - [line 1636245]
2021-06-22 11:50:19,990 - DEBUG - Done with GL456350.1- [line 1636304]
2021-06-22 11:50:19,990 - DEBUG - Assigning indexes to genes
2021-06-22 11:50:19,990 - DEBUG - Seen 29174 genes until now
2021-06-22 11:50:19,990 - DEBUG - Parsing Chromosome GL456354.1 strand - [line 1636305]
2021-06-22 11:50:19,990 - DEBUG - Done with GL456354.1- [line 1636337]
2021-06-22 11:50:19,991 - DEBUG - Assigning indexes to genes
2021-06-22 11:50:19,991 - DEBUG - Seen 29177 genes until now
2021-06-22 11:50:19,991 - DEBUG - Parsing Chromosome GL456354.1 strand + [line 1636338]
2021-06-22 11:50:19,991 - DEBUG - Done with GL456354.1+ [line 1636357]
2021-06-22 11:50:19,991 - DEBUG - Assigning indexes to genes
2021-06-22 11:50:19,991 - DEBUG - Seen 29179 genes until now
2021-06-22 11:50:19,991 - DEBUG - Parsing Chromosome JH584292.1 strand + [line 1636358]
2021-06-22 11:50:19,991 - DEBUG - Done with JH584292.1+ [line 1636433]
2021-06-22 11:50:19,991 - DEBUG - Assigning indexes to genes
2021-06-22 11:50:19,991 - DEBUG - Seen 29180 genes until now
2021-06-22 11:50:19,991 - DEBUG - Parsing Chromosome JH584293.1 strand - [line 1636434]
2021-06-22 11:50:19,992 - DEBUG - Done with JH584293.1- [line 1636500]
2021-06-22 11:50:19,992 - DEBUG - Assigning indexes to genes
2021-06-22 11:50:19,992 - DEBUG - Seen 29186 genes until now
2021-06-22 11:50:19,992 - DEBUG - Parsing Chromosome JH584293.1 strand + [line 1636501]
2021-06-22 11:50:19,992 - DEBUG - Done with JH584293.1+ [line 1636542]
2021-06-22 11:50:19,992 - DEBUG - Assigning indexes to genes
2021-06-22 11:50:19,992 - DEBUG - Seen 29189 genes until now
2021-06-22 11:50:19,992 - DEBUG - Parsing Chromosome JH584294.1 strand - [line 1636543]
2021-06-22 11:50:19,992 - DEBUG - Done with JH584294.1- [line 1636607]
2021-06-22 11:50:19,993 - DEBUG - Assigning indexes to genes
2021-06-22 11:50:19,993 - DEBUG - Seen 29193 genes until now
2021-06-22 11:50:19,993 - DEBUG - Parsing Chromosome JH584294.1 strand + [line 1636608]
2021-06-22 11:50:19,993 - DEBUG - Done with JH584294.1+ [line 1636631]
2021-06-22 11:50:19,993 - DEBUG - Assigning indexes to genes
2021-06-22 11:50:19,993 - DEBUG - Seen 29195 genes until now
2021-06-22 11:50:19,993 - DEBUG - Parsing Chromosome JH584295.1 strand - [line 1636632]
2021-06-22 11:50:19,993 - DEBUG - Done with JH584295.1- [line 1636647]
2021-06-22 11:50:19,993 - DEBUG - Assigning indexes to genes
2021-06-22 11:50:19,993 - DEBUG - Seen 29196 genes until now
2021-06-22 11:50:19,993 - DEBUG - Parsing Chromosome JH584296.1 strand - [line 1636648]
2021-06-22 11:50:19,993 - DEBUG - Done with JH584296.1- [line 1636675]
2021-06-22 11:50:19,993 - DEBUG - Assigning indexes to genes
2021-06-22 11:50:19,993 - DEBUG - Seen 29199 genes until now
2021-06-22 11:50:19,993 - DEBUG - Parsing Chromosome JH584297.1 strand - [line 1636676]
2021-06-22 11:50:19,994 - DEBUG - Done with JH584297.1- [line 1636694]
2021-06-22 11:50:19,994 - DEBUG - Assigning indexes to genes
2021-06-22 11:50:19,994 - DEBUG - Seen 29201 genes until now
2021-06-22 11:50:19,994 - DEBUG - Parsing Chromosome JH584297.1 strand + [line 1636695]
2021-06-22 11:50:19,994 - DEBUG - Done with JH584297.1+ [line 1636703]
2021-06-22 11:50:19,994 - DEBUG - Assigning indexes to genes
2021-06-22 11:50:19,994 - DEBUG - Seen 29202 genes until now
2021-06-22 11:50:19,994 - DEBUG - Parsing Chromosome JH584298.1 strand - [line 1636704]
2021-06-22 11:50:19,994 - DEBUG - Done with JH584298.1- [line 1636714]
2021-06-22 11:50:19,994 - DEBUG - Assigning indexes to genes
2021-06-22 11:50:19,994 - DEBUG - Seen 29203 genes until now
2021-06-22 11:50:19,994 - DEBUG - Parsing Chromosome JH584298.1 strand + [line 1636715]
2021-06-22 11:50:19,994 - DEBUG - Done with JH584298.1+ [line 1636735]
2021-06-22 11:50:19,994 - DEBUG - Assigning indexes to genes
2021-06-22 11:50:19,994 - DEBUG - Seen 29205 genes until now
2021-06-22 11:50:19,994 - DEBUG - Parsing Chromosome JH584299.1 strand - [line 1636736]
2021-06-22 11:50:19,995 - DEBUG - Done with JH584299.1- [line 1636745]
2021-06-22 11:50:19,995 - DEBUG - Assigning indexes to genes
2021-06-22 11:50:19,995 - DEBUG - Seen 29206 genes until now
2021-06-22 11:50:19,995 - DEBUG - Parsing Chromosome JH584299.1 strand + [line 1636746]
2021-06-22 11:50:19,995 - DEBUG - Done with JH584299.1+ [line 1636857]
2021-06-22 11:50:19,995 - DEBUG - Assigning indexes to genes
2021-06-22 11:50:19,995 - DEBUG - Seen 29217 genes until now
2021-06-22 11:50:19,995 - DEBUG - Parsing Chromosome JH584303.1 strand + [line 1636858]
2021-06-22 11:50:19,995 - DEBUG - Done with JH584303.1+ [line 1636862]
2021-06-22 11:50:19,995 - DEBUG - Assigning indexes to genes
2021-06-22 11:50:19,995 - DEBUG - Seen 29218 genes until now
2021-06-22 11:50:19,996 - DEBUG - Parsing Chromosome JH584304.1 strand - [line 1636863]
2021-06-22 11:50:19,996 - DEBUG - Done with JH584304.1- [line 1636895]
2021-06-22 11:50:19,996 - DEBUG - Assigning indexes to genes
2021-06-22 11:50:19,996 - DEBUG - Seen 29219 genes until now
2021-06-22 11:50:19,996 - DEBUG - Parsing Chromosome MT strand - [line 1636896]
2021-06-22 11:50:19,996 - DEBUG - Done with MT- [line 1636901]
2021-06-22 11:50:19,996 - DEBUG - Assigning indexes to genes
2021-06-22 11:50:19,996 - DEBUG - Seen 29220 genes until now
2021-06-22 11:50:19,996 - DEBUG - Parsing Chromosome MT strand + [line 1636902]
2021-06-22 11:50:19,996 - DEBUG - Done with MT+ [line 1636970]
2021-06-22 11:50:19,996 - DEBUG - Assigning indexes to genes
2021-06-22 11:50:19,996 - DEBUG - Seen 29232 genes until now
2021-06-22 11:50:19,996 - DEBUG - Parsing Chromosome X strand - [line 1636971]
2021-06-22 11:50:20,099 - DEBUG - Done with X- [line 1663962]
2021-06-22 11:50:20,099 - DEBUG - Assigning indexes to genes
2021-06-22 11:50:20,101 - DEBUG - Seen 29755 genes until now
2021-06-22 11:50:20,101 - DEBUG - Parsing Chromosome X strand + [line 1663963]
2021-06-22 11:50:20,217 - DEBUG - Done with X+ [line 1694333]
2021-06-22 11:50:20,217 - DEBUG - Assigning indexes to genes
2021-06-22 11:50:20,219 - DEBUG - Seen 30320 genes until now
2021-06-22 11:50:20,219 - DEBUG - Parsing Chromosome Y strand - [line 1694334]
2021-06-22 11:50:20,238 - DEBUG - Done with Y- [line 1698842]
2021-06-22 11:50:20,238 - DEBUG - Assigning indexes to genes
2021-06-22 11:50:20,239 - DEBUG - Seen 30662 genes until now
2021-06-22 11:50:20,239 - DEBUG - Parsing Chromosome Y strand + [line 1698843]
2021-06-22 11:50:20,260 - DEBUG - Assigning indexes to genes
2021-06-22 11:50:20,261 - DEBUG - Done with Y+ [line 1704063]
2021-06-22 11:50:20,262 - DEBUG - Fixing corner cases of transcript models containg intron longer than 1000Kbp
2021-06-22 11:50:21,156 - DEBUG - Generated 1423079 features corresponding to 111079 transcript models from /research/peer/fdeckert/FD20200109SPLENO/data/mm10/cellranger/Mus_musculus.GRCm38.93.filtered.gtf
2021-06-22 11:50:21,170 - INFO - Load the repeat masking annotation from /research/peer/fdeckert/FD20200109SPLENO/data/mm10/mm10_rmsk.gtf
2021-06-22 11:50:21,170 - DEBUG - Reading /research/peer/fdeckert/FD20200109SPLENO/data/mm10/mm10_rmsk.gtf, the file will be sorted in memory
2021-06-22 11:50:45,456 - DEBUG - Processed masked annotation .gtf and generated 4252016 intervals to mask!
2021-06-22 11:50:45,683 - INFO - Scan /research/peer/fdeckert/FD20200109SPLENO/data/BSA_0355_SM01_10x_SPLENO/OUT/COUNT/M1_CpG_Prog_transcriptome/possorted_genome_bam.bam to validate intron intervals
2021-06-22 11:50:47,921 - DEBUG - Reading /research/peer/fdeckert/FD20200109SPLENO/data/BSA_0355_SM01_10x_SPLENO/OUT/COUNT/M1_CpG_Prog_transcriptome/possorted_genome_bam.bam
2021-06-22 11:50:47,931 - DEBUG - Read first 0 million reads
2021-06-22 11:50:47,953 - DEBUG - Marking up chromosome 1
2021-06-22 11:51:11,758 - DEBUG - Marking up chromosome 10
2021-06-22 11:51:32,036 - DEBUG - Marking up chromosome 11
2021-06-22 11:51:43,350 - DEBUG - Read first 10 million reads
2021-06-22 11:52:12,205 - DEBUG - Marking up chromosome 12
2021-06-22 11:52:26,218 - DEBUG - Marking up chromosome 13
2021-06-22 11:52:44,185 - DEBUG - Read first 20 million reads
2021-06-22 11:52:44,360 - DEBUG - Marking up chromosome 14
2021-06-22 11:52:57,802 - DEBUG - Marking up chromosome 15
2021-06-22 11:53:13,354 - DEBUG - Marking up chromosome 16
2021-06-22 11:53:24,307 - DEBUG - Marking up chromosome 17
2021-06-22 11:53:48,232 - DEBUG - Marking up chromosome 18
2021-06-22 11:53:50,711 - DEBUG - Read first 30 million reads
2021-06-22 11:53:58,079 - DEBUG - Marking up chromosome 19
2021-06-22 11:54:14,475 - DEBUG - Marking up chromosome 2
2021-06-22 11:54:41,110 - DEBUG - Marking up chromosome 3
2021-06-22 11:54:57,294 - DEBUG - Read first 40 million reads
2021-06-22 11:54:59,181 - DEBUG - Marking up chromosome 4
2021-06-22 11:55:25,454 - DEBUG - Marking up chromosome 5
2021-06-22 11:55:51,443 - DEBUG - Marking up chromosome 6
2021-06-22 11:56:04,796 - DEBUG - Read first 50 million reads
2021-06-22 11:56:11,012 - DEBUG - Marking up chromosome 7
2021-06-22 11:57:02,299 - DEBUG - Marking up chromosome 8
2021-06-22 11:57:07,644 - DEBUG - Read first 60 million reads
2021-06-22 11:57:22,992 - DEBUG - Marking up chromosome 9
2021-06-22 11:57:48,393 - DEBUG - Marking up chromosome MT
2021-06-22 11:57:58,492 - DEBUG - Marking up chromosome X
2021-06-22 11:58:06,868 - DEBUG - Read first 70 million reads
2021-06-22 11:58:10,086 - DEBUG - Marking up chromosome Y
2021-06-22 11:58:10,300 - DEBUG - Marking up chromosome JH584299.1
2021-06-22 11:58:10,302 - DEBUG - Marking up chromosome GL456233.1
2021-06-22 11:58:10,311 - DEBUG - Marking up chromosome GL456211.1
2021-06-22 11:58:10,315 - DEBUG - Marking up chromosome GL456221.1
2021-06-22 11:58:10,319 - DEBUG - Marking up chromosome JH584298.1
2021-06-22 11:58:10,319 - DEBUG - Marking up chromosome JH584300.1
2021-06-22 11:58:10,319 - WARNING - The .bam file refers to a chromosome 'JH584300.1+' not present in the annotation (.gtf) file
2021-06-22 11:58:10,320 - WARNING - The .bam file refers to a chromosome 'JH584300.1-' not present in the annotation (.gtf) file
2021-06-22 11:58:10,338 - DEBUG - Marking up chromosome GL456210.1
2021-06-22 11:58:10,340 - DEBUG - Marking up chromosome GL456212.1
2021-06-22 11:58:10,340 - WARNING - The .bam file refers to a chromosome 'GL456212.1+' not present in the annotation (.gtf) file
2021-06-22 11:58:10,341 - DEBUG - Marking up chromosome JH584304.1
2021-06-22 11:58:10,341 - WARNING - The .bam file refers to a chromosome 'JH584304.1+' not present in the annotation (.gtf) file
2021-06-22 11:58:10,374 - DEBUG - Marking up chromosome GL456216.1
2021-06-22 11:58:10,374 - WARNING - The .bam file refers to a chromosome 'GL456216.1-' not present in the annotation (.gtf) file
2021-06-22 11:58:10,401 - DEBUG - Marking up chromosome GL456366.1
2021-06-22 11:58:10,401 - WARNING - The .bam file refers to a chromosome 'GL456366.1+' not present in the annotation (.gtf) file
2021-06-22 11:58:10,401 - WARNING - The .bam file refers to a chromosome 'GL456366.1-' not present in the annotation (.gtf) file
2021-06-22 11:58:10,402 - DEBUG - Marking up chromosome GL456385.1
2021-06-22 11:58:10,402 - WARNING - The .bam file refers to a chromosome 'GL456385.1+' not present in the annotation (.gtf) file
2021-06-22 11:58:10,402 - WARNING - The .bam file refers to a chromosome 'GL456385.1-' not present in the annotation (.gtf) file
2021-06-22 11:58:10,403 - DEBUG - Marking up chromosome GL456372.1
2021-06-22 11:58:10,403 - WARNING - The .bam file refers to a chromosome 'GL456372.1+' not present in the annotation (.gtf) file
2021-06-22 11:58:10,403 - WARNING - The .bam file refers to a chromosome 'GL456372.1-' not present in the annotation (.gtf) file
2021-06-22 11:58:10,403 - DEBUG - Marking up chromosome GL456370.1
2021-06-22 11:58:10,404 - WARNING - The .bam file refers to a chromosome 'GL456370.1+' not present in the annotation (.gtf) file
2021-06-22 11:58:10,404 - WARNING - The .bam file refers to a chromosome 'GL456370.1-' not present in the annotation (.gtf) file
2021-06-22 11:58:10,406 - DEBUG - Marking up chromosome GL456382.1
2021-06-22 11:58:10,406 - WARNING - The .bam file refers to a chromosome 'GL456382.1+' not present in the annotation (.gtf) file
2021-06-22 11:58:10,406 - WARNING - The .bam file refers to a chromosome 'GL456382.1-' not present in the annotation (.gtf) file
2021-06-22 11:58:10,493 - DEBUG - Marking up chromosome GL456396.1
2021-06-22 11:58:10,494 - WARNING - The .bam file refers to a chromosome 'GL456396.1+' not present in the annotation (.gtf) file
2021-06-22 11:58:10,494 - WARNING - The .bam file refers to a chromosome 'GL456396.1-' not present in the annotation (.gtf) file
2021-06-22 11:58:10,494 - DEBUG - Marking up chromosome JH584295.1
2021-06-22 11:58:10,495 - WARNING - The .bam file refers to a chromosome 'JH584295.1+' not present in the annotation (.gtf) file
2021-06-22 11:58:29,190 - DEBUG - Read first 80 million reads
2021-06-22 11:58:29,590 - DEBUG - End of file. Reset index: start scanning from initial position.
2021-06-22 11:58:29,590 - DEBUG - 1023595 reads were skipped because no apropiate cell or umi barcode was found
2021-06-22 11:58:29,590 - DEBUG - Start molecule counting!
2021-06-22 11:58:32,886 - DEBUG - Features available for chromosomes : ['1-', '1+', '10-', '10+', '11-', '11+', '12-', '12+', '13-', '13+', '14-', '14+', '15-', '15+', '16-', '16+', '17-', '17+', '18-', '18+', '19-', '19+', '2-', '2+', '3-', '3+', '4-', '4+', '5-', '5+', '6-', '6+', '7-', '7+', '8-', '8+', '9-', '9+', 'GL456210.1-', 'GL456210.1+', 'GL456211.1-', 'GL456211.1+', 'GL456212.1-', 'GL456216.1+', 'GL456219.1-', 'GL456221.1-', 'GL456221.1+', 'GL456233.1-', 'GL456233.1+', 'GL456350.1-', 'GL456354.1-', 'GL456354.1+', 'JH584292.1+', 'JH584293.1-', 'JH584293.1+', 'JH584294.1-', 'JH584294.1+', 'JH584295.1-', 'JH584296.1-', 'JH584297.1-', 'JH584297.1+', 'JH584298.1-', 'JH584298.1+', 'JH584299.1-', 'JH584299.1+', 'JH584303.1+', 'JH584304.1-', 'MT-', 'MT+', 'X-', 'X+', 'Y-', 'Y+']
2021-06-22 11:58:32,886 - DEBUG - Mask available for chromosomes : ['1-', '1+', '10-', '10+', '11-', '11+', '12-', '12+', '13-', '13+', '14-', '14+', '15-', '15+', '16-', '16+', '17-', '17+', '18-', '18+', '19-', '19+', '1_GL456210_random-', '1_GL456210_random+', '1_GL456211_random-', '1_GL456211_random+', '1_GL456212_random-', '1_GL456212_random+', '1_GL456213_random-', '1_GL456213_random+', '1_GL456221_random-', '1_GL456221_random+', '2-', '2+', '3-', '3+', '4-', '4+', '4_GL456216_random-', '4_GL456216_random+', '4_GL456350_random-', '4_GL456350_random+', '4_JH584292_random-', '4_JH584292_random+', '4_JH584293_random-', '4_JH584293_random+', '4_JH584294_random-', '4_JH584294_random+', '4_JH584295_random+', '5-', '5+', '5_GL456354_random-', '5_GL456354_random+', '5_JH584296_random-', '5_JH584296_random+', '5_JH584297_random-', '5_JH584297_random+', '5_JH584298_random-', '5_JH584298_random+', '5_JH584299_random-', '5_JH584299_random+', '6-', '6+', '7-', '7+', '7_GL456219_random-', '7_GL456219_random+', '8-', '8+', '9-', '9+', 'M-', 'M+', 'Un_GL456239-', 'Un_GL456239+', 'Un_GL456359-', 'Un_GL456359+', 'Un_GL456360-', 'Un_GL456360+', 'Un_GL456366-', 'Un_GL456366+', 'Un_GL456367-', 'Un_GL456367+', 'Un_GL456368-', 'Un_GL456368+', 'Un_GL456370+', 'Un_GL456372-', 'Un_GL456372+', 'Un_GL456378-', 'Un_GL456378+', 'Un_GL456379-', 'Un_GL456379+', 'Un_GL456381-', 'Un_GL456381+', 'Un_GL456382-', 'Un_GL456382+', 'Un_GL456383-', 'Un_GL456383+', 'Un_GL456385-', 'Un_GL456385+', 'Un_GL456387-', 'Un_GL456387+', 'Un_GL456389-', 'Un_GL456389+', 'Un_GL456390-', 'Un_GL456390+', 'Un_GL456392-', 'Un_GL456392+', 'Un_GL456393-', 'Un_GL456393+', 'Un_GL456394-', 'Un_GL456394+', 'Un_GL456396-', 'Un_GL456396+', 'Un_JH584304-', 'Un_JH584304+', 'X-', 'X+', 'X_GL456233_random-', 'X_GL456233_random+', 'Y-', 'Y+', 'Y_JH584300_random-', 'Y_JH584300_random+', 'Y_JH584301_random-', 'Y_JH584301_random+', 'Y_JH584302_random-', 'Y_JH584302_random+', 'Y_JH584303_random-']
2021-06-22 11:58:32,886 - DEBUG - Summarizing the results of intron validation.
2021-06-22 11:58:33,162 - DEBUG - Validated 104655 introns (of which unique intervals 40452) out of 656000 total possible introns (considering each possible transcript models).
2021-06-22 11:58:33,163 - DEBUG - Reading /research/peer/fdeckert/FD20200109SPLENO/data/BSA_0355_SM01_10x_SPLENO/OUT/COUNT/M1_CpG_Prog_transcriptome/cellsorted_possorted_genome_bam.bam
2021-06-22 11:58:33,185 - DEBUG - Read first 0 million reads
2021-06-22 11:58:54,027 - DEBUG - Counting for batch 1, containing 100 cells and 665785 reads
2021-06-22 11:59:16,988 - DEBUG - 25147 reads not considered because fully enclosed in repeat masked regions
2021-06-22 11:59:35,697 - DEBUG - Counting for batch 2, containing 100 cells and 690920 reads
2021-06-22 11:59:59,312 - DEBUG - 25947 reads not considered because fully enclosed in repeat masked regions
2021-06-22 12:00:18,574 - DEBUG - Counting for batch 3, containing 100 cells and 669664 reads
2021-06-22 12:00:43,387 - DEBUG - 26276 reads not considered because fully enclosed in repeat masked regions
2021-06-22 12:00:56,067 - DEBUG - Read first 10 million reads
2021-06-22 12:01:01,394 - DEBUG - Counting for batch 4, containing 100 cells and 672457 reads
2021-06-22 12:01:24,785 - DEBUG - 26657 reads not considered because fully enclosed in repeat masked regions
2021-06-22 12:01:43,458 - DEBUG - Counting for batch 5, containing 100 cells and 673448 reads
2021-06-22 12:02:07,052 - DEBUG - 25184 reads not considered because fully enclosed in repeat masked regions
2021-06-22 12:02:26,888 - DEBUG - Counting for batch 6, containing 100 cells and 649508 reads
2021-06-22 12:02:49,526 - DEBUG - 23564 reads not considered because fully enclosed in repeat masked regions
2021-06-22 12:03:07,826 - DEBUG - Counting for batch 7, containing 100 cells and 629647 reads
2021-06-22 12:03:29,608 - DEBUG - 23393 reads not considered because fully enclosed in repeat masked regions
2021-06-22 12:03:44,594 - DEBUG - Read first 20 million reads
2021-06-22 12:03:49,223 - DEBUG - Counting for batch 8, containing 100 cells and 660918 reads
2021-06-22 12:04:12,546 - DEBUG - 25517 reads not considered because fully enclosed in repeat masked regions
2021-06-22 12:04:31,524 - DEBUG - Counting for batch 9, containing 100 cells and 751763 reads
2021-06-22 12:04:58,548 - DEBUG - 28619 reads not considered because fully enclosed in repeat masked regions
2021-06-22 12:05:17,075 - DEBUG - Counting for batch 10, containing 100 cells and 650471 reads
2021-06-22 12:05:39,618 - DEBUG - 24202 reads not considered because fully enclosed in repeat masked regions
2021-06-22 12:05:58,564 - DEBUG - Counting for batch 11, containing 100 cells and 733026 reads
2021-06-22 12:06:23,539 - DEBUG - 29039 reads not considered because fully enclosed in repeat masked regions
2021-06-22 12:06:42,349 - DEBUG - Read first 30 million reads
2021-06-22 12:06:44,955 - DEBUG - Counting for batch 12, containing 100 cells and 749753 reads
2021-06-22 12:07:10,110 - DEBUG - 28632 reads not considered because fully enclosed in repeat masked regions
2021-06-22 12:07:31,032 - DEBUG - Counting for batch 13, containing 100 cells and 708105 reads
2021-06-22 12:07:56,655 - DEBUG - 26334 reads not considered because fully enclosed in repeat masked regions
2021-06-22 12:08:14,425 - DEBUG - Counting for batch 14, containing 100 cells and 636745 reads
2021-06-22 12:08:36,530 - DEBUG - 24768 reads not considered because fully enclosed in repeat masked regions
2021-06-22 12:08:53,369 - DEBUG - Counting for batch 15, containing 100 cells and 662788 reads
2021-06-22 12:09:17,644 - DEBUG - 26559 reads not considered because fully enclosed in repeat masked regions
2021-06-22 12:09:34,685 - DEBUG - Counting for batch 16, containing 100 cells and 616723 reads
2021-06-22 12:09:56,334 - DEBUG - 24070 reads not considered because fully enclosed in repeat masked regions
2021-06-22 12:10:04,318 - DEBUG - Read first 40 million reads
2021-06-22 12:10:14,956 - DEBUG - Counting for batch 17, containing 100 cells and 672101 reads
2021-06-22 12:10:37,944 - DEBUG - 25554 reads not considered because fully enclosed in repeat masked regions
2021-06-22 12:10:57,939 - DEBUG - Counting for batch 18, containing 100 cells and 676577 reads
2021-06-22 12:11:22,846 - DEBUG - 24891 reads not considered because fully enclosed in repeat masked regions
2021-06-22 12:11:42,505 - DEBUG - Counting for batch 19, containing 100 cells and 707816 reads
2021-06-22 12:12:06,875 - DEBUG - 25842 reads not considered because fully enclosed in repeat masked regions
2021-06-22 12:12:28,067 - DEBUG - Counting for batch 20, containing 100 cells and 706876 reads
2021-06-22 12:12:52,326 - DEBUG - 25303 reads not considered because fully enclosed in repeat masked regions
2021-06-22 12:12:59,009 - DEBUG - Read first 50 million reads
2021-06-22 12:13:09,925 - DEBUG - Counting for batch 21, containing 100 cells and 636078 reads
2021-06-22 12:13:32,061 - DEBUG - 23916 reads not considered because fully enclosed in repeat masked regions
2021-06-22 12:13:51,937 - DEBUG - Counting for batch 22, containing 100 cells and 654137 reads
2021-06-22 12:14:14,896 - DEBUG - 24256 reads not considered because fully enclosed in repeat masked regions
2021-06-22 12:14:33,754 - DEBUG - Counting for batch 23, containing 100 cells and 620110 reads
2021-06-22 12:14:55,480 - DEBUG - 23371 reads not considered because fully enclosed in repeat masked regions
2021-06-22 12:15:12,485 - DEBUG - Counting for batch 24, containing 100 cells and 622761 reads
2021-06-22 12:15:34,110 - DEBUG - 23494 reads not considered because fully enclosed in repeat masked regions
2021-06-22 12:15:43,848 - DEBUG - Read first 60 million reads
2021-06-22 12:15:53,739 - DEBUG - Counting for batch 25, containing 100 cells and 706954 reads
2021-06-22 12:16:18,201 - DEBUG - 26265 reads not considered because fully enclosed in repeat masked regions
2021-06-22 12:16:39,294 - DEBUG - Counting for batch 26, containing 100 cells and 707670 reads
2021-06-22 12:17:03,323 - DEBUG - 27742 reads not considered because fully enclosed in repeat masked regions
2021-06-22 12:17:23,106 - DEBUG - Counting for batch 27, containing 100 cells and 701610 reads
2021-06-22 12:17:46,930 - DEBUG - 27016 reads not considered because fully enclosed in repeat masked regions
2021-06-22 12:18:07,556 - DEBUG - Counting for batch 28, containing 100 cells and 680300 reads
2021-06-22 12:18:30,697 - DEBUG - 25976 reads not considered because fully enclosed in repeat masked regions
2021-06-22 12:18:40,663 - DEBUG - Read first 70 million reads
2021-06-22 12:18:50,660 - DEBUG - Counting for batch 29, containing 100 cells and 655182 reads
2021-06-22 12:19:13,366 - DEBUG - 24195 reads not considered because fully enclosed in repeat masked regions
2021-06-22 12:19:32,797 - DEBUG - Counting for batch 30, containing 100 cells and 668182 reads
2021-06-22 12:19:55,606 - DEBUG - 23572 reads not considered because fully enclosed in repeat masked regions
2021-06-22 12:20:15,667 - DEBUG - Counting for batch 31, containing 100 cells and 696850 reads
2021-06-22 12:20:41,262 - DEBUG - 26849 reads not considered because fully enclosed in repeat masked regions
2021-06-22 12:20:59,888 - DEBUG - Counting for batch 32, containing 100 cells and 660974 reads
2021-06-22 12:21:22,651 - DEBUG - 25517 reads not considered because fully enclosed in repeat masked regions
2021-06-22 12:21:31,983 - DEBUG - Read first 80 million reads
2021-06-22 12:21:32,975 - DEBUG - Counting for batch 33, containing 43 cells and 257372 reads
2021-06-22 12:21:43,101 - DEBUG - 10022 reads not considered because fully enclosed in repeat masked regions
2021-06-22 12:21:45,244 - DEBUG - 1023595 reads were skipped because no apropiate cell or umi barcode was found
2021-06-22 12:21:45,244 - DEBUG - Counting done!
2021-06-22 12:21:45,250 - DEBUG - Generating output file data/BSA_0355_SM01_10x_SPLENO/OUT/COUNT/M1_CpG_Prog_transcriptome/velocyto.loom
2021-06-22 12:21:45,250 - DEBUG - Collecting row attributes
2021-06-22 12:21:45,329 - DEBUG - Generating data table
2021-06-22 12:21:46,120 - DEBUG - Writing loom file
2021-06-22 12:21:47,277 - DEBUG - Creating converter from 5 to 3
2021-06-22 12:21:47,406 - DEBUG - Creating converter from 3 to 5
2021-06-22 12:21:52,953 - DEBUG - Terminated Succesfully!
