2021-06-22 11:50:10,022 - DEBUG - Using logic: ValidatedIntrons10X
2021-06-22 11:50:10,049 - INFO - Read 4927 cell barcodes from /research/peer/fdeckert/FD20200109SPLENO/data/BSA_0355_SM01_10x_SPLENO/OUT/COUNT/M2_CpG_Prog_transcriptome/filtered_feature_bc_matrix/barcodes.qc.tsv
2021-06-22 11:50:10,049 - DEBUG - Example of barcode: AAACCCAAGCGTTCAT and cell_id: velocyto:AAACCCAAGCGTTCAT-1_4
2021-06-22 11:50:10,066 - DEBUG - Peeking into /research/peer/fdeckert/FD20200109SPLENO/data/BSA_0355_SM01_10x_SPLENO/OUT/COUNT/M2_CpG_Prog_transcriptome/possorted_genome_bam.bam
2021-06-22 11:50:10,146 - WARNING - Not found cell and umi barcode in entry 4 of the bam file
2021-06-22 11:50:10,146 - WARNING - Not found cell and umi barcode in entry 97 of the bam file
2021-06-22 11:50:10,151 - WARNING - Not found cell and umi barcode in entry 194 of the bam file
2021-06-22 11:50:10,152 - WARNING - Not found cell and umi barcode in entry 198 of the bam file
2021-06-22 11:50:10,152 - WARNING - Not found cell and umi barcode in entry 207 of the bam file
2021-06-22 11:50:10,152 - WARNING - Not found cell and umi barcode in entry 239 of the bam file
2021-06-22 11:50:10,152 - WARNING - Not found cell and umi barcode in entry 256 of the bam file
2021-06-22 11:50:10,152 - WARNING - Not found cell and umi barcode in entry 257 of the bam file
2021-06-22 11:50:10,152 - WARNING - Not found cell and umi barcode in entry 271 of the bam file
2021-06-22 11:50:10,153 - WARNING - Not found cell and umi barcode in entry 320 of the bam file
2021-06-22 11:50:10,154 - WARNING - Not found cell and umi barcode in entry 362 of the bam file
2021-06-22 11:50:10,154 - WARNING - Not found cell and umi barcode in entry 363 of the bam file
2021-06-22 11:50:10,154 - WARNING - Not found cell and umi barcode in entry 364 of the bam file
2021-06-22 11:50:10,154 - WARNING - Not found cell and umi barcode in entry 387 of the bam file
2021-06-22 11:50:10,154 - WARNING - Not found cell and umi barcode in entry 394 of the bam file
2021-06-22 11:50:10,154 - WARNING - Not found cell and umi barcode in entry 395 of the bam file
2021-06-22 11:50:10,211 - WARNING - Not found cell and umi barcode in entry 442 of the bam file
2021-06-22 11:50:10,212 - WARNING - Not found cell and umi barcode in entry 443 of the bam file
2021-06-22 11:50:10,212 - WARNING - Not found cell and umi barcode in entry 449 of the bam file
2021-06-22 11:50:10,212 - WARNING - Not found cell and umi barcode in entry 463 of the bam file
2021-06-22 11:50:10,213 - WARNING - Not found cell and umi barcode in entry 488 of the bam file
2021-06-22 11:50:10,213 - WARNING - Not found cell and umi barcode in entry 536 of the bam file
2021-06-22 11:50:10,213 - WARNING - Not found cell and umi barcode in entry 539 of the bam file
2021-06-22 11:50:10,214 - WARNING - Not found cell and umi barcode in entry 540 of the bam file
2021-06-22 11:50:10,215 - WARNING - Not found cell and umi barcode in entry 643 of the bam file
2021-06-22 11:50:10,215 - WARNING - Not found cell and umi barcode in entry 646 of the bam file
2021-06-22 11:50:10,216 - WARNING - Not found cell and umi barcode in entry 649 of the bam file
2021-06-22 11:50:10,216 - WARNING - Not found cell and umi barcode in entry 656 of the bam file
2021-06-22 11:50:10,216 - WARNING - Not found cell and umi barcode in entry 658 of the bam file
2021-06-22 11:50:10,216 - WARNING - Not found cell and umi barcode in entry 665 of the bam file
2021-06-22 11:50:10,217 - WARNING - Not found cell and umi barcode in entry 701 of the bam file
2021-06-22 11:50:10,218 - WARNING - Not found cell and umi barcode in entry 772 of the bam file
2021-06-22 11:50:10,219 - WARNING - Not found cell and umi barcode in entry 786 of the bam file
2021-06-22 11:50:10,219 - WARNING - Not found cell and umi barcode in entry 787 of the bam file
2021-06-22 11:50:10,234 - WARNING - Not found cell and umi barcode in entry 1031 of the bam file
2021-06-22 11:50:10,241 - WARNING - The file /research/peer/fdeckert/FD20200109SPLENO/data/BSA_0355_SM01_10x_SPLENO/OUT/COUNT/M2_CpG_Prog_transcriptome/cellsorted_possorted_genome_bam.bam already exists. The sorting step will be skipped and the existing file will be used.
2021-06-22 11:50:10,241 - INFO - Load the annotation from /research/peer/fdeckert/FD20200109SPLENO/data/mm10/cellranger/Mus_musculus.GRCm38.93.filtered.gtf
2021-06-22 11:50:18,676 - DEBUG - Parsing Chromosome 1 strand - [line 0]
2021-06-22 11:50:19,450 - DEBUG - Done with 1- [line 55263]
2021-06-22 11:50:19,451 - DEBUG - Assigning indexes to genes
2021-06-22 11:50:19,460 - DEBUG - Seen 852 genes until now
2021-06-22 11:50:19,460 - DEBUG - Parsing Chromosome 1 strand + [line 55264]
2021-06-22 11:50:20,171 - DEBUG - Done with 1+ [line 108827]
2021-06-22 11:50:20,171 - DEBUG - Assigning indexes to genes
2021-06-22 11:50:20,181 - DEBUG - Seen 1744 genes until now
2021-06-22 11:50:20,181 - DEBUG - Parsing Chromosome 10 strand - [line 108828]
2021-06-22 11:50:20,593 - DEBUG - Done with 10- [line 148287]
2021-06-22 11:50:20,594 - DEBUG - Assigning indexes to genes
2021-06-22 11:50:20,601 - DEBUG - Seen 2492 genes until now
2021-06-22 11:50:20,601 - DEBUG - Parsing Chromosome 10 strand + [line 148288]
2021-06-22 11:50:21,037 - DEBUG - Done with 10+ [line 190661]
2021-06-22 11:50:21,037 - DEBUG - Assigning indexes to genes
2021-06-22 11:50:21,045 - DEBUG - Seen 3285 genes until now
2021-06-22 11:50:21,045 - DEBUG - Parsing Chromosome 11 strand - [line 190662]
2021-06-22 11:50:21,868 - DEBUG - Done with 11- [line 252011]
2021-06-22 11:50:21,868 - DEBUG - Assigning indexes to genes
2021-06-22 11:50:21,879 - DEBUG - Seen 4335 genes until now
2021-06-22 11:50:21,879 - DEBUG - Parsing Chromosome 11 strand + [line 252012]
2021-06-22 11:50:22,719 - DEBUG - Done with 11+ [line 314062]
2021-06-22 11:50:22,720 - DEBUG - Assigning indexes to genes
2021-06-22 11:50:22,730 - DEBUG - Seen 5320 genes until now
2021-06-22 11:50:22,730 - DEBUG - Parsing Chromosome 12 strand - [line 314063]
2021-06-22 11:50:22,988 - DEBUG - Done with 12- [line 338958]
2021-06-22 11:50:22,988 - DEBUG - Assigning indexes to genes
2021-06-22 11:50:22,993 - DEBUG - Seen 6056 genes until now
2021-06-22 11:50:22,993 - DEBUG - Parsing Chromosome 12 strand + [line 338959]
2021-06-22 11:50:23,348 - DEBUG - Done with 12+ [line 372787]
2021-06-22 11:50:23,348 - DEBUG - Assigning indexes to genes
2021-06-22 11:50:23,353 - DEBUG - Seen 6615 genes until now
2021-06-22 11:50:23,353 - DEBUG - Parsing Chromosome 13 strand - [line 372788]
2021-06-22 11:50:23,703 - DEBUG - Done with 13- [line 406792]
2021-06-22 11:50:23,704 - DEBUG - Assigning indexes to genes
2021-06-22 11:50:23,710 - DEBUG - Seen 7339 genes until now
2021-06-22 11:50:23,710 - DEBUG - Parsing Chromosome 13 strand + [line 406793]
2021-06-22 11:50:23,983 - DEBUG - Done with 13+ [line 433455]
2021-06-22 11:50:23,983 - DEBUG - Assigning indexes to genes
2021-06-22 11:50:23,989 - DEBUG - Seen 8023 genes until now
2021-06-22 11:50:23,990 - DEBUG - Parsing Chromosome 14 strand - [line 433456]
2021-06-22 11:50:24,627 - DEBUG - Done with 14- [line 469680]
2021-06-22 11:50:24,627 - DEBUG - Assigning indexes to genes
2021-06-22 11:50:24,633 - DEBUG - Seen 8704 genes until now
2021-06-22 11:50:24,633 - DEBUG - Parsing Chromosome 14 strand + [line 469681]
2021-06-22 11:50:24,970 - DEBUG - Done with 14+ [line 502857]
2021-06-22 11:50:24,970 - DEBUG - Assigning indexes to genes
2021-06-22 11:50:24,977 - DEBUG - Seen 9518 genes until now
2021-06-22 11:50:24,977 - DEBUG - Parsing Chromosome 15 strand - [line 502858]
2021-06-22 11:50:25,356 - DEBUG - Done with 15- [line 539049]
2021-06-22 11:50:25,356 - DEBUG - Assigning indexes to genes
2021-06-22 11:50:25,362 - DEBUG - Seen 10092 genes until now
2021-06-22 11:50:25,362 - DEBUG - Parsing Chromosome 15 strand + [line 539050]
2021-06-22 11:50:25,680 - DEBUG - Done with 15+ [line 569723]
2021-06-22 11:50:25,680 - DEBUG - Assigning indexes to genes
2021-06-22 11:50:25,686 - DEBUG - Seen 10616 genes until now
2021-06-22 11:50:25,687 - DEBUG - Parsing Chromosome 16 strand - [line 569724]
2021-06-22 11:50:25,963 - DEBUG - Done with 16- [line 596286]
2021-06-22 11:50:25,963 - DEBUG - Assigning indexes to genes
2021-06-22 11:50:25,968 - DEBUG - Seen 11093 genes until now
2021-06-22 11:50:25,968 - DEBUG - Parsing Chromosome 16 strand + [line 596287]
2021-06-22 11:50:26,614 - DEBUG - Done with 16+ [line 626571]
2021-06-22 11:50:26,614 - DEBUG - Assigning indexes to genes
2021-06-22 11:50:26,619 - DEBUG - Seen 11545 genes until now
2021-06-22 11:50:26,619 - DEBUG - Parsing Chromosome 17 strand - [line 626572]
2021-06-22 11:50:26,960 - DEBUG - Done with 17- [line 659846]
2021-06-22 11:50:26,960 - DEBUG - Assigning indexes to genes
2021-06-22 11:50:26,965 - DEBUG - Seen 12152 genes until now
2021-06-22 11:50:26,966 - DEBUG - Parsing Chromosome 17 strand + [line 659847]
2021-06-22 11:50:27,338 - DEBUG - Done with 17+ [line 696472]
2021-06-22 11:50:27,338 - DEBUG - Assigning indexes to genes
2021-06-22 11:50:27,344 - DEBUG - Seen 12800 genes until now
2021-06-22 11:50:27,344 - DEBUG - Parsing Chromosome 18 strand - [line 696473]
2021-06-22 11:50:27,476 - DEBUG - Done with 18- [line 709486]
2021-06-22 11:50:27,476 - DEBUG - Assigning indexes to genes
2021-06-22 11:50:27,478 - DEBUG - Seen 13059 genes until now
2021-06-22 11:50:27,478 - DEBUG - Parsing Chromosome 18 strand + [line 709487]
2021-06-22 11:50:27,659 - DEBUG - Done with 18+ [line 728027]
2021-06-22 11:50:27,659 - DEBUG - Assigning indexes to genes
2021-06-22 11:50:27,662 - DEBUG - Seen 13409 genes until now
2021-06-22 11:50:27,662 - DEBUG - Parsing Chromosome 19 strand - [line 728028]
2021-06-22 11:50:27,908 - DEBUG - Done with 19- [line 752316]
2021-06-22 11:50:27,909 - DEBUG - Assigning indexes to genes
2021-06-22 11:50:27,912 - DEBUG - Seen 13815 genes until now
2021-06-22 11:50:27,912 - DEBUG - Parsing Chromosome 19 strand + [line 752317]
2021-06-22 11:50:28,123 - DEBUG - Done with 19+ [line 773600]
2021-06-22 11:50:28,123 - DEBUG - Assigning indexes to genes
2021-06-22 11:50:28,127 - DEBUG - Seen 14224 genes until now
2021-06-22 11:50:28,127 - DEBUG - Parsing Chromosome 2 strand - [line 773601]
2021-06-22 11:50:28,910 - DEBUG - Done with 2- [line 848821]
2021-06-22 11:50:28,911 - DEBUG - Assigning indexes to genes
2021-06-22 11:50:29,234 - DEBUG - Seen 15398 genes until now
2021-06-22 11:50:29,234 - DEBUG - Parsing Chromosome 2 strand + [line 848822]
2021-06-22 11:50:29,954 - DEBUG - Done with 2+ [line 918704]
2021-06-22 11:50:29,955 - DEBUG - Assigning indexes to genes
2021-06-22 11:50:29,968 - DEBUG - Seen 16582 genes until now
2021-06-22 11:50:29,968 - DEBUG - Parsing Chromosome 3 strand - [line 918705]
2021-06-22 11:50:30,357 - DEBUG - Done with 3- [line 957202]
2021-06-22 11:50:30,357 - DEBUG - Assigning indexes to genes
2021-06-22 11:50:30,364 - DEBUG - Seen 17302 genes until now
2021-06-22 11:50:30,364 - DEBUG - Parsing Chromosome 3 strand + [line 957203]
2021-06-22 11:50:30,798 - DEBUG - Done with 3+ [line 1000138]
2021-06-22 11:50:30,798 - DEBUG - Assigning indexes to genes
2021-06-22 11:50:30,805 - DEBUG - Seen 18021 genes until now
2021-06-22 11:50:30,805 - DEBUG - Parsing Chromosome 4 strand - [line 1000139]
2021-06-22 11:50:31,324 - DEBUG - Done with 4- [line 1050727]
2021-06-22 11:50:31,324 - DEBUG - Assigning indexes to genes
2021-06-22 11:50:31,333 - DEBUG - Seen 18875 genes until now
2021-06-22 11:50:31,333 - DEBUG - Parsing Chromosome 4 strand + [line 1050728]
2021-06-22 11:50:31,837 - DEBUG - Done with 4+ [line 1099723]
2021-06-22 11:50:31,837 - DEBUG - Assigning indexes to genes
2021-06-22 11:50:31,846 - DEBUG - Seen 19731 genes until now
2021-06-22 11:50:31,846 - DEBUG - Parsing Chromosome 5 strand - [line 1099724]
2021-06-22 11:50:32,808 - DEBUG - Done with 5- [line 1157394]
2021-06-22 11:50:32,809 - DEBUG - Assigning indexes to genes
2021-06-22 11:50:32,818 - DEBUG - Seen 20622 genes until now
2021-06-22 11:50:32,819 - DEBUG - Parsing Chromosome 5 strand + [line 1157395]
2021-06-22 11:50:33,417 - DEBUG - Done with 5+ [line 1215626]
2021-06-22 11:50:33,418 - DEBUG - Assigning indexes to genes
2021-06-22 11:50:33,428 - DEBUG - Seen 21539 genes until now
2021-06-22 11:50:33,428 - DEBUG - Parsing Chromosome 6 strand - [line 1215627]
2021-06-22 11:50:33,878 - DEBUG - Done with 6- [line 1260326]
2021-06-22 11:50:33,879 - DEBUG - Assigning indexes to genes
2021-06-22 11:50:33,887 - DEBUG - Seen 22385 genes until now
2021-06-22 11:50:33,888 - DEBUG - Parsing Chromosome 6 strand + [line 1260327]
2021-06-22 11:50:34,360 - DEBUG - Done with 6+ [line 1307744]
2021-06-22 11:50:34,360 - DEBUG - Assigning indexes to genes
2021-06-22 11:50:34,370 - DEBUG - Seen 23304 genes until now
2021-06-22 11:50:34,370 - DEBUG - Parsing Chromosome 7 strand - [line 1307745]
2021-06-22 11:50:35,083 - DEBUG - Done with 7- [line 1379880]
2021-06-22 11:50:35,083 - DEBUG - Assigning indexes to genes
2021-06-22 11:50:35,097 - DEBUG - Seen 24656 genes until now
2021-06-22 11:50:35,097 - DEBUG - Parsing Chromosome 7 strand + [line 1379881]
2021-06-22 11:50:35,794 - DEBUG - Done with 7+ [line 1450335]
2021-06-22 11:50:35,794 - DEBUG - Assigning indexes to genes
2021-06-22 11:50:35,808 - DEBUG - Seen 25873 genes until now
2021-06-22 11:50:35,808 - DEBUG - Parsing Chromosome 8 strand - [line 1450336]
2021-06-22 11:50:36,602 - DEBUG - Done with 8- [line 1485523]
2021-06-22 11:50:36,602 - DEBUG - Assigning indexes to genes
2021-06-22 11:50:36,608 - DEBUG - Seen 26580 genes until now
2021-06-22 11:50:36,608 - DEBUG - Parsing Chromosome 8 strand + [line 1485524]
2021-06-22 11:50:37,081 - DEBUG - Done with 8+ [line 1531960]
2021-06-22 11:50:37,081 - DEBUG - Assigning indexes to genes
2021-06-22 11:50:37,089 - DEBUG - Seen 27398 genes until now
2021-06-22 11:50:37,089 - DEBUG - Parsing Chromosome 9 strand - [line 1531961]
2021-06-22 11:50:37,619 - DEBUG - Done with 9- [line 1583207]
2021-06-22 11:50:37,619 - DEBUG - Assigning indexes to genes
2021-06-22 11:50:37,627 - DEBUG - Seen 28230 genes until now
2021-06-22 11:50:37,627 - DEBUG - Parsing Chromosome 9 strand + [line 1583208]
2021-06-22 11:50:38,163 - DEBUG - Done with 9+ [line 1635954]
2021-06-22 11:50:38,164 - DEBUG - Assigning indexes to genes
2021-06-22 11:50:38,174 - DEBUG - Seen 29142 genes until now
2021-06-22 11:50:38,174 - DEBUG - Parsing Chromosome GL456210.1 strand - [line 1635955]
2021-06-22 11:50:38,174 - DEBUG - Done with GL456210.1- [line 1635981]
2021-06-22 11:50:38,174 - DEBUG - Assigning indexes to genes
2021-06-22 11:50:38,175 - DEBUG - Seen 29145 genes until now
2021-06-22 11:50:38,175 - DEBUG - Parsing Chromosome GL456210.1 strand + [line 1635982]
2021-06-22 11:50:38,175 - DEBUG - Done with GL456210.1+ [line 1635996]
2021-06-22 11:50:38,175 - DEBUG - Assigning indexes to genes
2021-06-22 11:50:38,175 - DEBUG - Seen 29147 genes until now
2021-06-22 11:50:38,175 - DEBUG - Parsing Chromosome GL456211.1 strand - [line 1635997]
2021-06-22 11:50:38,176 - DEBUG - Done with GL456211.1- [line 1636024]
2021-06-22 11:50:38,176 - DEBUG - Assigning indexes to genes
2021-06-22 11:50:38,176 - DEBUG - Seen 29151 genes until now
2021-06-22 11:50:38,176 - DEBUG - Parsing Chromosome GL456211.1 strand + [line 1636025]
2021-06-22 11:50:38,176 - DEBUG - Done with GL456211.1+ [line 1636050]
2021-06-22 11:50:38,176 - DEBUG - Assigning indexes to genes
2021-06-22 11:50:38,176 - DEBUG - Seen 29153 genes until now
2021-06-22 11:50:38,177 - DEBUG - Parsing Chromosome GL456212.1 strand - [line 1636051]
2021-06-22 11:50:38,177 - DEBUG - Done with GL456212.1- [line 1636086]
2021-06-22 11:50:38,177 - DEBUG - Assigning indexes to genes
2021-06-22 11:50:38,177 - DEBUG - Seen 29155 genes until now
2021-06-22 11:50:38,177 - DEBUG - Parsing Chromosome GL456216.1 strand + [line 1636087]
2021-06-22 11:50:38,178 - DEBUG - Done with GL456216.1+ [line 1636106]
2021-06-22 11:50:38,178 - DEBUG - Assigning indexes to genes
2021-06-22 11:50:38,178 - DEBUG - Seen 29156 genes until now
2021-06-22 11:50:38,178 - DEBUG - Parsing Chromosome GL456219.1 strand - [line 1636107]
2021-06-22 11:50:38,178 - DEBUG - Done with GL456219.1- [line 1636118]
2021-06-22 11:50:38,178 - DEBUG - Assigning indexes to genes
2021-06-22 11:50:38,178 - DEBUG - Seen 29158 genes until now
2021-06-22 11:50:38,179 - DEBUG - Parsing Chromosome GL456221.1 strand - [line 1636119]
2021-06-22 11:50:38,179 - DEBUG - Done with GL456221.1- [line 1636162]
2021-06-22 11:50:38,179 - DEBUG - Assigning indexes to genes
2021-06-22 11:50:38,179 - DEBUG - Seen 29162 genes until now
2021-06-22 11:50:38,179 - DEBUG - Parsing Chromosome GL456221.1 strand + [line 1636163]
2021-06-22 11:50:38,180 - DEBUG - Done with GL456221.1+ [line 1636181]
2021-06-22 11:50:38,180 - DEBUG - Assigning indexes to genes
2021-06-22 11:50:38,180 - DEBUG - Seen 29165 genes until now
2021-06-22 11:50:38,180 - DEBUG - Parsing Chromosome GL456233.1 strand - [line 1636182]
2021-06-22 11:50:38,180 - DEBUG - Done with GL456233.1- [line 1636213]
2021-06-22 11:50:38,181 - DEBUG - Assigning indexes to genes
2021-06-22 11:50:38,181 - DEBUG - Seen 29167 genes until now
2021-06-22 11:50:38,181 - DEBUG - Parsing Chromosome GL456233.1 strand + [line 1636214]
2021-06-22 11:50:38,181 - DEBUG - Done with GL456233.1+ [line 1636244]
2021-06-22 11:50:38,181 - DEBUG - Assigning indexes to genes
2021-06-22 11:50:38,181 - DEBUG - Seen 29169 genes until now
2021-06-22 11:50:38,182 - DEBUG - Parsing Chromosome GL456350.1 strand - [line 1636245]
2021-06-22 11:50:38,182 - DEBUG - Done with GL456350.1- [line 1636304]
2021-06-22 11:50:38,182 - DEBUG - Assigning indexes to genes
2021-06-22 11:50:38,182 - DEBUG - Seen 29174 genes until now
2021-06-22 11:50:38,183 - DEBUG - Parsing Chromosome GL456354.1 strand - [line 1636305]
2021-06-22 11:50:38,183 - DEBUG - Done with GL456354.1- [line 1636337]
2021-06-22 11:50:38,183 - DEBUG - Assigning indexes to genes
2021-06-22 11:50:38,183 - DEBUG - Seen 29177 genes until now
2021-06-22 11:50:38,183 - DEBUG - Parsing Chromosome GL456354.1 strand + [line 1636338]
2021-06-22 11:50:38,184 - DEBUG - Done with GL456354.1+ [line 1636357]
2021-06-22 11:50:38,184 - DEBUG - Assigning indexes to genes
2021-06-22 11:50:38,184 - DEBUG - Seen 29179 genes until now
2021-06-22 11:50:38,184 - DEBUG - Parsing Chromosome JH584292.1 strand + [line 1636358]
2021-06-22 11:50:38,185 - DEBUG - Done with JH584292.1+ [line 1636433]
2021-06-22 11:50:38,185 - DEBUG - Assigning indexes to genes
2021-06-22 11:50:38,185 - DEBUG - Seen 29180 genes until now
2021-06-22 11:50:38,185 - DEBUG - Parsing Chromosome JH584293.1 strand - [line 1636434]
2021-06-22 11:50:38,186 - DEBUG - Done with JH584293.1- [line 1636500]
2021-06-22 11:50:38,186 - DEBUG - Assigning indexes to genes
2021-06-22 11:50:38,186 - DEBUG - Seen 29186 genes until now
2021-06-22 11:50:38,186 - DEBUG - Parsing Chromosome JH584293.1 strand + [line 1636501]
2021-06-22 11:50:38,187 - DEBUG - Done with JH584293.1+ [line 1636542]
2021-06-22 11:50:38,187 - DEBUG - Assigning indexes to genes
2021-06-22 11:50:38,187 - DEBUG - Seen 29189 genes until now
2021-06-22 11:50:38,187 - DEBUG - Parsing Chromosome JH584294.1 strand - [line 1636543]
2021-06-22 11:50:38,188 - DEBUG - Done with JH584294.1- [line 1636607]
2021-06-22 11:50:38,188 - DEBUG - Assigning indexes to genes
2021-06-22 11:50:38,188 - DEBUG - Seen 29193 genes until now
2021-06-22 11:50:38,188 - DEBUG - Parsing Chromosome JH584294.1 strand + [line 1636608]
2021-06-22 11:50:38,188 - DEBUG - Done with JH584294.1+ [line 1636631]
2021-06-22 11:50:38,188 - DEBUG - Assigning indexes to genes
2021-06-22 11:50:38,189 - DEBUG - Seen 29195 genes until now
2021-06-22 11:50:38,189 - DEBUG - Parsing Chromosome JH584295.1 strand - [line 1636632]
2021-06-22 11:50:38,189 - DEBUG - Done with JH584295.1- [line 1636647]
2021-06-22 11:50:38,189 - DEBUG - Assigning indexes to genes
2021-06-22 11:50:38,189 - DEBUG - Seen 29196 genes until now
2021-06-22 11:50:38,189 - DEBUG - Parsing Chromosome JH584296.1 strand - [line 1636648]
2021-06-22 11:50:38,190 - DEBUG - Done with JH584296.1- [line 1636675]
2021-06-22 11:50:38,190 - DEBUG - Assigning indexes to genes
2021-06-22 11:50:38,190 - DEBUG - Seen 29199 genes until now
2021-06-22 11:50:38,190 - DEBUG - Parsing Chromosome JH584297.1 strand - [line 1636676]
2021-06-22 11:50:38,190 - DEBUG - Done with JH584297.1- [line 1636694]
2021-06-22 11:50:38,190 - DEBUG - Assigning indexes to genes
2021-06-22 11:50:38,191 - DEBUG - Seen 29201 genes until now
2021-06-22 11:50:38,191 - DEBUG - Parsing Chromosome JH584297.1 strand + [line 1636695]
2021-06-22 11:50:38,191 - DEBUG - Done with JH584297.1+ [line 1636703]
2021-06-22 11:50:38,191 - DEBUG - Assigning indexes to genes
2021-06-22 11:50:38,191 - DEBUG - Seen 29202 genes until now
2021-06-22 11:50:38,191 - DEBUG - Parsing Chromosome JH584298.1 strand - [line 1636704]
2021-06-22 11:50:38,191 - DEBUG - Done with JH584298.1- [line 1636714]
2021-06-22 11:50:38,192 - DEBUG - Assigning indexes to genes
2021-06-22 11:50:38,192 - DEBUG - Seen 29203 genes until now
2021-06-22 11:50:38,192 - DEBUG - Parsing Chromosome JH584298.1 strand + [line 1636715]
2021-06-22 11:50:38,192 - DEBUG - Done with JH584298.1+ [line 1636735]
2021-06-22 11:50:38,192 - DEBUG - Assigning indexes to genes
2021-06-22 11:50:38,192 - DEBUG - Seen 29205 genes until now
2021-06-22 11:50:38,192 - DEBUG - Parsing Chromosome JH584299.1 strand - [line 1636736]
2021-06-22 11:50:38,193 - DEBUG - Done with JH584299.1- [line 1636745]
2021-06-22 11:50:38,193 - DEBUG - Assigning indexes to genes
2021-06-22 11:50:38,193 - DEBUG - Seen 29206 genes until now
2021-06-22 11:50:38,193 - DEBUG - Parsing Chromosome JH584299.1 strand + [line 1636746]
2021-06-22 11:50:38,194 - DEBUG - Done with JH584299.1+ [line 1636857]
2021-06-22 11:50:38,194 - DEBUG - Assigning indexes to genes
2021-06-22 11:50:38,194 - DEBUG - Seen 29217 genes until now
2021-06-22 11:50:38,194 - DEBUG - Parsing Chromosome JH584303.1 strand + [line 1636858]
2021-06-22 11:50:38,195 - DEBUG - Done with JH584303.1+ [line 1636862]
2021-06-22 11:50:38,195 - DEBUG - Assigning indexes to genes
2021-06-22 11:50:38,195 - DEBUG - Seen 29218 genes until now
2021-06-22 11:50:38,195 - DEBUG - Parsing Chromosome JH584304.1 strand - [line 1636863]
2021-06-22 11:50:38,195 - DEBUG - Done with JH584304.1- [line 1636895]
2021-06-22 11:50:38,195 - DEBUG - Assigning indexes to genes
2021-06-22 11:50:38,196 - DEBUG - Seen 29219 genes until now
2021-06-22 11:50:38,196 - DEBUG - Parsing Chromosome MT strand - [line 1636896]
2021-06-22 11:50:38,196 - DEBUG - Done with MT- [line 1636901]
2021-06-22 11:50:38,196 - DEBUG - Assigning indexes to genes
2021-06-22 11:50:38,196 - DEBUG - Seen 29220 genes until now
2021-06-22 11:50:38,196 - DEBUG - Parsing Chromosome MT strand + [line 1636902]
2021-06-22 11:50:38,197 - DEBUG - Done with MT+ [line 1636970]
2021-06-22 11:50:38,197 - DEBUG - Assigning indexes to genes
2021-06-22 11:50:38,197 - DEBUG - Seen 29232 genes until now
2021-06-22 11:50:38,197 - DEBUG - Parsing Chromosome X strand - [line 1636971]
2021-06-22 11:50:38,468 - DEBUG - Done with X- [line 1663962]
2021-06-22 11:50:38,469 - DEBUG - Assigning indexes to genes
2021-06-22 11:50:38,473 - DEBUG - Seen 29755 genes until now
2021-06-22 11:50:38,473 - DEBUG - Parsing Chromosome X strand + [line 1663963]
2021-06-22 11:50:38,779 - DEBUG - Done with X+ [line 1694333]
2021-06-22 11:50:38,779 - DEBUG - Assigning indexes to genes
2021-06-22 11:50:38,784 - DEBUG - Seen 30320 genes until now
2021-06-22 11:50:38,784 - DEBUG - Parsing Chromosome Y strand - [line 1694334]
2021-06-22 11:50:38,834 - DEBUG - Done with Y- [line 1698842]
2021-06-22 11:50:38,834 - DEBUG - Assigning indexes to genes
2021-06-22 11:50:38,836 - DEBUG - Seen 30662 genes until now
2021-06-22 11:50:38,836 - DEBUG - Parsing Chromosome Y strand + [line 1698843]
2021-06-22 11:50:38,895 - DEBUG - Assigning indexes to genes
2021-06-22 11:50:38,897 - DEBUG - Done with Y+ [line 1704063]
2021-06-22 11:50:38,897 - DEBUG - Fixing corner cases of transcript models containg intron longer than 1000Kbp
2021-06-22 11:50:40,502 - DEBUG - Generated 1423079 features corresponding to 111079 transcript models from /research/peer/fdeckert/FD20200109SPLENO/data/mm10/cellranger/Mus_musculus.GRCm38.93.filtered.gtf
2021-06-22 11:50:40,521 - INFO - Load the repeat masking annotation from /research/peer/fdeckert/FD20200109SPLENO/data/mm10/mm10_rmsk.gtf
2021-06-22 11:50:40,521 - DEBUG - Reading /research/peer/fdeckert/FD20200109SPLENO/data/mm10/mm10_rmsk.gtf, the file will be sorted in memory
2021-06-22 11:51:33,476 - DEBUG - Processed masked annotation .gtf and generated 4252016 intervals to mask!
2021-06-22 11:51:33,792 - INFO - Scan /research/peer/fdeckert/FD20200109SPLENO/data/BSA_0355_SM01_10x_SPLENO/OUT/COUNT/M2_CpG_Prog_transcriptome/possorted_genome_bam.bam to validate intron intervals
2021-06-22 11:51:38,623 - DEBUG - Reading /research/peer/fdeckert/FD20200109SPLENO/data/BSA_0355_SM01_10x_SPLENO/OUT/COUNT/M2_CpG_Prog_transcriptome/possorted_genome_bam.bam
2021-06-22 11:51:38,641 - DEBUG - Read first 0 million reads
2021-06-22 11:51:38,648 - DEBUG - Marking up chromosome 1
2021-06-22 11:52:34,631 - DEBUG - Marking up chromosome 10
2021-06-22 11:53:26,122 - DEBUG - Marking up chromosome 11
2021-06-22 11:54:34,504 - DEBUG - Read first 10 million reads
2021-06-22 11:55:00,831 - DEBUG - Marking up chromosome 12
2021-06-22 11:55:35,002 - DEBUG - Marking up chromosome 13
2021-06-22 11:56:14,891 - DEBUG - Marking up chromosome 14
2021-06-22 11:56:46,810 - DEBUG - Marking up chromosome 15
2021-06-22 11:57:24,225 - DEBUG - Marking up chromosome 16
2021-06-22 11:57:38,611 - DEBUG - Read first 20 million reads
2021-06-22 11:57:50,437 - DEBUG - Marking up chromosome 17
2021-06-22 11:58:47,934 - DEBUG - Marking up chromosome 18
2021-06-22 11:59:11,488 - DEBUG - Marking up chromosome 19
2021-06-22 11:59:49,870 - DEBUG - Marking up chromosome 2
2021-06-22 12:00:53,949 - DEBUG - Marking up chromosome 3
2021-06-22 12:01:02,723 - DEBUG - Read first 30 million reads
2021-06-22 12:01:37,410 - DEBUG - Marking up chromosome 4
2021-06-22 12:02:39,918 - DEBUG - Marking up chromosome 5
2021-06-22 12:03:41,343 - DEBUG - Marking up chromosome 6
2021-06-22 12:04:22,326 - DEBUG - Read first 40 million reads
2021-06-22 12:04:26,903 - DEBUG - Marking up chromosome 7
2021-06-22 12:06:22,321 - DEBUG - Marking up chromosome 8
2021-06-22 12:07:09,617 - DEBUG - Marking up chromosome 9
2021-06-22 12:07:37,047 - DEBUG - Read first 50 million reads
2021-06-22 12:08:08,959 - DEBUG - Marking up chromosome MT
2021-06-22 12:08:31,134 - DEBUG - Marking up chromosome X
2021-06-22 12:08:57,647 - DEBUG - Marking up chromosome Y
2021-06-22 12:08:58,682 - DEBUG - Marking up chromosome JH584299.1
2021-06-22 12:08:58,684 - DEBUG - Marking up chromosome GL456233.1
2021-06-22 12:08:58,704 - DEBUG - Marking up chromosome GL456211.1
2021-06-22 12:08:58,715 - DEBUG - Marking up chromosome GL456221.1
2021-06-22 12:08:58,724 - DEBUG - Marking up chromosome JH584300.1
2021-06-22 12:08:58,724 - WARNING - The .bam file refers to a chromosome 'JH584300.1+' not present in the annotation (.gtf) file
2021-06-22 12:08:58,724 - WARNING - The .bam file refers to a chromosome 'JH584300.1-' not present in the annotation (.gtf) file
2021-06-22 12:08:58,779 - DEBUG - Marking up chromosome GL456210.1
2021-06-22 12:08:58,782 - DEBUG - Marking up chromosome GL456212.1
2021-06-22 12:08:58,782 - WARNING - The .bam file refers to a chromosome 'GL456212.1+' not present in the annotation (.gtf) file
2021-06-22 12:08:58,784 - DEBUG - Marking up chromosome JH584304.1
2021-06-22 12:08:58,785 - WARNING - The .bam file refers to a chromosome 'JH584304.1+' not present in the annotation (.gtf) file
2021-06-22 12:08:58,866 - DEBUG - Marking up chromosome GL456379.1
2021-06-22 12:08:58,866 - WARNING - The .bam file refers to a chromosome 'GL456379.1+' not present in the annotation (.gtf) file
2021-06-22 12:08:58,866 - WARNING - The .bam file refers to a chromosome 'GL456379.1-' not present in the annotation (.gtf) file
2021-06-22 12:08:58,866 - DEBUG - Marking up chromosome GL456216.1
2021-06-22 12:08:58,867 - WARNING - The .bam file refers to a chromosome 'GL456216.1-' not present in the annotation (.gtf) file
2021-06-22 12:08:58,935 - DEBUG - Marking up chromosome GL456366.1
2021-06-22 12:08:58,935 - WARNING - The .bam file refers to a chromosome 'GL456366.1+' not present in the annotation (.gtf) file
2021-06-22 12:08:58,935 - WARNING - The .bam file refers to a chromosome 'GL456366.1-' not present in the annotation (.gtf) file
2021-06-22 12:08:58,936 - DEBUG - Marking up chromosome GL456239.1
2021-06-22 12:08:58,936 - WARNING - The .bam file refers to a chromosome 'GL456239.1+' not present in the annotation (.gtf) file
2021-06-22 12:08:58,936 - WARNING - The .bam file refers to a chromosome 'GL456239.1-' not present in the annotation (.gtf) file
2021-06-22 12:08:58,938 - DEBUG - Marking up chromosome GL456378.1
2021-06-22 12:08:58,938 - WARNING - The .bam file refers to a chromosome 'GL456378.1+' not present in the annotation (.gtf) file
2021-06-22 12:08:58,938 - WARNING - The .bam file refers to a chromosome 'GL456378.1-' not present in the annotation (.gtf) file
2021-06-22 12:08:58,940 - DEBUG - Marking up chromosome GL456370.1
2021-06-22 12:08:58,940 - WARNING - The .bam file refers to a chromosome 'GL456370.1+' not present in the annotation (.gtf) file
2021-06-22 12:08:58,940 - WARNING - The .bam file refers to a chromosome 'GL456370.1-' not present in the annotation (.gtf) file
2021-06-22 12:08:58,947 - DEBUG - Marking up chromosome GL456382.1
2021-06-22 12:08:58,947 - WARNING - The .bam file refers to a chromosome 'GL456382.1+' not present in the annotation (.gtf) file
2021-06-22 12:08:58,947 - WARNING - The .bam file refers to a chromosome 'GL456382.1-' not present in the annotation (.gtf) file
2021-06-22 12:08:59,083 - DEBUG - Marking up chromosome GL456359.1
2021-06-22 12:08:59,084 - WARNING - The .bam file refers to a chromosome 'GL456359.1+' not present in the annotation (.gtf) file
2021-06-22 12:08:59,084 - WARNING - The .bam file refers to a chromosome 'GL456359.1-' not present in the annotation (.gtf) file
2021-06-22 12:08:59,085 - DEBUG - Marking up chromosome GL456368.1
2021-06-22 12:08:59,085 - WARNING - The .bam file refers to a chromosome 'GL456368.1+' not present in the annotation (.gtf) file
2021-06-22 12:08:59,085 - WARNING - The .bam file refers to a chromosome 'GL456368.1-' not present in the annotation (.gtf) file
2021-06-22 12:08:59,086 - DEBUG - Marking up chromosome JH584295.1
2021-06-22 12:08:59,086 - WARNING - The .bam file refers to a chromosome 'JH584295.1+' not present in the annotation (.gtf) file
2021-06-22 12:09:16,859 - DEBUG - Read first 60 million reads
2021-06-22 12:09:34,846 - DEBUG - End of file. Reset index: start scanning from initial position.
2021-06-22 12:09:34,847 - DEBUG - 950594 reads were skipped because no apropiate cell or umi barcode was found
2021-06-22 12:09:34,847 - DEBUG - Start molecule counting!
2021-06-22 12:09:41,889 - DEBUG - Features available for chromosomes : ['1-', '1+', '10-', '10+', '11-', '11+', '12-', '12+', '13-', '13+', '14-', '14+', '15-', '15+', '16-', '16+', '17-', '17+', '18-', '18+', '19-', '19+', '2-', '2+', '3-', '3+', '4-', '4+', '5-', '5+', '6-', '6+', '7-', '7+', '8-', '8+', '9-', '9+', 'GL456210.1-', 'GL456210.1+', 'GL456211.1-', 'GL456211.1+', 'GL456212.1-', 'GL456216.1+', 'GL456219.1-', 'GL456221.1-', 'GL456221.1+', 'GL456233.1-', 'GL456233.1+', 'GL456350.1-', 'GL456354.1-', 'GL456354.1+', 'JH584292.1+', 'JH584293.1-', 'JH584293.1+', 'JH584294.1-', 'JH584294.1+', 'JH584295.1-', 'JH584296.1-', 'JH584297.1-', 'JH584297.1+', 'JH584298.1-', 'JH584298.1+', 'JH584299.1-', 'JH584299.1+', 'JH584303.1+', 'JH584304.1-', 'MT-', 'MT+', 'X-', 'X+', 'Y-', 'Y+']
2021-06-22 12:09:41,889 - DEBUG - Mask available for chromosomes : ['1-', '1+', '10-', '10+', '11-', '11+', '12-', '12+', '13-', '13+', '14-', '14+', '15-', '15+', '16-', '16+', '17-', '17+', '18-', '18+', '19-', '19+', '1_GL456210_random-', '1_GL456210_random+', '1_GL456211_random-', '1_GL456211_random+', '1_GL456212_random-', '1_GL456212_random+', '1_GL456213_random-', '1_GL456213_random+', '1_GL456221_random-', '1_GL456221_random+', '2-', '2+', '3-', '3+', '4-', '4+', '4_GL456216_random-', '4_GL456216_random+', '4_GL456350_random-', '4_GL456350_random+', '4_JH584292_random-', '4_JH584292_random+', '4_JH584293_random-', '4_JH584293_random+', '4_JH584294_random-', '4_JH584294_random+', '4_JH584295_random+', '5-', '5+', '5_GL456354_random-', '5_GL456354_random+', '5_JH584296_random-', '5_JH584296_random+', '5_JH584297_random-', '5_JH584297_random+', '5_JH584298_random-', '5_JH584298_random+', '5_JH584299_random-', '5_JH584299_random+', '6-', '6+', '7-', '7+', '7_GL456219_random-', '7_GL456219_random+', '8-', '8+', '9-', '9+', 'M-', 'M+', 'Un_GL456239-', 'Un_GL456239+', 'Un_GL456359-', 'Un_GL456359+', 'Un_GL456360-', 'Un_GL456360+', 'Un_GL456366-', 'Un_GL456366+', 'Un_GL456367-', 'Un_GL456367+', 'Un_GL456368-', 'Un_GL456368+', 'Un_GL456370+', 'Un_GL456372-', 'Un_GL456372+', 'Un_GL456378-', 'Un_GL456378+', 'Un_GL456379-', 'Un_GL456379+', 'Un_GL456381-', 'Un_GL456381+', 'Un_GL456382-', 'Un_GL456382+', 'Un_GL456383-', 'Un_GL456383+', 'Un_GL456385-', 'Un_GL456385+', 'Un_GL456387-', 'Un_GL456387+', 'Un_GL456389-', 'Un_GL456389+', 'Un_GL456390-', 'Un_GL456390+', 'Un_GL456392-', 'Un_GL456392+', 'Un_GL456393-', 'Un_GL456393+', 'Un_GL456394-', 'Un_GL456394+', 'Un_GL456396-', 'Un_GL456396+', 'Un_JH584304-', 'Un_JH584304+', 'X-', 'X+', 'X_GL456233_random-', 'X_GL456233_random+', 'Y-', 'Y+', 'Y_JH584300_random-', 'Y_JH584300_random+', 'Y_JH584301_random-', 'Y_JH584301_random+', 'Y_JH584302_random-', 'Y_JH584302_random+', 'Y_JH584303_random-']
2021-06-22 12:09:41,889 - DEBUG - Summarizing the results of intron validation.
2021-06-22 12:09:42,418 - DEBUG - Validated 99970 introns (of which unique intervals 38765) out of 656000 total possible introns (considering each possible transcript models).
2021-06-22 12:09:42,419 - DEBUG - Reading /research/peer/fdeckert/FD20200109SPLENO/data/BSA_0355_SM01_10x_SPLENO/OUT/COUNT/M2_CpG_Prog_transcriptome/cellsorted_possorted_genome_bam.bam
2021-06-22 12:09:42,441 - DEBUG - Read first 0 million reads
2021-06-22 12:10:18,770 - DEBUG - Counting for batch 1, containing 100 cells and 402220 reads
2021-06-22 12:10:51,746 - DEBUG - 16499 reads not considered because fully enclosed in repeat masked regions
2021-06-22 12:11:22,992 - DEBUG - Counting for batch 2, containing 100 cells and 360774 reads
2021-06-22 12:11:53,387 - DEBUG - 14934 reads not considered because fully enclosed in repeat masked regions
2021-06-22 12:12:25,479 - DEBUG - Counting for batch 3, containing 100 cells and 370944 reads
2021-06-22 12:12:56,869 - DEBUG - 15270 reads not considered because fully enclosed in repeat masked regions
2021-06-22 12:13:27,653 - DEBUG - Counting for batch 4, containing 100 cells and 393816 reads
2021-06-22 12:13:59,946 - DEBUG - 16676 reads not considered because fully enclosed in repeat masked regions
2021-06-22 12:14:31,108 - DEBUG - Counting for batch 5, containing 100 cells and 362840 reads
2021-06-22 12:15:01,888 - DEBUG - 15183 reads not considered because fully enclosed in repeat masked regions
2021-06-22 12:15:32,474 - DEBUG - Counting for batch 6, containing 100 cells and 356931 reads
2021-06-22 12:16:02,662 - DEBUG - 15012 reads not considered because fully enclosed in repeat masked regions
2021-06-22 12:16:26,601 - DEBUG - Read first 10 million reads
2021-06-22 12:16:32,782 - DEBUG - Counting for batch 7, containing 100 cells and 378617 reads
2021-06-22 12:17:04,352 - DEBUG - 15248 reads not considered because fully enclosed in repeat masked regions
2021-06-22 12:17:36,921 - DEBUG - Counting for batch 8, containing 100 cells and 374380 reads
2021-06-22 12:18:08,336 - DEBUG - 15400 reads not considered because fully enclosed in repeat masked regions
2021-06-22 12:18:38,536 - DEBUG - Counting for batch 9, containing 100 cells and 370654 reads
2021-06-22 12:19:09,746 - DEBUG - 15276 reads not considered because fully enclosed in repeat masked regions
2021-06-22 12:19:42,482 - DEBUG - Counting for batch 10, containing 100 cells and 399553 reads
2021-06-22 12:20:15,762 - DEBUG - 16692 reads not considered because fully enclosed in repeat masked regions
2021-06-22 12:20:46,836 - DEBUG - Counting for batch 11, containing 100 cells and 348795 reads
2021-06-22 12:21:16,360 - DEBUG - 14176 reads not considered because fully enclosed in repeat masked regions
2021-06-22 12:21:46,683 - DEBUG - Counting for batch 12, containing 100 cells and 372349 reads
2021-06-22 12:22:18,313 - DEBUG - 16345 reads not considered because fully enclosed in repeat masked regions
2021-06-22 12:22:48,298 - DEBUG - Counting for batch 13, containing 100 cells and 366653 reads
2021-06-22 12:23:19,242 - DEBUG - 15816 reads not considered because fully enclosed in repeat masked regions
2021-06-22 12:23:49,335 - DEBUG - Counting for batch 14, containing 100 cells and 396113 reads
2021-06-22 12:24:22,166 - DEBUG - 16697 reads not considered because fully enclosed in repeat masked regions
2021-06-22 12:24:47,023 - DEBUG - Read first 20 million reads
2021-06-22 12:24:54,811 - DEBUG - Counting for batch 15, containing 100 cells and 369416 reads
2021-06-22 12:25:25,690 - DEBUG - 15920 reads not considered because fully enclosed in repeat masked regions
2021-06-22 12:25:57,475 - DEBUG - Counting for batch 16, containing 100 cells and 404603 reads
2021-06-22 12:26:31,327 - DEBUG - 16267 reads not considered because fully enclosed in repeat masked regions
2021-06-22 12:27:05,374 - DEBUG - Counting for batch 17, containing 100 cells and 386379 reads
2021-06-22 12:27:37,330 - DEBUG - 16732 reads not considered because fully enclosed in repeat masked regions
2021-06-22 12:28:08,608 - DEBUG - Counting for batch 18, containing 100 cells and 380248 reads
2021-06-22 12:28:42,577 - DEBUG - 16043 reads not considered because fully enclosed in repeat masked regions
2021-06-22 12:29:11,845 - DEBUG - Counting for batch 19, containing 100 cells and 386716 reads
2021-06-22 12:29:43,977 - DEBUG - 17058 reads not considered because fully enclosed in repeat masked regions
2021-06-22 12:30:14,050 - DEBUG - Counting for batch 20, containing 100 cells and 373727 reads
2021-06-22 12:30:47,166 - DEBUG - 15186 reads not considered because fully enclosed in repeat masked regions
2021-06-22 12:31:17,453 - DEBUG - Counting for batch 21, containing 100 cells and 347067 reads
2021-06-22 12:31:49,138 - DEBUG - 14287 reads not considered because fully enclosed in repeat masked regions
2021-06-22 12:32:16,982 - DEBUG - Counting for batch 22, containing 100 cells and 375396 reads
2021-06-22 12:32:48,477 - DEBUG - 15976 reads not considered because fully enclosed in repeat masked regions
2021-06-22 12:33:03,733 - DEBUG - Read first 30 million reads
2021-06-22 12:33:20,058 - DEBUG - Counting for batch 23, containing 100 cells and 374017 reads
2021-06-22 12:33:51,343 - DEBUG - 15631 reads not considered because fully enclosed in repeat masked regions
2021-06-22 12:34:20,013 - DEBUG - Counting for batch 24, containing 100 cells and 354514 reads
2021-06-22 12:34:51,795 - DEBUG - 15309 reads not considered because fully enclosed in repeat masked regions
2021-06-22 12:35:20,071 - DEBUG - Counting for batch 25, containing 100 cells and 374493 reads
2021-06-22 12:35:53,510 - DEBUG - 15197 reads not considered because fully enclosed in repeat masked regions
2021-06-22 12:36:22,591 - DEBUG - Counting for batch 26, containing 100 cells and 373594 reads
2021-06-22 12:36:53,887 - DEBUG - 15481 reads not considered because fully enclosed in repeat masked regions
2021-06-22 12:37:23,381 - DEBUG - Counting for batch 27, containing 100 cells and 354492 reads
2021-06-22 12:37:55,166 - DEBUG - 14029 reads not considered because fully enclosed in repeat masked regions
2021-06-22 12:38:26,651 - DEBUG - Counting for batch 28, containing 100 cells and 418407 reads
2021-06-22 12:39:03,188 - DEBUG - 16829 reads not considered because fully enclosed in repeat masked regions
2021-06-22 12:39:34,998 - DEBUG - Counting for batch 29, containing 100 cells and 393042 reads
2021-06-22 12:40:07,476 - DEBUG - 16227 reads not considered because fully enclosed in repeat masked regions
2021-06-22 12:40:38,748 - DEBUG - Counting for batch 30, containing 100 cells and 393998 reads
2021-06-22 12:41:13,434 - DEBUG - 16257 reads not considered because fully enclosed in repeat masked regions
2021-06-22 12:41:25,303 - DEBUG - Read first 40 million reads
2021-06-22 12:41:45,536 - DEBUG - Counting for batch 31, containing 100 cells and 380594 reads
2021-06-22 12:42:17,514 - DEBUG - 15090 reads not considered because fully enclosed in repeat masked regions
2021-06-22 12:42:48,848 - DEBUG - Counting for batch 32, containing 100 cells and 361792 reads
2021-06-22 12:43:19,505 - DEBUG - 14210 reads not considered because fully enclosed in repeat masked regions
2021-06-22 12:43:49,587 - DEBUG - Counting for batch 33, containing 100 cells and 378821 reads
2021-06-22 12:44:23,279 - DEBUG - 15102 reads not considered because fully enclosed in repeat masked regions
2021-06-22 12:44:52,423 - DEBUG - Counting for batch 34, containing 100 cells and 373152 reads
2021-06-22 12:45:25,759 - DEBUG - 15558 reads not considered because fully enclosed in repeat masked regions
2021-06-22 12:45:56,893 - DEBUG - Counting for batch 35, containing 100 cells and 368404 reads
2021-06-22 12:46:28,076 - DEBUG - 14462 reads not considered because fully enclosed in repeat masked regions
2021-06-22 12:46:56,421 - DEBUG - Counting for batch 36, containing 100 cells and 370396 reads
2021-06-22 12:47:29,403 - DEBUG - 15398 reads not considered because fully enclosed in repeat masked regions
2021-06-22 12:47:59,077 - DEBUG - Counting for batch 37, containing 100 cells and 401072 reads
2021-06-22 12:48:34,294 - DEBUG - 16961 reads not considered because fully enclosed in repeat masked regions
2021-06-22 12:48:59,195 - DEBUG - Read first 50 million reads
2021-06-22 12:49:05,815 - DEBUG - Counting for batch 38, containing 100 cells and 385707 reads
2021-06-22 12:49:37,774 - DEBUG - 15942 reads not considered because fully enclosed in repeat masked regions
2021-06-22 12:50:09,479 - DEBUG - Counting for batch 39, containing 100 cells and 373474 reads
2021-06-22 12:50:40,445 - DEBUG - 16344 reads not considered because fully enclosed in repeat masked regions
2021-06-22 12:51:09,253 - DEBUG - Counting for batch 40, containing 100 cells and 336045 reads
2021-06-22 12:51:38,041 - DEBUG - 14424 reads not considered because fully enclosed in repeat masked regions
2021-06-22 12:52:08,330 - DEBUG - Counting for batch 41, containing 100 cells and 381532 reads
2021-06-22 12:52:40,298 - DEBUG - 16525 reads not considered because fully enclosed in repeat masked regions
2021-06-22 12:53:09,578 - DEBUG - Counting for batch 42, containing 100 cells and 371017 reads
2021-06-22 12:53:42,474 - DEBUG - 14843 reads not considered because fully enclosed in repeat masked regions
2021-06-22 12:54:10,874 - DEBUG - Counting for batch 43, containing 100 cells and 368069 reads
2021-06-22 12:54:43,536 - DEBUG - 16128 reads not considered because fully enclosed in repeat masked regions
2021-06-22 12:55:13,693 - DEBUG - Counting for batch 44, containing 100 cells and 365499 reads
2021-06-22 12:55:44,403 - DEBUG - 14741 reads not considered because fully enclosed in repeat masked regions
2021-06-22 12:56:14,983 - DEBUG - Counting for batch 45, containing 100 cells and 356644 reads
2021-06-22 12:56:45,174 - DEBUG - 14408 reads not considered because fully enclosed in repeat masked regions
2021-06-22 12:57:05,663 - DEBUG - Read first 60 million reads
2021-06-22 12:57:16,101 - DEBUG - Counting for batch 46, containing 100 cells and 359605 reads
2021-06-22 12:57:46,702 - DEBUG - 14006 reads not considered because fully enclosed in repeat masked regions
2021-06-22 12:58:18,734 - DEBUG - Counting for batch 47, containing 100 cells and 382429 reads
2021-06-22 12:58:50,887 - DEBUG - 15703 reads not considered because fully enclosed in repeat masked regions
2021-06-22 12:59:20,132 - DEBUG - Counting for batch 48, containing 100 cells and 355142 reads
2021-06-22 12:59:51,811 - DEBUG - 15365 reads not considered because fully enclosed in repeat masked regions
2021-06-22 13:00:19,743 - DEBUG - Counting for batch 49, containing 100 cells and 340762 reads
2021-06-22 13:00:48,746 - DEBUG - 14249 reads not considered because fully enclosed in repeat masked regions
2021-06-22 13:01:04,202 - DEBUG - Counting for batch 50, containing 27 cells and 87662 reads
2021-06-22 13:01:15,240 - DEBUG - 3665 reads not considered because fully enclosed in repeat masked regions
2021-06-22 13:01:17,526 - DEBUG - 950594 reads were skipped because no apropiate cell or umi barcode was found
2021-06-22 13:01:17,526 - DEBUG - Counting done!
2021-06-22 13:01:17,534 - DEBUG - Generating output file data/BSA_0355_SM01_10x_SPLENO/OUT/COUNT/M2_CpG_Prog_transcriptome/velocyto.loom
2021-06-22 13:01:17,534 - DEBUG - Collecting row attributes
2021-06-22 13:01:17,659 - DEBUG - Generating data table
2021-06-22 13:01:19,304 - DEBUG - Writing loom file
2021-06-22 13:01:21,855 - DEBUG - Creating converter from 5 to 3
2021-06-22 13:01:21,857 - DEBUG - Creating converter from 3 to 5
2021-06-22 13:01:35,404 - DEBUG - Terminated Succesfully!
