2021-06-22 11:50:09,342 - DEBUG - Using logic: ValidatedIntrons10X
2021-06-22 11:50:09,737 - INFO - Read 3374 cell barcodes from /research/peer/fdeckert/FD20200109SPLENO/data/BSA_0355_SM01_10x_SPLENO/OUT/COUNT/M8_control_Prog_transcriptome/filtered_feature_bc_matrix/barcodes.qc.tsv
2021-06-22 11:50:09,737 - DEBUG - Example of barcode: AAACGAAAGGAGACCT and cell_id: velocyto:AAACGAAAGGAGACCT-1_8
2021-06-22 11:50:09,759 - DEBUG - Peeking into /research/peer/fdeckert/FD20200109SPLENO/data/BSA_0355_SM01_10x_SPLENO/OUT/COUNT/M8_control_Prog_transcriptome/possorted_genome_bam.bam
2021-06-22 11:50:09,861 - WARNING - Not found cell and umi barcode in entry 5 of the bam file
2021-06-22 11:50:09,867 - WARNING - Not found cell and umi barcode in entry 150 of the bam file
2021-06-22 11:50:09,867 - WARNING - Not found cell and umi barcode in entry 151 of the bam file
2021-06-22 11:50:09,868 - WARNING - Not found cell and umi barcode in entry 172 of the bam file
2021-06-22 11:50:09,868 - WARNING - Not found cell and umi barcode in entry 173 of the bam file
2021-06-22 11:50:09,868 - WARNING - Not found cell and umi barcode in entry 203 of the bam file
2021-06-22 11:50:09,868 - WARNING - Not found cell and umi barcode in entry 263 of the bam file
2021-06-22 11:50:09,869 - WARNING - Not found cell and umi barcode in entry 272 of the bam file
2021-06-22 11:50:09,869 - WARNING - Not found cell and umi barcode in entry 273 of the bam file
2021-06-22 11:50:09,870 - WARNING - Not found cell and umi barcode in entry 383 of the bam file
2021-06-22 11:50:09,870 - WARNING - Not found cell and umi barcode in entry 411 of the bam file
2021-06-22 11:50:09,870 - WARNING - Not found cell and umi barcode in entry 426 of the bam file
2021-06-22 11:50:09,870 - WARNING - Not found cell and umi barcode in entry 428 of the bam file
2021-06-22 11:50:09,871 - WARNING - Not found cell and umi barcode in entry 431 of the bam file
2021-06-22 11:50:09,871 - WARNING - Not found cell and umi barcode in entry 436 of the bam file
2021-06-22 11:50:09,923 - WARNING - Not found cell and umi barcode in entry 437 of the bam file
2021-06-22 11:50:09,923 - WARNING - Not found cell and umi barcode in entry 477 of the bam file
2021-06-22 11:50:09,924 - WARNING - Not found cell and umi barcode in entry 503 of the bam file
2021-06-22 11:50:09,924 - WARNING - Not found cell and umi barcode in entry 511 of the bam file
2021-06-22 11:50:09,924 - WARNING - Not found cell and umi barcode in entry 522 of the bam file
2021-06-22 11:50:09,925 - WARNING - Not found cell and umi barcode in entry 552 of the bam file
2021-06-22 11:50:09,925 - WARNING - Not found cell and umi barcode in entry 554 of the bam file
2021-06-22 11:50:09,925 - WARNING - Not found cell and umi barcode in entry 562 of the bam file
2021-06-22 11:50:09,927 - WARNING - Not found cell and umi barcode in entry 636 of the bam file
2021-06-22 11:50:09,927 - WARNING - Not found cell and umi barcode in entry 637 of the bam file
2021-06-22 11:50:09,927 - WARNING - Not found cell and umi barcode in entry 638 of the bam file
2021-06-22 11:50:09,927 - WARNING - Not found cell and umi barcode in entry 654 of the bam file
2021-06-22 11:50:09,928 - WARNING - Not found cell and umi barcode in entry 656 of the bam file
2021-06-22 11:50:09,928 - WARNING - Not found cell and umi barcode in entry 663 of the bam file
2021-06-22 11:50:09,928 - WARNING - Not found cell and umi barcode in entry 666 of the bam file
2021-06-22 11:50:09,928 - WARNING - Not found cell and umi barcode in entry 695 of the bam file
2021-06-22 11:50:09,929 - WARNING - Not found cell and umi barcode in entry 709 of the bam file
2021-06-22 11:50:09,944 - WARNING - Not found cell and umi barcode in entry 758 of the bam file
2021-06-22 11:50:09,944 - WARNING - Not found cell and umi barcode in entry 767 of the bam file
2021-06-22 11:50:09,945 - WARNING - Not found cell and umi barcode in entry 816 of the bam file
2021-06-22 11:50:09,945 - WARNING - Not found cell and umi barcode in entry 817 of the bam file
2021-06-22 11:50:09,947 - WARNING - Not found cell and umi barcode in entry 953 of the bam file
2021-06-22 11:50:09,947 - WARNING - Not found cell and umi barcode in entry 965 of the bam file
2021-06-22 11:50:09,947 - WARNING - Not found cell and umi barcode in entry 972 of the bam file
2021-06-22 11:50:09,947 - WARNING - Not found cell and umi barcode in entry 977 of the bam file
2021-06-22 11:50:09,983 - WARNING - The file /research/peer/fdeckert/FD20200109SPLENO/data/BSA_0355_SM01_10x_SPLENO/OUT/COUNT/M8_control_Prog_transcriptome/cellsorted_possorted_genome_bam.bam already exists. The sorting step will be skipped and the existing file will be used.
2021-06-22 11:50:09,983 - INFO - Load the annotation from /research/peer/fdeckert/FD20200109SPLENO/data/mm10/cellranger/Mus_musculus.GRCm38.93.filtered.gtf
2021-06-22 11:50:17,993 - DEBUG - Parsing Chromosome 1 strand - [line 0]
2021-06-22 11:50:18,572 - DEBUG - Done with 1- [line 55263]
2021-06-22 11:50:18,572 - DEBUG - Assigning indexes to genes
2021-06-22 11:50:18,578 - DEBUG - Seen 852 genes until now
2021-06-22 11:50:18,579 - DEBUG - Parsing Chromosome 1 strand + [line 55264]
2021-06-22 11:50:19,146 - DEBUG - Done with 1+ [line 108827]
2021-06-22 11:50:19,147 - DEBUG - Assigning indexes to genes
2021-06-22 11:50:19,156 - DEBUG - Seen 1744 genes until now
2021-06-22 11:50:19,156 - DEBUG - Parsing Chromosome 10 strand - [line 108828]
2021-06-22 11:50:19,578 - DEBUG - Done with 10- [line 148287]
2021-06-22 11:50:19,578 - DEBUG - Assigning indexes to genes
2021-06-22 11:50:19,585 - DEBUG - Seen 2492 genes until now
2021-06-22 11:50:19,585 - DEBUG - Parsing Chromosome 10 strand + [line 148288]
2021-06-22 11:50:20,030 - DEBUG - Done with 10+ [line 190661]
2021-06-22 11:50:20,030 - DEBUG - Assigning indexes to genes
2021-06-22 11:50:20,037 - DEBUG - Seen 3285 genes until now
2021-06-22 11:50:20,037 - DEBUG - Parsing Chromosome 11 strand - [line 190662]
2021-06-22 11:50:20,690 - DEBUG - Done with 11- [line 252011]
2021-06-22 11:50:20,691 - DEBUG - Assigning indexes to genes
2021-06-22 11:50:20,698 - DEBUG - Seen 4335 genes until now
2021-06-22 11:50:20,698 - DEBUG - Parsing Chromosome 11 strand + [line 252012]
2021-06-22 11:50:21,324 - DEBUG - Done with 11+ [line 314062]
2021-06-22 11:50:21,324 - DEBUG - Assigning indexes to genes
2021-06-22 11:50:21,331 - DEBUG - Seen 5320 genes until now
2021-06-22 11:50:21,332 - DEBUG - Parsing Chromosome 12 strand - [line 314063]
2021-06-22 11:50:21,511 - DEBUG - Done with 12- [line 338958]
2021-06-22 11:50:21,511 - DEBUG - Assigning indexes to genes
2021-06-22 11:50:21,515 - DEBUG - Seen 6056 genes until now
2021-06-22 11:50:21,515 - DEBUG - Parsing Chromosome 12 strand + [line 338959]
2021-06-22 11:50:21,763 - DEBUG - Done with 12+ [line 372787]
2021-06-22 11:50:21,763 - DEBUG - Assigning indexes to genes
2021-06-22 11:50:21,767 - DEBUG - Seen 6615 genes until now
2021-06-22 11:50:21,767 - DEBUG - Parsing Chromosome 13 strand - [line 372788]
2021-06-22 11:50:22,011 - DEBUG - Done with 13- [line 406792]
2021-06-22 11:50:22,012 - DEBUG - Assigning indexes to genes
2021-06-22 11:50:22,016 - DEBUG - Seen 7339 genes until now
2021-06-22 11:50:22,016 - DEBUG - Parsing Chromosome 13 strand + [line 406793]
2021-06-22 11:50:22,206 - DEBUG - Done with 13+ [line 433455]
2021-06-22 11:50:22,206 - DEBUG - Assigning indexes to genes
2021-06-22 11:50:22,211 - DEBUG - Seen 8023 genes until now
2021-06-22 11:50:22,211 - DEBUG - Parsing Chromosome 14 strand - [line 433456]
2021-06-22 11:50:22,676 - DEBUG - Done with 14- [line 469680]
2021-06-22 11:50:22,676 - DEBUG - Assigning indexes to genes
2021-06-22 11:50:22,681 - DEBUG - Seen 8704 genes until now
2021-06-22 11:50:22,681 - DEBUG - Parsing Chromosome 14 strand + [line 469681]
2021-06-22 11:50:22,916 - DEBUG - Done with 14+ [line 502857]
2021-06-22 11:50:22,917 - DEBUG - Assigning indexes to genes
2021-06-22 11:50:22,921 - DEBUG - Seen 9518 genes until now
2021-06-22 11:50:22,921 - DEBUG - Parsing Chromosome 15 strand - [line 502858]
2021-06-22 11:50:23,190 - DEBUG - Done with 15- [line 539049]
2021-06-22 11:50:23,190 - DEBUG - Assigning indexes to genes
2021-06-22 11:50:23,194 - DEBUG - Seen 10092 genes until now
2021-06-22 11:50:23,194 - DEBUG - Parsing Chromosome 15 strand + [line 539050]
2021-06-22 11:50:23,418 - DEBUG - Done with 15+ [line 569723]
2021-06-22 11:50:23,419 - DEBUG - Assigning indexes to genes
2021-06-22 11:50:23,423 - DEBUG - Seen 10616 genes until now
2021-06-22 11:50:23,423 - DEBUG - Parsing Chromosome 16 strand - [line 569724]
2021-06-22 11:50:23,616 - DEBUG - Done with 16- [line 596286]
2021-06-22 11:50:23,616 - DEBUG - Assigning indexes to genes
2021-06-22 11:50:23,619 - DEBUG - Seen 11093 genes until now
2021-06-22 11:50:23,619 - DEBUG - Parsing Chromosome 16 strand + [line 596287]
2021-06-22 11:50:24,141 - DEBUG - Done with 16+ [line 626571]
2021-06-22 11:50:24,142 - DEBUG - Assigning indexes to genes
2021-06-22 11:50:24,145 - DEBUG - Seen 11545 genes until now
2021-06-22 11:50:24,145 - DEBUG - Parsing Chromosome 17 strand - [line 626572]
2021-06-22 11:50:24,383 - DEBUG - Done with 17- [line 659846]
2021-06-22 11:50:24,383 - DEBUG - Assigning indexes to genes
2021-06-22 11:50:24,387 - DEBUG - Seen 12152 genes until now
2021-06-22 11:50:24,387 - DEBUG - Parsing Chromosome 17 strand + [line 659847]
2021-06-22 11:50:24,648 - DEBUG - Done with 17+ [line 696472]
2021-06-22 11:50:24,648 - DEBUG - Assigning indexes to genes
2021-06-22 11:50:24,652 - DEBUG - Seen 12800 genes until now
2021-06-22 11:50:24,652 - DEBUG - Parsing Chromosome 18 strand - [line 696473]
2021-06-22 11:50:24,744 - DEBUG - Done with 18- [line 709486]
2021-06-22 11:50:24,744 - DEBUG - Assigning indexes to genes
2021-06-22 11:50:24,746 - DEBUG - Seen 13059 genes until now
2021-06-22 11:50:24,746 - DEBUG - Parsing Chromosome 18 strand + [line 709487]
2021-06-22 11:50:24,873 - DEBUG - Done with 18+ [line 728027]
2021-06-22 11:50:24,873 - DEBUG - Assigning indexes to genes
2021-06-22 11:50:24,875 - DEBUG - Seen 13409 genes until now
2021-06-22 11:50:24,875 - DEBUG - Parsing Chromosome 19 strand - [line 728028]
2021-06-22 11:50:25,046 - DEBUG - Done with 19- [line 752316]
2021-06-22 11:50:25,047 - DEBUG - Assigning indexes to genes
2021-06-22 11:50:25,049 - DEBUG - Seen 13815 genes until now
2021-06-22 11:50:25,049 - DEBUG - Parsing Chromosome 19 strand + [line 752317]
2021-06-22 11:50:25,196 - DEBUG - Done with 19+ [line 773600]
2021-06-22 11:50:25,196 - DEBUG - Assigning indexes to genes
2021-06-22 11:50:25,199 - DEBUG - Seen 14224 genes until now
2021-06-22 11:50:25,199 - DEBUG - Parsing Chromosome 2 strand - [line 773601]
2021-06-22 11:50:25,745 - DEBUG - Done with 2- [line 848821]
2021-06-22 11:50:25,745 - DEBUG - Assigning indexes to genes
2021-06-22 11:50:26,020 - DEBUG - Seen 15398 genes until now
2021-06-22 11:50:26,021 - DEBUG - Parsing Chromosome 2 strand + [line 848822]
2021-06-22 11:50:26,524 - DEBUG - Done with 2+ [line 918704]
2021-06-22 11:50:26,524 - DEBUG - Assigning indexes to genes
2021-06-22 11:50:26,533 - DEBUG - Seen 16582 genes until now
2021-06-22 11:50:26,533 - DEBUG - Parsing Chromosome 3 strand - [line 918705]
2021-06-22 11:50:26,804 - DEBUG - Done with 3- [line 957202]
2021-06-22 11:50:26,805 - DEBUG - Assigning indexes to genes
2021-06-22 11:50:26,810 - DEBUG - Seen 17302 genes until now
2021-06-22 11:50:26,810 - DEBUG - Parsing Chromosome 3 strand + [line 957203]
2021-06-22 11:50:27,114 - DEBUG - Done with 3+ [line 1000138]
2021-06-22 11:50:27,114 - DEBUG - Assigning indexes to genes
2021-06-22 11:50:27,119 - DEBUG - Seen 18021 genes until now
2021-06-22 11:50:27,119 - DEBUG - Parsing Chromosome 4 strand - [line 1000139]
2021-06-22 11:50:27,483 - DEBUG - Done with 4- [line 1050727]
2021-06-22 11:50:27,483 - DEBUG - Assigning indexes to genes
2021-06-22 11:50:27,489 - DEBUG - Seen 18875 genes until now
2021-06-22 11:50:27,489 - DEBUG - Parsing Chromosome 4 strand + [line 1050728]
2021-06-22 11:50:27,843 - DEBUG - Done with 4+ [line 1099723]
2021-06-22 11:50:27,843 - DEBUG - Assigning indexes to genes
2021-06-22 11:50:27,849 - DEBUG - Seen 19731 genes until now
2021-06-22 11:50:27,849 - DEBUG - Parsing Chromosome 5 strand - [line 1099724]
2021-06-22 11:50:28,575 - DEBUG - Done with 5- [line 1157394]
2021-06-22 11:50:28,575 - DEBUG - Assigning indexes to genes
2021-06-22 11:50:28,582 - DEBUG - Seen 20622 genes until now
2021-06-22 11:50:28,582 - DEBUG - Parsing Chromosome 5 strand + [line 1157395]
2021-06-22 11:50:29,001 - DEBUG - Done with 5+ [line 1215626]
2021-06-22 11:50:29,001 - DEBUG - Assigning indexes to genes
2021-06-22 11:50:29,008 - DEBUG - Seen 21539 genes until now
2021-06-22 11:50:29,009 - DEBUG - Parsing Chromosome 6 strand - [line 1215627]
2021-06-22 11:50:29,323 - DEBUG - Done with 6- [line 1260326]
2021-06-22 11:50:29,323 - DEBUG - Assigning indexes to genes
2021-06-22 11:50:29,330 - DEBUG - Seen 22385 genes until now
2021-06-22 11:50:29,330 - DEBUG - Parsing Chromosome 6 strand + [line 1260327]
2021-06-22 11:50:29,661 - DEBUG - Done with 6+ [line 1307744]
2021-06-22 11:50:29,661 - DEBUG - Assigning indexes to genes
2021-06-22 11:50:29,668 - DEBUG - Seen 23304 genes until now
2021-06-22 11:50:29,668 - DEBUG - Parsing Chromosome 7 strand - [line 1307745]
2021-06-22 11:50:30,168 - DEBUG - Done with 7- [line 1379880]
2021-06-22 11:50:30,168 - DEBUG - Assigning indexes to genes
2021-06-22 11:50:30,179 - DEBUG - Seen 24656 genes until now
2021-06-22 11:50:30,179 - DEBUG - Parsing Chromosome 7 strand + [line 1379881]
2021-06-22 11:50:30,668 - DEBUG - Done with 7+ [line 1450335]
2021-06-22 11:50:30,668 - DEBUG - Assigning indexes to genes
2021-06-22 11:50:30,678 - DEBUG - Seen 25873 genes until now
2021-06-22 11:50:30,678 - DEBUG - Parsing Chromosome 8 strand - [line 1450336]
2021-06-22 11:50:31,294 - DEBUG - Done with 8- [line 1485523]
2021-06-22 11:50:31,294 - DEBUG - Assigning indexes to genes
2021-06-22 11:50:31,298 - DEBUG - Seen 26580 genes until now
2021-06-22 11:50:31,298 - DEBUG - Parsing Chromosome 8 strand + [line 1485524]
2021-06-22 11:50:31,632 - DEBUG - Done with 8+ [line 1531960]
2021-06-22 11:50:31,633 - DEBUG - Assigning indexes to genes
2021-06-22 11:50:31,638 - DEBUG - Seen 27398 genes until now
2021-06-22 11:50:31,638 - DEBUG - Parsing Chromosome 9 strand - [line 1531961]
2021-06-22 11:50:32,008 - DEBUG - Done with 9- [line 1583207]
2021-06-22 11:50:32,009 - DEBUG - Assigning indexes to genes
2021-06-22 11:50:32,015 - DEBUG - Seen 28230 genes until now
2021-06-22 11:50:32,015 - DEBUG - Parsing Chromosome 9 strand + [line 1583208]
2021-06-22 11:50:32,389 - DEBUG - Done with 9+ [line 1635954]
2021-06-22 11:50:32,390 - DEBUG - Assigning indexes to genes
2021-06-22 11:50:32,397 - DEBUG - Seen 29142 genes until now
2021-06-22 11:50:32,397 - DEBUG - Parsing Chromosome GL456210.1 strand - [line 1635955]
2021-06-22 11:50:32,397 - DEBUG - Done with GL456210.1- [line 1635981]
2021-06-22 11:50:32,397 - DEBUG - Assigning indexes to genes
2021-06-22 11:50:32,398 - DEBUG - Seen 29145 genes until now
2021-06-22 11:50:32,398 - DEBUG - Parsing Chromosome GL456210.1 strand + [line 1635982]
2021-06-22 11:50:32,398 - DEBUG - Done with GL456210.1+ [line 1635996]
2021-06-22 11:50:32,398 - DEBUG - Assigning indexes to genes
2021-06-22 11:50:32,398 - DEBUG - Seen 29147 genes until now
2021-06-22 11:50:32,398 - DEBUG - Parsing Chromosome GL456211.1 strand - [line 1635997]
2021-06-22 11:50:32,398 - DEBUG - Done with GL456211.1- [line 1636024]
2021-06-22 11:50:32,398 - DEBUG - Assigning indexes to genes
2021-06-22 11:50:32,398 - DEBUG - Seen 29151 genes until now
2021-06-22 11:50:32,399 - DEBUG - Parsing Chromosome GL456211.1 strand + [line 1636025]
2021-06-22 11:50:32,399 - DEBUG - Done with GL456211.1+ [line 1636050]
2021-06-22 11:50:32,399 - DEBUG - Assigning indexes to genes
2021-06-22 11:50:32,399 - DEBUG - Seen 29153 genes until now
2021-06-22 11:50:32,399 - DEBUG - Parsing Chromosome GL456212.1 strand - [line 1636051]
2021-06-22 11:50:32,399 - DEBUG - Done with GL456212.1- [line 1636086]
2021-06-22 11:50:32,399 - DEBUG - Assigning indexes to genes
2021-06-22 11:50:32,400 - DEBUG - Seen 29155 genes until now
2021-06-22 11:50:32,400 - DEBUG - Parsing Chromosome GL456216.1 strand + [line 1636087]
2021-06-22 11:50:32,400 - DEBUG - Done with GL456216.1+ [line 1636106]
2021-06-22 11:50:32,400 - DEBUG - Assigning indexes to genes
2021-06-22 11:50:32,400 - DEBUG - Seen 29156 genes until now
2021-06-22 11:50:32,400 - DEBUG - Parsing Chromosome GL456219.1 strand - [line 1636107]
2021-06-22 11:50:32,400 - DEBUG - Done with GL456219.1- [line 1636118]
2021-06-22 11:50:32,400 - DEBUG - Assigning indexes to genes
2021-06-22 11:50:32,400 - DEBUG - Seen 29158 genes until now
2021-06-22 11:50:32,401 - DEBUG - Parsing Chromosome GL456221.1 strand - [line 1636119]
2021-06-22 11:50:32,401 - DEBUG - Done with GL456221.1- [line 1636162]
2021-06-22 11:50:32,401 - DEBUG - Assigning indexes to genes
2021-06-22 11:50:32,401 - DEBUG - Seen 29162 genes until now
2021-06-22 11:50:32,401 - DEBUG - Parsing Chromosome GL456221.1 strand + [line 1636163]
2021-06-22 11:50:32,401 - DEBUG - Done with GL456221.1+ [line 1636181]
2021-06-22 11:50:32,401 - DEBUG - Assigning indexes to genes
2021-06-22 11:50:32,401 - DEBUG - Seen 29165 genes until now
2021-06-22 11:50:32,402 - DEBUG - Parsing Chromosome GL456233.1 strand - [line 1636182]
2021-06-22 11:50:32,402 - DEBUG - Done with GL456233.1- [line 1636213]
2021-06-22 11:50:32,402 - DEBUG - Assigning indexes to genes
2021-06-22 11:50:32,402 - DEBUG - Seen 29167 genes until now
2021-06-22 11:50:32,402 - DEBUG - Parsing Chromosome GL456233.1 strand + [line 1636214]
2021-06-22 11:50:32,402 - DEBUG - Done with GL456233.1+ [line 1636244]
2021-06-22 11:50:32,402 - DEBUG - Assigning indexes to genes
2021-06-22 11:50:32,403 - DEBUG - Seen 29169 genes until now
2021-06-22 11:50:32,403 - DEBUG - Parsing Chromosome GL456350.1 strand - [line 1636245]
2021-06-22 11:50:32,403 - DEBUG - Done with GL456350.1- [line 1636304]
2021-06-22 11:50:32,403 - DEBUG - Assigning indexes to genes
2021-06-22 11:50:32,403 - DEBUG - Seen 29174 genes until now
2021-06-22 11:50:32,403 - DEBUG - Parsing Chromosome GL456354.1 strand - [line 1636305]
2021-06-22 11:50:32,404 - DEBUG - Done with GL456354.1- [line 1636337]
2021-06-22 11:50:32,404 - DEBUG - Assigning indexes to genes
2021-06-22 11:50:32,404 - DEBUG - Seen 29177 genes until now
2021-06-22 11:50:32,404 - DEBUG - Parsing Chromosome GL456354.1 strand + [line 1636338]
2021-06-22 11:50:32,404 - DEBUG - Done with GL456354.1+ [line 1636357]
2021-06-22 11:50:32,404 - DEBUG - Assigning indexes to genes
2021-06-22 11:50:32,404 - DEBUG - Seen 29179 genes until now
2021-06-22 11:50:32,404 - DEBUG - Parsing Chromosome JH584292.1 strand + [line 1636358]
2021-06-22 11:50:32,405 - DEBUG - Done with JH584292.1+ [line 1636433]
2021-06-22 11:50:32,405 - DEBUG - Assigning indexes to genes
2021-06-22 11:50:32,405 - DEBUG - Seen 29180 genes until now
2021-06-22 11:50:32,405 - DEBUG - Parsing Chromosome JH584293.1 strand - [line 1636434]
2021-06-22 11:50:32,406 - DEBUG - Done with JH584293.1- [line 1636500]
2021-06-22 11:50:32,406 - DEBUG - Assigning indexes to genes
2021-06-22 11:50:32,406 - DEBUG - Seen 29186 genes until now
2021-06-22 11:50:32,406 - DEBUG - Parsing Chromosome JH584293.1 strand + [line 1636501]
2021-06-22 11:50:32,407 - DEBUG - Done with JH584293.1+ [line 1636542]
2021-06-22 11:50:32,407 - DEBUG - Assigning indexes to genes
2021-06-22 11:50:32,407 - DEBUG - Seen 29189 genes until now
2021-06-22 11:50:32,407 - DEBUG - Parsing Chromosome JH584294.1 strand - [line 1636543]
2021-06-22 11:50:32,407 - DEBUG - Done with JH584294.1- [line 1636607]
2021-06-22 11:50:32,407 - DEBUG - Assigning indexes to genes
2021-06-22 11:50:32,407 - DEBUG - Seen 29193 genes until now
2021-06-22 11:50:32,408 - DEBUG - Parsing Chromosome JH584294.1 strand + [line 1636608]
2021-06-22 11:50:32,408 - DEBUG - Done with JH584294.1+ [line 1636631]
2021-06-22 11:50:32,408 - DEBUG - Assigning indexes to genes
2021-06-22 11:50:32,408 - DEBUG - Seen 29195 genes until now
2021-06-22 11:50:32,408 - DEBUG - Parsing Chromosome JH584295.1 strand - [line 1636632]
2021-06-22 11:50:32,408 - DEBUG - Done with JH584295.1- [line 1636647]
2021-06-22 11:50:32,408 - DEBUG - Assigning indexes to genes
2021-06-22 11:50:32,409 - DEBUG - Seen 29196 genes until now
2021-06-22 11:50:32,409 - DEBUG - Parsing Chromosome JH584296.1 strand - [line 1636648]
2021-06-22 11:50:32,409 - DEBUG - Done with JH584296.1- [line 1636675]
2021-06-22 11:50:32,409 - DEBUG - Assigning indexes to genes
2021-06-22 11:50:32,409 - DEBUG - Seen 29199 genes until now
2021-06-22 11:50:32,409 - DEBUG - Parsing Chromosome JH584297.1 strand - [line 1636676]
2021-06-22 11:50:32,409 - DEBUG - Done with JH584297.1- [line 1636694]
2021-06-22 11:50:32,409 - DEBUG - Assigning indexes to genes
2021-06-22 11:50:32,409 - DEBUG - Seen 29201 genes until now
2021-06-22 11:50:32,410 - DEBUG - Parsing Chromosome JH584297.1 strand + [line 1636695]
2021-06-22 11:50:32,410 - DEBUG - Done with JH584297.1+ [line 1636703]
2021-06-22 11:50:32,410 - DEBUG - Assigning indexes to genes
2021-06-22 11:50:32,410 - DEBUG - Seen 29202 genes until now
2021-06-22 11:50:32,410 - DEBUG - Parsing Chromosome JH584298.1 strand - [line 1636704]
2021-06-22 11:50:32,410 - DEBUG - Done with JH584298.1- [line 1636714]
2021-06-22 11:50:32,410 - DEBUG - Assigning indexes to genes
2021-06-22 11:50:32,410 - DEBUG - Seen 29203 genes until now
2021-06-22 11:50:32,410 - DEBUG - Parsing Chromosome JH584298.1 strand + [line 1636715]
2021-06-22 11:50:32,411 - DEBUG - Done with JH584298.1+ [line 1636735]
2021-06-22 11:50:32,411 - DEBUG - Assigning indexes to genes
2021-06-22 11:50:32,411 - DEBUG - Seen 29205 genes until now
2021-06-22 11:50:32,411 - DEBUG - Parsing Chromosome JH584299.1 strand - [line 1636736]
2021-06-22 11:50:32,411 - DEBUG - Done with JH584299.1- [line 1636745]
2021-06-22 11:50:32,411 - DEBUG - Assigning indexes to genes
2021-06-22 11:50:32,411 - DEBUG - Seen 29206 genes until now
2021-06-22 11:50:32,411 - DEBUG - Parsing Chromosome JH584299.1 strand + [line 1636746]
2021-06-22 11:50:32,412 - DEBUG - Done with JH584299.1+ [line 1636857]
2021-06-22 11:50:32,412 - DEBUG - Assigning indexes to genes
2021-06-22 11:50:32,412 - DEBUG - Seen 29217 genes until now
2021-06-22 11:50:32,412 - DEBUG - Parsing Chromosome JH584303.1 strand + [line 1636858]
2021-06-22 11:50:32,412 - DEBUG - Done with JH584303.1+ [line 1636862]
2021-06-22 11:50:32,412 - DEBUG - Assigning indexes to genes
2021-06-22 11:50:32,412 - DEBUG - Seen 29218 genes until now
2021-06-22 11:50:32,413 - DEBUG - Parsing Chromosome JH584304.1 strand - [line 1636863]
2021-06-22 11:50:32,413 - DEBUG - Done with JH584304.1- [line 1636895]
2021-06-22 11:50:32,413 - DEBUG - Assigning indexes to genes
2021-06-22 11:50:32,413 - DEBUG - Seen 29219 genes until now
2021-06-22 11:50:32,413 - DEBUG - Parsing Chromosome MT strand - [line 1636896]
2021-06-22 11:50:32,413 - DEBUG - Done with MT- [line 1636901]
2021-06-22 11:50:32,413 - DEBUG - Assigning indexes to genes
2021-06-22 11:50:32,413 - DEBUG - Seen 29220 genes until now
2021-06-22 11:50:32,413 - DEBUG - Parsing Chromosome MT strand + [line 1636902]
2021-06-22 11:50:32,414 - DEBUG - Done with MT+ [line 1636970]
2021-06-22 11:50:32,414 - DEBUG - Assigning indexes to genes
2021-06-22 11:50:32,414 - DEBUG - Seen 29232 genes until now
2021-06-22 11:50:32,414 - DEBUG - Parsing Chromosome X strand - [line 1636971]
2021-06-22 11:50:32,603 - DEBUG - Done with X- [line 1663962]
2021-06-22 11:50:32,603 - DEBUG - Assigning indexes to genes
2021-06-22 11:50:32,606 - DEBUG - Seen 29755 genes until now
2021-06-22 11:50:32,606 - DEBUG - Parsing Chromosome X strand + [line 1663963]
2021-06-22 11:50:32,820 - DEBUG - Done with X+ [line 1694333]
2021-06-22 11:50:32,821 - DEBUG - Assigning indexes to genes
2021-06-22 11:50:32,824 - DEBUG - Seen 30320 genes until now
2021-06-22 11:50:32,824 - DEBUG - Parsing Chromosome Y strand - [line 1694334]
2021-06-22 11:50:32,861 - DEBUG - Done with Y- [line 1698842]
2021-06-22 11:50:32,861 - DEBUG - Assigning indexes to genes
2021-06-22 11:50:32,862 - DEBUG - Seen 30662 genes until now
2021-06-22 11:50:32,862 - DEBUG - Parsing Chromosome Y strand + [line 1698843]
2021-06-22 11:50:32,904 - DEBUG - Assigning indexes to genes
2021-06-22 11:50:32,906 - DEBUG - Done with Y+ [line 1704063]
2021-06-22 11:50:32,906 - DEBUG - Fixing corner cases of transcript models containg intron longer than 1000Kbp
2021-06-22 11:50:34,240 - DEBUG - Generated 1423079 features corresponding to 111079 transcript models from /research/peer/fdeckert/FD20200109SPLENO/data/mm10/cellranger/Mus_musculus.GRCm38.93.filtered.gtf
2021-06-22 11:50:34,257 - INFO - Load the repeat masking annotation from /research/peer/fdeckert/FD20200109SPLENO/data/mm10/mm10_rmsk.gtf
2021-06-22 11:50:34,257 - DEBUG - Reading /research/peer/fdeckert/FD20200109SPLENO/data/mm10/mm10_rmsk.gtf, the file will be sorted in memory
2021-06-22 11:51:13,258 - DEBUG - Processed masked annotation .gtf and generated 4252016 intervals to mask!
2021-06-22 11:51:13,542 - INFO - Scan /research/peer/fdeckert/FD20200109SPLENO/data/BSA_0355_SM01_10x_SPLENO/OUT/COUNT/M8_control_Prog_transcriptome/possorted_genome_bam.bam to validate intron intervals
2021-06-22 11:51:16,979 - DEBUG - Reading /research/peer/fdeckert/FD20200109SPLENO/data/BSA_0355_SM01_10x_SPLENO/OUT/COUNT/M8_control_Prog_transcriptome/possorted_genome_bam.bam
2021-06-22 11:51:16,993 - DEBUG - Read first 0 million reads
2021-06-22 11:51:17,000 - DEBUG - Marking up chromosome 1
2021-06-22 11:52:02,186 - DEBUG - Marking up chromosome 10
2021-06-22 11:52:42,275 - DEBUG - Marking up chromosome 11
2021-06-22 11:53:29,299 - DEBUG - Read first 10 million reads
2021-06-22 11:53:49,752 - DEBUG - Marking up chromosome 12
2021-06-22 11:54:16,980 - DEBUG - Marking up chromosome 13
2021-06-22 11:54:44,681 - DEBUG - Marking up chromosome 14
2021-06-22 11:55:10,292 - DEBUG - Marking up chromosome 15
2021-06-22 11:55:39,481 - DEBUG - Marking up chromosome 16
2021-06-22 11:55:42,268 - DEBUG - Read first 20 million reads
2021-06-22 11:56:00,296 - DEBUG - Marking up chromosome 17
2021-06-22 11:56:47,255 - DEBUG - Marking up chromosome 18
2021-06-22 11:57:06,021 - DEBUG - Marking up chromosome 19
2021-06-22 11:57:33,546 - DEBUG - Marking up chromosome 2
2021-06-22 11:58:06,627 - DEBUG - Read first 30 million reads
2021-06-22 11:58:24,124 - DEBUG - Marking up chromosome 3
2021-06-22 11:58:58,548 - DEBUG - Marking up chromosome 4
2021-06-22 11:59:46,432 - DEBUG - Marking up chromosome 5
2021-06-22 12:00:26,342 - DEBUG - Read first 40 million reads
2021-06-22 12:00:34,389 - DEBUG - Marking up chromosome 6
2021-06-22 12:01:13,576 - DEBUG - Marking up chromosome 7
2021-06-22 12:02:25,830 - DEBUG - Marking up chromosome 8
2021-06-22 12:02:49,513 - DEBUG - Read first 50 million reads
2021-06-22 12:03:01,491 - DEBUG - Marking up chromosome 9
2021-06-22 12:03:47,331 - DEBUG - Marking up chromosome MT
2021-06-22 12:04:03,600 - DEBUG - Marking up chromosome X
2021-06-22 12:04:25,771 - DEBUG - Marking up chromosome Y
2021-06-22 12:04:27,154 - DEBUG - Marking up chromosome JH584299.1
2021-06-22 12:04:27,157 - DEBUG - Marking up chromosome GL456233.1
2021-06-22 12:04:27,184 - DEBUG - Marking up chromosome JH584301.1
2021-06-22 12:04:27,184 - WARNING - The .bam file refers to a chromosome 'JH584301.1+' not present in the annotation (.gtf) file
2021-06-22 12:04:27,184 - WARNING - The .bam file refers to a chromosome 'JH584301.1-' not present in the annotation (.gtf) file
2021-06-22 12:04:27,185 - DEBUG - Marking up chromosome GL456211.1
2021-06-22 12:04:27,191 - DEBUG - Marking up chromosome GL456221.1
2021-06-22 12:04:27,192 - DEBUG - Marking up chromosome JH584297.1
2021-06-22 12:04:27,196 - DEBUG - Marking up chromosome JH584298.1
2021-06-22 12:04:27,197 - DEBUG - Marking up chromosome JH584300.1
2021-06-22 12:04:27,197 - WARNING - The .bam file refers to a chromosome 'JH584300.1+' not present in the annotation (.gtf) file
2021-06-22 12:04:27,197 - WARNING - The .bam file refers to a chromosome 'JH584300.1-' not present in the annotation (.gtf) file
2021-06-22 12:04:27,240 - DEBUG - Marking up chromosome GL456210.1
2021-06-22 12:04:27,242 - DEBUG - Marking up chromosome GL456212.1
2021-06-22 12:04:27,243 - WARNING - The .bam file refers to a chromosome 'GL456212.1+' not present in the annotation (.gtf) file
2021-06-22 12:04:27,245 - DEBUG - Marking up chromosome JH584304.1
2021-06-22 12:04:27,245 - WARNING - The .bam file refers to a chromosome 'JH584304.1+' not present in the annotation (.gtf) file
2021-06-22 12:04:27,392 - DEBUG - Marking up chromosome GL456379.1
2021-06-22 12:04:27,392 - WARNING - The .bam file refers to a chromosome 'GL456379.1+' not present in the annotation (.gtf) file
2021-06-22 12:04:27,392 - WARNING - The .bam file refers to a chromosome 'GL456379.1-' not present in the annotation (.gtf) file
2021-06-22 12:04:27,393 - DEBUG - Marking up chromosome GL456216.1
2021-06-22 12:04:27,393 - WARNING - The .bam file refers to a chromosome 'GL456216.1-' not present in the annotation (.gtf) file
2021-06-22 12:04:27,434 - DEBUG - Marking up chromosome GL456360.1
2021-06-22 12:04:27,434 - WARNING - The .bam file refers to a chromosome 'GL456360.1+' not present in the annotation (.gtf) file
2021-06-22 12:04:27,434 - WARNING - The .bam file refers to a chromosome 'GL456360.1-' not present in the annotation (.gtf) file
2021-06-22 12:04:27,434 - DEBUG - Marking up chromosome GL456378.1
2021-06-22 12:04:27,434 - WARNING - The .bam file refers to a chromosome 'GL456378.1+' not present in the annotation (.gtf) file
2021-06-22 12:04:27,434 - WARNING - The .bam file refers to a chromosome 'GL456378.1-' not present in the annotation (.gtf) file
2021-06-22 12:04:27,435 - DEBUG - Marking up chromosome GL456372.1
2021-06-22 12:04:27,435 - WARNING - The .bam file refers to a chromosome 'GL456372.1+' not present in the annotation (.gtf) file
2021-06-22 12:04:27,435 - WARNING - The .bam file refers to a chromosome 'GL456372.1-' not present in the annotation (.gtf) file
2021-06-22 12:04:27,436 - DEBUG - Marking up chromosome GL456370.1
2021-06-22 12:04:27,436 - WARNING - The .bam file refers to a chromosome 'GL456370.1+' not present in the annotation (.gtf) file
2021-06-22 12:04:27,436 - WARNING - The .bam file refers to a chromosome 'GL456370.1-' not present in the annotation (.gtf) file
2021-06-22 12:04:27,442 - DEBUG - Marking up chromosome GL456382.1
2021-06-22 12:04:27,443 - WARNING - The .bam file refers to a chromosome 'GL456382.1+' not present in the annotation (.gtf) file
2021-06-22 12:04:27,443 - WARNING - The .bam file refers to a chromosome 'GL456382.1-' not present in the annotation (.gtf) file
2021-06-22 12:04:27,569 - DEBUG - Marking up chromosome GL456359.1
2021-06-22 12:04:27,569 - WARNING - The .bam file refers to a chromosome 'GL456359.1+' not present in the annotation (.gtf) file
2021-06-22 12:04:27,569 - WARNING - The .bam file refers to a chromosome 'GL456359.1-' not present in the annotation (.gtf) file
2021-06-22 12:04:27,570 - DEBUG - Marking up chromosome JH584295.1
2021-06-22 12:04:27,570 - WARNING - The .bam file refers to a chromosome 'JH584295.1+' not present in the annotation (.gtf) file
2021-06-22 12:04:32,607 - DEBUG - Read first 60 million reads
2021-06-22 12:04:57,724 - DEBUG - End of file. Reset index: start scanning from initial position.
2021-06-22 12:04:57,724 - DEBUG - 1047467 reads were skipped because no apropiate cell or umi barcode was found
2021-06-22 12:04:57,724 - DEBUG - Start molecule counting!
2021-06-22 12:05:02,753 - DEBUG - Features available for chromosomes : ['1-', '1+', '10-', '10+', '11-', '11+', '12-', '12+', '13-', '13+', '14-', '14+', '15-', '15+', '16-', '16+', '17-', '17+', '18-', '18+', '19-', '19+', '2-', '2+', '3-', '3+', '4-', '4+', '5-', '5+', '6-', '6+', '7-', '7+', '8-', '8+', '9-', '9+', 'GL456210.1-', 'GL456210.1+', 'GL456211.1-', 'GL456211.1+', 'GL456212.1-', 'GL456216.1+', 'GL456219.1-', 'GL456221.1-', 'GL456221.1+', 'GL456233.1-', 'GL456233.1+', 'GL456350.1-', 'GL456354.1-', 'GL456354.1+', 'JH584292.1+', 'JH584293.1-', 'JH584293.1+', 'JH584294.1-', 'JH584294.1+', 'JH584295.1-', 'JH584296.1-', 'JH584297.1-', 'JH584297.1+', 'JH584298.1-', 'JH584298.1+', 'JH584299.1-', 'JH584299.1+', 'JH584303.1+', 'JH584304.1-', 'MT-', 'MT+', 'X-', 'X+', 'Y-', 'Y+']
2021-06-22 12:05:02,753 - DEBUG - Mask available for chromosomes : ['1-', '1+', '10-', '10+', '11-', '11+', '12-', '12+', '13-', '13+', '14-', '14+', '15-', '15+', '16-', '16+', '17-', '17+', '18-', '18+', '19-', '19+', '1_GL456210_random-', '1_GL456210_random+', '1_GL456211_random-', '1_GL456211_random+', '1_GL456212_random-', '1_GL456212_random+', '1_GL456213_random-', '1_GL456213_random+', '1_GL456221_random-', '1_GL456221_random+', '2-', '2+', '3-', '3+', '4-', '4+', '4_GL456216_random-', '4_GL456216_random+', '4_GL456350_random-', '4_GL456350_random+', '4_JH584292_random-', '4_JH584292_random+', '4_JH584293_random-', '4_JH584293_random+', '4_JH584294_random-', '4_JH584294_random+', '4_JH584295_random+', '5-', '5+', '5_GL456354_random-', '5_GL456354_random+', '5_JH584296_random-', '5_JH584296_random+', '5_JH584297_random-', '5_JH584297_random+', '5_JH584298_random-', '5_JH584298_random+', '5_JH584299_random-', '5_JH584299_random+', '6-', '6+', '7-', '7+', '7_GL456219_random-', '7_GL456219_random+', '8-', '8+', '9-', '9+', 'M-', 'M+', 'Un_GL456239-', 'Un_GL456239+', 'Un_GL456359-', 'Un_GL456359+', 'Un_GL456360-', 'Un_GL456360+', 'Un_GL456366-', 'Un_GL456366+', 'Un_GL456367-', 'Un_GL456367+', 'Un_GL456368-', 'Un_GL456368+', 'Un_GL456370+', 'Un_GL456372-', 'Un_GL456372+', 'Un_GL456378-', 'Un_GL456378+', 'Un_GL456379-', 'Un_GL456379+', 'Un_GL456381-', 'Un_GL456381+', 'Un_GL456382-', 'Un_GL456382+', 'Un_GL456383-', 'Un_GL456383+', 'Un_GL456385-', 'Un_GL456385+', 'Un_GL456387-', 'Un_GL456387+', 'Un_GL456389-', 'Un_GL456389+', 'Un_GL456390-', 'Un_GL456390+', 'Un_GL456392-', 'Un_GL456392+', 'Un_GL456393-', 'Un_GL456393+', 'Un_GL456394-', 'Un_GL456394+', 'Un_GL456396-', 'Un_GL456396+', 'Un_JH584304-', 'Un_JH584304+', 'X-', 'X+', 'X_GL456233_random-', 'X_GL456233_random+', 'Y-', 'Y+', 'Y_JH584300_random-', 'Y_JH584300_random+', 'Y_JH584301_random-', 'Y_JH584301_random+', 'Y_JH584302_random-', 'Y_JH584302_random+', 'Y_JH584303_random-']
2021-06-22 12:05:02,753 - DEBUG - Summarizing the results of intron validation.
2021-06-22 12:05:03,158 - DEBUG - Validated 110236 introns (of which unique intervals 42605) out of 656000 total possible introns (considering each possible transcript models).
2021-06-22 12:05:03,159 - DEBUG - Reading /research/peer/fdeckert/FD20200109SPLENO/data/BSA_0355_SM01_10x_SPLENO/OUT/COUNT/M8_control_Prog_transcriptome/cellsorted_possorted_genome_bam.bam
2021-06-22 12:05:03,198 - DEBUG - Read first 0 million reads
2021-06-22 12:05:37,496 - DEBUG - Counting for batch 1, containing 100 cells and 616336 reads
2021-06-22 12:06:14,140 - DEBUG - 24845 reads not considered because fully enclosed in repeat masked regions
2021-06-22 12:06:47,890 - DEBUG - Counting for batch 2, containing 100 cells and 615770 reads
2021-06-22 12:07:24,755 - DEBUG - 24021 reads not considered because fully enclosed in repeat masked regions
2021-06-22 12:08:02,575 - DEBUG - Counting for batch 3, containing 100 cells and 697219 reads
2021-06-22 12:08:43,946 - DEBUG - 27913 reads not considered because fully enclosed in repeat masked regions
2021-06-22 12:09:20,653 - DEBUG - Read first 10 million reads
2021-06-22 12:09:20,658 - DEBUG - Counting for batch 4, containing 100 cells and 626428 reads
2021-06-22 12:09:59,914 - DEBUG - 24130 reads not considered because fully enclosed in repeat masked regions
2021-06-22 12:10:34,201 - DEBUG - Counting for batch 5, containing 100 cells and 606722 reads
2021-06-22 12:11:10,477 - DEBUG - 24191 reads not considered because fully enclosed in repeat masked regions
2021-06-22 12:11:46,724 - DEBUG - Counting for batch 6, containing 100 cells and 649730 reads
2021-06-22 12:12:25,382 - DEBUG - 25318 reads not considered because fully enclosed in repeat masked regions
2021-06-22 12:13:02,952 - DEBUG - Counting for batch 7, containing 100 cells and 672774 reads
2021-06-22 12:13:45,509 - DEBUG - 25773 reads not considered because fully enclosed in repeat masked regions
2021-06-22 12:14:19,934 - DEBUG - Counting for batch 8, containing 100 cells and 640872 reads
2021-06-22 12:14:58,091 - DEBUG - 26324 reads not considered because fully enclosed in repeat masked regions
2021-06-22 12:15:29,715 - DEBUG - Read first 20 million reads
2021-06-22 12:15:34,504 - DEBUG - Counting for batch 9, containing 100 cells and 707908 reads
2021-06-22 12:16:15,764 - DEBUG - 28436 reads not considered because fully enclosed in repeat masked regions
2021-06-22 12:16:53,049 - DEBUG - Counting for batch 10, containing 100 cells and 625697 reads
2021-06-22 12:17:30,429 - DEBUG - 24802 reads not considered because fully enclosed in repeat masked regions
2021-06-22 12:18:06,113 - DEBUG - Counting for batch 11, containing 100 cells and 676728 reads
2021-06-22 12:18:47,482 - DEBUG - 28197 reads not considered because fully enclosed in repeat masked regions
2021-06-22 12:19:22,771 - DEBUG - Counting for batch 12, containing 100 cells and 652771 reads
2021-06-22 12:20:01,564 - DEBUG - 25743 reads not considered because fully enclosed in repeat masked regions
2021-06-22 12:20:37,664 - DEBUG - Counting for batch 13, containing 100 cells and 619487 reads
2021-06-22 12:21:14,617 - DEBUG - 25945 reads not considered because fully enclosed in repeat masked regions
2021-06-22 12:21:42,109 - DEBUG - Read first 30 million reads
2021-06-22 12:21:47,932 - DEBUG - Counting for batch 14, containing 100 cells and 582820 reads
2021-06-22 12:22:23,715 - DEBUG - 24211 reads not considered because fully enclosed in repeat masked regions
2021-06-22 12:22:57,251 - DEBUG - Counting for batch 15, containing 100 cells and 619853 reads
2021-06-22 12:23:34,985 - DEBUG - 26035 reads not considered because fully enclosed in repeat masked regions
2021-06-22 12:24:07,895 - DEBUG - Counting for batch 16, containing 100 cells and 579467 reads
2021-06-22 12:24:43,794 - DEBUG - 24224 reads not considered because fully enclosed in repeat masked regions
2021-06-22 12:25:14,492 - DEBUG - Counting for batch 17, containing 100 cells and 593357 reads
2021-06-22 12:25:51,291 - DEBUG - 23296 reads not considered because fully enclosed in repeat masked regions
2021-06-22 12:26:27,969 - DEBUG - Counting for batch 18, containing 100 cells and 649656 reads
2021-06-22 12:27:06,516 - DEBUG - 25877 reads not considered because fully enclosed in repeat masked regions
2021-06-22 12:27:39,973 - DEBUG - Read first 40 million reads
2021-06-22 12:27:41,329 - DEBUG - Counting for batch 19, containing 100 cells and 614577 reads
2021-06-22 12:28:19,596 - DEBUG - 24641 reads not considered because fully enclosed in repeat masked regions
2021-06-22 12:28:53,840 - DEBUG - Counting for batch 20, containing 100 cells and 612905 reads
2021-06-22 12:29:31,462 - DEBUG - 24664 reads not considered because fully enclosed in repeat masked regions
2021-06-22 12:30:06,412 - DEBUG - Counting for batch 21, containing 100 cells and 641125 reads
2021-06-22 12:30:44,123 - DEBUG - 24065 reads not considered because fully enclosed in repeat masked regions
2021-06-22 12:31:20,794 - DEBUG - Counting for batch 22, containing 100 cells and 665920 reads
2021-06-22 12:32:02,054 - DEBUG - 25838 reads not considered because fully enclosed in repeat masked regions
2021-06-22 12:32:34,273 - DEBUG - Counting for batch 23, containing 100 cells and 585452 reads
2021-06-22 12:33:09,606 - DEBUG - 23352 reads not considered because fully enclosed in repeat masked regions
2021-06-22 12:33:42,082 - DEBUG - Read first 50 million reads
2021-06-22 12:33:43,113 - DEBUG - Counting for batch 24, containing 100 cells and 637956 reads
2021-06-22 12:34:21,063 - DEBUG - 24605 reads not considered because fully enclosed in repeat masked regions
2021-06-22 12:34:55,806 - DEBUG - Counting for batch 25, containing 100 cells and 607548 reads
2021-06-22 12:35:32,895 - DEBUG - 25166 reads not considered because fully enclosed in repeat masked regions
2021-06-22 12:36:04,728 - DEBUG - Counting for batch 26, containing 100 cells and 560567 reads
2021-06-22 12:36:39,494 - DEBUG - 22544 reads not considered because fully enclosed in repeat masked regions
2021-06-22 12:37:12,888 - DEBUG - Counting for batch 27, containing 100 cells and 640080 reads
2021-06-22 12:37:51,793 - DEBUG - 25920 reads not considered because fully enclosed in repeat masked regions
2021-06-22 12:38:27,267 - DEBUG - Counting for batch 28, containing 100 cells and 637022 reads
2021-06-22 12:39:07,305 - DEBUG - 25564 reads not considered because fully enclosed in repeat masked regions
2021-06-22 12:39:40,198 - DEBUG - Read first 60 million reads
2021-06-22 12:39:40,445 - DEBUG - Counting for batch 29, containing 100 cells and 612118 reads
2021-06-22 12:40:17,300 - DEBUG - 24228 reads not considered because fully enclosed in repeat masked regions
2021-06-22 12:40:50,038 - DEBUG - Counting for batch 30, containing 100 cells and 616858 reads
2021-06-22 12:41:27,002 - DEBUG - 24233 reads not considered because fully enclosed in repeat masked regions
2021-06-22 12:42:02,207 - DEBUG - Counting for batch 31, containing 100 cells and 616605 reads
2021-06-22 12:42:40,023 - DEBUG - 22976 reads not considered because fully enclosed in repeat masked regions
2021-06-22 12:43:12,912 - DEBUG - Counting for batch 32, containing 100 cells and 624769 reads
2021-06-22 12:43:49,938 - DEBUG - 24411 reads not considered because fully enclosed in repeat masked regions
2021-06-22 12:44:23,824 - DEBUG - Counting for batch 33, containing 100 cells and 575316 reads
2021-06-22 12:44:58,138 - DEBUG - 24082 reads not considered because fully enclosed in repeat masked regions
2021-06-22 12:45:25,552 - DEBUG - Counting for batch 34, containing 74 cells and 430799 reads
2021-06-22 12:45:51,848 - DEBUG - 17502 reads not considered because fully enclosed in repeat masked regions
2021-06-22 12:45:59,749 - DEBUG - 1047467 reads were skipped because no apropiate cell or umi barcode was found
2021-06-22 12:45:59,749 - DEBUG - Counting done!
2021-06-22 12:45:59,756 - DEBUG - Generating output file data/BSA_0355_SM01_10x_SPLENO/OUT/COUNT/M8_control_Prog_transcriptome/velocyto.loom
2021-06-22 12:45:59,756 - DEBUG - Collecting row attributes
2021-06-22 12:45:59,857 - DEBUG - Generating data table
2021-06-22 12:46:00,807 - DEBUG - Writing loom file
2021-06-22 12:46:03,565 - DEBUG - Creating converter from 5 to 3
2021-06-22 12:46:03,795 - DEBUG - Creating converter from 3 to 5
2021-06-22 12:46:11,765 - DEBUG - Terminated Succesfully!
