2021-06-08 12:29:55,514 - DEBUG - Using logic: ValidatedIntrons10X
2021-06-08 12:29:55,519 - INFO - Read 2187 cell barcodes from /research/peer/fdeckert/FD20200109SPLENO/data/BSA_0355_SM01_10x_SPLENO/OUT/COUNT/M1_CpG_Mac_transcriptome/filtered_feature_bc_matrix/barcodes.qc.tsv
2021-06-08 12:29:55,519 - DEBUG - Example of barcode: AAACCCAAGTGGAAGA and cell_id: qc:AAACCCAAGTGGAAGA-1_1
2021-06-08 12:29:55,533 - DEBUG - Peeking into /research/peer/fdeckert/FD20200109SPLENO/data/BSA_0355_SM01_10x_SPLENO/OUT/COUNT/M1_CpG_Mac_transcriptome/possorted_genome_bam.bam
2021-06-08 12:29:55,550 - WARNING - Not found cell and umi barcode in entry 4 of the bam file
2021-06-08 12:29:55,551 - WARNING - Not found cell and umi barcode in entry 51 of the bam file
2021-06-08 12:29:55,551 - WARNING - Not found cell and umi barcode in entry 146 of the bam file
2021-06-08 12:29:55,552 - WARNING - Not found cell and umi barcode in entry 277 of the bam file
2021-06-08 12:29:55,552 - WARNING - Not found cell and umi barcode in entry 341 of the bam file
2021-06-08 12:29:55,552 - WARNING - Not found cell and umi barcode in entry 342 of the bam file
2021-06-08 12:29:55,552 - WARNING - Not found cell and umi barcode in entry 343 of the bam file
2021-06-08 12:29:55,553 - WARNING - Not found cell and umi barcode in entry 369 of the bam file
2021-06-08 12:29:55,553 - WARNING - Not found cell and umi barcode in entry 370 of the bam file
2021-06-08 12:29:55,553 - WARNING - Not found cell and umi barcode in entry 378 of the bam file
2021-06-08 12:29:55,553 - WARNING - Not found cell and umi barcode in entry 419 of the bam file
2021-06-08 12:29:55,553 - WARNING - Not found cell and umi barcode in entry 420 of the bam file
2021-06-08 12:29:55,553 - WARNING - Not found cell and umi barcode in entry 430 of the bam file
2021-06-08 12:29:55,554 - WARNING - Not found cell and umi barcode in entry 604 of the bam file
2021-06-08 12:29:55,555 - WARNING - Not found cell and umi barcode in entry 630 of the bam file
2021-06-08 12:29:55,555 - WARNING - Not found cell and umi barcode in entry 842 of the bam file
2021-06-08 12:29:55,556 - WARNING - Not found cell and umi barcode in entry 843 of the bam file
2021-06-08 12:29:55,556 - WARNING - Not found cell and umi barcode in entry 847 of the bam file
2021-06-08 12:29:55,556 - WARNING - Not found cell and umi barcode in entry 940 of the bam file
2021-06-08 12:29:55,556 - WARNING - Not found cell and umi barcode in entry 970 of the bam file
2021-06-08 12:29:55,576 - INFO - Starting the sorting process of /research/peer/fdeckert/FD20200109SPLENO/data/BSA_0355_SM01_10x_SPLENO/OUT/COUNT/M1_CpG_Mac_transcriptome/possorted_genome_bam.bam the output will be at: /research/peer/fdeckert/FD20200109SPLENO/data/BSA_0355_SM01_10x_SPLENO/OUT/COUNT/M1_CpG_Mac_transcriptome/cellsorted_possorted_genome_bam.bam
2021-06-08 12:29:55,577 - INFO - Command being run is: samtools sort -l 7 -m 100M -t CB -O BAM -@ 10 -o /research/peer/fdeckert/FD20200109SPLENO/data/BSA_0355_SM01_10x_SPLENO/OUT/COUNT/M1_CpG_Mac_transcriptome/cellsorted_possorted_genome_bam.bam /research/peer/fdeckert/FD20200109SPLENO/data/BSA_0355_SM01_10x_SPLENO/OUT/COUNT/M1_CpG_Mac_transcriptome/possorted_genome_bam.bam
2021-06-08 12:29:55,577 - INFO - While the bam sorting happens do other things...
2021-06-08 12:29:55,577 - INFO - Load the annotation from /research/peer/fdeckert/FD20200109SPLENO/data/mm10/cellranger/Mus_musculus.GRCm38.93.filtered.gtf
2021-06-08 12:30:32,191 - DEBUG - Parsing Chromosome 1 strand - [line 0]
2021-06-08 12:30:35,045 - DEBUG - Done with 1- [line 55263]
2021-06-08 12:30:35,045 - DEBUG - Assigning indexes to genes
2021-06-08 12:30:35,098 - DEBUG - Seen 852 genes until now
2021-06-08 12:30:35,119 - DEBUG - Parsing Chromosome 1 strand + [line 55264]
2021-06-08 12:30:39,947 - DEBUG - Done with 1+ [line 108827]
2021-06-08 12:30:39,948 - DEBUG - Assigning indexes to genes
2021-06-08 12:30:40,026 - DEBUG - Seen 1744 genes until now
2021-06-08 12:30:40,027 - DEBUG - Parsing Chromosome 10 strand - [line 108828]
2021-06-08 12:30:42,777 - DEBUG - Done with 10- [line 148287]
2021-06-08 12:30:42,777 - DEBUG - Assigning indexes to genes
2021-06-08 12:30:42,838 - DEBUG - Seen 2492 genes until now
2021-06-08 12:30:42,838 - DEBUG - Parsing Chromosome 10 strand + [line 148288]
2021-06-08 12:30:44,583 - DEBUG - Done with 10+ [line 190661]
2021-06-08 12:30:44,584 - DEBUG - Assigning indexes to genes
2021-06-08 12:30:44,608 - DEBUG - Seen 3285 genes until now
2021-06-08 12:30:44,609 - DEBUG - Parsing Chromosome 11 strand - [line 190662]
2021-06-08 12:30:46,813 - DEBUG - Done with 11- [line 252011]
2021-06-08 12:30:46,813 - DEBUG - Assigning indexes to genes
2021-06-08 12:30:46,860 - DEBUG - Seen 4335 genes until now
2021-06-08 12:30:46,861 - DEBUG - Parsing Chromosome 11 strand + [line 252012]
2021-06-08 12:30:50,253 - DEBUG - Done with 11+ [line 314062]
2021-06-08 12:30:50,253 - DEBUG - Assigning indexes to genes
2021-06-08 12:30:50,326 - DEBUG - Seen 5320 genes until now
2021-06-08 12:30:50,327 - DEBUG - Parsing Chromosome 12 strand - [line 314063]
2021-06-08 12:30:52,079 - DEBUG - Done with 12- [line 338958]
2021-06-08 12:30:52,079 - DEBUG - Assigning indexes to genes
2021-06-08 12:30:52,126 - DEBUG - Seen 6056 genes until now
2021-06-08 12:30:52,127 - DEBUG - Parsing Chromosome 12 strand + [line 338959]
2021-06-08 12:30:54,607 - DEBUG - Done with 12+ [line 372787]
2021-06-08 12:30:54,607 - DEBUG - Assigning indexes to genes
2021-06-08 12:30:54,660 - DEBUG - Seen 6615 genes until now
2021-06-08 12:30:54,660 - DEBUG - Parsing Chromosome 13 strand - [line 372788]
2021-06-08 12:30:57,090 - DEBUG - Done with 13- [line 406792]
2021-06-08 12:30:57,091 - DEBUG - Assigning indexes to genes
2021-06-08 12:30:57,146 - DEBUG - Seen 7339 genes until now
2021-06-08 12:30:57,147 - DEBUG - Parsing Chromosome 13 strand + [line 406793]
2021-06-08 12:30:59,033 - DEBUG - Done with 13+ [line 433455]
2021-06-08 12:30:59,034 - DEBUG - Assigning indexes to genes
2021-06-08 12:30:59,093 - DEBUG - Seen 8023 genes until now
2021-06-08 12:30:59,093 - DEBUG - Parsing Chromosome 14 strand - [line 433456]
2021-06-08 12:31:00,996 - DEBUG - Done with 14- [line 469680]
2021-06-08 12:31:00,996 - DEBUG - Assigning indexes to genes
2021-06-08 12:31:01,005 - DEBUG - Seen 8704 genes until now
2021-06-08 12:31:01,005 - DEBUG - Parsing Chromosome 14 strand + [line 469681]
2021-06-08 12:31:01,806 - DEBUG - Done with 14+ [line 502857]
2021-06-08 12:31:01,806 - DEBUG - Assigning indexes to genes
2021-06-08 12:31:01,821 - DEBUG - Seen 9518 genes until now
2021-06-08 12:31:01,821 - DEBUG - Parsing Chromosome 15 strand - [line 502858]
2021-06-08 12:31:02,905 - DEBUG - Done with 15- [line 539049]
2021-06-08 12:31:02,906 - DEBUG - Assigning indexes to genes
2021-06-08 12:31:02,915 - DEBUG - Seen 10092 genes until now
2021-06-08 12:31:02,915 - DEBUG - Parsing Chromosome 15 strand + [line 539050]
2021-06-08 12:31:03,716 - DEBUG - Done with 15+ [line 569723]
2021-06-08 12:31:03,721 - DEBUG - Assigning indexes to genes
2021-06-08 12:31:03,749 - DEBUG - Seen 10616 genes until now
2021-06-08 12:31:03,750 - DEBUG - Parsing Chromosome 16 strand - [line 569724]
2021-06-08 12:31:04,607 - DEBUG - Done with 16- [line 596286]
2021-06-08 12:31:04,607 - DEBUG - Assigning indexes to genes
2021-06-08 12:31:04,655 - DEBUG - Seen 11093 genes until now
2021-06-08 12:31:04,655 - DEBUG - Parsing Chromosome 16 strand + [line 596287]
2021-06-08 12:31:08,537 - DEBUG - Done with 16+ [line 626571]
2021-06-08 12:31:08,538 - DEBUG - Assigning indexes to genes
2021-06-08 12:31:08,589 - DEBUG - Seen 11545 genes until now
2021-06-08 12:31:08,589 - DEBUG - Parsing Chromosome 17 strand - [line 626572]
2021-06-08 12:31:11,060 - DEBUG - Done with 17- [line 659846]
2021-06-08 12:31:11,061 - DEBUG - Assigning indexes to genes
2021-06-08 12:31:11,109 - DEBUG - Seen 12152 genes until now
2021-06-08 12:31:11,109 - DEBUG - Parsing Chromosome 17 strand + [line 659847]
2021-06-08 12:31:13,768 - DEBUG - Done with 17+ [line 696472]
2021-06-08 12:31:13,793 - DEBUG - Assigning indexes to genes
2021-06-08 12:31:13,826 - DEBUG - Seen 12800 genes until now
2021-06-08 12:31:13,826 - DEBUG - Parsing Chromosome 18 strand - [line 696473]
2021-06-08 12:31:14,784 - DEBUG - Done with 18- [line 709486]
2021-06-08 12:31:14,784 - DEBUG - Assigning indexes to genes
2021-06-08 12:31:14,787 - DEBUG - Seen 13059 genes until now
2021-06-08 12:31:14,787 - DEBUG - Parsing Chromosome 18 strand + [line 709487]
2021-06-08 12:31:15,938 - DEBUG - Done with 18+ [line 728027]
2021-06-08 12:31:15,938 - DEBUG - Assigning indexes to genes
2021-06-08 12:31:15,942 - DEBUG - Seen 13409 genes until now
2021-06-08 12:31:15,942 - DEBUG - Parsing Chromosome 19 strand - [line 728028]
2021-06-08 12:31:16,543 - DEBUG - Done with 19- [line 752316]
2021-06-08 12:31:16,543 - DEBUG - Assigning indexes to genes
2021-06-08 12:31:16,551 - DEBUG - Seen 13815 genes until now
2021-06-08 12:31:16,552 - DEBUG - Parsing Chromosome 19 strand + [line 752317]
2021-06-08 12:31:17,131 - DEBUG - Done with 19+ [line 773600]
2021-06-08 12:31:17,132 - DEBUG - Assigning indexes to genes
2021-06-08 12:31:17,138 - DEBUG - Seen 14224 genes until now
2021-06-08 12:31:17,139 - DEBUG - Parsing Chromosome 2 strand - [line 773601]
2021-06-08 12:31:19,269 - DEBUG - Done with 2- [line 848821]
2021-06-08 12:31:19,270 - DEBUG - Assigning indexes to genes
2021-06-08 12:31:20,399 - DEBUG - Seen 15398 genes until now
2021-06-08 12:31:20,403 - DEBUG - Parsing Chromosome 2 strand + [line 848822]
2021-06-08 12:31:24,893 - DEBUG - Done with 2+ [line 918704]
2021-06-08 12:31:24,894 - DEBUG - Assigning indexes to genes
2021-06-08 12:31:24,981 - DEBUG - Seen 16582 genes until now
2021-06-08 12:31:24,981 - DEBUG - Parsing Chromosome 3 strand - [line 918705]
2021-06-08 12:31:27,645 - DEBUG - Done with 3- [line 957202]
2021-06-08 12:31:27,646 - DEBUG - Assigning indexes to genes
2021-06-08 12:31:27,696 - DEBUG - Seen 17302 genes until now
2021-06-08 12:31:27,696 - DEBUG - Parsing Chromosome 3 strand + [line 957203]
2021-06-08 12:31:30,685 - DEBUG - Done with 3+ [line 1000138]
2021-06-08 12:31:30,685 - DEBUG - Assigning indexes to genes
2021-06-08 12:31:30,735 - DEBUG - Seen 18021 genes until now
2021-06-08 12:31:30,736 - DEBUG - Parsing Chromosome 4 strand - [line 1000139]
2021-06-08 12:31:32,612 - DEBUG - Done with 4- [line 1050727]
2021-06-08 12:31:32,613 - DEBUG - Assigning indexes to genes
2021-06-08 12:31:32,642 - DEBUG - Seen 18875 genes until now
2021-06-08 12:31:32,643 - DEBUG - Parsing Chromosome 4 strand + [line 1050728]
2021-06-08 12:31:33,963 - DEBUG - Done with 4+ [line 1099723]
2021-06-08 12:31:33,963 - DEBUG - Assigning indexes to genes
2021-06-08 12:31:33,983 - DEBUG - Seen 19731 genes until now
2021-06-08 12:31:33,983 - DEBUG - Parsing Chromosome 5 strand - [line 1099724]
2021-06-08 12:31:36,464 - DEBUG - Done with 5- [line 1157394]
2021-06-08 12:31:36,464 - DEBUG - Assigning indexes to genes
2021-06-08 12:31:36,481 - DEBUG - Seen 20622 genes until now
2021-06-08 12:31:36,482 - DEBUG - Parsing Chromosome 5 strand + [line 1157395]
2021-06-08 12:31:40,052 - DEBUG - Done with 5+ [line 1215626]
2021-06-08 12:31:40,052 - DEBUG - Assigning indexes to genes
2021-06-08 12:31:40,111 - DEBUG - Seen 21539 genes until now
2021-06-08 12:31:40,111 - DEBUG - Parsing Chromosome 6 strand - [line 1215627]
2021-06-08 12:31:43,245 - DEBUG - Done with 6- [line 1260326]
2021-06-08 12:31:43,256 - DEBUG - Assigning indexes to genes
2021-06-08 12:31:43,298 - DEBUG - Seen 22385 genes until now
2021-06-08 12:31:43,298 - DEBUG - Parsing Chromosome 6 strand + [line 1260327]
2021-06-08 12:31:46,721 - DEBUG - Done with 6+ [line 1307744]
2021-06-08 12:31:46,721 - DEBUG - Assigning indexes to genes
2021-06-08 12:31:46,803 - DEBUG - Seen 23304 genes until now
2021-06-08 12:31:46,803 - DEBUG - Parsing Chromosome 7 strand - [line 1307745]
2021-06-08 12:31:49,086 - DEBUG - Done with 7- [line 1379880]
2021-06-08 12:31:49,086 - DEBUG - Assigning indexes to genes
2021-06-08 12:31:49,130 - DEBUG - Seen 24656 genes until now
2021-06-08 12:31:49,130 - DEBUG - Parsing Chromosome 7 strand + [line 1379881]
2021-06-08 12:31:50,845 - DEBUG - Done with 7+ [line 1450335]
2021-06-08 12:31:50,845 - DEBUG - Assigning indexes to genes
2021-06-08 12:31:50,881 - DEBUG - Seen 25873 genes until now
2021-06-08 12:31:50,881 - DEBUG - Parsing Chromosome 8 strand - [line 1450336]
2021-06-08 12:31:53,436 - DEBUG - Done with 8- [line 1485523]
2021-06-08 12:31:53,436 - DEBUG - Assigning indexes to genes
2021-06-08 12:31:53,484 - DEBUG - Seen 26580 genes until now
2021-06-08 12:31:53,485 - DEBUG - Parsing Chromosome 8 strand + [line 1485524]
2021-06-08 12:31:56,607 - DEBUG - Done with 8+ [line 1531960]
2021-06-08 12:31:56,607 - DEBUG - Assigning indexes to genes
2021-06-08 12:31:56,688 - DEBUG - Seen 27398 genes until now
2021-06-08 12:31:56,688 - DEBUG - Parsing Chromosome 9 strand - [line 1531961]
2021-06-08 12:32:00,337 - DEBUG - Done with 9- [line 1583207]
2021-06-08 12:32:00,338 - DEBUG - Assigning indexes to genes
2021-06-08 12:32:00,410 - DEBUG - Seen 28230 genes until now
2021-06-08 12:32:00,410 - DEBUG - Parsing Chromosome 9 strand + [line 1583208]
2021-06-08 12:32:04,437 - DEBUG - Done with 9+ [line 1635954]
2021-06-08 12:32:04,437 - DEBUG - Assigning indexes to genes
2021-06-08 12:32:04,494 - DEBUG - Seen 29142 genes until now
2021-06-08 12:32:04,494 - DEBUG - Parsing Chromosome GL456210.1 strand - [line 1635955]
2021-06-08 12:32:04,494 - DEBUG - Done with GL456210.1- [line 1635981]
2021-06-08 12:32:04,494 - DEBUG - Assigning indexes to genes
2021-06-08 12:32:04,495 - DEBUG - Seen 29145 genes until now
2021-06-08 12:32:04,495 - DEBUG - Parsing Chromosome GL456210.1 strand + [line 1635982]
2021-06-08 12:32:04,495 - DEBUG - Done with GL456210.1+ [line 1635996]
2021-06-08 12:32:04,495 - DEBUG - Assigning indexes to genes
2021-06-08 12:32:04,495 - DEBUG - Seen 29147 genes until now
2021-06-08 12:32:04,495 - DEBUG - Parsing Chromosome GL456211.1 strand - [line 1635997]
2021-06-08 12:32:04,496 - DEBUG - Done with GL456211.1- [line 1636024]
2021-06-08 12:32:04,496 - DEBUG - Assigning indexes to genes
2021-06-08 12:32:04,496 - DEBUG - Seen 29151 genes until now
2021-06-08 12:32:04,496 - DEBUG - Parsing Chromosome GL456211.1 strand + [line 1636025]
2021-06-08 12:32:04,496 - DEBUG - Done with GL456211.1+ [line 1636050]
2021-06-08 12:32:04,497 - DEBUG - Assigning indexes to genes
2021-06-08 12:32:04,497 - DEBUG - Seen 29153 genes until now
2021-06-08 12:32:04,497 - DEBUG - Parsing Chromosome GL456212.1 strand - [line 1636051]
2021-06-08 12:32:04,497 - DEBUG - Done with GL456212.1- [line 1636086]
2021-06-08 12:32:04,498 - DEBUG - Assigning indexes to genes
2021-06-08 12:32:04,498 - DEBUG - Seen 29155 genes until now
2021-06-08 12:32:04,498 - DEBUG - Parsing Chromosome GL456216.1 strand + [line 1636087]
2021-06-08 12:32:04,498 - DEBUG - Done with GL456216.1+ [line 1636106]
2021-06-08 12:32:04,498 - DEBUG - Assigning indexes to genes
2021-06-08 12:32:04,498 - DEBUG - Seen 29156 genes until now
2021-06-08 12:32:04,498 - DEBUG - Parsing Chromosome GL456219.1 strand - [line 1636107]
2021-06-08 12:32:04,499 - DEBUG - Done with GL456219.1- [line 1636118]
2021-06-08 12:32:04,519 - DEBUG - Assigning indexes to genes
2021-06-08 12:32:04,519 - DEBUG - Seen 29158 genes until now
2021-06-08 12:32:04,519 - DEBUG - Parsing Chromosome GL456221.1 strand - [line 1636119]
2021-06-08 12:32:04,520 - DEBUG - Done with GL456221.1- [line 1636162]
2021-06-08 12:32:04,520 - DEBUG - Assigning indexes to genes
2021-06-08 12:32:04,520 - DEBUG - Seen 29162 genes until now
2021-06-08 12:32:04,520 - DEBUG - Parsing Chromosome GL456221.1 strand + [line 1636163]
2021-06-08 12:32:04,520 - DEBUG - Done with GL456221.1+ [line 1636181]
2021-06-08 12:32:04,521 - DEBUG - Assigning indexes to genes
2021-06-08 12:32:04,521 - DEBUG - Seen 29165 genes until now
2021-06-08 12:32:04,521 - DEBUG - Parsing Chromosome GL456233.1 strand - [line 1636182]
2021-06-08 12:32:04,521 - DEBUG - Done with GL456233.1- [line 1636213]
2021-06-08 12:32:04,521 - DEBUG - Assigning indexes to genes
2021-06-08 12:32:04,522 - DEBUG - Seen 29167 genes until now
2021-06-08 12:32:04,522 - DEBUG - Parsing Chromosome GL456233.1 strand + [line 1636214]
2021-06-08 12:32:04,522 - DEBUG - Done with GL456233.1+ [line 1636244]
2021-06-08 12:32:04,522 - DEBUG - Assigning indexes to genes
2021-06-08 12:32:04,522 - DEBUG - Seen 29169 genes until now
2021-06-08 12:32:04,523 - DEBUG - Parsing Chromosome GL456350.1 strand - [line 1636245]
2021-06-08 12:32:04,523 - DEBUG - Done with GL456350.1- [line 1636304]
2021-06-08 12:32:04,523 - DEBUG - Assigning indexes to genes
2021-06-08 12:32:04,524 - DEBUG - Seen 29174 genes until now
2021-06-08 12:32:04,524 - DEBUG - Parsing Chromosome GL456354.1 strand - [line 1636305]
2021-06-08 12:32:04,524 - DEBUG - Done with GL456354.1- [line 1636337]
2021-06-08 12:32:04,524 - DEBUG - Assigning indexes to genes
2021-06-08 12:32:04,525 - DEBUG - Seen 29177 genes until now
2021-06-08 12:32:04,525 - DEBUG - Parsing Chromosome GL456354.1 strand + [line 1636338]
2021-06-08 12:32:04,525 - DEBUG - Done with GL456354.1+ [line 1636357]
2021-06-08 12:32:04,525 - DEBUG - Assigning indexes to genes
2021-06-08 12:32:04,525 - DEBUG - Seen 29179 genes until now
2021-06-08 12:32:04,525 - DEBUG - Parsing Chromosome JH584292.1 strand + [line 1636358]
2021-06-08 12:32:04,544 - DEBUG - Done with JH584292.1+ [line 1636433]
2021-06-08 12:32:04,544 - DEBUG - Assigning indexes to genes
2021-06-08 12:32:04,545 - DEBUG - Seen 29180 genes until now
2021-06-08 12:32:04,545 - DEBUG - Parsing Chromosome JH584293.1 strand - [line 1636434]
2021-06-08 12:32:04,546 - DEBUG - Done with JH584293.1- [line 1636500]
2021-06-08 12:32:04,546 - DEBUG - Assigning indexes to genes
2021-06-08 12:32:04,546 - DEBUG - Seen 29186 genes until now
2021-06-08 12:32:04,546 - DEBUG - Parsing Chromosome JH584293.1 strand + [line 1636501]
2021-06-08 12:32:04,547 - DEBUG - Done with JH584293.1+ [line 1636542]
2021-06-08 12:32:04,547 - DEBUG - Assigning indexes to genes
2021-06-08 12:32:04,547 - DEBUG - Seen 29189 genes until now
2021-06-08 12:32:04,547 - DEBUG - Parsing Chromosome JH584294.1 strand - [line 1636543]
2021-06-08 12:32:04,548 - DEBUG - Done with JH584294.1- [line 1636607]
2021-06-08 12:32:04,548 - DEBUG - Assigning indexes to genes
2021-06-08 12:32:04,548 - DEBUG - Seen 29193 genes until now
2021-06-08 12:32:04,548 - DEBUG - Parsing Chromosome JH584294.1 strand + [line 1636608]
2021-06-08 12:32:04,549 - DEBUG - Done with JH584294.1+ [line 1636631]
2021-06-08 12:32:04,549 - DEBUG - Assigning indexes to genes
2021-06-08 12:32:04,549 - DEBUG - Seen 29195 genes until now
2021-06-08 12:32:04,549 - DEBUG - Parsing Chromosome JH584295.1 strand - [line 1636632]
2021-06-08 12:32:04,549 - DEBUG - Done with JH584295.1- [line 1636647]
2021-06-08 12:32:04,549 - DEBUG - Assigning indexes to genes
2021-06-08 12:32:04,550 - DEBUG - Seen 29196 genes until now
2021-06-08 12:32:04,550 - DEBUG - Parsing Chromosome JH584296.1 strand - [line 1636648]
2021-06-08 12:32:04,550 - DEBUG - Done with JH584296.1- [line 1636675]
2021-06-08 12:32:04,550 - DEBUG - Assigning indexes to genes
2021-06-08 12:32:04,550 - DEBUG - Seen 29199 genes until now
2021-06-08 12:32:04,550 - DEBUG - Parsing Chromosome JH584297.1 strand - [line 1636676]
2021-06-08 12:32:04,572 - DEBUG - Done with JH584297.1- [line 1636694]
2021-06-08 12:32:04,572 - DEBUG - Assigning indexes to genes
2021-06-08 12:32:04,572 - DEBUG - Seen 29201 genes until now
2021-06-08 12:32:04,572 - DEBUG - Parsing Chromosome JH584297.1 strand + [line 1636695]
2021-06-08 12:32:04,572 - DEBUG - Done with JH584297.1+ [line 1636703]
2021-06-08 12:32:04,573 - DEBUG - Assigning indexes to genes
2021-06-08 12:32:04,573 - DEBUG - Seen 29202 genes until now
2021-06-08 12:32:04,573 - DEBUG - Parsing Chromosome JH584298.1 strand - [line 1636704]
2021-06-08 12:32:04,573 - DEBUG - Done with JH584298.1- [line 1636714]
2021-06-08 12:32:04,573 - DEBUG - Assigning indexes to genes
2021-06-08 12:32:04,573 - DEBUG - Seen 29203 genes until now
2021-06-08 12:32:04,574 - DEBUG - Parsing Chromosome JH584298.1 strand + [line 1636715]
2021-06-08 12:32:04,574 - DEBUG - Done with JH584298.1+ [line 1636735]
2021-06-08 12:32:04,574 - DEBUG - Assigning indexes to genes
2021-06-08 12:32:04,574 - DEBUG - Seen 29205 genes until now
2021-06-08 12:32:04,574 - DEBUG - Parsing Chromosome JH584299.1 strand - [line 1636736]
2021-06-08 12:32:04,575 - DEBUG - Done with JH584299.1- [line 1636745]
2021-06-08 12:32:04,575 - DEBUG - Assigning indexes to genes
2021-06-08 12:32:04,575 - DEBUG - Seen 29206 genes until now
2021-06-08 12:32:04,575 - DEBUG - Parsing Chromosome JH584299.1 strand + [line 1636746]
2021-06-08 12:32:04,576 - DEBUG - Done with JH584299.1+ [line 1636857]
2021-06-08 12:32:04,576 - DEBUG - Assigning indexes to genes
2021-06-08 12:32:04,576 - DEBUG - Seen 29217 genes until now
2021-06-08 12:32:04,577 - DEBUG - Parsing Chromosome JH584303.1 strand + [line 1636858]
2021-06-08 12:32:04,577 - DEBUG - Done with JH584303.1+ [line 1636862]
2021-06-08 12:32:04,577 - DEBUG - Assigning indexes to genes
2021-06-08 12:32:04,577 - DEBUG - Seen 29218 genes until now
2021-06-08 12:32:04,577 - DEBUG - Parsing Chromosome JH584304.1 strand - [line 1636863]
2021-06-08 12:32:04,578 - DEBUG - Done with JH584304.1- [line 1636895]
2021-06-08 12:32:04,578 - DEBUG - Assigning indexes to genes
2021-06-08 12:32:04,578 - DEBUG - Seen 29219 genes until now
2021-06-08 12:32:04,578 - DEBUG - Parsing Chromosome MT strand - [line 1636896]
2021-06-08 12:32:04,578 - DEBUG - Done with MT- [line 1636901]
2021-06-08 12:32:04,578 - DEBUG - Assigning indexes to genes
2021-06-08 12:32:04,578 - DEBUG - Seen 29220 genes until now
2021-06-08 12:32:04,579 - DEBUG - Parsing Chromosome MT strand + [line 1636902]
2021-06-08 12:32:04,600 - DEBUG - Done with MT+ [line 1636970]
2021-06-08 12:32:04,600 - DEBUG - Assigning indexes to genes
2021-06-08 12:32:04,601 - DEBUG - Seen 29232 genes until now
2021-06-08 12:32:04,601 - DEBUG - Parsing Chromosome X strand - [line 1636971]
2021-06-08 12:32:05,307 - DEBUG - Done with X- [line 1663962]
2021-06-08 12:32:05,307 - DEBUG - Assigning indexes to genes
2021-06-08 12:32:05,319 - DEBUG - Seen 29755 genes until now
2021-06-08 12:32:05,319 - DEBUG - Parsing Chromosome X strand + [line 1663963]
2021-06-08 12:32:06,129 - DEBUG - Done with X+ [line 1694333]
2021-06-08 12:32:06,129 - DEBUG - Assigning indexes to genes
2021-06-08 12:32:06,154 - DEBUG - Seen 30320 genes until now
2021-06-08 12:32:06,154 - DEBUG - Parsing Chromosome Y strand - [line 1694334]
2021-06-08 12:32:06,328 - DEBUG - Done with Y- [line 1698842]
2021-06-08 12:32:06,328 - DEBUG - Assigning indexes to genes
2021-06-08 12:32:06,331 - DEBUG - Seen 30662 genes until now
2021-06-08 12:32:06,331 - DEBUG - Parsing Chromosome Y strand + [line 1698843]
2021-06-08 12:32:06,473 - DEBUG - Assigning indexes to genes
2021-06-08 12:32:06,480 - DEBUG - Done with Y+ [line 1704063]
2021-06-08 12:32:06,480 - DEBUG - Fixing corner cases of transcript models containg intron longer than 1000Kbp
2021-06-08 12:32:14,955 - DEBUG - Generated 1423079 features corresponding to 111079 transcript models from /research/peer/fdeckert/FD20200109SPLENO/data/mm10/cellranger/Mus_musculus.GRCm38.93.filtered.gtf
2021-06-08 12:32:15,059 - INFO - Load the repeat masking annotation from /research/peer/fdeckert/FD20200109SPLENO/data/mm10/mm10_rmsk.gtf
2021-06-08 12:32:15,059 - DEBUG - Reading /research/peer/fdeckert/FD20200109SPLENO/data/mm10/mm10_rmsk.gtf, the file will be sorted in memory
2021-06-08 12:36:19,873 - DEBUG - Processed masked annotation .gtf and generated 4252016 intervals to mask!
2021-06-08 12:36:21,873 - INFO - Scan /research/peer/fdeckert/FD20200109SPLENO/data/BSA_0355_SM01_10x_SPLENO/OUT/COUNT/M1_CpG_Mac_transcriptome/possorted_genome_bam.bam to validate intron intervals
2021-06-08 12:36:46,550 - DEBUG - Reading /research/peer/fdeckert/FD20200109SPLENO/data/BSA_0355_SM01_10x_SPLENO/OUT/COUNT/M1_CpG_Mac_transcriptome/possorted_genome_bam.bam
2021-06-08 12:36:46,593 - DEBUG - Read first 0 million reads
2021-06-08 12:36:46,656 - DEBUG - Marking up chromosome 1
2021-06-08 12:41:02,424 - DEBUG - Marking up chromosome 10
2021-06-08 12:44:25,347 - DEBUG - Marking up chromosome 11
2021-06-08 12:50:12,780 - DEBUG - Marking up chromosome 12
2021-06-08 12:52:41,252 - DEBUG - Marking up chromosome 13
2021-06-08 12:52:44,558 - DEBUG - Read first 10 million reads
2021-06-08 12:55:15,383 - DEBUG - Marking up chromosome 14
2021-06-08 12:55:56,706 - DEBUG - Marking up chromosome 15
2021-06-08 12:56:23,443 - DEBUG - Marking up chromosome 16
2021-06-08 12:56:43,557 - DEBUG - Marking up chromosome 17
2021-06-08 12:57:33,884 - DEBUG - Marking up chromosome 18
2021-06-08 12:57:52,012 - DEBUG - Read first 20 million reads
2021-06-08 12:57:56,450 - DEBUG - Marking up chromosome 19
2021-06-08 12:58:31,967 - DEBUG - Marking up chromosome 2
2021-06-08 12:59:24,460 - DEBUG - Marking up chromosome 3
2021-06-08 12:59:54,487 - DEBUG - Marking up chromosome 4
2021-06-08 13:00:32,788 - DEBUG - Marking up chromosome 5
2021-06-08 13:00:38,822 - DEBUG - Read first 30 million reads
2021-06-08 13:01:16,974 - DEBUG - Marking up chromosome 6
2021-06-08 13:01:52,335 - DEBUG - Marking up chromosome 7
2021-06-08 13:02:55,323 - DEBUG - Marking up chromosome 8
2021-06-08 13:03:20,973 - DEBUG - Read first 40 million reads
2021-06-08 13:03:24,827 - DEBUG - Marking up chromosome 9
2021-06-08 13:04:00,533 - DEBUG - Marking up chromosome MT
2021-06-08 13:04:10,900 - DEBUG - Marking up chromosome X
2021-06-08 13:04:39,662 - DEBUG - Marking up chromosome Y
2021-06-08 13:04:39,997 - DEBUG - Marking up chromosome JH584299.1
2021-06-08 13:04:39,999 - DEBUG - Marking up chromosome GL456233.1
2021-06-08 13:04:40,016 - DEBUG - Marking up chromosome GL456211.1
2021-06-08 13:04:40,030 - DEBUG - Marking up chromosome GL456350.1
2021-06-08 13:04:40,030 - WARNING - The .bam file refers to a chromosome 'GL456350.1+' not present in the annotation (.gtf) file
2021-06-08 13:04:40,034 - DEBUG - Marking up chromosome GL456221.1
2021-06-08 13:04:40,043 - DEBUG - Marking up chromosome JH584297.1
2021-06-08 13:04:40,047 - DEBUG - Marking up chromosome GL456354.1
2021-06-08 13:04:40,048 - DEBUG - Marking up chromosome JH584300.1
2021-06-08 13:04:40,048 - WARNING - The .bam file refers to a chromosome 'JH584300.1+' not present in the annotation (.gtf) file
2021-06-08 13:04:40,048 - WARNING - The .bam file refers to a chromosome 'JH584300.1-' not present in the annotation (.gtf) file
2021-06-08 13:04:40,077 - DEBUG - Marking up chromosome GL456219.1
2021-06-08 13:04:40,078 - WARNING - The .bam file refers to a chromosome 'GL456219.1+' not present in the annotation (.gtf) file
2021-06-08 13:04:40,078 - DEBUG - Marking up chromosome GL456210.1
2021-06-08 13:04:40,094 - DEBUG - Marking up chromosome GL456212.1
2021-06-08 13:04:40,095 - WARNING - The .bam file refers to a chromosome 'GL456212.1+' not present in the annotation (.gtf) file
2021-06-08 13:04:40,101 - DEBUG - Marking up chromosome JH584304.1
2021-06-08 13:04:40,101 - WARNING - The .bam file refers to a chromosome 'JH584304.1+' not present in the annotation (.gtf) file
2021-06-08 13:04:40,265 - DEBUG - Marking up chromosome GL456379.1
2021-06-08 13:04:40,265 - WARNING - The .bam file refers to a chromosome 'GL456379.1+' not present in the annotation (.gtf) file
2021-06-08 13:04:40,265 - WARNING - The .bam file refers to a chromosome 'GL456379.1-' not present in the annotation (.gtf) file
2021-06-08 13:04:40,271 - DEBUG - Marking up chromosome GL456216.1
2021-06-08 13:04:40,271 - WARNING - The .bam file refers to a chromosome 'GL456216.1-' not present in the annotation (.gtf) file
2021-06-08 13:04:40,304 - DEBUG - Marking up chromosome GL456393.1
2021-06-08 13:04:40,304 - WARNING - The .bam file refers to a chromosome 'GL456393.1+' not present in the annotation (.gtf) file
2021-06-08 13:04:40,304 - WARNING - The .bam file refers to a chromosome 'GL456393.1-' not present in the annotation (.gtf) file
2021-06-08 13:04:40,304 - DEBUG - Marking up chromosome GL456366.1
2021-06-08 13:04:40,304 - WARNING - The .bam file refers to a chromosome 'GL456366.1+' not present in the annotation (.gtf) file
2021-06-08 13:04:40,304 - WARNING - The .bam file refers to a chromosome 'GL456366.1-' not present in the annotation (.gtf) file
2021-06-08 13:04:40,305 - DEBUG - Marking up chromosome GL456367.1
2021-06-08 13:04:40,305 - WARNING - The .bam file refers to a chromosome 'GL456367.1+' not present in the annotation (.gtf) file
2021-06-08 13:04:40,305 - WARNING - The .bam file refers to a chromosome 'GL456367.1-' not present in the annotation (.gtf) file
2021-06-08 13:04:40,305 - DEBUG - Marking up chromosome GL456239.1
2021-06-08 13:04:40,305 - WARNING - The .bam file refers to a chromosome 'GL456239.1+' not present in the annotation (.gtf) file
2021-06-08 13:04:40,305 - WARNING - The .bam file refers to a chromosome 'GL456239.1-' not present in the annotation (.gtf) file
2021-06-08 13:04:40,306 - DEBUG - Marking up chromosome GL456383.1
2021-06-08 13:04:40,306 - WARNING - The .bam file refers to a chromosome 'GL456383.1+' not present in the annotation (.gtf) file
2021-06-08 13:04:40,306 - WARNING - The .bam file refers to a chromosome 'GL456383.1-' not present in the annotation (.gtf) file
2021-06-08 13:04:40,306 - DEBUG - Marking up chromosome GL456378.1
2021-06-08 13:04:40,306 - WARNING - The .bam file refers to a chromosome 'GL456378.1+' not present in the annotation (.gtf) file
2021-06-08 13:04:40,306 - WARNING - The .bam file refers to a chromosome 'GL456378.1-' not present in the annotation (.gtf) file
2021-06-08 13:04:40,307 - DEBUG - Marking up chromosome GL456372.1
2021-06-08 13:04:40,307 - WARNING - The .bam file refers to a chromosome 'GL456372.1+' not present in the annotation (.gtf) file
2021-06-08 13:04:40,308 - WARNING - The .bam file refers to a chromosome 'GL456372.1-' not present in the annotation (.gtf) file
2021-06-08 13:04:40,318 - DEBUG - Marking up chromosome GL456370.1
2021-06-08 13:04:40,318 - WARNING - The .bam file refers to a chromosome 'GL456370.1+' not present in the annotation (.gtf) file
2021-06-08 13:04:40,318 - WARNING - The .bam file refers to a chromosome 'GL456370.1-' not present in the annotation (.gtf) file
2021-06-08 13:04:40,325 - DEBUG - Marking up chromosome GL456392.1
2021-06-08 13:04:40,326 - WARNING - The .bam file refers to a chromosome 'GL456392.1+' not present in the annotation (.gtf) file
2021-06-08 13:04:40,326 - WARNING - The .bam file refers to a chromosome 'GL456392.1-' not present in the annotation (.gtf) file
2021-06-08 13:04:40,326 - DEBUG - Marking up chromosome GL456382.1
2021-06-08 13:04:40,326 - WARNING - The .bam file refers to a chromosome 'GL456382.1+' not present in the annotation (.gtf) file
2021-06-08 13:04:40,326 - WARNING - The .bam file refers to a chromosome 'GL456382.1-' not present in the annotation (.gtf) file
2021-06-08 13:04:40,414 - DEBUG - Marking up chromosome GL456368.1
2021-06-08 13:04:40,414 - WARNING - The .bam file refers to a chromosome 'GL456368.1+' not present in the annotation (.gtf) file
2021-06-08 13:04:40,414 - WARNING - The .bam file refers to a chromosome 'GL456368.1-' not present in the annotation (.gtf) file
2021-06-08 13:04:40,415 - DEBUG - Marking up chromosome JH584295.1
2021-06-08 13:04:40,416 - WARNING - The .bam file refers to a chromosome 'JH584295.1+' not present in the annotation (.gtf) file
2021-06-08 13:04:51,903 - DEBUG - Read first 50 million reads
2021-06-08 13:04:58,069 - DEBUG - End of file. Reset index: start scanning from initial position.
2021-06-08 13:04:58,070 - DEBUG - 810082 reads were skipped because no apropiate cell or umi barcode was found
2021-06-08 13:04:58,070 - INFO - Now just waiting that the bam sorting process terminates
2021-06-08 13:04:58,071 - INFO - bam file #0 has been sorted
2021-06-08 13:04:58,071 - DEBUG - Start molecule counting!
2021-06-08 13:05:03,135 - DEBUG - Features available for chromosomes : ['1-', '1+', '10-', '10+', '11-', '11+', '12-', '12+', '13-', '13+', '14-', '14+', '15-', '15+', '16-', '16+', '17-', '17+', '18-', '18+', '19-', '19+', '2-', '2+', '3-', '3+', '4-', '4+', '5-', '5+', '6-', '6+', '7-', '7+', '8-', '8+', '9-', '9+', 'GL456210.1-', 'GL456210.1+', 'GL456211.1-', 'GL456211.1+', 'GL456212.1-', 'GL456216.1+', 'GL456219.1-', 'GL456221.1-', 'GL456221.1+', 'GL456233.1-', 'GL456233.1+', 'GL456350.1-', 'GL456354.1-', 'GL456354.1+', 'JH584292.1+', 'JH584293.1-', 'JH584293.1+', 'JH584294.1-', 'JH584294.1+', 'JH584295.1-', 'JH584296.1-', 'JH584297.1-', 'JH584297.1+', 'JH584298.1-', 'JH584298.1+', 'JH584299.1-', 'JH584299.1+', 'JH584303.1+', 'JH584304.1-', 'MT-', 'MT+', 'X-', 'X+', 'Y-', 'Y+']
2021-06-08 13:05:03,136 - DEBUG - Mask available for chromosomes : ['1-', '1+', '10-', '10+', '11-', '11+', '12-', '12+', '13-', '13+', '14-', '14+', '15-', '15+', '16-', '16+', '17-', '17+', '18-', '18+', '19-', '19+', '1_GL456210_random-', '1_GL456210_random+', '1_GL456211_random-', '1_GL456211_random+', '1_GL456212_random-', '1_GL456212_random+', '1_GL456213_random-', '1_GL456213_random+', '1_GL456221_random-', '1_GL456221_random+', '2-', '2+', '3-', '3+', '4-', '4+', '4_GL456216_random-', '4_GL456216_random+', '4_GL456350_random-', '4_GL456350_random+', '4_JH584292_random-', '4_JH584292_random+', '4_JH584293_random-', '4_JH584293_random+', '4_JH584294_random-', '4_JH584294_random+', '4_JH584295_random+', '5-', '5+', '5_GL456354_random-', '5_GL456354_random+', '5_JH584296_random-', '5_JH584296_random+', '5_JH584297_random-', '5_JH584297_random+', '5_JH584298_random-', '5_JH584298_random+', '5_JH584299_random-', '5_JH584299_random+', '6-', '6+', '7-', '7+', '7_GL456219_random-', '7_GL456219_random+', '8-', '8+', '9-', '9+', 'M-', 'M+', 'Un_GL456239-', 'Un_GL456239+', 'Un_GL456359-', 'Un_GL456359+', 'Un_GL456360-', 'Un_GL456360+', 'Un_GL456366-', 'Un_GL456366+', 'Un_GL456367-', 'Un_GL456367+', 'Un_GL456368-', 'Un_GL456368+', 'Un_GL456370+', 'Un_GL456372-', 'Un_GL456372+', 'Un_GL456378-', 'Un_GL456378+', 'Un_GL456379-', 'Un_GL456379+', 'Un_GL456381-', 'Un_GL456381+', 'Un_GL456382-', 'Un_GL456382+', 'Un_GL456383-', 'Un_GL456383+', 'Un_GL456385-', 'Un_GL456385+', 'Un_GL456387-', 'Un_GL456387+', 'Un_GL456389-', 'Un_GL456389+', 'Un_GL456390-', 'Un_GL456390+', 'Un_GL456392-', 'Un_GL456392+', 'Un_GL456393-', 'Un_GL456393+', 'Un_GL456394-', 'Un_GL456394+', 'Un_GL456396-', 'Un_GL456396+', 'Un_JH584304-', 'Un_JH584304+', 'X-', 'X+', 'X_GL456233_random-', 'X_GL456233_random+', 'Y-', 'Y+', 'Y_JH584300_random-', 'Y_JH584300_random+', 'Y_JH584301_random-', 'Y_JH584301_random+', 'Y_JH584302_random-', 'Y_JH584302_random+', 'Y_JH584303_random-']
2021-06-08 13:05:03,136 - DEBUG - Summarizing the results of intron validation.
2021-06-08 13:05:03,539 - DEBUG - Validated 127017 introns (of which unique intervals 48688) out of 656000 total possible introns (considering each possible transcript models).
2021-06-08 13:05:03,540 - DEBUG - Reading /research/peer/fdeckert/FD20200109SPLENO/data/BSA_0355_SM01_10x_SPLENO/OUT/COUNT/M1_CpG_Mac_transcriptome/cellsorted_possorted_genome_bam.bam
2021-06-08 13:05:03,571 - DEBUG - Read first 0 million reads
2021-06-08 13:05:47,719 - DEBUG - Counting for batch 1, containing 100 cells and 951826 reads
2021-06-08 13:06:36,295 - DEBUG - 59948 reads not considered because fully enclosed in repeat masked regions
2021-06-08 13:07:21,319 - DEBUG - Counting for batch 2, containing 100 cells and 933973 reads
2021-06-08 13:08:08,787 - DEBUG - 65184 reads not considered because fully enclosed in repeat masked regions
2021-06-08 13:08:52,267 - DEBUG - Counting for batch 3, containing 100 cells and 873349 reads
2021-06-08 13:09:36,664 - DEBUG - 65184 reads not considered because fully enclosed in repeat masked regions
2021-06-08 13:10:10,840 - DEBUG - Read first 10 million reads
2021-06-08 13:10:18,488 - DEBUG - Counting for batch 4, containing 100 cells and 881931 reads
2021-06-08 13:11:03,581 - DEBUG - 60807 reads not considered because fully enclosed in repeat masked regions
2021-06-08 13:11:44,530 - DEBUG - Counting for batch 5, containing 100 cells and 833952 reads
2021-06-08 13:12:27,459 - DEBUG - 55681 reads not considered because fully enclosed in repeat masked regions
2021-06-08 13:13:09,090 - DEBUG - Counting for batch 6, containing 100 cells and 859060 reads
2021-06-08 13:13:53,386 - DEBUG - 60201 reads not considered because fully enclosed in repeat masked regions
2021-06-08 13:14:37,322 - DEBUG - Counting for batch 7, containing 100 cells and 952019 reads
2021-06-08 13:15:27,272 - DEBUG - 66505 reads not considered because fully enclosed in repeat masked regions
2021-06-08 13:16:14,197 - DEBUG - Counting for batch 8, containing 100 cells and 1030945 reads
2021-06-08 13:17:08,205 - DEBUG - 69714 reads not considered because fully enclosed in repeat masked regions
2021-06-08 13:17:25,622 - DEBUG - Read first 20 million reads
2021-06-08 13:17:55,562 - DEBUG - Counting for batch 9, containing 100 cells and 990326 reads
2021-06-08 13:18:48,210 - DEBUG - 62959 reads not considered because fully enclosed in repeat masked regions
2021-06-08 13:19:34,372 - DEBUG - Counting for batch 10, containing 100 cells and 953613 reads
2021-06-08 13:20:22,611 - DEBUG - 65742 reads not considered because fully enclosed in repeat masked regions
2021-06-08 13:21:09,964 - DEBUG - Counting for batch 11, containing 100 cells and 1014825 reads
2021-06-08 13:22:03,532 - DEBUG - 69816 reads not considered because fully enclosed in repeat masked regions
2021-06-08 13:22:48,067 - DEBUG - Counting for batch 12, containing 100 cells and 945738 reads
2021-06-08 13:23:37,283 - DEBUG - 63938 reads not considered because fully enclosed in repeat masked regions
2021-06-08 13:23:59,477 - DEBUG - Read first 30 million reads
2021-06-08 13:24:21,166 - DEBUG - Counting for batch 13, containing 100 cells and 947588 reads
2021-06-08 13:25:11,955 - DEBUG - 63485 reads not considered because fully enclosed in repeat masked regions
2021-06-08 13:25:56,030 - DEBUG - Counting for batch 14, containing 100 cells and 983194 reads
2021-06-08 13:26:48,265 - DEBUG - 64541 reads not considered because fully enclosed in repeat masked regions
2021-06-08 13:27:32,977 - DEBUG - Counting for batch 15, containing 100 cells and 879337 reads
2021-06-08 13:28:18,235 - DEBUG - 62381 reads not considered because fully enclosed in repeat masked regions
2021-06-08 13:29:00,497 - DEBUG - Counting for batch 16, containing 100 cells and 849209 reads
2021-06-08 13:29:44,000 - DEBUG - 59185 reads not considered because fully enclosed in repeat masked regions
2021-06-08 13:30:15,795 - DEBUG - Read first 40 million reads
2021-06-08 13:30:25,527 - DEBUG - Counting for batch 17, containing 100 cells and 893226 reads
2021-06-08 13:31:13,932 - DEBUG - 61989 reads not considered because fully enclosed in repeat masked regions
2021-06-08 13:31:58,458 - DEBUG - Counting for batch 18, containing 100 cells and 986683 reads
2021-06-08 13:32:48,271 - DEBUG - 68672 reads not considered because fully enclosed in repeat masked regions
2021-06-08 13:33:34,492 - DEBUG - Counting for batch 19, containing 100 cells and 986604 reads
2021-06-08 13:34:26,856 - DEBUG - 66256 reads not considered because fully enclosed in repeat masked regions
2021-06-08 13:35:13,208 - DEBUG - Counting for batch 20, containing 100 cells and 964799 reads
2021-06-08 13:36:04,052 - DEBUG - 64061 reads not considered because fully enclosed in repeat masked regions
2021-06-08 13:36:40,089 - DEBUG - Read first 50 million reads
2021-06-08 13:36:49,375 - DEBUG - Counting for batch 21, containing 100 cells and 943008 reads
2021-06-08 13:37:37,392 - DEBUG - 63163 reads not considered because fully enclosed in repeat masked regions
2021-06-08 13:38:15,556 - DEBUG - Counting for batch 22, containing 87 cells and 739687 reads
2021-06-08 13:38:54,183 - DEBUG - 51423 reads not considered because fully enclosed in repeat masked regions
2021-06-08 13:39:05,105 - DEBUG - 810082 reads were skipped because no apropiate cell or umi barcode was found
2021-06-08 13:39:05,105 - DEBUG - Counting done!
2021-06-08 13:39:05,112 - DEBUG - Generating output file data/BSA_0355_SM01_10x_SPLENO/OUT/COUNT/M1_CpG_Mac_transcriptome/qc.loom
2021-06-08 13:39:05,112 - DEBUG - Collecting row attributes
2021-06-08 13:39:05,212 - DEBUG - Generating data table
2021-06-08 13:39:05,792 - DEBUG - Writing loom file
2021-06-08 13:39:08,301 - DEBUG - Creating converter from 5 to 3
2021-06-08 13:39:08,610 - DEBUG - Creating converter from 3 to 5
2021-06-08 13:39:14,614 - DEBUG - Terminated Succesfully!
