2021-06-22 11:49:53,695 - DEBUG - Using logic: ValidatedIntrons10X
2021-06-22 11:49:53,713 - INFO - Read 2364 cell barcodes from /research/peer/fdeckert/FD20200109SPLENO/data/BSA_0355_SM01_10x_SPLENO/OUT/COUNT/M6_control_Mac_transcriptome/filtered_feature_bc_matrix/barcodes.qc.tsv
2021-06-22 11:49:53,715 - DEBUG - Example of barcode: AAACCCACACCCAAGC and cell_id: velocyto:AAACCCACACCCAAGC-1_5
2021-06-22 11:49:53,735 - DEBUG - Peeking into /research/peer/fdeckert/FD20200109SPLENO/data/BSA_0355_SM01_10x_SPLENO/OUT/COUNT/M6_control_Mac_transcriptome/possorted_genome_bam.bam
2021-06-22 11:49:54,089 - WARNING - Not found cell and umi barcode in entry 28 of the bam file
2021-06-22 11:49:54,090 - WARNING - Not found cell and umi barcode in entry 65 of the bam file
2021-06-22 11:49:54,091 - WARNING - Not found cell and umi barcode in entry 215 of the bam file
2021-06-22 11:49:54,093 - WARNING - Not found cell and umi barcode in entry 303 of the bam file
2021-06-22 11:49:54,094 - WARNING - Not found cell and umi barcode in entry 431 of the bam file
2021-06-22 11:49:54,095 - WARNING - Not found cell and umi barcode in entry 467 of the bam file
2021-06-22 11:49:54,095 - WARNING - Not found cell and umi barcode in entry 468 of the bam file
2021-06-22 11:49:54,095 - WARNING - Not found cell and umi barcode in entry 469 of the bam file
2021-06-22 11:49:54,095 - WARNING - Not found cell and umi barcode in entry 492 of the bam file
2021-06-22 11:49:54,096 - WARNING - Not found cell and umi barcode in entry 518 of the bam file
2021-06-22 11:49:54,096 - WARNING - Not found cell and umi barcode in entry 555 of the bam file
2021-06-22 11:49:54,140 - WARNING - Not found cell and umi barcode in entry 588 of the bam file
2021-06-22 11:49:54,141 - WARNING - Not found cell and umi barcode in entry 675 of the bam file
2021-06-22 11:49:54,141 - WARNING - Not found cell and umi barcode in entry 676 of the bam file
2021-06-22 11:49:54,141 - WARNING - Not found cell and umi barcode in entry 682 of the bam file
2021-06-22 11:49:54,142 - WARNING - Not found cell and umi barcode in entry 709 of the bam file
2021-06-22 11:49:54,143 - WARNING - Not found cell and umi barcode in entry 750 of the bam file
2021-06-22 11:49:54,143 - WARNING - Not found cell and umi barcode in entry 751 of the bam file
2021-06-22 11:49:54,143 - WARNING - Not found cell and umi barcode in entry 753 of the bam file
2021-06-22 11:49:54,144 - WARNING - Not found cell and umi barcode in entry 759 of the bam file
2021-06-22 11:49:54,145 - WARNING - Not found cell and umi barcode in entry 863 of the bam file
2021-06-22 11:49:54,145 - WARNING - Not found cell and umi barcode in entry 869 of the bam file
2021-06-22 11:49:54,170 - WARNING - The file /research/peer/fdeckert/FD20200109SPLENO/data/BSA_0355_SM01_10x_SPLENO/OUT/COUNT/M6_control_Mac_transcriptome/cellsorted_possorted_genome_bam.bam already exists. The sorting step will be skipped and the existing file will be used.
2021-06-22 11:49:54,170 - INFO - Load the annotation from /research/peer/fdeckert/FD20200109SPLENO/data/mm10/cellranger/Mus_musculus.GRCm38.93.filtered.gtf
2021-06-22 11:50:01,150 - DEBUG - Parsing Chromosome 1 strand - [line 0]
2021-06-22 11:50:01,750 - DEBUG - Done with 1- [line 55263]
2021-06-22 11:50:01,750 - DEBUG - Assigning indexes to genes
2021-06-22 11:50:01,758 - DEBUG - Seen 852 genes until now
2021-06-22 11:50:01,758 - DEBUG - Parsing Chromosome 1 strand + [line 55264]
2021-06-22 11:50:02,307 - DEBUG - Done with 1+ [line 108827]
2021-06-22 11:50:02,307 - DEBUG - Assigning indexes to genes
2021-06-22 11:50:02,315 - DEBUG - Seen 1744 genes until now
2021-06-22 11:50:02,315 - DEBUG - Parsing Chromosome 10 strand - [line 108828]
2021-06-22 11:50:02,609 - DEBUG - Done with 10- [line 148287]
2021-06-22 11:50:02,609 - DEBUG - Assigning indexes to genes
2021-06-22 11:50:02,614 - DEBUG - Seen 2492 genes until now
2021-06-22 11:50:02,614 - DEBUG - Parsing Chromosome 10 strand + [line 148288]
2021-06-22 11:50:02,926 - DEBUG - Done with 10+ [line 190661]
2021-06-22 11:50:02,927 - DEBUG - Assigning indexes to genes
2021-06-22 11:50:02,932 - DEBUG - Seen 3285 genes until now
2021-06-22 11:50:02,932 - DEBUG - Parsing Chromosome 11 strand - [line 190662]
2021-06-22 11:50:03,594 - DEBUG - Done with 11- [line 252011]
2021-06-22 11:50:03,594 - DEBUG - Assigning indexes to genes
2021-06-22 11:50:03,601 - DEBUG - Seen 4335 genes until now
2021-06-22 11:50:03,602 - DEBUG - Parsing Chromosome 11 strand + [line 252012]
2021-06-22 11:50:04,212 - DEBUG - Done with 11+ [line 314062]
2021-06-22 11:50:04,212 - DEBUG - Assigning indexes to genes
2021-06-22 11:50:04,219 - DEBUG - Seen 5320 genes until now
2021-06-22 11:50:04,219 - DEBUG - Parsing Chromosome 12 strand - [line 314063]
2021-06-22 11:50:04,398 - DEBUG - Done with 12- [line 338958]
2021-06-22 11:50:04,399 - DEBUG - Assigning indexes to genes
2021-06-22 11:50:04,402 - DEBUG - Seen 6056 genes until now
2021-06-22 11:50:04,403 - DEBUG - Parsing Chromosome 12 strand + [line 338959]
2021-06-22 11:50:04,649 - DEBUG - Done with 12+ [line 372787]
2021-06-22 11:50:04,649 - DEBUG - Assigning indexes to genes
2021-06-22 11:50:04,653 - DEBUG - Seen 6615 genes until now
2021-06-22 11:50:04,653 - DEBUG - Parsing Chromosome 13 strand - [line 372788]
2021-06-22 11:50:04,897 - DEBUG - Done with 13- [line 406792]
2021-06-22 11:50:04,897 - DEBUG - Assigning indexes to genes
2021-06-22 11:50:04,901 - DEBUG - Seen 7339 genes until now
2021-06-22 11:50:04,901 - DEBUG - Parsing Chromosome 13 strand + [line 406793]
2021-06-22 11:50:05,091 - DEBUG - Done with 13+ [line 433455]
2021-06-22 11:50:05,091 - DEBUG - Assigning indexes to genes
2021-06-22 11:50:05,096 - DEBUG - Seen 8023 genes until now
2021-06-22 11:50:05,096 - DEBUG - Parsing Chromosome 14 strand - [line 433456]
2021-06-22 11:50:05,546 - DEBUG - Done with 14- [line 469680]
2021-06-22 11:50:05,547 - DEBUG - Assigning indexes to genes
2021-06-22 11:50:05,551 - DEBUG - Seen 8704 genes until now
2021-06-22 11:50:05,551 - DEBUG - Parsing Chromosome 14 strand + [line 469681]
2021-06-22 11:50:05,787 - DEBUG - Done with 14+ [line 502857]
2021-06-22 11:50:05,787 - DEBUG - Assigning indexes to genes
2021-06-22 11:50:05,791 - DEBUG - Seen 9518 genes until now
2021-06-22 11:50:05,792 - DEBUG - Parsing Chromosome 15 strand - [line 502858]
2021-06-22 11:50:06,056 - DEBUG - Done with 15- [line 539049]
2021-06-22 11:50:06,056 - DEBUG - Assigning indexes to genes
2021-06-22 11:50:06,061 - DEBUG - Seen 10092 genes until now
2021-06-22 11:50:06,061 - DEBUG - Parsing Chromosome 15 strand + [line 539050]
2021-06-22 11:50:06,283 - DEBUG - Done with 15+ [line 569723]
2021-06-22 11:50:06,283 - DEBUG - Assigning indexes to genes
2021-06-22 11:50:06,288 - DEBUG - Seen 10616 genes until now
2021-06-22 11:50:06,288 - DEBUG - Parsing Chromosome 16 strand - [line 569724]
2021-06-22 11:50:06,481 - DEBUG - Done with 16- [line 596286]
2021-06-22 11:50:06,481 - DEBUG - Assigning indexes to genes
2021-06-22 11:50:06,485 - DEBUG - Seen 11093 genes until now
2021-06-22 11:50:06,485 - DEBUG - Parsing Chromosome 16 strand + [line 596287]
2021-06-22 11:50:06,919 - DEBUG - Done with 16+ [line 626571]
2021-06-22 11:50:06,919 - DEBUG - Assigning indexes to genes
2021-06-22 11:50:06,923 - DEBUG - Seen 11545 genes until now
2021-06-22 11:50:06,923 - DEBUG - Parsing Chromosome 17 strand - [line 626572]
2021-06-22 11:50:07,158 - DEBUG - Done with 17- [line 659846]
2021-06-22 11:50:07,159 - DEBUG - Assigning indexes to genes
2021-06-22 11:50:07,162 - DEBUG - Seen 12152 genes until now
2021-06-22 11:50:07,163 - DEBUG - Parsing Chromosome 17 strand + [line 659847]
2021-06-22 11:50:07,422 - DEBUG - Done with 17+ [line 696472]
2021-06-22 11:50:07,422 - DEBUG - Assigning indexes to genes
2021-06-22 11:50:07,426 - DEBUG - Seen 12800 genes until now
2021-06-22 11:50:07,426 - DEBUG - Parsing Chromosome 18 strand - [line 696473]
2021-06-22 11:50:07,517 - DEBUG - Done with 18- [line 709486]
2021-06-22 11:50:07,517 - DEBUG - Assigning indexes to genes
2021-06-22 11:50:07,519 - DEBUG - Seen 13059 genes until now
2021-06-22 11:50:07,519 - DEBUG - Parsing Chromosome 18 strand + [line 709487]
2021-06-22 11:50:07,646 - DEBUG - Done with 18+ [line 728027]
2021-06-22 11:50:07,646 - DEBUG - Assigning indexes to genes
2021-06-22 11:50:07,648 - DEBUG - Seen 13409 genes until now
2021-06-22 11:50:07,648 - DEBUG - Parsing Chromosome 19 strand - [line 728028]
2021-06-22 11:50:07,819 - DEBUG - Done with 19- [line 752316]
2021-06-22 11:50:07,819 - DEBUG - Assigning indexes to genes
2021-06-22 11:50:07,822 - DEBUG - Seen 13815 genes until now
2021-06-22 11:50:07,822 - DEBUG - Parsing Chromosome 19 strand + [line 752317]
2021-06-22 11:50:07,969 - DEBUG - Done with 19+ [line 773600]
2021-06-22 11:50:07,969 - DEBUG - Assigning indexes to genes
2021-06-22 11:50:07,971 - DEBUG - Seen 14224 genes until now
2021-06-22 11:50:07,971 - DEBUG - Parsing Chromosome 2 strand - [line 773601]
2021-06-22 11:50:08,514 - DEBUG - Done with 2- [line 848821]
2021-06-22 11:50:08,514 - DEBUG - Assigning indexes to genes
2021-06-22 11:50:08,772 - DEBUG - Seen 15398 genes until now
2021-06-22 11:50:08,773 - DEBUG - Parsing Chromosome 2 strand + [line 848822]
2021-06-22 11:50:09,276 - DEBUG - Done with 2+ [line 918704]
2021-06-22 11:50:09,276 - DEBUG - Assigning indexes to genes
2021-06-22 11:50:09,285 - DEBUG - Seen 16582 genes until now
2021-06-22 11:50:09,286 - DEBUG - Parsing Chromosome 3 strand - [line 918705]
2021-06-22 11:50:09,558 - DEBUG - Done with 3- [line 957202]
2021-06-22 11:50:09,558 - DEBUG - Assigning indexes to genes
2021-06-22 11:50:09,563 - DEBUG - Seen 17302 genes until now
2021-06-22 11:50:09,563 - DEBUG - Parsing Chromosome 3 strand + [line 957203]
2021-06-22 11:50:09,867 - DEBUG - Done with 3+ [line 1000138]
2021-06-22 11:50:09,867 - DEBUG - Assigning indexes to genes
2021-06-22 11:50:09,873 - DEBUG - Seen 18021 genes until now
2021-06-22 11:50:09,873 - DEBUG - Parsing Chromosome 4 strand - [line 1000139]
2021-06-22 11:50:10,235 - DEBUG - Done with 4- [line 1050727]
2021-06-22 11:50:10,235 - DEBUG - Assigning indexes to genes
2021-06-22 11:50:10,241 - DEBUG - Seen 18875 genes until now
2021-06-22 11:50:10,242 - DEBUG - Parsing Chromosome 4 strand + [line 1050728]
2021-06-22 11:50:10,595 - DEBUG - Done with 4+ [line 1099723]
2021-06-22 11:50:10,595 - DEBUG - Assigning indexes to genes
2021-06-22 11:50:10,601 - DEBUG - Seen 19731 genes until now
2021-06-22 11:50:10,601 - DEBUG - Parsing Chromosome 5 strand - [line 1099724]
2021-06-22 11:50:11,306 - DEBUG - Done with 5- [line 1157394]
2021-06-22 11:50:11,306 - DEBUG - Assigning indexes to genes
2021-06-22 11:50:11,313 - DEBUG - Seen 20622 genes until now
2021-06-22 11:50:11,313 - DEBUG - Parsing Chromosome 5 strand + [line 1157395]
2021-06-22 11:50:11,731 - DEBUG - Done with 5+ [line 1215626]
2021-06-22 11:50:11,732 - DEBUG - Assigning indexes to genes
2021-06-22 11:50:11,739 - DEBUG - Seen 21539 genes until now
2021-06-22 11:50:11,739 - DEBUG - Parsing Chromosome 6 strand - [line 1215627]
2021-06-22 11:50:12,050 - DEBUG - Done with 6- [line 1260326]
2021-06-22 11:50:12,051 - DEBUG - Assigning indexes to genes
2021-06-22 11:50:12,057 - DEBUG - Seen 22385 genes until now
2021-06-22 11:50:12,057 - DEBUG - Parsing Chromosome 6 strand + [line 1260327]
2021-06-22 11:50:12,385 - DEBUG - Done with 6+ [line 1307744]
2021-06-22 11:50:12,385 - DEBUG - Assigning indexes to genes
2021-06-22 11:50:12,392 - DEBUG - Seen 23304 genes until now
2021-06-22 11:50:12,392 - DEBUG - Parsing Chromosome 7 strand - [line 1307745]
2021-06-22 11:50:12,888 - DEBUG - Done with 7- [line 1379880]
2021-06-22 11:50:12,888 - DEBUG - Assigning indexes to genes
2021-06-22 11:50:12,899 - DEBUG - Seen 24656 genes until now
2021-06-22 11:50:12,899 - DEBUG - Parsing Chromosome 7 strand + [line 1379881]
2021-06-22 11:50:13,401 - DEBUG - Done with 7+ [line 1450335]
2021-06-22 11:50:13,401 - DEBUG - Assigning indexes to genes
2021-06-22 11:50:13,411 - DEBUG - Seen 25873 genes until now
2021-06-22 11:50:13,411 - DEBUG - Parsing Chromosome 8 strand - [line 1450336]
2021-06-22 11:50:14,064 - DEBUG - Done with 8- [line 1485523]
2021-06-22 11:50:14,064 - DEBUG - Assigning indexes to genes
2021-06-22 11:50:14,068 - DEBUG - Seen 26580 genes until now
2021-06-22 11:50:14,068 - DEBUG - Parsing Chromosome 8 strand + [line 1485524]
2021-06-22 11:50:14,398 - DEBUG - Done with 8+ [line 1531960]
2021-06-22 11:50:14,398 - DEBUG - Assigning indexes to genes
2021-06-22 11:50:14,403 - DEBUG - Seen 27398 genes until now
2021-06-22 11:50:14,403 - DEBUG - Parsing Chromosome 9 strand - [line 1531961]
2021-06-22 11:50:14,771 - DEBUG - Done with 9- [line 1583207]
2021-06-22 11:50:14,771 - DEBUG - Assigning indexes to genes
2021-06-22 11:50:14,777 - DEBUG - Seen 28230 genes until now
2021-06-22 11:50:14,778 - DEBUG - Parsing Chromosome 9 strand + [line 1583208]
2021-06-22 11:50:15,150 - DEBUG - Done with 9+ [line 1635954]
2021-06-22 11:50:15,151 - DEBUG - Assigning indexes to genes
2021-06-22 11:50:15,158 - DEBUG - Seen 29142 genes until now
2021-06-22 11:50:15,158 - DEBUG - Parsing Chromosome GL456210.1 strand - [line 1635955]
2021-06-22 11:50:15,158 - DEBUG - Done with GL456210.1- [line 1635981]
2021-06-22 11:50:15,158 - DEBUG - Assigning indexes to genes
2021-06-22 11:50:15,158 - DEBUG - Seen 29145 genes until now
2021-06-22 11:50:15,158 - DEBUG - Parsing Chromosome GL456210.1 strand + [line 1635982]
2021-06-22 11:50:15,159 - DEBUG - Done with GL456210.1+ [line 1635996]
2021-06-22 11:50:15,159 - DEBUG - Assigning indexes to genes
2021-06-22 11:50:15,159 - DEBUG - Seen 29147 genes until now
2021-06-22 11:50:15,159 - DEBUG - Parsing Chromosome GL456211.1 strand - [line 1635997]
2021-06-22 11:50:15,159 - DEBUG - Done with GL456211.1- [line 1636024]
2021-06-22 11:50:15,159 - DEBUG - Assigning indexes to genes
2021-06-22 11:50:15,159 - DEBUG - Seen 29151 genes until now
2021-06-22 11:50:15,159 - DEBUG - Parsing Chromosome GL456211.1 strand + [line 1636025]
2021-06-22 11:50:15,160 - DEBUG - Done with GL456211.1+ [line 1636050]
2021-06-22 11:50:15,160 - DEBUG - Assigning indexes to genes
2021-06-22 11:50:15,160 - DEBUG - Seen 29153 genes until now
2021-06-22 11:50:15,160 - DEBUG - Parsing Chromosome GL456212.1 strand - [line 1636051]
2021-06-22 11:50:15,160 - DEBUG - Done with GL456212.1- [line 1636086]
2021-06-22 11:50:15,160 - DEBUG - Assigning indexes to genes
2021-06-22 11:50:15,160 - DEBUG - Seen 29155 genes until now
2021-06-22 11:50:15,160 - DEBUG - Parsing Chromosome GL456216.1 strand + [line 1636087]
2021-06-22 11:50:15,161 - DEBUG - Done with GL456216.1+ [line 1636106]
2021-06-22 11:50:15,161 - DEBUG - Assigning indexes to genes
2021-06-22 11:50:15,161 - DEBUG - Seen 29156 genes until now
2021-06-22 11:50:15,161 - DEBUG - Parsing Chromosome GL456219.1 strand - [line 1636107]
2021-06-22 11:50:15,161 - DEBUG - Done with GL456219.1- [line 1636118]
2021-06-22 11:50:15,161 - DEBUG - Assigning indexes to genes
2021-06-22 11:50:15,161 - DEBUG - Seen 29158 genes until now
2021-06-22 11:50:15,161 - DEBUG - Parsing Chromosome GL456221.1 strand - [line 1636119]
2021-06-22 11:50:15,162 - DEBUG - Done with GL456221.1- [line 1636162]
2021-06-22 11:50:15,162 - DEBUG - Assigning indexes to genes
2021-06-22 11:50:15,162 - DEBUG - Seen 29162 genes until now
2021-06-22 11:50:15,162 - DEBUG - Parsing Chromosome GL456221.1 strand + [line 1636163]
2021-06-22 11:50:15,162 - DEBUG - Done with GL456221.1+ [line 1636181]
2021-06-22 11:50:15,162 - DEBUG - Assigning indexes to genes
2021-06-22 11:50:15,162 - DEBUG - Seen 29165 genes until now
2021-06-22 11:50:15,162 - DEBUG - Parsing Chromosome GL456233.1 strand - [line 1636182]
2021-06-22 11:50:15,163 - DEBUG - Done with GL456233.1- [line 1636213]
2021-06-22 11:50:15,163 - DEBUG - Assigning indexes to genes
2021-06-22 11:50:15,163 - DEBUG - Seen 29167 genes until now
2021-06-22 11:50:15,163 - DEBUG - Parsing Chromosome GL456233.1 strand + [line 1636214]
2021-06-22 11:50:15,163 - DEBUG - Done with GL456233.1+ [line 1636244]
2021-06-22 11:50:15,163 - DEBUG - Assigning indexes to genes
2021-06-22 11:50:15,163 - DEBUG - Seen 29169 genes until now
2021-06-22 11:50:15,163 - DEBUG - Parsing Chromosome GL456350.1 strand - [line 1636245]
2021-06-22 11:50:15,164 - DEBUG - Done with GL456350.1- [line 1636304]
2021-06-22 11:50:15,164 - DEBUG - Assigning indexes to genes
2021-06-22 11:50:15,164 - DEBUG - Seen 29174 genes until now
2021-06-22 11:50:15,164 - DEBUG - Parsing Chromosome GL456354.1 strand - [line 1636305]
2021-06-22 11:50:15,164 - DEBUG - Done with GL456354.1- [line 1636337]
2021-06-22 11:50:15,165 - DEBUG - Assigning indexes to genes
2021-06-22 11:50:15,165 - DEBUG - Seen 29177 genes until now
2021-06-22 11:50:15,165 - DEBUG - Parsing Chromosome GL456354.1 strand + [line 1636338]
2021-06-22 11:50:15,165 - DEBUG - Done with GL456354.1+ [line 1636357]
2021-06-22 11:50:15,165 - DEBUG - Assigning indexes to genes
2021-06-22 11:50:15,165 - DEBUG - Seen 29179 genes until now
2021-06-22 11:50:15,165 - DEBUG - Parsing Chromosome JH584292.1 strand + [line 1636358]
2021-06-22 11:50:15,166 - DEBUG - Done with JH584292.1+ [line 1636433]
2021-06-22 11:50:15,166 - DEBUG - Assigning indexes to genes
2021-06-22 11:50:15,166 - DEBUG - Seen 29180 genes until now
2021-06-22 11:50:15,166 - DEBUG - Parsing Chromosome JH584293.1 strand - [line 1636434]
2021-06-22 11:50:15,166 - DEBUG - Done with JH584293.1- [line 1636500]
2021-06-22 11:50:15,166 - DEBUG - Assigning indexes to genes
2021-06-22 11:50:15,167 - DEBUG - Seen 29186 genes until now
2021-06-22 11:50:15,167 - DEBUG - Parsing Chromosome JH584293.1 strand + [line 1636501]
2021-06-22 11:50:15,167 - DEBUG - Done with JH584293.1+ [line 1636542]
2021-06-22 11:50:15,167 - DEBUG - Assigning indexes to genes
2021-06-22 11:50:15,167 - DEBUG - Seen 29189 genes until now
2021-06-22 11:50:15,167 - DEBUG - Parsing Chromosome JH584294.1 strand - [line 1636543]
2021-06-22 11:50:15,168 - DEBUG - Done with JH584294.1- [line 1636607]
2021-06-22 11:50:15,168 - DEBUG - Assigning indexes to genes
2021-06-22 11:50:15,168 - DEBUG - Seen 29193 genes until now
2021-06-22 11:50:15,168 - DEBUG - Parsing Chromosome JH584294.1 strand + [line 1636608]
2021-06-22 11:50:15,168 - DEBUG - Done with JH584294.1+ [line 1636631]
2021-06-22 11:50:15,168 - DEBUG - Assigning indexes to genes
2021-06-22 11:50:15,168 - DEBUG - Seen 29195 genes until now
2021-06-22 11:50:15,168 - DEBUG - Parsing Chromosome JH584295.1 strand - [line 1636632]
2021-06-22 11:50:15,169 - DEBUG - Done with JH584295.1- [line 1636647]
2021-06-22 11:50:15,169 - DEBUG - Assigning indexes to genes
2021-06-22 11:50:15,169 - DEBUG - Seen 29196 genes until now
2021-06-22 11:50:15,169 - DEBUG - Parsing Chromosome JH584296.1 strand - [line 1636648]
2021-06-22 11:50:15,169 - DEBUG - Done with JH584296.1- [line 1636675]
2021-06-22 11:50:15,169 - DEBUG - Assigning indexes to genes
2021-06-22 11:50:15,169 - DEBUG - Seen 29199 genes until now
2021-06-22 11:50:15,169 - DEBUG - Parsing Chromosome JH584297.1 strand - [line 1636676]
2021-06-22 11:50:15,170 - DEBUG - Done with JH584297.1- [line 1636694]
2021-06-22 11:50:15,170 - DEBUG - Assigning indexes to genes
2021-06-22 11:50:15,170 - DEBUG - Seen 29201 genes until now
2021-06-22 11:50:15,170 - DEBUG - Parsing Chromosome JH584297.1 strand + [line 1636695]
2021-06-22 11:50:15,170 - DEBUG - Done with JH584297.1+ [line 1636703]
2021-06-22 11:50:15,170 - DEBUG - Assigning indexes to genes
2021-06-22 11:50:15,170 - DEBUG - Seen 29202 genes until now
2021-06-22 11:50:15,170 - DEBUG - Parsing Chromosome JH584298.1 strand - [line 1636704]
2021-06-22 11:50:15,170 - DEBUG - Done with JH584298.1- [line 1636714]
2021-06-22 11:50:15,170 - DEBUG - Assigning indexes to genes
2021-06-22 11:50:15,171 - DEBUG - Seen 29203 genes until now
2021-06-22 11:50:15,171 - DEBUG - Parsing Chromosome JH584298.1 strand + [line 1636715]
2021-06-22 11:50:15,171 - DEBUG - Done with JH584298.1+ [line 1636735]
2021-06-22 11:50:15,171 - DEBUG - Assigning indexes to genes
2021-06-22 11:50:15,171 - DEBUG - Seen 29205 genes until now
2021-06-22 11:50:15,171 - DEBUG - Parsing Chromosome JH584299.1 strand - [line 1636736]
2021-06-22 11:50:15,171 - DEBUG - Done with JH584299.1- [line 1636745]
2021-06-22 11:50:15,171 - DEBUG - Assigning indexes to genes
2021-06-22 11:50:15,171 - DEBUG - Seen 29206 genes until now
2021-06-22 11:50:15,171 - DEBUG - Parsing Chromosome JH584299.1 strand + [line 1636746]
2021-06-22 11:50:15,172 - DEBUG - Done with JH584299.1+ [line 1636857]
2021-06-22 11:50:15,172 - DEBUG - Assigning indexes to genes
2021-06-22 11:50:15,172 - DEBUG - Seen 29217 genes until now
2021-06-22 11:50:15,172 - DEBUG - Parsing Chromosome JH584303.1 strand + [line 1636858]
2021-06-22 11:50:15,173 - DEBUG - Done with JH584303.1+ [line 1636862]
2021-06-22 11:50:15,173 - DEBUG - Assigning indexes to genes
2021-06-22 11:50:15,173 - DEBUG - Seen 29218 genes until now
2021-06-22 11:50:15,173 - DEBUG - Parsing Chromosome JH584304.1 strand - [line 1636863]
2021-06-22 11:50:15,173 - DEBUG - Done with JH584304.1- [line 1636895]
2021-06-22 11:50:15,173 - DEBUG - Assigning indexes to genes
2021-06-22 11:50:15,173 - DEBUG - Seen 29219 genes until now
2021-06-22 11:50:15,173 - DEBUG - Parsing Chromosome MT strand - [line 1636896]
2021-06-22 11:50:15,173 - DEBUG - Done with MT- [line 1636901]
2021-06-22 11:50:15,174 - DEBUG - Assigning indexes to genes
2021-06-22 11:50:15,174 - DEBUG - Seen 29220 genes until now
2021-06-22 11:50:15,174 - DEBUG - Parsing Chromosome MT strand + [line 1636902]
2021-06-22 11:50:15,174 - DEBUG - Done with MT+ [line 1636970]
2021-06-22 11:50:15,174 - DEBUG - Assigning indexes to genes
2021-06-22 11:50:15,174 - DEBUG - Seen 29232 genes until now
2021-06-22 11:50:15,174 - DEBUG - Parsing Chromosome X strand - [line 1636971]
2021-06-22 11:50:15,362 - DEBUG - Done with X- [line 1663962]
2021-06-22 11:50:15,362 - DEBUG - Assigning indexes to genes
2021-06-22 11:50:15,365 - DEBUG - Seen 29755 genes until now
2021-06-22 11:50:15,365 - DEBUG - Parsing Chromosome X strand + [line 1663963]
2021-06-22 11:50:15,578 - DEBUG - Done with X+ [line 1694333]
2021-06-22 11:50:15,578 - DEBUG - Assigning indexes to genes
2021-06-22 11:50:15,581 - DEBUG - Seen 30320 genes until now
2021-06-22 11:50:15,581 - DEBUG - Parsing Chromosome Y strand - [line 1694334]
2021-06-22 11:50:15,617 - DEBUG - Done with Y- [line 1698842]
2021-06-22 11:50:15,617 - DEBUG - Assigning indexes to genes
2021-06-22 11:50:15,618 - DEBUG - Seen 30662 genes until now
2021-06-22 11:50:15,618 - DEBUG - Parsing Chromosome Y strand + [line 1698843]
2021-06-22 11:50:15,659 - DEBUG - Assigning indexes to genes
2021-06-22 11:50:15,661 - DEBUG - Done with Y+ [line 1704063]
2021-06-22 11:50:15,661 - DEBUG - Fixing corner cases of transcript models containg intron longer than 1000Kbp
2021-06-22 11:50:16,856 - DEBUG - Generated 1423079 features corresponding to 111079 transcript models from /research/peer/fdeckert/FD20200109SPLENO/data/mm10/cellranger/Mus_musculus.GRCm38.93.filtered.gtf
2021-06-22 11:50:16,872 - INFO - Load the repeat masking annotation from /research/peer/fdeckert/FD20200109SPLENO/data/mm10/mm10_rmsk.gtf
2021-06-22 11:50:16,872 - DEBUG - Reading /research/peer/fdeckert/FD20200109SPLENO/data/mm10/mm10_rmsk.gtf, the file will be sorted in memory
2021-06-22 11:50:55,403 - DEBUG - Processed masked annotation .gtf and generated 4252016 intervals to mask!
2021-06-22 11:50:55,652 - INFO - Scan /research/peer/fdeckert/FD20200109SPLENO/data/BSA_0355_SM01_10x_SPLENO/OUT/COUNT/M6_control_Mac_transcriptome/possorted_genome_bam.bam to validate intron intervals
2021-06-22 11:50:59,049 - DEBUG - Reading /research/peer/fdeckert/FD20200109SPLENO/data/BSA_0355_SM01_10x_SPLENO/OUT/COUNT/M6_control_Mac_transcriptome/possorted_genome_bam.bam
2021-06-22 11:50:59,063 - DEBUG - Read first 0 million reads
2021-06-22 11:50:59,084 - DEBUG - Marking up chromosome 1
2021-06-22 11:51:31,578 - DEBUG - Marking up chromosome 10
2021-06-22 11:51:56,122 - DEBUG - Marking up chromosome 11
2021-06-22 11:52:38,546 - DEBUG - Marking up chromosome 12
2021-06-22 11:52:57,274 - DEBUG - Marking up chromosome 13
2021-06-22 11:53:15,089 - DEBUG - Marking up chromosome 14
2021-06-22 11:53:34,529 - DEBUG - Marking up chromosome 15
2021-06-22 11:53:54,565 - DEBUG - Marking up chromosome 16
2021-06-22 11:54:02,887 - DEBUG - Read first 10 million reads
2021-06-22 11:54:10,674 - DEBUG - Marking up chromosome 17
2021-06-22 11:54:49,170 - DEBUG - Marking up chromosome 18
2021-06-22 11:55:06,917 - DEBUG - Marking up chromosome 19
2021-06-22 11:55:33,542 - DEBUG - Marking up chromosome 2
2021-06-22 11:56:15,084 - DEBUG - Marking up chromosome 3
2021-06-22 11:56:38,569 - DEBUG - Marking up chromosome 4
2021-06-22 11:57:05,952 - DEBUG - Marking up chromosome 5
2021-06-22 11:57:20,333 - DEBUG - Read first 20 million reads
2021-06-22 11:57:39,075 - DEBUG - Marking up chromosome 6
2021-06-22 11:58:05,332 - DEBUG - Marking up chromosome 7
2021-06-22 11:58:49,134 - DEBUG - Marking up chromosome 8
2021-06-22 11:59:10,722 - DEBUG - Marking up chromosome 9
2021-06-22 11:59:36,731 - DEBUG - Marking up chromosome MT
2021-06-22 11:59:42,583 - DEBUG - Marking up chromosome X
2021-06-22 12:00:03,182 - DEBUG - Marking up chromosome Y
2021-06-22 12:00:03,637 - DEBUG - Marking up chromosome JH584299.1
2021-06-22 12:00:03,639 - DEBUG - Marking up chromosome GL456233.1
2021-06-22 12:00:03,649 - DEBUG - Marking up chromosome GL456211.1
2021-06-22 12:00:03,659 - DEBUG - Marking up chromosome GL456221.1
2021-06-22 12:00:03,672 - DEBUG - Marking up chromosome JH584300.1
2021-06-22 12:00:03,673 - WARNING - The .bam file refers to a chromosome 'JH584300.1+' not present in the annotation (.gtf) file
2021-06-22 12:00:03,673 - WARNING - The .bam file refers to a chromosome 'JH584300.1-' not present in the annotation (.gtf) file
2021-06-22 12:00:03,697 - DEBUG - Marking up chromosome GL456219.1
2021-06-22 12:00:03,698 - WARNING - The .bam file refers to a chromosome 'GL456219.1+' not present in the annotation (.gtf) file
2021-06-22 12:00:03,698 - DEBUG - Marking up chromosome GL456210.1
2021-06-22 12:00:03,708 - DEBUG - Marking up chromosome GL456212.1
2021-06-22 12:00:03,708 - WARNING - The .bam file refers to a chromosome 'GL456212.1+' not present in the annotation (.gtf) file
2021-06-22 12:00:03,713 - DEBUG - Marking up chromosome JH584304.1
2021-06-22 12:00:03,713 - WARNING - The .bam file refers to a chromosome 'JH584304.1+' not present in the annotation (.gtf) file
2021-06-22 12:00:03,854 - DEBUG - Marking up chromosome GL456379.1
2021-06-22 12:00:03,854 - WARNING - The .bam file refers to a chromosome 'GL456379.1+' not present in the annotation (.gtf) file
2021-06-22 12:00:03,855 - WARNING - The .bam file refers to a chromosome 'GL456379.1-' not present in the annotation (.gtf) file
2021-06-22 12:00:03,855 - DEBUG - Marking up chromosome GL456216.1
2021-06-22 12:00:03,855 - WARNING - The .bam file refers to a chromosome 'GL456216.1-' not present in the annotation (.gtf) file
2021-06-22 12:00:03,876 - DEBUG - Marking up chromosome GL456393.1
2021-06-22 12:00:03,876 - WARNING - The .bam file refers to a chromosome 'GL456393.1+' not present in the annotation (.gtf) file
2021-06-22 12:00:03,876 - WARNING - The .bam file refers to a chromosome 'GL456393.1-' not present in the annotation (.gtf) file
2021-06-22 12:00:03,877 - DEBUG - Marking up chromosome GL456239.1
2021-06-22 12:00:03,877 - WARNING - The .bam file refers to a chromosome 'GL456239.1+' not present in the annotation (.gtf) file
2021-06-22 12:00:03,877 - WARNING - The .bam file refers to a chromosome 'GL456239.1-' not present in the annotation (.gtf) file
2021-06-22 12:00:03,877 - DEBUG - Marking up chromosome GL456378.1
2021-06-22 12:00:03,877 - WARNING - The .bam file refers to a chromosome 'GL456378.1+' not present in the annotation (.gtf) file
2021-06-22 12:00:03,877 - WARNING - The .bam file refers to a chromosome 'GL456378.1-' not present in the annotation (.gtf) file
2021-06-22 12:00:03,879 - DEBUG - Marking up chromosome GL456389.1
2021-06-22 12:00:03,879 - WARNING - The .bam file refers to a chromosome 'GL456389.1+' not present in the annotation (.gtf) file
2021-06-22 12:00:03,879 - WARNING - The .bam file refers to a chromosome 'GL456389.1-' not present in the annotation (.gtf) file
2021-06-22 12:00:03,879 - DEBUG - Marking up chromosome GL456372.1
2021-06-22 12:00:03,879 - WARNING - The .bam file refers to a chromosome 'GL456372.1+' not present in the annotation (.gtf) file
2021-06-22 12:00:03,879 - WARNING - The .bam file refers to a chromosome 'GL456372.1-' not present in the annotation (.gtf) file
2021-06-22 12:00:03,886 - DEBUG - Marking up chromosome GL456370.1
2021-06-22 12:00:03,886 - WARNING - The .bam file refers to a chromosome 'GL456370.1+' not present in the annotation (.gtf) file
2021-06-22 12:00:03,886 - WARNING - The .bam file refers to a chromosome 'GL456370.1-' not present in the annotation (.gtf) file
2021-06-22 12:00:03,892 - DEBUG - Marking up chromosome GL456390.1
2021-06-22 12:00:03,892 - WARNING - The .bam file refers to a chromosome 'GL456390.1+' not present in the annotation (.gtf) file
2021-06-22 12:00:03,892 - WARNING - The .bam file refers to a chromosome 'GL456390.1-' not present in the annotation (.gtf) file
2021-06-22 12:00:03,892 - DEBUG - Marking up chromosome GL456392.1
2021-06-22 12:00:03,892 - WARNING - The .bam file refers to a chromosome 'GL456392.1+' not present in the annotation (.gtf) file
2021-06-22 12:00:03,892 - WARNING - The .bam file refers to a chromosome 'GL456392.1-' not present in the annotation (.gtf) file
2021-06-22 12:00:03,893 - DEBUG - Marking up chromosome GL456382.1
2021-06-22 12:00:03,893 - WARNING - The .bam file refers to a chromosome 'GL456382.1+' not present in the annotation (.gtf) file
2021-06-22 12:00:03,893 - WARNING - The .bam file refers to a chromosome 'GL456382.1-' not present in the annotation (.gtf) file
2021-06-22 12:00:03,934 - DEBUG - Marking up chromosome GL456396.1
2021-06-22 12:00:03,934 - WARNING - The .bam file refers to a chromosome 'GL456396.1+' not present in the annotation (.gtf) file
2021-06-22 12:00:03,934 - WARNING - The .bam file refers to a chromosome 'GL456396.1-' not present in the annotation (.gtf) file
2021-06-22 12:00:03,935 - DEBUG - Marking up chromosome JH584295.1
2021-06-22 12:00:03,935 - WARNING - The .bam file refers to a chromosome 'JH584295.1+' not present in the annotation (.gtf) file
2021-06-22 12:00:05,438 - DEBUG - Read first 30 million reads
2021-06-22 12:00:19,705 - DEBUG - End of file. Reset index: start scanning from initial position.
2021-06-22 12:00:19,705 - DEBUG - 608137 reads were skipped because no apropiate cell or umi barcode was found
2021-06-22 12:00:19,705 - DEBUG - Start molecule counting!
2021-06-22 12:00:24,791 - DEBUG - Features available for chromosomes : ['1-', '1+', '10-', '10+', '11-', '11+', '12-', '12+', '13-', '13+', '14-', '14+', '15-', '15+', '16-', '16+', '17-', '17+', '18-', '18+', '19-', '19+', '2-', '2+', '3-', '3+', '4-', '4+', '5-', '5+', '6-', '6+', '7-', '7+', '8-', '8+', '9-', '9+', 'GL456210.1-', 'GL456210.1+', 'GL456211.1-', 'GL456211.1+', 'GL456212.1-', 'GL456216.1+', 'GL456219.1-', 'GL456221.1-', 'GL456221.1+', 'GL456233.1-', 'GL456233.1+', 'GL456350.1-', 'GL456354.1-', 'GL456354.1+', 'JH584292.1+', 'JH584293.1-', 'JH584293.1+', 'JH584294.1-', 'JH584294.1+', 'JH584295.1-', 'JH584296.1-', 'JH584297.1-', 'JH584297.1+', 'JH584298.1-', 'JH584298.1+', 'JH584299.1-', 'JH584299.1+', 'JH584303.1+', 'JH584304.1-', 'MT-', 'MT+', 'X-', 'X+', 'Y-', 'Y+']
2021-06-22 12:00:24,791 - DEBUG - Mask available for chromosomes : ['1-', '1+', '10-', '10+', '11-', '11+', '12-', '12+', '13-', '13+', '14-', '14+', '15-', '15+', '16-', '16+', '17-', '17+', '18-', '18+', '19-', '19+', '1_GL456210_random-', '1_GL456210_random+', '1_GL456211_random-', '1_GL456211_random+', '1_GL456212_random-', '1_GL456212_random+', '1_GL456213_random-', '1_GL456213_random+', '1_GL456221_random-', '1_GL456221_random+', '2-', '2+', '3-', '3+', '4-', '4+', '4_GL456216_random-', '4_GL456216_random+', '4_GL456350_random-', '4_GL456350_random+', '4_JH584292_random-', '4_JH584292_random+', '4_JH584293_random-', '4_JH584293_random+', '4_JH584294_random-', '4_JH584294_random+', '4_JH584295_random+', '5-', '5+', '5_GL456354_random-', '5_GL456354_random+', '5_JH584296_random-', '5_JH584296_random+', '5_JH584297_random-', '5_JH584297_random+', '5_JH584298_random-', '5_JH584298_random+', '5_JH584299_random-', '5_JH584299_random+', '6-', '6+', '7-', '7+', '7_GL456219_random-', '7_GL456219_random+', '8-', '8+', '9-', '9+', 'M-', 'M+', 'Un_GL456239-', 'Un_GL456239+', 'Un_GL456359-', 'Un_GL456359+', 'Un_GL456360-', 'Un_GL456360+', 'Un_GL456366-', 'Un_GL456366+', 'Un_GL456367-', 'Un_GL456367+', 'Un_GL456368-', 'Un_GL456368+', 'Un_GL456370+', 'Un_GL456372-', 'Un_GL456372+', 'Un_GL456378-', 'Un_GL456378+', 'Un_GL456379-', 'Un_GL456379+', 'Un_GL456381-', 'Un_GL456381+', 'Un_GL456382-', 'Un_GL456382+', 'Un_GL456383-', 'Un_GL456383+', 'Un_GL456385-', 'Un_GL456385+', 'Un_GL456387-', 'Un_GL456387+', 'Un_GL456389-', 'Un_GL456389+', 'Un_GL456390-', 'Un_GL456390+', 'Un_GL456392-', 'Un_GL456392+', 'Un_GL456393-', 'Un_GL456393+', 'Un_GL456394-', 'Un_GL456394+', 'Un_GL456396-', 'Un_GL456396+', 'Un_JH584304-', 'Un_JH584304+', 'X-', 'X+', 'X_GL456233_random-', 'X_GL456233_random+', 'Y-', 'Y+', 'Y_JH584300_random-', 'Y_JH584300_random+', 'Y_JH584301_random-', 'Y_JH584301_random+', 'Y_JH584302_random-', 'Y_JH584302_random+', 'Y_JH584303_random-']
2021-06-22 12:00:24,791 - DEBUG - Summarizing the results of intron validation.
2021-06-22 12:00:25,212 - DEBUG - Validated 117017 introns (of which unique intervals 44331) out of 656000 total possible introns (considering each possible transcript models).
2021-06-22 12:00:25,213 - DEBUG - Reading /research/peer/fdeckert/FD20200109SPLENO/data/BSA_0355_SM01_10x_SPLENO/OUT/COUNT/M6_control_Mac_transcriptome/cellsorted_possorted_genome_bam.bam
2021-06-22 12:00:25,239 - DEBUG - Read first 0 million reads
2021-06-22 12:00:54,720 - DEBUG - Counting for batch 1, containing 100 cells and 727351 reads
2021-06-22 12:01:31,767 - DEBUG - 58860 reads not considered because fully enclosed in repeat masked regions
2021-06-22 12:02:02,370 - DEBUG - Counting for batch 2, containing 100 cells and 667554 reads
2021-06-22 12:02:37,018 - DEBUG - 56974 reads not considered because fully enclosed in repeat masked regions
2021-06-22 12:03:04,023 - DEBUG - Counting for batch 3, containing 100 cells and 598828 reads
2021-06-22 12:03:35,421 - DEBUG - 50327 reads not considered because fully enclosed in repeat masked regions
2021-06-22 12:04:05,789 - DEBUG - Counting for batch 4, containing 100 cells and 657484 reads
2021-06-22 12:04:39,889 - DEBUG - 53729 reads not considered because fully enclosed in repeat masked regions
2021-06-22 12:05:07,686 - DEBUG - Counting for batch 5, containing 100 cells and 626937 reads
2021-06-22 12:05:40,123 - DEBUG - 54808 reads not considered because fully enclosed in repeat masked regions
2021-06-22 12:06:10,000 - DEBUG - Counting for batch 6, containing 100 cells and 701960 reads
2021-06-22 12:06:45,736 - DEBUG - 60322 reads not considered because fully enclosed in repeat masked regions
2021-06-22 12:06:57,892 - DEBUG - Read first 10 million reads
2021-06-22 12:07:14,041 - DEBUG - Counting for batch 7, containing 100 cells and 659767 reads
2021-06-22 12:07:48,213 - DEBUG - 57125 reads not considered because fully enclosed in repeat masked regions
2021-06-22 12:08:19,125 - DEBUG - Counting for batch 8, containing 100 cells and 718204 reads
2021-06-22 12:08:55,687 - DEBUG - 62209 reads not considered because fully enclosed in repeat masked regions
2021-06-22 12:09:27,496 - DEBUG - Counting for batch 9, containing 100 cells and 676678 reads
2021-06-22 12:10:02,809 - DEBUG - 57870 reads not considered because fully enclosed in repeat masked regions
2021-06-22 12:10:30,326 - DEBUG - Counting for batch 10, containing 100 cells and 610897 reads
2021-06-22 12:11:02,703 - DEBUG - 52509 reads not considered because fully enclosed in repeat masked regions
2021-06-22 12:11:30,346 - DEBUG - Counting for batch 11, containing 100 cells and 653292 reads
2021-06-22 12:12:04,109 - DEBUG - 57102 reads not considered because fully enclosed in repeat masked regions
2021-06-22 12:12:31,889 - DEBUG - Counting for batch 12, containing 100 cells and 665083 reads
2021-06-22 12:13:06,127 - DEBUG - 55770 reads not considered because fully enclosed in repeat masked regions
2021-06-22 12:13:36,039 - DEBUG - Counting for batch 13, containing 100 cells and 680071 reads
2021-06-22 12:14:11,582 - DEBUG - 56733 reads not considered because fully enclosed in repeat masked regions
2021-06-22 12:14:21,312 - DEBUG - Read first 20 million reads
2021-06-22 12:14:41,776 - DEBUG - Counting for batch 14, containing 100 cells and 732311 reads
2021-06-22 12:15:18,528 - DEBUG - 62695 reads not considered because fully enclosed in repeat masked regions
2021-06-22 12:15:49,060 - DEBUG - Counting for batch 15, containing 100 cells and 679585 reads
2021-06-22 12:16:24,129 - DEBUG - 57554 reads not considered because fully enclosed in repeat masked regions
2021-06-22 12:16:52,356 - DEBUG - Counting for batch 16, containing 100 cells and 629086 reads
2021-06-22 12:17:24,949 - DEBUG - 55599 reads not considered because fully enclosed in repeat masked regions
2021-06-22 12:17:54,620 - DEBUG - Counting for batch 17, containing 100 cells and 717363 reads
2021-06-22 12:18:31,261 - DEBUG - 61031 reads not considered because fully enclosed in repeat masked regions
2021-06-22 12:18:59,228 - DEBUG - Counting for batch 18, containing 100 cells and 619751 reads
2021-06-22 12:19:31,365 - DEBUG - 54244 reads not considered because fully enclosed in repeat masked regions
2021-06-22 12:20:00,577 - DEBUG - Counting for batch 19, containing 100 cells and 704427 reads
2021-06-22 12:20:36,389 - DEBUG - 63980 reads not considered because fully enclosed in repeat masked regions
2021-06-22 12:21:02,552 - DEBUG - Read first 30 million reads
2021-06-22 12:21:07,545 - DEBUG - Counting for batch 20, containing 100 cells and 712877 reads
2021-06-22 12:21:44,346 - DEBUG - 61306 reads not considered because fully enclosed in repeat masked regions
2021-06-22 12:22:13,146 - DEBUG - Counting for batch 21, containing 100 cells and 674986 reads
2021-06-22 12:22:48,413 - DEBUG - 59079 reads not considered because fully enclosed in repeat masked regions
2021-06-22 12:23:15,671 - DEBUG - Counting for batch 22, containing 100 cells and 607461 reads
2021-06-22 12:23:47,577 - DEBUG - 52690 reads not considered because fully enclosed in repeat masked regions
2021-06-22 12:24:14,902 - DEBUG - Counting for batch 23, containing 100 cells and 662419 reads
2021-06-22 12:24:48,653 - DEBUG - 57457 reads not considered because fully enclosed in repeat masked regions
2021-06-22 12:25:09,566 - DEBUG - Counting for batch 24, containing 64 cells and 354807 reads
2021-06-22 12:25:29,048 - DEBUG - 31251 reads not considered because fully enclosed in repeat masked regions
2021-06-22 12:25:33,876 - DEBUG - 608137 reads were skipped because no apropiate cell or umi barcode was found
2021-06-22 12:25:33,876 - DEBUG - Counting done!
2021-06-22 12:25:33,882 - DEBUG - Generating output file data/BSA_0355_SM01_10x_SPLENO/OUT/COUNT/M6_control_Mac_transcriptome/velocyto.loom
2021-06-22 12:25:33,882 - DEBUG - Collecting row attributes
2021-06-22 12:25:34,045 - DEBUG - Generating data table
2021-06-22 12:25:34,647 - DEBUG - Writing loom file
2021-06-22 12:25:36,508 - DEBUG - Creating converter from 5 to 3
2021-06-22 12:25:36,641 - DEBUG - Creating converter from 3 to 5
2021-06-22 12:25:42,295 - DEBUG - Terminated Succesfully!
