2021-06-08 12:29:57,778 - DEBUG - Using logic: ValidatedIntrons10X
2021-06-08 12:29:57,787 - INFO - Read 4151 cell barcodes from /research/peer/fdeckert/FD20200109SPLENO/data/BSA_0355_SM01_10x_SPLENO/OUT/COUNT/M8_control_Mac_transcriptome/filtered_feature_bc_matrix/barcodes.qc.tsv
2021-06-08 12:29:57,787 - DEBUG - Example of barcode: AAACCCAAGCCAGAGT and cell_id: qc:AAACCCAAGCCAGAGT-1_7
2021-06-08 12:29:57,804 - DEBUG - Peeking into /research/peer/fdeckert/FD20200109SPLENO/data/BSA_0355_SM01_10x_SPLENO/OUT/COUNT/M8_control_Mac_transcriptome/possorted_genome_bam.bam
2021-06-08 12:29:57,825 - WARNING - Not found cell and umi barcode in entry 64 of the bam file
2021-06-08 12:29:57,826 - WARNING - Not found cell and umi barcode in entry 73 of the bam file
2021-06-08 12:29:57,826 - WARNING - Not found cell and umi barcode in entry 124 of the bam file
2021-06-08 12:29:57,827 - WARNING - Not found cell and umi barcode in entry 160 of the bam file
2021-06-08 12:29:57,827 - WARNING - Not found cell and umi barcode in entry 287 of the bam file
2021-06-08 12:29:57,828 - WARNING - Not found cell and umi barcode in entry 335 of the bam file
2021-06-08 12:29:57,828 - WARNING - Not found cell and umi barcode in entry 410 of the bam file
2021-06-08 12:29:57,829 - WARNING - Not found cell and umi barcode in entry 443 of the bam file
2021-06-08 12:29:57,829 - WARNING - Not found cell and umi barcode in entry 494 of the bam file
2021-06-08 12:29:57,829 - WARNING - Not found cell and umi barcode in entry 505 of the bam file
2021-06-08 12:29:57,830 - WARNING - Not found cell and umi barcode in entry 571 of the bam file
2021-06-08 12:29:57,831 - WARNING - Not found cell and umi barcode in entry 612 of the bam file
2021-06-08 12:29:57,831 - WARNING - Not found cell and umi barcode in entry 670 of the bam file
2021-06-08 12:29:57,856 - INFO - Starting the sorting process of /research/peer/fdeckert/FD20200109SPLENO/data/BSA_0355_SM01_10x_SPLENO/OUT/COUNT/M8_control_Mac_transcriptome/possorted_genome_bam.bam the output will be at: /research/peer/fdeckert/FD20200109SPLENO/data/BSA_0355_SM01_10x_SPLENO/OUT/COUNT/M8_control_Mac_transcriptome/cellsorted_possorted_genome_bam.bam
2021-06-08 12:29:57,856 - INFO - Command being run is: samtools sort -l 7 -m 100M -t CB -O BAM -@ 10 -o /research/peer/fdeckert/FD20200109SPLENO/data/BSA_0355_SM01_10x_SPLENO/OUT/COUNT/M8_control_Mac_transcriptome/cellsorted_possorted_genome_bam.bam /research/peer/fdeckert/FD20200109SPLENO/data/BSA_0355_SM01_10x_SPLENO/OUT/COUNT/M8_control_Mac_transcriptome/possorted_genome_bam.bam
2021-06-08 12:29:57,857 - INFO - While the bam sorting happens do other things...
2021-06-08 12:29:57,857 - INFO - Load the annotation from /research/peer/fdeckert/FD20200109SPLENO/data/mm10/cellranger/Mus_musculus.GRCm38.93.filtered.gtf
2021-06-08 12:30:50,882 - DEBUG - Parsing Chromosome 1 strand - [line 0]
2021-06-08 12:30:56,978 - DEBUG - Done with 1- [line 55263]
2021-06-08 12:30:56,978 - DEBUG - Assigning indexes to genes
2021-06-08 12:30:57,071 - DEBUG - Seen 852 genes until now
2021-06-08 12:30:57,072 - DEBUG - Parsing Chromosome 1 strand + [line 55264]
2021-06-08 12:31:04,605 - DEBUG - Done with 1+ [line 108827]
2021-06-08 12:31:04,605 - DEBUG - Assigning indexes to genes
2021-06-08 12:31:04,719 - DEBUG - Seen 1744 genes until now
2021-06-08 12:31:04,719 - DEBUG - Parsing Chromosome 10 strand - [line 108828]
2021-06-08 12:31:08,786 - DEBUG - Done with 10- [line 148287]
2021-06-08 12:31:08,787 - DEBUG - Assigning indexes to genes
2021-06-08 12:31:08,811 - DEBUG - Seen 2492 genes until now
2021-06-08 12:31:08,811 - DEBUG - Parsing Chromosome 10 strand + [line 148288]
2021-06-08 12:31:10,528 - DEBUG - Done with 10+ [line 190661]
2021-06-08 12:31:10,529 - DEBUG - Assigning indexes to genes
2021-06-08 12:31:10,553 - DEBUG - Seen 3285 genes until now
2021-06-08 12:31:10,553 - DEBUG - Parsing Chromosome 11 strand - [line 190662]
2021-06-08 12:31:13,156 - DEBUG - Done with 11- [line 252011]
2021-06-08 12:31:13,156 - DEBUG - Assigning indexes to genes
2021-06-08 12:31:13,192 - DEBUG - Seen 4335 genes until now
2021-06-08 12:31:13,192 - DEBUG - Parsing Chromosome 11 strand + [line 252012]
2021-06-08 12:31:18,496 - DEBUG - Done with 11+ [line 314062]
2021-06-08 12:31:18,517 - DEBUG - Assigning indexes to genes
2021-06-08 12:31:18,617 - DEBUG - Seen 5320 genes until now
2021-06-08 12:31:18,617 - DEBUG - Parsing Chromosome 12 strand - [line 314063]
2021-06-08 12:31:21,234 - DEBUG - Done with 12- [line 338958]
2021-06-08 12:31:21,234 - DEBUG - Assigning indexes to genes
2021-06-08 12:31:21,311 - DEBUG - Seen 6056 genes until now
2021-06-08 12:31:21,311 - DEBUG - Parsing Chromosome 12 strand + [line 338959]
2021-06-08 12:31:24,882 - DEBUG - Done with 12+ [line 372787]
2021-06-08 12:31:24,882 - DEBUG - Assigning indexes to genes
2021-06-08 12:31:24,954 - DEBUG - Seen 6615 genes until now
2021-06-08 12:31:24,954 - DEBUG - Parsing Chromosome 13 strand - [line 372788]
2021-06-08 12:31:28,500 - DEBUG - Done with 13- [line 406792]
2021-06-08 12:31:28,500 - DEBUG - Assigning indexes to genes
2021-06-08 12:31:28,558 - DEBUG - Seen 7339 genes until now
2021-06-08 12:31:28,559 - DEBUG - Parsing Chromosome 13 strand + [line 406793]
2021-06-08 12:31:31,313 - DEBUG - Done with 13+ [line 433455]
2021-06-08 12:31:31,313 - DEBUG - Assigning indexes to genes
2021-06-08 12:31:31,386 - DEBUG - Seen 8023 genes until now
2021-06-08 12:31:31,386 - DEBUG - Parsing Chromosome 14 strand - [line 433456]
2021-06-08 12:31:34,017 - DEBUG - Done with 14- [line 469680]
2021-06-08 12:31:34,017 - DEBUG - Assigning indexes to genes
2021-06-08 12:31:34,047 - DEBUG - Seen 8704 genes until now
2021-06-08 12:31:34,047 - DEBUG - Parsing Chromosome 14 strand + [line 469681]
2021-06-08 12:31:35,340 - DEBUG - Done with 14+ [line 502857]
2021-06-08 12:31:35,341 - DEBUG - Assigning indexes to genes
2021-06-08 12:31:35,381 - DEBUG - Seen 9518 genes until now
2021-06-08 12:31:35,381 - DEBUG - Parsing Chromosome 15 strand - [line 502858]
2021-06-08 12:31:36,866 - DEBUG - Done with 15- [line 539049]
2021-06-08 12:31:36,866 - DEBUG - Assigning indexes to genes
2021-06-08 12:31:36,900 - DEBUG - Seen 10092 genes until now
2021-06-08 12:31:36,901 - DEBUG - Parsing Chromosome 15 strand + [line 539050]
2021-06-08 12:31:38,122 - DEBUG - Done with 15+ [line 569723]
2021-06-08 12:31:38,122 - DEBUG - Assigning indexes to genes
2021-06-08 12:31:38,144 - DEBUG - Seen 10616 genes until now
2021-06-08 12:31:38,144 - DEBUG - Parsing Chromosome 16 strand - [line 569724]
2021-06-08 12:31:39,908 - DEBUG - Done with 16- [line 596286]
2021-06-08 12:31:39,908 - DEBUG - Assigning indexes to genes
2021-06-08 12:31:39,967 - DEBUG - Seen 11093 genes until now
2021-06-08 12:31:39,967 - DEBUG - Parsing Chromosome 16 strand + [line 596287]
2021-06-08 12:31:45,359 - DEBUG - Done with 16+ [line 626571]
2021-06-08 12:31:45,360 - DEBUG - Assigning indexes to genes
2021-06-08 12:31:45,420 - DEBUG - Seen 11545 genes until now
2021-06-08 12:31:45,420 - DEBUG - Parsing Chromosome 17 strand - [line 626572]
2021-06-08 12:31:49,069 - DEBUG - Done with 17- [line 659846]
2021-06-08 12:31:49,070 - DEBUG - Assigning indexes to genes
2021-06-08 12:31:49,146 - DEBUG - Seen 12152 genes until now
2021-06-08 12:31:49,146 - DEBUG - Parsing Chromosome 17 strand + [line 659847]
2021-06-08 12:31:52,977 - DEBUG - Done with 17+ [line 696472]
2021-06-08 12:31:52,977 - DEBUG - Assigning indexes to genes
2021-06-08 12:31:53,029 - DEBUG - Seen 12800 genes until now
2021-06-08 12:31:53,030 - DEBUG - Parsing Chromosome 18 strand - [line 696473]
2021-06-08 12:31:54,137 - DEBUG - Done with 18- [line 709486]
2021-06-08 12:31:54,137 - DEBUG - Assigning indexes to genes
2021-06-08 12:31:54,142 - DEBUG - Seen 13059 genes until now
2021-06-08 12:31:54,142 - DEBUG - Parsing Chromosome 18 strand + [line 709487]
2021-06-08 12:31:55,070 - DEBUG - Done with 18+ [line 728027]
2021-06-08 12:31:55,071 - DEBUG - Assigning indexes to genes
2021-06-08 12:31:55,081 - DEBUG - Seen 13409 genes until now
2021-06-08 12:31:55,081 - DEBUG - Parsing Chromosome 19 strand - [line 728028]
2021-06-08 12:31:56,119 - DEBUG - Done with 19- [line 752316]
2021-06-08 12:31:56,120 - DEBUG - Assigning indexes to genes
2021-06-08 12:31:56,138 - DEBUG - Seen 13815 genes until now
2021-06-08 12:31:56,138 - DEBUG - Parsing Chromosome 19 strand + [line 752317]
2021-06-08 12:31:56,801 - DEBUG - Done with 19+ [line 773600]
2021-06-08 12:31:56,801 - DEBUG - Assigning indexes to genes
2021-06-08 12:31:56,814 - DEBUG - Seen 14224 genes until now
2021-06-08 12:31:56,814 - DEBUG - Parsing Chromosome 2 strand - [line 773601]
2021-06-08 12:31:59,867 - DEBUG - Done with 2- [line 848821]
2021-06-08 12:31:59,867 - DEBUG - Assigning indexes to genes
2021-06-08 12:32:01,487 - DEBUG - Seen 15398 genes until now
2021-06-08 12:32:01,487 - DEBUG - Parsing Chromosome 2 strand + [line 848822]
2021-06-08 12:32:08,674 - DEBUG - Done with 2+ [line 918704]
2021-06-08 12:32:08,674 - DEBUG - Assigning indexes to genes
2021-06-08 12:32:08,824 - DEBUG - Seen 16582 genes until now
2021-06-08 12:32:08,825 - DEBUG - Parsing Chromosome 3 strand - [line 918705]
2021-06-08 12:32:12,931 - DEBUG - Done with 3- [line 957202]
2021-06-08 12:32:12,932 - DEBUG - Assigning indexes to genes
2021-06-08 12:32:13,032 - DEBUG - Seen 17302 genes until now
2021-06-08 12:32:13,032 - DEBUG - Parsing Chromosome 3 strand + [line 957203]
2021-06-08 12:32:17,605 - DEBUG - Done with 3+ [line 1000138]
2021-06-08 12:32:17,605 - DEBUG - Assigning indexes to genes
2021-06-08 12:32:17,680 - DEBUG - Seen 18021 genes until now
2021-06-08 12:32:17,680 - DEBUG - Parsing Chromosome 4 strand - [line 1000139]
2021-06-08 12:32:20,025 - DEBUG - Done with 4- [line 1050727]
2021-06-08 12:32:20,026 - DEBUG - Assigning indexes to genes
2021-06-08 12:32:20,063 - DEBUG - Seen 18875 genes until now
2021-06-08 12:32:20,063 - DEBUG - Parsing Chromosome 4 strand + [line 1050728]
2021-06-08 12:32:21,829 - DEBUG - Done with 4+ [line 1099723]
2021-06-08 12:32:21,829 - DEBUG - Assigning indexes to genes
2021-06-08 12:32:21,851 - DEBUG - Seen 19731 genes until now
2021-06-08 12:32:21,851 - DEBUG - Parsing Chromosome 5 strand - [line 1099724]
2021-06-08 12:32:26,282 - DEBUG - Done with 5- [line 1157394]
2021-06-08 12:32:26,283 - DEBUG - Assigning indexes to genes
2021-06-08 12:32:26,385 - DEBUG - Seen 20622 genes until now
2021-06-08 12:32:26,385 - DEBUG - Parsing Chromosome 5 strand + [line 1157395]
2021-06-08 12:32:32,096 - DEBUG - Done with 5+ [line 1215626]
2021-06-08 12:32:32,097 - DEBUG - Assigning indexes to genes
2021-06-08 12:32:32,217 - DEBUG - Seen 21539 genes until now
2021-06-08 12:32:32,217 - DEBUG - Parsing Chromosome 6 strand - [line 1215627]
2021-06-08 12:32:36,695 - DEBUG - Done with 6- [line 1260326]
2021-06-08 12:32:36,696 - DEBUG - Assigning indexes to genes
2021-06-08 12:32:36,773 - DEBUG - Seen 22385 genes until now
2021-06-08 12:32:36,773 - DEBUG - Parsing Chromosome 6 strand + [line 1260327]
2021-06-08 12:32:41,532 - DEBUG - Done with 6+ [line 1307744]
2021-06-08 12:32:41,532 - DEBUG - Assigning indexes to genes
2021-06-08 12:32:41,636 - DEBUG - Seen 23304 genes until now
2021-06-08 12:32:41,636 - DEBUG - Parsing Chromosome 7 strand - [line 1307745]
2021-06-08 12:32:44,557 - DEBUG - Done with 7- [line 1379880]
2021-06-08 12:32:44,557 - DEBUG - Assigning indexes to genes
2021-06-08 12:32:44,598 - DEBUG - Seen 24656 genes until now
2021-06-08 12:32:44,599 - DEBUG - Parsing Chromosome 7 strand + [line 1379881]
2021-06-08 12:32:47,313 - DEBUG - Done with 7+ [line 1450335]
2021-06-08 12:32:47,313 - DEBUG - Assigning indexes to genes
2021-06-08 12:32:47,369 - DEBUG - Seen 25873 genes until now
2021-06-08 12:32:47,369 - DEBUG - Parsing Chromosome 8 strand - [line 1450336]
2021-06-08 12:32:52,179 - DEBUG - Done with 8- [line 1485523]
2021-06-08 12:32:52,179 - DEBUG - Assigning indexes to genes
2021-06-08 12:32:52,252 - DEBUG - Seen 26580 genes until now
2021-06-08 12:32:52,252 - DEBUG - Parsing Chromosome 8 strand + [line 1485524]
2021-06-08 12:32:56,950 - DEBUG - Done with 8+ [line 1531960]
2021-06-08 12:32:56,950 - DEBUG - Assigning indexes to genes
2021-06-08 12:32:57,036 - DEBUG - Seen 27398 genes until now
2021-06-08 12:32:57,036 - DEBUG - Parsing Chromosome 9 strand - [line 1531961]
2021-06-08 12:33:02,248 - DEBUG - Done with 9- [line 1583207]
2021-06-08 12:33:02,248 - DEBUG - Assigning indexes to genes
2021-06-08 12:33:02,351 - DEBUG - Seen 28230 genes until now
2021-06-08 12:33:02,351 - DEBUG - Parsing Chromosome 9 strand + [line 1583208]
2021-06-08 12:33:06,330 - DEBUG - Done with 9+ [line 1635954]
2021-06-08 12:33:06,331 - DEBUG - Assigning indexes to genes
2021-06-08 12:33:06,373 - DEBUG - Seen 29142 genes until now
2021-06-08 12:33:06,373 - DEBUG - Parsing Chromosome GL456210.1 strand - [line 1635955]
2021-06-08 12:33:06,373 - DEBUG - Done with GL456210.1- [line 1635981]
2021-06-08 12:33:06,373 - DEBUG - Assigning indexes to genes
2021-06-08 12:33:06,373 - DEBUG - Seen 29145 genes until now
2021-06-08 12:33:06,374 - DEBUG - Parsing Chromosome GL456210.1 strand + [line 1635982]
2021-06-08 12:33:06,374 - DEBUG - Done with GL456210.1+ [line 1635996]
2021-06-08 12:33:06,374 - DEBUG - Assigning indexes to genes
2021-06-08 12:33:06,374 - DEBUG - Seen 29147 genes until now
2021-06-08 12:33:06,374 - DEBUG - Parsing Chromosome GL456211.1 strand - [line 1635997]
2021-06-08 12:33:06,374 - DEBUG - Done with GL456211.1- [line 1636024]
2021-06-08 12:33:06,375 - DEBUG - Assigning indexes to genes
2021-06-08 12:33:06,375 - DEBUG - Seen 29151 genes until now
2021-06-08 12:33:06,375 - DEBUG - Parsing Chromosome GL456211.1 strand + [line 1636025]
2021-06-08 12:33:06,375 - DEBUG - Done with GL456211.1+ [line 1636050]
2021-06-08 12:33:06,375 - DEBUG - Assigning indexes to genes
2021-06-08 12:33:06,375 - DEBUG - Seen 29153 genes until now
2021-06-08 12:33:06,376 - DEBUG - Parsing Chromosome GL456212.1 strand - [line 1636051]
2021-06-08 12:33:06,376 - DEBUG - Done with GL456212.1- [line 1636086]
2021-06-08 12:33:06,377 - DEBUG - Assigning indexes to genes
2021-06-08 12:33:06,377 - DEBUG - Seen 29155 genes until now
2021-06-08 12:33:06,377 - DEBUG - Parsing Chromosome GL456216.1 strand + [line 1636087]
2021-06-08 12:33:06,377 - DEBUG - Done with GL456216.1+ [line 1636106]
2021-06-08 12:33:06,378 - DEBUG - Assigning indexes to genes
2021-06-08 12:33:06,378 - DEBUG - Seen 29156 genes until now
2021-06-08 12:33:06,378 - DEBUG - Parsing Chromosome GL456219.1 strand - [line 1636107]
2021-06-08 12:33:06,378 - DEBUG - Done with GL456219.1- [line 1636118]
2021-06-08 12:33:06,378 - DEBUG - Assigning indexes to genes
2021-06-08 12:33:06,379 - DEBUG - Seen 29158 genes until now
2021-06-08 12:33:06,379 - DEBUG - Parsing Chromosome GL456221.1 strand - [line 1636119]
2021-06-08 12:33:06,380 - DEBUG - Done with GL456221.1- [line 1636162]
2021-06-08 12:33:06,380 - DEBUG - Assigning indexes to genes
2021-06-08 12:33:06,380 - DEBUG - Seen 29162 genes until now
2021-06-08 12:33:06,380 - DEBUG - Parsing Chromosome GL456221.1 strand + [line 1636163]
2021-06-08 12:33:06,381 - DEBUG - Done with GL456221.1+ [line 1636181]
2021-06-08 12:33:06,381 - DEBUG - Assigning indexes to genes
2021-06-08 12:33:06,381 - DEBUG - Seen 29165 genes until now
2021-06-08 12:33:06,381 - DEBUG - Parsing Chromosome GL456233.1 strand - [line 1636182]
2021-06-08 12:33:06,382 - DEBUG - Done with GL456233.1- [line 1636213]
2021-06-08 12:33:06,382 - DEBUG - Assigning indexes to genes
2021-06-08 12:33:06,382 - DEBUG - Seen 29167 genes until now
2021-06-08 12:33:06,382 - DEBUG - Parsing Chromosome GL456233.1 strand + [line 1636214]
2021-06-08 12:33:06,383 - DEBUG - Done with GL456233.1+ [line 1636244]
2021-06-08 12:33:06,383 - DEBUG - Assigning indexes to genes
2021-06-08 12:33:06,383 - DEBUG - Seen 29169 genes until now
2021-06-08 12:33:06,384 - DEBUG - Parsing Chromosome GL456350.1 strand - [line 1636245]
2021-06-08 12:33:06,385 - DEBUG - Done with GL456350.1- [line 1636304]
2021-06-08 12:33:06,385 - DEBUG - Assigning indexes to genes
2021-06-08 12:33:06,385 - DEBUG - Seen 29174 genes until now
2021-06-08 12:33:06,385 - DEBUG - Parsing Chromosome GL456354.1 strand - [line 1636305]
2021-06-08 12:33:06,386 - DEBUG - Done with GL456354.1- [line 1636337]
2021-06-08 12:33:06,386 - DEBUG - Assigning indexes to genes
2021-06-08 12:33:06,387 - DEBUG - Seen 29177 genes until now
2021-06-08 12:33:06,387 - DEBUG - Parsing Chromosome GL456354.1 strand + [line 1636338]
2021-06-08 12:33:06,387 - DEBUG - Done with GL456354.1+ [line 1636357]
2021-06-08 12:33:06,387 - DEBUG - Assigning indexes to genes
2021-06-08 12:33:06,388 - DEBUG - Seen 29179 genes until now
2021-06-08 12:33:06,388 - DEBUG - Parsing Chromosome JH584292.1 strand + [line 1636358]
2021-06-08 12:33:06,389 - DEBUG - Done with JH584292.1+ [line 1636433]
2021-06-08 12:33:06,394 - DEBUG - Assigning indexes to genes
2021-06-08 12:33:06,394 - DEBUG - Seen 29180 genes until now
2021-06-08 12:33:06,394 - DEBUG - Parsing Chromosome JH584293.1 strand - [line 1636434]
2021-06-08 12:33:06,395 - DEBUG - Done with JH584293.1- [line 1636500]
2021-06-08 12:33:06,396 - DEBUG - Assigning indexes to genes
2021-06-08 12:33:06,396 - DEBUG - Seen 29186 genes until now
2021-06-08 12:33:06,396 - DEBUG - Parsing Chromosome JH584293.1 strand + [line 1636501]
2021-06-08 12:33:06,402 - DEBUG - Done with JH584293.1+ [line 1636542]
2021-06-08 12:33:06,402 - DEBUG - Assigning indexes to genes
2021-06-08 12:33:06,403 - DEBUG - Seen 29189 genes until now
2021-06-08 12:33:06,403 - DEBUG - Parsing Chromosome JH584294.1 strand - [line 1636543]
2021-06-08 12:33:06,404 - DEBUG - Done with JH584294.1- [line 1636607]
2021-06-08 12:33:06,410 - DEBUG - Assigning indexes to genes
2021-06-08 12:33:06,410 - DEBUG - Seen 29193 genes until now
2021-06-08 12:33:06,417 - DEBUG - Parsing Chromosome JH584294.1 strand + [line 1636608]
2021-06-08 12:33:06,418 - DEBUG - Done with JH584294.1+ [line 1636631]
2021-06-08 12:33:06,432 - DEBUG - Assigning indexes to genes
2021-06-08 12:33:06,433 - DEBUG - Seen 29195 genes until now
2021-06-08 12:33:06,433 - DEBUG - Parsing Chromosome JH584295.1 strand - [line 1636632]
2021-06-08 12:33:06,433 - DEBUG - Done with JH584295.1- [line 1636647]
2021-06-08 12:33:06,434 - DEBUG - Assigning indexes to genes
2021-06-08 12:33:06,434 - DEBUG - Seen 29196 genes until now
2021-06-08 12:33:06,434 - DEBUG - Parsing Chromosome JH584296.1 strand - [line 1636648]
2021-06-08 12:33:06,434 - DEBUG - Done with JH584296.1- [line 1636675]
2021-06-08 12:33:06,435 - DEBUG - Assigning indexes to genes
2021-06-08 12:33:06,435 - DEBUG - Seen 29199 genes until now
2021-06-08 12:33:06,435 - DEBUG - Parsing Chromosome JH584297.1 strand - [line 1636676]
2021-06-08 12:33:06,435 - DEBUG - Done with JH584297.1- [line 1636694]
2021-06-08 12:33:06,436 - DEBUG - Assigning indexes to genes
2021-06-08 12:33:06,436 - DEBUG - Seen 29201 genes until now
2021-06-08 12:33:06,436 - DEBUG - Parsing Chromosome JH584297.1 strand + [line 1636695]
2021-06-08 12:33:06,436 - DEBUG - Done with JH584297.1+ [line 1636703]
2021-06-08 12:33:06,436 - DEBUG - Assigning indexes to genes
2021-06-08 12:33:06,437 - DEBUG - Seen 29202 genes until now
2021-06-08 12:33:06,437 - DEBUG - Parsing Chromosome JH584298.1 strand - [line 1636704]
2021-06-08 12:33:06,437 - DEBUG - Done with JH584298.1- [line 1636714]
2021-06-08 12:33:06,437 - DEBUG - Assigning indexes to genes
2021-06-08 12:33:06,438 - DEBUG - Seen 29203 genes until now
2021-06-08 12:33:06,438 - DEBUG - Parsing Chromosome JH584298.1 strand + [line 1636715]
2021-06-08 12:33:06,438 - DEBUG - Done with JH584298.1+ [line 1636735]
2021-06-08 12:33:06,438 - DEBUG - Assigning indexes to genes
2021-06-08 12:33:06,439 - DEBUG - Seen 29205 genes until now
2021-06-08 12:33:06,439 - DEBUG - Parsing Chromosome JH584299.1 strand - [line 1636736]
2021-06-08 12:33:06,439 - DEBUG - Done with JH584299.1- [line 1636745]
2021-06-08 12:33:06,439 - DEBUG - Assigning indexes to genes
2021-06-08 12:33:06,439 - DEBUG - Seen 29206 genes until now
2021-06-08 12:33:06,439 - DEBUG - Parsing Chromosome JH584299.1 strand + [line 1636746]
2021-06-08 12:33:06,441 - DEBUG - Done with JH584299.1+ [line 1636857]
2021-06-08 12:33:06,442 - DEBUG - Assigning indexes to genes
2021-06-08 12:33:06,442 - DEBUG - Seen 29217 genes until now
2021-06-08 12:33:06,442 - DEBUG - Parsing Chromosome JH584303.1 strand + [line 1636858]
2021-06-08 12:33:06,442 - DEBUG - Done with JH584303.1+ [line 1636862]
2021-06-08 12:33:06,442 - DEBUG - Assigning indexes to genes
2021-06-08 12:33:06,443 - DEBUG - Seen 29218 genes until now
2021-06-08 12:33:06,443 - DEBUG - Parsing Chromosome JH584304.1 strand - [line 1636863]
2021-06-08 12:33:06,443 - DEBUG - Done with JH584304.1- [line 1636895]
2021-06-08 12:33:06,444 - DEBUG - Assigning indexes to genes
2021-06-08 12:33:06,444 - DEBUG - Seen 29219 genes until now
2021-06-08 12:33:06,444 - DEBUG - Parsing Chromosome MT strand - [line 1636896]
2021-06-08 12:33:06,444 - DEBUG - Done with MT- [line 1636901]
2021-06-08 12:33:06,444 - DEBUG - Assigning indexes to genes
2021-06-08 12:33:06,445 - DEBUG - Seen 29220 genes until now
2021-06-08 12:33:06,449 - DEBUG - Parsing Chromosome MT strand + [line 1636902]
2021-06-08 12:33:06,450 - DEBUG - Done with MT+ [line 1636970]
2021-06-08 12:33:06,450 - DEBUG - Assigning indexes to genes
2021-06-08 12:33:06,451 - DEBUG - Seen 29232 genes until now
2021-06-08 12:33:06,451 - DEBUG - Parsing Chromosome X strand - [line 1636971]
2021-06-08 12:33:07,410 - DEBUG - Done with X- [line 1663962]
2021-06-08 12:33:07,415 - DEBUG - Assigning indexes to genes
2021-06-08 12:33:07,429 - DEBUG - Seen 29755 genes until now
2021-06-08 12:33:07,429 - DEBUG - Parsing Chromosome X strand + [line 1663963]
2021-06-08 12:33:08,617 - DEBUG - Done with X+ [line 1694333]
2021-06-08 12:33:08,618 - DEBUG - Assigning indexes to genes
2021-06-08 12:33:08,639 - DEBUG - Seen 30320 genes until now
2021-06-08 12:33:08,639 - DEBUG - Parsing Chromosome Y strand - [line 1694334]
2021-06-08 12:33:08,857 - DEBUG - Done with Y- [line 1698842]
2021-06-08 12:33:08,857 - DEBUG - Assigning indexes to genes
2021-06-08 12:33:08,870 - DEBUG - Seen 30662 genes until now
2021-06-08 12:33:08,870 - DEBUG - Parsing Chromosome Y strand + [line 1698843]
2021-06-08 12:33:09,094 - DEBUG - Assigning indexes to genes
2021-06-08 12:33:09,098 - DEBUG - Done with Y+ [line 1704063]
2021-06-08 12:33:09,098 - DEBUG - Fixing corner cases of transcript models containg intron longer than 1000Kbp
2021-06-08 12:33:21,542 - DEBUG - Generated 1423079 features corresponding to 111079 transcript models from /research/peer/fdeckert/FD20200109SPLENO/data/mm10/cellranger/Mus_musculus.GRCm38.93.filtered.gtf
2021-06-08 12:33:21,667 - INFO - Load the repeat masking annotation from /research/peer/fdeckert/FD20200109SPLENO/data/mm10/mm10_rmsk.gtf
2021-06-08 12:33:21,667 - DEBUG - Reading /research/peer/fdeckert/FD20200109SPLENO/data/mm10/mm10_rmsk.gtf, the file will be sorted in memory
2021-06-08 12:39:32,158 - DEBUG - Processed masked annotation .gtf and generated 4252016 intervals to mask!
2021-06-08 12:39:34,382 - INFO - Scan /research/peer/fdeckert/FD20200109SPLENO/data/BSA_0355_SM01_10x_SPLENO/OUT/COUNT/M8_control_Mac_transcriptome/possorted_genome_bam.bam to validate intron intervals
2021-06-08 12:40:07,908 - DEBUG - Reading /research/peer/fdeckert/FD20200109SPLENO/data/BSA_0355_SM01_10x_SPLENO/OUT/COUNT/M8_control_Mac_transcriptome/possorted_genome_bam.bam
2021-06-08 12:40:07,941 - DEBUG - Read first 0 million reads
2021-06-08 12:40:07,988 - DEBUG - Marking up chromosome 1
2021-06-08 12:43:32,372 - DEBUG - Marking up chromosome 10
2021-06-08 12:46:08,344 - DEBUG - Marking up chromosome 11
2021-06-08 12:48:27,661 - DEBUG - Marking up chromosome 12
2021-06-08 12:48:45,517 - DEBUG - Marking up chromosome 13
2021-06-08 12:49:02,395 - DEBUG - Marking up chromosome 14
2021-06-08 12:49:20,857 - DEBUG - Marking up chromosome 15
2021-06-08 12:49:39,608 - DEBUG - Marking up chromosome 16
2021-06-08 12:49:54,560 - DEBUG - Marking up chromosome 17
2021-06-08 12:50:28,403 - DEBUG - Marking up chromosome 18
2021-06-08 12:50:44,880 - DEBUG - Marking up chromosome 19
2021-06-08 12:51:10,782 - DEBUG - Marking up chromosome 2
2021-06-08 12:51:19,973 - DEBUG - Read first 10 million reads
2021-06-08 12:51:49,816 - DEBUG - Marking up chromosome 3
2021-06-08 12:52:12,260 - DEBUG - Marking up chromosome 4
2021-06-08 12:52:38,276 - DEBUG - Marking up chromosome 5
2021-06-08 12:53:09,719 - DEBUG - Marking up chromosome 6
2021-06-08 12:53:34,435 - DEBUG - Marking up chromosome 7
2021-06-08 12:54:17,176 - DEBUG - Marking up chromosome 8
2021-06-08 12:54:37,574 - DEBUG - Marking up chromosome 9
2021-06-08 12:55:02,457 - DEBUG - Marking up chromosome MT
2021-06-08 12:55:07,025 - DEBUG - Marking up chromosome X
2021-06-08 12:55:26,915 - DEBUG - Marking up chromosome Y
2021-06-08 12:55:27,369 - DEBUG - Marking up chromosome JH584299.1
2021-06-08 12:55:27,370 - DEBUG - Marking up chromosome GL456233.1
2021-06-08 12:55:27,382 - DEBUG - Marking up chromosome GL456211.1
2021-06-08 12:55:27,390 - DEBUG - Marking up chromosome GL456221.1
2021-06-08 12:55:27,404 - DEBUG - Marking up chromosome JH584300.1
2021-06-08 12:55:27,405 - WARNING - The .bam file refers to a chromosome 'JH584300.1+' not present in the annotation (.gtf) file
2021-06-08 12:55:27,405 - WARNING - The .bam file refers to a chromosome 'JH584300.1-' not present in the annotation (.gtf) file
2021-06-08 12:55:27,443 - DEBUG - Marking up chromosome GL456219.1
2021-06-08 12:55:27,444 - WARNING - The .bam file refers to a chromosome 'GL456219.1+' not present in the annotation (.gtf) file
2021-06-08 12:55:27,444 - DEBUG - Marking up chromosome GL456210.1
2021-06-08 12:55:27,453 - DEBUG - Marking up chromosome GL456212.1
2021-06-08 12:55:27,453 - WARNING - The .bam file refers to a chromosome 'GL456212.1+' not present in the annotation (.gtf) file
2021-06-08 12:55:27,457 - DEBUG - Marking up chromosome JH584304.1
2021-06-08 12:55:27,457 - WARNING - The .bam file refers to a chromosome 'JH584304.1+' not present in the annotation (.gtf) file
2021-06-08 12:55:27,616 - DEBUG - Marking up chromosome GL456379.1
2021-06-08 12:55:27,617 - WARNING - The .bam file refers to a chromosome 'GL456379.1+' not present in the annotation (.gtf) file
2021-06-08 12:55:27,617 - WARNING - The .bam file refers to a chromosome 'GL456379.1-' not present in the annotation (.gtf) file
2021-06-08 12:55:27,619 - DEBUG - Marking up chromosome GL456216.1
2021-06-08 12:55:27,619 - WARNING - The .bam file refers to a chromosome 'GL456216.1-' not present in the annotation (.gtf) file
2021-06-08 12:55:27,638 - DEBUG - Marking up chromosome GL456393.1
2021-06-08 12:55:27,638 - WARNING - The .bam file refers to a chromosome 'GL456393.1+' not present in the annotation (.gtf) file
2021-06-08 12:55:27,638 - WARNING - The .bam file refers to a chromosome 'GL456393.1-' not present in the annotation (.gtf) file
2021-06-08 12:55:27,638 - DEBUG - Marking up chromosome GL456366.1
2021-06-08 12:55:27,638 - WARNING - The .bam file refers to a chromosome 'GL456366.1+' not present in the annotation (.gtf) file
2021-06-08 12:55:27,639 - WARNING - The .bam file refers to a chromosome 'GL456366.1-' not present in the annotation (.gtf) file
2021-06-08 12:55:27,639 - DEBUG - Marking up chromosome GL456367.1
2021-06-08 12:55:27,639 - WARNING - The .bam file refers to a chromosome 'GL456367.1+' not present in the annotation (.gtf) file
2021-06-08 12:55:27,639 - WARNING - The .bam file refers to a chromosome 'GL456367.1-' not present in the annotation (.gtf) file
2021-06-08 12:55:27,639 - DEBUG - Marking up chromosome GL456239.1
2021-06-08 12:55:27,639 - WARNING - The .bam file refers to a chromosome 'GL456239.1+' not present in the annotation (.gtf) file
2021-06-08 12:55:27,639 - WARNING - The .bam file refers to a chromosome 'GL456239.1-' not present in the annotation (.gtf) file
2021-06-08 12:55:27,640 - DEBUG - Marking up chromosome GL456378.1
2021-06-08 12:55:27,640 - WARNING - The .bam file refers to a chromosome 'GL456378.1+' not present in the annotation (.gtf) file
2021-06-08 12:55:27,640 - WARNING - The .bam file refers to a chromosome 'GL456378.1-' not present in the annotation (.gtf) file
2021-06-08 12:55:27,641 - DEBUG - Marking up chromosome GL456389.1
2021-06-08 12:55:27,641 - WARNING - The .bam file refers to a chromosome 'GL456389.1+' not present in the annotation (.gtf) file
2021-06-08 12:55:27,641 - WARNING - The .bam file refers to a chromosome 'GL456389.1-' not present in the annotation (.gtf) file
2021-06-08 12:55:27,642 - DEBUG - Marking up chromosome GL456372.1
2021-06-08 12:55:27,642 - WARNING - The .bam file refers to a chromosome 'GL456372.1+' not present in the annotation (.gtf) file
2021-06-08 12:55:27,642 - WARNING - The .bam file refers to a chromosome 'GL456372.1-' not present in the annotation (.gtf) file
2021-06-08 12:55:27,647 - DEBUG - Marking up chromosome GL456370.1
2021-06-08 12:55:27,647 - WARNING - The .bam file refers to a chromosome 'GL456370.1+' not present in the annotation (.gtf) file
2021-06-08 12:55:27,648 - WARNING - The .bam file refers to a chromosome 'GL456370.1-' not present in the annotation (.gtf) file
2021-06-08 12:55:27,652 - DEBUG - Marking up chromosome GL456390.1
2021-06-08 12:55:27,652 - WARNING - The .bam file refers to a chromosome 'GL456390.1+' not present in the annotation (.gtf) file
2021-06-08 12:55:27,652 - WARNING - The .bam file refers to a chromosome 'GL456390.1-' not present in the annotation (.gtf) file
2021-06-08 12:55:27,652 - DEBUG - Marking up chromosome GL456392.1
2021-06-08 12:55:27,653 - WARNING - The .bam file refers to a chromosome 'GL456392.1+' not present in the annotation (.gtf) file
2021-06-08 12:55:27,653 - WARNING - The .bam file refers to a chromosome 'GL456392.1-' not present in the annotation (.gtf) file
2021-06-08 12:55:27,653 - DEBUG - Marking up chromosome GL456382.1
2021-06-08 12:55:27,653 - WARNING - The .bam file refers to a chromosome 'GL456382.1+' not present in the annotation (.gtf) file
2021-06-08 12:55:27,653 - WARNING - The .bam file refers to a chromosome 'GL456382.1-' not present in the annotation (.gtf) file
2021-06-08 12:55:27,697 - DEBUG - Marking up chromosome JH584295.1
2021-06-08 12:55:27,697 - WARNING - The .bam file refers to a chromosome 'JH584295.1+' not present in the annotation (.gtf) file
2021-06-08 12:55:28,662 - DEBUG - Read first 20 million reads
2021-06-08 12:55:48,693 - DEBUG - End of file. Reset index: start scanning from initial position.
2021-06-08 12:55:48,694 - DEBUG - 444607 reads were skipped because no apropiate cell or umi barcode was found
2021-06-08 12:55:48,694 - INFO - Now just waiting that the bam sorting process terminates
2021-06-08 12:55:48,694 - INFO - bam file #0 has been sorted
2021-06-08 12:55:48,694 - DEBUG - Start molecule counting!
2021-06-08 12:55:55,719 - DEBUG - Features available for chromosomes : ['1-', '1+', '10-', '10+', '11-', '11+', '12-', '12+', '13-', '13+', '14-', '14+', '15-', '15+', '16-', '16+', '17-', '17+', '18-', '18+', '19-', '19+', '2-', '2+', '3-', '3+', '4-', '4+', '5-', '5+', '6-', '6+', '7-', '7+', '8-', '8+', '9-', '9+', 'GL456210.1-', 'GL456210.1+', 'GL456211.1-', 'GL456211.1+', 'GL456212.1-', 'GL456216.1+', 'GL456219.1-', 'GL456221.1-', 'GL456221.1+', 'GL456233.1-', 'GL456233.1+', 'GL456350.1-', 'GL456354.1-', 'GL456354.1+', 'JH584292.1+', 'JH584293.1-', 'JH584293.1+', 'JH584294.1-', 'JH584294.1+', 'JH584295.1-', 'JH584296.1-', 'JH584297.1-', 'JH584297.1+', 'JH584298.1-', 'JH584298.1+', 'JH584299.1-', 'JH584299.1+', 'JH584303.1+', 'JH584304.1-', 'MT-', 'MT+', 'X-', 'X+', 'Y-', 'Y+']
2021-06-08 12:55:55,719 - DEBUG - Mask available for chromosomes : ['1-', '1+', '10-', '10+', '11-', '11+', '12-', '12+', '13-', '13+', '14-', '14+', '15-', '15+', '16-', '16+', '17-', '17+', '18-', '18+', '19-', '19+', '1_GL456210_random-', '1_GL456210_random+', '1_GL456211_random-', '1_GL456211_random+', '1_GL456212_random-', '1_GL456212_random+', '1_GL456213_random-', '1_GL456213_random+', '1_GL456221_random-', '1_GL456221_random+', '2-', '2+', '3-', '3+', '4-', '4+', '4_GL456216_random-', '4_GL456216_random+', '4_GL456350_random-', '4_GL456350_random+', '4_JH584292_random-', '4_JH584292_random+', '4_JH584293_random-', '4_JH584293_random+', '4_JH584294_random-', '4_JH584294_random+', '4_JH584295_random+', '5-', '5+', '5_GL456354_random-', '5_GL456354_random+', '5_JH584296_random-', '5_JH584296_random+', '5_JH584297_random-', '5_JH584297_random+', '5_JH584298_random-', '5_JH584298_random+', '5_JH584299_random-', '5_JH584299_random+', '6-', '6+', '7-', '7+', '7_GL456219_random-', '7_GL456219_random+', '8-', '8+', '9-', '9+', 'M-', 'M+', 'Un_GL456239-', 'Un_GL456239+', 'Un_GL456359-', 'Un_GL456359+', 'Un_GL456360-', 'Un_GL456360+', 'Un_GL456366-', 'Un_GL456366+', 'Un_GL456367-', 'Un_GL456367+', 'Un_GL456368-', 'Un_GL456368+', 'Un_GL456370+', 'Un_GL456372-', 'Un_GL456372+', 'Un_GL456378-', 'Un_GL456378+', 'Un_GL456379-', 'Un_GL456379+', 'Un_GL456381-', 'Un_GL456381+', 'Un_GL456382-', 'Un_GL456382+', 'Un_GL456383-', 'Un_GL456383+', 'Un_GL456385-', 'Un_GL456385+', 'Un_GL456387-', 'Un_GL456387+', 'Un_GL456389-', 'Un_GL456389+', 'Un_GL456390-', 'Un_GL456390+', 'Un_GL456392-', 'Un_GL456392+', 'Un_GL456393-', 'Un_GL456393+', 'Un_GL456394-', 'Un_GL456394+', 'Un_GL456396-', 'Un_GL456396+', 'Un_JH584304-', 'Un_JH584304+', 'X-', 'X+', 'X_GL456233_random-', 'X_GL456233_random+', 'Y-', 'Y+', 'Y_JH584300_random-', 'Y_JH584300_random+', 'Y_JH584301_random-', 'Y_JH584301_random+', 'Y_JH584302_random-', 'Y_JH584302_random+', 'Y_JH584303_random-']
2021-06-08 12:55:55,719 - DEBUG - Summarizing the results of intron validation.
2021-06-08 12:55:56,253 - DEBUG - Validated 104027 introns (of which unique intervals 39462) out of 656000 total possible introns (considering each possible transcript models).
2021-06-08 12:55:56,254 - DEBUG - Reading /research/peer/fdeckert/FD20200109SPLENO/data/BSA_0355_SM01_10x_SPLENO/OUT/COUNT/M8_control_Mac_transcriptome/cellsorted_possorted_genome_bam.bam
2021-06-08 12:55:56,278 - DEBUG - Read first 0 million reads
2021-06-08 12:56:16,928 - DEBUG - Counting for batch 1, containing 100 cells and 274699 reads
2021-06-08 12:56:40,502 - DEBUG - 22404 reads not considered because fully enclosed in repeat masked regions
2021-06-08 12:56:56,859 - DEBUG - Counting for batch 2, containing 100 cells and 257242 reads
2021-06-08 12:57:19,553 - DEBUG - 21604 reads not considered because fully enclosed in repeat masked regions
2021-06-08 12:57:37,169 - DEBUG - Counting for batch 3, containing 100 cells and 290453 reads
2021-06-08 12:58:01,490 - DEBUG - 23985 reads not considered because fully enclosed in repeat masked regions
2021-06-08 12:58:19,222 - DEBUG - Counting for batch 4, containing 100 cells and 250106 reads
2021-06-08 12:58:41,605 - DEBUG - 20562 reads not considered because fully enclosed in repeat masked regions
2021-06-08 12:58:57,499 - DEBUG - Counting for batch 5, containing 100 cells and 254694 reads
2021-06-08 12:59:20,135 - DEBUG - 20645 reads not considered because fully enclosed in repeat masked regions
2021-06-08 12:59:36,445 - DEBUG - Counting for batch 6, containing 100 cells and 260391 reads
2021-06-08 12:59:59,091 - DEBUG - 21827 reads not considered because fully enclosed in repeat masked regions
2021-06-08 13:00:15,465 - DEBUG - Counting for batch 7, containing 100 cells and 263560 reads
2021-06-08 13:00:38,591 - DEBUG - 21145 reads not considered because fully enclosed in repeat masked regions
2021-06-08 13:00:56,264 - DEBUG - Counting for batch 8, containing 100 cells and 258092 reads
2021-06-08 13:01:19,313 - DEBUG - 20905 reads not considered because fully enclosed in repeat masked regions
2021-06-08 13:01:35,797 - DEBUG - Counting for batch 9, containing 100 cells and 255795 reads
2021-06-08 13:01:58,418 - DEBUG - 20956 reads not considered because fully enclosed in repeat masked regions
2021-06-08 13:02:14,819 - DEBUG - Counting for batch 10, containing 100 cells and 254986 reads
2021-06-08 13:02:37,461 - DEBUG - 21171 reads not considered because fully enclosed in repeat masked regions
2021-06-08 13:02:53,761 - DEBUG - Counting for batch 11, containing 100 cells and 256425 reads
2021-06-08 13:03:16,137 - DEBUG - 22177 reads not considered because fully enclosed in repeat masked regions
2021-06-08 13:03:33,997 - DEBUG - Counting for batch 12, containing 100 cells and 300859 reads
2021-06-08 13:03:58,932 - DEBUG - 25006 reads not considered because fully enclosed in repeat masked regions
2021-06-08 13:04:17,357 - DEBUG - Counting for batch 13, containing 100 cells and 255575 reads
2021-06-08 13:04:40,058 - DEBUG - 21498 reads not considered because fully enclosed in repeat masked regions
2021-06-08 13:04:56,286 - DEBUG - Counting for batch 14, containing 100 cells and 248502 reads
2021-06-08 13:05:18,419 - DEBUG - 20668 reads not considered because fully enclosed in repeat masked regions
2021-06-08 13:05:35,340 - DEBUG - Counting for batch 15, containing 100 cells and 283727 reads
2021-06-08 13:05:59,425 - DEBUG - 23205 reads not considered because fully enclosed in repeat masked regions
2021-06-08 13:06:10,902 - DEBUG - Read first 10 million reads
2021-06-08 13:06:19,066 - DEBUG - Counting for batch 16, containing 100 cells and 278970 reads
2021-06-08 13:06:42,945 - DEBUG - 22176 reads not considered because fully enclosed in repeat masked regions
2021-06-08 13:06:59,314 - DEBUG - Counting for batch 17, containing 100 cells and 240448 reads
2021-06-08 13:07:21,061 - DEBUG - 19984 reads not considered because fully enclosed in repeat masked regions
2021-06-08 13:07:36,547 - DEBUG - Counting for batch 18, containing 100 cells and 247024 reads
2021-06-08 13:07:58,431 - DEBUG - 21684 reads not considered because fully enclosed in repeat masked regions
2021-06-08 13:08:14,167 - DEBUG - Counting for batch 19, containing 100 cells and 253776 reads
2021-06-08 13:08:36,661 - DEBUG - 21525 reads not considered because fully enclosed in repeat masked regions
2021-06-08 13:08:52,833 - DEBUG - Counting for batch 20, containing 100 cells and 255260 reads
2021-06-08 13:09:15,171 - DEBUG - 20386 reads not considered because fully enclosed in repeat masked regions
2021-06-08 13:09:33,623 - DEBUG - Counting for batch 21, containing 100 cells and 267914 reads
2021-06-08 13:09:56,852 - DEBUG - 21827 reads not considered because fully enclosed in repeat masked regions
2021-06-08 13:10:14,205 - DEBUG - Counting for batch 22, containing 100 cells and 277853 reads
2021-06-08 13:10:38,072 - DEBUG - 22489 reads not considered because fully enclosed in repeat masked regions
2021-06-08 13:10:55,710 - DEBUG - Counting for batch 23, containing 100 cells and 273514 reads
2021-06-08 13:11:19,125 - DEBUG - 22960 reads not considered because fully enclosed in repeat masked regions
2021-06-08 13:11:36,523 - DEBUG - Counting for batch 24, containing 100 cells and 279347 reads
2021-06-08 13:12:00,386 - DEBUG - 22625 reads not considered because fully enclosed in repeat masked regions
2021-06-08 13:12:17,539 - DEBUG - Counting for batch 25, containing 100 cells and 229777 reads
2021-06-08 13:12:38,632 - DEBUG - 19498 reads not considered because fully enclosed in repeat masked regions
2021-06-08 13:12:54,460 - DEBUG - Counting for batch 26, containing 100 cells and 267246 reads
2021-06-08 13:13:17,571 - DEBUG - 21809 reads not considered because fully enclosed in repeat masked regions
2021-06-08 13:13:34,612 - DEBUG - Counting for batch 27, containing 100 cells and 272444 reads
2021-06-08 13:13:57,820 - DEBUG - 22596 reads not considered because fully enclosed in repeat masked regions
2021-06-08 13:14:15,471 - DEBUG - Counting for batch 28, containing 100 cells and 231873 reads
2021-06-08 13:14:34,621 - DEBUG - 19271 reads not considered because fully enclosed in repeat masked regions
2021-06-08 13:14:51,806 - DEBUG - Counting for batch 29, containing 100 cells and 256369 reads
2021-06-08 13:15:14,453 - DEBUG - 21601 reads not considered because fully enclosed in repeat masked regions
2021-06-08 13:15:31,396 - DEBUG - Counting for batch 30, containing 100 cells and 277889 reads
2021-06-08 13:15:55,189 - DEBUG - 22956 reads not considered because fully enclosed in repeat masked regions
2021-06-08 13:16:12,510 - DEBUG - Counting for batch 31, containing 100 cells and 274261 reads
2021-06-08 13:16:37,970 - DEBUG - 22553 reads not considered because fully enclosed in repeat masked regions
2021-06-08 13:16:54,872 - DEBUG - Counting for batch 32, containing 100 cells and 249714 reads
2021-06-08 13:17:17,111 - DEBUG - 21403 reads not considered because fully enclosed in repeat masked regions
2021-06-08 13:17:25,687 - DEBUG - Read first 20 million reads
2021-06-08 13:17:33,083 - DEBUG - Counting for batch 33, containing 100 cells and 258377 reads
2021-06-08 13:17:56,003 - DEBUG - 21717 reads not considered because fully enclosed in repeat masked regions
2021-06-08 13:18:13,229 - DEBUG - Counting for batch 34, containing 100 cells and 278326 reads
2021-06-08 13:18:37,263 - DEBUG - 22079 reads not considered because fully enclosed in repeat masked regions
2021-06-08 13:18:53,562 - DEBUG - Counting for batch 35, containing 100 cells and 230922 reads
2021-06-08 13:19:14,540 - DEBUG - 19075 reads not considered because fully enclosed in repeat masked regions
2021-06-08 13:19:30,496 - DEBUG - Counting for batch 36, containing 100 cells and 260179 reads
2021-06-08 13:19:53,263 - DEBUG - 21745 reads not considered because fully enclosed in repeat masked regions
2021-06-08 13:20:09,294 - DEBUG - Counting for batch 37, containing 100 cells and 240076 reads
2021-06-08 13:20:30,718 - DEBUG - 19788 reads not considered because fully enclosed in repeat masked regions
2021-06-08 13:20:47,846 - DEBUG - Counting for batch 38, containing 100 cells and 242023 reads
2021-06-08 13:21:09,641 - DEBUG - 19142 reads not considered because fully enclosed in repeat masked regions
2021-06-08 13:21:25,061 - DEBUG - Counting for batch 39, containing 100 cells and 251422 reads
2021-06-08 13:21:47,343 - DEBUG - 20430 reads not considered because fully enclosed in repeat masked regions
2021-06-08 13:22:02,849 - DEBUG - Counting for batch 40, containing 100 cells and 241130 reads
2021-06-08 13:22:24,579 - DEBUG - 20161 reads not considered because fully enclosed in repeat masked regions
2021-06-08 13:22:40,261 - DEBUG - Counting for batch 41, containing 100 cells and 251672 reads
2021-06-08 13:23:02,470 - DEBUG - 20193 reads not considered because fully enclosed in repeat masked regions
2021-06-08 13:23:13,421 - DEBUG - Counting for batch 42, containing 51 cells and 125878 reads
2021-06-08 13:23:27,887 - DEBUG - 10973 reads not considered because fully enclosed in repeat masked regions
2021-06-08 13:23:30,645 - DEBUG - 444607 reads were skipped because no apropiate cell or umi barcode was found
2021-06-08 13:23:30,645 - DEBUG - Counting done!
2021-06-08 13:23:30,654 - DEBUG - Generating output file data/BSA_0355_SM01_10x_SPLENO/OUT/COUNT/M8_control_Mac_transcriptome/qc.loom
2021-06-08 13:23:30,654 - DEBUG - Collecting row attributes
2021-06-08 13:23:30,795 - DEBUG - Generating data table
2021-06-08 13:23:32,210 - DEBUG - Writing loom file
2021-06-08 13:23:34,475 - DEBUG - Creating converter from 5 to 3
2021-06-08 13:23:34,749 - DEBUG - Creating converter from 3 to 5
2021-06-08 13:23:46,685 - DEBUG - Terminated Succesfully!
