2021-06-22 11:50:11,074 - DEBUG - Using logic: ValidatedIntrons10X
2021-06-22 11:50:11,270 - INFO - Read 1301 cell barcodes from /research/peer/fdeckert/FD20200109SPLENO/data/BSA_0355_SM01_10x_SPLENO/OUT/COUNT/M6_control_Prog_transcriptome/filtered_feature_bc_matrix/barcodes.qc.tsv
2021-06-22 11:50:11,271 - DEBUG - Example of barcode: AAACCCACACCAACAT and cell_id: velocyto:AAACCCACACCAACAT-1_6
2021-06-22 11:50:11,289 - DEBUG - Peeking into /research/peer/fdeckert/FD20200109SPLENO/data/BSA_0355_SM01_10x_SPLENO/OUT/COUNT/M6_control_Prog_transcriptome/possorted_genome_bam.bam
2021-06-22 11:50:11,365 - WARNING - Not found cell and umi barcode in entry 44 of the bam file
2021-06-22 11:50:11,366 - WARNING - Not found cell and umi barcode in entry 75 of the bam file
2021-06-22 11:50:11,366 - WARNING - Not found cell and umi barcode in entry 149 of the bam file
2021-06-22 11:50:11,367 - WARNING - Not found cell and umi barcode in entry 247 of the bam file
2021-06-22 11:50:11,367 - WARNING - Not found cell and umi barcode in entry 248 of the bam file
2021-06-22 11:50:11,375 - WARNING - Not found cell and umi barcode in entry 379 of the bam file
2021-06-22 11:50:11,377 - WARNING - Not found cell and umi barcode in entry 536 of the bam file
2021-06-22 11:50:11,377 - WARNING - Not found cell and umi barcode in entry 537 of the bam file
2021-06-22 11:50:11,377 - WARNING - Not found cell and umi barcode in entry 538 of the bam file
2021-06-22 11:50:11,377 - WARNING - Not found cell and umi barcode in entry 539 of the bam file
2021-06-22 11:50:11,377 - WARNING - Not found cell and umi barcode in entry 540 of the bam file
2021-06-22 11:50:11,410 - WARNING - Not found cell and umi barcode in entry 729 of the bam file
2021-06-22 11:50:11,411 - WARNING - Not found cell and umi barcode in entry 846 of the bam file
2021-06-22 11:50:11,411 - WARNING - Not found cell and umi barcode in entry 852 of the bam file
2021-06-22 11:50:11,420 - WARNING - Not found cell and umi barcode in entry 925 of the bam file
2021-06-22 11:50:11,421 - WARNING - Not found cell and umi barcode in entry 938 of the bam file
2021-06-22 11:50:11,421 - WARNING - Not found cell and umi barcode in entry 1011 of the bam file
2021-06-22 11:50:11,421 - WARNING - Not found cell and umi barcode in entry 1012 of the bam file
2021-06-22 11:50:12,400 - WARNING - The file /research/peer/fdeckert/FD20200109SPLENO/data/BSA_0355_SM01_10x_SPLENO/OUT/COUNT/M6_control_Prog_transcriptome/cellsorted_possorted_genome_bam.bam already exists. The sorting step will be skipped and the existing file will be used.
2021-06-22 11:50:12,400 - INFO - Load the annotation from /research/peer/fdeckert/FD20200109SPLENO/data/mm10/cellranger/Mus_musculus.GRCm38.93.filtered.gtf
2021-06-22 11:50:20,874 - DEBUG - Parsing Chromosome 1 strand - [line 0]
2021-06-22 11:50:21,725 - DEBUG - Done with 1- [line 55263]
2021-06-22 11:50:21,725 - DEBUG - Assigning indexes to genes
2021-06-22 11:50:21,734 - DEBUG - Seen 852 genes until now
2021-06-22 11:50:21,734 - DEBUG - Parsing Chromosome 1 strand + [line 55264]
2021-06-22 11:50:22,448 - DEBUG - Done with 1+ [line 108827]
2021-06-22 11:50:22,448 - DEBUG - Assigning indexes to genes
2021-06-22 11:50:22,458 - DEBUG - Seen 1744 genes until now
2021-06-22 11:50:22,458 - DEBUG - Parsing Chromosome 10 strand - [line 108828]
2021-06-22 11:50:22,875 - DEBUG - Done with 10- [line 148287]
2021-06-22 11:50:22,875 - DEBUG - Assigning indexes to genes
2021-06-22 11:50:22,882 - DEBUG - Seen 2492 genes until now
2021-06-22 11:50:22,882 - DEBUG - Parsing Chromosome 10 strand + [line 148288]
2021-06-22 11:50:23,322 - DEBUG - Done with 10+ [line 190661]
2021-06-22 11:50:23,322 - DEBUG - Assigning indexes to genes
2021-06-22 11:50:23,329 - DEBUG - Seen 3285 genes until now
2021-06-22 11:50:23,329 - DEBUG - Parsing Chromosome 11 strand - [line 190662]
2021-06-22 11:50:24,162 - DEBUG - Done with 11- [line 252011]
2021-06-22 11:50:24,162 - DEBUG - Assigning indexes to genes
2021-06-22 11:50:24,172 - DEBUG - Seen 4335 genes until now
2021-06-22 11:50:24,173 - DEBUG - Parsing Chromosome 11 strand + [line 252012]
2021-06-22 11:50:25,019 - DEBUG - Done with 11+ [line 314062]
2021-06-22 11:50:25,019 - DEBUG - Assigning indexes to genes
2021-06-22 11:50:25,030 - DEBUG - Seen 5320 genes until now
2021-06-22 11:50:25,030 - DEBUG - Parsing Chromosome 12 strand - [line 314063]
2021-06-22 11:50:25,288 - DEBUG - Done with 12- [line 338958]
2021-06-22 11:50:25,289 - DEBUG - Assigning indexes to genes
2021-06-22 11:50:25,294 - DEBUG - Seen 6056 genes until now
2021-06-22 11:50:25,294 - DEBUG - Parsing Chromosome 12 strand + [line 338959]
2021-06-22 11:50:25,650 - DEBUG - Done with 12+ [line 372787]
2021-06-22 11:50:25,650 - DEBUG - Assigning indexes to genes
2021-06-22 11:50:25,656 - DEBUG - Seen 6615 genes until now
2021-06-22 11:50:25,656 - DEBUG - Parsing Chromosome 13 strand - [line 372788]
2021-06-22 11:50:26,009 - DEBUG - Done with 13- [line 406792]
2021-06-22 11:50:26,009 - DEBUG - Assigning indexes to genes
2021-06-22 11:50:26,015 - DEBUG - Seen 7339 genes until now
2021-06-22 11:50:26,015 - DEBUG - Parsing Chromosome 13 strand + [line 406793]
2021-06-22 11:50:26,288 - DEBUG - Done with 13+ [line 433455]
2021-06-22 11:50:26,289 - DEBUG - Assigning indexes to genes
2021-06-22 11:50:26,295 - DEBUG - Seen 8023 genes until now
2021-06-22 11:50:26,295 - DEBUG - Parsing Chromosome 14 strand - [line 433456]
2021-06-22 11:50:26,911 - DEBUG - Done with 14- [line 469680]
2021-06-22 11:50:26,911 - DEBUG - Assigning indexes to genes
2021-06-22 11:50:26,917 - DEBUG - Seen 8704 genes until now
2021-06-22 11:50:26,917 - DEBUG - Parsing Chromosome 14 strand + [line 469681]
2021-06-22 11:50:27,257 - DEBUG - Done with 14+ [line 502857]
2021-06-22 11:50:27,257 - DEBUG - Assigning indexes to genes
2021-06-22 11:50:27,263 - DEBUG - Seen 9518 genes until now
2021-06-22 11:50:27,263 - DEBUG - Parsing Chromosome 15 strand - [line 502858]
2021-06-22 11:50:27,643 - DEBUG - Done with 15- [line 539049]
2021-06-22 11:50:27,643 - DEBUG - Assigning indexes to genes
2021-06-22 11:50:27,649 - DEBUG - Seen 10092 genes until now
2021-06-22 11:50:27,649 - DEBUG - Parsing Chromosome 15 strand + [line 539050]
2021-06-22 11:50:27,968 - DEBUG - Done with 15+ [line 569723]
2021-06-22 11:50:27,968 - DEBUG - Assigning indexes to genes
2021-06-22 11:50:27,975 - DEBUG - Seen 10616 genes until now
2021-06-22 11:50:27,975 - DEBUG - Parsing Chromosome 16 strand - [line 569724]
2021-06-22 11:50:28,252 - DEBUG - Done with 16- [line 596286]
2021-06-22 11:50:28,252 - DEBUG - Assigning indexes to genes
2021-06-22 11:50:28,257 - DEBUG - Seen 11093 genes until now
2021-06-22 11:50:28,257 - DEBUG - Parsing Chromosome 16 strand + [line 596287]
2021-06-22 11:50:28,843 - DEBUG - Done with 16+ [line 626571]
2021-06-22 11:50:28,844 - DEBUG - Assigning indexes to genes
2021-06-22 11:50:28,849 - DEBUG - Seen 11545 genes until now
2021-06-22 11:50:28,849 - DEBUG - Parsing Chromosome 17 strand - [line 626572]
2021-06-22 11:50:29,191 - DEBUG - Done with 17- [line 659846]
2021-06-22 11:50:29,191 - DEBUG - Assigning indexes to genes
2021-06-22 11:50:29,197 - DEBUG - Seen 12152 genes until now
2021-06-22 11:50:29,197 - DEBUG - Parsing Chromosome 17 strand + [line 659847]
2021-06-22 11:50:29,569 - DEBUG - Done with 17+ [line 696472]
2021-06-22 11:50:29,570 - DEBUG - Assigning indexes to genes
2021-06-22 11:50:29,576 - DEBUG - Seen 12800 genes until now
2021-06-22 11:50:29,576 - DEBUG - Parsing Chromosome 18 strand - [line 696473]
2021-06-22 11:50:29,708 - DEBUG - Done with 18- [line 709486]
2021-06-22 11:50:29,708 - DEBUG - Assigning indexes to genes
2021-06-22 11:50:29,710 - DEBUG - Seen 13059 genes until now
2021-06-22 11:50:29,710 - DEBUG - Parsing Chromosome 18 strand + [line 709487]
2021-06-22 11:50:29,892 - DEBUG - Done with 18+ [line 728027]
2021-06-22 11:50:29,892 - DEBUG - Assigning indexes to genes
2021-06-22 11:50:29,895 - DEBUG - Seen 13409 genes until now
2021-06-22 11:50:29,895 - DEBUG - Parsing Chromosome 19 strand - [line 728028]
2021-06-22 11:50:30,143 - DEBUG - Done with 19- [line 752316]
2021-06-22 11:50:30,143 - DEBUG - Assigning indexes to genes
2021-06-22 11:50:30,146 - DEBUG - Seen 13815 genes until now
2021-06-22 11:50:30,147 - DEBUG - Parsing Chromosome 19 strand + [line 752317]
2021-06-22 11:50:30,358 - DEBUG - Done with 19+ [line 773600]
2021-06-22 11:50:30,358 - DEBUG - Assigning indexes to genes
2021-06-22 11:50:30,361 - DEBUG - Seen 14224 genes until now
2021-06-22 11:50:30,362 - DEBUG - Parsing Chromosome 2 strand - [line 773601]
2021-06-22 11:50:31,146 - DEBUG - Done with 2- [line 848821]
2021-06-22 11:50:31,146 - DEBUG - Assigning indexes to genes
2021-06-22 11:50:31,474 - DEBUG - Seen 15398 genes until now
2021-06-22 11:50:31,474 - DEBUG - Parsing Chromosome 2 strand + [line 848822]
2021-06-22 11:50:32,198 - DEBUG - Done with 2+ [line 918704]
2021-06-22 11:50:32,198 - DEBUG - Assigning indexes to genes
2021-06-22 11:50:32,211 - DEBUG - Seen 16582 genes until now
2021-06-22 11:50:32,211 - DEBUG - Parsing Chromosome 3 strand - [line 918705]
2021-06-22 11:50:32,602 - DEBUG - Done with 3- [line 957202]
2021-06-22 11:50:32,602 - DEBUG - Assigning indexes to genes
2021-06-22 11:50:32,609 - DEBUG - Seen 17302 genes until now
2021-06-22 11:50:32,609 - DEBUG - Parsing Chromosome 3 strand + [line 957203]
2021-06-22 11:50:33,046 - DEBUG - Done with 3+ [line 1000138]
2021-06-22 11:50:33,046 - DEBUG - Assigning indexes to genes
2021-06-22 11:50:33,053 - DEBUG - Seen 18021 genes until now
2021-06-22 11:50:33,053 - DEBUG - Parsing Chromosome 4 strand - [line 1000139]
2021-06-22 11:50:33,573 - DEBUG - Done with 4- [line 1050727]
2021-06-22 11:50:33,574 - DEBUG - Assigning indexes to genes
2021-06-22 11:50:33,582 - DEBUG - Seen 18875 genes until now
2021-06-22 11:50:33,582 - DEBUG - Parsing Chromosome 4 strand + [line 1050728]
2021-06-22 11:50:34,089 - DEBUG - Done with 4+ [line 1099723]
2021-06-22 11:50:34,089 - DEBUG - Assigning indexes to genes
2021-06-22 11:50:34,098 - DEBUG - Seen 19731 genes until now
2021-06-22 11:50:34,098 - DEBUG - Parsing Chromosome 5 strand - [line 1099724]
2021-06-22 11:50:35,071 - DEBUG - Done with 5- [line 1157394]
2021-06-22 11:50:35,072 - DEBUG - Assigning indexes to genes
2021-06-22 11:50:35,082 - DEBUG - Seen 20622 genes until now
2021-06-22 11:50:35,082 - DEBUG - Parsing Chromosome 5 strand + [line 1157395]
2021-06-22 11:50:35,691 - DEBUG - Done with 5+ [line 1215626]
2021-06-22 11:50:35,692 - DEBUG - Assigning indexes to genes
2021-06-22 11:50:35,702 - DEBUG - Seen 21539 genes until now
2021-06-22 11:50:35,702 - DEBUG - Parsing Chromosome 6 strand - [line 1215627]
2021-06-22 11:50:36,166 - DEBUG - Done with 6- [line 1260326]
2021-06-22 11:50:36,166 - DEBUG - Assigning indexes to genes
2021-06-22 11:50:36,175 - DEBUG - Seen 22385 genes until now
2021-06-22 11:50:36,175 - DEBUG - Parsing Chromosome 6 strand + [line 1260327]
2021-06-22 11:50:36,656 - DEBUG - Done with 6+ [line 1307744]
2021-06-22 11:50:36,656 - DEBUG - Assigning indexes to genes
2021-06-22 11:50:36,666 - DEBUG - Seen 23304 genes until now
2021-06-22 11:50:36,666 - DEBUG - Parsing Chromosome 7 strand - [line 1307745]
2021-06-22 11:50:37,404 - DEBUG - Done with 7- [line 1379880]
2021-06-22 11:50:37,404 - DEBUG - Assigning indexes to genes
2021-06-22 11:50:37,418 - DEBUG - Seen 24656 genes until now
2021-06-22 11:50:37,418 - DEBUG - Parsing Chromosome 7 strand + [line 1379881]
2021-06-22 11:50:38,129 - DEBUG - Done with 7+ [line 1450335]
2021-06-22 11:50:38,129 - DEBUG - Assigning indexes to genes
2021-06-22 11:50:38,142 - DEBUG - Seen 25873 genes until now
2021-06-22 11:50:38,142 - DEBUG - Parsing Chromosome 8 strand - [line 1450336]
2021-06-22 11:50:39,009 - DEBUG - Done with 8- [line 1485523]
2021-06-22 11:50:39,009 - DEBUG - Assigning indexes to genes
2021-06-22 11:50:39,015 - DEBUG - Seen 26580 genes until now
2021-06-22 11:50:39,016 - DEBUG - Parsing Chromosome 8 strand + [line 1485524]
2021-06-22 11:50:39,491 - DEBUG - Done with 8+ [line 1531960]
2021-06-22 11:50:39,491 - DEBUG - Assigning indexes to genes
2021-06-22 11:50:39,499 - DEBUG - Seen 27398 genes until now
2021-06-22 11:50:39,499 - DEBUG - Parsing Chromosome 9 strand - [line 1531961]
2021-06-22 11:50:40,031 - DEBUG - Done with 9- [line 1583207]
2021-06-22 11:50:40,031 - DEBUG - Assigning indexes to genes
2021-06-22 11:50:40,040 - DEBUG - Seen 28230 genes until now
2021-06-22 11:50:40,040 - DEBUG - Parsing Chromosome 9 strand + [line 1583208]
2021-06-22 11:50:40,578 - DEBUG - Done with 9+ [line 1635954]
2021-06-22 11:50:40,578 - DEBUG - Assigning indexes to genes
2021-06-22 11:50:40,588 - DEBUG - Seen 29142 genes until now
2021-06-22 11:50:40,588 - DEBUG - Parsing Chromosome GL456210.1 strand - [line 1635955]
2021-06-22 11:50:40,589 - DEBUG - Done with GL456210.1- [line 1635981]
2021-06-22 11:50:40,589 - DEBUG - Assigning indexes to genes
2021-06-22 11:50:40,589 - DEBUG - Seen 29145 genes until now
2021-06-22 11:50:40,589 - DEBUG - Parsing Chromosome GL456210.1 strand + [line 1635982]
2021-06-22 11:50:40,589 - DEBUG - Done with GL456210.1+ [line 1635996]
2021-06-22 11:50:40,589 - DEBUG - Assigning indexes to genes
2021-06-22 11:50:40,589 - DEBUG - Seen 29147 genes until now
2021-06-22 11:50:40,589 - DEBUG - Parsing Chromosome GL456211.1 strand - [line 1635997]
2021-06-22 11:50:40,590 - DEBUG - Done with GL456211.1- [line 1636024]
2021-06-22 11:50:40,590 - DEBUG - Assigning indexes to genes
2021-06-22 11:50:40,590 - DEBUG - Seen 29151 genes until now
2021-06-22 11:50:40,590 - DEBUG - Parsing Chromosome GL456211.1 strand + [line 1636025]
2021-06-22 11:50:40,590 - DEBUG - Done with GL456211.1+ [line 1636050]
2021-06-22 11:50:40,591 - DEBUG - Assigning indexes to genes
2021-06-22 11:50:40,591 - DEBUG - Seen 29153 genes until now
2021-06-22 11:50:40,591 - DEBUG - Parsing Chromosome GL456212.1 strand - [line 1636051]
2021-06-22 11:50:40,591 - DEBUG - Done with GL456212.1- [line 1636086]
2021-06-22 11:50:40,591 - DEBUG - Assigning indexes to genes
2021-06-22 11:50:40,592 - DEBUG - Seen 29155 genes until now
2021-06-22 11:50:40,592 - DEBUG - Parsing Chromosome GL456216.1 strand + [line 1636087]
2021-06-22 11:50:40,592 - DEBUG - Done with GL456216.1+ [line 1636106]
2021-06-22 11:50:40,592 - DEBUG - Assigning indexes to genes
2021-06-22 11:50:40,592 - DEBUG - Seen 29156 genes until now
2021-06-22 11:50:40,592 - DEBUG - Parsing Chromosome GL456219.1 strand - [line 1636107]
2021-06-22 11:50:40,592 - DEBUG - Done with GL456219.1- [line 1636118]
2021-06-22 11:50:40,593 - DEBUG - Assigning indexes to genes
2021-06-22 11:50:40,593 - DEBUG - Seen 29158 genes until now
2021-06-22 11:50:40,593 - DEBUG - Parsing Chromosome GL456221.1 strand - [line 1636119]
2021-06-22 11:50:40,593 - DEBUG - Done with GL456221.1- [line 1636162]
2021-06-22 11:50:40,593 - DEBUG - Assigning indexes to genes
2021-06-22 11:50:40,593 - DEBUG - Seen 29162 genes until now
2021-06-22 11:50:40,594 - DEBUG - Parsing Chromosome GL456221.1 strand + [line 1636163]
2021-06-22 11:50:40,594 - DEBUG - Done with GL456221.1+ [line 1636181]
2021-06-22 11:50:40,594 - DEBUG - Assigning indexes to genes
2021-06-22 11:50:40,594 - DEBUG - Seen 29165 genes until now
2021-06-22 11:50:40,594 - DEBUG - Parsing Chromosome GL456233.1 strand - [line 1636182]
2021-06-22 11:50:40,595 - DEBUG - Done with GL456233.1- [line 1636213]
2021-06-22 11:50:40,595 - DEBUG - Assigning indexes to genes
2021-06-22 11:50:40,595 - DEBUG - Seen 29167 genes until now
2021-06-22 11:50:40,595 - DEBUG - Parsing Chromosome GL456233.1 strand + [line 1636214]
2021-06-22 11:50:40,595 - DEBUG - Done with GL456233.1+ [line 1636244]
2021-06-22 11:50:40,595 - DEBUG - Assigning indexes to genes
2021-06-22 11:50:40,596 - DEBUG - Seen 29169 genes until now
2021-06-22 11:50:40,596 - DEBUG - Parsing Chromosome GL456350.1 strand - [line 1636245]
2021-06-22 11:50:40,596 - DEBUG - Done with GL456350.1- [line 1636304]
2021-06-22 11:50:40,596 - DEBUG - Assigning indexes to genes
2021-06-22 11:50:40,596 - DEBUG - Seen 29174 genes until now
2021-06-22 11:50:40,597 - DEBUG - Parsing Chromosome GL456354.1 strand - [line 1636305]
2021-06-22 11:50:40,597 - DEBUG - Done with GL456354.1- [line 1636337]
2021-06-22 11:50:40,597 - DEBUG - Assigning indexes to genes
2021-06-22 11:50:40,597 - DEBUG - Seen 29177 genes until now
2021-06-22 11:50:40,597 - DEBUG - Parsing Chromosome GL456354.1 strand + [line 1636338]
2021-06-22 11:50:40,598 - DEBUG - Done with GL456354.1+ [line 1636357]
2021-06-22 11:50:40,598 - DEBUG - Assigning indexes to genes
2021-06-22 11:50:40,598 - DEBUG - Seen 29179 genes until now
2021-06-22 11:50:40,598 - DEBUG - Parsing Chromosome JH584292.1 strand + [line 1636358]
2021-06-22 11:50:40,599 - DEBUG - Done with JH584292.1+ [line 1636433]
2021-06-22 11:50:40,599 - DEBUG - Assigning indexes to genes
2021-06-22 11:50:40,599 - DEBUG - Seen 29180 genes until now
2021-06-22 11:50:40,599 - DEBUG - Parsing Chromosome JH584293.1 strand - [line 1636434]
2021-06-22 11:50:40,600 - DEBUG - Done with JH584293.1- [line 1636500]
2021-06-22 11:50:40,600 - DEBUG - Assigning indexes to genes
2021-06-22 11:50:40,600 - DEBUG - Seen 29186 genes until now
2021-06-22 11:50:40,600 - DEBUG - Parsing Chromosome JH584293.1 strand + [line 1636501]
2021-06-22 11:50:40,601 - DEBUG - Done with JH584293.1+ [line 1636542]
2021-06-22 11:50:40,601 - DEBUG - Assigning indexes to genes
2021-06-22 11:50:40,601 - DEBUG - Seen 29189 genes until now
2021-06-22 11:50:40,601 - DEBUG - Parsing Chromosome JH584294.1 strand - [line 1636543]
2021-06-22 11:50:40,602 - DEBUG - Done with JH584294.1- [line 1636607]
2021-06-22 11:50:40,602 - DEBUG - Assigning indexes to genes
2021-06-22 11:50:40,602 - DEBUG - Seen 29193 genes until now
2021-06-22 11:50:40,602 - DEBUG - Parsing Chromosome JH584294.1 strand + [line 1636608]
2021-06-22 11:50:40,602 - DEBUG - Done with JH584294.1+ [line 1636631]
2021-06-22 11:50:40,603 - DEBUG - Assigning indexes to genes
2021-06-22 11:50:40,603 - DEBUG - Seen 29195 genes until now
2021-06-22 11:50:40,603 - DEBUG - Parsing Chromosome JH584295.1 strand - [line 1636632]
2021-06-22 11:50:40,603 - DEBUG - Done with JH584295.1- [line 1636647]
2021-06-22 11:50:40,603 - DEBUG - Assigning indexes to genes
2021-06-22 11:50:40,603 - DEBUG - Seen 29196 genes until now
2021-06-22 11:50:40,603 - DEBUG - Parsing Chromosome JH584296.1 strand - [line 1636648]
2021-06-22 11:50:40,604 - DEBUG - Done with JH584296.1- [line 1636675]
2021-06-22 11:50:40,604 - DEBUG - Assigning indexes to genes
2021-06-22 11:50:40,604 - DEBUG - Seen 29199 genes until now
2021-06-22 11:50:40,604 - DEBUG - Parsing Chromosome JH584297.1 strand - [line 1636676]
2021-06-22 11:50:40,604 - DEBUG - Done with JH584297.1- [line 1636694]
2021-06-22 11:50:40,604 - DEBUG - Assigning indexes to genes
2021-06-22 11:50:40,605 - DEBUG - Seen 29201 genes until now
2021-06-22 11:50:40,605 - DEBUG - Parsing Chromosome JH584297.1 strand + [line 1636695]
2021-06-22 11:50:40,605 - DEBUG - Done with JH584297.1+ [line 1636703]
2021-06-22 11:50:40,605 - DEBUG - Assigning indexes to genes
2021-06-22 11:50:40,605 - DEBUG - Seen 29202 genes until now
2021-06-22 11:50:40,605 - DEBUG - Parsing Chromosome JH584298.1 strand - [line 1636704]
2021-06-22 11:50:40,605 - DEBUG - Done with JH584298.1- [line 1636714]
2021-06-22 11:50:40,606 - DEBUG - Assigning indexes to genes
2021-06-22 11:50:40,606 - DEBUG - Seen 29203 genes until now
2021-06-22 11:50:40,606 - DEBUG - Parsing Chromosome JH584298.1 strand + [line 1636715]
2021-06-22 11:50:40,606 - DEBUG - Done with JH584298.1+ [line 1636735]
2021-06-22 11:50:40,606 - DEBUG - Assigning indexes to genes
2021-06-22 11:50:40,606 - DEBUG - Seen 29205 genes until now
2021-06-22 11:50:40,606 - DEBUG - Parsing Chromosome JH584299.1 strand - [line 1636736]
2021-06-22 11:50:40,607 - DEBUG - Done with JH584299.1- [line 1636745]
2021-06-22 11:50:40,607 - DEBUG - Assigning indexes to genes
2021-06-22 11:50:40,607 - DEBUG - Seen 29206 genes until now
2021-06-22 11:50:40,607 - DEBUG - Parsing Chromosome JH584299.1 strand + [line 1636746]
2021-06-22 11:50:40,608 - DEBUG - Done with JH584299.1+ [line 1636857]
2021-06-22 11:50:40,608 - DEBUG - Assigning indexes to genes
2021-06-22 11:50:40,608 - DEBUG - Seen 29217 genes until now
2021-06-22 11:50:40,608 - DEBUG - Parsing Chromosome JH584303.1 strand + [line 1636858]
2021-06-22 11:50:40,609 - DEBUG - Done with JH584303.1+ [line 1636862]
2021-06-22 11:50:40,609 - DEBUG - Assigning indexes to genes
2021-06-22 11:50:40,609 - DEBUG - Seen 29218 genes until now
2021-06-22 11:50:40,609 - DEBUG - Parsing Chromosome JH584304.1 strand - [line 1636863]
2021-06-22 11:50:40,609 - DEBUG - Done with JH584304.1- [line 1636895]
2021-06-22 11:50:40,609 - DEBUG - Assigning indexes to genes
2021-06-22 11:50:40,610 - DEBUG - Seen 29219 genes until now
2021-06-22 11:50:40,610 - DEBUG - Parsing Chromosome MT strand - [line 1636896]
2021-06-22 11:50:40,610 - DEBUG - Done with MT- [line 1636901]
2021-06-22 11:50:40,610 - DEBUG - Assigning indexes to genes
2021-06-22 11:50:40,610 - DEBUG - Seen 29220 genes until now
2021-06-22 11:50:40,610 - DEBUG - Parsing Chromosome MT strand + [line 1636902]
2021-06-22 11:50:40,611 - DEBUG - Done with MT+ [line 1636970]
2021-06-22 11:50:40,611 - DEBUG - Assigning indexes to genes
2021-06-22 11:50:40,611 - DEBUG - Seen 29232 genes until now
2021-06-22 11:50:40,611 - DEBUG - Parsing Chromosome X strand - [line 1636971]
2021-06-22 11:50:40,882 - DEBUG - Done with X- [line 1663962]
2021-06-22 11:50:40,883 - DEBUG - Assigning indexes to genes
2021-06-22 11:50:40,887 - DEBUG - Seen 29755 genes until now
2021-06-22 11:50:40,887 - DEBUG - Parsing Chromosome X strand + [line 1663963]
2021-06-22 11:50:41,194 - DEBUG - Done with X+ [line 1694333]
2021-06-22 11:50:41,195 - DEBUG - Assigning indexes to genes
2021-06-22 11:50:41,199 - DEBUG - Seen 30320 genes until now
2021-06-22 11:50:41,200 - DEBUG - Parsing Chromosome Y strand - [line 1694334]
2021-06-22 11:50:41,250 - DEBUG - Done with Y- [line 1698842]
2021-06-22 11:50:41,250 - DEBUG - Assigning indexes to genes
2021-06-22 11:50:41,252 - DEBUG - Seen 30662 genes until now
2021-06-22 11:50:41,252 - DEBUG - Parsing Chromosome Y strand + [line 1698843]
2021-06-22 11:50:41,310 - DEBUG - Assigning indexes to genes
2021-06-22 11:50:41,313 - DEBUG - Done with Y+ [line 1704063]
2021-06-22 11:50:41,313 - DEBUG - Fixing corner cases of transcript models containg intron longer than 1000Kbp
2021-06-22 11:50:42,943 - DEBUG - Generated 1423079 features corresponding to 111079 transcript models from /research/peer/fdeckert/FD20200109SPLENO/data/mm10/cellranger/Mus_musculus.GRCm38.93.filtered.gtf
2021-06-22 11:50:42,961 - INFO - Load the repeat masking annotation from /research/peer/fdeckert/FD20200109SPLENO/data/mm10/mm10_rmsk.gtf
2021-06-22 11:50:42,962 - DEBUG - Reading /research/peer/fdeckert/FD20200109SPLENO/data/mm10/mm10_rmsk.gtf, the file will be sorted in memory
2021-06-22 11:51:35,840 - DEBUG - Processed masked annotation .gtf and generated 4252016 intervals to mask!
2021-06-22 11:51:36,158 - INFO - Scan /research/peer/fdeckert/FD20200109SPLENO/data/BSA_0355_SM01_10x_SPLENO/OUT/COUNT/M6_control_Prog_transcriptome/possorted_genome_bam.bam to validate intron intervals
2021-06-22 11:51:41,001 - DEBUG - Reading /research/peer/fdeckert/FD20200109SPLENO/data/BSA_0355_SM01_10x_SPLENO/OUT/COUNT/M6_control_Prog_transcriptome/possorted_genome_bam.bam
2021-06-22 11:51:41,019 - DEBUG - Read first 0 million reads
2021-06-22 11:51:41,025 - DEBUG - Marking up chromosome 1
2021-06-22 11:52:39,045 - DEBUG - Marking up chromosome 10
2021-06-22 11:53:26,238 - DEBUG - Marking up chromosome 11
2021-06-22 11:54:02,154 - DEBUG - Read first 10 million reads
2021-06-22 11:54:48,860 - DEBUG - Marking up chromosome 12
2021-06-22 11:55:22,471 - DEBUG - Marking up chromosome 13
2021-06-22 11:55:57,740 - DEBUG - Marking up chromosome 14
2021-06-22 11:56:29,320 - DEBUG - Marking up chromosome 15
2021-06-22 11:56:33,650 - DEBUG - Read first 20 million reads
2021-06-22 11:57:05,797 - DEBUG - Marking up chromosome 16
2021-06-22 11:57:31,374 - DEBUG - Marking up chromosome 17
2021-06-22 11:58:29,709 - DEBUG - Marking up chromosome 18
2021-06-22 11:58:53,095 - DEBUG - Marking up chromosome 19
2021-06-22 11:59:20,040 - DEBUG - Read first 30 million reads
2021-06-22 11:59:27,261 - DEBUG - Marking up chromosome 2
2021-06-22 12:00:28,905 - DEBUG - Marking up chromosome 3
2021-06-22 12:01:11,010 - DEBUG - Marking up chromosome 4
2021-06-22 12:01:55,349 - DEBUG - Read first 40 million reads
2021-06-22 12:02:09,908 - DEBUG - Marking up chromosome 5
2021-06-22 12:03:09,769 - DEBUG - Marking up chromosome 6
2021-06-22 12:03:57,359 - DEBUG - Marking up chromosome 7
2021-06-22 12:04:42,461 - DEBUG - Read first 50 million reads
2021-06-22 12:05:27,059 - DEBUG - Marking up chromosome 8
2021-06-22 12:06:12,305 - DEBUG - Marking up chromosome 9
2021-06-22 12:07:09,549 - DEBUG - Marking up chromosome MT
2021-06-22 12:07:19,859 - DEBUG - Read first 60 million reads
2021-06-22 12:07:38,533 - DEBUG - Marking up chromosome X
2021-06-22 12:08:05,547 - DEBUG - Marking up chromosome Y
2021-06-22 12:08:07,214 - DEBUG - Marking up chromosome JH584299.1
2021-06-22 12:08:07,217 - DEBUG - Marking up chromosome GL456233.1
2021-06-22 12:08:07,253 - DEBUG - Marking up chromosome GL456211.1
2021-06-22 12:08:07,259 - DEBUG - Marking up chromosome GL456221.1
2021-06-22 12:08:07,267 - DEBUG - Marking up chromosome JH584300.1
2021-06-22 12:08:07,267 - WARNING - The .bam file refers to a chromosome 'JH584300.1+' not present in the annotation (.gtf) file
2021-06-22 12:08:07,267 - WARNING - The .bam file refers to a chromosome 'JH584300.1-' not present in the annotation (.gtf) file
2021-06-22 12:08:07,311 - DEBUG - Marking up chromosome GL456210.1
2021-06-22 12:08:07,317 - DEBUG - Marking up chromosome JH584304.1
2021-06-22 12:08:07,318 - WARNING - The .bam file refers to a chromosome 'JH584304.1+' not present in the annotation (.gtf) file
2021-06-22 12:08:07,450 - DEBUG - Marking up chromosome GL456216.1
2021-06-22 12:08:07,451 - WARNING - The .bam file refers to a chromosome 'GL456216.1-' not present in the annotation (.gtf) file
2021-06-22 12:08:07,504 - DEBUG - Marking up chromosome GL456378.1
2021-06-22 12:08:07,504 - WARNING - The .bam file refers to a chromosome 'GL456378.1+' not present in the annotation (.gtf) file
2021-06-22 12:08:07,505 - WARNING - The .bam file refers to a chromosome 'GL456378.1-' not present in the annotation (.gtf) file
2021-06-22 12:08:07,506 - DEBUG - Marking up chromosome GL456372.1
2021-06-22 12:08:07,507 - WARNING - The .bam file refers to a chromosome 'GL456372.1+' not present in the annotation (.gtf) file
2021-06-22 12:08:07,507 - WARNING - The .bam file refers to a chromosome 'GL456372.1-' not present in the annotation (.gtf) file
2021-06-22 12:08:07,508 - DEBUG - Marking up chromosome GL456370.1
2021-06-22 12:08:07,508 - WARNING - The .bam file refers to a chromosome 'GL456370.1+' not present in the annotation (.gtf) file
2021-06-22 12:08:07,508 - WARNING - The .bam file refers to a chromosome 'GL456370.1-' not present in the annotation (.gtf) file
2021-06-22 12:08:07,516 - DEBUG - Marking up chromosome GL456382.1
2021-06-22 12:08:07,517 - WARNING - The .bam file refers to a chromosome 'GL456382.1+' not present in the annotation (.gtf) file
2021-06-22 12:08:07,517 - WARNING - The .bam file refers to a chromosome 'GL456382.1-' not present in the annotation (.gtf) file
2021-06-22 12:08:07,709 - DEBUG - Marking up chromosome GL456359.1
2021-06-22 12:08:07,709 - WARNING - The .bam file refers to a chromosome 'GL456359.1+' not present in the annotation (.gtf) file
2021-06-22 12:08:07,709 - WARNING - The .bam file refers to a chromosome 'GL456359.1-' not present in the annotation (.gtf) file
2021-06-22 12:08:07,709 - DEBUG - Marking up chromosome GL456396.1
2021-06-22 12:08:07,709 - WARNING - The .bam file refers to a chromosome 'GL456396.1+' not present in the annotation (.gtf) file
2021-06-22 12:08:07,710 - WARNING - The .bam file refers to a chromosome 'GL456396.1-' not present in the annotation (.gtf) file
2021-06-22 12:08:07,711 - DEBUG - Marking up chromosome JH584295.1
2021-06-22 12:08:07,711 - WARNING - The .bam file refers to a chromosome 'JH584295.1+' not present in the annotation (.gtf) file
2021-06-22 12:08:28,355 - DEBUG - Read first 70 million reads
2021-06-22 12:08:39,025 - DEBUG - End of file. Reset index: start scanning from initial position.
2021-06-22 12:08:39,025 - DEBUG - 949197 reads were skipped because no apropiate cell or umi barcode was found
2021-06-22 12:08:39,026 - DEBUG - Start molecule counting!
2021-06-22 12:08:46,074 - DEBUG - Features available for chromosomes : ['1-', '1+', '10-', '10+', '11-', '11+', '12-', '12+', '13-', '13+', '14-', '14+', '15-', '15+', '16-', '16+', '17-', '17+', '18-', '18+', '19-', '19+', '2-', '2+', '3-', '3+', '4-', '4+', '5-', '5+', '6-', '6+', '7-', '7+', '8-', '8+', '9-', '9+', 'GL456210.1-', 'GL456210.1+', 'GL456211.1-', 'GL456211.1+', 'GL456212.1-', 'GL456216.1+', 'GL456219.1-', 'GL456221.1-', 'GL456221.1+', 'GL456233.1-', 'GL456233.1+', 'GL456350.1-', 'GL456354.1-', 'GL456354.1+', 'JH584292.1+', 'JH584293.1-', 'JH584293.1+', 'JH584294.1-', 'JH584294.1+', 'JH584295.1-', 'JH584296.1-', 'JH584297.1-', 'JH584297.1+', 'JH584298.1-', 'JH584298.1+', 'JH584299.1-', 'JH584299.1+', 'JH584303.1+', 'JH584304.1-', 'MT-', 'MT+', 'X-', 'X+', 'Y-', 'Y+']
2021-06-22 12:08:46,074 - DEBUG - Mask available for chromosomes : ['1-', '1+', '10-', '10+', '11-', '11+', '12-', '12+', '13-', '13+', '14-', '14+', '15-', '15+', '16-', '16+', '17-', '17+', '18-', '18+', '19-', '19+', '1_GL456210_random-', '1_GL456210_random+', '1_GL456211_random-', '1_GL456211_random+', '1_GL456212_random-', '1_GL456212_random+', '1_GL456213_random-', '1_GL456213_random+', '1_GL456221_random-', '1_GL456221_random+', '2-', '2+', '3-', '3+', '4-', '4+', '4_GL456216_random-', '4_GL456216_random+', '4_GL456350_random-', '4_GL456350_random+', '4_JH584292_random-', '4_JH584292_random+', '4_JH584293_random-', '4_JH584293_random+', '4_JH584294_random-', '4_JH584294_random+', '4_JH584295_random+', '5-', '5+', '5_GL456354_random-', '5_GL456354_random+', '5_JH584296_random-', '5_JH584296_random+', '5_JH584297_random-', '5_JH584297_random+', '5_JH584298_random-', '5_JH584298_random+', '5_JH584299_random-', '5_JH584299_random+', '6-', '6+', '7-', '7+', '7_GL456219_random-', '7_GL456219_random+', '8-', '8+', '9-', '9+', 'M-', 'M+', 'Un_GL456239-', 'Un_GL456239+', 'Un_GL456359-', 'Un_GL456359+', 'Un_GL456360-', 'Un_GL456360+', 'Un_GL456366-', 'Un_GL456366+', 'Un_GL456367-', 'Un_GL456367+', 'Un_GL456368-', 'Un_GL456368+', 'Un_GL456370+', 'Un_GL456372-', 'Un_GL456372+', 'Un_GL456378-', 'Un_GL456378+', 'Un_GL456379-', 'Un_GL456379+', 'Un_GL456381-', 'Un_GL456381+', 'Un_GL456382-', 'Un_GL456382+', 'Un_GL456383-', 'Un_GL456383+', 'Un_GL456385-', 'Un_GL456385+', 'Un_GL456387-', 'Un_GL456387+', 'Un_GL456389-', 'Un_GL456389+', 'Un_GL456390-', 'Un_GL456390+', 'Un_GL456392-', 'Un_GL456392+', 'Un_GL456393-', 'Un_GL456393+', 'Un_GL456394-', 'Un_GL456394+', 'Un_GL456396-', 'Un_GL456396+', 'Un_JH584304-', 'Un_JH584304+', 'X-', 'X+', 'X_GL456233_random-', 'X_GL456233_random+', 'Y-', 'Y+', 'Y_JH584300_random-', 'Y_JH584300_random+', 'Y_JH584301_random-', 'Y_JH584301_random+', 'Y_JH584302_random-', 'Y_JH584302_random+', 'Y_JH584303_random-']
2021-06-22 12:08:46,074 - DEBUG - Summarizing the results of intron validation.
2021-06-22 12:08:46,601 - DEBUG - Validated 88787 introns (of which unique intervals 34592) out of 656000 total possible introns (considering each possible transcript models).
2021-06-22 12:08:46,603 - DEBUG - Reading /research/peer/fdeckert/FD20200109SPLENO/data/BSA_0355_SM01_10x_SPLENO/OUT/COUNT/M6_control_Prog_transcriptome/cellsorted_possorted_genome_bam.bam
2021-06-22 12:08:47,522 - DEBUG - Read first 0 million reads
2021-06-22 12:10:18,518 - DEBUG - Counting for batch 1, containing 100 cells and 1022757 reads
2021-06-22 12:11:35,591 - DEBUG - 41850 reads not considered because fully enclosed in repeat masked regions
2021-06-22 12:12:42,370 - DEBUG - Read first 10 million reads
2021-06-22 12:13:12,156 - DEBUG - Counting for batch 2, containing 100 cells and 1084619 reads
2021-06-22 12:14:36,534 - DEBUG - 44652 reads not considered because fully enclosed in repeat masked regions
2021-06-22 12:16:16,160 - DEBUG - Counting for batch 3, containing 100 cells and 963204 reads
2021-06-22 12:17:29,845 - DEBUG - 42452 reads not considered because fully enclosed in repeat masked regions
2021-06-22 12:18:27,109 - DEBUG - Read first 20 million reads
2021-06-22 12:19:04,701 - DEBUG - Counting for batch 4, containing 100 cells and 1028905 reads
2021-06-22 12:20:25,352 - DEBUG - 46929 reads not considered because fully enclosed in repeat masked regions
2021-06-22 12:22:02,683 - DEBUG - Counting for batch 5, containing 100 cells and 884400 reads
2021-06-22 12:23:10,646 - DEBUG - 40627 reads not considered because fully enclosed in repeat masked regions
2021-06-22 12:23:49,262 - DEBUG - Read first 30 million reads
2021-06-22 12:24:46,101 - DEBUG - Counting for batch 6, containing 100 cells and 1085566 reads
2021-06-22 12:26:10,201 - DEBUG - 45921 reads not considered because fully enclosed in repeat masked regions
2021-06-22 12:27:55,847 - DEBUG - Counting for batch 7, containing 100 cells and 1135699 reads
2021-06-22 12:29:24,393 - DEBUG - 47231 reads not considered because fully enclosed in repeat masked regions
2021-06-22 12:29:53,282 - DEBUG - Read first 40 million reads
2021-06-22 12:31:18,302 - DEBUG - Counting for batch 8, containing 100 cells and 1077283 reads
2021-06-22 12:32:42,809 - DEBUG - 44835 reads not considered because fully enclosed in repeat masked regions
2021-06-22 12:33:51,015 - DEBUG - Read first 50 million reads
2021-06-22 12:34:16,303 - DEBUG - Counting for batch 9, containing 100 cells and 907792 reads
2021-06-22 12:35:28,364 - DEBUG - 39294 reads not considered because fully enclosed in repeat masked regions
2021-06-22 12:37:04,390 - DEBUG - Counting for batch 10, containing 100 cells and 996001 reads
2021-06-22 12:38:20,829 - DEBUG - 43195 reads not considered because fully enclosed in repeat masked regions
2021-06-22 12:39:20,875 - DEBUG - Read first 60 million reads
2021-06-22 12:40:00,616 - DEBUG - Counting for batch 11, containing 100 cells and 1086517 reads
2021-06-22 12:41:25,546 - DEBUG - 45795 reads not considered because fully enclosed in repeat masked regions
2021-06-22 12:43:00,604 - DEBUG - Counting for batch 12, containing 100 cells and 930771 reads
2021-06-22 12:44:12,064 - DEBUG - 37989 reads not considered because fully enclosed in repeat masked regions
2021-06-22 12:44:59,722 - DEBUG - Read first 70 million reads
2021-06-22 12:45:39,756 - DEBUG - Counting for batch 13, containing 100 cells and 946039 reads
2021-06-22 12:46:54,175 - DEBUG - 40358 reads not considered because fully enclosed in repeat masked regions
2021-06-22 12:47:16,522 - DEBUG - Counting for batch 14, containing 1 cells and 10877 reads
2021-06-22 12:47:23,074 - DEBUG - 467 reads not considered because fully enclosed in repeat masked regions
2021-06-22 12:47:23,336 - DEBUG - 949197 reads were skipped because no apropiate cell or umi barcode was found
2021-06-22 12:47:23,337 - DEBUG - Counting done!
2021-06-22 12:47:23,343 - DEBUG - Generating output file data/BSA_0355_SM01_10x_SPLENO/OUT/COUNT/M6_control_Prog_transcriptome/velocyto.loom
2021-06-22 12:47:23,343 - DEBUG - Collecting row attributes
2021-06-22 12:47:23,467 - DEBUG - Generating data table
2021-06-22 12:47:23,846 - DEBUG - Writing loom file
2021-06-22 12:47:24,290 - DEBUG - Creating converter from 5 to 3
2021-06-22 12:47:24,321 - DEBUG - Creating converter from 3 to 5
2021-06-22 12:47:28,954 - DEBUG - Terminated Succesfully!
