2021-06-22 11:50:07,397 - DEBUG - Using logic: ValidatedIntrons10X
2021-06-22 11:50:07,412 - INFO - Read 2714 cell barcodes from /research/peer/fdeckert/FD20200109SPLENO/data/BSA_0355_SM01_10x_SPLENO/OUT/COUNT/M2_CpG_Mac_transcriptome/filtered_feature_bc_matrix/barcodes.qc.tsv
2021-06-22 11:50:07,412 - DEBUG - Example of barcode: AAACCCACAGAAATCA and cell_id: velocyto:AAACCCACAGAAATCA-1_3
2021-06-22 11:50:07,422 - DEBUG - Peeking into /research/peer/fdeckert/FD20200109SPLENO/data/BSA_0355_SM01_10x_SPLENO/OUT/COUNT/M2_CpG_Mac_transcriptome/possorted_genome_bam.bam
2021-06-22 11:50:07,489 - WARNING - Not found cell and umi barcode in entry 6 of the bam file
2021-06-22 11:50:07,489 - WARNING - Not found cell and umi barcode in entry 30 of the bam file
2021-06-22 11:50:07,489 - WARNING - Not found cell and umi barcode in entry 42 of the bam file
2021-06-22 11:50:07,489 - WARNING - Not found cell and umi barcode in entry 70 of the bam file
2021-06-22 11:50:07,489 - WARNING - Not found cell and umi barcode in entry 93 of the bam file
2021-06-22 11:50:07,498 - WARNING - Not found cell and umi barcode in entry 157 of the bam file
2021-06-22 11:50:07,498 - WARNING - Not found cell and umi barcode in entry 219 of the bam file
2021-06-22 11:50:07,498 - WARNING - Not found cell and umi barcode in entry 221 of the bam file
2021-06-22 11:50:07,498 - WARNING - Not found cell and umi barcode in entry 230 of the bam file
2021-06-22 11:50:07,499 - WARNING - Not found cell and umi barcode in entry 239 of the bam file
2021-06-22 11:50:07,499 - WARNING - Not found cell and umi barcode in entry 266 of the bam file
2021-06-22 11:50:07,499 - WARNING - Not found cell and umi barcode in entry 339 of the bam file
2021-06-22 11:50:07,499 - WARNING - Not found cell and umi barcode in entry 349 of the bam file
2021-06-22 11:50:07,499 - WARNING - Not found cell and umi barcode in entry 356 of the bam file
2021-06-22 11:50:07,499 - WARNING - Not found cell and umi barcode in entry 391 of the bam file
2021-06-22 11:50:07,539 - WARNING - Not found cell and umi barcode in entry 750 of the bam file
2021-06-22 11:50:07,539 - WARNING - Not found cell and umi barcode in entry 759 of the bam file
2021-06-22 11:50:07,544 - WARNING - Not found cell and umi barcode in entry 809 of the bam file
2021-06-22 11:50:07,544 - WARNING - Not found cell and umi barcode in entry 829 of the bam file
2021-06-22 11:50:07,548 - WARNING - The file /research/peer/fdeckert/FD20200109SPLENO/data/BSA_0355_SM01_10x_SPLENO/OUT/COUNT/M2_CpG_Mac_transcriptome/cellsorted_possorted_genome_bam.bam already exists. The sorting step will be skipped and the existing file will be used.
2021-06-22 11:50:07,548 - INFO - Load the annotation from /research/peer/fdeckert/FD20200109SPLENO/data/mm10/cellranger/Mus_musculus.GRCm38.93.filtered.gtf
2021-06-22 11:50:11,772 - DEBUG - Parsing Chromosome 1 strand - [line 0]
2021-06-22 11:50:12,128 - DEBUG - Done with 1- [line 55263]
2021-06-22 11:50:12,128 - DEBUG - Assigning indexes to genes
2021-06-22 11:50:12,132 - DEBUG - Seen 852 genes until now
2021-06-22 11:50:12,132 - DEBUG - Parsing Chromosome 1 strand + [line 55264]
2021-06-22 11:50:12,463 - DEBUG - Done with 1+ [line 108827]
2021-06-22 11:50:12,463 - DEBUG - Assigning indexes to genes
2021-06-22 11:50:12,468 - DEBUG - Seen 1744 genes until now
2021-06-22 11:50:12,468 - DEBUG - Parsing Chromosome 10 strand - [line 108828]
2021-06-22 11:50:12,627 - DEBUG - Done with 10- [line 148287]
2021-06-22 11:50:12,627 - DEBUG - Assigning indexes to genes
2021-06-22 11:50:12,630 - DEBUG - Seen 2492 genes until now
2021-06-22 11:50:12,630 - DEBUG - Parsing Chromosome 10 strand + [line 148288]
2021-06-22 11:50:12,799 - DEBUG - Done with 10+ [line 190661]
2021-06-22 11:50:12,800 - DEBUG - Assigning indexes to genes
2021-06-22 11:50:12,803 - DEBUG - Seen 3285 genes until now
2021-06-22 11:50:12,803 - DEBUG - Parsing Chromosome 11 strand - [line 190662]
2021-06-22 11:50:13,184 - DEBUG - Done with 11- [line 252011]
2021-06-22 11:50:13,184 - DEBUG - Assigning indexes to genes
2021-06-22 11:50:13,189 - DEBUG - Seen 4335 genes until now
2021-06-22 11:50:13,189 - DEBUG - Parsing Chromosome 11 strand + [line 252012]
2021-06-22 11:50:13,581 - DEBUG - Done with 11+ [line 314062]
2021-06-22 11:50:13,581 - DEBUG - Assigning indexes to genes
2021-06-22 11:50:13,586 - DEBUG - Seen 5320 genes until now
2021-06-22 11:50:13,586 - DEBUG - Parsing Chromosome 12 strand - [line 314063]
2021-06-22 11:50:13,686 - DEBUG - Done with 12- [line 338958]
2021-06-22 11:50:13,686 - DEBUG - Assigning indexes to genes
2021-06-22 11:50:13,689 - DEBUG - Seen 6056 genes until now
2021-06-22 11:50:13,689 - DEBUG - Parsing Chromosome 12 strand + [line 338959]
2021-06-22 11:50:13,826 - DEBUG - Done with 12+ [line 372787]
2021-06-22 11:50:13,826 - DEBUG - Assigning indexes to genes
2021-06-22 11:50:13,828 - DEBUG - Seen 6615 genes until now
2021-06-22 11:50:13,828 - DEBUG - Parsing Chromosome 13 strand - [line 372788]
2021-06-22 11:50:13,964 - DEBUG - Done with 13- [line 406792]
2021-06-22 11:50:13,964 - DEBUG - Assigning indexes to genes
2021-06-22 11:50:13,967 - DEBUG - Seen 7339 genes until now
2021-06-22 11:50:13,967 - DEBUG - Parsing Chromosome 13 strand + [line 406793]
2021-06-22 11:50:14,072 - DEBUG - Done with 13+ [line 433455]
2021-06-22 11:50:14,073 - DEBUG - Assigning indexes to genes
2021-06-22 11:50:14,075 - DEBUG - Seen 8023 genes until now
2021-06-22 11:50:14,075 - DEBUG - Parsing Chromosome 14 strand - [line 433456]
2021-06-22 11:50:14,446 - DEBUG - Done with 14- [line 469680]
2021-06-22 11:50:14,446 - DEBUG - Assigning indexes to genes
2021-06-22 11:50:14,448 - DEBUG - Seen 8704 genes until now
2021-06-22 11:50:14,449 - DEBUG - Parsing Chromosome 14 strand + [line 469681]
2021-06-22 11:50:14,580 - DEBUG - Done with 14+ [line 502857]
2021-06-22 11:50:14,580 - DEBUG - Assigning indexes to genes
2021-06-22 11:50:14,582 - DEBUG - Seen 9518 genes until now
2021-06-22 11:50:14,583 - DEBUG - Parsing Chromosome 15 strand - [line 502858]
2021-06-22 11:50:14,729 - DEBUG - Done with 15- [line 539049]
2021-06-22 11:50:14,729 - DEBUG - Assigning indexes to genes
2021-06-22 11:50:14,732 - DEBUG - Seen 10092 genes until now
2021-06-22 11:50:14,732 - DEBUG - Parsing Chromosome 15 strand + [line 539050]
2021-06-22 11:50:14,856 - DEBUG - Done with 15+ [line 569723]
2021-06-22 11:50:14,856 - DEBUG - Assigning indexes to genes
2021-06-22 11:50:14,859 - DEBUG - Seen 10616 genes until now
2021-06-22 11:50:14,859 - DEBUG - Parsing Chromosome 16 strand - [line 569724]
2021-06-22 11:50:14,966 - DEBUG - Done with 16- [line 596286]
2021-06-22 11:50:14,966 - DEBUG - Assigning indexes to genes
2021-06-22 11:50:14,969 - DEBUG - Seen 11093 genes until now
2021-06-22 11:50:14,969 - DEBUG - Parsing Chromosome 16 strand + [line 596287]
2021-06-22 11:50:15,276 - DEBUG - Done with 16+ [line 626571]
2021-06-22 11:50:15,276 - DEBUG - Assigning indexes to genes
2021-06-22 11:50:15,279 - DEBUG - Seen 11545 genes until now
2021-06-22 11:50:15,279 - DEBUG - Parsing Chromosome 17 strand - [line 626572]
2021-06-22 11:50:15,410 - DEBUG - Done with 17- [line 659846]
2021-06-22 11:50:15,410 - DEBUG - Assigning indexes to genes
2021-06-22 11:50:15,413 - DEBUG - Seen 12152 genes until now
2021-06-22 11:50:15,413 - DEBUG - Parsing Chromosome 17 strand + [line 659847]
2021-06-22 11:50:15,556 - DEBUG - Done with 17+ [line 696472]
2021-06-22 11:50:15,556 - DEBUG - Assigning indexes to genes
2021-06-22 11:50:15,559 - DEBUG - Seen 12800 genes until now
2021-06-22 11:50:15,559 - DEBUG - Parsing Chromosome 18 strand - [line 696473]
2021-06-22 11:50:15,610 - DEBUG - Done with 18- [line 709486]
2021-06-22 11:50:15,610 - DEBUG - Assigning indexes to genes
2021-06-22 11:50:15,611 - DEBUG - Seen 13059 genes until now
2021-06-22 11:50:15,611 - DEBUG - Parsing Chromosome 18 strand + [line 709487]
2021-06-22 11:50:15,681 - DEBUG - Done with 18+ [line 728027]
2021-06-22 11:50:15,681 - DEBUG - Assigning indexes to genes
2021-06-22 11:50:15,682 - DEBUG - Seen 13409 genes until now
2021-06-22 11:50:15,682 - DEBUG - Parsing Chromosome 19 strand - [line 728028]
2021-06-22 11:50:15,778 - DEBUG - Done with 19- [line 752316]
2021-06-22 11:50:15,778 - DEBUG - Assigning indexes to genes
2021-06-22 11:50:15,779 - DEBUG - Seen 13815 genes until now
2021-06-22 11:50:15,779 - DEBUG - Parsing Chromosome 19 strand + [line 752317]
2021-06-22 11:50:15,861 - DEBUG - Done with 19+ [line 773600]
2021-06-22 11:50:15,861 - DEBUG - Assigning indexes to genes
2021-06-22 11:50:15,862 - DEBUG - Seen 14224 genes until now
2021-06-22 11:50:15,863 - DEBUG - Parsing Chromosome 2 strand - [line 773601]
2021-06-22 11:50:16,164 - DEBUG - Done with 2- [line 848821]
2021-06-22 11:50:16,164 - DEBUG - Assigning indexes to genes
2021-06-22 11:50:16,384 - DEBUG - Seen 15398 genes until now
2021-06-22 11:50:16,384 - DEBUG - Parsing Chromosome 2 strand + [line 848822]
2021-06-22 11:50:16,661 - DEBUG - Done with 2+ [line 918704]
2021-06-22 11:50:16,661 - DEBUG - Assigning indexes to genes
2021-06-22 11:50:16,667 - DEBUG - Seen 16582 genes until now
2021-06-22 11:50:16,667 - DEBUG - Parsing Chromosome 3 strand - [line 918705]
2021-06-22 11:50:16,817 - DEBUG - Done with 3- [line 957202]
2021-06-22 11:50:16,817 - DEBUG - Assigning indexes to genes
2021-06-22 11:50:16,821 - DEBUG - Seen 17302 genes until now
2021-06-22 11:50:16,821 - DEBUG - Parsing Chromosome 3 strand + [line 957203]
2021-06-22 11:50:16,988 - DEBUG - Done with 3+ [line 1000138]
2021-06-22 11:50:16,988 - DEBUG - Assigning indexes to genes
2021-06-22 11:50:16,991 - DEBUG - Seen 18021 genes until now
2021-06-22 11:50:16,991 - DEBUG - Parsing Chromosome 4 strand - [line 1000139]
2021-06-22 11:50:17,191 - DEBUG - Done with 4- [line 1050727]
2021-06-22 11:50:17,191 - DEBUG - Assigning indexes to genes
2021-06-22 11:50:17,195 - DEBUG - Seen 18875 genes until now
2021-06-22 11:50:17,195 - DEBUG - Parsing Chromosome 4 strand + [line 1050728]
2021-06-22 11:50:17,389 - DEBUG - Done with 4+ [line 1099723]
2021-06-22 11:50:17,389 - DEBUG - Assigning indexes to genes
2021-06-22 11:50:17,393 - DEBUG - Seen 19731 genes until now
2021-06-22 11:50:17,393 - DEBUG - Parsing Chromosome 5 strand - [line 1099724]
2021-06-22 11:50:17,871 - DEBUG - Done with 5- [line 1157394]
2021-06-22 11:50:17,871 - DEBUG - Assigning indexes to genes
2021-06-22 11:50:17,876 - DEBUG - Seen 20622 genes until now
2021-06-22 11:50:17,876 - DEBUG - Parsing Chromosome 5 strand + [line 1157395]
2021-06-22 11:50:18,106 - DEBUG - Done with 5+ [line 1215626]
2021-06-22 11:50:18,106 - DEBUG - Assigning indexes to genes
2021-06-22 11:50:18,111 - DEBUG - Seen 21539 genes until now
2021-06-22 11:50:18,111 - DEBUG - Parsing Chromosome 6 strand - [line 1215627]
2021-06-22 11:50:18,284 - DEBUG - Done with 6- [line 1260326]
2021-06-22 11:50:18,284 - DEBUG - Assigning indexes to genes
2021-06-22 11:50:18,288 - DEBUG - Seen 22385 genes until now
2021-06-22 11:50:18,288 - DEBUG - Parsing Chromosome 6 strand + [line 1260327]
2021-06-22 11:50:18,470 - DEBUG - Done with 6+ [line 1307744]
2021-06-22 11:50:18,471 - DEBUG - Assigning indexes to genes
2021-06-22 11:50:18,475 - DEBUG - Seen 23304 genes until now
2021-06-22 11:50:18,475 - DEBUG - Parsing Chromosome 7 strand - [line 1307745]
2021-06-22 11:50:18,751 - DEBUG - Done with 7- [line 1379880]
2021-06-22 11:50:18,751 - DEBUG - Assigning indexes to genes
2021-06-22 11:50:18,758 - DEBUG - Seen 24656 genes until now
2021-06-22 11:50:18,758 - DEBUG - Parsing Chromosome 7 strand + [line 1379881]
2021-06-22 11:50:19,027 - DEBUG - Done with 7+ [line 1450335]
2021-06-22 11:50:19,027 - DEBUG - Assigning indexes to genes
2021-06-22 11:50:19,033 - DEBUG - Seen 25873 genes until now
2021-06-22 11:50:19,034 - DEBUG - Parsing Chromosome 8 strand - [line 1450336]
2021-06-22 11:50:19,462 - DEBUG - Done with 8- [line 1485523]
2021-06-22 11:50:19,462 - DEBUG - Assigning indexes to genes
2021-06-22 11:50:19,465 - DEBUG - Seen 26580 genes until now
2021-06-22 11:50:19,465 - DEBUG - Parsing Chromosome 8 strand + [line 1485524]
2021-06-22 11:50:19,647 - DEBUG - Done with 8+ [line 1531960]
2021-06-22 11:50:19,647 - DEBUG - Assigning indexes to genes
2021-06-22 11:50:19,650 - DEBUG - Seen 27398 genes until now
2021-06-22 11:50:19,650 - DEBUG - Parsing Chromosome 9 strand - [line 1531961]
2021-06-22 11:50:19,854 - DEBUG - Done with 9- [line 1583207]
2021-06-22 11:50:19,854 - DEBUG - Assigning indexes to genes
2021-06-22 11:50:19,858 - DEBUG - Seen 28230 genes until now
2021-06-22 11:50:19,858 - DEBUG - Parsing Chromosome 9 strand + [line 1583208]
2021-06-22 11:50:20,065 - DEBUG - Done with 9+ [line 1635954]
2021-06-22 11:50:20,065 - DEBUG - Assigning indexes to genes
2021-06-22 11:50:20,069 - DEBUG - Seen 29142 genes until now
2021-06-22 11:50:20,069 - DEBUG - Parsing Chromosome GL456210.1 strand - [line 1635955]
2021-06-22 11:50:20,070 - DEBUG - Done with GL456210.1- [line 1635981]
2021-06-22 11:50:20,070 - DEBUG - Assigning indexes to genes
2021-06-22 11:50:20,070 - DEBUG - Seen 29145 genes until now
2021-06-22 11:50:20,070 - DEBUG - Parsing Chromosome GL456210.1 strand + [line 1635982]
2021-06-22 11:50:20,070 - DEBUG - Done with GL456210.1+ [line 1635996]
2021-06-22 11:50:20,070 - DEBUG - Assigning indexes to genes
2021-06-22 11:50:20,070 - DEBUG - Seen 29147 genes until now
2021-06-22 11:50:20,070 - DEBUG - Parsing Chromosome GL456211.1 strand - [line 1635997]
2021-06-22 11:50:20,070 - DEBUG - Done with GL456211.1- [line 1636024]
2021-06-22 11:50:20,070 - DEBUG - Assigning indexes to genes
2021-06-22 11:50:20,070 - DEBUG - Seen 29151 genes until now
2021-06-22 11:50:20,070 - DEBUG - Parsing Chromosome GL456211.1 strand + [line 1636025]
2021-06-22 11:50:20,070 - DEBUG - Done with GL456211.1+ [line 1636050]
2021-06-22 11:50:20,070 - DEBUG - Assigning indexes to genes
2021-06-22 11:50:20,071 - DEBUG - Seen 29153 genes until now
2021-06-22 11:50:20,071 - DEBUG - Parsing Chromosome GL456212.1 strand - [line 1636051]
2021-06-22 11:50:20,071 - DEBUG - Done with GL456212.1- [line 1636086]
2021-06-22 11:50:20,071 - DEBUG - Assigning indexes to genes
2021-06-22 11:50:20,071 - DEBUG - Seen 29155 genes until now
2021-06-22 11:50:20,071 - DEBUG - Parsing Chromosome GL456216.1 strand + [line 1636087]
2021-06-22 11:50:20,071 - DEBUG - Done with GL456216.1+ [line 1636106]
2021-06-22 11:50:20,071 - DEBUG - Assigning indexes to genes
2021-06-22 11:50:20,071 - DEBUG - Seen 29156 genes until now
2021-06-22 11:50:20,071 - DEBUG - Parsing Chromosome GL456219.1 strand - [line 1636107]
2021-06-22 11:50:20,071 - DEBUG - Done with GL456219.1- [line 1636118]
2021-06-22 11:50:20,071 - DEBUG - Assigning indexes to genes
2021-06-22 11:50:20,071 - DEBUG - Seen 29158 genes until now
2021-06-22 11:50:20,071 - DEBUG - Parsing Chromosome GL456221.1 strand - [line 1636119]
2021-06-22 11:50:20,072 - DEBUG - Done with GL456221.1- [line 1636162]
2021-06-22 11:50:20,072 - DEBUG - Assigning indexes to genes
2021-06-22 11:50:20,072 - DEBUG - Seen 29162 genes until now
2021-06-22 11:50:20,072 - DEBUG - Parsing Chromosome GL456221.1 strand + [line 1636163]
2021-06-22 11:50:20,072 - DEBUG - Done with GL456221.1+ [line 1636181]
2021-06-22 11:50:20,072 - DEBUG - Assigning indexes to genes
2021-06-22 11:50:20,072 - DEBUG - Seen 29165 genes until now
2021-06-22 11:50:20,072 - DEBUG - Parsing Chromosome GL456233.1 strand - [line 1636182]
2021-06-22 11:50:20,072 - DEBUG - Done with GL456233.1- [line 1636213]
2021-06-22 11:50:20,072 - DEBUG - Assigning indexes to genes
2021-06-22 11:50:20,072 - DEBUG - Seen 29167 genes until now
2021-06-22 11:50:20,072 - DEBUG - Parsing Chromosome GL456233.1 strand + [line 1636214]
2021-06-22 11:50:20,072 - DEBUG - Done with GL456233.1+ [line 1636244]
2021-06-22 11:50:20,073 - DEBUG - Assigning indexes to genes
2021-06-22 11:50:20,073 - DEBUG - Seen 29169 genes until now
2021-06-22 11:50:20,073 - DEBUG - Parsing Chromosome GL456350.1 strand - [line 1636245]
2021-06-22 11:50:20,073 - DEBUG - Done with GL456350.1- [line 1636304]
2021-06-22 11:50:20,073 - DEBUG - Assigning indexes to genes
2021-06-22 11:50:20,073 - DEBUG - Seen 29174 genes until now
2021-06-22 11:50:20,073 - DEBUG - Parsing Chromosome GL456354.1 strand - [line 1636305]
2021-06-22 11:50:20,073 - DEBUG - Done with GL456354.1- [line 1636337]
2021-06-22 11:50:20,073 - DEBUG - Assigning indexes to genes
2021-06-22 11:50:20,073 - DEBUG - Seen 29177 genes until now
2021-06-22 11:50:20,073 - DEBUG - Parsing Chromosome GL456354.1 strand + [line 1636338]
2021-06-22 11:50:20,074 - DEBUG - Done with GL456354.1+ [line 1636357]
2021-06-22 11:50:20,074 - DEBUG - Assigning indexes to genes
2021-06-22 11:50:20,074 - DEBUG - Seen 29179 genes until now
2021-06-22 11:50:20,074 - DEBUG - Parsing Chromosome JH584292.1 strand + [line 1636358]
2021-06-22 11:50:20,074 - DEBUG - Done with JH584292.1+ [line 1636433]
2021-06-22 11:50:20,074 - DEBUG - Assigning indexes to genes
2021-06-22 11:50:20,074 - DEBUG - Seen 29180 genes until now
2021-06-22 11:50:20,074 - DEBUG - Parsing Chromosome JH584293.1 strand - [line 1636434]
2021-06-22 11:50:20,074 - DEBUG - Done with JH584293.1- [line 1636500]
2021-06-22 11:50:20,074 - DEBUG - Assigning indexes to genes
2021-06-22 11:50:20,075 - DEBUG - Seen 29186 genes until now
2021-06-22 11:50:20,075 - DEBUG - Parsing Chromosome JH584293.1 strand + [line 1636501]
2021-06-22 11:50:20,075 - DEBUG - Done with JH584293.1+ [line 1636542]
2021-06-22 11:50:20,075 - DEBUG - Assigning indexes to genes
2021-06-22 11:50:20,075 - DEBUG - Seen 29189 genes until now
2021-06-22 11:50:20,075 - DEBUG - Parsing Chromosome JH584294.1 strand - [line 1636543]
2021-06-22 11:50:20,075 - DEBUG - Done with JH584294.1- [line 1636607]
2021-06-22 11:50:20,075 - DEBUG - Assigning indexes to genes
2021-06-22 11:50:20,075 - DEBUG - Seen 29193 genes until now
2021-06-22 11:50:20,075 - DEBUG - Parsing Chromosome JH584294.1 strand + [line 1636608]
2021-06-22 11:50:20,075 - DEBUG - Done with JH584294.1+ [line 1636631]
2021-06-22 11:50:20,076 - DEBUG - Assigning indexes to genes
2021-06-22 11:50:20,076 - DEBUG - Seen 29195 genes until now
2021-06-22 11:50:20,076 - DEBUG - Parsing Chromosome JH584295.1 strand - [line 1636632]
2021-06-22 11:50:20,076 - DEBUG - Done with JH584295.1- [line 1636647]
2021-06-22 11:50:20,076 - DEBUG - Assigning indexes to genes
2021-06-22 11:50:20,076 - DEBUG - Seen 29196 genes until now
2021-06-22 11:50:20,076 - DEBUG - Parsing Chromosome JH584296.1 strand - [line 1636648]
2021-06-22 11:50:20,076 - DEBUG - Done with JH584296.1- [line 1636675]
2021-06-22 11:50:20,076 - DEBUG - Assigning indexes to genes
2021-06-22 11:50:20,076 - DEBUG - Seen 29199 genes until now
2021-06-22 11:50:20,076 - DEBUG - Parsing Chromosome JH584297.1 strand - [line 1636676]
2021-06-22 11:50:20,076 - DEBUG - Done with JH584297.1- [line 1636694]
2021-06-22 11:50:20,076 - DEBUG - Assigning indexes to genes
2021-06-22 11:50:20,076 - DEBUG - Seen 29201 genes until now
2021-06-22 11:50:20,076 - DEBUG - Parsing Chromosome JH584297.1 strand + [line 1636695]
2021-06-22 11:50:20,077 - DEBUG - Done with JH584297.1+ [line 1636703]
2021-06-22 11:50:20,077 - DEBUG - Assigning indexes to genes
2021-06-22 11:50:20,077 - DEBUG - Seen 29202 genes until now
2021-06-22 11:50:20,077 - DEBUG - Parsing Chromosome JH584298.1 strand - [line 1636704]
2021-06-22 11:50:20,077 - DEBUG - Done with JH584298.1- [line 1636714]
2021-06-22 11:50:20,077 - DEBUG - Assigning indexes to genes
2021-06-22 11:50:20,077 - DEBUG - Seen 29203 genes until now
2021-06-22 11:50:20,077 - DEBUG - Parsing Chromosome JH584298.1 strand + [line 1636715]
2021-06-22 11:50:20,077 - DEBUG - Done with JH584298.1+ [line 1636735]
2021-06-22 11:50:20,077 - DEBUG - Assigning indexes to genes
2021-06-22 11:50:20,077 - DEBUG - Seen 29205 genes until now
2021-06-22 11:50:20,077 - DEBUG - Parsing Chromosome JH584299.1 strand - [line 1636736]
2021-06-22 11:50:20,077 - DEBUG - Done with JH584299.1- [line 1636745]
2021-06-22 11:50:20,077 - DEBUG - Assigning indexes to genes
2021-06-22 11:50:20,077 - DEBUG - Seen 29206 genes until now
2021-06-22 11:50:20,077 - DEBUG - Parsing Chromosome JH584299.1 strand + [line 1636746]
2021-06-22 11:50:20,078 - DEBUG - Done with JH584299.1+ [line 1636857]
2021-06-22 11:50:20,078 - DEBUG - Assigning indexes to genes
2021-06-22 11:50:20,078 - DEBUG - Seen 29217 genes until now
2021-06-22 11:50:20,078 - DEBUG - Parsing Chromosome JH584303.1 strand + [line 1636858]
2021-06-22 11:50:20,078 - DEBUG - Done with JH584303.1+ [line 1636862]
2021-06-22 11:50:20,078 - DEBUG - Assigning indexes to genes
2021-06-22 11:50:20,078 - DEBUG - Seen 29218 genes until now
2021-06-22 11:50:20,078 - DEBUG - Parsing Chromosome JH584304.1 strand - [line 1636863]
2021-06-22 11:50:20,078 - DEBUG - Done with JH584304.1- [line 1636895]
2021-06-22 11:50:20,078 - DEBUG - Assigning indexes to genes
2021-06-22 11:50:20,078 - DEBUG - Seen 29219 genes until now
2021-06-22 11:50:20,079 - DEBUG - Parsing Chromosome MT strand - [line 1636896]
2021-06-22 11:50:20,079 - DEBUG - Done with MT- [line 1636901]
2021-06-22 11:50:20,079 - DEBUG - Assigning indexes to genes
2021-06-22 11:50:20,079 - DEBUG - Seen 29220 genes until now
2021-06-22 11:50:20,079 - DEBUG - Parsing Chromosome MT strand + [line 1636902]
2021-06-22 11:50:20,079 - DEBUG - Done with MT+ [line 1636970]
2021-06-22 11:50:20,079 - DEBUG - Assigning indexes to genes
2021-06-22 11:50:20,079 - DEBUG - Seen 29232 genes until now
2021-06-22 11:50:20,079 - DEBUG - Parsing Chromosome X strand - [line 1636971]
2021-06-22 11:50:20,184 - DEBUG - Done with X- [line 1663962]
2021-06-22 11:50:20,184 - DEBUG - Assigning indexes to genes
2021-06-22 11:50:20,186 - DEBUG - Seen 29755 genes until now
2021-06-22 11:50:20,186 - DEBUG - Parsing Chromosome X strand + [line 1663963]
2021-06-22 11:50:20,303 - DEBUG - Done with X+ [line 1694333]
2021-06-22 11:50:20,303 - DEBUG - Assigning indexes to genes
2021-06-22 11:50:20,305 - DEBUG - Seen 30320 genes until now
2021-06-22 11:50:20,305 - DEBUG - Parsing Chromosome Y strand - [line 1694334]
2021-06-22 11:50:20,325 - DEBUG - Done with Y- [line 1698842]
2021-06-22 11:50:20,325 - DEBUG - Assigning indexes to genes
2021-06-22 11:50:20,326 - DEBUG - Seen 30662 genes until now
2021-06-22 11:50:20,326 - DEBUG - Parsing Chromosome Y strand + [line 1698843]
2021-06-22 11:50:20,348 - DEBUG - Assigning indexes to genes
2021-06-22 11:50:20,349 - DEBUG - Done with Y+ [line 1704063]
2021-06-22 11:50:20,349 - DEBUG - Fixing corner cases of transcript models containg intron longer than 1000Kbp
2021-06-22 11:50:21,246 - DEBUG - Generated 1423079 features corresponding to 111079 transcript models from /research/peer/fdeckert/FD20200109SPLENO/data/mm10/cellranger/Mus_musculus.GRCm38.93.filtered.gtf
2021-06-22 11:50:21,260 - INFO - Load the repeat masking annotation from /research/peer/fdeckert/FD20200109SPLENO/data/mm10/mm10_rmsk.gtf
2021-06-22 11:50:21,260 - DEBUG - Reading /research/peer/fdeckert/FD20200109SPLENO/data/mm10/mm10_rmsk.gtf, the file will be sorted in memory
2021-06-22 11:50:45,686 - DEBUG - Processed masked annotation .gtf and generated 4252016 intervals to mask!
2021-06-22 11:50:45,918 - INFO - Scan /research/peer/fdeckert/FD20200109SPLENO/data/BSA_0355_SM01_10x_SPLENO/OUT/COUNT/M2_CpG_Mac_transcriptome/possorted_genome_bam.bam to validate intron intervals
2021-06-22 11:50:48,150 - DEBUG - Reading /research/peer/fdeckert/FD20200109SPLENO/data/BSA_0355_SM01_10x_SPLENO/OUT/COUNT/M2_CpG_Mac_transcriptome/possorted_genome_bam.bam
2021-06-22 11:50:48,159 - DEBUG - Read first 0 million reads
2021-06-22 11:50:48,163 - DEBUG - Marking up chromosome 1
2021-06-22 11:50:58,518 - DEBUG - Marking up chromosome 10
2021-06-22 11:51:06,728 - DEBUG - Marking up chromosome 11
2021-06-22 11:51:20,576 - DEBUG - Marking up chromosome 12
2021-06-22 11:51:26,621 - DEBUG - Marking up chromosome 13
2021-06-22 11:51:32,780 - DEBUG - Marking up chromosome 14
2021-06-22 11:51:39,275 - DEBUG - Marking up chromosome 15
2021-06-22 11:51:45,969 - DEBUG - Marking up chromosome 16
2021-06-22 11:51:50,916 - DEBUG - Marking up chromosome 17
2021-06-22 11:52:03,772 - DEBUG - Marking up chromosome 18
2021-06-22 11:52:07,660 - DEBUG - Read first 10 million reads
2021-06-22 11:52:09,349 - DEBUG - Marking up chromosome 19
2021-06-22 11:52:18,123 - DEBUG - Marking up chromosome 2
2021-06-22 11:52:31,514 - DEBUG - Marking up chromosome 3
2021-06-22 11:52:39,148 - DEBUG - Marking up chromosome 4
2021-06-22 11:52:48,817 - DEBUG - Marking up chromosome 5
2021-06-22 11:52:59,681 - DEBUG - Marking up chromosome 6
2021-06-22 11:53:08,378 - DEBUG - Marking up chromosome 7
2021-06-22 11:53:23,332 - DEBUG - Marking up chromosome 8
2021-06-22 11:53:29,221 - DEBUG - Read first 20 million reads
2021-06-22 11:53:30,710 - DEBUG - Marking up chromosome 9
2021-06-22 11:53:39,852 - DEBUG - Marking up chromosome MT
2021-06-22 11:53:41,943 - DEBUG - Marking up chromosome X
2021-06-22 11:53:49,173 - DEBUG - Marking up chromosome Y
2021-06-22 11:53:49,349 - DEBUG - Marking up chromosome JH584299.1
2021-06-22 11:53:49,349 - DEBUG - Marking up chromosome GL456233.1
2021-06-22 11:53:49,354 - DEBUG - Marking up chromosome GL456211.1
2021-06-22 11:53:49,363 - DEBUG - Marking up chromosome GL456221.1
2021-06-22 11:53:49,367 - DEBUG - Marking up chromosome JH584300.1
2021-06-22 11:53:49,367 - WARNING - The .bam file refers to a chromosome 'JH584300.1+' not present in the annotation (.gtf) file
2021-06-22 11:53:49,367 - WARNING - The .bam file refers to a chromosome 'JH584300.1-' not present in the annotation (.gtf) file
2021-06-22 11:53:49,384 - DEBUG - Marking up chromosome GL456210.1
2021-06-22 11:53:49,390 - DEBUG - Marking up chromosome GL456212.1
2021-06-22 11:53:49,390 - WARNING - The .bam file refers to a chromosome 'GL456212.1+' not present in the annotation (.gtf) file
2021-06-22 11:53:49,393 - DEBUG - Marking up chromosome JH584304.1
2021-06-22 11:53:49,393 - WARNING - The .bam file refers to a chromosome 'JH584304.1+' not present in the annotation (.gtf) file
2021-06-22 11:53:49,426 - DEBUG - Marking up chromosome GL456216.1
2021-06-22 11:53:49,426 - WARNING - The .bam file refers to a chromosome 'GL456216.1-' not present in the annotation (.gtf) file
2021-06-22 11:53:49,434 - DEBUG - Marking up chromosome GL456383.1
2021-06-22 11:53:49,434 - WARNING - The .bam file refers to a chromosome 'GL456383.1+' not present in the annotation (.gtf) file
2021-06-22 11:53:49,434 - WARNING - The .bam file refers to a chromosome 'GL456383.1-' not present in the annotation (.gtf) file
2021-06-22 11:53:49,434 - DEBUG - Marking up chromosome GL456378.1
2021-06-22 11:53:49,434 - WARNING - The .bam file refers to a chromosome 'GL456378.1+' not present in the annotation (.gtf) file
2021-06-22 11:53:49,434 - WARNING - The .bam file refers to a chromosome 'GL456378.1-' not present in the annotation (.gtf) file
2021-06-22 11:53:49,435 - DEBUG - Marking up chromosome GL456389.1
2021-06-22 11:53:49,435 - WARNING - The .bam file refers to a chromosome 'GL456389.1+' not present in the annotation (.gtf) file
2021-06-22 11:53:49,435 - WARNING - The .bam file refers to a chromosome 'GL456389.1-' not present in the annotation (.gtf) file
2021-06-22 11:53:49,435 - DEBUG - Marking up chromosome GL456372.1
2021-06-22 11:53:49,435 - WARNING - The .bam file refers to a chromosome 'GL456372.1+' not present in the annotation (.gtf) file
2021-06-22 11:53:49,435 - WARNING - The .bam file refers to a chromosome 'GL456372.1-' not present in the annotation (.gtf) file
2021-06-22 11:53:49,438 - DEBUG - Marking up chromosome GL456370.1
2021-06-22 11:53:49,438 - WARNING - The .bam file refers to a chromosome 'GL456370.1+' not present in the annotation (.gtf) file
2021-06-22 11:53:49,438 - WARNING - The .bam file refers to a chromosome 'GL456370.1-' not present in the annotation (.gtf) file
2021-06-22 11:53:49,440 - DEBUG - Marking up chromosome GL456392.1
2021-06-22 11:53:49,440 - WARNING - The .bam file refers to a chromosome 'GL456392.1+' not present in the annotation (.gtf) file
2021-06-22 11:53:49,441 - WARNING - The .bam file refers to a chromosome 'GL456392.1-' not present in the annotation (.gtf) file
2021-06-22 11:53:49,441 - DEBUG - Marking up chromosome GL456382.1
2021-06-22 11:53:49,441 - WARNING - The .bam file refers to a chromosome 'GL456382.1+' not present in the annotation (.gtf) file
2021-06-22 11:53:49,441 - WARNING - The .bam file refers to a chromosome 'GL456382.1-' not present in the annotation (.gtf) file
2021-06-22 11:53:49,470 - DEBUG - Marking up chromosome JH584295.1
2021-06-22 11:53:49,470 - WARNING - The .bam file refers to a chromosome 'JH584295.1+' not present in the annotation (.gtf) file
2021-06-22 11:54:01,291 - DEBUG - End of file. Reset index: start scanning from initial position.
2021-06-22 11:54:01,291 - DEBUG - 493998 reads were skipped because no apropiate cell or umi barcode was found
2021-06-22 11:54:01,291 - DEBUG - Start molecule counting!
2021-06-22 11:54:04,771 - DEBUG - Features available for chromosomes : ['1-', '1+', '10-', '10+', '11-', '11+', '12-', '12+', '13-', '13+', '14-', '14+', '15-', '15+', '16-', '16+', '17-', '17+', '18-', '18+', '19-', '19+', '2-', '2+', '3-', '3+', '4-', '4+', '5-', '5+', '6-', '6+', '7-', '7+', '8-', '8+', '9-', '9+', 'GL456210.1-', 'GL456210.1+', 'GL456211.1-', 'GL456211.1+', 'GL456212.1-', 'GL456216.1+', 'GL456219.1-', 'GL456221.1-', 'GL456221.1+', 'GL456233.1-', 'GL456233.1+', 'GL456350.1-', 'GL456354.1-', 'GL456354.1+', 'JH584292.1+', 'JH584293.1-', 'JH584293.1+', 'JH584294.1-', 'JH584294.1+', 'JH584295.1-', 'JH584296.1-', 'JH584297.1-', 'JH584297.1+', 'JH584298.1-', 'JH584298.1+', 'JH584299.1-', 'JH584299.1+', 'JH584303.1+', 'JH584304.1-', 'MT-', 'MT+', 'X-', 'X+', 'Y-', 'Y+']
2021-06-22 11:54:04,771 - DEBUG - Mask available for chromosomes : ['1-', '1+', '10-', '10+', '11-', '11+', '12-', '12+', '13-', '13+', '14-', '14+', '15-', '15+', '16-', '16+', '17-', '17+', '18-', '18+', '19-', '19+', '1_GL456210_random-', '1_GL456210_random+', '1_GL456211_random-', '1_GL456211_random+', '1_GL456212_random-', '1_GL456212_random+', '1_GL456213_random-', '1_GL456213_random+', '1_GL456221_random-', '1_GL456221_random+', '2-', '2+', '3-', '3+', '4-', '4+', '4_GL456216_random-', '4_GL456216_random+', '4_GL456350_random-', '4_GL456350_random+', '4_JH584292_random-', '4_JH584292_random+', '4_JH584293_random-', '4_JH584293_random+', '4_JH584294_random-', '4_JH584294_random+', '4_JH584295_random+', '5-', '5+', '5_GL456354_random-', '5_GL456354_random+', '5_JH584296_random-', '5_JH584296_random+', '5_JH584297_random-', '5_JH584297_random+', '5_JH584298_random-', '5_JH584298_random+', '5_JH584299_random-', '5_JH584299_random+', '6-', '6+', '7-', '7+', '7_GL456219_random-', '7_GL456219_random+', '8-', '8+', '9-', '9+', 'M-', 'M+', 'Un_GL456239-', 'Un_GL456239+', 'Un_GL456359-', 'Un_GL456359+', 'Un_GL456360-', 'Un_GL456360+', 'Un_GL456366-', 'Un_GL456366+', 'Un_GL456367-', 'Un_GL456367+', 'Un_GL456368-', 'Un_GL456368+', 'Un_GL456370+', 'Un_GL456372-', 'Un_GL456372+', 'Un_GL456378-', 'Un_GL456378+', 'Un_GL456379-', 'Un_GL456379+', 'Un_GL456381-', 'Un_GL456381+', 'Un_GL456382-', 'Un_GL456382+', 'Un_GL456383-', 'Un_GL456383+', 'Un_GL456385-', 'Un_GL456385+', 'Un_GL456387-', 'Un_GL456387+', 'Un_GL456389-', 'Un_GL456389+', 'Un_GL456390-', 'Un_GL456390+', 'Un_GL456392-', 'Un_GL456392+', 'Un_GL456393-', 'Un_GL456393+', 'Un_GL456394-', 'Un_GL456394+', 'Un_GL456396-', 'Un_GL456396+', 'Un_JH584304-', 'Un_JH584304+', 'X-', 'X+', 'X_GL456233_random-', 'X_GL456233_random+', 'Y-', 'Y+', 'Y_JH584300_random-', 'Y_JH584300_random+', 'Y_JH584301_random-', 'Y_JH584301_random+', 'Y_JH584302_random-', 'Y_JH584302_random+', 'Y_JH584303_random-']
2021-06-22 11:54:04,771 - DEBUG - Summarizing the results of intron validation.
2021-06-22 11:54:05,049 - DEBUG - Validated 103005 introns (of which unique intervals 39545) out of 656000 total possible introns (considering each possible transcript models).
2021-06-22 11:54:05,049 - DEBUG - Reading /research/peer/fdeckert/FD20200109SPLENO/data/BSA_0355_SM01_10x_SPLENO/OUT/COUNT/M2_CpG_Mac_transcriptome/cellsorted_possorted_genome_bam.bam
2021-06-22 11:54:05,068 - DEBUG - Read first 0 million reads
2021-06-22 11:54:15,415 - DEBUG - Counting for batch 1, containing 100 cells and 383602 reads
2021-06-22 11:54:28,887 - DEBUG - 22985 reads not considered because fully enclosed in repeat masked regions
2021-06-22 11:54:39,251 - DEBUG - Counting for batch 2, containing 100 cells and 363138 reads
2021-06-22 11:54:52,173 - DEBUG - 22986 reads not considered because fully enclosed in repeat masked regions
2021-06-22 11:55:02,485 - DEBUG - Counting for batch 3, containing 100 cells and 410358 reads
2021-06-22 11:55:16,582 - DEBUG - 25527 reads not considered because fully enclosed in repeat masked regions
2021-06-22 11:55:25,841 - DEBUG - Counting for batch 4, containing 100 cells and 378104 reads
2021-06-22 11:55:40,479 - DEBUG - 23947 reads not considered because fully enclosed in repeat masked regions
2021-06-22 11:55:49,728 - DEBUG - Counting for batch 5, containing 100 cells and 387628 reads
2021-06-22 11:56:05,001 - DEBUG - 23945 reads not considered because fully enclosed in repeat masked regions
2021-06-22 11:56:14,423 - DEBUG - Counting for batch 6, containing 100 cells and 385922 reads
2021-06-22 11:56:28,020 - DEBUG - 23688 reads not considered because fully enclosed in repeat masked regions
2021-06-22 11:56:38,858 - DEBUG - Counting for batch 7, containing 100 cells and 442872 reads
2021-06-22 11:56:53,904 - DEBUG - 28060 reads not considered because fully enclosed in repeat masked regions
2021-06-22 11:57:04,223 - DEBUG - Counting for batch 8, containing 100 cells and 369457 reads
2021-06-22 11:57:17,404 - DEBUG - 24175 reads not considered because fully enclosed in repeat masked regions
2021-06-22 11:57:25,165 - DEBUG - Read first 10 million reads
2021-06-22 11:57:26,620 - DEBUG - Counting for batch 9, containing 100 cells and 409516 reads
2021-06-22 11:57:41,948 - DEBUG - 26283 reads not considered because fully enclosed in repeat masked regions
2021-06-22 11:57:51,903 - DEBUG - Counting for batch 10, containing 100 cells and 396710 reads
2021-06-22 11:58:07,281 - DEBUG - 24742 reads not considered because fully enclosed in repeat masked regions
2021-06-22 11:58:16,786 - DEBUG - Counting for batch 11, containing 100 cells and 401975 reads
2021-06-22 11:58:30,800 - DEBUG - 24673 reads not considered because fully enclosed in repeat masked regions
2021-06-22 11:58:42,118 - DEBUG - Counting for batch 12, containing 100 cells and 439279 reads
2021-06-22 11:58:58,697 - DEBUG - 26783 reads not considered because fully enclosed in repeat masked regions
2021-06-22 11:59:08,575 - DEBUG - Counting for batch 13, containing 100 cells and 439809 reads
2021-06-22 11:59:23,650 - DEBUG - 26485 reads not considered because fully enclosed in repeat masked regions
2021-06-22 11:59:34,365 - DEBUG - Counting for batch 14, containing 100 cells and 396434 reads
2021-06-22 11:59:48,186 - DEBUG - 25503 reads not considered because fully enclosed in repeat masked regions
2021-06-22 11:59:57,160 - DEBUG - Counting for batch 15, containing 100 cells and 386524 reads
2021-06-22 12:00:12,098 - DEBUG - 24787 reads not considered because fully enclosed in repeat masked regions
2021-06-22 12:00:21,466 - DEBUG - Counting for batch 16, containing 100 cells and 421377 reads
2021-06-22 12:00:37,213 - DEBUG - 25322 reads not considered because fully enclosed in repeat masked regions
2021-06-22 12:00:46,380 - DEBUG - Counting for batch 17, containing 100 cells and 367497 reads
2021-06-22 12:00:59,374 - DEBUG - 23033 reads not considered because fully enclosed in repeat masked regions
2021-06-22 12:01:08,973 - DEBUG - Counting for batch 18, containing 100 cells and 358096 reads
2021-06-22 12:01:21,795 - DEBUG - 22879 reads not considered because fully enclosed in repeat masked regions
2021-06-22 12:01:28,189 - DEBUG - Read first 20 million reads
2021-06-22 12:01:31,755 - DEBUG - Counting for batch 19, containing 100 cells and 381907 reads
2021-06-22 12:01:45,153 - DEBUG - 24046 reads not considered because fully enclosed in repeat masked regions
2021-06-22 12:01:54,574 - DEBUG - Counting for batch 20, containing 100 cells and 405805 reads
2021-06-22 12:02:09,950 - DEBUG - 26415 reads not considered because fully enclosed in repeat masked regions
2021-06-22 12:02:18,714 - DEBUG - Counting for batch 21, containing 100 cells and 357693 reads
2021-06-22 12:02:33,020 - DEBUG - 22511 reads not considered because fully enclosed in repeat masked regions
2021-06-22 12:02:42,109 - DEBUG - Counting for batch 22, containing 100 cells and 401093 reads
2021-06-22 12:02:55,801 - DEBUG - 26907 reads not considered because fully enclosed in repeat masked regions
2021-06-22 12:03:05,592 - DEBUG - Counting for batch 23, containing 100 cells and 361923 reads
2021-06-22 12:03:18,529 - DEBUG - 23007 reads not considered because fully enclosed in repeat masked regions
2021-06-22 12:03:27,214 - DEBUG - Counting for batch 24, containing 100 cells and 378772 reads
2021-06-22 12:03:41,758 - DEBUG - 24598 reads not considered because fully enclosed in repeat masked regions
2021-06-22 12:03:50,497 - DEBUG - Counting for batch 25, containing 100 cells and 356896 reads
2021-06-22 12:04:03,335 - DEBUG - 21389 reads not considered because fully enclosed in repeat masked regions
2021-06-22 12:04:12,946 - DEBUG - Counting for batch 26, containing 100 cells and 390967 reads
2021-06-22 12:04:26,530 - DEBUG - 24739 reads not considered because fully enclosed in repeat masked regions
2021-06-22 12:04:37,477 - DEBUG - Counting for batch 27, containing 100 cells and 439476 reads
2021-06-22 12:04:52,375 - DEBUG - 27029 reads not considered because fully enclosed in repeat masked regions
2021-06-22 12:04:56,665 - DEBUG - Counting for batch 28, containing 14 cells and 42397 reads
2021-06-22 12:05:01,213 - DEBUG - 2699 reads not considered because fully enclosed in repeat masked regions
2021-06-22 12:05:01,569 - DEBUG - 493998 reads were skipped because no apropiate cell or umi barcode was found
2021-06-22 12:05:01,569 - DEBUG - Counting done!
2021-06-22 12:05:01,574 - DEBUG - Generating output file data/BSA_0355_SM01_10x_SPLENO/OUT/COUNT/M2_CpG_Mac_transcriptome/velocyto.loom
2021-06-22 12:05:01,574 - DEBUG - Collecting row attributes
2021-06-22 12:05:01,649 - DEBUG - Generating data table
2021-06-22 12:05:02,285 - DEBUG - Writing loom file
2021-06-22 12:05:04,335 - DEBUG - Creating converter from 5 to 3
2021-06-22 12:05:04,549 - DEBUG - Creating converter from 3 to 5
2021-06-22 12:05:09,177 - DEBUG - Terminated Succesfully!
