2021-06-08 12:29:50,818 - DEBUG - Using logic: ValidatedIntrons10X
2021-06-08 12:29:50,823 - INFO - Read 3317 cell barcodes from /research/peer/fdeckert/FD20200109SPLENO/data/BSA_0355_SM01_10x_SPLENO/OUT/COUNT/M1_CpG_Prog_transcriptome/filtered_feature_bc_matrix/barcodes.qc.tsv
2021-06-08 12:29:50,823 - DEBUG - Example of barcode: AAACCCAAGAGGATGA and cell_id: qc:AAACCCAAGAGGATGA-1_2
2021-06-08 12:29:50,833 - DEBUG - Peeking into /research/peer/fdeckert/FD20200109SPLENO/data/BSA_0355_SM01_10x_SPLENO/OUT/COUNT/M1_CpG_Prog_transcriptome/possorted_genome_bam.bam
2021-06-08 12:29:50,846 - WARNING - Not found cell and umi barcode in entry 2 of the bam file
2021-06-08 12:29:50,846 - WARNING - Not found cell and umi barcode in entry 44 of the bam file
2021-06-08 12:29:50,846 - WARNING - Not found cell and umi barcode in entry 91 of the bam file
2021-06-08 12:29:50,846 - WARNING - Not found cell and umi barcode in entry 96 of the bam file
2021-06-08 12:29:50,847 - WARNING - Not found cell and umi barcode in entry 152 of the bam file
2021-06-08 12:29:50,847 - WARNING - Not found cell and umi barcode in entry 194 of the bam file
2021-06-08 12:29:50,847 - WARNING - Not found cell and umi barcode in entry 229 of the bam file
2021-06-08 12:29:50,847 - WARNING - Not found cell and umi barcode in entry 230 of the bam file
2021-06-08 12:29:50,847 - WARNING - Not found cell and umi barcode in entry 237 of the bam file
2021-06-08 12:29:50,847 - WARNING - Not found cell and umi barcode in entry 282 of the bam file
2021-06-08 12:29:50,847 - WARNING - Not found cell and umi barcode in entry 283 of the bam file
2021-06-08 12:29:50,847 - WARNING - Not found cell and umi barcode in entry 325 of the bam file
2021-06-08 12:29:50,848 - WARNING - Not found cell and umi barcode in entry 385 of the bam file
2021-06-08 12:29:50,848 - WARNING - Not found cell and umi barcode in entry 388 of the bam file
2021-06-08 12:29:50,848 - WARNING - Not found cell and umi barcode in entry 389 of the bam file
2021-06-08 12:29:50,848 - WARNING - Not found cell and umi barcode in entry 417 of the bam file
2021-06-08 12:29:50,848 - WARNING - Not found cell and umi barcode in entry 540 of the bam file
2021-06-08 12:29:50,848 - WARNING - Not found cell and umi barcode in entry 541 of the bam file
2021-06-08 12:29:50,848 - WARNING - Not found cell and umi barcode in entry 560 of the bam file
2021-06-08 12:29:50,848 - WARNING - Not found cell and umi barcode in entry 564 of the bam file
2021-06-08 12:29:50,849 - WARNING - Not found cell and umi barcode in entry 610 of the bam file
2021-06-08 12:29:50,849 - WARNING - Not found cell and umi barcode in entry 611 of the bam file
2021-06-08 12:29:50,849 - WARNING - Not found cell and umi barcode in entry 613 of the bam file
2021-06-08 12:29:50,849 - WARNING - Not found cell and umi barcode in entry 617 of the bam file
2021-06-08 12:29:50,849 - WARNING - Not found cell and umi barcode in entry 619 of the bam file
2021-06-08 12:29:50,849 - WARNING - Not found cell and umi barcode in entry 620 of the bam file
2021-06-08 12:29:50,849 - WARNING - Not found cell and umi barcode in entry 623 of the bam file
2021-06-08 12:29:50,849 - WARNING - Not found cell and umi barcode in entry 644 of the bam file
2021-06-08 12:29:50,849 - WARNING - Not found cell and umi barcode in entry 665 of the bam file
2021-06-08 12:29:50,850 - WARNING - Not found cell and umi barcode in entry 813 of the bam file
2021-06-08 12:29:50,850 - WARNING - Not found cell and umi barcode in entry 972 of the bam file
2021-06-08 12:29:50,860 - INFO - Starting the sorting process of /research/peer/fdeckert/FD20200109SPLENO/data/BSA_0355_SM01_10x_SPLENO/OUT/COUNT/M1_CpG_Prog_transcriptome/possorted_genome_bam.bam the output will be at: /research/peer/fdeckert/FD20200109SPLENO/data/BSA_0355_SM01_10x_SPLENO/OUT/COUNT/M1_CpG_Prog_transcriptome/cellsorted_possorted_genome_bam.bam
2021-06-08 12:29:50,861 - INFO - Command being run is: samtools sort -l 7 -m 100M -t CB -O BAM -@ 10 -o /research/peer/fdeckert/FD20200109SPLENO/data/BSA_0355_SM01_10x_SPLENO/OUT/COUNT/M1_CpG_Prog_transcriptome/cellsorted_possorted_genome_bam.bam /research/peer/fdeckert/FD20200109SPLENO/data/BSA_0355_SM01_10x_SPLENO/OUT/COUNT/M1_CpG_Prog_transcriptome/possorted_genome_bam.bam
2021-06-08 12:29:50,861 - INFO - While the bam sorting happens do other things...
2021-06-08 12:29:50,861 - INFO - Load the annotation from /research/peer/fdeckert/FD20200109SPLENO/data/mm10/cellranger/Mus_musculus.GRCm38.93.filtered.gtf
2021-06-08 12:30:15,568 - DEBUG - Parsing Chromosome 1 strand - [line 0]
2021-06-08 12:30:16,991 - DEBUG - Done with 1- [line 55263]
2021-06-08 12:30:16,991 - DEBUG - Assigning indexes to genes
2021-06-08 12:30:17,011 - DEBUG - Seen 852 genes until now
2021-06-08 12:30:17,012 - DEBUG - Parsing Chromosome 1 strand + [line 55264]
2021-06-08 12:30:18,276 - DEBUG - Done with 1+ [line 108827]
2021-06-08 12:30:18,276 - DEBUG - Assigning indexes to genes
2021-06-08 12:30:18,291 - DEBUG - Seen 1744 genes until now
2021-06-08 12:30:18,291 - DEBUG - Parsing Chromosome 10 strand - [line 108828]
2021-06-08 12:30:19,550 - DEBUG - Done with 10- [line 148287]
2021-06-08 12:30:19,575 - DEBUG - Assigning indexes to genes
2021-06-08 12:30:19,606 - DEBUG - Seen 2492 genes until now
2021-06-08 12:30:19,606 - DEBUG - Parsing Chromosome 10 strand + [line 148288]
2021-06-08 12:30:21,253 - DEBUG - Done with 10+ [line 190661]
2021-06-08 12:30:21,254 - DEBUG - Assigning indexes to genes
2021-06-08 12:30:21,301 - DEBUG - Seen 3285 genes until now
2021-06-08 12:30:21,301 - DEBUG - Parsing Chromosome 11 strand - [line 190662]
2021-06-08 12:30:24,981 - DEBUG - Done with 11- [line 252011]
2021-06-08 12:30:24,982 - DEBUG - Assigning indexes to genes
2021-06-08 12:30:25,038 - DEBUG - Seen 4335 genes until now
2021-06-08 12:30:25,038 - DEBUG - Parsing Chromosome 11 strand + [line 252012]
2021-06-08 12:30:27,863 - DEBUG - Done with 11+ [line 314062]
2021-06-08 12:30:27,863 - DEBUG - Assigning indexes to genes
2021-06-08 12:30:27,882 - DEBUG - Seen 5320 genes until now
2021-06-08 12:30:27,882 - DEBUG - Parsing Chromosome 12 strand - [line 314063]
2021-06-08 12:30:28,315 - DEBUG - Done with 12- [line 338958]
2021-06-08 12:30:28,315 - DEBUG - Assigning indexes to genes
2021-06-08 12:30:28,326 - DEBUG - Seen 6056 genes until now
2021-06-08 12:30:28,332 - DEBUG - Parsing Chromosome 12 strand + [line 338959]
2021-06-08 12:30:28,899 - DEBUG - Done with 12+ [line 372787]
2021-06-08 12:30:28,899 - DEBUG - Assigning indexes to genes
2021-06-08 12:30:28,904 - DEBUG - Seen 6615 genes until now
2021-06-08 12:30:28,905 - DEBUG - Parsing Chromosome 13 strand - [line 372788]
2021-06-08 12:30:29,437 - DEBUG - Done with 13- [line 406792]
2021-06-08 12:30:29,438 - DEBUG - Assigning indexes to genes
2021-06-08 12:30:29,450 - DEBUG - Seen 7339 genes until now
2021-06-08 12:30:29,451 - DEBUG - Parsing Chromosome 13 strand + [line 406793]
2021-06-08 12:30:29,979 - DEBUG - Done with 13+ [line 433455]
2021-06-08 12:30:29,979 - DEBUG - Assigning indexes to genes
2021-06-08 12:30:29,990 - DEBUG - Seen 8023 genes until now
2021-06-08 12:30:29,990 - DEBUG - Parsing Chromosome 14 strand - [line 433456]
2021-06-08 12:30:31,974 - DEBUG - Done with 14- [line 469680]
2021-06-08 12:30:31,974 - DEBUG - Assigning indexes to genes
2021-06-08 12:30:32,028 - DEBUG - Seen 8704 genes until now
2021-06-08 12:30:32,028 - DEBUG - Parsing Chromosome 14 strand + [line 469681]
2021-06-08 12:30:33,403 - DEBUG - Done with 14+ [line 502857]
2021-06-08 12:30:33,403 - DEBUG - Assigning indexes to genes
2021-06-08 12:30:33,459 - DEBUG - Seen 9518 genes until now
2021-06-08 12:30:33,459 - DEBUG - Parsing Chromosome 15 strand - [line 502858]
2021-06-08 12:30:35,011 - DEBUG - Done with 15- [line 539049]
2021-06-08 12:30:35,011 - DEBUG - Assigning indexes to genes
2021-06-08 12:30:35,038 - DEBUG - Seen 10092 genes until now
2021-06-08 12:30:35,038 - DEBUG - Parsing Chromosome 15 strand + [line 539050]
2021-06-08 12:30:36,328 - DEBUG - Done with 15+ [line 569723]
2021-06-08 12:30:36,328 - DEBUG - Assigning indexes to genes
2021-06-08 12:30:36,354 - DEBUG - Seen 10616 genes until now
2021-06-08 12:30:36,354 - DEBUG - Parsing Chromosome 16 strand - [line 569724]
2021-06-08 12:30:37,461 - DEBUG - Done with 16- [line 596286]
2021-06-08 12:30:37,461 - DEBUG - Assigning indexes to genes
2021-06-08 12:30:37,486 - DEBUG - Seen 11093 genes until now
2021-06-08 12:30:37,486 - DEBUG - Parsing Chromosome 16 strand + [line 596287]
2021-06-08 12:30:39,319 - DEBUG - Done with 16+ [line 626571]
2021-06-08 12:30:39,319 - DEBUG - Assigning indexes to genes
2021-06-08 12:30:39,324 - DEBUG - Seen 11545 genes until now
2021-06-08 12:30:39,324 - DEBUG - Parsing Chromosome 17 strand - [line 626572]
2021-06-08 12:30:39,825 - DEBUG - Done with 17- [line 659846]
2021-06-08 12:30:39,826 - DEBUG - Assigning indexes to genes
2021-06-08 12:30:39,834 - DEBUG - Seen 12152 genes until now
2021-06-08 12:30:39,835 - DEBUG - Parsing Chromosome 17 strand + [line 659847]
2021-06-08 12:30:40,466 - DEBUG - Done with 17+ [line 696472]
2021-06-08 12:30:40,475 - DEBUG - Assigning indexes to genes
2021-06-08 12:30:40,493 - DEBUG - Seen 12800 genes until now
2021-06-08 12:30:40,493 - DEBUG - Parsing Chromosome 18 strand - [line 696473]
2021-06-08 12:30:40,677 - DEBUG - Done with 18- [line 709486]
2021-06-08 12:30:40,678 - DEBUG - Assigning indexes to genes
2021-06-08 12:30:40,698 - DEBUG - Seen 13059 genes until now
2021-06-08 12:30:40,698 - DEBUG - Parsing Chromosome 18 strand + [line 709487]
2021-06-08 12:30:41,016 - DEBUG - Done with 18+ [line 728027]
2021-06-08 12:30:41,020 - DEBUG - Assigning indexes to genes
2021-06-08 12:30:41,023 - DEBUG - Seen 13409 genes until now
2021-06-08 12:30:41,023 - DEBUG - Parsing Chromosome 19 strand - [line 728028]
2021-06-08 12:30:41,453 - DEBUG - Done with 19- [line 752316]
2021-06-08 12:30:41,454 - DEBUG - Assigning indexes to genes
2021-06-08 12:30:41,457 - DEBUG - Seen 13815 genes until now
2021-06-08 12:30:41,458 - DEBUG - Parsing Chromosome 19 strand + [line 752317]
2021-06-08 12:30:41,751 - DEBUG - Done with 19+ [line 773600]
2021-06-08 12:30:41,754 - DEBUG - Assigning indexes to genes
2021-06-08 12:30:41,770 - DEBUG - Seen 14224 genes until now
2021-06-08 12:30:41,771 - DEBUG - Parsing Chromosome 2 strand - [line 773601]
2021-06-08 12:30:43,991 - DEBUG - Done with 2- [line 848821]
2021-06-08 12:30:43,991 - DEBUG - Assigning indexes to genes
2021-06-08 12:30:45,785 - DEBUG - Seen 15398 genes until now
2021-06-08 12:30:45,785 - DEBUG - Parsing Chromosome 2 strand + [line 848822]
2021-06-08 12:30:48,710 - DEBUG - Done with 2+ [line 918704]
2021-06-08 12:30:48,710 - DEBUG - Assigning indexes to genes
2021-06-08 12:30:48,787 - DEBUG - Seen 16582 genes until now
2021-06-08 12:30:48,787 - DEBUG - Parsing Chromosome 3 strand - [line 918705]
2021-06-08 12:30:49,674 - DEBUG - Done with 3- [line 957202]
2021-06-08 12:30:49,675 - DEBUG - Assigning indexes to genes
2021-06-08 12:30:49,681 - DEBUG - Seen 17302 genes until now
2021-06-08 12:30:49,681 - DEBUG - Parsing Chromosome 3 strand + [line 957203]
2021-06-08 12:30:50,132 - DEBUG - Done with 3+ [line 1000138]
2021-06-08 12:30:50,132 - DEBUG - Assigning indexes to genes
2021-06-08 12:30:50,151 - DEBUG - Seen 18021 genes until now
2021-06-08 12:30:50,151 - DEBUG - Parsing Chromosome 4 strand - [line 1000139]
2021-06-08 12:30:50,916 - DEBUG - Done with 4- [line 1050727]
2021-06-08 12:30:50,916 - DEBUG - Assigning indexes to genes
2021-06-08 12:30:50,937 - DEBUG - Seen 18875 genes until now
2021-06-08 12:30:50,937 - DEBUG - Parsing Chromosome 4 strand + [line 1050728]
2021-06-08 12:30:51,776 - DEBUG - Done with 4+ [line 1099723]
2021-06-08 12:30:51,777 - DEBUG - Assigning indexes to genes
2021-06-08 12:30:51,806 - DEBUG - Seen 19731 genes until now
2021-06-08 12:30:51,806 - DEBUG - Parsing Chromosome 5 strand - [line 1099724]
2021-06-08 12:30:54,878 - DEBUG - Done with 5- [line 1157394]
2021-06-08 12:30:54,878 - DEBUG - Assigning indexes to genes
2021-06-08 12:30:54,928 - DEBUG - Seen 20622 genes until now
2021-06-08 12:30:54,928 - DEBUG - Parsing Chromosome 5 strand + [line 1157395]
2021-06-08 12:30:57,391 - DEBUG - Done with 5+ [line 1215626]
2021-06-08 12:30:57,392 - DEBUG - Assigning indexes to genes
2021-06-08 12:30:57,447 - DEBUG - Seen 21539 genes until now
2021-06-08 12:30:57,447 - DEBUG - Parsing Chromosome 6 strand - [line 1215627]
2021-06-08 12:30:59,234 - DEBUG - Done with 6- [line 1260326]
2021-06-08 12:30:59,234 - DEBUG - Assigning indexes to genes
2021-06-08 12:30:59,283 - DEBUG - Seen 22385 genes until now
2021-06-08 12:30:59,284 - DEBUG - Parsing Chromosome 6 strand + [line 1260327]
2021-06-08 12:31:00,595 - DEBUG - Done with 6+ [line 1307744]
2021-06-08 12:31:00,595 - DEBUG - Assigning indexes to genes
2021-06-08 12:31:00,617 - DEBUG - Seen 23304 genes until now
2021-06-08 12:31:00,617 - DEBUG - Parsing Chromosome 7 strand - [line 1307745]
2021-06-08 12:31:01,661 - DEBUG - Done with 7- [line 1379880]
2021-06-08 12:31:01,662 - DEBUG - Assigning indexes to genes
2021-06-08 12:31:01,720 - DEBUG - Seen 24656 genes until now
2021-06-08 12:31:01,720 - DEBUG - Parsing Chromosome 7 strand + [line 1379881]
2021-06-08 12:31:02,825 - DEBUG - Done with 7+ [line 1450335]
2021-06-08 12:31:02,825 - DEBUG - Assigning indexes to genes
2021-06-08 12:31:02,859 - DEBUG - Seen 25873 genes until now
2021-06-08 12:31:02,860 - DEBUG - Parsing Chromosome 8 strand - [line 1450336]
2021-06-08 12:31:05,026 - DEBUG - Done with 8- [line 1485523]
2021-06-08 12:31:05,026 - DEBUG - Assigning indexes to genes
2021-06-08 12:31:05,053 - DEBUG - Seen 26580 genes until now
2021-06-08 12:31:05,053 - DEBUG - Parsing Chromosome 8 strand + [line 1485524]
2021-06-08 12:31:06,787 - DEBUG - Done with 8+ [line 1531960]
2021-06-08 12:31:06,787 - DEBUG - Assigning indexes to genes
2021-06-08 12:31:06,836 - DEBUG - Seen 27398 genes until now
2021-06-08 12:31:06,836 - DEBUG - Parsing Chromosome 9 strand - [line 1531961]
2021-06-08 12:31:08,936 - DEBUG - Done with 9- [line 1583207]
2021-06-08 12:31:08,936 - DEBUG - Assigning indexes to genes
2021-06-08 12:31:08,985 - DEBUG - Seen 28230 genes until now
2021-06-08 12:31:08,985 - DEBUG - Parsing Chromosome 9 strand + [line 1583208]
2021-06-08 12:31:11,073 - DEBUG - Done with 9+ [line 1635954]
2021-06-08 12:31:11,073 - DEBUG - Assigning indexes to genes
2021-06-08 12:31:11,124 - DEBUG - Seen 29142 genes until now
2021-06-08 12:31:11,124 - DEBUG - Parsing Chromosome GL456210.1 strand - [line 1635955]
2021-06-08 12:31:11,124 - DEBUG - Done with GL456210.1- [line 1635981]
2021-06-08 12:31:11,124 - DEBUG - Assigning indexes to genes
2021-06-08 12:31:11,124 - DEBUG - Seen 29145 genes until now
2021-06-08 12:31:11,124 - DEBUG - Parsing Chromosome GL456210.1 strand + [line 1635982]
2021-06-08 12:31:11,124 - DEBUG - Done with GL456210.1+ [line 1635996]
2021-06-08 12:31:11,125 - DEBUG - Assigning indexes to genes
2021-06-08 12:31:11,125 - DEBUG - Seen 29147 genes until now
2021-06-08 12:31:11,125 - DEBUG - Parsing Chromosome GL456211.1 strand - [line 1635997]
2021-06-08 12:31:11,125 - DEBUG - Done with GL456211.1- [line 1636024]
2021-06-08 12:31:11,125 - DEBUG - Assigning indexes to genes
2021-06-08 12:31:11,125 - DEBUG - Seen 29151 genes until now
2021-06-08 12:31:11,125 - DEBUG - Parsing Chromosome GL456211.1 strand + [line 1636025]
2021-06-08 12:31:11,126 - DEBUG - Done with GL456211.1+ [line 1636050]
2021-06-08 12:31:11,126 - DEBUG - Assigning indexes to genes
2021-06-08 12:31:11,126 - DEBUG - Seen 29153 genes until now
2021-06-08 12:31:11,126 - DEBUG - Parsing Chromosome GL456212.1 strand - [line 1636051]
2021-06-08 12:31:11,126 - DEBUG - Done with GL456212.1- [line 1636086]
2021-06-08 12:31:11,126 - DEBUG - Assigning indexes to genes
2021-06-08 12:31:11,126 - DEBUG - Seen 29155 genes until now
2021-06-08 12:31:11,126 - DEBUG - Parsing Chromosome GL456216.1 strand + [line 1636087]
2021-06-08 12:31:11,127 - DEBUG - Done with GL456216.1+ [line 1636106]
2021-06-08 12:31:11,127 - DEBUG - Assigning indexes to genes
2021-06-08 12:31:11,127 - DEBUG - Seen 29156 genes until now
2021-06-08 12:31:11,127 - DEBUG - Parsing Chromosome GL456219.1 strand - [line 1636107]
2021-06-08 12:31:11,127 - DEBUG - Done with GL456219.1- [line 1636118]
2021-06-08 12:31:11,127 - DEBUG - Assigning indexes to genes
2021-06-08 12:31:11,127 - DEBUG - Seen 29158 genes until now
2021-06-08 12:31:11,127 - DEBUG - Parsing Chromosome GL456221.1 strand - [line 1636119]
2021-06-08 12:31:11,128 - DEBUG - Done with GL456221.1- [line 1636162]
2021-06-08 12:31:11,128 - DEBUG - Assigning indexes to genes
2021-06-08 12:31:11,128 - DEBUG - Seen 29162 genes until now
2021-06-08 12:31:11,128 - DEBUG - Parsing Chromosome GL456221.1 strand + [line 1636163]
2021-06-08 12:31:11,148 - DEBUG - Done with GL456221.1+ [line 1636181]
2021-06-08 12:31:11,148 - DEBUG - Assigning indexes to genes
2021-06-08 12:31:11,148 - DEBUG - Seen 29165 genes until now
2021-06-08 12:31:11,148 - DEBUG - Parsing Chromosome GL456233.1 strand - [line 1636182]
2021-06-08 12:31:11,149 - DEBUG - Done with GL456233.1- [line 1636213]
2021-06-08 12:31:11,149 - DEBUG - Assigning indexes to genes
2021-06-08 12:31:11,149 - DEBUG - Seen 29167 genes until now
2021-06-08 12:31:11,149 - DEBUG - Parsing Chromosome GL456233.1 strand + [line 1636214]
2021-06-08 12:31:11,149 - DEBUG - Done with GL456233.1+ [line 1636244]
2021-06-08 12:31:11,149 - DEBUG - Assigning indexes to genes
2021-06-08 12:31:11,150 - DEBUG - Seen 29169 genes until now
2021-06-08 12:31:11,150 - DEBUG - Parsing Chromosome GL456350.1 strand - [line 1636245]
2021-06-08 12:31:11,150 - DEBUG - Done with GL456350.1- [line 1636304]
2021-06-08 12:31:11,150 - DEBUG - Assigning indexes to genes
2021-06-08 12:31:11,150 - DEBUG - Seen 29174 genes until now
2021-06-08 12:31:11,150 - DEBUG - Parsing Chromosome GL456354.1 strand - [line 1636305]
2021-06-08 12:31:11,151 - DEBUG - Done with GL456354.1- [line 1636337]
2021-06-08 12:31:11,151 - DEBUG - Assigning indexes to genes
2021-06-08 12:31:11,151 - DEBUG - Seen 29177 genes until now
2021-06-08 12:31:11,151 - DEBUG - Parsing Chromosome GL456354.1 strand + [line 1636338]
2021-06-08 12:31:11,151 - DEBUG - Done with GL456354.1+ [line 1636357]
2021-06-08 12:31:11,151 - DEBUG - Assigning indexes to genes
2021-06-08 12:31:11,151 - DEBUG - Seen 29179 genes until now
2021-06-08 12:31:11,151 - DEBUG - Parsing Chromosome JH584292.1 strand + [line 1636358]
2021-06-08 12:31:11,152 - DEBUG - Done with JH584292.1+ [line 1636433]
2021-06-08 12:31:11,152 - DEBUG - Assigning indexes to genes
2021-06-08 12:31:11,152 - DEBUG - Seen 29180 genes until now
2021-06-08 12:31:11,152 - DEBUG - Parsing Chromosome JH584293.1 strand - [line 1636434]
2021-06-08 12:31:11,153 - DEBUG - Done with JH584293.1- [line 1636500]
2021-06-08 12:31:11,153 - DEBUG - Assigning indexes to genes
2021-06-08 12:31:11,153 - DEBUG - Seen 29186 genes until now
2021-06-08 12:31:11,173 - DEBUG - Parsing Chromosome JH584293.1 strand + [line 1636501]
2021-06-08 12:31:11,174 - DEBUG - Done with JH584293.1+ [line 1636542]
2021-06-08 12:31:11,174 - DEBUG - Assigning indexes to genes
2021-06-08 12:31:11,174 - DEBUG - Seen 29189 genes until now
2021-06-08 12:31:11,174 - DEBUG - Parsing Chromosome JH584294.1 strand - [line 1636543]
2021-06-08 12:31:11,174 - DEBUG - Done with JH584294.1- [line 1636607]
2021-06-08 12:31:11,174 - DEBUG - Assigning indexes to genes
2021-06-08 12:31:11,175 - DEBUG - Seen 29193 genes until now
2021-06-08 12:31:11,175 - DEBUG - Parsing Chromosome JH584294.1 strand + [line 1636608]
2021-06-08 12:31:11,175 - DEBUG - Done with JH584294.1+ [line 1636631]
2021-06-08 12:31:11,175 - DEBUG - Assigning indexes to genes
2021-06-08 12:31:11,175 - DEBUG - Seen 29195 genes until now
2021-06-08 12:31:11,175 - DEBUG - Parsing Chromosome JH584295.1 strand - [line 1636632]
2021-06-08 12:31:11,175 - DEBUG - Done with JH584295.1- [line 1636647]
2021-06-08 12:31:11,175 - DEBUG - Assigning indexes to genes
2021-06-08 12:31:11,176 - DEBUG - Seen 29196 genes until now
2021-06-08 12:31:11,176 - DEBUG - Parsing Chromosome JH584296.1 strand - [line 1636648]
2021-06-08 12:31:11,176 - DEBUG - Done with JH584296.1- [line 1636675]
2021-06-08 12:31:11,176 - DEBUG - Assigning indexes to genes
2021-06-08 12:31:11,176 - DEBUG - Seen 29199 genes until now
2021-06-08 12:31:11,176 - DEBUG - Parsing Chromosome JH584297.1 strand - [line 1636676]
2021-06-08 12:31:11,176 - DEBUG - Done with JH584297.1- [line 1636694]
2021-06-08 12:31:11,176 - DEBUG - Assigning indexes to genes
2021-06-08 12:31:11,177 - DEBUG - Seen 29201 genes until now
2021-06-08 12:31:11,177 - DEBUG - Parsing Chromosome JH584297.1 strand + [line 1636695]
2021-06-08 12:31:11,177 - DEBUG - Done with JH584297.1+ [line 1636703]
2021-06-08 12:31:11,177 - DEBUG - Assigning indexes to genes
2021-06-08 12:31:11,177 - DEBUG - Seen 29202 genes until now
2021-06-08 12:31:11,177 - DEBUG - Parsing Chromosome JH584298.1 strand - [line 1636704]
2021-06-08 12:31:11,177 - DEBUG - Done with JH584298.1- [line 1636714]
2021-06-08 12:31:11,177 - DEBUG - Assigning indexes to genes
2021-06-08 12:31:11,177 - DEBUG - Seen 29203 genes until now
2021-06-08 12:31:11,178 - DEBUG - Parsing Chromosome JH584298.1 strand + [line 1636715]
2021-06-08 12:31:11,178 - DEBUG - Done with JH584298.1+ [line 1636735]
2021-06-08 12:31:11,178 - DEBUG - Assigning indexes to genes
2021-06-08 12:31:11,178 - DEBUG - Seen 29205 genes until now
2021-06-08 12:31:11,198 - DEBUG - Parsing Chromosome JH584299.1 strand - [line 1636736]
2021-06-08 12:31:11,198 - DEBUG - Done with JH584299.1- [line 1636745]
2021-06-08 12:31:11,198 - DEBUG - Assigning indexes to genes
2021-06-08 12:31:11,198 - DEBUG - Seen 29206 genes until now
2021-06-08 12:31:11,199 - DEBUG - Parsing Chromosome JH584299.1 strand + [line 1636746]
2021-06-08 12:31:11,199 - DEBUG - Done with JH584299.1+ [line 1636857]
2021-06-08 12:31:11,199 - DEBUG - Assigning indexes to genes
2021-06-08 12:31:11,200 - DEBUG - Seen 29217 genes until now
2021-06-08 12:31:11,200 - DEBUG - Parsing Chromosome JH584303.1 strand + [line 1636858]
2021-06-08 12:31:11,200 - DEBUG - Done with JH584303.1+ [line 1636862]
2021-06-08 12:31:11,200 - DEBUG - Assigning indexes to genes
2021-06-08 12:31:11,200 - DEBUG - Seen 29218 genes until now
2021-06-08 12:31:11,200 - DEBUG - Parsing Chromosome JH584304.1 strand - [line 1636863]
2021-06-08 12:31:11,200 - DEBUG - Done with JH584304.1- [line 1636895]
2021-06-08 12:31:11,200 - DEBUG - Assigning indexes to genes
2021-06-08 12:31:11,200 - DEBUG - Seen 29219 genes until now
2021-06-08 12:31:11,201 - DEBUG - Parsing Chromosome MT strand - [line 1636896]
2021-06-08 12:31:11,201 - DEBUG - Done with MT- [line 1636901]
2021-06-08 12:31:11,201 - DEBUG - Assigning indexes to genes
2021-06-08 12:31:11,201 - DEBUG - Seen 29220 genes until now
2021-06-08 12:31:11,201 - DEBUG - Parsing Chromosome MT strand + [line 1636902]
2021-06-08 12:31:11,201 - DEBUG - Done with MT+ [line 1636970]
2021-06-08 12:31:11,201 - DEBUG - Assigning indexes to genes
2021-06-08 12:31:11,202 - DEBUG - Seen 29232 genes until now
2021-06-08 12:31:11,202 - DEBUG - Parsing Chromosome X strand - [line 1636971]
2021-06-08 12:31:12,190 - DEBUG - Done with X- [line 1663962]
2021-06-08 12:31:12,190 - DEBUG - Assigning indexes to genes
2021-06-08 12:31:12,208 - DEBUG - Seen 29755 genes until now
2021-06-08 12:31:12,208 - DEBUG - Parsing Chromosome X strand + [line 1663963]
2021-06-08 12:31:12,671 - DEBUG - Done with X+ [line 1694333]
2021-06-08 12:31:12,671 - DEBUG - Assigning indexes to genes
2021-06-08 12:31:12,676 - DEBUG - Seen 30320 genes until now
2021-06-08 12:31:12,676 - DEBUG - Parsing Chromosome Y strand - [line 1694334]
2021-06-08 12:31:12,712 - DEBUG - Done with Y- [line 1698842]
2021-06-08 12:31:12,712 - DEBUG - Assigning indexes to genes
2021-06-08 12:31:12,713 - DEBUG - Seen 30662 genes until now
2021-06-08 12:31:12,714 - DEBUG - Parsing Chromosome Y strand + [line 1698843]
2021-06-08 12:31:12,742 - DEBUG - Assigning indexes to genes
2021-06-08 12:31:12,743 - DEBUG - Done with Y+ [line 1704063]
2021-06-08 12:31:12,744 - DEBUG - Fixing corner cases of transcript models containg intron longer than 1000Kbp
2021-06-08 12:31:17,724 - DEBUG - Generated 1423079 features corresponding to 111079 transcript models from /research/peer/fdeckert/FD20200109SPLENO/data/mm10/cellranger/Mus_musculus.GRCm38.93.filtered.gtf
2021-06-08 12:31:17,820 - INFO - Load the repeat masking annotation from /research/peer/fdeckert/FD20200109SPLENO/data/mm10/mm10_rmsk.gtf
2021-06-08 12:31:17,820 - DEBUG - Reading /research/peer/fdeckert/FD20200109SPLENO/data/mm10/mm10_rmsk.gtf, the file will be sorted in memory
2021-06-08 12:34:09,030 - DEBUG - Processed masked annotation .gtf and generated 4252016 intervals to mask!
2021-06-08 12:34:10,780 - INFO - Scan /research/peer/fdeckert/FD20200109SPLENO/data/BSA_0355_SM01_10x_SPLENO/OUT/COUNT/M1_CpG_Prog_transcriptome/possorted_genome_bam.bam to validate intron intervals
2021-06-08 12:34:25,702 - DEBUG - Reading /research/peer/fdeckert/FD20200109SPLENO/data/BSA_0355_SM01_10x_SPLENO/OUT/COUNT/M1_CpG_Prog_transcriptome/possorted_genome_bam.bam
2021-06-08 12:34:25,742 - DEBUG - Read first 0 million reads
2021-06-08 12:34:25,830 - DEBUG - Marking up chromosome 1
2021-06-08 12:37:02,555 - DEBUG - Marking up chromosome 10
2021-06-08 12:39:20,083 - DEBUG - Marking up chromosome 11
2021-06-08 12:40:32,103 - DEBUG - Read first 10 million reads
2021-06-08 12:43:33,727 - DEBUG - Marking up chromosome 12
2021-06-08 12:45:04,062 - DEBUG - Marking up chromosome 13
2021-06-08 12:46:55,534 - DEBUG - Read first 20 million reads
2021-06-08 12:46:56,624 - DEBUG - Marking up chromosome 14
2021-06-08 12:48:23,194 - DEBUG - Marking up chromosome 15
2021-06-08 12:49:52,230 - DEBUG - Marking up chromosome 16
2021-06-08 12:51:02,087 - DEBUG - Marking up chromosome 17
2021-06-08 12:53:37,840 - DEBUG - Marking up chromosome 18
2021-06-08 12:53:53,481 - DEBUG - Read first 30 million reads
2021-06-08 12:54:41,434 - DEBUG - Marking up chromosome 19
2021-06-08 12:56:23,708 - DEBUG - Marking up chromosome 2
2021-06-08 12:59:10,391 - DEBUG - Marking up chromosome 3
2021-06-08 13:00:34,219 - DEBUG - Read first 40 million reads
2021-06-08 13:00:36,114 - DEBUG - Marking up chromosome 4
2021-06-08 13:01:02,377 - DEBUG - Marking up chromosome 5
2021-06-08 13:01:28,410 - DEBUG - Marking up chromosome 6
2021-06-08 13:01:41,433 - DEBUG - Read first 50 million reads
2021-06-08 13:01:47,644 - DEBUG - Marking up chromosome 7
2021-06-08 13:02:38,940 - DEBUG - Marking up chromosome 8
2021-06-08 13:02:44,094 - DEBUG - Read first 60 million reads
2021-06-08 13:02:59,403 - DEBUG - Marking up chromosome 9
2021-06-08 13:03:24,830 - DEBUG - Marking up chromosome MT
2021-06-08 13:03:34,911 - DEBUG - Marking up chromosome X
2021-06-08 13:03:42,903 - DEBUG - Read first 70 million reads
2021-06-08 13:03:46,131 - DEBUG - Marking up chromosome Y
2021-06-08 13:03:46,345 - DEBUG - Marking up chromosome JH584299.1
2021-06-08 13:03:46,346 - DEBUG - Marking up chromosome GL456233.1
2021-06-08 13:03:46,355 - DEBUG - Marking up chromosome GL456211.1
2021-06-08 13:03:46,360 - DEBUG - Marking up chromosome GL456221.1
2021-06-08 13:03:46,364 - DEBUG - Marking up chromosome JH584298.1
2021-06-08 13:03:46,364 - DEBUG - Marking up chromosome JH584300.1
2021-06-08 13:03:46,364 - WARNING - The .bam file refers to a chromosome 'JH584300.1+' not present in the annotation (.gtf) file
2021-06-08 13:03:46,364 - WARNING - The .bam file refers to a chromosome 'JH584300.1-' not present in the annotation (.gtf) file
2021-06-08 13:03:46,383 - DEBUG - Marking up chromosome GL456210.1
2021-06-08 13:03:46,385 - DEBUG - Marking up chromosome GL456212.1
2021-06-08 13:03:46,385 - WARNING - The .bam file refers to a chromosome 'GL456212.1+' not present in the annotation (.gtf) file
2021-06-08 13:03:46,386 - DEBUG - Marking up chromosome JH584304.1
2021-06-08 13:03:46,386 - WARNING - The .bam file refers to a chromosome 'JH584304.1+' not present in the annotation (.gtf) file
2021-06-08 13:03:46,419 - DEBUG - Marking up chromosome GL456216.1
2021-06-08 13:03:46,419 - WARNING - The .bam file refers to a chromosome 'GL456216.1-' not present in the annotation (.gtf) file
2021-06-08 13:03:46,446 - DEBUG - Marking up chromosome GL456366.1
2021-06-08 13:03:46,446 - WARNING - The .bam file refers to a chromosome 'GL456366.1+' not present in the annotation (.gtf) file
2021-06-08 13:03:46,447 - WARNING - The .bam file refers to a chromosome 'GL456366.1-' not present in the annotation (.gtf) file
2021-06-08 13:03:46,447 - DEBUG - Marking up chromosome GL456385.1
2021-06-08 13:03:46,447 - WARNING - The .bam file refers to a chromosome 'GL456385.1+' not present in the annotation (.gtf) file
2021-06-08 13:03:46,448 - WARNING - The .bam file refers to a chromosome 'GL456385.1-' not present in the annotation (.gtf) file
2021-06-08 13:03:46,448 - DEBUG - Marking up chromosome GL456372.1
2021-06-08 13:03:46,448 - WARNING - The .bam file refers to a chromosome 'GL456372.1+' not present in the annotation (.gtf) file
2021-06-08 13:03:46,448 - WARNING - The .bam file refers to a chromosome 'GL456372.1-' not present in the annotation (.gtf) file
2021-06-08 13:03:46,449 - DEBUG - Marking up chromosome GL456370.1
2021-06-08 13:03:46,449 - WARNING - The .bam file refers to a chromosome 'GL456370.1+' not present in the annotation (.gtf) file
2021-06-08 13:03:46,449 - WARNING - The .bam file refers to a chromosome 'GL456370.1-' not present in the annotation (.gtf) file
2021-06-08 13:03:46,451 - DEBUG - Marking up chromosome GL456382.1
2021-06-08 13:03:46,451 - WARNING - The .bam file refers to a chromosome 'GL456382.1+' not present in the annotation (.gtf) file
2021-06-08 13:03:46,451 - WARNING - The .bam file refers to a chromosome 'GL456382.1-' not present in the annotation (.gtf) file
2021-06-08 13:03:46,538 - DEBUG - Marking up chromosome GL456396.1
2021-06-08 13:03:46,538 - WARNING - The .bam file refers to a chromosome 'GL456396.1+' not present in the annotation (.gtf) file
2021-06-08 13:03:46,538 - WARNING - The .bam file refers to a chromosome 'GL456396.1-' not present in the annotation (.gtf) file
2021-06-08 13:03:46,539 - DEBUG - Marking up chromosome JH584295.1
2021-06-08 13:03:46,539 - WARNING - The .bam file refers to a chromosome 'JH584295.1+' not present in the annotation (.gtf) file
2021-06-08 13:04:05,094 - DEBUG - Read first 80 million reads
2021-06-08 13:04:05,500 - DEBUG - End of file. Reset index: start scanning from initial position.
2021-06-08 13:04:05,500 - DEBUG - 1023595 reads were skipped because no apropiate cell or umi barcode was found
2021-06-08 13:04:05,500 - INFO - Now just waiting that the bam sorting process terminates
2021-06-08 13:04:05,501 - INFO - bam file #0 has been sorted
2021-06-08 13:04:05,501 - DEBUG - Start molecule counting!
2021-06-08 13:04:08,726 - DEBUG - Features available for chromosomes : ['1-', '1+', '10-', '10+', '11-', '11+', '12-', '12+', '13-', '13+', '14-', '14+', '15-', '15+', '16-', '16+', '17-', '17+', '18-', '18+', '19-', '19+', '2-', '2+', '3-', '3+', '4-', '4+', '5-', '5+', '6-', '6+', '7-', '7+', '8-', '8+', '9-', '9+', 'GL456210.1-', 'GL456210.1+', 'GL456211.1-', 'GL456211.1+', 'GL456212.1-', 'GL456216.1+', 'GL456219.1-', 'GL456221.1-', 'GL456221.1+', 'GL456233.1-', 'GL456233.1+', 'GL456350.1-', 'GL456354.1-', 'GL456354.1+', 'JH584292.1+', 'JH584293.1-', 'JH584293.1+', 'JH584294.1-', 'JH584294.1+', 'JH584295.1-', 'JH584296.1-', 'JH584297.1-', 'JH584297.1+', 'JH584298.1-', 'JH584298.1+', 'JH584299.1-', 'JH584299.1+', 'JH584303.1+', 'JH584304.1-', 'MT-', 'MT+', 'X-', 'X+', 'Y-', 'Y+']
2021-06-08 13:04:08,726 - DEBUG - Mask available for chromosomes : ['1-', '1+', '10-', '10+', '11-', '11+', '12-', '12+', '13-', '13+', '14-', '14+', '15-', '15+', '16-', '16+', '17-', '17+', '18-', '18+', '19-', '19+', '1_GL456210_random-', '1_GL456210_random+', '1_GL456211_random-', '1_GL456211_random+', '1_GL456212_random-', '1_GL456212_random+', '1_GL456213_random-', '1_GL456213_random+', '1_GL456221_random-', '1_GL456221_random+', '2-', '2+', '3-', '3+', '4-', '4+', '4_GL456216_random-', '4_GL456216_random+', '4_GL456350_random-', '4_GL456350_random+', '4_JH584292_random-', '4_JH584292_random+', '4_JH584293_random-', '4_JH584293_random+', '4_JH584294_random-', '4_JH584294_random+', '4_JH584295_random+', '5-', '5+', '5_GL456354_random-', '5_GL456354_random+', '5_JH584296_random-', '5_JH584296_random+', '5_JH584297_random-', '5_JH584297_random+', '5_JH584298_random-', '5_JH584298_random+', '5_JH584299_random-', '5_JH584299_random+', '6-', '6+', '7-', '7+', '7_GL456219_random-', '7_GL456219_random+', '8-', '8+', '9-', '9+', 'M-', 'M+', 'Un_GL456239-', 'Un_GL456239+', 'Un_GL456359-', 'Un_GL456359+', 'Un_GL456360-', 'Un_GL456360+', 'Un_GL456366-', 'Un_GL456366+', 'Un_GL456367-', 'Un_GL456367+', 'Un_GL456368-', 'Un_GL456368+', 'Un_GL456370+', 'Un_GL456372-', 'Un_GL456372+', 'Un_GL456378-', 'Un_GL456378+', 'Un_GL456379-', 'Un_GL456379+', 'Un_GL456381-', 'Un_GL456381+', 'Un_GL456382-', 'Un_GL456382+', 'Un_GL456383-', 'Un_GL456383+', 'Un_GL456385-', 'Un_GL456385+', 'Un_GL456387-', 'Un_GL456387+', 'Un_GL456389-', 'Un_GL456389+', 'Un_GL456390-', 'Un_GL456390+', 'Un_GL456392-', 'Un_GL456392+', 'Un_GL456393-', 'Un_GL456393+', 'Un_GL456394-', 'Un_GL456394+', 'Un_GL456396-', 'Un_GL456396+', 'Un_JH584304-', 'Un_JH584304+', 'X-', 'X+', 'X_GL456233_random-', 'X_GL456233_random+', 'Y-', 'Y+', 'Y_JH584300_random-', 'Y_JH584300_random+', 'Y_JH584301_random-', 'Y_JH584301_random+', 'Y_JH584302_random-', 'Y_JH584302_random+', 'Y_JH584303_random-']
2021-06-08 13:04:08,726 - DEBUG - Summarizing the results of intron validation.
2021-06-08 13:04:08,993 - DEBUG - Validated 105299 introns (of which unique intervals 40715) out of 656000 total possible introns (considering each possible transcript models).
2021-06-08 13:04:08,994 - DEBUG - Reading /research/peer/fdeckert/FD20200109SPLENO/data/BSA_0355_SM01_10x_SPLENO/OUT/COUNT/M1_CpG_Prog_transcriptome/cellsorted_possorted_genome_bam.bam
2021-06-08 13:04:09,015 - DEBUG - Read first 0 million reads
2021-06-08 13:04:29,591 - DEBUG - Counting for batch 1, containing 100 cells and 656793 reads
2021-06-08 13:04:52,320 - DEBUG - 24854 reads not considered because fully enclosed in repeat masked regions
2021-06-08 13:05:10,977 - DEBUG - Counting for batch 2, containing 100 cells and 685191 reads
2021-06-08 13:05:34,557 - DEBUG - 26045 reads not considered because fully enclosed in repeat masked regions
2021-06-08 13:05:53,342 - DEBUG - Counting for batch 3, containing 100 cells and 657973 reads
2021-06-08 13:06:16,329 - DEBUG - 25884 reads not considered because fully enclosed in repeat masked regions
2021-06-08 13:06:30,995 - DEBUG - Read first 10 million reads
2021-06-08 13:06:35,671 - DEBUG - Counting for batch 4, containing 100 cells and 668411 reads
2021-06-08 13:06:58,483 - DEBUG - 26587 reads not considered because fully enclosed in repeat masked regions
2021-06-08 13:07:18,244 - DEBUG - Counting for batch 5, containing 100 cells and 677730 reads
2021-06-08 13:07:41,556 - DEBUG - 25182 reads not considered because fully enclosed in repeat masked regions
2021-06-08 13:08:01,352 - DEBUG - Counting for batch 6, containing 100 cells and 638521 reads
2021-06-08 13:08:23,776 - DEBUG - 23331 reads not considered because fully enclosed in repeat masked regions
2021-06-08 13:08:41,368 - DEBUG - Counting for batch 7, containing 100 cells and 625751 reads
2021-06-08 13:09:02,867 - DEBUG - 23301 reads not considered because fully enclosed in repeat masked regions
2021-06-08 13:09:20,212 - DEBUG - Read first 20 million reads
2021-06-08 13:09:22,250 - DEBUG - Counting for batch 8, containing 100 cells and 642822 reads
2021-06-08 13:09:44,672 - DEBUG - 24748 reads not considered because fully enclosed in repeat masked regions
2021-06-08 13:10:03,848 - DEBUG - Counting for batch 9, containing 100 cells and 696274 reads
2021-06-08 13:10:27,633 - DEBUG - 26581 reads not considered because fully enclosed in repeat masked regions
2021-06-08 13:10:46,175 - DEBUG - Counting for batch 10, containing 100 cells and 659662 reads
2021-06-08 13:11:10,421 - DEBUG - 24979 reads not considered because fully enclosed in repeat masked regions
2021-06-08 13:11:29,599 - DEBUG - Counting for batch 11, containing 100 cells and 737351 reads
2021-06-08 13:11:54,628 - DEBUG - 28871 reads not considered because fully enclosed in repeat masked regions
2021-06-08 13:12:15,496 - DEBUG - Counting for batch 12, containing 100 cells and 707585 reads
2021-06-08 13:12:39,797 - DEBUG - 27015 reads not considered because fully enclosed in repeat masked regions
2021-06-08 13:12:46,715 - DEBUG - Read first 30 million reads
2021-06-08 13:13:00,635 - DEBUG - Counting for batch 13, containing 100 cells and 712540 reads
2021-06-08 13:13:24,922 - DEBUG - 27327 reads not considered because fully enclosed in repeat masked regions
2021-06-08 13:13:44,511 - DEBUG - Counting for batch 14, containing 100 cells and 664759 reads
2021-06-08 13:14:07,647 - DEBUG - 25350 reads not considered because fully enclosed in repeat masked regions
2021-06-08 13:14:24,500 - DEBUG - Counting for batch 15, containing 100 cells and 632998 reads
2021-06-08 13:14:46,245 - DEBUG - 25622 reads not considered because fully enclosed in repeat masked regions
2021-06-08 13:15:04,197 - DEBUG - Counting for batch 16, containing 100 cells and 596323 reads
2021-06-08 13:15:25,059 - DEBUG - 23795 reads not considered because fully enclosed in repeat masked regions
2021-06-08 13:15:36,645 - DEBUG - Read first 40 million reads
2021-06-08 13:15:44,032 - DEBUG - Counting for batch 17, containing 100 cells and 664442 reads
2021-06-08 13:16:07,161 - DEBUG - 25191 reads not considered because fully enclosed in repeat masked regions
2021-06-08 13:16:25,467 - DEBUG - Counting for batch 18, containing 100 cells and 659393 reads
2021-06-08 13:16:49,863 - DEBUG - 24810 reads not considered because fully enclosed in repeat masked regions
2021-06-08 13:17:10,307 - DEBUG - Counting for batch 19, containing 100 cells and 713145 reads
2021-06-08 13:17:34,524 - DEBUG - 26229 reads not considered because fully enclosed in repeat masked regions
2021-06-08 13:17:53,812 - DEBUG - Counting for batch 20, containing 100 cells and 669678 reads
2021-06-08 13:18:17,400 - DEBUG - 25053 reads not considered because fully enclosed in repeat masked regions
2021-06-08 13:18:30,508 - DEBUG - Read first 50 million reads
2021-06-08 13:18:36,114 - DEBUG - Counting for batch 21, containing 100 cells and 664205 reads
2021-06-08 13:18:59,186 - DEBUG - 24379 reads not considered because fully enclosed in repeat masked regions
2021-06-08 13:19:18,547 - DEBUG - Counting for batch 22, containing 100 cells and 601950 reads
2021-06-08 13:19:39,974 - DEBUG - 22621 reads not considered because fully enclosed in repeat masked regions
2021-06-08 13:19:57,921 - DEBUG - Counting for batch 23, containing 100 cells and 671978 reads
2021-06-08 13:20:22,697 - DEBUG - 25161 reads not considered because fully enclosed in repeat masked regions
2021-06-08 13:20:40,262 - DEBUG - Counting for batch 24, containing 100 cells and 616306 reads
2021-06-08 13:21:02,049 - DEBUG - 23130 reads not considered because fully enclosed in repeat masked regions
2021-06-08 13:21:17,729 - DEBUG - Read first 60 million reads
2021-06-08 13:21:19,108 - DEBUG - Counting for batch 25, containing 100 cells and 633645 reads
2021-06-08 13:21:41,277 - DEBUG - 24565 reads not considered because fully enclosed in repeat masked regions
2021-06-08 13:22:01,646 - DEBUG - Counting for batch 26, containing 100 cells and 693971 reads
2021-06-08 13:22:25,615 - DEBUG - 26336 reads not considered because fully enclosed in repeat masked regions
2021-06-08 13:22:44,971 - DEBUG - Counting for batch 27, containing 100 cells and 692295 reads
2021-06-08 13:23:10,180 - DEBUG - 27434 reads not considered because fully enclosed in repeat masked regions
2021-06-08 13:23:29,722 - DEBUG - Counting for batch 28, containing 100 cells and 697254 reads
2021-06-08 13:23:53,576 - DEBUG - 26402 reads not considered because fully enclosed in repeat masked regions
2021-06-08 13:24:11,941 - DEBUG - Read first 70 million reads
2021-06-08 13:24:12,458 - DEBUG - Counting for batch 29, containing 100 cells and 634482 reads
2021-06-08 13:24:34,573 - DEBUG - 23960 reads not considered because fully enclosed in repeat masked regions
2021-06-08 13:24:54,485 - DEBUG - Counting for batch 30, containing 100 cells and 659958 reads
2021-06-08 13:25:17,584 - DEBUG - 24372 reads not considered because fully enclosed in repeat masked regions
2021-06-08 13:25:36,820 - DEBUG - Counting for batch 31, containing 100 cells and 664722 reads
2021-06-08 13:25:59,785 - DEBUG - 23469 reads not considered because fully enclosed in repeat masked regions
2021-06-08 13:26:18,941 - DEBUG - Counting for batch 32, containing 100 cells and 655474 reads
2021-06-08 13:26:41,670 - DEBUG - 26191 reads not considered because fully enclosed in repeat masked regions
2021-06-08 13:27:00,682 - DEBUG - Counting for batch 33, containing 100 cells and 642697 reads
2021-06-08 13:27:22,948 - DEBUG - 25098 reads not considered because fully enclosed in repeat masked regions
2021-06-08 13:27:29,260 - DEBUG - Read first 80 million reads
2021-06-08 13:27:30,266 - DEBUG - Counting for batch 34, containing 17 cells and 96241 reads
2021-06-08 13:27:35,131 - DEBUG - 3521 reads not considered because fully enclosed in repeat masked regions
2021-06-08 13:27:35,949 - DEBUG - 1023595 reads were skipped because no apropiate cell or umi barcode was found
2021-06-08 13:27:35,949 - DEBUG - Counting done!
2021-06-08 13:27:35,954 - DEBUG - Generating output file data/BSA_0355_SM01_10x_SPLENO/OUT/COUNT/M1_CpG_Prog_transcriptome/qc.loom
2021-06-08 13:27:35,954 - DEBUG - Collecting row attributes
2021-06-08 13:27:36,030 - DEBUG - Generating data table
2021-06-08 13:27:36,841 - DEBUG - Writing loom file
2021-06-08 13:27:38,837 - DEBUG - Creating converter from 5 to 3
2021-06-08 13:27:39,170 - DEBUG - Creating converter from 3 to 5
2021-06-08 13:27:44,939 - DEBUG - Terminated Succesfully!
