Traceback (most recent call last):
  File "/home/fdeckert/bin/miniconda3/envs/p.3.6.13-FD20200109SPLENO/bin/velocyto", line 8, in <module>
    sys.exit(cli())
  File "/home/fdeckert/bin/miniconda3/envs/p.3.6.13-FD20200109SPLENO/lib/python3.6/site-packages/click/core.py", line 1137, in __call__
    return self.main(*args, **kwargs)
  File "/home/fdeckert/bin/miniconda3/envs/p.3.6.13-FD20200109SPLENO/lib/python3.6/site-packages/click/core.py", line 1062, in main
    rv = self.invoke(ctx)
  File "/home/fdeckert/bin/miniconda3/envs/p.3.6.13-FD20200109SPLENO/lib/python3.6/site-packages/click/core.py", line 1668, in invoke
    return _process_result(sub_ctx.command.invoke(sub_ctx))
  File "/home/fdeckert/bin/miniconda3/envs/p.3.6.13-FD20200109SPLENO/lib/python3.6/site-packages/click/core.py", line 1404, in invoke
    return ctx.invoke(self.callback, **ctx.params)
  File "/home/fdeckert/bin/miniconda3/envs/p.3.6.13-FD20200109SPLENO/lib/python3.6/site-packages/click/core.py", line 763, in invoke
    return __callback(*args, **kwargs)
  File "/home/fdeckert/bin/miniconda3/envs/p.3.6.13-FD20200109SPLENO/lib/python3.6/site-packages/velocyto/commands/run.py", line 116, in run
    samtools_memory=samtools_memory, dump=dump, loom_numeric_dtype=dtype, verbose=verbose, additional_ca=additional_ca)
  File "/home/fdeckert/bin/miniconda3/envs/p.3.6.13-FD20200109SPLENO/lib/python3.6/site-packages/velocyto/commands/_run.py", line 159, in _run
    exincounter.peek(bamfile[0])
  File "/home/fdeckert/bin/miniconda3/envs/p.3.6.13-FD20200109SPLENO/lib/python3.6/site-packages/velocyto/counter.py", line 135, in peek
    fin = pysam.AlignmentFile(bamfile)  # type: pysam.AlignmentFile
  File "pysam/libcalignmentfile.pyx", line 742, in pysam.libcalignmentfile.AlignmentFile.__cinit__
  File "pysam/libcalignmentfile.pyx", line 952, in pysam.libcalignmentfile.AlignmentFile._open
  File "pysam/libchtslib.pyx", line 365, in pysam.libchtslib.HTSFile.check_truncation
OSError: no BGZF EOF marker; file may be truncated
