cp: cannot create regular file ‘/research/peer/fdeckert/FD20200109SPLENO/data/BSA_0355_SM01_10x_SPLENO/JOBS/M6_control_Mac_transcriptome.37d90a48e9671f339a50f82256067014.sh’: Permission denied
cp: cannot create regular file ‘/research/peer/fdeckert/FD20200109SPLENO/data/BSA_0355_SM01_10x_SPLENO/JOBS/M8_control_Prog_transcriptome.42d9b6177c35d8eb5af9470cdaaed34b.sh’: Permission denied
cp: cannot create regular file ‘/research/peer/fdeckert/FD20200109SPLENO/data/BSA_0355_SM01_10x_SPLENO/JOBS/M1_CpG_Prog_transcriptome.dca5fd4ed907867e53e1544a80193f63.sh’: Permission denied
cp: cannot create regular file ‘/research/peer/fdeckert/FD20200109SPLENO/data/BSA_0355_SM01_10x_SPLENO/JOBS/M2_CpG_Prog_transcriptome.7138f78edfed5e8a733825368a64c00d.sh’: Permission denied
cp: cannot create regular file ‘/research/peer/fdeckert/FD20200109SPLENO/data/BSA_0355_SM01_10x_SPLENO/JOBS/M2_CpG_Mac_transcriptome.a8aaf54a52ea497063f121504fee721b.sh’: Permission denied
cp: cannot create regular file ‘/research/peer/fdeckert/FD20200109SPLENO/data/BSA_0355_SM01_10x_SPLENO/JOBS/M8_control_Mac_transcriptome.42368b217f2499dc4ef5ef5925d6f6fc.sh’: Permission denied
cp: cannot create regular file ‘/research/peer/fdeckert/FD20200109SPLENO/data/BSA_0355_SM01_10x_SPLENO/JOBS/M6_control_Prog_transcriptome.61a8d681e0836f9c9099398af2284e84.sh’: Permission denied
cp: cannot create regular file ‘/research/peer/fdeckert/FD20200109SPLENO/data/BSA_0355_SM01_10x_SPLENO/JOBS/M1_CpG_Mac_transcriptome.e395a2b0362550ed7be2b88ad963f4e4.sh’: Permission denied
cp: cannot remove ‘/research/peer/fdeckert/FD20200109SPLENO/data/BSA_0355_SM01_10x_SPLENO/OUT/RAW/M8_control_Mac_Transcriptome/BSF_0692_M8_control_Mac_S3_L008_R2_001.fastq.gz’: Permission denied
cp: cannot remove ‘/research/peer/fdeckert/FD20200109SPLENO/data/BSA_0355_SM01_10x_SPLENO/OUT/RAW/M8_control_Mac_Transcriptome/BSF_0692_M8_control_Mac_S3_L008_I1_001.fastq.gz’: Permission denied
cp: cannot remove ‘/research/peer/fdeckert/FD20200109SPLENO/data/BSA_0355_SM01_10x_SPLENO/OUT/RAW/M8_control_Mac_Transcriptome/BSF_0692_M8_control_Mac_S3_L008_R1_001.fastq.gz’: Permission denied
cp: cannot remove ‘/research/peer/fdeckert/FD20200109SPLENO/data/BSA_0355_SM01_10x_SPLENO/OUT/RAW/M8_control_Prog_Transcriptome/BSF_0692_M8_control_Prog_S2_L008_R2_001.fastq.gz’: Permission denied
cp: cannot remove ‘/research/peer/fdeckert/FD20200109SPLENO/data/BSA_0355_SM01_10x_SPLENO/OUT/RAW/M8_control_Prog_Transcriptome/BSF_0692_M8_control_Prog_S2_L008_I1_001.fastq.gz’: Permission denied
cp: cannot remove ‘/research/peer/fdeckert/FD20200109SPLENO/data/BSA_0355_SM01_10x_SPLENO/OUT/RAW/M8_control_Prog_Transcriptome/BSF_0692_M8_control_Prog_S2_L008_R1_001.fastq.gz’: Permission denied
cp: cannot remove ‘/research/peer/fdeckert/FD20200109SPLENO/data/BSA_0355_SM01_10x_SPLENO/OUT/RAW/M2_CpG_Prog_Transcriptome/BSF_0692_M2_CpG_Prog_S4_L008_R1_001.fastq.gz’: Permission denied
cp: cannot remove ‘/research/peer/fdeckert/FD20200109SPLENO/data/BSA_0355_SM01_10x_SPLENO/OUT/RAW/M2_CpG_Prog_Transcriptome/BSF_0692_M2_CpG_Prog_S4_L008_R2_001.fastq.gz’: Permission denied
cp: cannot remove ‘/research/peer/fdeckert/FD20200109SPLENO/data/BSA_0355_SM01_10x_SPLENO/OUT/RAW/M2_CpG_Prog_Transcriptome/BSF_0692_M2_CpG_Prog_S4_L008_I1_001.fastq.gz’: Permission denied
cp: cannot remove ‘/research/peer/fdeckert/FD20200109SPLENO/data/BSA_0355_SM01_10x_SPLENO/OUT/RAW/M2_CpG_Mac_Transcriptome/BSF_0692_M2_CpG_Mac_S1_L008_R1_001.fastq.gz’: Permission denied
cp: cannot remove ‘/research/peer/fdeckert/FD20200109SPLENO/data/BSA_0355_SM01_10x_SPLENO/OUT/RAW/M2_CpG_Mac_Transcriptome/BSF_0692_M2_CpG_Mac_S1_L008_I1_001.fastq.gz’: Permission denied
cp: cannot remove ‘/research/peer/fdeckert/FD20200109SPLENO/data/BSA_0355_SM01_10x_SPLENO/OUT/RAW/M2_CpG_Mac_Transcriptome/BSF_0692_M2_CpG_Mac_S1_L008_R2_001.fastq.gz’: Permission denied
cp: cannot remove ‘/research/peer/fdeckert/FD20200109SPLENO/data/BSA_0355_SM01_10x_SPLENO/OUT/RAW/M6_control_Prog_Transcriptome/BSF_0692_M6_control_Prog_S1_L007_R2_001.fastq.gz’: Permission denied
cp: cannot remove ‘/research/peer/fdeckert/FD20200109SPLENO/data/BSA_0355_SM01_10x_SPLENO/OUT/RAW/M6_control_Prog_Transcriptome/BSF_0692_M6_control_Prog_S1_L007_I1_001.fastq.gz’: Permission denied
cp: cannot remove ‘/research/peer/fdeckert/FD20200109SPLENO/data/BSA_0355_SM01_10x_SPLENO/OUT/RAW/M6_control_Prog_Transcriptome/BSF_0692_M6_control_Prog_S1_L007_R1_001.fastq.gz’: Permission denied
cp: cannot remove ‘/research/peer/fdeckert/FD20200109SPLENO/data/BSA_0355_SM01_10x_SPLENO/OUT/RAW/M1_CpG_Prog_Transcriptome/BSF_0692_M1_CpG_Prog_S3_L007_R1_001.fastq.gz’: Permission denied
cp: cannot remove ‘/research/peer/fdeckert/FD20200109SPLENO/data/BSA_0355_SM01_10x_SPLENO/OUT/RAW/M1_CpG_Prog_Transcriptome/BSF_0692_M1_CpG_Prog_S3_L007_R2_001.fastq.gz’: Permission denied
cp: cannot remove ‘/research/peer/fdeckert/FD20200109SPLENO/data/BSA_0355_SM01_10x_SPLENO/OUT/RAW/M1_CpG_Prog_Transcriptome/BSF_0692_M1_CpG_Prog_S3_L007_I1_001.fastq.gz’: Permission denied
cp: cannot remove ‘/research/peer/fdeckert/FD20200109SPLENO/data/BSA_0355_SM01_10x_SPLENO/OUT/RAW/M6_control_Mac_Transcriptome/BSF_0692_M6_control_Mac_S2_L007_R2_001.fastq.gz’: Permission denied
cp: cannot remove ‘/research/peer/fdeckert/FD20200109SPLENO/data/BSA_0355_SM01_10x_SPLENO/OUT/RAW/M6_control_Mac_Transcriptome/BSF_0692_M6_control_Mac_S2_L007_R1_001.fastq.gz’: Permission denied
cp: cannot remove ‘/research/peer/fdeckert/FD20200109SPLENO/data/BSA_0355_SM01_10x_SPLENO/OUT/RAW/M6_control_Mac_Transcriptome/BSF_0692_M6_control_Mac_S2_L007_I1_001.fastq.gz’: Permission denied
cp: cannot remove ‘/research/peer/fdeckert/FD20200109SPLENO/data/BSA_0355_SM01_10x_SPLENO/OUT/RAW/M1_CpG_Mac_Transcriptome/BSF_0692_M1_CpG_Mac_S4_L007_R2_001.fastq.gz’: Permission denied
cp: cannot remove ‘/research/peer/fdeckert/FD20200109SPLENO/data/BSA_0355_SM01_10x_SPLENO/OUT/RAW/M1_CpG_Mac_Transcriptome/BSF_0692_M1_CpG_Mac_S4_L007_R1_001.fastq.gz’: Permission denied
cp: cannot remove ‘/research/peer/fdeckert/FD20200109SPLENO/data/BSA_0355_SM01_10x_SPLENO/OUT/RAW/M1_CpG_Mac_Transcriptome/BSF_0692_M1_CpG_Mac_S4_L007_I1_001.fastq.gz’: Permission denied
cp: cannot remove ‘/research/peer/fdeckert/FD20200109SPLENO/data/BSA_0355_SM01_10x_SPLENO/OUT/SUMMARY/M6_control_Prog_transcriptome.html’: Permission denied
cp: cannot remove ‘/research/peer/fdeckert/FD20200109SPLENO/data/BSA_0355_SM01_10x_SPLENO/OUT/SUMMARY/M2_CpG_Prog_transcriptome.html’: Permission denied
cp: cannot remove ‘/research/peer/fdeckert/FD20200109SPLENO/data/BSA_0355_SM01_10x_SPLENO/OUT/SUMMARY/M1_CpG_Prog_transcriptome.html’: Permission denied
cp: cannot remove ‘/research/peer/fdeckert/FD20200109SPLENO/data/BSA_0355_SM01_10x_SPLENO/OUT/SUMMARY/M2_CpG_Mac_transcriptome.html’: Permission denied
cp: cannot remove ‘/research/peer/fdeckert/FD20200109SPLENO/data/BSA_0355_SM01_10x_SPLENO/OUT/SUMMARY/M8_control_Prog_transcriptome.html’: Permission denied
cp: cannot remove ‘/research/peer/fdeckert/FD20200109SPLENO/data/BSA_0355_SM01_10x_SPLENO/OUT/SUMMARY/M6_control_Mac_transcriptome.html’: Permission denied
cp: cannot remove ‘/research/peer/fdeckert/FD20200109SPLENO/data/BSA_0355_SM01_10x_SPLENO/OUT/SUMMARY/M8_control_Mac_transcriptome.html’: Permission denied
cp: cannot remove ‘/research/peer/fdeckert/FD20200109SPLENO/data/BSA_0355_SM01_10x_SPLENO/OUT/SUMMARY/M1_CpG_Mac_transcriptome.html’: Permission denied
cp: cannot create regular file ‘/research/peer/fdeckert/FD20200109SPLENO/data/BSA_0355_SM01_10x_SPLENO/OUT/COUNT/M8_control_Prog_transcriptome/molecule_info.h5’: Permission denied
cp: cannot create regular file ‘/research/peer/fdeckert/FD20200109SPLENO/data/BSA_0355_SM01_10x_SPLENO/OUT/COUNT/M8_control_Prog_transcriptome/possorted_genome_bam.bam’: Permission denied
cp: cannot create regular file ‘/research/peer/fdeckert/FD20200109SPLENO/data/BSA_0355_SM01_10x_SPLENO/OUT/COUNT/M8_control_Prog_transcriptome/web_summary.html’: Permission denied
cp: cannot create regular file ‘/research/peer/fdeckert/FD20200109SPLENO/data/BSA_0355_SM01_10x_SPLENO/OUT/COUNT/M8_control_Prog_transcriptome/analysis/tsne/2_components/projection.csv’: Permission denied
cp: cannot create regular file ‘/research/peer/fdeckert/FD20200109SPLENO/data/BSA_0355_SM01_10x_SPLENO/OUT/COUNT/M8_control_Prog_transcriptome/analysis/pca/10_components/features_selected.csv’: Permission denied
cp: cannot create regular file ‘/research/peer/fdeckert/FD20200109SPLENO/data/BSA_0355_SM01_10x_SPLENO/OUT/COUNT/M8_control_Prog_transcriptome/analysis/pca/10_components/components.csv’: Permission denied
cp: cannot create regular file ‘/research/peer/fdeckert/FD20200109SPLENO/data/BSA_0355_SM01_10x_SPLENO/OUT/COUNT/M8_control_Prog_transcriptome/analysis/pca/10_components/variance.csv’: Permission denied
cp: cannot create regular file ‘/research/peer/fdeckert/FD20200109SPLENO/data/BSA_0355_SM01_10x_SPLENO/OUT/COUNT/M8_control_Prog_transcriptome/analysis/pca/10_components/projection.csv’: Permission denied
cp: cannot create regular file ‘/research/peer/fdeckert/FD20200109SPLENO/data/BSA_0355_SM01_10x_SPLENO/OUT/COUNT/M8_control_Prog_transcriptome/analysis/pca/10_components/dispersion.csv’: Permission denied
cp: cannot create regular file ‘/research/peer/fdeckert/FD20200109SPLENO/data/BSA_0355_SM01_10x_SPLENO/OUT/COUNT/M8_control_Prog_transcriptome/analysis/diffexp/kmeans_8_clusters/differential_expression.csv’: Permission denied
cp: cannot create regular file ‘/research/peer/fdeckert/FD20200109SPLENO/data/BSA_0355_SM01_10x_SPLENO/OUT/COUNT/M8_control_Prog_transcriptome/analysis/diffexp/kmeans_2_clusters/differential_expression.csv’: Permission denied
cp: cannot create regular file ‘/research/peer/fdeckert/FD20200109SPLENO/data/BSA_0355_SM01_10x_SPLENO/OUT/COUNT/M8_control_Prog_transcriptome/analysis/diffexp/graphclust/differential_expression.csv’: Permission denied
cp: cannot create regular file ‘/research/peer/fdeckert/FD20200109SPLENO/data/BSA_0355_SM01_10x_SPLENO/OUT/COUNT/M8_control_Prog_transcriptome/analysis/diffexp/kmeans_6_clusters/differential_expression.csv’: Permission denied
cp: cannot create regular file ‘/research/peer/fdeckert/FD20200109SPLENO/data/BSA_0355_SM01_10x_SPLENO/OUT/COUNT/M8_control_Prog_transcriptome/analysis/diffexp/kmeans_4_clusters/differential_expression.csv’: Permission denied
cp: cannot create regular file ‘/research/peer/fdeckert/FD20200109SPLENO/data/BSA_0355_SM01_10x_SPLENO/OUT/COUNT/M8_control_Prog_transcriptome/analysis/diffexp/kmeans_5_clusters/differential_expression.csv’: Permission denied
cp: cannot create regular file ‘/research/peer/fdeckert/FD20200109SPLENO/data/BSA_0355_SM01_10x_SPLENO/OUT/COUNT/M8_control_Prog_transcriptome/analysis/diffexp/kmeans_7_clusters/differential_expression.csv’: Permission denied
cp: cannot create regular file ‘/research/peer/fdeckert/FD20200109SPLENO/data/BSA_0355_SM01_10x_SPLENO/OUT/COUNT/M8_control_Prog_transcriptome/analysis/diffexp/kmeans_10_clusters/differential_expression.csv’: Permission denied
cp: cannot create regular file ‘/research/peer/fdeckert/FD20200109SPLENO/data/BSA_0355_SM01_10x_SPLENO/OUT/COUNT/M8_control_Prog_transcriptome/analysis/diffexp/kmeans_9_clusters/differential_expression.csv’: Permission denied
cp: cannot create regular file ‘/research/peer/fdeckert/FD20200109SPLENO/data/BSA_0355_SM01_10x_SPLENO/OUT/COUNT/M8_control_Prog_transcriptome/analysis/diffexp/kmeans_3_clusters/differential_expression.csv’: Permission denied
cp: cannot create regular file ‘/research/peer/fdeckert/FD20200109SPLENO/data/BSA_0355_SM01_10x_SPLENO/OUT/COUNT/M8_control_Prog_transcriptome/analysis/clustering/kmeans_8_clusters/clusters.csv’: Permission denied
cp: cannot create regular file ‘/research/peer/fdeckert/FD20200109SPLENO/data/BSA_0355_SM01_10x_SPLENO/OUT/COUNT/M8_control_Prog_transcriptome/analysis/clustering/kmeans_2_clusters/clusters.csv’: Permission denied
cp: cannot create regular file ‘/research/peer/fdeckert/FD20200109SPLENO/data/BSA_0355_SM01_10x_SPLENO/OUT/COUNT/M8_control_Prog_transcriptome/analysis/clustering/graphclust/clusters.csv’: Permission denied
cp: cannot create regular file ‘/research/peer/fdeckert/FD20200109SPLENO/data/BSA_0355_SM01_10x_SPLENO/OUT/COUNT/M8_control_Prog_transcriptome/analysis/clustering/kmeans_6_clusters/clusters.csv’: Permission denied
cp: cannot create regular file ‘/research/peer/fdeckert/FD20200109SPLENO/data/BSA_0355_SM01_10x_SPLENO/OUT/COUNT/M8_control_Prog_transcriptome/analysis/clustering/kmeans_4_clusters/clusters.csv’: Permission denied
cp: cannot create regular file ‘/research/peer/fdeckert/FD20200109SPLENO/data/BSA_0355_SM01_10x_SPLENO/OUT/COUNT/M8_control_Prog_transcriptome/analysis/clustering/kmeans_5_clusters/clusters.csv’: Permission denied
cp: cannot create regular file ‘/research/peer/fdeckert/FD20200109SPLENO/data/BSA_0355_SM01_10x_SPLENO/OUT/COUNT/M8_control_Prog_transcriptome/analysis/clustering/kmeans_7_clusters/clusters.csv’: Permission denied
cp: cannot create regular file ‘/research/peer/fdeckert/FD20200109SPLENO/data/BSA_0355_SM01_10x_SPLENO/OUT/COUNT/M8_control_Prog_transcriptome/analysis/clustering/kmeans_10_clusters/clusters.csv’: Permission denied
cp: cannot create regular file ‘/research/peer/fdeckert/FD20200109SPLENO/data/BSA_0355_SM01_10x_SPLENO/OUT/COUNT/M8_control_Prog_transcriptome/analysis/clustering/kmeans_9_clusters/clusters.csv’: Permission denied
cp: cannot create regular file ‘/research/peer/fdeckert/FD20200109SPLENO/data/BSA_0355_SM01_10x_SPLENO/OUT/COUNT/M8_control_Prog_transcriptome/analysis/clustering/kmeans_3_clusters/clusters.csv’: Permission denied
cp: cannot create regular file ‘/research/peer/fdeckert/FD20200109SPLENO/data/BSA_0355_SM01_10x_SPLENO/OUT/COUNT/M8_control_Prog_transcriptome/cloupe.cloupe’: Permission denied
cp: cannot create regular file ‘/research/peer/fdeckert/FD20200109SPLENO/data/BSA_0355_SM01_10x_SPLENO/OUT/COUNT/M8_control_Prog_transcriptome/possorted_genome_bam.bam.bai’: Permission denied
cp: cannot create regular file ‘/research/peer/fdeckert/FD20200109SPLENO/data/BSA_0355_SM01_10x_SPLENO/OUT/COUNT/M8_control_Prog_transcriptome/raw_feature_bc_matrix/features.tsv.gz’: Permission denied
cp: cannot create regular file ‘/research/peer/fdeckert/FD20200109SPLENO/data/BSA_0355_SM01_10x_SPLENO/OUT/COUNT/M8_control_Prog_transcriptome/raw_feature_bc_matrix/barcodes.tsv.gz’: Permission denied
cp: cannot create regular file ‘/research/peer/fdeckert/FD20200109SPLENO/data/BSA_0355_SM01_10x_SPLENO/OUT/COUNT/M8_control_Prog_transcriptome/raw_feature_bc_matrix/matrix.mtx.gz’: Permission denied
cp: cannot create regular file ‘/research/peer/fdeckert/FD20200109SPLENO/data/BSA_0355_SM01_10x_SPLENO/OUT/COUNT/M8_control_Prog_transcriptome/raw_feature_bc_matrix.h5’: Permission denied
cp: cannot create regular file ‘/research/peer/fdeckert/FD20200109SPLENO/data/BSA_0355_SM01_10x_SPLENO/OUT/COUNT/M8_control_Prog_transcriptome/filtered_feature_bc_matrix.h5’: Permission denied
cp: cannot create regular file ‘/research/peer/fdeckert/FD20200109SPLENO/data/BSA_0355_SM01_10x_SPLENO/OUT/COUNT/M8_control_Prog_transcriptome/metrics_summary.csv’: Permission denied
cp: cannot create regular file ‘/research/peer/fdeckert/FD20200109SPLENO/data/BSA_0355_SM01_10x_SPLENO/OUT/COUNT/M8_control_Prog_transcriptome/M8_control_Prog_transcriptome.completed’: Permission denied
cp: cannot create regular file ‘/research/peer/fdeckert/FD20200109SPLENO/data/BSA_0355_SM01_10x_SPLENO/OUT/COUNT/M8_control_Prog_transcriptome/filtered_feature_bc_matrix/features.tsv.gz’: Permission denied
cp: cannot create regular file ‘/research/peer/fdeckert/FD20200109SPLENO/data/BSA_0355_SM01_10x_SPLENO/OUT/COUNT/M8_control_Prog_transcriptome/filtered_feature_bc_matrix/barcodes.tsv.gz’: Permission denied
cp: cannot create regular file ‘/research/peer/fdeckert/FD20200109SPLENO/data/BSA_0355_SM01_10x_SPLENO/OUT/COUNT/M8_control_Prog_transcriptome/filtered_feature_bc_matrix/matrix.mtx.gz’: Permission denied
cp: cannot create regular file ‘/research/peer/fdeckert/FD20200109SPLENO/data/BSA_0355_SM01_10x_SPLENO/OUT/COUNT/M2_CpG_Mac_transcriptome/molecule_info.h5’: Permission denied
cp: cannot create regular file ‘/research/peer/fdeckert/FD20200109SPLENO/data/BSA_0355_SM01_10x_SPLENO/OUT/COUNT/M2_CpG_Mac_transcriptome/possorted_genome_bam.bam’: Permission denied
cp: cannot create regular file ‘/research/peer/fdeckert/FD20200109SPLENO/data/BSA_0355_SM01_10x_SPLENO/OUT/COUNT/M2_CpG_Mac_transcriptome/web_summary.html’: Permission denied
cp: cannot create regular file ‘/research/peer/fdeckert/FD20200109SPLENO/data/BSA_0355_SM01_10x_SPLENO/OUT/COUNT/M2_CpG_Mac_transcriptome/analysis/tsne/2_components/projection.csv’: Permission denied
cp: cannot create regular file ‘/research/peer/fdeckert/FD20200109SPLENO/data/BSA_0355_SM01_10x_SPLENO/OUT/COUNT/M2_CpG_Mac_transcriptome/analysis/pca/10_components/features_selected.csv’: Permission denied
cp: cannot create regular file ‘/research/peer/fdeckert/FD20200109SPLENO/data/BSA_0355_SM01_10x_SPLENO/OUT/COUNT/M2_CpG_Mac_transcriptome/analysis/pca/10_components/components.csv’: Permission denied
cp: cannot create regular file ‘/research/peer/fdeckert/FD20200109SPLENO/data/BSA_0355_SM01_10x_SPLENO/OUT/COUNT/M2_CpG_Mac_transcriptome/analysis/pca/10_components/variance.csv’: Permission denied
cp: cannot create regular file ‘/research/peer/fdeckert/FD20200109SPLENO/data/BSA_0355_SM01_10x_SPLENO/OUT/COUNT/M2_CpG_Mac_transcriptome/analysis/pca/10_components/projection.csv’: Permission denied
cp: cannot create regular file ‘/research/peer/fdeckert/FD20200109SPLENO/data/BSA_0355_SM01_10x_SPLENO/OUT/COUNT/M2_CpG_Mac_transcriptome/analysis/pca/10_components/dispersion.csv’: Permission denied
cp: cannot create regular file ‘/research/peer/fdeckert/FD20200109SPLENO/data/BSA_0355_SM01_10x_SPLENO/OUT/COUNT/M2_CpG_Mac_transcriptome/analysis/diffexp/kmeans_8_clusters/differential_expression.csv’: Permission denied
cp: cannot create regular file ‘/research/peer/fdeckert/FD20200109SPLENO/data/BSA_0355_SM01_10x_SPLENO/OUT/COUNT/M2_CpG_Mac_transcriptome/analysis/diffexp/kmeans_2_clusters/differential_expression.csv’: Permission denied
cp: cannot create regular file ‘/research/peer/fdeckert/FD20200109SPLENO/data/BSA_0355_SM01_10x_SPLENO/OUT/COUNT/M2_CpG_Mac_transcriptome/analysis/diffexp/graphclust/differential_expression.csv’: Permission denied
cp: cannot create regular file ‘/research/peer/fdeckert/FD20200109SPLENO/data/BSA_0355_SM01_10x_SPLENO/OUT/COUNT/M2_CpG_Mac_transcriptome/analysis/diffexp/kmeans_6_clusters/differential_expression.csv’: Permission denied
cp: cannot create regular file ‘/research/peer/fdeckert/FD20200109SPLENO/data/BSA_0355_SM01_10x_SPLENO/OUT/COUNT/M2_CpG_Mac_transcriptome/analysis/diffexp/kmeans_4_clusters/differential_expression.csv’: Permission denied
cp: cannot create regular file ‘/research/peer/fdeckert/FD20200109SPLENO/data/BSA_0355_SM01_10x_SPLENO/OUT/COUNT/M2_CpG_Mac_transcriptome/analysis/diffexp/kmeans_5_clusters/differential_expression.csv’: Permission denied
cp: cannot create regular file ‘/research/peer/fdeckert/FD20200109SPLENO/data/BSA_0355_SM01_10x_SPLENO/OUT/COUNT/M2_CpG_Mac_transcriptome/analysis/diffexp/kmeans_7_clusters/differential_expression.csv’: Permission denied
cp: cannot create regular file ‘/research/peer/fdeckert/FD20200109SPLENO/data/BSA_0355_SM01_10x_SPLENO/OUT/COUNT/M2_CpG_Mac_transcriptome/analysis/diffexp/kmeans_10_clusters/differential_expression.csv’: Permission denied
cp: cannot create regular file ‘/research/peer/fdeckert/FD20200109SPLENO/data/BSA_0355_SM01_10x_SPLENO/OUT/COUNT/M2_CpG_Mac_transcriptome/analysis/diffexp/kmeans_9_clusters/differential_expression.csv’: Permission denied
cp: cannot create regular file ‘/research/peer/fdeckert/FD20200109SPLENO/data/BSA_0355_SM01_10x_SPLENO/OUT/COUNT/M2_CpG_Mac_transcriptome/analysis/diffexp/kmeans_3_clusters/differential_expression.csv’: Permission denied
cp: cannot create regular file ‘/research/peer/fdeckert/FD20200109SPLENO/data/BSA_0355_SM01_10x_SPLENO/OUT/COUNT/M2_CpG_Mac_transcriptome/analysis/clustering/kmeans_8_clusters/clusters.csv’: Permission denied
cp: cannot create regular file ‘/research/peer/fdeckert/FD20200109SPLENO/data/BSA_0355_SM01_10x_SPLENO/OUT/COUNT/M2_CpG_Mac_transcriptome/analysis/clustering/kmeans_2_clusters/clusters.csv’: Permission denied
cp: cannot create regular file ‘/research/peer/fdeckert/FD20200109SPLENO/data/BSA_0355_SM01_10x_SPLENO/OUT/COUNT/M2_CpG_Mac_transcriptome/analysis/clustering/graphclust/clusters.csv’: Permission denied
cp: cannot create regular file ‘/research/peer/fdeckert/FD20200109SPLENO/data/BSA_0355_SM01_10x_SPLENO/OUT/COUNT/M2_CpG_Mac_transcriptome/analysis/clustering/kmeans_6_clusters/clusters.csv’: Permission denied
cp: cannot create regular file ‘/research/peer/fdeckert/FD20200109SPLENO/data/BSA_0355_SM01_10x_SPLENO/OUT/COUNT/M2_CpG_Mac_transcriptome/analysis/clustering/kmeans_4_clusters/clusters.csv’: Permission denied
cp: cannot create regular file ‘/research/peer/fdeckert/FD20200109SPLENO/data/BSA_0355_SM01_10x_SPLENO/OUT/COUNT/M2_CpG_Mac_transcriptome/analysis/clustering/kmeans_5_clusters/clusters.csv’: Permission denied
cp: cannot create regular file ‘/research/peer/fdeckert/FD20200109SPLENO/data/BSA_0355_SM01_10x_SPLENO/OUT/COUNT/M2_CpG_Mac_transcriptome/analysis/clustering/kmeans_7_clusters/clusters.csv’: Permission denied
cp: cannot create regular file ‘/research/peer/fdeckert/FD20200109SPLENO/data/BSA_0355_SM01_10x_SPLENO/OUT/COUNT/M2_CpG_Mac_transcriptome/analysis/clustering/kmeans_10_clusters/clusters.csv’: Permission denied
cp: cannot create regular file ‘/research/peer/fdeckert/FD20200109SPLENO/data/BSA_0355_SM01_10x_SPLENO/OUT/COUNT/M2_CpG_Mac_transcriptome/analysis/clustering/kmeans_9_clusters/clusters.csv’: Permission denied
cp: cannot create regular file ‘/research/peer/fdeckert/FD20200109SPLENO/data/BSA_0355_SM01_10x_SPLENO/OUT/COUNT/M2_CpG_Mac_transcriptome/analysis/clustering/kmeans_3_clusters/clusters.csv’: Permission denied
cp: cannot create regular file ‘/research/peer/fdeckert/FD20200109SPLENO/data/BSA_0355_SM01_10x_SPLENO/OUT/COUNT/M2_CpG_Mac_transcriptome/cloupe.cloupe’: Permission denied
cp: cannot create regular file ‘/research/peer/fdeckert/FD20200109SPLENO/data/BSA_0355_SM01_10x_SPLENO/OUT/COUNT/M2_CpG_Mac_transcriptome/possorted_genome_bam.bam.bai’: Permission denied
cp: cannot create regular file ‘/research/peer/fdeckert/FD20200109SPLENO/data/BSA_0355_SM01_10x_SPLENO/OUT/COUNT/M2_CpG_Mac_transcriptome/M2_CpG_Mac_transcriptome.completed’: Permission denied
cp: cannot create regular file ‘/research/peer/fdeckert/FD20200109SPLENO/data/BSA_0355_SM01_10x_SPLENO/OUT/COUNT/M2_CpG_Mac_transcriptome/raw_feature_bc_matrix/features.tsv.gz’: Permission denied
cp: cannot create regular file ‘/research/peer/fdeckert/FD20200109SPLENO/data/BSA_0355_SM01_10x_SPLENO/OUT/COUNT/M2_CpG_Mac_transcriptome/raw_feature_bc_matrix/barcodes.tsv.gz’: Permission denied
cp: cannot create regular file ‘/research/peer/fdeckert/FD20200109SPLENO/data/BSA_0355_SM01_10x_SPLENO/OUT/COUNT/M2_CpG_Mac_transcriptome/raw_feature_bc_matrix/matrix.mtx.gz’: Permission denied
cp: cannot create regular file ‘/research/peer/fdeckert/FD20200109SPLENO/data/BSA_0355_SM01_10x_SPLENO/OUT/COUNT/M2_CpG_Mac_transcriptome/raw_feature_bc_matrix.h5’: Permission denied
cp: cannot create regular file ‘/research/peer/fdeckert/FD20200109SPLENO/data/BSA_0355_SM01_10x_SPLENO/OUT/COUNT/M2_CpG_Mac_transcriptome/filtered_feature_bc_matrix.h5’: Permission denied
cp: cannot create regular file ‘/research/peer/fdeckert/FD20200109SPLENO/data/BSA_0355_SM01_10x_SPLENO/OUT/COUNT/M2_CpG_Mac_transcriptome/metrics_summary.csv’: Permission denied
cp: cannot create regular file ‘/research/peer/fdeckert/FD20200109SPLENO/data/BSA_0355_SM01_10x_SPLENO/OUT/COUNT/M2_CpG_Mac_transcriptome/filtered_feature_bc_matrix/features.tsv.gz’: Permission denied
cp: cannot create regular file ‘/research/peer/fdeckert/FD20200109SPLENO/data/BSA_0355_SM01_10x_SPLENO/OUT/COUNT/M2_CpG_Mac_transcriptome/filtered_feature_bc_matrix/barcodes.tsv.gz’: Permission denied
cp: cannot create regular file ‘/research/peer/fdeckert/FD20200109SPLENO/data/BSA_0355_SM01_10x_SPLENO/OUT/COUNT/M2_CpG_Mac_transcriptome/filtered_feature_bc_matrix/matrix.mtx.gz’: Permission denied
cp: cannot create regular file ‘/research/peer/fdeckert/FD20200109SPLENO/data/BSA_0355_SM01_10x_SPLENO/OUT/COUNT/M1_CpG_Prog_transcriptome/molecule_info.h5’: Permission denied
cp: cannot create regular file ‘/research/peer/fdeckert/FD20200109SPLENO/data/BSA_0355_SM01_10x_SPLENO/OUT/COUNT/M1_CpG_Prog_transcriptome/possorted_genome_bam.bam’: Permission denied
cp: cannot create regular file ‘/research/peer/fdeckert/FD20200109SPLENO/data/BSA_0355_SM01_10x_SPLENO/OUT/COUNT/M1_CpG_Prog_transcriptome/M1_CpG_Prog_transcriptome.completed’: Permission denied
cp: cannot create regular file ‘/research/peer/fdeckert/FD20200109SPLENO/data/BSA_0355_SM01_10x_SPLENO/OUT/COUNT/M1_CpG_Prog_transcriptome/web_summary.html’: Permission denied
cp: cannot create regular file ‘/research/peer/fdeckert/FD20200109SPLENO/data/BSA_0355_SM01_10x_SPLENO/OUT/COUNT/M1_CpG_Prog_transcriptome/analysis/tsne/2_components/projection.csv’: Permission denied
cp: cannot create regular file ‘/research/peer/fdeckert/FD20200109SPLENO/data/BSA_0355_SM01_10x_SPLENO/OUT/COUNT/M1_CpG_Prog_transcriptome/analysis/pca/10_components/features_selected.csv’: Permission denied
cp: cannot create regular file ‘/research/peer/fdeckert/FD20200109SPLENO/data/BSA_0355_SM01_10x_SPLENO/OUT/COUNT/M1_CpG_Prog_transcriptome/analysis/pca/10_components/components.csv’: Permission denied
cp: cannot create regular file ‘/research/peer/fdeckert/FD20200109SPLENO/data/BSA_0355_SM01_10x_SPLENO/OUT/COUNT/M1_CpG_Prog_transcriptome/analysis/pca/10_components/variance.csv’: Permission denied
cp: cannot create regular file ‘/research/peer/fdeckert/FD20200109SPLENO/data/BSA_0355_SM01_10x_SPLENO/OUT/COUNT/M1_CpG_Prog_transcriptome/analysis/pca/10_components/projection.csv’: Permission denied
cp: cannot create regular file ‘/research/peer/fdeckert/FD20200109SPLENO/data/BSA_0355_SM01_10x_SPLENO/OUT/COUNT/M1_CpG_Prog_transcriptome/analysis/pca/10_components/dispersion.csv’: Permission denied
cp: cannot create regular file ‘/research/peer/fdeckert/FD20200109SPLENO/data/BSA_0355_SM01_10x_SPLENO/OUT/COUNT/M1_CpG_Prog_transcriptome/analysis/diffexp/kmeans_8_clusters/differential_expression.csv’: Permission denied
cp: cannot create regular file ‘/research/peer/fdeckert/FD20200109SPLENO/data/BSA_0355_SM01_10x_SPLENO/OUT/COUNT/M1_CpG_Prog_transcriptome/analysis/diffexp/kmeans_2_clusters/differential_expression.csv’: Permission denied
cp: cannot create regular file ‘/research/peer/fdeckert/FD20200109SPLENO/data/BSA_0355_SM01_10x_SPLENO/OUT/COUNT/M1_CpG_Prog_transcriptome/analysis/diffexp/graphclust/differential_expression.csv’: Permission denied
cp: cannot create regular file ‘/research/peer/fdeckert/FD20200109SPLENO/data/BSA_0355_SM01_10x_SPLENO/OUT/COUNT/M1_CpG_Prog_transcriptome/analysis/diffexp/kmeans_6_clusters/differential_expression.csv’: Permission denied
cp: cannot create regular file ‘/research/peer/fdeckert/FD20200109SPLENO/data/BSA_0355_SM01_10x_SPLENO/OUT/COUNT/M1_CpG_Prog_transcriptome/analysis/diffexp/kmeans_4_clusters/differential_expression.csv’: Permission denied
cp: cannot create regular file ‘/research/peer/fdeckert/FD20200109SPLENO/data/BSA_0355_SM01_10x_SPLENO/OUT/COUNT/M1_CpG_Prog_transcriptome/analysis/diffexp/kmeans_5_clusters/differential_expression.csv’: Permission denied
cp: cannot create regular file ‘/research/peer/fdeckert/FD20200109SPLENO/data/BSA_0355_SM01_10x_SPLENO/OUT/COUNT/M1_CpG_Prog_transcriptome/analysis/diffexp/kmeans_7_clusters/differential_expression.csv’: Permission denied
cp: cannot create regular file ‘/research/peer/fdeckert/FD20200109SPLENO/data/BSA_0355_SM01_10x_SPLENO/OUT/COUNT/M1_CpG_Prog_transcriptome/analysis/diffexp/kmeans_10_clusters/differential_expression.csv’: Permission denied
cp: cannot create regular file ‘/research/peer/fdeckert/FD20200109SPLENO/data/BSA_0355_SM01_10x_SPLENO/OUT/COUNT/M1_CpG_Prog_transcriptome/analysis/diffexp/kmeans_9_clusters/differential_expression.csv’: Permission denied
cp: cannot create regular file ‘/research/peer/fdeckert/FD20200109SPLENO/data/BSA_0355_SM01_10x_SPLENO/OUT/COUNT/M1_CpG_Prog_transcriptome/analysis/diffexp/kmeans_3_clusters/differential_expression.csv’: Permission denied
cp: cannot create regular file ‘/research/peer/fdeckert/FD20200109SPLENO/data/BSA_0355_SM01_10x_SPLENO/OUT/COUNT/M1_CpG_Prog_transcriptome/analysis/clustering/kmeans_8_clusters/clusters.csv’: Permission denied
cp: cannot create regular file ‘/research/peer/fdeckert/FD20200109SPLENO/data/BSA_0355_SM01_10x_SPLENO/OUT/COUNT/M1_CpG_Prog_transcriptome/analysis/clustering/kmeans_2_clusters/clusters.csv’: Permission denied
cp: cannot create regular file ‘/research/peer/fdeckert/FD20200109SPLENO/data/BSA_0355_SM01_10x_SPLENO/OUT/COUNT/M1_CpG_Prog_transcriptome/analysis/clustering/graphclust/clusters.csv’: Permission denied
cp: cannot create regular file ‘/research/peer/fdeckert/FD20200109SPLENO/data/BSA_0355_SM01_10x_SPLENO/OUT/COUNT/M1_CpG_Prog_transcriptome/analysis/clustering/kmeans_6_clusters/clusters.csv’: Permission denied
cp: cannot create regular file ‘/research/peer/fdeckert/FD20200109SPLENO/data/BSA_0355_SM01_10x_SPLENO/OUT/COUNT/M1_CpG_Prog_transcriptome/analysis/clustering/kmeans_4_clusters/clusters.csv’: Permission denied
cp: cannot create regular file ‘/research/peer/fdeckert/FD20200109SPLENO/data/BSA_0355_SM01_10x_SPLENO/OUT/COUNT/M1_CpG_Prog_transcriptome/analysis/clustering/kmeans_5_clusters/clusters.csv’: Permission denied
cp: cannot create regular file ‘/research/peer/fdeckert/FD20200109SPLENO/data/BSA_0355_SM01_10x_SPLENO/OUT/COUNT/M1_CpG_Prog_transcriptome/analysis/clustering/kmeans_7_clusters/clusters.csv’: Permission denied
cp: cannot create regular file ‘/research/peer/fdeckert/FD20200109SPLENO/data/BSA_0355_SM01_10x_SPLENO/OUT/COUNT/M1_CpG_Prog_transcriptome/analysis/clustering/kmeans_10_clusters/clusters.csv’: Permission denied
cp: cannot create regular file ‘/research/peer/fdeckert/FD20200109SPLENO/data/BSA_0355_SM01_10x_SPLENO/OUT/COUNT/M1_CpG_Prog_transcriptome/analysis/clustering/kmeans_9_clusters/clusters.csv’: Permission denied
cp: cannot create regular file ‘/research/peer/fdeckert/FD20200109SPLENO/data/BSA_0355_SM01_10x_SPLENO/OUT/COUNT/M1_CpG_Prog_transcriptome/analysis/clustering/kmeans_3_clusters/clusters.csv’: Permission denied
cp: cannot create regular file ‘/research/peer/fdeckert/FD20200109SPLENO/data/BSA_0355_SM01_10x_SPLENO/OUT/COUNT/M1_CpG_Prog_transcriptome/cloupe.cloupe’: Permission denied
cp: cannot create regular file ‘/research/peer/fdeckert/FD20200109SPLENO/data/BSA_0355_SM01_10x_SPLENO/OUT/COUNT/M1_CpG_Prog_transcriptome/possorted_genome_bam.bam.bai’: Permission denied
cp: cannot create regular file ‘/research/peer/fdeckert/FD20200109SPLENO/data/BSA_0355_SM01_10x_SPLENO/OUT/COUNT/M1_CpG_Prog_transcriptome/raw_feature_bc_matrix/features.tsv.gz’: Permission denied
cp: cannot create regular file ‘/research/peer/fdeckert/FD20200109SPLENO/data/BSA_0355_SM01_10x_SPLENO/OUT/COUNT/M1_CpG_Prog_transcriptome/raw_feature_bc_matrix/barcodes.tsv.gz’: Permission denied
cp: cannot create regular file ‘/research/peer/fdeckert/FD20200109SPLENO/data/BSA_0355_SM01_10x_SPLENO/OUT/COUNT/M1_CpG_Prog_transcriptome/raw_feature_bc_matrix/matrix.mtx.gz’: Permission denied
cp: cannot create regular file ‘/research/peer/fdeckert/FD20200109SPLENO/data/BSA_0355_SM01_10x_SPLENO/OUT/COUNT/M1_CpG_Prog_transcriptome/raw_feature_bc_matrix.h5’: Permission denied
cp: cannot create regular file ‘/research/peer/fdeckert/FD20200109SPLENO/data/BSA_0355_SM01_10x_SPLENO/OUT/COUNT/M1_CpG_Prog_transcriptome/filtered_feature_bc_matrix.h5’: Permission denied
cp: cannot create regular file ‘/research/peer/fdeckert/FD20200109SPLENO/data/BSA_0355_SM01_10x_SPLENO/OUT/COUNT/M1_CpG_Prog_transcriptome/metrics_summary.csv’: Permission denied
cp: cannot create regular file ‘/research/peer/fdeckert/FD20200109SPLENO/data/BSA_0355_SM01_10x_SPLENO/OUT/COUNT/M1_CpG_Prog_transcriptome/filtered_feature_bc_matrix/features.tsv.gz’: Permission denied
cp: cannot create regular file ‘/research/peer/fdeckert/FD20200109SPLENO/data/BSA_0355_SM01_10x_SPLENO/OUT/COUNT/M1_CpG_Prog_transcriptome/filtered_feature_bc_matrix/barcodes.tsv.gz’: Permission denied
cp: cannot create regular file ‘/research/peer/fdeckert/FD20200109SPLENO/data/BSA_0355_SM01_10x_SPLENO/OUT/COUNT/M1_CpG_Prog_transcriptome/filtered_feature_bc_matrix/matrix.mtx.gz’: Permission denied
cp: cannot create regular file ‘/research/peer/fdeckert/FD20200109SPLENO/data/BSA_0355_SM01_10x_SPLENO/OUT/COUNT/M6_control_Prog_transcriptome/molecule_info.h5’: Permission denied
cp: cannot create regular file ‘/research/peer/fdeckert/FD20200109SPLENO/data/BSA_0355_SM01_10x_SPLENO/OUT/COUNT/M6_control_Prog_transcriptome/possorted_genome_bam.bam’: Permission denied
cp: cannot create regular file ‘/research/peer/fdeckert/FD20200109SPLENO/data/BSA_0355_SM01_10x_SPLENO/OUT/COUNT/M6_control_Prog_transcriptome/M6_control_Prog_transcriptome.completed’: Permission denied
cp: cannot create regular file ‘/research/peer/fdeckert/FD20200109SPLENO/data/BSA_0355_SM01_10x_SPLENO/OUT/COUNT/M6_control_Prog_transcriptome/web_summary.html’: Permission denied
cp: cannot create regular file ‘/research/peer/fdeckert/FD20200109SPLENO/data/BSA_0355_SM01_10x_SPLENO/OUT/COUNT/M6_control_Prog_transcriptome/analysis/tsne/2_components/projection.csv’: Permission denied
cp: cannot create regular file ‘/research/peer/fdeckert/FD20200109SPLENO/data/BSA_0355_SM01_10x_SPLENO/OUT/COUNT/M6_control_Prog_transcriptome/analysis/pca/10_components/features_selected.csv’: Permission denied
cp: cannot create regular file ‘/research/peer/fdeckert/FD20200109SPLENO/data/BSA_0355_SM01_10x_SPLENO/OUT/COUNT/M6_control_Prog_transcriptome/analysis/pca/10_components/components.csv’: Permission denied
cp: cannot create regular file ‘/research/peer/fdeckert/FD20200109SPLENO/data/BSA_0355_SM01_10x_SPLENO/OUT/COUNT/M6_control_Prog_transcriptome/analysis/pca/10_components/variance.csv’: Permission denied
cp: cannot create regular file ‘/research/peer/fdeckert/FD20200109SPLENO/data/BSA_0355_SM01_10x_SPLENO/OUT/COUNT/M6_control_Prog_transcriptome/analysis/pca/10_components/projection.csv’: Permission denied
cp: cannot create regular file ‘/research/peer/fdeckert/FD20200109SPLENO/data/BSA_0355_SM01_10x_SPLENO/OUT/COUNT/M6_control_Prog_transcriptome/analysis/pca/10_components/dispersion.csv’: Permission denied
cp: cannot create regular file ‘/research/peer/fdeckert/FD20200109SPLENO/data/BSA_0355_SM01_10x_SPLENO/OUT/COUNT/M6_control_Prog_transcriptome/analysis/diffexp/kmeans_8_clusters/differential_expression.csv’: Permission denied
cp: cannot create regular file ‘/research/peer/fdeckert/FD20200109SPLENO/data/BSA_0355_SM01_10x_SPLENO/OUT/COUNT/M6_control_Prog_transcriptome/analysis/diffexp/kmeans_2_clusters/differential_expression.csv’: Permission denied
cp: cannot create regular file ‘/research/peer/fdeckert/FD20200109SPLENO/data/BSA_0355_SM01_10x_SPLENO/OUT/COUNT/M6_control_Prog_transcriptome/analysis/diffexp/graphclust/differential_expression.csv’: Permission denied
cp: cannot create regular file ‘/research/peer/fdeckert/FD20200109SPLENO/data/BSA_0355_SM01_10x_SPLENO/OUT/COUNT/M6_control_Prog_transcriptome/analysis/diffexp/kmeans_6_clusters/differential_expression.csv’: Permission denied
cp: cannot create regular file ‘/research/peer/fdeckert/FD20200109SPLENO/data/BSA_0355_SM01_10x_SPLENO/OUT/COUNT/M6_control_Prog_transcriptome/analysis/diffexp/kmeans_4_clusters/differential_expression.csv’: Permission denied
cp: cannot create regular file ‘/research/peer/fdeckert/FD20200109SPLENO/data/BSA_0355_SM01_10x_SPLENO/OUT/COUNT/M6_control_Prog_transcriptome/analysis/diffexp/kmeans_5_clusters/differential_expression.csv’: Permission denied
cp: cannot create regular file ‘/research/peer/fdeckert/FD20200109SPLENO/data/BSA_0355_SM01_10x_SPLENO/OUT/COUNT/M6_control_Prog_transcriptome/analysis/diffexp/kmeans_7_clusters/differential_expression.csv’: Permission denied
cp: cannot create regular file ‘/research/peer/fdeckert/FD20200109SPLENO/data/BSA_0355_SM01_10x_SPLENO/OUT/COUNT/M6_control_Prog_transcriptome/analysis/diffexp/kmeans_10_clusters/differential_expression.csv’: Permission denied
cp: cannot create regular file ‘/research/peer/fdeckert/FD20200109SPLENO/data/BSA_0355_SM01_10x_SPLENO/OUT/COUNT/M6_control_Prog_transcriptome/analysis/diffexp/kmeans_9_clusters/differential_expression.csv’: Permission denied
cp: cannot create regular file ‘/research/peer/fdeckert/FD20200109SPLENO/data/BSA_0355_SM01_10x_SPLENO/OUT/COUNT/M6_control_Prog_transcriptome/analysis/diffexp/kmeans_3_clusters/differential_expression.csv’: Permission denied
cp: cannot create regular file ‘/research/peer/fdeckert/FD20200109SPLENO/data/BSA_0355_SM01_10x_SPLENO/OUT/COUNT/M6_control_Prog_transcriptome/analysis/clustering/kmeans_8_clusters/clusters.csv’: Permission denied
cp: cannot create regular file ‘/research/peer/fdeckert/FD20200109SPLENO/data/BSA_0355_SM01_10x_SPLENO/OUT/COUNT/M6_control_Prog_transcriptome/analysis/clustering/kmeans_2_clusters/clusters.csv’: Permission denied
cp: cannot create regular file ‘/research/peer/fdeckert/FD20200109SPLENO/data/BSA_0355_SM01_10x_SPLENO/OUT/COUNT/M6_control_Prog_transcriptome/analysis/clustering/graphclust/clusters.csv’: Permission denied
cp: cannot create regular file ‘/research/peer/fdeckert/FD20200109SPLENO/data/BSA_0355_SM01_10x_SPLENO/OUT/COUNT/M6_control_Prog_transcriptome/analysis/clustering/kmeans_6_clusters/clusters.csv’: Permission denied
cp: cannot create regular file ‘/research/peer/fdeckert/FD20200109SPLENO/data/BSA_0355_SM01_10x_SPLENO/OUT/COUNT/M6_control_Prog_transcriptome/analysis/clustering/kmeans_4_clusters/clusters.csv’: Permission denied
cp: cannot create regular file ‘/research/peer/fdeckert/FD20200109SPLENO/data/BSA_0355_SM01_10x_SPLENO/OUT/COUNT/M6_control_Prog_transcriptome/analysis/clustering/kmeans_5_clusters/clusters.csv’: Permission denied
cp: cannot create regular file ‘/research/peer/fdeckert/FD20200109SPLENO/data/BSA_0355_SM01_10x_SPLENO/OUT/COUNT/M6_control_Prog_transcriptome/analysis/clustering/kmeans_7_clusters/clusters.csv’: Permission denied
cp: cannot create regular file ‘/research/peer/fdeckert/FD20200109SPLENO/data/BSA_0355_SM01_10x_SPLENO/OUT/COUNT/M6_control_Prog_transcriptome/analysis/clustering/kmeans_10_clusters/clusters.csv’: Permission denied
cp: cannot create regular file ‘/research/peer/fdeckert/FD20200109SPLENO/data/BSA_0355_SM01_10x_SPLENO/OUT/COUNT/M6_control_Prog_transcriptome/analysis/clustering/kmeans_9_clusters/clusters.csv’: Permission denied
cp: cannot create regular file ‘/research/peer/fdeckert/FD20200109SPLENO/data/BSA_0355_SM01_10x_SPLENO/OUT/COUNT/M6_control_Prog_transcriptome/analysis/clustering/kmeans_3_clusters/clusters.csv’: Permission denied
cp: cannot create regular file ‘/research/peer/fdeckert/FD20200109SPLENO/data/BSA_0355_SM01_10x_SPLENO/OUT/COUNT/M6_control_Prog_transcriptome/cloupe.cloupe’: Permission denied
cp: cannot create regular file ‘/research/peer/fdeckert/FD20200109SPLENO/data/BSA_0355_SM01_10x_SPLENO/OUT/COUNT/M6_control_Prog_transcriptome/possorted_genome_bam.bam.bai’: Permission denied
cp: cannot create regular file ‘/research/peer/fdeckert/FD20200109SPLENO/data/BSA_0355_SM01_10x_SPLENO/OUT/COUNT/M6_control_Prog_transcriptome/raw_feature_bc_matrix/features.tsv.gz’: Permission denied
cp: cannot create regular file ‘/research/peer/fdeckert/FD20200109SPLENO/data/BSA_0355_SM01_10x_SPLENO/OUT/COUNT/M6_control_Prog_transcriptome/raw_feature_bc_matrix/barcodes.tsv.gz’: Permission denied
cp: cannot create regular file ‘/research/peer/fdeckert/FD20200109SPLENO/data/BSA_0355_SM01_10x_SPLENO/OUT/COUNT/M6_control_Prog_transcriptome/raw_feature_bc_matrix/matrix.mtx.gz’: Permission denied
cp: cannot create regular file ‘/research/peer/fdeckert/FD20200109SPLENO/data/BSA_0355_SM01_10x_SPLENO/OUT/COUNT/M6_control_Prog_transcriptome/raw_feature_bc_matrix.h5’: Permission denied
cp: cannot create regular file ‘/research/peer/fdeckert/FD20200109SPLENO/data/BSA_0355_SM01_10x_SPLENO/OUT/COUNT/M6_control_Prog_transcriptome/filtered_feature_bc_matrix.h5’: Permission denied
cp: cannot create regular file ‘/research/peer/fdeckert/FD20200109SPLENO/data/BSA_0355_SM01_10x_SPLENO/OUT/COUNT/M6_control_Prog_transcriptome/metrics_summary.csv’: Permission denied
cp: cannot create regular file ‘/research/peer/fdeckert/FD20200109SPLENO/data/BSA_0355_SM01_10x_SPLENO/OUT/COUNT/M6_control_Prog_transcriptome/filtered_feature_bc_matrix/features.tsv.gz’: Permission denied
cp: cannot create regular file ‘/research/peer/fdeckert/FD20200109SPLENO/data/BSA_0355_SM01_10x_SPLENO/OUT/COUNT/M6_control_Prog_transcriptome/filtered_feature_bc_matrix/barcodes.tsv.gz’: Permission denied
cp: cannot create regular file ‘/research/peer/fdeckert/FD20200109SPLENO/data/BSA_0355_SM01_10x_SPLENO/OUT/COUNT/M6_control_Prog_transcriptome/filtered_feature_bc_matrix/matrix.mtx.gz’: Permission denied
cp: cannot create regular file ‘/research/peer/fdeckert/FD20200109SPLENO/data/BSA_0355_SM01_10x_SPLENO/OUT/COUNT/M6_control_Mac_transcriptome/molecule_info.h5’: Permission denied
cp: cannot create regular file ‘/research/peer/fdeckert/FD20200109SPLENO/data/BSA_0355_SM01_10x_SPLENO/OUT/COUNT/M6_control_Mac_transcriptome/possorted_genome_bam.bam’: Permission denied
