2021-11-17 11:11:00,739 - DEBUG - Using logic: ValidatedIntrons10X
2021-11-17 11:11:00,762 - INFO - Read 3011 cell barcodes from /research/peer/fdeckert/FD20200109SPLENO/data/BSA_0355_SM01_10x_SPLENO/OUT/COUNT/M6_control_Mac_transcriptome/filtered_feature_bc_matrix/barcodes.tsv.gz
2021-11-17 11:11:00,762 - DEBUG - Example of barcode: AAACCCACACCCAAGC and cell_id: velocyto:AAACCCACACCCAAGC-1
2021-11-17 11:11:00,777 - DEBUG - Peeking into /research/peer/fdeckert/FD20200109SPLENO/data/BSA_0355_SM01_10x_SPLENO/OUT/COUNT/M6_control_Mac_transcriptome/possorted_genome_bam.bam
2021-11-17 11:11:00,888 - WARNING - Not found cell and umi barcode in entry 28 of the bam file
2021-11-17 11:11:00,888 - WARNING - Not found cell and umi barcode in entry 65 of the bam file
2021-11-17 11:11:00,889 - WARNING - Not found cell and umi barcode in entry 215 of the bam file
2021-11-17 11:11:00,893 - WARNING - Not found cell and umi barcode in entry 303 of the bam file
2021-11-17 11:11:00,893 - WARNING - Not found cell and umi barcode in entry 431 of the bam file
2021-11-17 11:11:00,894 - WARNING - Not found cell and umi barcode in entry 467 of the bam file
2021-11-17 11:11:00,894 - WARNING - Not found cell and umi barcode in entry 468 of the bam file
2021-11-17 11:11:00,894 - WARNING - Not found cell and umi barcode in entry 469 of the bam file
2021-11-17 11:11:00,894 - WARNING - Not found cell and umi barcode in entry 492 of the bam file
2021-11-17 11:11:00,894 - WARNING - Not found cell and umi barcode in entry 518 of the bam file
2021-11-17 11:11:00,894 - WARNING - Not found cell and umi barcode in entry 555 of the bam file
2021-11-17 11:11:00,907 - WARNING - Not found cell and umi barcode in entry 588 of the bam file
2021-11-17 11:11:00,907 - WARNING - Not found cell and umi barcode in entry 675 of the bam file
2021-11-17 11:11:00,907 - WARNING - Not found cell and umi barcode in entry 676 of the bam file
2021-11-17 11:11:00,907 - WARNING - Not found cell and umi barcode in entry 682 of the bam file
2021-11-17 11:11:00,908 - WARNING - Not found cell and umi barcode in entry 709 of the bam file
2021-11-17 11:11:00,908 - WARNING - Not found cell and umi barcode in entry 750 of the bam file
2021-11-17 11:11:00,908 - WARNING - Not found cell and umi barcode in entry 751 of the bam file
2021-11-17 11:11:00,908 - WARNING - Not found cell and umi barcode in entry 753 of the bam file
2021-11-17 11:11:00,908 - WARNING - Not found cell and umi barcode in entry 759 of the bam file
2021-11-17 11:11:00,909 - WARNING - Not found cell and umi barcode in entry 863 of the bam file
2021-11-17 11:11:00,909 - WARNING - Not found cell and umi barcode in entry 869 of the bam file
2021-11-17 11:11:00,920 - WARNING - The file /research/peer/fdeckert/FD20200109SPLENO/data/BSA_0355_SM01_10x_SPLENO/OUT/COUNT/M6_control_Mac_transcriptome/cellsorted_possorted_genome_bam.bam already exists. The sorting step will be skipped and the existing file will be used.
2021-11-17 11:11:00,920 - INFO - Load the annotation from /research/peer/fdeckert/FD20200109SPLENO/data/mm10/cellranger/mm10-2020-A_build/gencode.vM23.primary_assembly.annotation.gtf.filtered
2021-11-17 11:11:07,187 - DEBUG - Parsing Chromosome GL456210.1 strand - [line 0]
2021-11-17 11:11:07,188 - DEBUG - Done with GL456210.1- [line 27]
2021-11-17 11:11:07,188 - DEBUG - Assigning indexes to genes
2021-11-17 11:11:07,188 - DEBUG - Seen 3 genes until now
2021-11-17 11:11:07,188 - DEBUG - Parsing Chromosome GL456210.1 strand + [line 28]
2021-11-17 11:11:07,188 - DEBUG - Done with GL456210.1+ [line 43]
2021-11-17 11:11:07,189 - DEBUG - Assigning indexes to genes
2021-11-17 11:11:07,189 - DEBUG - Seen 5 genes until now
2021-11-17 11:11:07,189 - DEBUG - Parsing Chromosome GL456211.1 strand - [line 44]
2021-11-17 11:11:07,189 - DEBUG - Done with GL456211.1- [line 74]
2021-11-17 11:11:07,189 - DEBUG - Assigning indexes to genes
2021-11-17 11:11:07,189 - DEBUG - Seen 9 genes until now
2021-11-17 11:11:07,189 - DEBUG - Parsing Chromosome GL456211.1 strand + [line 75]
2021-11-17 11:11:07,189 - DEBUG - Done with GL456211.1+ [line 101]
2021-11-17 11:11:07,189 - DEBUG - Assigning indexes to genes
2021-11-17 11:11:07,189 - DEBUG - Seen 11 genes until now
2021-11-17 11:11:07,189 - DEBUG - Parsing Chromosome GL456212.1 strand - [line 102]
2021-11-17 11:11:07,190 - DEBUG - Done with GL456212.1- [line 137]
2021-11-17 11:11:07,190 - DEBUG - Assigning indexes to genes
2021-11-17 11:11:07,190 - DEBUG - Seen 13 genes until now
2021-11-17 11:11:07,190 - DEBUG - Parsing Chromosome GL456216.1 strand + [line 138]
2021-11-17 11:11:07,190 - DEBUG - Done with GL456216.1+ [line 157]
2021-11-17 11:11:07,190 - DEBUG - Assigning indexes to genes
2021-11-17 11:11:07,190 - DEBUG - Seen 14 genes until now
2021-11-17 11:11:07,190 - DEBUG - Parsing Chromosome GL456219.1 strand - [line 158]
2021-11-17 11:11:07,190 - DEBUG - Done with GL456219.1- [line 171]
2021-11-17 11:11:07,190 - DEBUG - Assigning indexes to genes
2021-11-17 11:11:07,191 - DEBUG - Seen 16 genes until now
2021-11-17 11:11:07,191 - DEBUG - Parsing Chromosome GL456221.1 strand - [line 172]
2021-11-17 11:11:07,191 - DEBUG - Done with GL456221.1- [line 217]
2021-11-17 11:11:07,191 - DEBUG - Assigning indexes to genes
2021-11-17 11:11:07,191 - DEBUG - Seen 20 genes until now
2021-11-17 11:11:07,191 - DEBUG - Parsing Chromosome GL456221.1 strand + [line 218]
2021-11-17 11:11:07,191 - DEBUG - Done with GL456221.1+ [line 237]
2021-11-17 11:11:07,191 - DEBUG - Assigning indexes to genes
2021-11-17 11:11:07,191 - DEBUG - Seen 23 genes until now
2021-11-17 11:11:07,191 - DEBUG - Parsing Chromosome GL456233.1 strand - [line 238]
2021-11-17 11:11:07,192 - DEBUG - Done with GL456233.1- [line 269]
2021-11-17 11:11:07,192 - DEBUG - Assigning indexes to genes
2021-11-17 11:11:07,192 - DEBUG - Seen 25 genes until now
2021-11-17 11:11:07,192 - DEBUG - Parsing Chromosome GL456233.1 strand + [line 270]
2021-11-17 11:11:07,192 - DEBUG - Done with GL456233.1+ [line 300]
2021-11-17 11:11:07,192 - DEBUG - Assigning indexes to genes
2021-11-17 11:11:07,192 - DEBUG - Seen 27 genes until now
2021-11-17 11:11:07,192 - DEBUG - Parsing Chromosome GL456350.1 strand - [line 301]
2021-11-17 11:11:07,193 - DEBUG - Done with GL456350.1- [line 362]
2021-11-17 11:11:07,193 - DEBUG - Assigning indexes to genes
2021-11-17 11:11:07,193 - DEBUG - Seen 32 genes until now
2021-11-17 11:11:07,193 - DEBUG - Parsing Chromosome GL456354.1 strand - [line 363]
2021-11-17 11:11:07,193 - DEBUG - Done with GL456354.1- [line 398]
2021-11-17 11:11:07,193 - DEBUG - Assigning indexes to genes
2021-11-17 11:11:07,193 - DEBUG - Seen 35 genes until now
2021-11-17 11:11:07,193 - DEBUG - Parsing Chromosome GL456354.1 strand + [line 399]
2021-11-17 11:11:07,193 - DEBUG - Done with GL456354.1+ [line 420]
2021-11-17 11:11:07,194 - DEBUG - Assigning indexes to genes
2021-11-17 11:11:07,194 - DEBUG - Seen 37 genes until now
2021-11-17 11:11:07,194 - DEBUG - Parsing Chromosome JH584292.1 strand + [line 421]
2021-11-17 11:11:07,194 - DEBUG - Done with JH584292.1+ [line 496]
2021-11-17 11:11:07,194 - DEBUG - Assigning indexes to genes
2021-11-17 11:11:07,194 - DEBUG - Seen 38 genes until now
2021-11-17 11:11:07,194 - DEBUG - Parsing Chromosome JH584293.1 strand - [line 497]
2021-11-17 11:11:07,195 - DEBUG - Done with JH584293.1- [line 569]
2021-11-17 11:11:07,195 - DEBUG - Assigning indexes to genes
2021-11-17 11:11:07,195 - DEBUG - Seen 44 genes until now
2021-11-17 11:11:07,195 - DEBUG - Parsing Chromosome JH584293.1 strand + [line 570]
2021-11-17 11:11:07,195 - DEBUG - Done with JH584293.1+ [line 613]
2021-11-17 11:11:07,195 - DEBUG - Assigning indexes to genes
2021-11-17 11:11:07,195 - DEBUG - Seen 47 genes until now
2021-11-17 11:11:07,195 - DEBUG - Parsing Chromosome JH584294.1 strand - [line 614]
2021-11-17 11:11:07,196 - DEBUG - Done with JH584294.1- [line 681]
2021-11-17 11:11:07,196 - DEBUG - Assigning indexes to genes
2021-11-17 11:11:07,196 - DEBUG - Seen 51 genes until now
2021-11-17 11:11:07,196 - DEBUG - Parsing Chromosome JH584294.1 strand + [line 682]
2021-11-17 11:11:07,196 - DEBUG - Done with JH584294.1+ [line 708]
2021-11-17 11:11:07,196 - DEBUG - Assigning indexes to genes
2021-11-17 11:11:07,196 - DEBUG - Seen 53 genes until now
2021-11-17 11:11:07,196 - DEBUG - Parsing Chromosome JH584295.1 strand - [line 709]
2021-11-17 11:11:07,197 - DEBUG - Done with JH584295.1- [line 724]
2021-11-17 11:11:07,197 - DEBUG - Assigning indexes to genes
2021-11-17 11:11:07,197 - DEBUG - Seen 54 genes until now
2021-11-17 11:11:07,197 - DEBUG - Parsing Chromosome JH584296.1 strand - [line 725]
2021-11-17 11:11:07,197 - DEBUG - Done with JH584296.1- [line 755]
2021-11-17 11:11:07,197 - DEBUG - Assigning indexes to genes
2021-11-17 11:11:07,197 - DEBUG - Seen 57 genes until now
2021-11-17 11:11:07,197 - DEBUG - Parsing Chromosome JH584297.1 strand - [line 756]
2021-11-17 11:11:07,197 - DEBUG - Done with JH584297.1- [line 775]
2021-11-17 11:11:07,197 - DEBUG - Assigning indexes to genes
2021-11-17 11:11:07,197 - DEBUG - Seen 59 genes until now
2021-11-17 11:11:07,197 - DEBUG - Parsing Chromosome JH584297.1 strand + [line 776]
2021-11-17 11:11:07,198 - DEBUG - Done with JH584297.1+ [line 784]
2021-11-17 11:11:07,198 - DEBUG - Assigning indexes to genes
2021-11-17 11:11:07,198 - DEBUG - Seen 60 genes until now
2021-11-17 11:11:07,198 - DEBUG - Parsing Chromosome JH584298.1 strand - [line 785]
2021-11-17 11:11:07,198 - DEBUG - Done with JH584298.1- [line 795]
2021-11-17 11:11:07,198 - DEBUG - Assigning indexes to genes
2021-11-17 11:11:07,198 - DEBUG - Seen 61 genes until now
2021-11-17 11:11:07,198 - DEBUG - Parsing Chromosome JH584298.1 strand + [line 796]
2021-11-17 11:11:07,198 - DEBUG - Done with JH584298.1+ [line 817]
2021-11-17 11:11:07,198 - DEBUG - Assigning indexes to genes
2021-11-17 11:11:07,198 - DEBUG - Seen 63 genes until now
2021-11-17 11:11:07,198 - DEBUG - Parsing Chromosome JH584299.1 strand - [line 818]
2021-11-17 11:11:07,199 - DEBUG - Done with JH584299.1- [line 828]
2021-11-17 11:11:07,199 - DEBUG - Assigning indexes to genes
2021-11-17 11:11:07,199 - DEBUG - Seen 64 genes until now
2021-11-17 11:11:07,199 - DEBUG - Parsing Chromosome JH584299.1 strand + [line 829]
2021-11-17 11:11:07,199 - DEBUG - Done with JH584299.1+ [line 950]
2021-11-17 11:11:07,199 - DEBUG - Assigning indexes to genes
2021-11-17 11:11:07,199 - DEBUG - Seen 75 genes until now
2021-11-17 11:11:07,200 - DEBUG - Parsing Chromosome JH584303.1 strand + [line 951]
2021-11-17 11:11:07,200 - DEBUG - Done with JH584303.1+ [line 955]
2021-11-17 11:11:07,200 - DEBUG - Assigning indexes to genes
2021-11-17 11:11:07,200 - DEBUG - Seen 76 genes until now
2021-11-17 11:11:07,200 - DEBUG - Parsing Chromosome JH584304.1 strand - [line 956]
2021-11-17 11:11:07,200 - DEBUG - Done with JH584304.1- [line 988]
2021-11-17 11:11:07,200 - DEBUG - Assigning indexes to genes
2021-11-17 11:11:07,200 - DEBUG - Seen 77 genes until now
2021-11-17 11:11:07,200 - DEBUG - Parsing Chromosome 1 strand - [line 989]
2021-11-17 11:11:07,700 - DEBUG - Done with 1- [line 57063]
2021-11-17 11:11:07,700 - DEBUG - Assigning indexes to genes
2021-11-17 11:11:07,705 - DEBUG - Seen 966 genes until now
2021-11-17 11:11:07,705 - DEBUG - Parsing Chromosome 1 strand + [line 57064]
2021-11-17 11:11:08,159 - DEBUG - Done with 1+ [line 111842]
2021-11-17 11:11:08,159 - DEBUG - Assigning indexes to genes
2021-11-17 11:11:08,165 - DEBUG - Seen 1876 genes until now
2021-11-17 11:11:08,165 - DEBUG - Parsing Chromosome 10 strand - [line 111843]
2021-11-17 11:11:08,414 - DEBUG - Done with 10- [line 152030]
2021-11-17 11:11:08,414 - DEBUG - Assigning indexes to genes
2021-11-17 11:11:08,418 - DEBUG - Seen 2638 genes until now
2021-11-17 11:11:08,418 - DEBUG - Parsing Chromosome 10 strand + [line 152031]
2021-11-17 11:11:08,816 - DEBUG - Done with 10+ [line 194968]
2021-11-17 11:11:08,816 - DEBUG - Assigning indexes to genes
2021-11-17 11:11:08,821 - DEBUG - Seen 3448 genes until now
2021-11-17 11:11:08,821 - DEBUG - Parsing Chromosome 11 strand - [line 194969]
2021-11-17 11:11:09,206 - DEBUG - Done with 11- [line 257480]
2021-11-17 11:11:09,206 - DEBUG - Assigning indexes to genes
2021-11-17 11:11:09,212 - DEBUG - Seen 4518 genes until now
2021-11-17 11:11:09,212 - DEBUG - Parsing Chromosome 11 strand + [line 257481]
2021-11-17 11:11:09,743 - DEBUG - Done with 11+ [line 320172]
2021-11-17 11:11:09,743 - DEBUG - Assigning indexes to genes
2021-11-17 11:11:09,749 - DEBUG - Seen 5535 genes until now
2021-11-17 11:11:09,750 - DEBUG - Parsing Chromosome 12 strand - [line 320173]
2021-11-17 11:11:09,904 - DEBUG - Done with 12- [line 345502]
2021-11-17 11:11:09,904 - DEBUG - Assigning indexes to genes
2021-11-17 11:11:09,907 - DEBUG - Seen 6300 genes until now
2021-11-17 11:11:09,907 - DEBUG - Parsing Chromosome 12 strand + [line 345503]
2021-11-17 11:11:10,123 - DEBUG - Done with 12+ [line 380229]
2021-11-17 11:11:10,123 - DEBUG - Assigning indexes to genes
2021-11-17 11:11:10,127 - DEBUG - Seen 6877 genes until now
2021-11-17 11:11:10,127 - DEBUG - Parsing Chromosome 13 strand - [line 380230]
2021-11-17 11:11:10,343 - DEBUG - Done with 13- [line 414645]
2021-11-17 11:11:10,343 - DEBUG - Assigning indexes to genes
2021-11-17 11:11:10,348 - DEBUG - Seen 7611 genes until now
2021-11-17 11:11:10,348 - DEBUG - Parsing Chromosome 13 strand + [line 414646]
2021-11-17 11:11:10,522 - DEBUG - Done with 13+ [line 441742]
2021-11-17 11:11:10,522 - DEBUG - Assigning indexes to genes
2021-11-17 11:11:10,525 - DEBUG - Seen 8318 genes until now
2021-11-17 11:11:10,525 - DEBUG - Parsing Chromosome 14 strand - [line 441743]
2021-11-17 11:11:10,933 - DEBUG - Done with 14- [line 478634]
2021-11-17 11:11:10,934 - DEBUG - Assigning indexes to genes
2021-11-17 11:11:10,937 - DEBUG - Seen 9014 genes until now
2021-11-17 11:11:10,937 - DEBUG - Parsing Chromosome 14 strand + [line 478635]
2021-11-17 11:11:11,146 - DEBUG - Done with 14+ [line 512401]
2021-11-17 11:11:11,146 - DEBUG - Assigning indexes to genes
2021-11-17 11:11:11,150 - DEBUG - Seen 9849 genes until now
2021-11-17 11:11:11,150 - DEBUG - Parsing Chromosome 15 strand - [line 512402]
2021-11-17 11:11:11,374 - DEBUG - Done with 15- [line 549004]
2021-11-17 11:11:11,374 - DEBUG - Assigning indexes to genes
2021-11-17 11:11:11,377 - DEBUG - Seen 10439 genes until now
2021-11-17 11:11:11,377 - DEBUG - Parsing Chromosome 15 strand + [line 549005]
2021-11-17 11:11:11,567 - DEBUG - Done with 15+ [line 580047]
2021-11-17 11:11:11,567 - DEBUG - Assigning indexes to genes
2021-11-17 11:11:11,571 - DEBUG - Seen 10983 genes until now
2021-11-17 11:11:11,571 - DEBUG - Parsing Chromosome 16 strand - [line 580048]
2021-11-17 11:11:11,736 - DEBUG - Done with 16- [line 607192]
2021-11-17 11:11:11,737 - DEBUG - Assigning indexes to genes
2021-11-17 11:11:11,739 - DEBUG - Seen 11469 genes until now
2021-11-17 11:11:11,739 - DEBUG - Parsing Chromosome 16 strand + [line 607193]
2021-11-17 11:11:12,118 - DEBUG - Done with 16+ [line 637997]
2021-11-17 11:11:12,118 - DEBUG - Assigning indexes to genes
2021-11-17 11:11:12,121 - DEBUG - Seen 11933 genes until now
2021-11-17 11:11:12,121 - DEBUG - Parsing Chromosome 17 strand - [line 637998]
2021-11-17 11:11:12,389 - DEBUG - Done with 17- [line 681830]
2021-11-17 11:11:12,389 - DEBUG - Assigning indexes to genes
2021-11-17 11:11:12,394 - DEBUG - Seen 12652 genes until now
2021-11-17 11:11:12,394 - DEBUG - Parsing Chromosome 17 strand + [line 681831]
2021-11-17 11:11:12,680 - DEBUG - Done with 17+ [line 729330]
2021-11-17 11:11:12,681 - DEBUG - Assigning indexes to genes
2021-11-17 11:11:12,686 - DEBUG - Seen 13379 genes until now
2021-11-17 11:11:12,686 - DEBUG - Parsing Chromosome 18 strand - [line 729331]
2021-11-17 11:11:12,801 - DEBUG - Done with 18- [line 748063]
2021-11-17 11:11:12,801 - DEBUG - Assigning indexes to genes
2021-11-17 11:11:12,803 - DEBUG - Seen 13744 genes until now
2021-11-17 11:11:12,803 - DEBUG - Parsing Chromosome 18 strand + [line 748064]
2021-11-17 11:11:12,958 - DEBUG - Done with 18+ [line 774053]
2021-11-17 11:11:12,959 - DEBUG - Assigning indexes to genes
2021-11-17 11:11:12,961 - DEBUG - Seen 14196 genes until now
2021-11-17 11:11:12,961 - DEBUG - Parsing Chromosome 19 strand - [line 774054]
2021-11-17 11:11:13,158 - DEBUG - Done with 19- [line 806361]
2021-11-17 11:11:13,158 - DEBUG - Assigning indexes to genes
2021-11-17 11:11:13,161 - DEBUG - Seen 14666 genes until now
2021-11-17 11:11:13,161 - DEBUG - Parsing Chromosome 19 strand + [line 806362]
2021-11-17 11:11:13,332 - DEBUG - Done with 19+ [line 834536]
2021-11-17 11:11:13,332 - DEBUG - Assigning indexes to genes
2021-11-17 11:11:13,335 - DEBUG - Seen 15155 genes until now
2021-11-17 11:11:13,335 - DEBUG - Parsing Chromosome 2 strand - [line 834537]
2021-11-17 11:11:14,022 - DEBUG - Done with 2- [line 911094]
2021-11-17 11:11:14,022 - DEBUG - Assigning indexes to genes
2021-11-17 11:11:14,030 - DEBUG - Seen 16361 genes until now
2021-11-17 11:11:14,030 - DEBUG - Parsing Chromosome 2 strand + [line 911095]
2021-11-17 11:11:14,464 - DEBUG - Done with 2+ [line 982171]
2021-11-17 11:11:14,464 - DEBUG - Assigning indexes to genes
2021-11-17 11:11:14,472 - DEBUG - Seen 17581 genes until now
2021-11-17 11:11:14,472 - DEBUG - Parsing Chromosome 3 strand - [line 982172]
2021-11-17 11:11:14,710 - DEBUG - Done with 3- [line 1021471]
2021-11-17 11:11:14,710 - DEBUG - Assigning indexes to genes
2021-11-17 11:11:14,714 - DEBUG - Seen 18356 genes until now
2021-11-17 11:11:14,714 - DEBUG - Parsing Chromosome 3 strand + [line 1021472]
2021-11-17 11:11:14,976 - DEBUG - Done with 3+ [line 1065065]
2021-11-17 11:11:14,976 - DEBUG - Assigning indexes to genes
2021-11-17 11:11:14,980 - DEBUG - Seen 19102 genes until now
2021-11-17 11:11:14,980 - DEBUG - Parsing Chromosome 4 strand - [line 1065066]
2021-11-17 11:11:15,297 - DEBUG - Done with 4- [line 1117209]
2021-11-17 11:11:15,297 - DEBUG - Assigning indexes to genes
2021-11-17 11:11:15,302 - DEBUG - Seen 19972 genes until now
2021-11-17 11:11:15,303 - DEBUG - Parsing Chromosome 4 strand + [line 1117210]
2021-11-17 11:11:15,862 - DEBUG - Done with 4+ [line 1167049]
2021-11-17 11:11:15,862 - DEBUG - Assigning indexes to genes
2021-11-17 11:11:15,868 - DEBUG - Seen 20848 genes until now
2021-11-17 11:11:15,868 - DEBUG - Parsing Chromosome 5 strand - [line 1167050]
2021-11-17 11:11:16,229 - DEBUG - Done with 5- [line 1225395]
2021-11-17 11:11:16,229 - DEBUG - Assigning indexes to genes
2021-11-17 11:11:16,235 - DEBUG - Seen 21762 genes until now
2021-11-17 11:11:16,235 - DEBUG - Parsing Chromosome 5 strand + [line 1225396]
2021-11-17 11:11:16,598 - DEBUG - Done with 5+ [line 1284505]
2021-11-17 11:11:16,599 - DEBUG - Assigning indexes to genes
2021-11-17 11:11:16,606 - DEBUG - Seen 22701 genes until now
2021-11-17 11:11:16,606 - DEBUG - Parsing Chromosome 6 strand - [line 1284506]
2021-11-17 11:11:16,880 - DEBUG - Done with 6- [line 1330066]
2021-11-17 11:11:16,880 - DEBUG - Assigning indexes to genes
2021-11-17 11:11:16,884 - DEBUG - Seen 23564 genes until now
2021-11-17 11:11:16,885 - DEBUG - Parsing Chromosome 6 strand + [line 1330067]
2021-11-17 11:11:17,173 - DEBUG - Done with 6+ [line 1378331]
2021-11-17 11:11:17,173 - DEBUG - Assigning indexes to genes
2021-11-17 11:11:17,178 - DEBUG - Seen 24493 genes until now
2021-11-17 11:11:17,178 - DEBUG - Parsing Chromosome 7 strand - [line 1378332]
2021-11-17 11:11:17,617 - DEBUG - Done with 7- [line 1452549]
2021-11-17 11:11:17,617 - DEBUG - Assigning indexes to genes
2021-11-17 11:11:17,626 - DEBUG - Seen 25855 genes until now
2021-11-17 11:11:17,626 - DEBUG - Parsing Chromosome 7 strand + [line 1452550]
2021-11-17 11:11:18,394 - DEBUG - Done with 7+ [line 1523678]
2021-11-17 11:11:18,395 - DEBUG - Assigning indexes to genes
2021-11-17 11:11:18,403 - DEBUG - Seen 27096 genes until now
2021-11-17 11:11:18,403 - DEBUG - Parsing Chromosome 8 strand - [line 1523679]
2021-11-17 11:11:18,625 - DEBUG - Done with 8- [line 1559719]
2021-11-17 11:11:18,625 - DEBUG - Assigning indexes to genes
2021-11-17 11:11:18,629 - DEBUG - Seen 27820 genes until now
2021-11-17 11:11:18,629 - DEBUG - Parsing Chromosome 8 strand + [line 1559720]
2021-11-17 11:11:18,913 - DEBUG - Done with 8+ [line 1606795]
2021-11-17 11:11:18,914 - DEBUG - Assigning indexes to genes
2021-11-17 11:11:18,918 - DEBUG - Seen 28656 genes until now
2021-11-17 11:11:18,918 - DEBUG - Parsing Chromosome 9 strand - [line 1606796]
2021-11-17 11:11:19,236 - DEBUG - Done with 9- [line 1658478]
2021-11-17 11:11:19,236 - DEBUG - Assigning indexes to genes
2021-11-17 11:11:19,241 - DEBUG - Seen 29510 genes until now
2021-11-17 11:11:19,241 - DEBUG - Parsing Chromosome 9 strand + [line 1658479]
2021-11-17 11:11:19,564 - DEBUG - Done with 9+ [line 1712094]
2021-11-17 11:11:19,564 - DEBUG - Assigning indexes to genes
2021-11-17 11:11:19,570 - DEBUG - Seen 30441 genes until now
2021-11-17 11:11:19,571 - DEBUG - Parsing Chromosome M strand - [line 1712095]
2021-11-17 11:11:19,571 - DEBUG - Done with M- [line 1712101]
2021-11-17 11:11:19,571 - DEBUG - Assigning indexes to genes
2021-11-17 11:11:19,571 - DEBUG - Seen 30442 genes until now
2021-11-17 11:11:19,571 - DEBUG - Parsing Chromosome M strand + [line 1712102]
2021-11-17 11:11:19,571 - DEBUG - Done with M+ [line 1712175]
2021-11-17 11:11:19,571 - DEBUG - Assigning indexes to genes
2021-11-17 11:11:19,571 - DEBUG - Seen 30454 genes until now
2021-11-17 11:11:19,571 - DEBUG - Parsing Chromosome X strand - [line 1712176]
2021-11-17 11:11:19,737 - DEBUG - Done with X- [line 1739781]
2021-11-17 11:11:19,737 - DEBUG - Assigning indexes to genes
2021-11-17 11:11:19,739 - DEBUG - Seen 30981 genes until now
2021-11-17 11:11:19,739 - DEBUG - Parsing Chromosome X strand + [line 1739782]
2021-11-17 11:11:19,924 - DEBUG - Done with X+ [line 1770751]
2021-11-17 11:11:19,924 - DEBUG - Assigning indexes to genes
2021-11-17 11:11:19,927 - DEBUG - Seen 31560 genes until now
2021-11-17 11:11:19,927 - DEBUG - Parsing Chromosome Y strand - [line 1770752]
2021-11-17 11:11:19,957 - DEBUG - Done with Y- [line 1775246]
2021-11-17 11:11:19,957 - DEBUG - Assigning indexes to genes
2021-11-17 11:11:19,958 - DEBUG - Seen 31897 genes until now
2021-11-17 11:11:19,958 - DEBUG - Parsing Chromosome Y strand + [line 1775247]
2021-11-17 11:11:19,993 - DEBUG - Assigning indexes to genes
2021-11-17 11:11:19,994 - DEBUG - Done with Y+ [line 1780453]
2021-11-17 11:11:19,994 - DEBUG - Fixing corner cases of transcript models containg intron longer than 1000Kbp
2021-11-17 11:11:21,042 - DEBUG - Generated 1492231 features corresponding to 118153 transcript models from /research/peer/fdeckert/FD20200109SPLENO/data/mm10/cellranger/mm10-2020-A_build/gencode.vM23.primary_assembly.annotation.gtf.filtered
2021-11-17 11:11:21,057 - INFO - Load the repeat masking annotation from /research/peer/fdeckert/FD20200109SPLENO/data/mm10/cellranger/mm10-2020-A_build/mm10_rmsk.gtf
2021-11-17 11:11:21,058 - DEBUG - Reading /research/peer/fdeckert/FD20200109SPLENO/data/mm10/cellranger/mm10-2020-A_build/mm10_rmsk.gtf, the file will be sorted in memory
2021-11-17 11:11:51,821 - DEBUG - Processed masked annotation .gtf and generated 4252016 intervals to mask!
2021-11-17 11:11:52,034 - INFO - Scan /research/peer/fdeckert/FD20200109SPLENO/data/BSA_0355_SM01_10x_SPLENO/OUT/COUNT/M6_control_Mac_transcriptome/possorted_genome_bam.bam to validate intron intervals
2021-11-17 11:11:54,901 - DEBUG - Reading /research/peer/fdeckert/FD20200109SPLENO/data/BSA_0355_SM01_10x_SPLENO/OUT/COUNT/M6_control_Mac_transcriptome/possorted_genome_bam.bam
2021-11-17 11:11:54,913 - DEBUG - Read first 0 million reads
2021-11-17 11:11:54,939 - DEBUG - Marking up chromosome 1
2021-11-17 11:12:24,055 - DEBUG - Marking up chromosome 10
2021-11-17 11:12:45,876 - DEBUG - Marking up chromosome 11
2021-11-17 11:13:23,801 - DEBUG - Marking up chromosome 12
2021-11-17 11:13:40,649 - DEBUG - Marking up chromosome 13
2021-11-17 11:13:56,524 - DEBUG - Marking up chromosome 14
2021-11-17 11:14:14,069 - DEBUG - Marking up chromosome 15
2021-11-17 11:14:31,990 - DEBUG - Marking up chromosome 16
2021-11-17 11:14:39,388 - DEBUG - Read first 10 million reads
2021-11-17 11:14:46,042 - DEBUG - Marking up chromosome 17
2021-11-17 11:15:20,844 - DEBUG - Marking up chromosome 18
2021-11-17 11:15:36,839 - DEBUG - Marking up chromosome 19
2021-11-17 11:16:01,083 - DEBUG - Marking up chromosome 2
2021-11-17 11:16:37,901 - DEBUG - Marking up chromosome 3
2021-11-17 11:16:58,897 - DEBUG - Marking up chromosome 4
2021-11-17 11:17:23,832 - DEBUG - Marking up chromosome 5
2021-11-17 11:17:39,126 - DEBUG - Read first 20 million reads
2021-11-17 11:17:58,388 - DEBUG - Marking up chromosome 6
2021-11-17 11:18:24,580 - DEBUG - Marking up chromosome 7
2021-11-17 11:19:09,190 - DEBUG - Marking up chromosome 8
2021-11-17 11:19:31,332 - DEBUG - Marking up chromosome 9
2021-11-17 11:19:58,008 - DEBUG - Marking up chromosome MT
2021-11-17 11:19:58,055 - WARNING - The .bam file refers to a chromosome 'MT+' not present in the annotation (.gtf) file
2021-11-17 11:19:58,055 - WARNING - The .bam file refers to a chromosome 'MT-' not present in the annotation (.gtf) file
2021-11-17 11:20:03,823 - DEBUG - Marking up chromosome X
2021-11-17 11:20:24,777 - DEBUG - Marking up chromosome Y
2021-11-17 11:20:25,226 - DEBUG - Marking up chromosome JH584299.1
2021-11-17 11:20:25,228 - DEBUG - Marking up chromosome GL456233.1
2021-11-17 11:20:25,237 - DEBUG - Marking up chromosome GL456211.1
2021-11-17 11:20:25,246 - DEBUG - Marking up chromosome GL456221.1
2021-11-17 11:20:25,258 - DEBUG - Marking up chromosome JH584300.1
2021-11-17 11:20:25,260 - WARNING - The .bam file refers to a chromosome 'JH584300.1+' not present in the annotation (.gtf) file
2021-11-17 11:20:25,260 - WARNING - The .bam file refers to a chromosome 'JH584300.1-' not present in the annotation (.gtf) file
2021-11-17 11:20:25,282 - DEBUG - Marking up chromosome GL456219.1
2021-11-17 11:20:25,282 - WARNING - The .bam file refers to a chromosome 'GL456219.1+' not present in the annotation (.gtf) file
2021-11-17 11:20:25,282 - DEBUG - Marking up chromosome GL456210.1
2021-11-17 11:20:25,291 - DEBUG - Marking up chromosome GL456212.1
2021-11-17 11:20:25,291 - WARNING - The .bam file refers to a chromosome 'GL456212.1+' not present in the annotation (.gtf) file
2021-11-17 11:20:25,296 - DEBUG - Marking up chromosome JH584304.1
2021-11-17 11:20:25,296 - WARNING - The .bam file refers to a chromosome 'JH584304.1+' not present in the annotation (.gtf) file
2021-11-17 11:20:25,435 - DEBUG - Marking up chromosome GL456379.1
2021-11-17 11:20:25,435 - WARNING - The .bam file refers to a chromosome 'GL456379.1+' not present in the annotation (.gtf) file
2021-11-17 11:20:25,436 - WARNING - The .bam file refers to a chromosome 'GL456379.1-' not present in the annotation (.gtf) file
2021-11-17 11:20:25,436 - DEBUG - Marking up chromosome GL456216.1
2021-11-17 11:20:25,436 - WARNING - The .bam file refers to a chromosome 'GL456216.1-' not present in the annotation (.gtf) file
2021-11-17 11:20:25,457 - DEBUG - Marking up chromosome GL456393.1
2021-11-17 11:20:25,457 - WARNING - The .bam file refers to a chromosome 'GL456393.1+' not present in the annotation (.gtf) file
2021-11-17 11:20:25,457 - WARNING - The .bam file refers to a chromosome 'GL456393.1-' not present in the annotation (.gtf) file
2021-11-17 11:20:25,457 - DEBUG - Marking up chromosome GL456239.1
2021-11-17 11:20:25,457 - WARNING - The .bam file refers to a chromosome 'GL456239.1+' not present in the annotation (.gtf) file
2021-11-17 11:20:25,457 - WARNING - The .bam file refers to a chromosome 'GL456239.1-' not present in the annotation (.gtf) file
2021-11-17 11:20:25,458 - DEBUG - Marking up chromosome GL456378.1
2021-11-17 11:20:25,458 - WARNING - The .bam file refers to a chromosome 'GL456378.1+' not present in the annotation (.gtf) file
2021-11-17 11:20:25,458 - WARNING - The .bam file refers to a chromosome 'GL456378.1-' not present in the annotation (.gtf) file
2021-11-17 11:20:25,459 - DEBUG - Marking up chromosome GL456389.1
2021-11-17 11:20:25,459 - WARNING - The .bam file refers to a chromosome 'GL456389.1+' not present in the annotation (.gtf) file
2021-11-17 11:20:25,459 - WARNING - The .bam file refers to a chromosome 'GL456389.1-' not present in the annotation (.gtf) file
2021-11-17 11:20:25,459 - DEBUG - Marking up chromosome GL456372.1
2021-11-17 11:20:25,460 - WARNING - The .bam file refers to a chromosome 'GL456372.1+' not present in the annotation (.gtf) file
2021-11-17 11:20:25,460 - WARNING - The .bam file refers to a chromosome 'GL456372.1-' not present in the annotation (.gtf) file
2021-11-17 11:20:25,466 - DEBUG - Marking up chromosome GL456370.1
2021-11-17 11:20:25,466 - WARNING - The .bam file refers to a chromosome 'GL456370.1+' not present in the annotation (.gtf) file
2021-11-17 11:20:25,466 - WARNING - The .bam file refers to a chromosome 'GL456370.1-' not present in the annotation (.gtf) file
2021-11-17 11:20:25,472 - DEBUG - Marking up chromosome GL456390.1
2021-11-17 11:20:25,472 - WARNING - The .bam file refers to a chromosome 'GL456390.1+' not present in the annotation (.gtf) file
2021-11-17 11:20:25,472 - WARNING - The .bam file refers to a chromosome 'GL456390.1-' not present in the annotation (.gtf) file
2021-11-17 11:20:25,472 - DEBUG - Marking up chromosome GL456392.1
2021-11-17 11:20:25,472 - WARNING - The .bam file refers to a chromosome 'GL456392.1+' not present in the annotation (.gtf) file
2021-11-17 11:20:25,472 - WARNING - The .bam file refers to a chromosome 'GL456392.1-' not present in the annotation (.gtf) file
2021-11-17 11:20:25,472 - DEBUG - Marking up chromosome GL456382.1
2021-11-17 11:20:25,472 - WARNING - The .bam file refers to a chromosome 'GL456382.1+' not present in the annotation (.gtf) file
2021-11-17 11:20:25,473 - WARNING - The .bam file refers to a chromosome 'GL456382.1-' not present in the annotation (.gtf) file
2021-11-17 11:20:25,509 - DEBUG - Marking up chromosome GL456396.1
2021-11-17 11:20:25,509 - WARNING - The .bam file refers to a chromosome 'GL456396.1+' not present in the annotation (.gtf) file
2021-11-17 11:20:25,509 - WARNING - The .bam file refers to a chromosome 'GL456396.1-' not present in the annotation (.gtf) file
2021-11-17 11:20:25,510 - DEBUG - Marking up chromosome JH584295.1
2021-11-17 11:20:25,510 - WARNING - The .bam file refers to a chromosome 'JH584295.1+' not present in the annotation (.gtf) file
2021-11-17 11:20:26,823 - DEBUG - Read first 30 million reads
2021-11-17 11:20:39,592 - DEBUG - End of file. Reset index: start scanning from initial position.
2021-11-17 11:20:39,592 - DEBUG - 608137 reads were skipped because no apropiate cell or umi barcode was found
2021-11-17 11:20:39,593 - DEBUG - Start molecule counting!
2021-11-17 11:20:44,544 - DEBUG - Features available for chromosomes : ['GL456210.1-', 'GL456210.1+', 'GL456211.1-', 'GL456211.1+', 'GL456212.1-', 'GL456216.1+', 'GL456219.1-', 'GL456221.1-', 'GL456221.1+', 'GL456233.1-', 'GL456233.1+', 'GL456350.1-', 'GL456354.1-', 'GL456354.1+', 'JH584292.1+', 'JH584293.1-', 'JH584293.1+', 'JH584294.1-', 'JH584294.1+', 'JH584295.1-', 'JH584296.1-', 'JH584297.1-', 'JH584297.1+', 'JH584298.1-', 'JH584298.1+', 'JH584299.1-', 'JH584299.1+', 'JH584303.1+', 'JH584304.1-', '1-', '1+', '10-', '10+', '11-', '11+', '12-', '12+', '13-', '13+', '14-', '14+', '15-', '15+', '16-', '16+', '17-', '17+', '18-', '18+', '19-', '19+', '2-', '2+', '3-', '3+', '4-', '4+', '5-', '5+', '6-', '6+', '7-', '7+', '8-', '8+', '9-', '9+', 'M-', 'M+', 'X-', 'X+', 'Y-', 'Y+']
2021-11-17 11:20:44,562 - DEBUG - Mask available for chromosomes : ['1-', '1+', '10-', '10+', '11-', '11+', '12-', '12+', '13-', '13+', '14-', '14+', '15-', '15+', '16-', '16+', '17-', '17+', '18-', '18+', '19-', '19+', '1_GL456210_random-', '1_GL456210_random+', '1_GL456211_random-', '1_GL456211_random+', '1_GL456212_random-', '1_GL456212_random+', '1_GL456213_random-', '1_GL456213_random+', '1_GL456221_random-', '1_GL456221_random+', '2-', '2+', '3-', '3+', '4-', '4+', '4_GL456216_random-', '4_GL456216_random+', '4_GL456350_random-', '4_GL456350_random+', '4_JH584292_random-', '4_JH584292_random+', '4_JH584293_random-', '4_JH584293_random+', '4_JH584294_random-', '4_JH584294_random+', '4_JH584295_random+', '5-', '5+', '5_GL456354_random-', '5_GL456354_random+', '5_JH584296_random-', '5_JH584296_random+', '5_JH584297_random-', '5_JH584297_random+', '5_JH584298_random-', '5_JH584298_random+', '5_JH584299_random-', '5_JH584299_random+', '6-', '6+', '7-', '7+', '7_GL456219_random-', '7_GL456219_random+', '8-', '8+', '9-', '9+', 'M-', 'M+', 'Un_GL456239-', 'Un_GL456239+', 'Un_GL456359-', 'Un_GL456359+', 'Un_GL456360-', 'Un_GL456360+', 'Un_GL456366-', 'Un_GL456366+', 'Un_GL456367-', 'Un_GL456367+', 'Un_GL456368-', 'Un_GL456368+', 'Un_GL456370+', 'Un_GL456372-', 'Un_GL456372+', 'Un_GL456378-', 'Un_GL456378+', 'Un_GL456379-', 'Un_GL456379+', 'Un_GL456381-', 'Un_GL456381+', 'Un_GL456382-', 'Un_GL456382+', 'Un_GL456383-', 'Un_GL456383+', 'Un_GL456385-', 'Un_GL456385+', 'Un_GL456387-', 'Un_GL456387+', 'Un_GL456389-', 'Un_GL456389+', 'Un_GL456390-', 'Un_GL456390+', 'Un_GL456392-', 'Un_GL456392+', 'Un_GL456393-', 'Un_GL456393+', 'Un_GL456394-', 'Un_GL456394+', 'Un_GL456396-', 'Un_GL456396+', 'Un_JH584304-', 'Un_JH584304+', 'X-', 'X+', 'X_GL456233_random-', 'X_GL456233_random+', 'Y-', 'Y+', 'Y_JH584300_random-', 'Y_JH584300_random+', 'Y_JH584301_random-', 'Y_JH584301_random+', 'Y_JH584302_random-', 'Y_JH584302_random+', 'Y_JH584303_random-']
2021-11-17 11:20:44,563 - DEBUG - Summarizing the results of intron validation.
2021-11-17 11:20:44,971 - DEBUG - Validated 133352 introns (of which unique intervals 49627) out of 687039 total possible introns (considering each possible transcript models).
2021-11-17 11:20:44,979 - DEBUG - Reading /research/peer/fdeckert/FD20200109SPLENO/data/BSA_0355_SM01_10x_SPLENO/OUT/COUNT/M6_control_Mac_transcriptome/cellsorted_possorted_genome_bam.bam
2021-11-17 11:20:45,463 - DEBUG - Read first 0 million reads
2021-11-17 11:21:10,104 - DEBUG - Counting for batch 1, containing 100 cells and 683173 reads
2021-11-17 11:21:43,229 - DEBUG - 56791 reads not considered because fully enclosed in repeat masked regions
2021-11-17 11:22:09,593 - DEBUG - Counting for batch 2, containing 100 cells and 649317 reads
2021-11-17 11:22:37,447 - DEBUG - 53945 reads not considered because fully enclosed in repeat masked regions
2021-11-17 11:22:58,161 - DEBUG - Counting for batch 3, containing 100 cells and 580333 reads
2021-11-17 11:23:22,794 - DEBUG - 50492 reads not considered because fully enclosed in repeat masked regions
2021-11-17 11:23:41,266 - DEBUG - Counting for batch 4, containing 100 cells and 536787 reads
2021-11-17 11:24:04,470 - DEBUG - 45091 reads not considered because fully enclosed in repeat masked regions
2021-11-17 11:24:26,389 - DEBUG - Counting for batch 5, containing 100 cells and 721344 reads
2021-11-17 11:24:56,091 - DEBUG - 57862 reads not considered because fully enclosed in repeat masked regions
2021-11-17 11:25:18,044 - DEBUG - Counting for batch 6, containing 100 cells and 571653 reads
2021-11-17 11:25:42,423 - DEBUG - 49960 reads not considered because fully enclosed in repeat masked regions
2021-11-17 11:26:03,144 - DEBUG - Counting for batch 7, containing 100 cells and 649704 reads
2021-11-17 11:26:30,135 - DEBUG - 56287 reads not considered because fully enclosed in repeat masked regions
2021-11-17 11:26:48,220 - DEBUG - Read first 10 million reads
2021-11-17 11:26:51,199 - DEBUG - Counting for batch 8, containing 100 cells and 580685 reads
2021-11-17 11:27:15,778 - DEBUG - 51883 reads not considered because fully enclosed in repeat masked regions
2021-11-17 11:27:35,034 - DEBUG - Counting for batch 9, containing 100 cells and 583446 reads
2021-11-17 11:27:59,805 - DEBUG - 51811 reads not considered because fully enclosed in repeat masked regions
2021-11-17 11:28:22,447 - DEBUG - Counting for batch 10, containing 100 cells and 682058 reads
2021-11-17 11:28:50,873 - DEBUG - 58215 reads not considered because fully enclosed in repeat masked regions
2021-11-17 11:29:11,829 - DEBUG - Counting for batch 11, containing 100 cells and 611386 reads
2021-11-17 11:29:37,872 - DEBUG - 54196 reads not considered because fully enclosed in repeat masked regions
2021-11-17 11:29:57,039 - DEBUG - Counting for batch 12, containing 100 cells and 557192 reads
2021-11-17 11:30:19,483 - DEBUG - 47995 reads not considered because fully enclosed in repeat masked regions
2021-11-17 11:30:42,058 - DEBUG - Counting for batch 13, containing 100 cells and 593653 reads
2021-11-17 11:31:11,131 - DEBUG - 50696 reads not considered because fully enclosed in repeat masked regions
2021-11-17 11:31:33,664 - DEBUG - Counting for batch 14, containing 100 cells and 602893 reads
2021-11-17 11:32:02,506 - DEBUG - 54143 reads not considered because fully enclosed in repeat masked regions
2021-11-17 11:32:27,016 - DEBUG - Counting for batch 15, containing 100 cells and 608793 reads
2021-11-17 11:32:56,806 - DEBUG - 50906 reads not considered because fully enclosed in repeat masked regions
2021-11-17 11:33:20,634 - DEBUG - Counting for batch 16, containing 100 cells and 631513 reads
2021-11-17 11:33:51,438 - DEBUG - 54031 reads not considered because fully enclosed in repeat masked regions
2021-11-17 11:34:09,362 - DEBUG - Read first 20 million reads
2021-11-17 11:34:16,928 - DEBUG - Counting for batch 17, containing 100 cells and 626555 reads
2021-11-17 11:34:49,678 - DEBUG - 53801 reads not considered because fully enclosed in repeat masked regions
2021-11-17 11:35:14,516 - DEBUG - Counting for batch 18, containing 100 cells and 664165 reads
2021-11-17 11:35:46,709 - DEBUG - 57631 reads not considered because fully enclosed in repeat masked regions
2021-11-17 11:36:10,355 - DEBUG - Counting for batch 19, containing 100 cells and 598828 reads
2021-11-17 11:36:39,871 - DEBUG - 52489 reads not considered because fully enclosed in repeat masked regions
2021-11-17 11:37:01,794 - DEBUG - Counting for batch 20, containing 100 cells and 567248 reads
2021-11-17 11:37:30,142 - DEBUG - 50542 reads not considered because fully enclosed in repeat masked regions
2021-11-17 11:37:55,114 - DEBUG - Counting for batch 21, containing 100 cells and 696907 reads
2021-11-17 11:38:28,672 - DEBUG - 59516 reads not considered because fully enclosed in repeat masked regions
2021-11-17 11:38:54,819 - DEBUG - Counting for batch 22, containing 100 cells and 609054 reads
2021-11-17 11:39:22,939 - DEBUG - 51754 reads not considered because fully enclosed in repeat masked regions
2021-11-17 11:39:46,950 - DEBUG - Counting for batch 23, containing 100 cells and 582453 reads
2021-11-17 11:40:15,586 - DEBUG - 52242 reads not considered because fully enclosed in repeat masked regions
2021-11-17 11:40:39,233 - DEBUG - Counting for batch 24, containing 100 cells and 639422 reads
2021-11-17 11:41:10,422 - DEBUG - 58567 reads not considered because fully enclosed in repeat masked regions
2021-11-17 11:41:36,189 - DEBUG - Counting for batch 25, containing 100 cells and 626643 reads
2021-11-17 11:42:06,952 - DEBUG - 54724 reads not considered because fully enclosed in repeat masked regions
2021-11-17 11:42:20,760 - DEBUG - Read first 30 million reads
2021-11-17 11:42:32,380 - DEBUG - Counting for batch 26, containing 100 cells and 687890 reads
2021-11-17 11:43:05,434 - DEBUG - 60096 reads not considered because fully enclosed in repeat masked regions
2021-11-17 11:43:30,497 - DEBUG - Counting for batch 27, containing 100 cells and 577440 reads
2021-11-17 11:43:59,769 - DEBUG - 50537 reads not considered because fully enclosed in repeat masked regions
2021-11-17 11:44:22,000 - DEBUG - Counting for batch 28, containing 100 cells and 568235 reads
2021-11-17 11:44:50,918 - DEBUG - 49650 reads not considered because fully enclosed in repeat masked regions
2021-11-17 11:45:14,003 - DEBUG - Counting for batch 29, containing 100 cells and 613123 reads
2021-11-17 11:45:44,323 - DEBUG - 54666 reads not considered because fully enclosed in repeat masked regions
2021-11-17 11:46:07,753 - DEBUG - Counting for batch 30, containing 100 cells and 543680 reads
2021-11-17 11:46:33,792 - DEBUG - 46848 reads not considered because fully enclosed in repeat masked regions
2021-11-17 11:46:42,638 - DEBUG - Counting for batch 31, containing 11 cells and 56499 reads
2021-11-17 11:46:48,612 - DEBUG - 4912 reads not considered because fully enclosed in repeat masked regions
2021-11-17 11:46:49,393 - DEBUG - 608137 reads were skipped because no apropiate cell or umi barcode was found
2021-11-17 11:46:49,404 - DEBUG - Counting done!
2021-11-17 11:46:49,495 - DEBUG - Generating output file data/BSA_0355_SM01_10x_SPLENO/OUT/COUNT/M6_control_Mac_transcriptome/velocyto.loom
2021-11-17 11:46:49,495 - DEBUG - Collecting row attributes
2021-11-17 11:46:49,704 - DEBUG - Generating data table
2021-11-17 11:46:50,689 - DEBUG - Writing loom file
2021-11-17 11:46:54,049 - DEBUG - Creating converter from 5 to 3
2021-11-17 11:46:54,557 - DEBUG - Creating converter from 3 to 5
2021-11-17 11:47:01,740 - DEBUG - Terminated Succesfully!
