2021-11-29 14:20:59,725 - DEBUG - Using logic: ValidatedIntrons10X
2021-11-29 14:20:59,797 - INFO - Read 10123 cell barcodes from /research/peer/fdeckert/FD20210520LEUKO/data/BSA_0501_SK_RG_LEUKO/OUT/COUNT/SK_RG269_220421_24hPBS_blood_transcriptome/filtered_feature_bc_matrix/barcodes.tsv.gz
2021-11-29 14:20:59,797 - DEBUG - Example of barcode: AAACCCAAGCACGATG and cell_id: velocyto:AAACCCAAGCACGATG-1
2021-11-29 14:20:59,821 - DEBUG - Peeking into /research/peer/fdeckert/FD20210520LEUKO/data/BSA_0501_SK_RG_LEUKO/OUT/COUNT/SK_RG269_220421_24hPBS_blood_transcriptome/possorted_genome_bam.bam
2021-11-29 14:20:59,926 - WARNING - Not found cell and umi barcode in entry 208 of the bam file
2021-11-29 14:20:59,926 - WARNING - Not found cell and umi barcode in entry 217 of the bam file
2021-11-29 14:20:59,926 - WARNING - Not found cell and umi barcode in entry 218 of the bam file
2021-11-29 14:20:59,927 - WARNING - Not found cell and umi barcode in entry 329 of the bam file
2021-11-29 14:20:59,927 - WARNING - Not found cell and umi barcode in entry 422 of the bam file
2021-11-29 14:20:59,928 - WARNING - Not found cell and umi barcode in entry 475 of the bam file
2021-11-29 14:20:59,928 - WARNING - Not found cell and umi barcode in entry 534 of the bam file
2021-11-29 14:20:59,961 - WARNING - Not found cell and umi barcode in entry 669 of the bam file
2021-11-29 14:20:59,962 - WARNING - Not found cell and umi barcode in entry 701 of the bam file
2021-11-29 14:20:59,962 - WARNING - Not found cell and umi barcode in entry 730 of the bam file
2021-11-29 14:20:59,972 - WARNING - Not found cell and umi barcode in entry 997 of the bam file
2021-11-29 14:20:59,972 - WARNING - Not found cell and umi barcode in entry 1005 of the bam file
2021-11-29 14:20:59,977 - WARNING - The file /research/peer/fdeckert/FD20210520LEUKO/data/BSA_0501_SK_RG_LEUKO/OUT/COUNT/SK_RG269_220421_24hPBS_blood_transcriptome/cellsorted_possorted_genome_bam.bam already exists. The sorting step will be skipped and the existing file will be used.
2021-11-29 14:20:59,977 - INFO - Load the annotation from /research/peer/fdeckert/FD20210520LEUKO/data/mm10/cellranger/mm10-2020-A_build/gencode.vM23.primary_assembly.annotation.gtf.filtered
2021-11-29 14:21:06,836 - DEBUG - Parsing Chromosome GL456210.1 strand - [line 0]
2021-11-29 14:21:06,837 - DEBUG - Done with GL456210.1- [line 27]
2021-11-29 14:21:06,837 - DEBUG - Assigning indexes to genes
2021-11-29 14:21:06,837 - DEBUG - Seen 3 genes until now
2021-11-29 14:21:06,837 - DEBUG - Parsing Chromosome GL456210.1 strand + [line 28]
2021-11-29 14:21:06,837 - DEBUG - Done with GL456210.1+ [line 43]
2021-11-29 14:21:06,837 - DEBUG - Assigning indexes to genes
2021-11-29 14:21:06,837 - DEBUG - Seen 5 genes until now
2021-11-29 14:21:06,838 - DEBUG - Parsing Chromosome GL456211.1 strand - [line 44]
2021-11-29 14:21:06,838 - DEBUG - Done with GL456211.1- [line 74]
2021-11-29 14:21:06,838 - DEBUG - Assigning indexes to genes
2021-11-29 14:21:06,838 - DEBUG - Seen 9 genes until now
2021-11-29 14:21:06,838 - DEBUG - Parsing Chromosome GL456211.1 strand + [line 75]
2021-11-29 14:21:06,838 - DEBUG - Done with GL456211.1+ [line 101]
2021-11-29 14:21:06,838 - DEBUG - Assigning indexes to genes
2021-11-29 14:21:06,838 - DEBUG - Seen 11 genes until now
2021-11-29 14:21:06,838 - DEBUG - Parsing Chromosome GL456212.1 strand - [line 102]
2021-11-29 14:21:06,839 - DEBUG - Done with GL456212.1- [line 137]
2021-11-29 14:21:06,839 - DEBUG - Assigning indexes to genes
2021-11-29 14:21:06,839 - DEBUG - Seen 13 genes until now
2021-11-29 14:21:06,839 - DEBUG - Parsing Chromosome GL456216.1 strand + [line 138]
2021-11-29 14:21:06,839 - DEBUG - Done with GL456216.1+ [line 157]
2021-11-29 14:21:06,839 - DEBUG - Assigning indexes to genes
2021-11-29 14:21:06,839 - DEBUG - Seen 14 genes until now
2021-11-29 14:21:06,839 - DEBUG - Parsing Chromosome GL456219.1 strand - [line 158]
2021-11-29 14:21:06,839 - DEBUG - Done with GL456219.1- [line 171]
2021-11-29 14:21:06,839 - DEBUG - Assigning indexes to genes
2021-11-29 14:21:06,839 - DEBUG - Seen 16 genes until now
2021-11-29 14:21:06,840 - DEBUG - Parsing Chromosome GL456221.1 strand - [line 172]
2021-11-29 14:21:06,840 - DEBUG - Done with GL456221.1- [line 217]
2021-11-29 14:21:06,840 - DEBUG - Assigning indexes to genes
2021-11-29 14:21:06,840 - DEBUG - Seen 20 genes until now
2021-11-29 14:21:06,840 - DEBUG - Parsing Chromosome GL456221.1 strand + [line 218]
2021-11-29 14:21:06,840 - DEBUG - Done with GL456221.1+ [line 237]
2021-11-29 14:21:06,840 - DEBUG - Assigning indexes to genes
2021-11-29 14:21:06,840 - DEBUG - Seen 23 genes until now
2021-11-29 14:21:06,840 - DEBUG - Parsing Chromosome GL456233.1 strand - [line 238]
2021-11-29 14:21:06,841 - DEBUG - Done with GL456233.1- [line 269]
2021-11-29 14:21:06,841 - DEBUG - Assigning indexes to genes
2021-11-29 14:21:06,841 - DEBUG - Seen 25 genes until now
2021-11-29 14:21:06,841 - DEBUG - Parsing Chromosome GL456233.1 strand + [line 270]
2021-11-29 14:21:06,841 - DEBUG - Done with GL456233.1+ [line 300]
2021-11-29 14:21:06,841 - DEBUG - Assigning indexes to genes
2021-11-29 14:21:06,841 - DEBUG - Seen 27 genes until now
2021-11-29 14:21:06,841 - DEBUG - Parsing Chromosome GL456350.1 strand - [line 301]
2021-11-29 14:21:06,842 - DEBUG - Done with GL456350.1- [line 362]
2021-11-29 14:21:06,842 - DEBUG - Assigning indexes to genes
2021-11-29 14:21:06,842 - DEBUG - Seen 32 genes until now
2021-11-29 14:21:06,842 - DEBUG - Parsing Chromosome GL456354.1 strand - [line 363]
2021-11-29 14:21:06,842 - DEBUG - Done with GL456354.1- [line 398]
2021-11-29 14:21:06,842 - DEBUG - Assigning indexes to genes
2021-11-29 14:21:06,842 - DEBUG - Seen 35 genes until now
2021-11-29 14:21:06,842 - DEBUG - Parsing Chromosome GL456354.1 strand + [line 399]
2021-11-29 14:21:06,842 - DEBUG - Done with GL456354.1+ [line 420]
2021-11-29 14:21:06,842 - DEBUG - Assigning indexes to genes
2021-11-29 14:21:06,843 - DEBUG - Seen 37 genes until now
2021-11-29 14:21:06,843 - DEBUG - Parsing Chromosome JH584292.1 strand + [line 421]
2021-11-29 14:21:06,843 - DEBUG - Done with JH584292.1+ [line 496]
2021-11-29 14:21:06,843 - DEBUG - Assigning indexes to genes
2021-11-29 14:21:06,843 - DEBUG - Seen 38 genes until now
2021-11-29 14:21:06,843 - DEBUG - Parsing Chromosome JH584293.1 strand - [line 497]
2021-11-29 14:21:06,844 - DEBUG - Done with JH584293.1- [line 569]
2021-11-29 14:21:06,844 - DEBUG - Assigning indexes to genes
2021-11-29 14:21:06,844 - DEBUG - Seen 44 genes until now
2021-11-29 14:21:06,844 - DEBUG - Parsing Chromosome JH584293.1 strand + [line 570]
2021-11-29 14:21:06,844 - DEBUG - Done with JH584293.1+ [line 613]
2021-11-29 14:21:06,844 - DEBUG - Assigning indexes to genes
2021-11-29 14:21:06,844 - DEBUG - Seen 47 genes until now
2021-11-29 14:21:06,844 - DEBUG - Parsing Chromosome JH584294.1 strand - [line 614]
2021-11-29 14:21:06,845 - DEBUG - Done with JH584294.1- [line 681]
2021-11-29 14:21:06,845 - DEBUG - Assigning indexes to genes
2021-11-29 14:21:06,845 - DEBUG - Seen 51 genes until now
2021-11-29 14:21:06,845 - DEBUG - Parsing Chromosome JH584294.1 strand + [line 682]
2021-11-29 14:21:06,845 - DEBUG - Done with JH584294.1+ [line 708]
2021-11-29 14:21:06,845 - DEBUG - Assigning indexes to genes
2021-11-29 14:21:06,845 - DEBUG - Seen 53 genes until now
2021-11-29 14:21:06,845 - DEBUG - Parsing Chromosome JH584295.1 strand - [line 709]
2021-11-29 14:21:06,845 - DEBUG - Done with JH584295.1- [line 724]
2021-11-29 14:21:06,846 - DEBUG - Assigning indexes to genes
2021-11-29 14:21:06,846 - DEBUG - Seen 54 genes until now
2021-11-29 14:21:06,846 - DEBUG - Parsing Chromosome JH584296.1 strand - [line 725]
2021-11-29 14:21:06,846 - DEBUG - Done with JH584296.1- [line 755]
2021-11-29 14:21:06,846 - DEBUG - Assigning indexes to genes
2021-11-29 14:21:06,846 - DEBUG - Seen 57 genes until now
2021-11-29 14:21:06,846 - DEBUG - Parsing Chromosome JH584297.1 strand - [line 756]
2021-11-29 14:21:06,846 - DEBUG - Done with JH584297.1- [line 775]
2021-11-29 14:21:06,846 - DEBUG - Assigning indexes to genes
2021-11-29 14:21:06,846 - DEBUG - Seen 59 genes until now
2021-11-29 14:21:06,846 - DEBUG - Parsing Chromosome JH584297.1 strand + [line 776]
2021-11-29 14:21:06,847 - DEBUG - Done with JH584297.1+ [line 784]
2021-11-29 14:21:06,847 - DEBUG - Assigning indexes to genes
2021-11-29 14:21:06,847 - DEBUG - Seen 60 genes until now
2021-11-29 14:21:06,847 - DEBUG - Parsing Chromosome JH584298.1 strand - [line 785]
2021-11-29 14:21:06,847 - DEBUG - Done with JH584298.1- [line 795]
2021-11-29 14:21:06,847 - DEBUG - Assigning indexes to genes
2021-11-29 14:21:06,847 - DEBUG - Seen 61 genes until now
2021-11-29 14:21:06,847 - DEBUG - Parsing Chromosome JH584298.1 strand + [line 796]
2021-11-29 14:21:06,847 - DEBUG - Done with JH584298.1+ [line 817]
2021-11-29 14:21:06,847 - DEBUG - Assigning indexes to genes
2021-11-29 14:21:06,847 - DEBUG - Seen 63 genes until now
2021-11-29 14:21:06,847 - DEBUG - Parsing Chromosome JH584299.1 strand - [line 818]
2021-11-29 14:21:06,848 - DEBUG - Done with JH584299.1- [line 828]
2021-11-29 14:21:06,848 - DEBUG - Assigning indexes to genes
2021-11-29 14:21:06,848 - DEBUG - Seen 64 genes until now
2021-11-29 14:21:06,848 - DEBUG - Parsing Chromosome JH584299.1 strand + [line 829]
2021-11-29 14:21:06,848 - DEBUG - Done with JH584299.1+ [line 950]
2021-11-29 14:21:06,848 - DEBUG - Assigning indexes to genes
2021-11-29 14:21:06,848 - DEBUG - Seen 75 genes until now
2021-11-29 14:21:06,849 - DEBUG - Parsing Chromosome JH584303.1 strand + [line 951]
2021-11-29 14:21:06,849 - DEBUG - Done with JH584303.1+ [line 955]
2021-11-29 14:21:06,849 - DEBUG - Assigning indexes to genes
2021-11-29 14:21:06,849 - DEBUG - Seen 76 genes until now
2021-11-29 14:21:06,849 - DEBUG - Parsing Chromosome JH584304.1 strand - [line 956]
2021-11-29 14:21:06,849 - DEBUG - Done with JH584304.1- [line 988]
2021-11-29 14:21:06,849 - DEBUG - Assigning indexes to genes
2021-11-29 14:21:06,849 - DEBUG - Seen 77 genes until now
2021-11-29 14:21:06,849 - DEBUG - Parsing Chromosome 1 strand - [line 989]
2021-11-29 14:21:07,344 - DEBUG - Done with 1- [line 57063]
2021-11-29 14:21:07,344 - DEBUG - Assigning indexes to genes
2021-11-29 14:21:07,349 - DEBUG - Seen 966 genes until now
2021-11-29 14:21:07,349 - DEBUG - Parsing Chromosome 1 strand + [line 57064]
2021-11-29 14:21:07,799 - DEBUG - Done with 1+ [line 111842]
2021-11-29 14:21:07,799 - DEBUG - Assigning indexes to genes
2021-11-29 14:21:07,804 - DEBUG - Seen 1876 genes until now
2021-11-29 14:21:07,804 - DEBUG - Parsing Chromosome 10 strand - [line 111843]
2021-11-29 14:21:08,052 - DEBUG - Done with 10- [line 152030]
2021-11-29 14:21:08,053 - DEBUG - Assigning indexes to genes
2021-11-29 14:21:08,056 - DEBUG - Seen 2638 genes until now
2021-11-29 14:21:08,057 - DEBUG - Parsing Chromosome 10 strand + [line 152031]
2021-11-29 14:21:08,451 - DEBUG - Done with 10+ [line 194968]
2021-11-29 14:21:08,452 - DEBUG - Assigning indexes to genes
2021-11-29 14:21:08,456 - DEBUG - Seen 3448 genes until now
2021-11-29 14:21:08,456 - DEBUG - Parsing Chromosome 11 strand - [line 194969]
2021-11-29 14:21:08,840 - DEBUG - Done with 11- [line 257480]
2021-11-29 14:21:08,840 - DEBUG - Assigning indexes to genes
2021-11-29 14:21:08,847 - DEBUG - Seen 4518 genes until now
2021-11-29 14:21:08,847 - DEBUG - Parsing Chromosome 11 strand + [line 257481]
2021-11-29 14:21:09,375 - DEBUG - Done with 11+ [line 320172]
2021-11-29 14:21:09,375 - DEBUG - Assigning indexes to genes
2021-11-29 14:21:09,381 - DEBUG - Seen 5535 genes until now
2021-11-29 14:21:09,381 - DEBUG - Parsing Chromosome 12 strand - [line 320173]
2021-11-29 14:21:09,535 - DEBUG - Done with 12- [line 345502]
2021-11-29 14:21:09,535 - DEBUG - Assigning indexes to genes
2021-11-29 14:21:09,538 - DEBUG - Seen 6300 genes until now
2021-11-29 14:21:09,538 - DEBUG - Parsing Chromosome 12 strand + [line 345503]
2021-11-29 14:21:09,754 - DEBUG - Done with 12+ [line 380229]
2021-11-29 14:21:09,754 - DEBUG - Assigning indexes to genes
2021-11-29 14:21:09,758 - DEBUG - Seen 6877 genes until now
2021-11-29 14:21:09,758 - DEBUG - Parsing Chromosome 13 strand - [line 380230]
2021-11-29 14:21:09,964 - DEBUG - Done with 13- [line 414645]
2021-11-29 14:21:09,964 - DEBUG - Assigning indexes to genes
2021-11-29 14:21:09,968 - DEBUG - Seen 7611 genes until now
2021-11-29 14:21:09,968 - DEBUG - Parsing Chromosome 13 strand + [line 414646]
2021-11-29 14:21:10,129 - DEBUG - Done with 13+ [line 441742]
2021-11-29 14:21:10,129 - DEBUG - Assigning indexes to genes
2021-11-29 14:21:10,132 - DEBUG - Seen 8318 genes until now
2021-11-29 14:21:10,132 - DEBUG - Parsing Chromosome 14 strand - [line 441743]
2021-11-29 14:21:10,523 - DEBUG - Done with 14- [line 478634]
2021-11-29 14:21:10,523 - DEBUG - Assigning indexes to genes
2021-11-29 14:21:10,526 - DEBUG - Seen 9014 genes until now
2021-11-29 14:21:10,527 - DEBUG - Parsing Chromosome 14 strand + [line 478635]
2021-11-29 14:21:10,727 - DEBUG - Done with 14+ [line 512401]
2021-11-29 14:21:10,727 - DEBUG - Assigning indexes to genes
2021-11-29 14:21:10,731 - DEBUG - Seen 9849 genes until now
2021-11-29 14:21:10,731 - DEBUG - Parsing Chromosome 15 strand - [line 512402]
2021-11-29 14:21:10,955 - DEBUG - Done with 15- [line 549004]
2021-11-29 14:21:10,956 - DEBUG - Assigning indexes to genes
2021-11-29 14:21:10,959 - DEBUG - Seen 10439 genes until now
2021-11-29 14:21:10,959 - DEBUG - Parsing Chromosome 15 strand + [line 549005]
2021-11-29 14:21:11,150 - DEBUG - Done with 15+ [line 580047]
2021-11-29 14:21:11,151 - DEBUG - Assigning indexes to genes
2021-11-29 14:21:11,154 - DEBUG - Seen 10983 genes until now
2021-11-29 14:21:11,154 - DEBUG - Parsing Chromosome 16 strand - [line 580048]
2021-11-29 14:21:11,319 - DEBUG - Done with 16- [line 607192]
2021-11-29 14:21:11,319 - DEBUG - Assigning indexes to genes
2021-11-29 14:21:11,322 - DEBUG - Seen 11469 genes until now
2021-11-29 14:21:11,322 - DEBUG - Parsing Chromosome 16 strand + [line 607193]
2021-11-29 14:21:11,699 - DEBUG - Done with 16+ [line 637997]
2021-11-29 14:21:11,699 - DEBUG - Assigning indexes to genes
2021-11-29 14:21:11,702 - DEBUG - Seen 11933 genes until now
2021-11-29 14:21:11,702 - DEBUG - Parsing Chromosome 17 strand - [line 637998]
2021-11-29 14:21:11,970 - DEBUG - Done with 17- [line 681830]
2021-11-29 14:21:11,970 - DEBUG - Assigning indexes to genes
2021-11-29 14:21:11,974 - DEBUG - Seen 12652 genes until now
2021-11-29 14:21:11,974 - DEBUG - Parsing Chromosome 17 strand + [line 681831]
2021-11-29 14:21:12,265 - DEBUG - Done with 17+ [line 729330]
2021-11-29 14:21:12,265 - DEBUG - Assigning indexes to genes
2021-11-29 14:21:12,271 - DEBUG - Seen 13379 genes until now
2021-11-29 14:21:12,271 - DEBUG - Parsing Chromosome 18 strand - [line 729331]
2021-11-29 14:21:12,386 - DEBUG - Done with 18- [line 748063]
2021-11-29 14:21:12,386 - DEBUG - Assigning indexes to genes
2021-11-29 14:21:12,388 - DEBUG - Seen 13744 genes until now
2021-11-29 14:21:12,388 - DEBUG - Parsing Chromosome 18 strand + [line 748064]
2021-11-29 14:21:12,543 - DEBUG - Done with 18+ [line 774053]
2021-11-29 14:21:12,543 - DEBUG - Assigning indexes to genes
2021-11-29 14:21:12,545 - DEBUG - Seen 14196 genes until now
2021-11-29 14:21:12,545 - DEBUG - Parsing Chromosome 19 strand - [line 774054]
2021-11-29 14:21:12,742 - DEBUG - Done with 19- [line 806361]
2021-11-29 14:21:12,742 - DEBUG - Assigning indexes to genes
2021-11-29 14:21:12,745 - DEBUG - Seen 14666 genes until now
2021-11-29 14:21:12,745 - DEBUG - Parsing Chromosome 19 strand + [line 806362]
2021-11-29 14:21:12,916 - DEBUG - Done with 19+ [line 834536]
2021-11-29 14:21:12,916 - DEBUG - Assigning indexes to genes
2021-11-29 14:21:12,919 - DEBUG - Seen 15155 genes until now
2021-11-29 14:21:12,919 - DEBUG - Parsing Chromosome 2 strand - [line 834537]
2021-11-29 14:21:13,655 - DEBUG - Done with 2- [line 911094]
2021-11-29 14:21:13,655 - DEBUG - Assigning indexes to genes
2021-11-29 14:21:13,663 - DEBUG - Seen 16361 genes until now
2021-11-29 14:21:13,663 - DEBUG - Parsing Chromosome 2 strand + [line 911095]
2021-11-29 14:21:14,095 - DEBUG - Done with 2+ [line 982171]
2021-11-29 14:21:14,096 - DEBUG - Assigning indexes to genes
2021-11-29 14:21:14,103 - DEBUG - Seen 17581 genes until now
2021-11-29 14:21:14,103 - DEBUG - Parsing Chromosome 3 strand - [line 982172]
2021-11-29 14:21:14,341 - DEBUG - Done with 3- [line 1021471]
2021-11-29 14:21:14,341 - DEBUG - Assigning indexes to genes
2021-11-29 14:21:14,345 - DEBUG - Seen 18356 genes until now
2021-11-29 14:21:14,345 - DEBUG - Parsing Chromosome 3 strand + [line 1021472]
2021-11-29 14:21:14,607 - DEBUG - Done with 3+ [line 1065065]
2021-11-29 14:21:14,608 - DEBUG - Assigning indexes to genes
2021-11-29 14:21:14,612 - DEBUG - Seen 19102 genes until now
2021-11-29 14:21:14,612 - DEBUG - Parsing Chromosome 4 strand - [line 1065066]
2021-11-29 14:21:14,929 - DEBUG - Done with 4- [line 1117209]
2021-11-29 14:21:14,929 - DEBUG - Assigning indexes to genes
2021-11-29 14:21:14,935 - DEBUG - Seen 19972 genes until now
2021-11-29 14:21:14,935 - DEBUG - Parsing Chromosome 4 strand + [line 1117210]
2021-11-29 14:21:15,488 - DEBUG - Done with 4+ [line 1167049]
2021-11-29 14:21:15,488 - DEBUG - Assigning indexes to genes
2021-11-29 14:21:15,493 - DEBUG - Seen 20848 genes until now
2021-11-29 14:21:15,493 - DEBUG - Parsing Chromosome 5 strand - [line 1167050]
2021-11-29 14:21:15,851 - DEBUG - Done with 5- [line 1225395]
2021-11-29 14:21:15,851 - DEBUG - Assigning indexes to genes
2021-11-29 14:21:15,857 - DEBUG - Seen 21762 genes until now
2021-11-29 14:21:15,857 - DEBUG - Parsing Chromosome 5 strand + [line 1225396]
2021-11-29 14:21:16,219 - DEBUG - Done with 5+ [line 1284505]
2021-11-29 14:21:16,219 - DEBUG - Assigning indexes to genes
2021-11-29 14:21:16,227 - DEBUG - Seen 22701 genes until now
2021-11-29 14:21:16,227 - DEBUG - Parsing Chromosome 6 strand - [line 1284506]
2021-11-29 14:21:16,500 - DEBUG - Done with 6- [line 1330066]
2021-11-29 14:21:16,500 - DEBUG - Assigning indexes to genes
2021-11-29 14:21:16,505 - DEBUG - Seen 23564 genes until now
2021-11-29 14:21:16,505 - DEBUG - Parsing Chromosome 6 strand + [line 1330067]
2021-11-29 14:21:16,792 - DEBUG - Done with 6+ [line 1378331]
2021-11-29 14:21:16,792 - DEBUG - Assigning indexes to genes
2021-11-29 14:21:16,797 - DEBUG - Seen 24493 genes until now
2021-11-29 14:21:16,797 - DEBUG - Parsing Chromosome 7 strand - [line 1378332]
2021-11-29 14:21:17,234 - DEBUG - Done with 7- [line 1452549]
2021-11-29 14:21:17,235 - DEBUG - Assigning indexes to genes
2021-11-29 14:21:17,243 - DEBUG - Seen 25855 genes until now
2021-11-29 14:21:17,243 - DEBUG - Parsing Chromosome 7 strand + [line 1452550]
2021-11-29 14:21:17,959 - DEBUG - Done with 7+ [line 1523678]
2021-11-29 14:21:17,960 - DEBUG - Assigning indexes to genes
2021-11-29 14:21:17,968 - DEBUG - Seen 27096 genes until now
2021-11-29 14:21:17,968 - DEBUG - Parsing Chromosome 8 strand - [line 1523679]
2021-11-29 14:21:18,189 - DEBUG - Done with 8- [line 1559719]
2021-11-29 14:21:18,190 - DEBUG - Assigning indexes to genes
2021-11-29 14:21:18,193 - DEBUG - Seen 27820 genes until now
2021-11-29 14:21:18,193 - DEBUG - Parsing Chromosome 8 strand + [line 1559720]
2021-11-29 14:21:18,479 - DEBUG - Done with 8+ [line 1606795]
2021-11-29 14:21:18,479 - DEBUG - Assigning indexes to genes
2021-11-29 14:21:18,484 - DEBUG - Seen 28656 genes until now
2021-11-29 14:21:18,484 - DEBUG - Parsing Chromosome 9 strand - [line 1606796]
2021-11-29 14:21:18,800 - DEBUG - Done with 9- [line 1658478]
2021-11-29 14:21:18,800 - DEBUG - Assigning indexes to genes
2021-11-29 14:21:18,805 - DEBUG - Seen 29510 genes until now
2021-11-29 14:21:18,805 - DEBUG - Parsing Chromosome 9 strand + [line 1658479]
2021-11-29 14:21:19,135 - DEBUG - Done with 9+ [line 1712094]
2021-11-29 14:21:19,135 - DEBUG - Assigning indexes to genes
2021-11-29 14:21:19,141 - DEBUG - Seen 30441 genes until now
2021-11-29 14:21:19,141 - DEBUG - Parsing Chromosome M strand - [line 1712095]
2021-11-29 14:21:19,142 - DEBUG - Done with M- [line 1712101]
2021-11-29 14:21:19,142 - DEBUG - Assigning indexes to genes
2021-11-29 14:21:19,142 - DEBUG - Seen 30442 genes until now
2021-11-29 14:21:19,142 - DEBUG - Parsing Chromosome M strand + [line 1712102]
2021-11-29 14:21:19,142 - DEBUG - Done with M+ [line 1712175]
2021-11-29 14:21:19,142 - DEBUG - Assigning indexes to genes
2021-11-29 14:21:19,142 - DEBUG - Seen 30454 genes until now
2021-11-29 14:21:19,142 - DEBUG - Parsing Chromosome X strand - [line 1712176]
2021-11-29 14:21:19,312 - DEBUG - Done with X- [line 1739781]
2021-11-29 14:21:19,312 - DEBUG - Assigning indexes to genes
2021-11-29 14:21:19,315 - DEBUG - Seen 30981 genes until now
2021-11-29 14:21:19,315 - DEBUG - Parsing Chromosome X strand + [line 1739782]
2021-11-29 14:21:19,504 - DEBUG - Done with X+ [line 1770751]
2021-11-29 14:21:19,505 - DEBUG - Assigning indexes to genes
2021-11-29 14:21:19,507 - DEBUG - Seen 31560 genes until now
2021-11-29 14:21:19,508 - DEBUG - Parsing Chromosome Y strand - [line 1770752]
2021-11-29 14:21:19,538 - DEBUG - Done with Y- [line 1775246]
2021-11-29 14:21:19,538 - DEBUG - Assigning indexes to genes
2021-11-29 14:21:19,539 - DEBUG - Seen 31897 genes until now
2021-11-29 14:21:19,539 - DEBUG - Parsing Chromosome Y strand + [line 1775247]
2021-11-29 14:21:19,575 - DEBUG - Assigning indexes to genes
2021-11-29 14:21:19,576 - DEBUG - Done with Y+ [line 1780453]
2021-11-29 14:21:19,576 - DEBUG - Fixing corner cases of transcript models containg intron longer than 1000Kbp
2021-11-29 14:21:20,695 - DEBUG - Generated 1492231 features corresponding to 118153 transcript models from /research/peer/fdeckert/FD20210520LEUKO/data/mm10/cellranger/mm10-2020-A_build/gencode.vM23.primary_assembly.annotation.gtf.filtered
2021-11-29 14:21:20,711 - INFO - Load the repeat masking annotation from /research/peer/fdeckert/FD20210520LEUKO/data/mm10/cellranger/mm10-2020-A_build/mm10_rmsk.gtf
2021-11-29 14:21:20,711 - DEBUG - Reading /research/peer/fdeckert/FD20210520LEUKO/data/mm10/cellranger/mm10-2020-A_build/mm10_rmsk.gtf, the file will be sorted in memory
2021-11-29 14:21:51,824 - DEBUG - Processed masked annotation .gtf and generated 4252016 intervals to mask!
2021-11-29 14:21:52,038 - INFO - Scan /research/peer/fdeckert/FD20210520LEUKO/data/BSA_0501_SK_RG_LEUKO/OUT/COUNT/SK_RG269_220421_24hPBS_blood_transcriptome/possorted_genome_bam.bam to validate intron intervals
2021-11-29 14:21:54,974 - DEBUG - Reading /research/peer/fdeckert/FD20210520LEUKO/data/BSA_0501_SK_RG_LEUKO/OUT/COUNT/SK_RG269_220421_24hPBS_blood_transcriptome/possorted_genome_bam.bam
2021-11-29 14:21:54,986 - DEBUG - Read first 0 million reads
2021-11-29 14:21:55,011 - DEBUG - Marking up chromosome 1
