2021-11-17 11:08:16,883 - DEBUG - Using logic: ValidatedIntrons10X
2021-11-17 11:08:16,892 - INFO - Read 3661 cell barcodes from /research/peer/fdeckert/FD20200109SPLENO/data/BSA_0355_SM01_10x_SPLENO/OUT/COUNT/M2_CpG_Mac_transcriptome/filtered_feature_bc_matrix/barcodes.tsv.gz
2021-11-17 11:08:16,892 - DEBUG - Example of barcode: AAACCCAAGTAAATGC and cell_id: velocyto:AAACCCAAGTAAATGC-1
2021-11-17 11:08:16,907 - DEBUG - Peeking into /research/peer/fdeckert/FD20200109SPLENO/data/BSA_0355_SM01_10x_SPLENO/OUT/COUNT/M2_CpG_Mac_transcriptome/possorted_genome_bam.bam
2021-11-17 11:08:16,928 - WARNING - Not found cell and umi barcode in entry 6 of the bam file
2021-11-17 11:08:16,928 - WARNING - Not found cell and umi barcode in entry 30 of the bam file
2021-11-17 11:08:16,929 - WARNING - Not found cell and umi barcode in entry 42 of the bam file
2021-11-17 11:08:16,929 - WARNING - Not found cell and umi barcode in entry 70 of the bam file
2021-11-17 11:08:16,929 - WARNING - Not found cell and umi barcode in entry 93 of the bam file
2021-11-17 11:08:16,930 - WARNING - Not found cell and umi barcode in entry 157 of the bam file
2021-11-17 11:08:16,930 - WARNING - Not found cell and umi barcode in entry 219 of the bam file
2021-11-17 11:08:16,930 - WARNING - Not found cell and umi barcode in entry 221 of the bam file
2021-11-17 11:08:16,931 - WARNING - Not found cell and umi barcode in entry 230 of the bam file
2021-11-17 11:08:16,931 - WARNING - Not found cell and umi barcode in entry 239 of the bam file
2021-11-17 11:08:16,931 - WARNING - Not found cell and umi barcode in entry 266 of the bam file
2021-11-17 11:08:16,932 - WARNING - Not found cell and umi barcode in entry 339 of the bam file
2021-11-17 11:08:16,932 - WARNING - Not found cell and umi barcode in entry 349 of the bam file
2021-11-17 11:08:16,932 - WARNING - Not found cell and umi barcode in entry 356 of the bam file
2021-11-17 11:08:16,932 - WARNING - Not found cell and umi barcode in entry 391 of the bam file
2021-11-17 11:08:16,935 - WARNING - Not found cell and umi barcode in entry 750 of the bam file
2021-11-17 11:08:16,935 - WARNING - Not found cell and umi barcode in entry 759 of the bam file
2021-11-17 11:08:16,936 - WARNING - Not found cell and umi barcode in entry 809 of the bam file
2021-11-17 11:08:16,936 - WARNING - Not found cell and umi barcode in entry 829 of the bam file
2021-11-17 11:08:16,941 - WARNING - The file /research/peer/fdeckert/FD20200109SPLENO/data/BSA_0355_SM01_10x_SPLENO/OUT/COUNT/M2_CpG_Mac_transcriptome/cellsorted_possorted_genome_bam.bam already exists. The sorting step will be skipped and the existing file will be used.
2021-11-17 11:08:16,941 - INFO - Load the annotation from /research/peer/fdeckert/FD20200109SPLENO/data/mm10/cellranger/mm10-2020-A_build/gencode.vM23.primary_assembly.annotation.gtf.filtered
2021-11-17 11:08:27,091 - DEBUG - Parsing Chromosome GL456210.1 strand - [line 0]
2021-11-17 11:08:27,092 - DEBUG - Done with GL456210.1- [line 27]
2021-11-17 11:08:27,092 - DEBUG - Assigning indexes to genes
2021-11-17 11:08:27,093 - DEBUG - Seen 3 genes until now
2021-11-17 11:08:27,093 - DEBUG - Parsing Chromosome GL456210.1 strand + [line 28]
2021-11-17 11:08:27,093 - DEBUG - Done with GL456210.1+ [line 43]
2021-11-17 11:08:27,093 - DEBUG - Assigning indexes to genes
2021-11-17 11:08:27,093 - DEBUG - Seen 5 genes until now
2021-11-17 11:08:27,093 - DEBUG - Parsing Chromosome GL456211.1 strand - [line 44]
2021-11-17 11:08:27,094 - DEBUG - Done with GL456211.1- [line 74]
2021-11-17 11:08:27,094 - DEBUG - Assigning indexes to genes
2021-11-17 11:08:27,094 - DEBUG - Seen 9 genes until now
2021-11-17 11:08:27,094 - DEBUG - Parsing Chromosome GL456211.1 strand + [line 75]
2021-11-17 11:08:27,095 - DEBUG - Done with GL456211.1+ [line 101]
2021-11-17 11:08:27,095 - DEBUG - Assigning indexes to genes
2021-11-17 11:08:27,095 - DEBUG - Seen 11 genes until now
2021-11-17 11:08:27,095 - DEBUG - Parsing Chromosome GL456212.1 strand - [line 102]
2021-11-17 11:08:27,095 - DEBUG - Done with GL456212.1- [line 137]
2021-11-17 11:08:27,096 - DEBUG - Assigning indexes to genes
2021-11-17 11:08:27,096 - DEBUG - Seen 13 genes until now
2021-11-17 11:08:27,096 - DEBUG - Parsing Chromosome GL456216.1 strand + [line 138]
2021-11-17 11:08:27,096 - DEBUG - Done with GL456216.1+ [line 157]
2021-11-17 11:08:27,096 - DEBUG - Assigning indexes to genes
2021-11-17 11:08:27,096 - DEBUG - Seen 14 genes until now
2021-11-17 11:08:27,096 - DEBUG - Parsing Chromosome GL456219.1 strand - [line 158]
2021-11-17 11:08:27,097 - DEBUG - Done with GL456219.1- [line 171]
2021-11-17 11:08:27,097 - DEBUG - Assigning indexes to genes
2021-11-17 11:08:27,097 - DEBUG - Seen 16 genes until now
2021-11-17 11:08:27,097 - DEBUG - Parsing Chromosome GL456221.1 strand - [line 172]
2021-11-17 11:08:27,097 - DEBUG - Done with GL456221.1- [line 217]
2021-11-17 11:08:27,098 - DEBUG - Assigning indexes to genes
2021-11-17 11:08:27,098 - DEBUG - Seen 20 genes until now
2021-11-17 11:08:27,098 - DEBUG - Parsing Chromosome GL456221.1 strand + [line 218]
2021-11-17 11:08:27,098 - DEBUG - Done with GL456221.1+ [line 237]
2021-11-17 11:08:27,098 - DEBUG - Assigning indexes to genes
2021-11-17 11:08:27,098 - DEBUG - Seen 23 genes until now
2021-11-17 11:08:27,098 - DEBUG - Parsing Chromosome GL456233.1 strand - [line 238]
2021-11-17 11:08:27,099 - DEBUG - Done with GL456233.1- [line 269]
2021-11-17 11:08:27,099 - DEBUG - Assigning indexes to genes
2021-11-17 11:08:27,099 - DEBUG - Seen 25 genes until now
2021-11-17 11:08:27,099 - DEBUG - Parsing Chromosome GL456233.1 strand + [line 270]
2021-11-17 11:08:27,100 - DEBUG - Done with GL456233.1+ [line 300]
2021-11-17 11:08:27,100 - DEBUG - Assigning indexes to genes
2021-11-17 11:08:27,100 - DEBUG - Seen 27 genes until now
2021-11-17 11:08:27,100 - DEBUG - Parsing Chromosome GL456350.1 strand - [line 301]
2021-11-17 11:08:27,101 - DEBUG - Done with GL456350.1- [line 362]
2021-11-17 11:08:27,101 - DEBUG - Assigning indexes to genes
2021-11-17 11:08:27,101 - DEBUG - Seen 32 genes until now
2021-11-17 11:08:27,101 - DEBUG - Parsing Chromosome GL456354.1 strand - [line 363]
2021-11-17 11:08:27,101 - DEBUG - Done with GL456354.1- [line 398]
2021-11-17 11:08:27,101 - DEBUG - Assigning indexes to genes
2021-11-17 11:08:27,102 - DEBUG - Seen 35 genes until now
2021-11-17 11:08:27,102 - DEBUG - Parsing Chromosome GL456354.1 strand + [line 399]
2021-11-17 11:08:27,102 - DEBUG - Done with GL456354.1+ [line 420]
2021-11-17 11:08:27,102 - DEBUG - Assigning indexes to genes
2021-11-17 11:08:27,102 - DEBUG - Seen 37 genes until now
2021-11-17 11:08:27,102 - DEBUG - Parsing Chromosome JH584292.1 strand + [line 421]
2021-11-17 11:08:27,103 - DEBUG - Done with JH584292.1+ [line 496]
2021-11-17 11:08:27,103 - DEBUG - Assigning indexes to genes
2021-11-17 11:08:27,103 - DEBUG - Seen 38 genes until now
2021-11-17 11:08:27,103 - DEBUG - Parsing Chromosome JH584293.1 strand - [line 497]
2021-11-17 11:08:27,104 - DEBUG - Done with JH584293.1- [line 569]
2021-11-17 11:08:27,104 - DEBUG - Assigning indexes to genes
2021-11-17 11:08:27,104 - DEBUG - Seen 44 genes until now
2021-11-17 11:08:27,105 - DEBUG - Parsing Chromosome JH584293.1 strand + [line 570]
2021-11-17 11:08:27,105 - DEBUG - Done with JH584293.1+ [line 613]
2021-11-17 11:08:27,105 - DEBUG - Assigning indexes to genes
2021-11-17 11:08:27,105 - DEBUG - Seen 47 genes until now
2021-11-17 11:08:27,105 - DEBUG - Parsing Chromosome JH584294.1 strand - [line 614]
2021-11-17 11:08:27,106 - DEBUG - Done with JH584294.1- [line 681]
2021-11-17 11:08:27,106 - DEBUG - Assigning indexes to genes
2021-11-17 11:08:27,106 - DEBUG - Seen 51 genes until now
2021-11-17 11:08:27,106 - DEBUG - Parsing Chromosome JH584294.1 strand + [line 682]
2021-11-17 11:08:27,107 - DEBUG - Done with JH584294.1+ [line 708]
2021-11-17 11:08:27,107 - DEBUG - Assigning indexes to genes
2021-11-17 11:08:27,107 - DEBUG - Seen 53 genes until now
2021-11-17 11:08:27,107 - DEBUG - Parsing Chromosome JH584295.1 strand - [line 709]
2021-11-17 11:08:27,107 - DEBUG - Done with JH584295.1- [line 724]
2021-11-17 11:08:27,108 - DEBUG - Assigning indexes to genes
2021-11-17 11:08:27,108 - DEBUG - Seen 54 genes until now
2021-11-17 11:08:27,108 - DEBUG - Parsing Chromosome JH584296.1 strand - [line 725]
2021-11-17 11:08:27,108 - DEBUG - Done with JH584296.1- [line 755]
2021-11-17 11:08:27,108 - DEBUG - Assigning indexes to genes
2021-11-17 11:08:27,108 - DEBUG - Seen 57 genes until now
2021-11-17 11:08:27,108 - DEBUG - Parsing Chromosome JH584297.1 strand - [line 756]
2021-11-17 11:08:27,109 - DEBUG - Done with JH584297.1- [line 775]
2021-11-17 11:08:27,109 - DEBUG - Assigning indexes to genes
2021-11-17 11:08:27,109 - DEBUG - Seen 59 genes until now
2021-11-17 11:08:27,109 - DEBUG - Parsing Chromosome JH584297.1 strand + [line 776]
2021-11-17 11:08:27,109 - DEBUG - Done with JH584297.1+ [line 784]
2021-11-17 11:08:27,109 - DEBUG - Assigning indexes to genes
2021-11-17 11:08:27,109 - DEBUG - Seen 60 genes until now
2021-11-17 11:08:27,110 - DEBUG - Parsing Chromosome JH584298.1 strand - [line 785]
2021-11-17 11:08:27,110 - DEBUG - Done with JH584298.1- [line 795]
2021-11-17 11:08:27,110 - DEBUG - Assigning indexes to genes
2021-11-17 11:08:27,110 - DEBUG - Seen 61 genes until now
2021-11-17 11:08:27,110 - DEBUG - Parsing Chromosome JH584298.1 strand + [line 796]
2021-11-17 11:08:27,110 - DEBUG - Done with JH584298.1+ [line 817]
2021-11-17 11:08:27,111 - DEBUG - Assigning indexes to genes
2021-11-17 11:08:27,111 - DEBUG - Seen 63 genes until now
2021-11-17 11:08:27,111 - DEBUG - Parsing Chromosome JH584299.1 strand - [line 818]
2021-11-17 11:08:27,111 - DEBUG - Done with JH584299.1- [line 828]
2021-11-17 11:08:27,111 - DEBUG - Assigning indexes to genes
2021-11-17 11:08:27,111 - DEBUG - Seen 64 genes until now
2021-11-17 11:08:27,111 - DEBUG - Parsing Chromosome JH584299.1 strand + [line 829]
2021-11-17 11:08:27,112 - DEBUG - Done with JH584299.1+ [line 950]
2021-11-17 11:08:27,112 - DEBUG - Assigning indexes to genes
2021-11-17 11:08:27,113 - DEBUG - Seen 75 genes until now
2021-11-17 11:08:27,113 - DEBUG - Parsing Chromosome JH584303.1 strand + [line 951]
2021-11-17 11:08:27,113 - DEBUG - Done with JH584303.1+ [line 955]
2021-11-17 11:08:27,113 - DEBUG - Assigning indexes to genes
2021-11-17 11:08:27,113 - DEBUG - Seen 76 genes until now
2021-11-17 11:08:27,113 - DEBUG - Parsing Chromosome JH584304.1 strand - [line 956]
2021-11-17 11:08:27,114 - DEBUG - Done with JH584304.1- [line 988]
2021-11-17 11:08:27,114 - DEBUG - Assigning indexes to genes
2021-11-17 11:08:27,114 - DEBUG - Seen 77 genes until now
2021-11-17 11:08:27,114 - DEBUG - Parsing Chromosome 1 strand - [line 989]
2021-11-17 11:08:27,978 - DEBUG - Done with 1- [line 57063]
2021-11-17 11:08:27,978 - DEBUG - Assigning indexes to genes
2021-11-17 11:08:27,988 - DEBUG - Seen 966 genes until now
2021-11-17 11:08:27,988 - DEBUG - Parsing Chromosome 1 strand + [line 57064]
2021-11-17 11:08:28,761 - DEBUG - Done with 1+ [line 111842]
2021-11-17 11:08:28,762 - DEBUG - Assigning indexes to genes
2021-11-17 11:08:28,771 - DEBUG - Seen 1876 genes until now
2021-11-17 11:08:28,771 - DEBUG - Parsing Chromosome 10 strand - [line 111843]
2021-11-17 11:08:29,230 - DEBUG - Done with 10- [line 152030]
2021-11-17 11:08:29,230 - DEBUG - Assigning indexes to genes
2021-11-17 11:08:29,237 - DEBUG - Seen 2638 genes until now
2021-11-17 11:08:29,237 - DEBUG - Parsing Chromosome 10 strand + [line 152031]
2021-11-17 11:08:29,910 - DEBUG - Done with 10+ [line 194968]
2021-11-17 11:08:29,911 - DEBUG - Assigning indexes to genes
2021-11-17 11:08:29,919 - DEBUG - Seen 3448 genes until now
2021-11-17 11:08:29,919 - DEBUG - Parsing Chromosome 11 strand - [line 194969]
2021-11-17 11:08:30,630 - DEBUG - Done with 11- [line 257480]
2021-11-17 11:08:30,631 - DEBUG - Assigning indexes to genes
2021-11-17 11:08:30,642 - DEBUG - Seen 4518 genes until now
2021-11-17 11:08:30,642 - DEBUG - Parsing Chromosome 11 strand + [line 257481]
2021-11-17 11:08:31,663 - DEBUG - Done with 11+ [line 320172]
2021-11-17 11:08:31,663 - DEBUG - Assigning indexes to genes
2021-11-17 11:08:31,675 - DEBUG - Seen 5535 genes until now
2021-11-17 11:08:31,675 - DEBUG - Parsing Chromosome 12 strand - [line 320173]
2021-11-17 11:08:31,956 - DEBUG - Done with 12- [line 345502]
2021-11-17 11:08:31,957 - DEBUG - Assigning indexes to genes
2021-11-17 11:08:31,962 - DEBUG - Seen 6300 genes until now
2021-11-17 11:08:31,962 - DEBUG - Parsing Chromosome 12 strand + [line 345503]
2021-11-17 11:08:32,358 - DEBUG - Done with 12+ [line 380229]
2021-11-17 11:08:32,358 - DEBUG - Assigning indexes to genes
2021-11-17 11:08:32,365 - DEBUG - Seen 6877 genes until now
2021-11-17 11:08:32,365 - DEBUG - Parsing Chromosome 13 strand - [line 380230]
2021-11-17 11:08:32,747 - DEBUG - Done with 13- [line 414645]
2021-11-17 11:08:32,747 - DEBUG - Assigning indexes to genes
2021-11-17 11:08:32,755 - DEBUG - Seen 7611 genes until now
2021-11-17 11:08:32,755 - DEBUG - Parsing Chromosome 13 strand + [line 414646]
2021-11-17 11:08:33,053 - DEBUG - Done with 13+ [line 441742]
2021-11-17 11:08:33,053 - DEBUG - Assigning indexes to genes
2021-11-17 11:08:33,059 - DEBUG - Seen 8318 genes until now
2021-11-17 11:08:33,059 - DEBUG - Parsing Chromosome 14 strand - [line 441743]
2021-11-17 11:08:33,722 - DEBUG - Done with 14- [line 478634]
2021-11-17 11:08:33,722 - DEBUG - Assigning indexes to genes
2021-11-17 11:08:33,729 - DEBUG - Seen 9014 genes until now
2021-11-17 11:08:33,729 - DEBUG - Parsing Chromosome 14 strand + [line 478635]
2021-11-17 11:08:34,100 - DEBUG - Done with 14+ [line 512401]
2021-11-17 11:08:34,100 - DEBUG - Assigning indexes to genes
2021-11-17 11:08:34,107 - DEBUG - Seen 9849 genes until now
2021-11-17 11:08:34,107 - DEBUG - Parsing Chromosome 15 strand - [line 512402]
2021-11-17 11:08:34,521 - DEBUG - Done with 15- [line 549004]
2021-11-17 11:08:34,521 - DEBUG - Assigning indexes to genes
2021-11-17 11:08:34,527 - DEBUG - Seen 10439 genes until now
2021-11-17 11:08:34,528 - DEBUG - Parsing Chromosome 15 strand + [line 549005]
2021-11-17 11:08:34,875 - DEBUG - Done with 15+ [line 580047]
2021-11-17 11:08:34,875 - DEBUG - Assigning indexes to genes
2021-11-17 11:08:34,882 - DEBUG - Seen 10983 genes until now
2021-11-17 11:08:34,882 - DEBUG - Parsing Chromosome 16 strand - [line 580048]
2021-11-17 11:08:35,187 - DEBUG - Done with 16- [line 607192]
2021-11-17 11:08:35,188 - DEBUG - Assigning indexes to genes
2021-11-17 11:08:35,192 - DEBUG - Seen 11469 genes until now
2021-11-17 11:08:35,193 - DEBUG - Parsing Chromosome 16 strand + [line 607193]
2021-11-17 11:08:35,818 - DEBUG - Done with 16+ [line 637997]
2021-11-17 11:08:35,818 - DEBUG - Assigning indexes to genes
2021-11-17 11:08:35,823 - DEBUG - Seen 11933 genes until now
2021-11-17 11:08:35,823 - DEBUG - Parsing Chromosome 17 strand - [line 637998]
2021-11-17 11:08:36,316 - DEBUG - Done with 17- [line 681830]
2021-11-17 11:08:36,316 - DEBUG - Assigning indexes to genes
2021-11-17 11:08:36,324 - DEBUG - Seen 12652 genes until now
2021-11-17 11:08:36,324 - DEBUG - Parsing Chromosome 17 strand + [line 681831]
2021-11-17 11:08:36,849 - DEBUG - Done with 17+ [line 729330]
2021-11-17 11:08:36,849 - DEBUG - Assigning indexes to genes
2021-11-17 11:08:36,859 - DEBUG - Seen 13379 genes until now
2021-11-17 11:08:36,859 - DEBUG - Parsing Chromosome 18 strand - [line 729331]
2021-11-17 11:08:37,069 - DEBUG - Done with 18- [line 748063]
2021-11-17 11:08:37,070 - DEBUG - Assigning indexes to genes
2021-11-17 11:08:37,073 - DEBUG - Seen 13744 genes until now
2021-11-17 11:08:37,073 - DEBUG - Parsing Chromosome 18 strand + [line 748064]
2021-11-17 11:08:37,356 - DEBUG - Done with 18+ [line 774053]
2021-11-17 11:08:37,356 - DEBUG - Assigning indexes to genes
2021-11-17 11:08:37,360 - DEBUG - Seen 14196 genes until now
2021-11-17 11:08:37,360 - DEBUG - Parsing Chromosome 19 strand - [line 774054]
2021-11-17 11:08:37,723 - DEBUG - Done with 19- [line 806361]
2021-11-17 11:08:37,723 - DEBUG - Assigning indexes to genes
2021-11-17 11:08:37,728 - DEBUG - Seen 14666 genes until now
2021-11-17 11:08:37,729 - DEBUG - Parsing Chromosome 19 strand + [line 806362]
2021-11-17 11:08:38,040 - DEBUG - Done with 19+ [line 834536]
2021-11-17 11:08:38,041 - DEBUG - Assigning indexes to genes
2021-11-17 11:08:38,046 - DEBUG - Seen 15155 genes until now
2021-11-17 11:08:38,046 - DEBUG - Parsing Chromosome 2 strand - [line 834537]
2021-11-17 11:08:39,238 - DEBUG - Done with 2- [line 911094]
2021-11-17 11:08:39,238 - DEBUG - Assigning indexes to genes
2021-11-17 11:08:39,252 - DEBUG - Seen 16361 genes until now
2021-11-17 11:08:39,252 - DEBUG - Parsing Chromosome 2 strand + [line 911095]
2021-11-17 11:08:40,045 - DEBUG - Done with 2+ [line 982171]
2021-11-17 11:08:40,046 - DEBUG - Assigning indexes to genes
2021-11-17 11:08:40,060 - DEBUG - Seen 17581 genes until now
2021-11-17 11:08:40,060 - DEBUG - Parsing Chromosome 3 strand - [line 982172]
2021-11-17 11:08:40,496 - DEBUG - Done with 3- [line 1021471]
2021-11-17 11:08:40,496 - DEBUG - Assigning indexes to genes
2021-11-17 11:08:40,503 - DEBUG - Seen 18356 genes until now
2021-11-17 11:08:40,503 - DEBUG - Parsing Chromosome 3 strand + [line 1021472]
2021-11-17 11:08:40,983 - DEBUG - Done with 3+ [line 1065065]
2021-11-17 11:08:40,983 - DEBUG - Assigning indexes to genes
2021-11-17 11:08:40,991 - DEBUG - Seen 19102 genes until now
2021-11-17 11:08:40,991 - DEBUG - Parsing Chromosome 4 strand - [line 1065066]
2021-11-17 11:08:41,582 - DEBUG - Done with 4- [line 1117209]
2021-11-17 11:08:41,582 - DEBUG - Assigning indexes to genes
2021-11-17 11:08:41,592 - DEBUG - Seen 19972 genes until now
2021-11-17 11:08:41,592 - DEBUG - Parsing Chromosome 4 strand + [line 1117210]
2021-11-17 11:08:42,627 - DEBUG - Done with 4+ [line 1167049]
2021-11-17 11:08:42,628 - DEBUG - Assigning indexes to genes
2021-11-17 11:08:42,637 - DEBUG - Seen 20848 genes until now
2021-11-17 11:08:42,637 - DEBUG - Parsing Chromosome 5 strand - [line 1167050]
2021-11-17 11:08:43,291 - DEBUG - Done with 5- [line 1225395]
2021-11-17 11:08:43,292 - DEBUG - Assigning indexes to genes
2021-11-17 11:08:43,302 - DEBUG - Seen 21762 genes until now
2021-11-17 11:08:43,302 - DEBUG - Parsing Chromosome 5 strand + [line 1225396]
2021-11-17 11:08:43,963 - DEBUG - Done with 5+ [line 1284505]
2021-11-17 11:08:43,963 - DEBUG - Assigning indexes to genes
2021-11-17 11:08:43,976 - DEBUG - Seen 22701 genes until now
2021-11-17 11:08:43,977 - DEBUG - Parsing Chromosome 6 strand - [line 1284506]
2021-11-17 11:08:44,476 - DEBUG - Done with 6- [line 1330066]
2021-11-17 11:08:44,477 - DEBUG - Assigning indexes to genes
2021-11-17 11:08:44,485 - DEBUG - Seen 23564 genes until now
2021-11-17 11:08:44,485 - DEBUG - Parsing Chromosome 6 strand + [line 1330067]
2021-11-17 11:08:45,009 - DEBUG - Done with 6+ [line 1378331]
2021-11-17 11:08:45,009 - DEBUG - Assigning indexes to genes
2021-11-17 11:08:45,018 - DEBUG - Seen 24493 genes until now
2021-11-17 11:08:45,018 - DEBUG - Parsing Chromosome 7 strand - [line 1378332]
2021-11-17 11:08:45,820 - DEBUG - Done with 7- [line 1452549]
2021-11-17 11:08:45,821 - DEBUG - Assigning indexes to genes
2021-11-17 11:08:45,836 - DEBUG - Seen 25855 genes until now
2021-11-17 11:08:45,836 - DEBUG - Parsing Chromosome 7 strand + [line 1452550]
2021-11-17 11:08:47,057 - DEBUG - Done with 7+ [line 1523678]
2021-11-17 11:08:47,058 - DEBUG - Assigning indexes to genes
2021-11-17 11:08:47,072 - DEBUG - Seen 27096 genes until now
2021-11-17 11:08:47,072 - DEBUG - Parsing Chromosome 8 strand - [line 1523679]
2021-11-17 11:08:47,479 - DEBUG - Done with 8- [line 1559719]
2021-11-17 11:08:47,479 - DEBUG - Assigning indexes to genes
2021-11-17 11:08:47,486 - DEBUG - Seen 27820 genes until now
2021-11-17 11:08:47,486 - DEBUG - Parsing Chromosome 8 strand + [line 1559720]
2021-11-17 11:08:48,006 - DEBUG - Done with 8+ [line 1606795]
2021-11-17 11:08:48,006 - DEBUG - Assigning indexes to genes
2021-11-17 11:08:48,014 - DEBUG - Seen 28656 genes until now
2021-11-17 11:08:48,014 - DEBUG - Parsing Chromosome 9 strand - [line 1606796]
2021-11-17 11:08:48,614 - DEBUG - Done with 9- [line 1658478]
2021-11-17 11:08:48,615 - DEBUG - Assigning indexes to genes
2021-11-17 11:08:48,624 - DEBUG - Seen 29510 genes until now
2021-11-17 11:08:48,624 - DEBUG - Parsing Chromosome 9 strand + [line 1658479]
2021-11-17 11:08:49,230 - DEBUG - Done with 9+ [line 1712094]
2021-11-17 11:08:49,230 - DEBUG - Assigning indexes to genes
2021-11-17 11:08:49,241 - DEBUG - Seen 30441 genes until now
2021-11-17 11:08:49,242 - DEBUG - Parsing Chromosome M strand - [line 1712095]
2021-11-17 11:08:49,242 - DEBUG - Done with M- [line 1712101]
2021-11-17 11:08:49,242 - DEBUG - Assigning indexes to genes
2021-11-17 11:08:49,242 - DEBUG - Seen 30442 genes until now
2021-11-17 11:08:49,242 - DEBUG - Parsing Chromosome M strand + [line 1712102]
2021-11-17 11:08:49,243 - DEBUG - Done with M+ [line 1712175]
2021-11-17 11:08:49,243 - DEBUG - Assigning indexes to genes
2021-11-17 11:08:49,243 - DEBUG - Seen 30454 genes until now
2021-11-17 11:08:49,243 - DEBUG - Parsing Chromosome X strand - [line 1712176]
2021-11-17 11:08:49,545 - DEBUG - Done with X- [line 1739781]
2021-11-17 11:08:49,546 - DEBUG - Assigning indexes to genes
2021-11-17 11:08:49,550 - DEBUG - Seen 30981 genes until now
2021-11-17 11:08:49,550 - DEBUG - Parsing Chromosome X strand + [line 1739782]
2021-11-17 11:08:49,886 - DEBUG - Done with X+ [line 1770751]
2021-11-17 11:08:49,886 - DEBUG - Assigning indexes to genes
2021-11-17 11:08:49,892 - DEBUG - Seen 31560 genes until now
2021-11-17 11:08:49,892 - DEBUG - Parsing Chromosome Y strand - [line 1770752]
2021-11-17 11:08:49,946 - DEBUG - Done with Y- [line 1775246]
2021-11-17 11:08:49,946 - DEBUG - Assigning indexes to genes
2021-11-17 11:08:49,948 - DEBUG - Seen 31897 genes until now
2021-11-17 11:08:49,948 - DEBUG - Parsing Chromosome Y strand + [line 1775247]
2021-11-17 11:08:50,011 - DEBUG - Assigning indexes to genes
2021-11-17 11:08:50,013 - DEBUG - Done with Y+ [line 1780453]
2021-11-17 11:08:50,014 - DEBUG - Fixing corner cases of transcript models containg intron longer than 1000Kbp
2021-11-17 11:08:51,895 - DEBUG - Generated 1492231 features corresponding to 118153 transcript models from /research/peer/fdeckert/FD20200109SPLENO/data/mm10/cellranger/mm10-2020-A_build/gencode.vM23.primary_assembly.annotation.gtf.filtered
2021-11-17 11:08:51,915 - INFO - Load the repeat masking annotation from /research/peer/fdeckert/FD20200109SPLENO/data/mm10/cellranger/mm10-2020-A_build/mm10_rmsk.gtf
2021-11-17 11:08:51,916 - DEBUG - Reading /research/peer/fdeckert/FD20200109SPLENO/data/mm10/cellranger/mm10-2020-A_build/mm10_rmsk.gtf, the file will be sorted in memory
