2021-11-17 11:11:01,098 - DEBUG - Using logic: ValidatedIntrons10X
2021-11-17 11:11:01,122 - INFO - Read 3716 cell barcodes from /research/peer/fdeckert/FD20200109SPLENO/data/BSA_0355_SM01_10x_SPLENO/OUT/COUNT/M6_control_Prog_transcriptome/filtered_feature_bc_matrix/barcodes.tsv.gz
2021-11-17 11:11:01,123 - DEBUG - Example of barcode: AAACCCACACCAACAT and cell_id: velocyto:AAACCCACACCAACAT-1
2021-11-17 11:11:01,138 - DEBUG - Peeking into /research/peer/fdeckert/FD20200109SPLENO/data/BSA_0355_SM01_10x_SPLENO/OUT/COUNT/M6_control_Prog_transcriptome/possorted_genome_bam.bam
2021-11-17 11:11:01,210 - WARNING - Not found cell and umi barcode in entry 44 of the bam file
2021-11-17 11:11:01,210 - WARNING - Not found cell and umi barcode in entry 75 of the bam file
2021-11-17 11:11:01,211 - WARNING - Not found cell and umi barcode in entry 149 of the bam file
2021-11-17 11:11:01,211 - WARNING - Not found cell and umi barcode in entry 247 of the bam file
2021-11-17 11:11:01,211 - WARNING - Not found cell and umi barcode in entry 248 of the bam file
2021-11-17 11:11:01,221 - WARNING - Not found cell and umi barcode in entry 379 of the bam file
2021-11-17 11:11:01,222 - WARNING - Not found cell and umi barcode in entry 536 of the bam file
2021-11-17 11:11:01,222 - WARNING - Not found cell and umi barcode in entry 537 of the bam file
2021-11-17 11:11:01,222 - WARNING - Not found cell and umi barcode in entry 538 of the bam file
2021-11-17 11:11:01,222 - WARNING - Not found cell and umi barcode in entry 539 of the bam file
2021-11-17 11:11:01,223 - WARNING - Not found cell and umi barcode in entry 540 of the bam file
2021-11-17 11:11:01,239 - WARNING - Not found cell and umi barcode in entry 729 of the bam file
2021-11-17 11:11:01,240 - WARNING - Not found cell and umi barcode in entry 846 of the bam file
2021-11-17 11:11:01,240 - WARNING - Not found cell and umi barcode in entry 852 of the bam file
2021-11-17 11:11:01,249 - WARNING - Not found cell and umi barcode in entry 925 of the bam file
2021-11-17 11:11:01,249 - WARNING - Not found cell and umi barcode in entry 938 of the bam file
2021-11-17 11:11:01,249 - WARNING - Not found cell and umi barcode in entry 1011 of the bam file
2021-11-17 11:11:01,249 - WARNING - Not found cell and umi barcode in entry 1012 of the bam file
2021-11-17 11:11:01,254 - WARNING - The file /research/peer/fdeckert/FD20200109SPLENO/data/BSA_0355_SM01_10x_SPLENO/OUT/COUNT/M6_control_Prog_transcriptome/cellsorted_possorted_genome_bam.bam already exists. The sorting step will be skipped and the existing file will be used.
2021-11-17 11:11:01,254 - INFO - Load the annotation from /research/peer/fdeckert/FD20200109SPLENO/data/mm10/cellranger/mm10-2020-A_build/gencode.vM23.primary_assembly.annotation.gtf.filtered
2021-11-17 11:11:08,741 - DEBUG - Parsing Chromosome GL456210.1 strand - [line 0]
2021-11-17 11:11:08,742 - DEBUG - Done with GL456210.1- [line 27]
2021-11-17 11:11:08,742 - DEBUG - Assigning indexes to genes
2021-11-17 11:11:08,742 - DEBUG - Seen 3 genes until now
2021-11-17 11:11:08,742 - DEBUG - Parsing Chromosome GL456210.1 strand + [line 28]
2021-11-17 11:11:08,742 - DEBUG - Done with GL456210.1+ [line 43]
2021-11-17 11:11:08,742 - DEBUG - Assigning indexes to genes
2021-11-17 11:11:08,743 - DEBUG - Seen 5 genes until now
2021-11-17 11:11:08,743 - DEBUG - Parsing Chromosome GL456211.1 strand - [line 44]
2021-11-17 11:11:08,743 - DEBUG - Done with GL456211.1- [line 74]
2021-11-17 11:11:08,743 - DEBUG - Assigning indexes to genes
2021-11-17 11:11:08,743 - DEBUG - Seen 9 genes until now
2021-11-17 11:11:08,743 - DEBUG - Parsing Chromosome GL456211.1 strand + [line 75]
2021-11-17 11:11:08,743 - DEBUG - Done with GL456211.1+ [line 101]
2021-11-17 11:11:08,743 - DEBUG - Assigning indexes to genes
2021-11-17 11:11:08,744 - DEBUG - Seen 11 genes until now
2021-11-17 11:11:08,744 - DEBUG - Parsing Chromosome GL456212.1 strand - [line 102]
2021-11-17 11:11:08,744 - DEBUG - Done with GL456212.1- [line 137]
2021-11-17 11:11:08,744 - DEBUG - Assigning indexes to genes
2021-11-17 11:11:08,744 - DEBUG - Seen 13 genes until now
2021-11-17 11:11:08,744 - DEBUG - Parsing Chromosome GL456216.1 strand + [line 138]
2021-11-17 11:11:08,744 - DEBUG - Done with GL456216.1+ [line 157]
2021-11-17 11:11:08,745 - DEBUG - Assigning indexes to genes
2021-11-17 11:11:08,745 - DEBUG - Seen 14 genes until now
2021-11-17 11:11:08,745 - DEBUG - Parsing Chromosome GL456219.1 strand - [line 158]
2021-11-17 11:11:08,745 - DEBUG - Done with GL456219.1- [line 171]
2021-11-17 11:11:08,745 - DEBUG - Assigning indexes to genes
2021-11-17 11:11:08,745 - DEBUG - Seen 16 genes until now
2021-11-17 11:11:08,745 - DEBUG - Parsing Chromosome GL456221.1 strand - [line 172]
2021-11-17 11:11:08,745 - DEBUG - Done with GL456221.1- [line 217]
2021-11-17 11:11:08,745 - DEBUG - Assigning indexes to genes
2021-11-17 11:11:08,746 - DEBUG - Seen 20 genes until now
2021-11-17 11:11:08,746 - DEBUG - Parsing Chromosome GL456221.1 strand + [line 218]
2021-11-17 11:11:08,746 - DEBUG - Done with GL456221.1+ [line 237]
2021-11-17 11:11:08,746 - DEBUG - Assigning indexes to genes
2021-11-17 11:11:08,746 - DEBUG - Seen 23 genes until now
2021-11-17 11:11:08,746 - DEBUG - Parsing Chromosome GL456233.1 strand - [line 238]
2021-11-17 11:11:08,746 - DEBUG - Done with GL456233.1- [line 269]
2021-11-17 11:11:08,746 - DEBUG - Assigning indexes to genes
2021-11-17 11:11:08,747 - DEBUG - Seen 25 genes until now
2021-11-17 11:11:08,747 - DEBUG - Parsing Chromosome GL456233.1 strand + [line 270]
2021-11-17 11:11:08,747 - DEBUG - Done with GL456233.1+ [line 300]
2021-11-17 11:11:08,747 - DEBUG - Assigning indexes to genes
2021-11-17 11:11:08,747 - DEBUG - Seen 27 genes until now
2021-11-17 11:11:08,747 - DEBUG - Parsing Chromosome GL456350.1 strand - [line 301]
2021-11-17 11:11:08,748 - DEBUG - Done with GL456350.1- [line 362]
2021-11-17 11:11:08,748 - DEBUG - Assigning indexes to genes
2021-11-17 11:11:08,748 - DEBUG - Seen 32 genes until now
2021-11-17 11:11:08,748 - DEBUG - Parsing Chromosome GL456354.1 strand - [line 363]
2021-11-17 11:11:08,748 - DEBUG - Done with GL456354.1- [line 398]
2021-11-17 11:11:08,748 - DEBUG - Assigning indexes to genes
2021-11-17 11:11:08,748 - DEBUG - Seen 35 genes until now
2021-11-17 11:11:08,748 - DEBUG - Parsing Chromosome GL456354.1 strand + [line 399]
2021-11-17 11:11:08,749 - DEBUG - Done with GL456354.1+ [line 420]
2021-11-17 11:11:08,749 - DEBUG - Assigning indexes to genes
2021-11-17 11:11:08,749 - DEBUG - Seen 37 genes until now
2021-11-17 11:11:08,749 - DEBUG - Parsing Chromosome JH584292.1 strand + [line 421]
2021-11-17 11:11:08,749 - DEBUG - Done with JH584292.1+ [line 496]
2021-11-17 11:11:08,749 - DEBUG - Assigning indexes to genes
2021-11-17 11:11:08,750 - DEBUG - Seen 38 genes until now
2021-11-17 11:11:08,750 - DEBUG - Parsing Chromosome JH584293.1 strand - [line 497]
2021-11-17 11:11:08,750 - DEBUG - Done with JH584293.1- [line 569]
2021-11-17 11:11:08,750 - DEBUG - Assigning indexes to genes
2021-11-17 11:11:08,750 - DEBUG - Seen 44 genes until now
2021-11-17 11:11:08,750 - DEBUG - Parsing Chromosome JH584293.1 strand + [line 570]
2021-11-17 11:11:08,751 - DEBUG - Done with JH584293.1+ [line 613]
2021-11-17 11:11:08,751 - DEBUG - Assigning indexes to genes
2021-11-17 11:11:08,751 - DEBUG - Seen 47 genes until now
2021-11-17 11:11:08,751 - DEBUG - Parsing Chromosome JH584294.1 strand - [line 614]
2021-11-17 11:11:08,751 - DEBUG - Done with JH584294.1- [line 681]
2021-11-17 11:11:08,752 - DEBUG - Assigning indexes to genes
2021-11-17 11:11:08,752 - DEBUG - Seen 51 genes until now
2021-11-17 11:11:08,752 - DEBUG - Parsing Chromosome JH584294.1 strand + [line 682]
2021-11-17 11:11:08,752 - DEBUG - Done with JH584294.1+ [line 708]
2021-11-17 11:11:08,752 - DEBUG - Assigning indexes to genes
2021-11-17 11:11:08,752 - DEBUG - Seen 53 genes until now
2021-11-17 11:11:08,752 - DEBUG - Parsing Chromosome JH584295.1 strand - [line 709]
2021-11-17 11:11:08,752 - DEBUG - Done with JH584295.1- [line 724]
2021-11-17 11:11:08,752 - DEBUG - Assigning indexes to genes
2021-11-17 11:11:08,753 - DEBUG - Seen 54 genes until now
2021-11-17 11:11:08,753 - DEBUG - Parsing Chromosome JH584296.1 strand - [line 725]
2021-11-17 11:11:08,753 - DEBUG - Done with JH584296.1- [line 755]
2021-11-17 11:11:08,753 - DEBUG - Assigning indexes to genes
2021-11-17 11:11:08,753 - DEBUG - Seen 57 genes until now
2021-11-17 11:11:08,753 - DEBUG - Parsing Chromosome JH584297.1 strand - [line 756]
2021-11-17 11:11:08,753 - DEBUG - Done with JH584297.1- [line 775]
2021-11-17 11:11:08,753 - DEBUG - Assigning indexes to genes
2021-11-17 11:11:08,754 - DEBUG - Seen 59 genes until now
2021-11-17 11:11:08,754 - DEBUG - Parsing Chromosome JH584297.1 strand + [line 776]
2021-11-17 11:11:08,754 - DEBUG - Done with JH584297.1+ [line 784]
2021-11-17 11:11:08,754 - DEBUG - Assigning indexes to genes
2021-11-17 11:11:08,754 - DEBUG - Seen 60 genes until now
2021-11-17 11:11:08,754 - DEBUG - Parsing Chromosome JH584298.1 strand - [line 785]
2021-11-17 11:11:08,754 - DEBUG - Done with JH584298.1- [line 795]
2021-11-17 11:11:08,754 - DEBUG - Assigning indexes to genes
2021-11-17 11:11:08,754 - DEBUG - Seen 61 genes until now
2021-11-17 11:11:08,754 - DEBUG - Parsing Chromosome JH584298.1 strand + [line 796]
2021-11-17 11:11:08,755 - DEBUG - Done with JH584298.1+ [line 817]
2021-11-17 11:11:08,755 - DEBUG - Assigning indexes to genes
2021-11-17 11:11:08,755 - DEBUG - Seen 63 genes until now
2021-11-17 11:11:08,755 - DEBUG - Parsing Chromosome JH584299.1 strand - [line 818]
2021-11-17 11:11:08,755 - DEBUG - Done with JH584299.1- [line 828]
2021-11-17 11:11:08,755 - DEBUG - Assigning indexes to genes
2021-11-17 11:11:08,755 - DEBUG - Seen 64 genes until now
2021-11-17 11:11:08,755 - DEBUG - Parsing Chromosome JH584299.1 strand + [line 829]
2021-11-17 11:11:08,756 - DEBUG - Done with JH584299.1+ [line 950]
2021-11-17 11:11:08,756 - DEBUG - Assigning indexes to genes
2021-11-17 11:11:08,756 - DEBUG - Seen 75 genes until now
2021-11-17 11:11:08,756 - DEBUG - Parsing Chromosome JH584303.1 strand + [line 951]
2021-11-17 11:11:08,756 - DEBUG - Done with JH584303.1+ [line 955]
2021-11-17 11:11:08,756 - DEBUG - Assigning indexes to genes
2021-11-17 11:11:08,756 - DEBUG - Seen 76 genes until now
2021-11-17 11:11:08,757 - DEBUG - Parsing Chromosome JH584304.1 strand - [line 956]
2021-11-17 11:11:08,757 - DEBUG - Done with JH584304.1- [line 988]
2021-11-17 11:11:08,757 - DEBUG - Assigning indexes to genes
2021-11-17 11:11:08,757 - DEBUG - Seen 77 genes until now
2021-11-17 11:11:08,757 - DEBUG - Parsing Chromosome 1 strand - [line 989]
2021-11-17 11:11:09,372 - DEBUG - Done with 1- [line 57063]
2021-11-17 11:11:09,372 - DEBUG - Assigning indexes to genes
2021-11-17 11:11:09,379 - DEBUG - Seen 966 genes until now
2021-11-17 11:11:09,379 - DEBUG - Parsing Chromosome 1 strand + [line 57064]
2021-11-17 11:11:09,939 - DEBUG - Done with 1+ [line 111842]
2021-11-17 11:11:09,939 - DEBUG - Assigning indexes to genes
2021-11-17 11:11:09,945 - DEBUG - Seen 1876 genes until now
2021-11-17 11:11:09,945 - DEBUG - Parsing Chromosome 10 strand - [line 111843]
2021-11-17 11:11:10,259 - DEBUG - Done with 10- [line 152030]
2021-11-17 11:11:10,260 - DEBUG - Assigning indexes to genes
2021-11-17 11:11:10,265 - DEBUG - Seen 2638 genes until now
2021-11-17 11:11:10,265 - DEBUG - Parsing Chromosome 10 strand + [line 152031]
2021-11-17 11:11:10,766 - DEBUG - Done with 10+ [line 194968]
2021-11-17 11:11:10,766 - DEBUG - Assigning indexes to genes
2021-11-17 11:11:10,772 - DEBUG - Seen 3448 genes until now
2021-11-17 11:11:10,772 - DEBUG - Parsing Chromosome 11 strand - [line 194969]
2021-11-17 11:11:11,463 - DEBUG - Done with 11- [line 257480]
2021-11-17 11:11:11,463 - DEBUG - Assigning indexes to genes
2021-11-17 11:11:11,474 - DEBUG - Seen 4518 genes until now
2021-11-17 11:11:11,474 - DEBUG - Parsing Chromosome 11 strand + [line 257481]
2021-11-17 11:11:12,386 - DEBUG - Done with 11+ [line 320172]
2021-11-17 11:11:12,386 - DEBUG - Assigning indexes to genes
2021-11-17 11:11:12,397 - DEBUG - Seen 5535 genes until now
2021-11-17 11:11:12,397 - DEBUG - Parsing Chromosome 12 strand - [line 320173]
2021-11-17 11:11:12,681 - DEBUG - Done with 12- [line 345502]
2021-11-17 11:11:12,681 - DEBUG - Assigning indexes to genes
2021-11-17 11:11:12,687 - DEBUG - Seen 6300 genes until now
2021-11-17 11:11:12,687 - DEBUG - Parsing Chromosome 12 strand + [line 345503]
2021-11-17 11:11:12,980 - DEBUG - Done with 12+ [line 380229]
2021-11-17 11:11:12,980 - DEBUG - Assigning indexes to genes
2021-11-17 11:11:12,985 - DEBUG - Seen 6877 genes until now
2021-11-17 11:11:12,985 - DEBUG - Parsing Chromosome 13 strand - [line 380230]
2021-11-17 11:11:13,247 - DEBUG - Done with 13- [line 414645]
2021-11-17 11:11:13,247 - DEBUG - Assigning indexes to genes
2021-11-17 11:11:13,252 - DEBUG - Seen 7611 genes until now
2021-11-17 11:11:13,252 - DEBUG - Parsing Chromosome 13 strand + [line 414646]
2021-11-17 11:11:13,458 - DEBUG - Done with 13+ [line 441742]
2021-11-17 11:11:13,458 - DEBUG - Assigning indexes to genes
2021-11-17 11:11:13,462 - DEBUG - Seen 8318 genes until now
2021-11-17 11:11:13,462 - DEBUG - Parsing Chromosome 14 strand - [line 441743]
2021-11-17 11:11:13,945 - DEBUG - Done with 14- [line 478634]
2021-11-17 11:11:13,945 - DEBUG - Assigning indexes to genes
2021-11-17 11:11:13,950 - DEBUG - Seen 9014 genes until now
2021-11-17 11:11:13,950 - DEBUG - Parsing Chromosome 14 strand + [line 478635]
2021-11-17 11:11:14,206 - DEBUG - Done with 14+ [line 512401]
2021-11-17 11:11:14,206 - DEBUG - Assigning indexes to genes
2021-11-17 11:11:14,211 - DEBUG - Seen 9849 genes until now
2021-11-17 11:11:14,211 - DEBUG - Parsing Chromosome 15 strand - [line 512402]
2021-11-17 11:11:14,495 - DEBUG - Done with 15- [line 549004]
2021-11-17 11:11:14,495 - DEBUG - Assigning indexes to genes
2021-11-17 11:11:14,500 - DEBUG - Seen 10439 genes until now
2021-11-17 11:11:14,500 - DEBUG - Parsing Chromosome 15 strand + [line 549005]
2021-11-17 11:11:14,741 - DEBUG - Done with 15+ [line 580047]
2021-11-17 11:11:14,741 - DEBUG - Assigning indexes to genes
2021-11-17 11:11:14,745 - DEBUG - Seen 10983 genes until now
2021-11-17 11:11:14,745 - DEBUG - Parsing Chromosome 16 strand - [line 580048]
2021-11-17 11:11:14,954 - DEBUG - Done with 16- [line 607192]
2021-11-17 11:11:14,955 - DEBUG - Assigning indexes to genes
2021-11-17 11:11:14,958 - DEBUG - Seen 11469 genes until now
2021-11-17 11:11:14,958 - DEBUG - Parsing Chromosome 16 strand + [line 607193]
2021-11-17 11:11:15,422 - DEBUG - Done with 16+ [line 637997]
2021-11-17 11:11:15,423 - DEBUG - Assigning indexes to genes
2021-11-17 11:11:15,426 - DEBUG - Seen 11933 genes until now
2021-11-17 11:11:15,426 - DEBUG - Parsing Chromosome 17 strand - [line 637998]
2021-11-17 11:11:15,764 - DEBUG - Done with 17- [line 681830]
2021-11-17 11:11:15,764 - DEBUG - Assigning indexes to genes
2021-11-17 11:11:15,770 - DEBUG - Seen 12652 genes until now
2021-11-17 11:11:15,770 - DEBUG - Parsing Chromosome 17 strand + [line 681831]
2021-11-17 11:11:16,135 - DEBUG - Done with 17+ [line 729330]
2021-11-17 11:11:16,135 - DEBUG - Assigning indexes to genes
2021-11-17 11:11:16,142 - DEBUG - Seen 13379 genes until now
2021-11-17 11:11:16,142 - DEBUG - Parsing Chromosome 18 strand - [line 729331]
2021-11-17 11:11:16,293 - DEBUG - Done with 18- [line 748063]
2021-11-17 11:11:16,293 - DEBUG - Assigning indexes to genes
2021-11-17 11:11:16,296 - DEBUG - Seen 13744 genes until now
2021-11-17 11:11:16,296 - DEBUG - Parsing Chromosome 18 strand + [line 748064]
2021-11-17 11:11:16,493 - DEBUG - Done with 18+ [line 774053]
2021-11-17 11:11:16,493 - DEBUG - Assigning indexes to genes
2021-11-17 11:11:16,496 - DEBUG - Seen 14196 genes until now
2021-11-17 11:11:16,497 - DEBUG - Parsing Chromosome 19 strand - [line 774054]
2021-11-17 11:11:16,749 - DEBUG - Done with 19- [line 806361]
2021-11-17 11:11:16,749 - DEBUG - Assigning indexes to genes
2021-11-17 11:11:16,752 - DEBUG - Seen 14666 genes until now
2021-11-17 11:11:16,753 - DEBUG - Parsing Chromosome 19 strand + [line 806362]
2021-11-17 11:11:16,969 - DEBUG - Done with 19+ [line 834536]
2021-11-17 11:11:16,969 - DEBUG - Assigning indexes to genes
2021-11-17 11:11:16,973 - DEBUG - Seen 15155 genes until now
2021-11-17 11:11:16,973 - DEBUG - Parsing Chromosome 2 strand - [line 834537]
2021-11-17 11:11:17,895 - DEBUG - Done with 2- [line 911094]
2021-11-17 11:11:17,896 - DEBUG - Assigning indexes to genes
2021-11-17 11:11:17,906 - DEBUG - Seen 16361 genes until now
2021-11-17 11:11:17,906 - DEBUG - Parsing Chromosome 2 strand + [line 911095]
2021-11-17 11:11:18,456 - DEBUG - Done with 2+ [line 982171]
2021-11-17 11:11:18,456 - DEBUG - Assigning indexes to genes
2021-11-17 11:11:18,466 - DEBUG - Seen 17581 genes until now
2021-11-17 11:11:18,466 - DEBUG - Parsing Chromosome 3 strand - [line 982172]
2021-11-17 11:11:18,765 - DEBUG - Done with 3- [line 1021471]
2021-11-17 11:11:18,765 - DEBUG - Assigning indexes to genes
2021-11-17 11:11:18,771 - DEBUG - Seen 18356 genes until now
2021-11-17 11:11:18,771 - DEBUG - Parsing Chromosome 3 strand + [line 1021472]
2021-11-17 11:11:19,103 - DEBUG - Done with 3+ [line 1065065]
2021-11-17 11:11:19,103 - DEBUG - Assigning indexes to genes
2021-11-17 11:11:19,109 - DEBUG - Seen 19102 genes until now
2021-11-17 11:11:19,109 - DEBUG - Parsing Chromosome 4 strand - [line 1065066]
2021-11-17 11:11:19,510 - DEBUG - Done with 4- [line 1117209]
2021-11-17 11:11:19,510 - DEBUG - Assigning indexes to genes
2021-11-17 11:11:19,516 - DEBUG - Seen 19972 genes until now
2021-11-17 11:11:19,517 - DEBUG - Parsing Chromosome 4 strand + [line 1117210]
2021-11-17 11:11:20,205 - DEBUG - Done with 4+ [line 1167049]
2021-11-17 11:11:20,205 - DEBUG - Assigning indexes to genes
2021-11-17 11:11:20,212 - DEBUG - Seen 20848 genes until now
2021-11-17 11:11:20,212 - DEBUG - Parsing Chromosome 5 strand - [line 1167050]
2021-11-17 11:11:20,663 - DEBUG - Done with 5- [line 1225395]
2021-11-17 11:11:20,663 - DEBUG - Assigning indexes to genes
2021-11-17 11:11:20,671 - DEBUG - Seen 21762 genes until now
2021-11-17 11:11:20,671 - DEBUG - Parsing Chromosome 5 strand + [line 1225396]
2021-11-17 11:11:21,128 - DEBUG - Done with 5+ [line 1284505]
2021-11-17 11:11:21,128 - DEBUG - Assigning indexes to genes
2021-11-17 11:11:21,138 - DEBUG - Seen 22701 genes until now
2021-11-17 11:11:21,138 - DEBUG - Parsing Chromosome 6 strand - [line 1284506]
2021-11-17 11:11:21,482 - DEBUG - Done with 6- [line 1330066]
2021-11-17 11:11:21,483 - DEBUG - Assigning indexes to genes
2021-11-17 11:11:21,489 - DEBUG - Seen 23564 genes until now
2021-11-17 11:11:21,489 - DEBUG - Parsing Chromosome 6 strand + [line 1330067]
2021-11-17 11:11:21,852 - DEBUG - Done with 6+ [line 1378331]
2021-11-17 11:11:21,853 - DEBUG - Assigning indexes to genes
2021-11-17 11:11:21,859 - DEBUG - Seen 24493 genes until now
2021-11-17 11:11:21,859 - DEBUG - Parsing Chromosome 7 strand - [line 1378332]
2021-11-17 11:11:22,413 - DEBUG - Done with 7- [line 1452549]
2021-11-17 11:11:22,413 - DEBUG - Assigning indexes to genes
2021-11-17 11:11:22,424 - DEBUG - Seen 25855 genes until now
2021-11-17 11:11:22,424 - DEBUG - Parsing Chromosome 7 strand + [line 1452550]
2021-11-17 11:11:23,312 - DEBUG - Done with 7+ [line 1523678]
2021-11-17 11:11:23,312 - DEBUG - Assigning indexes to genes
2021-11-17 11:11:23,323 - DEBUG - Seen 27096 genes until now
2021-11-17 11:11:23,323 - DEBUG - Parsing Chromosome 8 strand - [line 1523679]
2021-11-17 11:11:23,603 - DEBUG - Done with 8- [line 1559719]
2021-11-17 11:11:23,603 - DEBUG - Assigning indexes to genes
2021-11-17 11:11:23,608 - DEBUG - Seen 27820 genes until now
2021-11-17 11:11:23,608 - DEBUG - Parsing Chromosome 8 strand + [line 1559720]
2021-11-17 11:11:23,967 - DEBUG - Done with 8+ [line 1606795]
2021-11-17 11:11:23,968 - DEBUG - Assigning indexes to genes
2021-11-17 11:11:23,974 - DEBUG - Seen 28656 genes until now
2021-11-17 11:11:23,974 - DEBUG - Parsing Chromosome 9 strand - [line 1606796]
2021-11-17 11:11:24,372 - DEBUG - Done with 9- [line 1658478]
2021-11-17 11:11:24,373 - DEBUG - Assigning indexes to genes
2021-11-17 11:11:24,379 - DEBUG - Seen 29510 genes until now
2021-11-17 11:11:24,379 - DEBUG - Parsing Chromosome 9 strand + [line 1658479]
2021-11-17 11:11:24,788 - DEBUG - Done with 9+ [line 1712094]
2021-11-17 11:11:24,788 - DEBUG - Assigning indexes to genes
2021-11-17 11:11:24,796 - DEBUG - Seen 30441 genes until now
2021-11-17 11:11:24,796 - DEBUG - Parsing Chromosome M strand - [line 1712095]
2021-11-17 11:11:24,796 - DEBUG - Done with M- [line 1712101]
2021-11-17 11:11:24,796 - DEBUG - Assigning indexes to genes
2021-11-17 11:11:24,797 - DEBUG - Seen 30442 genes until now
2021-11-17 11:11:24,797 - DEBUG - Parsing Chromosome M strand + [line 1712102]
2021-11-17 11:11:24,797 - DEBUG - Done with M+ [line 1712175]
2021-11-17 11:11:24,797 - DEBUG - Assigning indexes to genes
2021-11-17 11:11:24,797 - DEBUG - Seen 30454 genes until now
2021-11-17 11:11:24,797 - DEBUG - Parsing Chromosome X strand - [line 1712176]
2021-11-17 11:11:25,005 - DEBUG - Done with X- [line 1739781]
2021-11-17 11:11:25,005 - DEBUG - Assigning indexes to genes
2021-11-17 11:11:25,008 - DEBUG - Seen 30981 genes until now
2021-11-17 11:11:25,009 - DEBUG - Parsing Chromosome X strand + [line 1739782]
2021-11-17 11:11:25,241 - DEBUG - Done with X+ [line 1770751]
2021-11-17 11:11:25,242 - DEBUG - Assigning indexes to genes
2021-11-17 11:11:25,245 - DEBUG - Seen 31560 genes until now
2021-11-17 11:11:25,245 - DEBUG - Parsing Chromosome Y strand - [line 1770752]
2021-11-17 11:11:25,283 - DEBUG - Done with Y- [line 1775246]
2021-11-17 11:11:25,283 - DEBUG - Assigning indexes to genes
2021-11-17 11:11:25,284 - DEBUG - Seen 31897 genes until now
2021-11-17 11:11:25,284 - DEBUG - Parsing Chromosome Y strand + [line 1775247]
2021-11-17 11:11:25,328 - DEBUG - Assigning indexes to genes
2021-11-17 11:11:25,330 - DEBUG - Done with Y+ [line 1780453]
2021-11-17 11:11:25,330 - DEBUG - Fixing corner cases of transcript models containg intron longer than 1000Kbp
2021-11-17 11:11:26,636 - DEBUG - Generated 1492231 features corresponding to 118153 transcript models from /research/peer/fdeckert/FD20200109SPLENO/data/mm10/cellranger/mm10-2020-A_build/gencode.vM23.primary_assembly.annotation.gtf.filtered
2021-11-17 11:11:26,653 - INFO - Load the repeat masking annotation from /research/peer/fdeckert/FD20200109SPLENO/data/mm10/cellranger/mm10-2020-A_build/mm10_rmsk.gtf
2021-11-17 11:11:26,653 - DEBUG - Reading /research/peer/fdeckert/FD20200109SPLENO/data/mm10/cellranger/mm10-2020-A_build/mm10_rmsk.gtf, the file will be sorted in memory
2021-11-17 11:12:05,501 - DEBUG - Processed masked annotation .gtf and generated 4252016 intervals to mask!
2021-11-17 11:12:05,775 - INFO - Scan /research/peer/fdeckert/FD20200109SPLENO/data/BSA_0355_SM01_10x_SPLENO/OUT/COUNT/M6_control_Prog_transcriptome/possorted_genome_bam.bam to validate intron intervals
2021-11-17 11:12:09,364 - DEBUG - Reading /research/peer/fdeckert/FD20200109SPLENO/data/BSA_0355_SM01_10x_SPLENO/OUT/COUNT/M6_control_Prog_transcriptome/possorted_genome_bam.bam
2021-11-17 11:12:09,378 - DEBUG - Read first 0 million reads
2021-11-17 11:12:09,384 - DEBUG - Marking up chromosome 1
2021-11-17 11:13:06,813 - DEBUG - Marking up chromosome 10
2021-11-17 11:13:56,905 - DEBUG - Marking up chromosome 11
2021-11-17 11:14:33,316 - DEBUG - Read first 10 million reads
2021-11-17 11:15:22,990 - DEBUG - Marking up chromosome 12
2021-11-17 11:15:58,099 - DEBUG - Marking up chromosome 13
2021-11-17 11:16:33,763 - DEBUG - Marking up chromosome 14
2021-11-17 11:17:06,155 - DEBUG - Marking up chromosome 15
2021-11-17 11:17:10,638 - DEBUG - Read first 20 million reads
2021-11-17 11:17:50,777 - DEBUG - Marking up chromosome 16
2021-11-17 11:18:22,084 - DEBUG - Marking up chromosome 17
2021-11-17 11:19:37,860 - DEBUG - Marking up chromosome 18
2021-11-17 11:20:07,812 - DEBUG - Marking up chromosome 19
2021-11-17 11:20:44,979 - DEBUG - Read first 30 million reads
2021-11-17 11:20:54,492 - DEBUG - Marking up chromosome 2
2021-11-17 11:22:15,188 - DEBUG - Marking up chromosome 3
2021-11-17 11:23:04,689 - DEBUG - Marking up chromosome 4
2021-11-17 11:23:52,062 - DEBUG - Read first 40 million reads
2021-11-17 11:24:07,539 - DEBUG - Marking up chromosome 5
2021-11-17 11:25:11,983 - DEBUG - Marking up chromosome 6
2021-11-17 11:26:01,107 - DEBUG - Marking up chromosome 7
2021-11-17 11:26:49,388 - DEBUG - Read first 50 million reads
2021-11-17 11:27:34,612 - DEBUG - Marking up chromosome 8
2021-11-17 11:28:22,680 - DEBUG - Marking up chromosome 9
2021-11-17 11:29:24,133 - DEBUG - Marking up chromosome MT
2021-11-17 11:29:24,153 - WARNING - The .bam file refers to a chromosome 'MT+' not present in the annotation (.gtf) file
2021-11-17 11:29:24,154 - WARNING - The .bam file refers to a chromosome 'MT-' not present in the annotation (.gtf) file
2021-11-17 11:29:35,822 - DEBUG - Read first 60 million reads
2021-11-17 11:29:53,069 - DEBUG - Marking up chromosome X
2021-11-17 11:30:20,428 - DEBUG - Marking up chromosome Y
2021-11-17 11:30:22,165 - DEBUG - Marking up chromosome JH584299.1
2021-11-17 11:30:22,168 - DEBUG - Marking up chromosome GL456233.1
2021-11-17 11:30:22,218 - DEBUG - Marking up chromosome JH584301.1
2021-11-17 11:30:22,219 - WARNING - The .bam file refers to a chromosome 'JH584301.1+' not present in the annotation (.gtf) file
2021-11-17 11:30:22,219 - WARNING - The .bam file refers to a chromosome 'JH584301.1-' not present in the annotation (.gtf) file
2021-11-17 11:30:22,221 - DEBUG - Marking up chromosome GL456211.1
2021-11-17 11:30:22,228 - DEBUG - Marking up chromosome GL456221.1
2021-11-17 11:30:22,230 - DEBUG - Marking up chromosome JH584297.1
2021-11-17 11:30:22,233 - DEBUG - Marking up chromosome GL456354.1
2021-11-17 11:30:22,235 - DEBUG - Marking up chromosome JH584298.1
2021-11-17 11:30:22,236 - DEBUG - Marking up chromosome JH584300.1
2021-11-17 11:30:22,236 - WARNING - The .bam file refers to a chromosome 'JH584300.1+' not present in the annotation (.gtf) file
2021-11-17 11:30:22,236 - WARNING - The .bam file refers to a chromosome 'JH584300.1-' not present in the annotation (.gtf) file
2021-11-17 11:30:22,281 - DEBUG - Marking up chromosome GL456210.1
2021-11-17 11:30:22,284 - DEBUG - Marking up chromosome GL456212.1
2021-11-17 11:30:22,284 - WARNING - The .bam file refers to a chromosome 'GL456212.1+' not present in the annotation (.gtf) file
2021-11-17 11:30:22,287 - DEBUG - Marking up chromosome JH584304.1
2021-11-17 11:30:22,288 - WARNING - The .bam file refers to a chromosome 'JH584304.1+' not present in the annotation (.gtf) file
2021-11-17 11:30:22,469 - DEBUG - Marking up chromosome GL456379.1
2021-11-17 11:30:22,469 - WARNING - The .bam file refers to a chromosome 'GL456379.1+' not present in the annotation (.gtf) file
2021-11-17 11:30:22,469 - WARNING - The .bam file refers to a chromosome 'GL456379.1-' not present in the annotation (.gtf) file
2021-11-17 11:30:22,469 - DEBUG - Marking up chromosome GL456216.1
2021-11-17 11:30:22,470 - WARNING - The .bam file refers to a chromosome 'GL456216.1-' not present in the annotation (.gtf) file
2021-11-17 11:30:22,547 - DEBUG - Marking up chromosome GL456367.1
2021-11-17 11:30:22,548 - WARNING - The .bam file refers to a chromosome 'GL456367.1+' not present in the annotation (.gtf) file
2021-11-17 11:30:22,548 - WARNING - The .bam file refers to a chromosome 'GL456367.1-' not present in the annotation (.gtf) file
2021-11-17 11:30:22,550 - DEBUG - Marking up chromosome GL456378.1
2021-11-17 11:30:22,550 - WARNING - The .bam file refers to a chromosome 'GL456378.1+' not present in the annotation (.gtf) file
2021-11-17 11:30:22,550 - WARNING - The .bam file refers to a chromosome 'GL456378.1-' not present in the annotation (.gtf) file
2021-11-17 11:30:22,551 - DEBUG - Marking up chromosome GL456372.1
2021-11-17 11:30:22,551 - WARNING - The .bam file refers to a chromosome 'GL456372.1+' not present in the annotation (.gtf) file
2021-11-17 11:30:22,551 - WARNING - The .bam file refers to a chromosome 'GL456372.1-' not present in the annotation (.gtf) file
2021-11-17 11:30:22,553 - DEBUG - Marking up chromosome GL456370.1
2021-11-17 11:30:22,554 - WARNING - The .bam file refers to a chromosome 'GL456370.1+' not present in the annotation (.gtf) file
2021-11-17 11:30:22,554 - WARNING - The .bam file refers to a chromosome 'GL456370.1-' not present in the annotation (.gtf) file
2021-11-17 11:30:22,565 - DEBUG - Marking up chromosome GL456382.1
2021-11-17 11:30:22,565 - WARNING - The .bam file refers to a chromosome 'GL456382.1+' not present in the annotation (.gtf) file
2021-11-17 11:30:22,565 - WARNING - The .bam file refers to a chromosome 'GL456382.1-' not present in the annotation (.gtf) file
2021-11-17 11:30:22,763 - DEBUG - Marking up chromosome GL456359.1
2021-11-17 11:30:22,764 - WARNING - The .bam file refers to a chromosome 'GL456359.1+' not present in the annotation (.gtf) file
2021-11-17 11:30:22,764 - WARNING - The .bam file refers to a chromosome 'GL456359.1-' not present in the annotation (.gtf) file
2021-11-17 11:30:22,764 - DEBUG - Marking up chromosome GL456396.1
2021-11-17 11:30:22,764 - WARNING - The .bam file refers to a chromosome 'GL456396.1+' not present in the annotation (.gtf) file
2021-11-17 11:30:22,764 - WARNING - The .bam file refers to a chromosome 'GL456396.1-' not present in the annotation (.gtf) file
2021-11-17 11:30:22,766 - DEBUG - Marking up chromosome JH584295.1
2021-11-17 11:30:22,766 - WARNING - The .bam file refers to a chromosome 'JH584295.1+' not present in the annotation (.gtf) file
2021-11-17 11:30:38,854 - DEBUG - Read first 70 million reads
2021-11-17 11:30:48,109 - DEBUG - End of file. Reset index: start scanning from initial position.
2021-11-17 11:30:48,145 - DEBUG - 949197 reads were skipped because no apropiate cell or umi barcode was found
2021-11-17 11:30:48,146 - DEBUG - Start molecule counting!
2021-11-17 11:30:54,449 - DEBUG - Features available for chromosomes : ['GL456210.1-', 'GL456210.1+', 'GL456211.1-', 'GL456211.1+', 'GL456212.1-', 'GL456216.1+', 'GL456219.1-', 'GL456221.1-', 'GL456221.1+', 'GL456233.1-', 'GL456233.1+', 'GL456350.1-', 'GL456354.1-', 'GL456354.1+', 'JH584292.1+', 'JH584293.1-', 'JH584293.1+', 'JH584294.1-', 'JH584294.1+', 'JH584295.1-', 'JH584296.1-', 'JH584297.1-', 'JH584297.1+', 'JH584298.1-', 'JH584298.1+', 'JH584299.1-', 'JH584299.1+', 'JH584303.1+', 'JH584304.1-', '1-', '1+', '10-', '10+', '11-', '11+', '12-', '12+', '13-', '13+', '14-', '14+', '15-', '15+', '16-', '16+', '17-', '17+', '18-', '18+', '19-', '19+', '2-', '2+', '3-', '3+', '4-', '4+', '5-', '5+', '6-', '6+', '7-', '7+', '8-', '8+', '9-', '9+', 'M-', 'M+', 'X-', 'X+', 'Y-', 'Y+']
2021-11-17 11:30:54,463 - DEBUG - Mask available for chromosomes : ['1-', '1+', '10-', '10+', '11-', '11+', '12-', '12+', '13-', '13+', '14-', '14+', '15-', '15+', '16-', '16+', '17-', '17+', '18-', '18+', '19-', '19+', '1_GL456210_random-', '1_GL456210_random+', '1_GL456211_random-', '1_GL456211_random+', '1_GL456212_random-', '1_GL456212_random+', '1_GL456213_random-', '1_GL456213_random+', '1_GL456221_random-', '1_GL456221_random+', '2-', '2+', '3-', '3+', '4-', '4+', '4_GL456216_random-', '4_GL456216_random+', '4_GL456350_random-', '4_GL456350_random+', '4_JH584292_random-', '4_JH584292_random+', '4_JH584293_random-', '4_JH584293_random+', '4_JH584294_random-', '4_JH584294_random+', '4_JH584295_random+', '5-', '5+', '5_GL456354_random-', '5_GL456354_random+', '5_JH584296_random-', '5_JH584296_random+', '5_JH584297_random-', '5_JH584297_random+', '5_JH584298_random-', '5_JH584298_random+', '5_JH584299_random-', '5_JH584299_random+', '6-', '6+', '7-', '7+', '7_GL456219_random-', '7_GL456219_random+', '8-', '8+', '9-', '9+', 'M-', 'M+', 'Un_GL456239-', 'Un_GL456239+', 'Un_GL456359-', 'Un_GL456359+', 'Un_GL456360-', 'Un_GL456360+', 'Un_GL456366-', 'Un_GL456366+', 'Un_GL456367-', 'Un_GL456367+', 'Un_GL456368-', 'Un_GL456368+', 'Un_GL456370+', 'Un_GL456372-', 'Un_GL456372+', 'Un_GL456378-', 'Un_GL456378+', 'Un_GL456379-', 'Un_GL456379+', 'Un_GL456381-', 'Un_GL456381+', 'Un_GL456382-', 'Un_GL456382+', 'Un_GL456383-', 'Un_GL456383+', 'Un_GL456385-', 'Un_GL456385+', 'Un_GL456387-', 'Un_GL456387+', 'Un_GL456389-', 'Un_GL456389+', 'Un_GL456390-', 'Un_GL456390+', 'Un_GL456392-', 'Un_GL456392+', 'Un_GL456393-', 'Un_GL456393+', 'Un_GL456394-', 'Un_GL456394+', 'Un_GL456396-', 'Un_GL456396+', 'Un_JH584304-', 'Un_JH584304+', 'X-', 'X+', 'X_GL456233_random-', 'X_GL456233_random+', 'Y-', 'Y+', 'Y_JH584300_random-', 'Y_JH584300_random+', 'Y_JH584301_random-', 'Y_JH584301_random+', 'Y_JH584302_random-', 'Y_JH584302_random+', 'Y_JH584303_random-']
2021-11-17 11:30:54,463 - DEBUG - Summarizing the results of intron validation.
2021-11-17 11:30:54,933 - DEBUG - Validated 146400 introns (of which unique intervals 55275) out of 687039 total possible introns (considering each possible transcript models).
2021-11-17 11:30:54,942 - DEBUG - Reading /research/peer/fdeckert/FD20200109SPLENO/data/BSA_0355_SM01_10x_SPLENO/OUT/COUNT/M6_control_Prog_transcriptome/cellsorted_possorted_genome_bam.bam
2021-11-17 11:30:55,025 - DEBUG - Read first 0 million reads
2021-11-17 11:31:35,680 - DEBUG - Counting for batch 1, containing 100 cells and 730550 reads
2021-11-17 11:32:26,881 - DEBUG - 35014 reads not considered because fully enclosed in repeat masked regions
2021-11-17 11:33:12,235 - DEBUG - Counting for batch 2, containing 100 cells and 895184 reads
2021-11-17 11:34:10,464 - DEBUG - 39183 reads not considered because fully enclosed in repeat masked regions
2021-11-17 11:35:03,740 - DEBUG - Counting for batch 3, containing 100 cells and 915268 reads
2021-11-17 11:36:04,277 - DEBUG - 41527 reads not considered because fully enclosed in repeat masked regions
2021-11-17 11:36:56,917 - DEBUG - Counting for batch 4, containing 100 cells and 963428 reads
2021-11-17 11:38:01,787 - DEBUG - 42844 reads not considered because fully enclosed in repeat masked regions
2021-11-17 11:38:28,301 - DEBUG - Read first 10 million reads
2021-11-17 11:38:50,942 - DEBUG - Counting for batch 5, containing 100 cells and 865156 reads
2021-11-17 11:39:51,740 - DEBUG - 37679 reads not considered because fully enclosed in repeat masked regions
2021-11-17 11:40:38,267 - DEBUG - Counting for batch 6, containing 100 cells and 823471 reads
2021-11-17 11:41:32,360 - DEBUG - 35475 reads not considered because fully enclosed in repeat masked regions
2021-11-17 11:42:20,201 - DEBUG - Counting for batch 7, containing 100 cells and 882408 reads
2021-11-17 11:43:22,067 - DEBUG - 40976 reads not considered because fully enclosed in repeat masked regions
2021-11-17 11:44:06,795 - DEBUG - Counting for batch 8, containing 100 cells and 777923 reads
2021-11-17 11:44:57,004 - DEBUG - 36996 reads not considered because fully enclosed in repeat masked regions
2021-11-17 11:45:40,200 - DEBUG - Counting for batch 9, containing 100 cells and 776918 reads
2021-11-17 11:46:30,735 - DEBUG - 37724 reads not considered because fully enclosed in repeat masked regions
2021-11-17 11:47:05,061 - DEBUG - Read first 20 million reads
2021-11-17 11:47:15,578 - DEBUG - Counting for batch 10, containing 100 cells and 863008 reads
2021-11-17 11:48:13,473 - DEBUG - 42163 reads not considered because fully enclosed in repeat masked regions
2021-11-17 11:49:02,470 - DEBUG - Counting for batch 11, containing 100 cells and 898793 reads
2021-11-17 11:50:00,181 - DEBUG - 41531 reads not considered because fully enclosed in repeat masked regions
2021-11-17 11:50:48,786 - DEBUG - Counting for batch 12, containing 100 cells and 832913 reads
2021-11-17 11:51:43,252 - DEBUG - 37717 reads not considered because fully enclosed in repeat masked regions
2021-11-17 11:52:31,858 - DEBUG - Counting for batch 13, containing 100 cells and 907690 reads
2021-11-17 11:53:31,971 - DEBUG - 43577 reads not considered because fully enclosed in repeat masked regions
2021-11-17 11:54:22,587 - DEBUG - Counting for batch 14, containing 100 cells and 961414 reads
2021-11-17 11:55:27,011 - DEBUG - 43281 reads not considered because fully enclosed in repeat masked regions
2021-11-17 11:56:04,898 - DEBUG - Read first 30 million reads
2021-11-17 11:56:18,739 - DEBUG - Counting for batch 15, containing 100 cells and 922901 reads
2021-11-17 11:57:19,208 - DEBUG - 40065 reads not considered because fully enclosed in repeat masked regions
2021-11-17 11:58:04,078 - DEBUG - Counting for batch 16, containing 100 cells and 822366 reads
2021-11-17 11:58:55,851 - DEBUG - 38247 reads not considered because fully enclosed in repeat masked regions
2021-11-17 11:59:45,104 - DEBUG - Counting for batch 17, containing 100 cells and 949854 reads
2021-11-17 12:00:44,552 - DEBUG - 43240 reads not considered because fully enclosed in repeat masked regions
2021-11-17 12:01:31,677 - DEBUG - Counting for batch 18, containing 100 cells and 824562 reads
2021-11-17 12:02:27,510 - DEBUG - 37715 reads not considered because fully enclosed in repeat masked regions
2021-11-17 12:03:16,385 - DEBUG - Counting for batch 19, containing 100 cells and 1001580 reads
2021-11-17 12:04:20,953 - DEBUG - 45358 reads not considered because fully enclosed in repeat masked regions
2021-11-17 12:04:56,063 - DEBUG - Read first 40 million reads
2021-11-17 12:05:10,242 - DEBUG - Counting for batch 20, containing 100 cells and 897723 reads
2021-11-17 12:06:09,783 - DEBUG - 39195 reads not considered because fully enclosed in repeat masked regions
2021-11-17 12:06:55,074 - DEBUG - Counting for batch 21, containing 100 cells and 758210 reads
2021-11-17 12:07:45,243 - DEBUG - 37387 reads not considered because fully enclosed in repeat masked regions
2021-11-17 12:08:33,163 - DEBUG - Counting for batch 22, containing 100 cells and 927271 reads
2021-11-17 12:09:35,045 - DEBUG - 42244 reads not considered because fully enclosed in repeat masked regions
2021-11-17 12:10:24,809 - DEBUG - Counting for batch 23, containing 100 cells and 823999 reads
2021-11-17 12:11:19,698 - DEBUG - 36249 reads not considered because fully enclosed in repeat masked regions
2021-11-17 12:12:01,800 - DEBUG - Counting for batch 24, containing 100 cells and 714348 reads
2021-11-17 12:12:52,307 - DEBUG - 32842 reads not considered because fully enclosed in repeat masked regions
2021-11-17 12:13:28,511 - DEBUG - Read first 50 million reads
2021-11-17 12:13:38,808 - DEBUG - Counting for batch 25, containing 100 cells and 953517 reads
2021-11-17 12:14:43,806 - DEBUG - 41013 reads not considered because fully enclosed in repeat masked regions
2021-11-17 12:15:29,174 - DEBUG - Counting for batch 26, containing 100 cells and 736259 reads
2021-11-17 12:16:20,415 - DEBUG - 34740 reads not considered because fully enclosed in repeat masked regions
2021-11-17 12:17:00,819 - DEBUG - Counting for batch 27, containing 100 cells and 743597 reads
2021-11-17 12:17:50,513 - DEBUG - 37000 reads not considered because fully enclosed in repeat masked regions
2021-11-17 12:18:32,903 - DEBUG - Counting for batch 28, containing 100 cells and 744473 reads
2021-11-17 12:19:22,287 - DEBUG - 38102 reads not considered because fully enclosed in repeat masked regions
2021-11-17 12:20:07,423 - DEBUG - Counting for batch 29, containing 100 cells and 908832 reads
2021-11-17 12:21:08,863 - DEBUG - 42792 reads not considered because fully enclosed in repeat masked regions
2021-11-17 12:21:59,010 - DEBUG - Counting for batch 30, containing 100 cells and 881288 reads
2021-11-17 12:22:56,512 - DEBUG - 41372 reads not considered because fully enclosed in repeat masked regions
2021-11-17 12:23:19,581 - DEBUG - Read first 60 million reads
2021-11-17 12:23:44,405 - DEBUG - Counting for batch 31, containing 100 cells and 824247 reads
2021-11-17 12:24:41,115 - DEBUG - 37728 reads not considered because fully enclosed in repeat masked regions
2021-11-17 12:25:31,056 - DEBUG - Counting for batch 32, containing 100 cells and 921222 reads
2021-11-17 12:26:22,101 - DEBUG - 41935 reads not considered because fully enclosed in repeat masked regions
2021-11-17 12:27:02,991 - DEBUG - Counting for batch 33, containing 100 cells and 805301 reads
2021-11-17 12:27:48,923 - DEBUG - 33936 reads not considered because fully enclosed in repeat masked regions
2021-11-17 12:28:29,142 - DEBUG - Counting for batch 34, containing 100 cells and 810768 reads
2021-11-17 12:29:15,419 - DEBUG - 36015 reads not considered because fully enclosed in repeat masked regions
2021-11-17 12:29:49,947 - DEBUG - Counting for batch 35, containing 100 cells and 689649 reads
2021-11-17 12:30:31,518 - DEBUG - 33310 reads not considered because fully enclosed in repeat masked regions
2021-11-17 12:30:55,426 - DEBUG - Read first 70 million reads
2021-11-17 12:31:04,471 - DEBUG - Counting for batch 36, containing 100 cells and 749630 reads
2021-11-17 12:31:47,375 - DEBUG - 36874 reads not considered because fully enclosed in repeat masked regions
2021-11-17 12:32:24,674 - DEBUG - Counting for batch 37, containing 100 cells and 784463 reads
2021-11-17 12:33:08,741 - DEBUG - 34370 reads not considered because fully enclosed in repeat masked regions
2021-11-17 12:33:26,964 - DEBUG - Counting for batch 38, containing 16 cells and 159830 reads
2021-11-17 12:33:39,884 - DEBUG - 7149 reads not considered because fully enclosed in repeat masked regions
2021-11-17 12:33:42,564 - DEBUG - 949197 reads were skipped because no apropiate cell or umi barcode was found
2021-11-17 12:33:42,577 - DEBUG - Counting done!
2021-11-17 12:33:42,676 - DEBUG - Generating output file data/BSA_0355_SM01_10x_SPLENO/OUT/COUNT/M6_control_Prog_transcriptome/velocyto.loom
2021-11-17 12:33:42,676 - DEBUG - Collecting row attributes
2021-11-17 12:33:42,853 - DEBUG - Generating data table
2021-11-17 12:33:43,913 - DEBUG - Writing loom file
2021-11-17 12:33:47,296 - DEBUG - Creating converter from 5 to 3
2021-11-17 12:33:47,671 - DEBUG - Creating converter from 3 to 5
2021-11-17 12:33:57,905 - DEBUG - Terminated Succesfully!
