[NbConvertApp] Converting notebook velocyto_merge.p.ipynb to html
Traceback (most recent call last):
  File "/home/fdeckert/bin/miniconda3/bin/jupyter-nbconvert", line 11, in <module>
    sys.exit(main())
  File "/home/fdeckert/bin/miniconda3/lib/python3.8/site-packages/jupyter_core/application.py", line 264, in launch_instance
    return super(JupyterApp, cls).launch_instance(argv=argv, **kwargs)
  File "/home/fdeckert/bin/miniconda3/lib/python3.8/site-packages/traitlets/config/application.py", line 846, in launch_instance
    app.start()
  File "/home/fdeckert/bin/miniconda3/lib/python3.8/site-packages/nbconvert/nbconvertapp.py", line 361, in start
    self.convert_notebooks()
  File "/home/fdeckert/bin/miniconda3/lib/python3.8/site-packages/nbconvert/nbconvertapp.py", line 533, in convert_notebooks
    self.convert_single_notebook(notebook_filename)
  File "/home/fdeckert/bin/miniconda3/lib/python3.8/site-packages/nbconvert/nbconvertapp.py", line 498, in convert_single_notebook
    output, resources = self.export_single_notebook(notebook_filename, resources, input_buffer=input_buffer)
  File "/home/fdeckert/bin/miniconda3/lib/python3.8/site-packages/nbconvert/nbconvertapp.py", line 427, in export_single_notebook
    output, resources = self.exporter.from_filename(notebook_filename, resources=resources)
  File "/home/fdeckert/bin/miniconda3/lib/python3.8/site-packages/nbconvert/exporters/exporter.py", line 190, in from_filename
    return self.from_file(f, resources=resources, **kw)
  File "/home/fdeckert/bin/miniconda3/lib/python3.8/site-packages/nbconvert/exporters/exporter.py", line 208, in from_file
    return self.from_notebook_node(nbformat.read(file_stream, as_version=4), resources=resources, **kw)
  File "/home/fdeckert/bin/miniconda3/lib/python3.8/site-packages/nbconvert/exporters/html.py", line 145, in from_notebook_node
    return super().from_notebook_node(nb, resources, **kw)
  File "/home/fdeckert/bin/miniconda3/lib/python3.8/site-packages/nbconvert/exporters/templateexporter.py", line 376, in from_notebook_node
    nb_copy, resources = super().from_notebook_node(nb, resources, **kw)
  File "/home/fdeckert/bin/miniconda3/lib/python3.8/site-packages/nbconvert/exporters/exporter.py", line 147, in from_notebook_node
    nb_copy, resources = self._preprocess(nb_copy, resources)
  File "/home/fdeckert/bin/miniconda3/lib/python3.8/site-packages/nbconvert/exporters/exporter.py", line 334, in _preprocess
    nbc, resc = preprocessor(nbc, resc)
  File "/home/fdeckert/bin/miniconda3/lib/python3.8/site-packages/nbconvert/preprocessors/base.py", line 47, in __call__
    return self.preprocess(nb, resources)
  File "/home/fdeckert/bin/miniconda3/lib/python3.8/site-packages/nbconvert/preprocessors/execute.py", line 84, in preprocess
    self.preprocess_cell(cell, resources, index)
  File "/home/fdeckert/bin/miniconda3/lib/python3.8/site-packages/nbconvert/preprocessors/execute.py", line 105, in preprocess_cell
    cell = self.execute_cell(cell, index, store_history=True)
  File "/home/fdeckert/bin/miniconda3/lib/python3.8/site-packages/nbclient/util.py", line 84, in wrapped
    return just_run(coro(*args, **kwargs))
  File "/home/fdeckert/bin/miniconda3/lib/python3.8/site-packages/nbclient/util.py", line 62, in just_run
    return loop.run_until_complete(coro)
  File "/home/fdeckert/bin/miniconda3/lib/python3.8/asyncio/base_events.py", line 616, in run_until_complete
    return future.result()
  File "/home/fdeckert/bin/miniconda3/lib/python3.8/site-packages/nbclient/client.py", line 846, in async_execute_cell
    self._check_raise_for_error(cell, exec_reply)
  File "/home/fdeckert/bin/miniconda3/lib/python3.8/site-packages/nbclient/client.py", line 748, in _check_raise_for_error
    raise CellExecutionError.from_cell_and_msg(cell, exec_reply_content)
nbclient.exceptions.CellExecutionError: An error occurred while executing the following cell:
------------------
connect=meta.apply(loom_cellid, axis=1)
------------------

[0;31m---------------------------------------------------------------------------[0m
[0;31mOSError[0m                                   Traceback (most recent call last)
[0;32m<ipython-input-5-4fe9cc59512a>[0m in [0;36m<module>[0;34m[0m
[0;32m----> 1[0;31m [0mconnect[0m[0;34m=[0m[0mmeta[0m[0;34m.[0m[0mapply[0m[0;34m([0m[0mloom_cellid[0m[0;34m,[0m [0maxis[0m[0;34m=[0m[0;36m1[0m[0;34m)[0m[0;34m[0m[0;34m[0m[0m
[0m
[0;32m~/bin/miniconda3/envs/p.3.6.13-FD20200109SPLENO/lib/python3.6/site-packages/pandas/core/frame.py[0m in [0;36mapply[0;34m(self, func, axis, raw, result_type, args, **kwds)[0m
[1;32m   7550[0m             [0mkwds[0m[0;34m=[0m[0mkwds[0m[0;34m,[0m[0;34m[0m[0;34m[0m[0m
[1;32m   7551[0m         )
[0;32m-> 7552[0;31m         [0;32mreturn[0m [0mop[0m[0;34m.[0m[0mget_result[0m[0;34m([0m[0;34m)[0m[0;34m[0m[0;34m[0m[0m
[0m[1;32m   7553[0m [0;34m[0m[0m
[1;32m   7554[0m     [0;32mdef[0m [0mapplymap[0m[0;34m([0m[0mself[0m[0;34m,[0m [0mfunc[0m[0;34m)[0m [0;34m->[0m [0;34m"DataFrame"[0m[0;34m:[0m[0;34m[0m[0;34m[0m[0m

[0;32m~/bin/miniconda3/envs/p.3.6.13-FD20200109SPLENO/lib/python3.6/site-packages/pandas/core/apply.py[0m in [0;36mget_result[0;34m(self)[0m
[1;32m    183[0m             [0;32mreturn[0m [0mself[0m[0;34m.[0m[0mapply_raw[0m[0;34m([0m[0;34m)[0m[0;34m[0m[0;34m[0m[0m
[1;32m    184[0m [0;34m[0m[0m
[0;32m--> 185[0;31m         [0;32mreturn[0m [0mself[0m[0;34m.[0m[0mapply_standard[0m[0;34m([0m[0;34m)[0m[0;34m[0m[0;34m[0m[0m
[0m[1;32m    186[0m [0;34m[0m[0m
[1;32m    187[0m     [0;32mdef[0m [0mapply_empty_result[0m[0;34m([0m[0mself[0m[0;34m)[0m[0;34m:[0m[0;34m[0m[0;34m[0m[0m

[0;32m~/bin/miniconda3/envs/p.3.6.13-FD20200109SPLENO/lib/python3.6/site-packages/pandas/core/apply.py[0m in [0;36mapply_standard[0;34m(self)[0m
[1;32m    274[0m [0;34m[0m[0m
[1;32m    275[0m     [0;32mdef[0m [0mapply_standard[0m[0;34m([0m[0mself[0m[0;34m)[0m[0;34m:[0m[0;34m[0m[0;34m[0m[0m
[0;32m--> 276[0;31m         [0mresults[0m[0;34m,[0m [0mres_index[0m [0;34m=[0m [0mself[0m[0;34m.[0m[0mapply_series_generator[0m[0;34m([0m[0;34m)[0m[0;34m[0m[0;34m[0m[0m
[0m[1;32m    277[0m [0;34m[0m[0m
[1;32m    278[0m         [0;31m# wrap results[0m[0;34m[0m[0;34m[0m[0;34m[0m[0m

[0;32m~/bin/miniconda3/envs/p.3.6.13-FD20200109SPLENO/lib/python3.6/site-packages/pandas/core/apply.py[0m in [0;36mapply_series_generator[0;34m(self)[0m
[1;32m    303[0m                 [0;32mfor[0m [0mi[0m[0;34m,[0m [0mv[0m [0;32min[0m [0menumerate[0m[0;34m([0m[0mseries_gen[0m[0;34m)[0m[0;34m:[0m[0;34m[0m[0;34m[0m[0m
[1;32m    304[0m                     [0;31m# ignore SettingWithCopy here in case the user mutates[0m[0;34m[0m[0;34m[0m[0;34m[0m[0m
[0;32m--> 305[0;31m                     [0mresults[0m[0;34m[[0m[0mi[0m[0;34m][0m [0;34m=[0m [0mself[0m[0;34m.[0m[0mf[0m[0;34m([0m[0mv[0m[0;34m)[0m[0;34m[0m[0;34m[0m[0m
[0m[1;32m    306[0m                     [0;32mif[0m [0misinstance[0m[0;34m([0m[0mresults[0m[0;34m[[0m[0mi[0m[0;34m][0m[0;34m,[0m [0mABCSeries[0m[0;34m)[0m[0;34m:[0m[0;34m[0m[0;34m[0m[0m
[1;32m    307[0m                         [0;31m# If we have a view on v, we need to make a copy because[0m[0;34m[0m[0;34m[0m[0;34m[0m[0m

[0;32m<ipython-input-4-4d6fc8c5f342>[0m in [0;36mloom_cellid[0;34m(meta_row)[0m
[1;32m      4[0m [0;34m[0m[0m
[1;32m      5[0m     [0;31m# Open connection to loom file[0m[0;34m[0m[0;34m[0m[0;34m[0m[0m
[0;32m----> 6[0;31m     [0mds[0m[0;34m=[0m[0mlp[0m[0;34m.[0m[0mconnect[0m[0;34m([0m[0mmeta_row[0m[0;34m[[0m[0;34m'sample_path'[0m[0;34m][0m [0;34m+[0m [0;34m'/velocyto.loom'[0m[0;34m,[0m [0mvalidate[0m[0;34m=[0m[0;32mFalse[0m[0;34m)[0m[0;34m[0m[0;34m[0m[0m
[0m[1;32m      7[0m [0;34m[0m[0m
[1;32m      8[0m     [0;31m# Change velocyto cell id to original id[0m[0;34m[0m[0;34m[0m[0;34m[0m[0m

[0;32m~/bin/miniconda3/envs/p.3.6.13-FD20200109SPLENO/lib/python3.6/site-packages/loompy/loompy.py[0m in [0;36mconnect[0;34m(filename, mode, validate, spec_version)[0m
[1;32m   1513[0m                 [0mNote[0m[0;34m:[0m [0;32mif[0m [0mvalidation[0m [0;32mis[0m [0mrequested[0m[0;34m,[0m [0man[0m [0mexception[0m [0;32mis[0m [0mraised[0m [0;32mif[0m [0mvalidation[0m [0mfails[0m[0;34m.[0m[0;34m[0m[0;34m[0m[0m
[1;32m   1514[0m 	"""
[0;32m-> 1515[0;31m         [0;32mreturn[0m [0mLoomConnection[0m[0;34m([0m[0mfilename[0m[0;34m,[0m [0mmode[0m[0;34m,[0m [0mvalidate[0m[0;34m=[0m[0mvalidate[0m[0;34m)[0m[0;34m[0m[0;34m[0m[0m
[0m[1;32m   1516[0m [0;34m[0m[0m

[0;32m~/bin/miniconda3/envs/p.3.6.13-FD20200109SPLENO/lib/python3.6/site-packages/loompy/loompy.py[0m in [0;36m__init__[0;34m(self, filename, mode, validate)[0m
[1;32m     86[0m                                 [0;32mraise[0m [0mValueError[0m[0;34m([0m[0;34m"\n"[0m[0;34m.[0m[0mjoin[0m[0;34m([0m[0mlv[0m[0;34m.[0m[0merrors[0m[0;34m)[0m [0;34m+[0m [0;34mf"\n{filename} does not appear to be a valid Loom file according to Loom spec version '{lv.version}'"[0m[0;34m)[0m[0;34m[0m[0;34m[0m[0m
[1;32m     87[0m [0;34m[0m[0m
[0;32m---> 88[0;31m                 [0mself[0m[0;34m.[0m[0m_file[0m [0;34m=[0m [0mh5py[0m[0;34m.[0m[0mFile[0m[0;34m([0m[0mfilename[0m[0;34m,[0m [0mmode[0m[0;34m)[0m[0;34m[0m[0;34m[0m[0m
[0m[1;32m     89[0m                 [0mself[0m[0;34m.[0m[0m_closed[0m [0;34m=[0m [0;32mFalse[0m[0;34m[0m[0;34m[0m[0m
[1;32m     90[0m                 [0;32mif[0m [0;34m"matrix"[0m [0;32min[0m [0mself[0m[0;34m.[0m[0m_file[0m[0;34m:[0m[0;34m[0m[0;34m[0m[0m

[0;32m~/bin/miniconda3/envs/p.3.6.13-FD20200109SPLENO/lib/python3.6/site-packages/h5py/_hl/files.py[0m in [0;36m__init__[0;34m(self, name, mode, driver, libver, userblock_size, swmr, rdcc_nslots, rdcc_nbytes, rdcc_w0, track_order, fs_strategy, fs_persist, fs_threshold, **kwds)[0m
[1;32m    425[0m                                fapl, fcpl=make_fcpl(track_order=track_order, fs_strategy=fs_strategy,
[1;32m    426[0m                                fs_persist=fs_persist, fs_threshold=fs_threshold),
[0;32m--> 427[0;31m                                swmr=swmr)
[0m[1;32m    428[0m [0;34m[0m[0m
[1;32m    429[0m             [0;32mif[0m [0misinstance[0m[0;34m([0m[0mlibver[0m[0;34m,[0m [0mtuple[0m[0;34m)[0m[0;34m:[0m[0;34m[0m[0;34m[0m[0m

[0;32m~/bin/miniconda3/envs/p.3.6.13-FD20200109SPLENO/lib/python3.6/site-packages/h5py/_hl/files.py[0m in [0;36mmake_fid[0;34m(name, mode, userblock_size, fapl, fcpl, swmr)[0m
[1;32m    190[0m         [0mfid[0m [0;34m=[0m [0mh5f[0m[0;34m.[0m[0mopen[0m[0;34m([0m[0mname[0m[0;34m,[0m [0mflags[0m[0;34m,[0m [0mfapl[0m[0;34m=[0m[0mfapl[0m[0;34m)[0m[0;34m[0m[0;34m[0m[0m
[1;32m    191[0m     [0;32melif[0m [0mmode[0m [0;34m==[0m [0;34m'r+'[0m[0;34m:[0m[0;34m[0m[0;34m[0m[0m
[0;32m--> 192[0;31m         [0mfid[0m [0;34m=[0m [0mh5f[0m[0;34m.[0m[0mopen[0m[0;34m([0m[0mname[0m[0;34m,[0m [0mh5f[0m[0;34m.[0m[0mACC_RDWR[0m[0;34m,[0m [0mfapl[0m[0;34m=[0m[0mfapl[0m[0;34m)[0m[0;34m[0m[0;34m[0m[0m
[0m[1;32m    193[0m     [0;32melif[0m [0mmode[0m [0;32min[0m [0;34m[[0m[0;34m'w-'[0m[0;34m,[0m [0;34m'x'[0m[0;34m][0m[0;34m:[0m[0;34m[0m[0;34m[0m[0m
[1;32m    194[0m         [0mfid[0m [0;34m=[0m [0mh5f[0m[0;34m.[0m[0mcreate[0m[0;34m([0m[0mname[0m[0;34m,[0m [0mh5f[0m[0;34m.[0m[0mACC_EXCL[0m[0;34m,[0m [0mfapl[0m[0;34m=[0m[0mfapl[0m[0;34m,[0m [0mfcpl[0m[0;34m=[0m[0mfcpl[0m[0;34m)[0m[0;34m[0m[0;34m[0m[0m

[0;32mh5py/_objects.pyx[0m in [0;36mh5py._objects.with_phil.wrapper[0;34m()[0m

[0;32mh5py/_objects.pyx[0m in [0;36mh5py._objects.with_phil.wrapper[0;34m()[0m

[0;32mh5py/h5f.pyx[0m in [0;36mh5py.h5f.open[0;34m()[0m

[0;31mOSError[0m: Unable to open file (unable to lock file, errno = 11, error message = 'Resource temporarily unavailable')
OSError: Unable to open file (unable to lock file, errno = 11, error message = 'Resource temporarily unavailable')

