[NbConvertApp] Converting notebook ptpg_2.r.ipynb to html
Warning: Data is of class matrix. Coercing to dgCMatrix.
Performing log-normalization
0%   10   20   30   40   50   60   70   80   90   100%
[----|----|----|----|----|----|----|----|----|----|
**************************************************|
Warning: Data is of class matrix. Coercing to dgCMatrix.
Performing log-normalization
0%   10   20   30   40   50   60   70   80   90   100%
[----|----|----|----|----|----|----|----|----|----|
**************************************************|
Warning: Data is of class matrix. Coercing to dgCMatrix.
Performing log-normalization
0%   10   20   30   40   50   60   70   80   90   100%
[----|----|----|----|----|----|----|----|----|----|
**************************************************|
Warning: Data is of class matrix. Coercing to dgCMatrix.
Performing log-normalization
0%   10   20   30   40   50   60   70   80   90   100%
[----|----|----|----|----|----|----|----|----|----|
**************************************************|
Warning: Data is of class matrix. Coercing to dgCMatrix.
Performing log-normalization
0%   10   20   30   40   50   60   70   80   90   100%
[----|----|----|----|----|----|----|----|----|----|
**************************************************|
Warning: Data is of class matrix. Coercing to dgCMatrix.
Performing log-normalization
0%   10   20   30   40   50   60   70   80   90   100%
[----|----|----|----|----|----|----|----|----|----|
**************************************************|
Warning: Data is of class matrix. Coercing to dgCMatrix.
Performing log-normalization
0%   10   20   30   40   50   60   70   80   90   100%
[----|----|----|----|----|----|----|----|----|----|
**************************************************|
Warning: Data is of class matrix. Coercing to dgCMatrix.
Performing log-normalization
0%   10   20   30   40   50   60   70   80   90   100%
[----|----|----|----|----|----|----|----|----|----|
**************************************************|
Warning: Data is of class matrix. Coercing to dgCMatrix.
Performing log-normalization
0%   10   20   30   40   50   60   70   80   90   100%
[----|----|----|----|----|----|----|----|----|----|
**************************************************|
[NbConvertApp] Writing 332213 bytes to ptpg_2.r.html
