2021-11-17 11:11:02,555 - DEBUG - Using logic: ValidatedIntrons10X
2021-11-17 11:11:02,586 - INFO - Read 4627 cell barcodes from /research/peer/fdeckert/FD20200109SPLENO/data/BSA_0355_SM01_10x_SPLENO/OUT/COUNT/M8_control_Mac_transcriptome/filtered_feature_bc_matrix/barcodes.tsv.gz
2021-11-17 11:11:02,587 - DEBUG - Example of barcode: AAACCCAAGCCAGAGT and cell_id: velocyto:AAACCCAAGCCAGAGT-1
2021-11-17 11:11:02,606 - DEBUG - Peeking into /research/peer/fdeckert/FD20200109SPLENO/data/BSA_0355_SM01_10x_SPLENO/OUT/COUNT/M8_control_Mac_transcriptome/possorted_genome_bam.bam
2021-11-17 11:11:02,688 - WARNING - Not found cell and umi barcode in entry 64 of the bam file
2021-11-17 11:11:02,689 - WARNING - Not found cell and umi barcode in entry 73 of the bam file
2021-11-17 11:11:02,689 - WARNING - Not found cell and umi barcode in entry 124 of the bam file
2021-11-17 11:11:02,693 - WARNING - Not found cell and umi barcode in entry 160 of the bam file
2021-11-17 11:11:02,693 - WARNING - Not found cell and umi barcode in entry 287 of the bam file
2021-11-17 11:11:02,694 - WARNING - Not found cell and umi barcode in entry 335 of the bam file
2021-11-17 11:11:02,695 - WARNING - Not found cell and umi barcode in entry 410 of the bam file
2021-11-17 11:11:02,711 - WARNING - Not found cell and umi barcode in entry 443 of the bam file
2021-11-17 11:11:02,711 - WARNING - Not found cell and umi barcode in entry 494 of the bam file
2021-11-17 11:11:02,711 - WARNING - Not found cell and umi barcode in entry 505 of the bam file
2021-11-17 11:11:02,712 - WARNING - Not found cell and umi barcode in entry 571 of the bam file
2021-11-17 11:11:02,712 - WARNING - Not found cell and umi barcode in entry 612 of the bam file
2021-11-17 11:11:02,713 - WARNING - Not found cell and umi barcode in entry 670 of the bam file
2021-11-17 11:11:02,730 - WARNING - The file /research/peer/fdeckert/FD20200109SPLENO/data/BSA_0355_SM01_10x_SPLENO/OUT/COUNT/M8_control_Mac_transcriptome/cellsorted_possorted_genome_bam.bam already exists. The sorting step will be skipped and the existing file will be used.
2021-11-17 11:11:02,730 - INFO - Load the annotation from /research/peer/fdeckert/FD20200109SPLENO/data/mm10/cellranger/mm10-2020-A_build/gencode.vM23.primary_assembly.annotation.gtf.filtered
2021-11-17 11:11:13,077 - DEBUG - Parsing Chromosome GL456210.1 strand - [line 0]
2021-11-17 11:11:13,078 - DEBUG - Done with GL456210.1- [line 27]
2021-11-17 11:11:13,078 - DEBUG - Assigning indexes to genes
2021-11-17 11:11:13,078 - DEBUG - Seen 3 genes until now
2021-11-17 11:11:13,078 - DEBUG - Parsing Chromosome GL456210.1 strand + [line 28]
2021-11-17 11:11:13,078 - DEBUG - Done with GL456210.1+ [line 43]
2021-11-17 11:11:13,079 - DEBUG - Assigning indexes to genes
2021-11-17 11:11:13,079 - DEBUG - Seen 5 genes until now
2021-11-17 11:11:13,079 - DEBUG - Parsing Chromosome GL456211.1 strand - [line 44]
2021-11-17 11:11:13,079 - DEBUG - Done with GL456211.1- [line 74]
2021-11-17 11:11:13,079 - DEBUG - Assigning indexes to genes
2021-11-17 11:11:13,079 - DEBUG - Seen 9 genes until now
2021-11-17 11:11:13,080 - DEBUG - Parsing Chromosome GL456211.1 strand + [line 75]
2021-11-17 11:11:13,080 - DEBUG - Done with GL456211.1+ [line 101]
2021-11-17 11:11:13,080 - DEBUG - Assigning indexes to genes
2021-11-17 11:11:13,080 - DEBUG - Seen 11 genes until now
2021-11-17 11:11:13,080 - DEBUG - Parsing Chromosome GL456212.1 strand - [line 102]
2021-11-17 11:11:13,081 - DEBUG - Done with GL456212.1- [line 137]
2021-11-17 11:11:13,081 - DEBUG - Assigning indexes to genes
2021-11-17 11:11:13,081 - DEBUG - Seen 13 genes until now
2021-11-17 11:11:13,081 - DEBUG - Parsing Chromosome GL456216.1 strand + [line 138]
2021-11-17 11:11:13,081 - DEBUG - Done with GL456216.1+ [line 157]
2021-11-17 11:11:13,081 - DEBUG - Assigning indexes to genes
2021-11-17 11:11:13,082 - DEBUG - Seen 14 genes until now
2021-11-17 11:11:13,082 - DEBUG - Parsing Chromosome GL456219.1 strand - [line 158]
2021-11-17 11:11:13,082 - DEBUG - Done with GL456219.1- [line 171]
2021-11-17 11:11:13,082 - DEBUG - Assigning indexes to genes
2021-11-17 11:11:13,082 - DEBUG - Seen 16 genes until now
2021-11-17 11:11:13,082 - DEBUG - Parsing Chromosome GL456221.1 strand - [line 172]
2021-11-17 11:11:13,083 - DEBUG - Done with GL456221.1- [line 217]
2021-11-17 11:11:13,083 - DEBUG - Assigning indexes to genes
2021-11-17 11:11:13,083 - DEBUG - Seen 20 genes until now
2021-11-17 11:11:13,083 - DEBUG - Parsing Chromosome GL456221.1 strand + [line 218]
2021-11-17 11:11:13,083 - DEBUG - Done with GL456221.1+ [line 237]
2021-11-17 11:11:13,083 - DEBUG - Assigning indexes to genes
2021-11-17 11:11:13,084 - DEBUG - Seen 23 genes until now
2021-11-17 11:11:13,084 - DEBUG - Parsing Chromosome GL456233.1 strand - [line 238]
2021-11-17 11:11:13,084 - DEBUG - Done with GL456233.1- [line 269]
2021-11-17 11:11:13,084 - DEBUG - Assigning indexes to genes
2021-11-17 11:11:13,084 - DEBUG - Seen 25 genes until now
2021-11-17 11:11:13,084 - DEBUG - Parsing Chromosome GL456233.1 strand + [line 270]
2021-11-17 11:11:13,085 - DEBUG - Done with GL456233.1+ [line 300]
2021-11-17 11:11:13,085 - DEBUG - Assigning indexes to genes
2021-11-17 11:11:13,085 - DEBUG - Seen 27 genes until now
2021-11-17 11:11:13,085 - DEBUG - Parsing Chromosome GL456350.1 strand - [line 301]
2021-11-17 11:11:13,086 - DEBUG - Done with GL456350.1- [line 362]
2021-11-17 11:11:13,086 - DEBUG - Assigning indexes to genes
2021-11-17 11:11:13,086 - DEBUG - Seen 32 genes until now
2021-11-17 11:11:13,086 - DEBUG - Parsing Chromosome GL456354.1 strand - [line 363]
2021-11-17 11:11:13,087 - DEBUG - Done with GL456354.1- [line 398]
2021-11-17 11:11:13,087 - DEBUG - Assigning indexes to genes
2021-11-17 11:11:13,087 - DEBUG - Seen 35 genes until now
2021-11-17 11:11:13,087 - DEBUG - Parsing Chromosome GL456354.1 strand + [line 399]
2021-11-17 11:11:13,087 - DEBUG - Done with GL456354.1+ [line 420]
2021-11-17 11:11:13,087 - DEBUG - Assigning indexes to genes
2021-11-17 11:11:13,087 - DEBUG - Seen 37 genes until now
2021-11-17 11:11:13,088 - DEBUG - Parsing Chromosome JH584292.1 strand + [line 421]
2021-11-17 11:11:13,088 - DEBUG - Done with JH584292.1+ [line 496]
2021-11-17 11:11:13,088 - DEBUG - Assigning indexes to genes
2021-11-17 11:11:13,089 - DEBUG - Seen 38 genes until now
2021-11-17 11:11:13,089 - DEBUG - Parsing Chromosome JH584293.1 strand - [line 497]
2021-11-17 11:11:13,089 - DEBUG - Done with JH584293.1- [line 569]
2021-11-17 11:11:13,089 - DEBUG - Assigning indexes to genes
2021-11-17 11:11:13,090 - DEBUG - Seen 44 genes until now
2021-11-17 11:11:13,090 - DEBUG - Parsing Chromosome JH584293.1 strand + [line 570]
2021-11-17 11:11:13,090 - DEBUG - Done with JH584293.1+ [line 613]
2021-11-17 11:11:13,090 - DEBUG - Assigning indexes to genes
2021-11-17 11:11:13,090 - DEBUG - Seen 47 genes until now
2021-11-17 11:11:13,091 - DEBUG - Parsing Chromosome JH584294.1 strand - [line 614]
2021-11-17 11:11:13,091 - DEBUG - Done with JH584294.1- [line 681]
2021-11-17 11:11:13,091 - DEBUG - Assigning indexes to genes
2021-11-17 11:11:13,092 - DEBUG - Seen 51 genes until now
2021-11-17 11:11:13,092 - DEBUG - Parsing Chromosome JH584294.1 strand + [line 682]
2021-11-17 11:11:13,092 - DEBUG - Done with JH584294.1+ [line 708]
2021-11-17 11:11:13,092 - DEBUG - Assigning indexes to genes
2021-11-17 11:11:13,092 - DEBUG - Seen 53 genes until now
2021-11-17 11:11:13,092 - DEBUG - Parsing Chromosome JH584295.1 strand - [line 709]
2021-11-17 11:11:13,093 - DEBUG - Done with JH584295.1- [line 724]
2021-11-17 11:11:13,093 - DEBUG - Assigning indexes to genes
2021-11-17 11:11:13,093 - DEBUG - Seen 54 genes until now
2021-11-17 11:11:13,093 - DEBUG - Parsing Chromosome JH584296.1 strand - [line 725]
2021-11-17 11:11:13,093 - DEBUG - Done with JH584296.1- [line 755]
2021-11-17 11:11:13,093 - DEBUG - Assigning indexes to genes
2021-11-17 11:11:13,094 - DEBUG - Seen 57 genes until now
2021-11-17 11:11:13,094 - DEBUG - Parsing Chromosome JH584297.1 strand - [line 756]
2021-11-17 11:11:13,094 - DEBUG - Done with JH584297.1- [line 775]
2021-11-17 11:11:13,094 - DEBUG - Assigning indexes to genes
2021-11-17 11:11:13,094 - DEBUG - Seen 59 genes until now
2021-11-17 11:11:13,094 - DEBUG - Parsing Chromosome JH584297.1 strand + [line 776]
2021-11-17 11:11:13,095 - DEBUG - Done with JH584297.1+ [line 784]
2021-11-17 11:11:13,095 - DEBUG - Assigning indexes to genes
2021-11-17 11:11:13,095 - DEBUG - Seen 60 genes until now
2021-11-17 11:11:13,095 - DEBUG - Parsing Chromosome JH584298.1 strand - [line 785]
2021-11-17 11:11:13,095 - DEBUG - Done with JH584298.1- [line 795]
2021-11-17 11:11:13,095 - DEBUG - Assigning indexes to genes
2021-11-17 11:11:13,095 - DEBUG - Seen 61 genes until now
2021-11-17 11:11:13,095 - DEBUG - Parsing Chromosome JH584298.1 strand + [line 796]
2021-11-17 11:11:13,096 - DEBUG - Done with JH584298.1+ [line 817]
2021-11-17 11:11:13,096 - DEBUG - Assigning indexes to genes
2021-11-17 11:11:13,096 - DEBUG - Seen 63 genes until now
2021-11-17 11:11:13,096 - DEBUG - Parsing Chromosome JH584299.1 strand - [line 818]
2021-11-17 11:11:13,096 - DEBUG - Done with JH584299.1- [line 828]
2021-11-17 11:11:13,096 - DEBUG - Assigning indexes to genes
2021-11-17 11:11:13,097 - DEBUG - Seen 64 genes until now
2021-11-17 11:11:13,097 - DEBUG - Parsing Chromosome JH584299.1 strand + [line 829]
2021-11-17 11:11:13,098 - DEBUG - Done with JH584299.1+ [line 950]
2021-11-17 11:11:13,098 - DEBUG - Assigning indexes to genes
2021-11-17 11:11:13,098 - DEBUG - Seen 75 genes until now
2021-11-17 11:11:13,098 - DEBUG - Parsing Chromosome JH584303.1 strand + [line 951]
2021-11-17 11:11:13,098 - DEBUG - Done with JH584303.1+ [line 955]
2021-11-17 11:11:13,098 - DEBUG - Assigning indexes to genes
2021-11-17 11:11:13,098 - DEBUG - Seen 76 genes until now
2021-11-17 11:11:13,099 - DEBUG - Parsing Chromosome JH584304.1 strand - [line 956]
2021-11-17 11:11:13,099 - DEBUG - Done with JH584304.1- [line 988]
2021-11-17 11:11:13,099 - DEBUG - Assigning indexes to genes
2021-11-17 11:11:13,099 - DEBUG - Seen 77 genes until now
2021-11-17 11:11:13,099 - DEBUG - Parsing Chromosome 1 strand - [line 989]
2021-11-17 11:11:13,924 - DEBUG - Done with 1- [line 57063]
2021-11-17 11:11:13,925 - DEBUG - Assigning indexes to genes
2021-11-17 11:11:13,934 - DEBUG - Seen 966 genes until now
2021-11-17 11:11:13,934 - DEBUG - Parsing Chromosome 1 strand + [line 57064]
2021-11-17 11:11:14,705 - DEBUG - Done with 1+ [line 111842]
2021-11-17 11:11:14,706 - DEBUG - Assigning indexes to genes
2021-11-17 11:11:14,715 - DEBUG - Seen 1876 genes until now
2021-11-17 11:11:14,715 - DEBUG - Parsing Chromosome 10 strand - [line 111843]
2021-11-17 11:11:15,172 - DEBUG - Done with 10- [line 152030]
2021-11-17 11:11:15,172 - DEBUG - Assigning indexes to genes
2021-11-17 11:11:15,179 - DEBUG - Seen 2638 genes until now
2021-11-17 11:11:15,180 - DEBUG - Parsing Chromosome 10 strand + [line 152031]
2021-11-17 11:11:15,954 - DEBUG - Done with 10+ [line 194968]
2021-11-17 11:11:15,955 - DEBUG - Assigning indexes to genes
2021-11-17 11:11:15,963 - DEBUG - Seen 3448 genes until now
2021-11-17 11:11:15,963 - DEBUG - Parsing Chromosome 11 strand - [line 194969]
2021-11-17 11:11:16,668 - DEBUG - Done with 11- [line 257480]
2021-11-17 11:11:16,668 - DEBUG - Assigning indexes to genes
2021-11-17 11:11:16,679 - DEBUG - Seen 4518 genes until now
2021-11-17 11:11:16,679 - DEBUG - Parsing Chromosome 11 strand + [line 257481]
2021-11-17 11:11:17,585 - DEBUG - Done with 11+ [line 320172]
2021-11-17 11:11:17,585 - DEBUG - Assigning indexes to genes
2021-11-17 11:11:17,596 - DEBUG - Seen 5535 genes until now
2021-11-17 11:11:17,596 - DEBUG - Parsing Chromosome 12 strand - [line 320173]
2021-11-17 11:11:17,879 - DEBUG - Done with 12- [line 345502]
2021-11-17 11:11:17,879 - DEBUG - Assigning indexes to genes
2021-11-17 11:11:17,885 - DEBUG - Seen 6300 genes until now
2021-11-17 11:11:17,885 - DEBUG - Parsing Chromosome 12 strand + [line 345503]
2021-11-17 11:11:18,281 - DEBUG - Done with 12+ [line 380229]
2021-11-17 11:11:18,281 - DEBUG - Assigning indexes to genes
2021-11-17 11:11:18,288 - DEBUG - Seen 6877 genes until now
2021-11-17 11:11:18,288 - DEBUG - Parsing Chromosome 13 strand - [line 380230]
2021-11-17 11:11:18,669 - DEBUG - Done with 13- [line 414645]
2021-11-17 11:11:18,669 - DEBUG - Assigning indexes to genes
2021-11-17 11:11:18,677 - DEBUG - Seen 7611 genes until now
2021-11-17 11:11:18,677 - DEBUG - Parsing Chromosome 13 strand + [line 414646]
2021-11-17 11:11:18,975 - DEBUG - Done with 13+ [line 441742]
2021-11-17 11:11:18,975 - DEBUG - Assigning indexes to genes
2021-11-17 11:11:18,981 - DEBUG - Seen 8318 genes until now
2021-11-17 11:11:18,981 - DEBUG - Parsing Chromosome 14 strand - [line 441743]
2021-11-17 11:11:19,637 - DEBUG - Done with 14- [line 478634]
2021-11-17 11:11:19,637 - DEBUG - Assigning indexes to genes
2021-11-17 11:11:19,644 - DEBUG - Seen 9014 genes until now
2021-11-17 11:11:19,644 - DEBUG - Parsing Chromosome 14 strand + [line 478635]
2021-11-17 11:11:20,011 - DEBUG - Done with 14+ [line 512401]
2021-11-17 11:11:20,011 - DEBUG - Assigning indexes to genes
2021-11-17 11:11:20,018 - DEBUG - Seen 9849 genes until now
2021-11-17 11:11:20,018 - DEBUG - Parsing Chromosome 15 strand - [line 512402]
2021-11-17 11:11:20,429 - DEBUG - Done with 15- [line 549004]
2021-11-17 11:11:20,429 - DEBUG - Assigning indexes to genes
2021-11-17 11:11:20,435 - DEBUG - Seen 10439 genes until now
2021-11-17 11:11:20,435 - DEBUG - Parsing Chromosome 15 strand + [line 549005]
2021-11-17 11:11:20,781 - DEBUG - Done with 15+ [line 580047]
2021-11-17 11:11:20,782 - DEBUG - Assigning indexes to genes
2021-11-17 11:11:20,788 - DEBUG - Seen 10983 genes until now
2021-11-17 11:11:20,788 - DEBUG - Parsing Chromosome 16 strand - [line 580048]
2021-11-17 11:11:21,090 - DEBUG - Done with 16- [line 607192]
2021-11-17 11:11:21,090 - DEBUG - Assigning indexes to genes
2021-11-17 11:11:21,095 - DEBUG - Seen 11469 genes until now
2021-11-17 11:11:21,095 - DEBUG - Parsing Chromosome 16 strand + [line 607193]
2021-11-17 11:11:21,715 - DEBUG - Done with 16+ [line 637997]
2021-11-17 11:11:21,715 - DEBUG - Assigning indexes to genes
2021-11-17 11:11:21,720 - DEBUG - Seen 11933 genes until now
2021-11-17 11:11:21,720 - DEBUG - Parsing Chromosome 17 strand - [line 637998]
2021-11-17 11:11:22,213 - DEBUG - Done with 17- [line 681830]
2021-11-17 11:11:22,213 - DEBUG - Assigning indexes to genes
2021-11-17 11:11:22,221 - DEBUG - Seen 12652 genes until now
2021-11-17 11:11:22,221 - DEBUG - Parsing Chromosome 17 strand + [line 681831]
2021-11-17 11:11:22,744 - DEBUG - Done with 17+ [line 729330]
2021-11-17 11:11:22,744 - DEBUG - Assigning indexes to genes
2021-11-17 11:11:22,753 - DEBUG - Seen 13379 genes until now
2021-11-17 11:11:22,753 - DEBUG - Parsing Chromosome 18 strand - [line 729331]
2021-11-17 11:11:22,963 - DEBUG - Done with 18- [line 748063]
2021-11-17 11:11:22,963 - DEBUG - Assigning indexes to genes
2021-11-17 11:11:22,966 - DEBUG - Seen 13744 genes until now
2021-11-17 11:11:22,967 - DEBUG - Parsing Chromosome 18 strand + [line 748064]
2021-11-17 11:11:23,250 - DEBUG - Done with 18+ [line 774053]
2021-11-17 11:11:23,250 - DEBUG - Assigning indexes to genes
2021-11-17 11:11:23,255 - DEBUG - Seen 14196 genes until now
2021-11-17 11:11:23,255 - DEBUG - Parsing Chromosome 19 strand - [line 774054]
2021-11-17 11:11:23,617 - DEBUG - Done with 19- [line 806361]
2021-11-17 11:11:23,617 - DEBUG - Assigning indexes to genes
2021-11-17 11:11:23,622 - DEBUG - Seen 14666 genes until now
2021-11-17 11:11:23,623 - DEBUG - Parsing Chromosome 19 strand + [line 806362]
2021-11-17 11:11:23,932 - DEBUG - Done with 19+ [line 834536]
2021-11-17 11:11:23,933 - DEBUG - Assigning indexes to genes
2021-11-17 11:11:23,938 - DEBUG - Seen 15155 genes until now
2021-11-17 11:11:23,938 - DEBUG - Parsing Chromosome 2 strand - [line 834537]
2021-11-17 11:11:25,118 - DEBUG - Done with 2- [line 911094]
2021-11-17 11:11:25,118 - DEBUG - Assigning indexes to genes
2021-11-17 11:11:25,132 - DEBUG - Seen 16361 genes until now
2021-11-17 11:11:25,132 - DEBUG - Parsing Chromosome 2 strand + [line 911095]
2021-11-17 11:11:25,919 - DEBUG - Done with 2+ [line 982171]
2021-11-17 11:11:25,919 - DEBUG - Assigning indexes to genes
2021-11-17 11:11:25,933 - DEBUG - Seen 17581 genes until now
2021-11-17 11:11:25,933 - DEBUG - Parsing Chromosome 3 strand - [line 982172]
2021-11-17 11:11:26,366 - DEBUG - Done with 3- [line 1021471]
2021-11-17 11:11:26,367 - DEBUG - Assigning indexes to genes
2021-11-17 11:11:26,374 - DEBUG - Seen 18356 genes until now
2021-11-17 11:11:26,374 - DEBUG - Parsing Chromosome 3 strand + [line 1021472]
2021-11-17 11:11:26,851 - DEBUG - Done with 3+ [line 1065065]
2021-11-17 11:11:26,852 - DEBUG - Assigning indexes to genes
2021-11-17 11:11:26,859 - DEBUG - Seen 19102 genes until now
2021-11-17 11:11:26,859 - DEBUG - Parsing Chromosome 4 strand - [line 1065066]
2021-11-17 11:11:27,439 - DEBUG - Done with 4- [line 1117209]
2021-11-17 11:11:27,439 - DEBUG - Assigning indexes to genes
2021-11-17 11:11:27,448 - DEBUG - Seen 19972 genes until now
2021-11-17 11:11:27,448 - DEBUG - Parsing Chromosome 4 strand + [line 1117210]
2021-11-17 11:11:28,381 - DEBUG - Done with 4+ [line 1167049]
2021-11-17 11:11:28,381 - DEBUG - Assigning indexes to genes
2021-11-17 11:11:28,390 - DEBUG - Seen 20848 genes until now
2021-11-17 11:11:28,390 - DEBUG - Parsing Chromosome 5 strand - [line 1167050]
2021-11-17 11:11:29,050 - DEBUG - Done with 5- [line 1225395]
2021-11-17 11:11:29,050 - DEBUG - Assigning indexes to genes
2021-11-17 11:11:29,061 - DEBUG - Seen 21762 genes until now
2021-11-17 11:11:29,061 - DEBUG - Parsing Chromosome 5 strand + [line 1225396]
2021-11-17 11:11:29,723 - DEBUG - Done with 5+ [line 1284505]
2021-11-17 11:11:29,724 - DEBUG - Assigning indexes to genes
2021-11-17 11:11:29,737 - DEBUG - Seen 22701 genes until now
2021-11-17 11:11:29,737 - DEBUG - Parsing Chromosome 6 strand - [line 1284506]
2021-11-17 11:11:30,238 - DEBUG - Done with 6- [line 1330066]
2021-11-17 11:11:30,238 - DEBUG - Assigning indexes to genes
2021-11-17 11:11:30,247 - DEBUG - Seen 23564 genes until now
2021-11-17 11:11:30,247 - DEBUG - Parsing Chromosome 6 strand + [line 1330067]
2021-11-17 11:11:30,775 - DEBUG - Done with 6+ [line 1378331]
2021-11-17 11:11:30,775 - DEBUG - Assigning indexes to genes
2021-11-17 11:11:30,784 - DEBUG - Seen 24493 genes until now
2021-11-17 11:11:30,784 - DEBUG - Parsing Chromosome 7 strand - [line 1378332]
2021-11-17 11:11:31,588 - DEBUG - Done with 7- [line 1452549]
2021-11-17 11:11:31,588 - DEBUG - Assigning indexes to genes
2021-11-17 11:11:31,603 - DEBUG - Seen 25855 genes until now
2021-11-17 11:11:31,603 - DEBUG - Parsing Chromosome 7 strand + [line 1452550]
2021-11-17 11:11:32,931 - DEBUG - Done with 7+ [line 1523678]
2021-11-17 11:11:32,931 - DEBUG - Assigning indexes to genes
2021-11-17 11:11:32,945 - DEBUG - Seen 27096 genes until now
2021-11-17 11:11:32,945 - DEBUG - Parsing Chromosome 8 strand - [line 1523679]
2021-11-17 11:11:33,352 - DEBUG - Done with 8- [line 1559719]
2021-11-17 11:11:33,352 - DEBUG - Assigning indexes to genes
2021-11-17 11:11:33,359 - DEBUG - Seen 27820 genes until now
2021-11-17 11:11:33,359 - DEBUG - Parsing Chromosome 8 strand + [line 1559720]
2021-11-17 11:11:33,880 - DEBUG - Done with 8+ [line 1606795]
2021-11-17 11:11:33,881 - DEBUG - Assigning indexes to genes
2021-11-17 11:11:33,889 - DEBUG - Seen 28656 genes until now
2021-11-17 11:11:33,889 - DEBUG - Parsing Chromosome 9 strand - [line 1606796]
2021-11-17 11:11:34,467 - DEBUG - Done with 9- [line 1658478]
2021-11-17 11:11:34,468 - DEBUG - Assigning indexes to genes
2021-11-17 11:11:34,477 - DEBUG - Seen 29510 genes until now
2021-11-17 11:11:34,477 - DEBUG - Parsing Chromosome 9 strand + [line 1658479]
2021-11-17 11:11:35,064 - DEBUG - Done with 9+ [line 1712094]
2021-11-17 11:11:35,065 - DEBUG - Assigning indexes to genes
2021-11-17 11:11:35,076 - DEBUG - Seen 30441 genes until now
2021-11-17 11:11:35,076 - DEBUG - Parsing Chromosome M strand - [line 1712095]
2021-11-17 11:11:35,076 - DEBUG - Done with M- [line 1712101]
2021-11-17 11:11:35,076 - DEBUG - Assigning indexes to genes
2021-11-17 11:11:35,076 - DEBUG - Seen 30442 genes until now
2021-11-17 11:11:35,076 - DEBUG - Parsing Chromosome M strand + [line 1712102]
2021-11-17 11:11:35,077 - DEBUG - Done with M+ [line 1712175]
2021-11-17 11:11:35,077 - DEBUG - Assigning indexes to genes
2021-11-17 11:11:35,077 - DEBUG - Seen 30454 genes until now
2021-11-17 11:11:35,077 - DEBUG - Parsing Chromosome X strand - [line 1712176]
2021-11-17 11:11:35,379 - DEBUG - Done with X- [line 1739781]
2021-11-17 11:11:35,379 - DEBUG - Assigning indexes to genes
2021-11-17 11:11:35,384 - DEBUG - Seen 30981 genes until now
2021-11-17 11:11:35,384 - DEBUG - Parsing Chromosome X strand + [line 1739782]
2021-11-17 11:11:35,719 - DEBUG - Done with X+ [line 1770751]
2021-11-17 11:11:35,720 - DEBUG - Assigning indexes to genes
2021-11-17 11:11:35,725 - DEBUG - Seen 31560 genes until now
2021-11-17 11:11:35,725 - DEBUG - Parsing Chromosome Y strand - [line 1770752]
2021-11-17 11:11:35,779 - DEBUG - Done with Y- [line 1775246]
2021-11-17 11:11:35,779 - DEBUG - Assigning indexes to genes
2021-11-17 11:11:35,781 - DEBUG - Seen 31897 genes until now
2021-11-17 11:11:35,781 - DEBUG - Parsing Chromosome Y strand + [line 1775247]
2021-11-17 11:11:35,844 - DEBUG - Assigning indexes to genes
2021-11-17 11:11:35,846 - DEBUG - Done with Y+ [line 1780453]
2021-11-17 11:11:35,846 - DEBUG - Fixing corner cases of transcript models containg intron longer than 1000Kbp
2021-11-17 11:11:37,608 - DEBUG - Generated 1492231 features corresponding to 118153 transcript models from /research/peer/fdeckert/FD20200109SPLENO/data/mm10/cellranger/mm10-2020-A_build/gencode.vM23.primary_assembly.annotation.gtf.filtered
2021-11-17 11:11:37,628 - INFO - Load the repeat masking annotation from /research/peer/fdeckert/FD20200109SPLENO/data/mm10/cellranger/mm10-2020-A_build/mm10_rmsk.gtf
2021-11-17 11:11:37,629 - DEBUG - Reading /research/peer/fdeckert/FD20200109SPLENO/data/mm10/cellranger/mm10-2020-A_build/mm10_rmsk.gtf, the file will be sorted in memory
2021-11-17 11:12:30,530 - DEBUG - Processed masked annotation .gtf and generated 4252016 intervals to mask!
2021-11-17 11:12:30,866 - INFO - Scan /research/peer/fdeckert/FD20200109SPLENO/data/BSA_0355_SM01_10x_SPLENO/OUT/COUNT/M8_control_Mac_transcriptome/possorted_genome_bam.bam to validate intron intervals
2021-11-17 11:12:35,958 - DEBUG - Reading /research/peer/fdeckert/FD20200109SPLENO/data/BSA_0355_SM01_10x_SPLENO/OUT/COUNT/M8_control_Mac_transcriptome/possorted_genome_bam.bam
2021-11-17 11:12:35,976 - DEBUG - Read first 0 million reads
2021-11-17 11:12:35,982 - DEBUG - Marking up chromosome 1
2021-11-17 11:13:08,822 - DEBUG - Marking up chromosome 10
2021-11-17 11:13:33,477 - DEBUG - Marking up chromosome 11
2021-11-17 11:14:18,181 - DEBUG - Marking up chromosome 12
2021-11-17 11:14:37,308 - DEBUG - Marking up chromosome 13
2021-11-17 11:14:55,340 - DEBUG - Marking up chromosome 14
2021-11-17 11:15:15,155 - DEBUG - Marking up chromosome 15
2021-11-17 11:15:35,238 - DEBUG - Marking up chromosome 16
2021-11-17 11:15:51,118 - DEBUG - Marking up chromosome 17
2021-11-17 11:16:28,098 - DEBUG - Marking up chromosome 18
2021-11-17 11:16:46,023 - DEBUG - Marking up chromosome 19
2021-11-17 11:17:13,821 - DEBUG - Marking up chromosome 2
2021-11-17 11:17:23,855 - DEBUG - Read first 10 million reads
2021-11-17 11:17:56,705 - DEBUG - Marking up chromosome 3
2021-11-17 11:18:20,564 - DEBUG - Marking up chromosome 4
2021-11-17 11:18:49,393 - DEBUG - Marking up chromosome 5
2021-11-17 11:19:23,397 - DEBUG - Marking up chromosome 6
2021-11-17 11:19:50,899 - DEBUG - Marking up chromosome 7
2021-11-17 11:20:38,566 - DEBUG - Marking up chromosome 8
2021-11-17 11:21:00,880 - DEBUG - Marking up chromosome 9
2021-11-17 11:21:27,770 - DEBUG - Marking up chromosome MT
2021-11-17 11:21:27,802 - WARNING - The .bam file refers to a chromosome 'MT+' not present in the annotation (.gtf) file
2021-11-17 11:21:27,802 - WARNING - The .bam file refers to a chromosome 'MT-' not present in the annotation (.gtf) file
2021-11-17 11:21:32,447 - DEBUG - Marking up chromosome X
2021-11-17 11:21:54,466 - DEBUG - Marking up chromosome Y
2021-11-17 11:21:54,973 - DEBUG - Marking up chromosome JH584299.1
2021-11-17 11:21:54,975 - DEBUG - Marking up chromosome GL456233.1
2021-11-17 11:21:54,987 - DEBUG - Marking up chromosome GL456211.1
2021-11-17 11:21:54,996 - DEBUG - Marking up chromosome GL456221.1
2021-11-17 11:21:55,011 - DEBUG - Marking up chromosome JH584300.1
2021-11-17 11:21:55,014 - WARNING - The .bam file refers to a chromosome 'JH584300.1+' not present in the annotation (.gtf) file
2021-11-17 11:21:55,014 - WARNING - The .bam file refers to a chromosome 'JH584300.1-' not present in the annotation (.gtf) file
2021-11-17 11:21:55,054 - DEBUG - Marking up chromosome GL456219.1
2021-11-17 11:21:55,054 - WARNING - The .bam file refers to a chromosome 'GL456219.1+' not present in the annotation (.gtf) file
2021-11-17 11:21:55,054 - DEBUG - Marking up chromosome GL456210.1
2021-11-17 11:21:55,064 - DEBUG - Marking up chromosome GL456212.1
2021-11-17 11:21:55,064 - WARNING - The .bam file refers to a chromosome 'GL456212.1+' not present in the annotation (.gtf) file
2021-11-17 11:21:55,068 - DEBUG - Marking up chromosome JH584304.1
2021-11-17 11:21:55,068 - WARNING - The .bam file refers to a chromosome 'JH584304.1+' not present in the annotation (.gtf) file
2021-11-17 11:21:55,238 - DEBUG - Marking up chromosome GL456379.1
2021-11-17 11:21:55,238 - WARNING - The .bam file refers to a chromosome 'GL456379.1+' not present in the annotation (.gtf) file
2021-11-17 11:21:55,238 - WARNING - The .bam file refers to a chromosome 'GL456379.1-' not present in the annotation (.gtf) file
2021-11-17 11:21:55,240 - DEBUG - Marking up chromosome GL456216.1
2021-11-17 11:21:55,241 - WARNING - The .bam file refers to a chromosome 'GL456216.1-' not present in the annotation (.gtf) file
2021-11-17 11:21:55,260 - DEBUG - Marking up chromosome GL456393.1
2021-11-17 11:21:55,261 - WARNING - The .bam file refers to a chromosome 'GL456393.1+' not present in the annotation (.gtf) file
2021-11-17 11:21:55,261 - WARNING - The .bam file refers to a chromosome 'GL456393.1-' not present in the annotation (.gtf) file
2021-11-17 11:21:55,261 - DEBUG - Marking up chromosome GL456366.1
2021-11-17 11:21:55,261 - WARNING - The .bam file refers to a chromosome 'GL456366.1+' not present in the annotation (.gtf) file
2021-11-17 11:21:55,261 - WARNING - The .bam file refers to a chromosome 'GL456366.1-' not present in the annotation (.gtf) file
2021-11-17 11:21:55,261 - DEBUG - Marking up chromosome GL456367.1
2021-11-17 11:21:55,262 - WARNING - The .bam file refers to a chromosome 'GL456367.1+' not present in the annotation (.gtf) file
2021-11-17 11:21:55,262 - WARNING - The .bam file refers to a chromosome 'GL456367.1-' not present in the annotation (.gtf) file
2021-11-17 11:21:55,262 - DEBUG - Marking up chromosome GL456239.1
2021-11-17 11:21:55,262 - WARNING - The .bam file refers to a chromosome 'GL456239.1+' not present in the annotation (.gtf) file
2021-11-17 11:21:55,262 - WARNING - The .bam file refers to a chromosome 'GL456239.1-' not present in the annotation (.gtf) file
2021-11-17 11:21:55,263 - DEBUG - Marking up chromosome GL456378.1
2021-11-17 11:21:55,263 - WARNING - The .bam file refers to a chromosome 'GL456378.1+' not present in the annotation (.gtf) file
2021-11-17 11:21:55,263 - WARNING - The .bam file refers to a chromosome 'GL456378.1-' not present in the annotation (.gtf) file
2021-11-17 11:21:55,264 - DEBUG - Marking up chromosome GL456389.1
2021-11-17 11:21:55,264 - WARNING - The .bam file refers to a chromosome 'GL456389.1+' not present in the annotation (.gtf) file
2021-11-17 11:21:55,264 - WARNING - The .bam file refers to a chromosome 'GL456389.1-' not present in the annotation (.gtf) file
2021-11-17 11:21:55,264 - DEBUG - Marking up chromosome GL456372.1
2021-11-17 11:21:55,265 - WARNING - The .bam file refers to a chromosome 'GL456372.1+' not present in the annotation (.gtf) file
2021-11-17 11:21:55,265 - WARNING - The .bam file refers to a chromosome 'GL456372.1-' not present in the annotation (.gtf) file
2021-11-17 11:21:55,270 - DEBUG - Marking up chromosome GL456370.1
2021-11-17 11:21:55,271 - WARNING - The .bam file refers to a chromosome 'GL456370.1+' not present in the annotation (.gtf) file
2021-11-17 11:21:55,271 - WARNING - The .bam file refers to a chromosome 'GL456370.1-' not present in the annotation (.gtf) file
2021-11-17 11:21:55,275 - DEBUG - Marking up chromosome GL456390.1
2021-11-17 11:21:55,276 - WARNING - The .bam file refers to a chromosome 'GL456390.1+' not present in the annotation (.gtf) file
2021-11-17 11:21:55,276 - WARNING - The .bam file refers to a chromosome 'GL456390.1-' not present in the annotation (.gtf) file
2021-11-17 11:21:55,276 - DEBUG - Marking up chromosome GL456392.1
2021-11-17 11:21:55,276 - WARNING - The .bam file refers to a chromosome 'GL456392.1+' not present in the annotation (.gtf) file
2021-11-17 11:21:55,276 - WARNING - The .bam file refers to a chromosome 'GL456392.1-' not present in the annotation (.gtf) file
2021-11-17 11:21:55,277 - DEBUG - Marking up chromosome GL456382.1
2021-11-17 11:21:55,277 - WARNING - The .bam file refers to a chromosome 'GL456382.1+' not present in the annotation (.gtf) file
2021-11-17 11:21:55,277 - WARNING - The .bam file refers to a chromosome 'GL456382.1-' not present in the annotation (.gtf) file
2021-11-17 11:21:55,321 - DEBUG - Marking up chromosome JH584295.1
2021-11-17 11:21:55,321 - WARNING - The .bam file refers to a chromosome 'JH584295.1+' not present in the annotation (.gtf) file
2021-11-17 11:21:56,306 - DEBUG - Read first 20 million reads
2021-11-17 11:22:16,921 - DEBUG - End of file. Reset index: start scanning from initial position.
2021-11-17 11:22:16,948 - DEBUG - 444607 reads were skipped because no apropiate cell or umi barcode was found
2021-11-17 11:22:16,949 - DEBUG - Start molecule counting!
2021-11-17 11:22:24,472 - DEBUG - Features available for chromosomes : ['GL456210.1-', 'GL456210.1+', 'GL456211.1-', 'GL456211.1+', 'GL456212.1-', 'GL456216.1+', 'GL456219.1-', 'GL456221.1-', 'GL456221.1+', 'GL456233.1-', 'GL456233.1+', 'GL456350.1-', 'GL456354.1-', 'GL456354.1+', 'JH584292.1+', 'JH584293.1-', 'JH584293.1+', 'JH584294.1-', 'JH584294.1+', 'JH584295.1-', 'JH584296.1-', 'JH584297.1-', 'JH584297.1+', 'JH584298.1-', 'JH584298.1+', 'JH584299.1-', 'JH584299.1+', 'JH584303.1+', 'JH584304.1-', '1-', '1+', '10-', '10+', '11-', '11+', '12-', '12+', '13-', '13+', '14-', '14+', '15-', '15+', '16-', '16+', '17-', '17+', '18-', '18+', '19-', '19+', '2-', '2+', '3-', '3+', '4-', '4+', '5-', '5+', '6-', '6+', '7-', '7+', '8-', '8+', '9-', '9+', 'M-', 'M+', 'X-', 'X+', 'Y-', 'Y+']
2021-11-17 11:22:24,472 - DEBUG - Mask available for chromosomes : ['1-', '1+', '10-', '10+', '11-', '11+', '12-', '12+', '13-', '13+', '14-', '14+', '15-', '15+', '16-', '16+', '17-', '17+', '18-', '18+', '19-', '19+', '1_GL456210_random-', '1_GL456210_random+', '1_GL456211_random-', '1_GL456211_random+', '1_GL456212_random-', '1_GL456212_random+', '1_GL456213_random-', '1_GL456213_random+', '1_GL456221_random-', '1_GL456221_random+', '2-', '2+', '3-', '3+', '4-', '4+', '4_GL456216_random-', '4_GL456216_random+', '4_GL456350_random-', '4_GL456350_random+', '4_JH584292_random-', '4_JH584292_random+', '4_JH584293_random-', '4_JH584293_random+', '4_JH584294_random-', '4_JH584294_random+', '4_JH584295_random+', '5-', '5+', '5_GL456354_random-', '5_GL456354_random+', '5_JH584296_random-', '5_JH584296_random+', '5_JH584297_random-', '5_JH584297_random+', '5_JH584298_random-', '5_JH584298_random+', '5_JH584299_random-', '5_JH584299_random+', '6-', '6+', '7-', '7+', '7_GL456219_random-', '7_GL456219_random+', '8-', '8+', '9-', '9+', 'M-', 'M+', 'Un_GL456239-', 'Un_GL456239+', 'Un_GL456359-', 'Un_GL456359+', 'Un_GL456360-', 'Un_GL456360+', 'Un_GL456366-', 'Un_GL456366+', 'Un_GL456367-', 'Un_GL456367+', 'Un_GL456368-', 'Un_GL456368+', 'Un_GL456370+', 'Un_GL456372-', 'Un_GL456372+', 'Un_GL456378-', 'Un_GL456378+', 'Un_GL456379-', 'Un_GL456379+', 'Un_GL456381-', 'Un_GL456381+', 'Un_GL456382-', 'Un_GL456382+', 'Un_GL456383-', 'Un_GL456383+', 'Un_GL456385-', 'Un_GL456385+', 'Un_GL456387-', 'Un_GL456387+', 'Un_GL456389-', 'Un_GL456389+', 'Un_GL456390-', 'Un_GL456390+', 'Un_GL456392-', 'Un_GL456392+', 'Un_GL456393-', 'Un_GL456393+', 'Un_GL456394-', 'Un_GL456394+', 'Un_GL456396-', 'Un_GL456396+', 'Un_JH584304-', 'Un_JH584304+', 'X-', 'X+', 'X_GL456233_random-', 'X_GL456233_random+', 'Y-', 'Y+', 'Y_JH584300_random-', 'Y_JH584300_random+', 'Y_JH584301_random-', 'Y_JH584301_random+', 'Y_JH584302_random-', 'Y_JH584302_random+', 'Y_JH584303_random-']
2021-11-17 11:22:24,472 - DEBUG - Summarizing the results of intron validation.
2021-11-17 11:22:25,133 - DEBUG - Validated 111570 introns (of which unique intervals 41588) out of 687039 total possible introns (considering each possible transcript models).
2021-11-17 11:22:25,141 - DEBUG - Reading /research/peer/fdeckert/FD20200109SPLENO/data/BSA_0355_SM01_10x_SPLENO/OUT/COUNT/M8_control_Mac_transcriptome/cellsorted_possorted_genome_bam.bam
2021-11-17 11:22:25,203 - DEBUG - Read first 0 million reads
2021-11-17 11:22:45,398 - DEBUG - Counting for batch 1, containing 100 cells and 267835 reads
2021-11-17 11:23:09,116 - DEBUG - 21322 reads not considered because fully enclosed in repeat masked regions
2021-11-17 11:23:25,830 - DEBUG - Counting for batch 2, containing 100 cells and 265974 reads
2021-11-17 11:23:49,459 - DEBUG - 21929 reads not considered because fully enclosed in repeat masked regions
2021-11-17 11:24:06,146 - DEBUG - Counting for batch 3, containing 100 cells and 261231 reads
2021-11-17 11:24:29,184 - DEBUG - 21889 reads not considered because fully enclosed in repeat masked regions
2021-11-17 11:24:45,192 - DEBUG - Counting for batch 4, containing 100 cells and 256985 reads
2021-11-17 11:25:10,088 - DEBUG - 20714 reads not considered because fully enclosed in repeat masked regions
2021-11-17 11:25:25,953 - DEBUG - Counting for batch 5, containing 100 cells and 251394 reads
2021-11-17 11:25:48,685 - DEBUG - 20547 reads not considered because fully enclosed in repeat masked regions
2021-11-17 11:26:03,522 - DEBUG - Counting for batch 6, containing 100 cells and 228297 reads
2021-11-17 11:26:24,994 - DEBUG - 18167 reads not considered because fully enclosed in repeat masked regions
2021-11-17 11:26:40,926 - DEBUG - Counting for batch 7, containing 100 cells and 262706 reads
2021-11-17 11:27:04,183 - DEBUG - 22140 reads not considered because fully enclosed in repeat masked regions
2021-11-17 11:27:19,417 - DEBUG - Counting for batch 8, containing 100 cells and 237796 reads
2021-11-17 11:27:41,241 - DEBUG - 19191 reads not considered because fully enclosed in repeat masked regions
2021-11-17 11:27:57,143 - DEBUG - Counting for batch 9, containing 100 cells and 262729 reads
2021-11-17 11:28:20,363 - DEBUG - 21261 reads not considered because fully enclosed in repeat masked regions
2021-11-17 11:28:36,635 - DEBUG - Counting for batch 10, containing 100 cells and 246240 reads
2021-11-17 11:28:58,687 - DEBUG - 19695 reads not considered because fully enclosed in repeat masked regions
2021-11-17 11:29:15,964 - DEBUG - Counting for batch 11, containing 100 cells and 249230 reads
2021-11-17 11:29:38,388 - DEBUG - 20948 reads not considered because fully enclosed in repeat masked regions
2021-11-17 11:29:53,923 - DEBUG - Counting for batch 12, containing 100 cells and 245858 reads
2021-11-17 11:30:16,141 - DEBUG - 21030 reads not considered because fully enclosed in repeat masked regions
2021-11-17 11:30:33,493 - DEBUG - Counting for batch 13, containing 100 cells and 297289 reads
2021-11-17 11:30:59,780 - DEBUG - 24708 reads not considered because fully enclosed in repeat masked regions
2021-11-17 11:31:17,559 - DEBUG - Counting for batch 14, containing 100 cells and 231031 reads
2021-11-17 11:31:39,346 - DEBUG - 19145 reads not considered because fully enclosed in repeat masked regions
2021-11-17 11:31:54,124 - DEBUG - Counting for batch 15, containing 100 cells and 237938 reads
2021-11-17 11:32:16,192 - DEBUG - 19826 reads not considered because fully enclosed in repeat masked regions
2021-11-17 11:32:32,869 - DEBUG - Counting for batch 16, containing 100 cells and 287738 reads
2021-11-17 11:32:58,108 - DEBUG - 23390 reads not considered because fully enclosed in repeat masked regions
2021-11-17 11:33:16,851 - DEBUG - Counting for batch 17, containing 100 cells and 267188 reads
2021-11-17 11:33:40,627 - DEBUG - 22448 reads not considered because fully enclosed in repeat masked regions
2021-11-17 11:33:46,698 - DEBUG - Read first 10 million reads
2021-11-17 11:33:56,861 - DEBUG - Counting for batch 18, containing 100 cells and 254662 reads
2021-11-17 11:34:20,232 - DEBUG - 19927 reads not considered because fully enclosed in repeat masked regions
2021-11-17 11:34:35,284 - DEBUG - Counting for batch 19, containing 100 cells and 232031 reads
2021-11-17 11:34:57,112 - DEBUG - 19240 reads not considered because fully enclosed in repeat masked regions
2021-11-17 11:35:11,854 - DEBUG - Counting for batch 20, containing 100 cells and 239150 reads
2021-11-17 11:35:33,842 - DEBUG - 20511 reads not considered because fully enclosed in repeat masked regions
2021-11-17 11:35:49,219 - DEBUG - Counting for batch 21, containing 100 cells and 242434 reads
2021-11-17 11:36:11,897 - DEBUG - 20464 reads not considered because fully enclosed in repeat masked regions
2021-11-17 11:36:27,168 - DEBUG - Counting for batch 22, containing 100 cells and 248854 reads
2021-11-17 11:36:49,649 - DEBUG - 19974 reads not considered because fully enclosed in repeat masked regions
2021-11-17 11:37:07,489 - DEBUG - Counting for batch 23, containing 100 cells and 262272 reads
2021-11-17 11:37:30,904 - DEBUG - 21163 reads not considered because fully enclosed in repeat masked regions
2021-11-17 11:37:47,651 - DEBUG - Counting for batch 24, containing 100 cells and 265045 reads
2021-11-17 11:38:11,088 - DEBUG - 21535 reads not considered because fully enclosed in repeat masked regions
2021-11-17 11:38:26,713 - DEBUG - Counting for batch 25, containing 100 cells and 238615 reads
2021-11-17 11:38:48,691 - DEBUG - 19888 reads not considered because fully enclosed in repeat masked regions
2021-11-17 11:39:05,238 - DEBUG - Counting for batch 26, containing 100 cells and 278345 reads
2021-11-17 11:39:31,248 - DEBUG - 22761 reads not considered because fully enclosed in repeat masked regions
2021-11-17 11:39:47,857 - DEBUG - Counting for batch 27, containing 100 cells and 265387 reads
2021-11-17 11:40:12,125 - DEBUG - 22420 reads not considered because fully enclosed in repeat masked regions
2021-11-17 11:40:27,535 - DEBUG - Counting for batch 28, containing 100 cells and 228908 reads
2021-11-17 11:40:49,198 - DEBUG - 18555 reads not considered because fully enclosed in repeat masked regions
2021-11-17 11:41:03,807 - DEBUG - Counting for batch 29, containing 100 cells and 238175 reads
2021-11-17 11:41:26,085 - DEBUG - 19397 reads not considered because fully enclosed in repeat masked regions
2021-11-17 11:41:42,060 - DEBUG - Counting for batch 30, containing 100 cells and 267918 reads
2021-11-17 11:42:05,677 - DEBUG - 21903 reads not considered because fully enclosed in repeat masked regions
2021-11-17 11:42:20,459 - DEBUG - Counting for batch 31, containing 100 cells and 215134 reads
2021-11-17 11:42:40,948 - DEBUG - 17764 reads not considered because fully enclosed in repeat masked regions
2021-11-17 11:42:55,658 - DEBUG - Counting for batch 32, containing 100 cells and 252315 reads
2021-11-17 11:43:18,334 - DEBUG - 20954 reads not considered because fully enclosed in repeat masked regions
2021-11-17 11:43:35,584 - DEBUG - Counting for batch 33, containing 100 cells and 256939 reads
2021-11-17 11:43:58,771 - DEBUG - 21042 reads not considered because fully enclosed in repeat masked regions
2021-11-17 11:44:14,788 - DEBUG - Counting for batch 34, containing 100 cells and 254256 reads
2021-11-17 11:44:38,193 - DEBUG - 20838 reads not considered because fully enclosed in repeat masked regions
2021-11-17 11:44:54,593 - DEBUG - Counting for batch 35, containing 100 cells and 263336 reads
2021-11-17 11:45:18,347 - DEBUG - 22353 reads not considered because fully enclosed in repeat masked regions
2021-11-17 11:45:33,589 - DEBUG - Read first 20 million reads
2021-11-17 11:45:33,876 - DEBUG - Counting for batch 36, containing 100 cells and 239044 reads
2021-11-17 11:45:55,836 - DEBUG - 19657 reads not considered because fully enclosed in repeat masked regions
2021-11-17 11:46:12,657 - DEBUG - Counting for batch 37, containing 100 cells and 245212 reads
2021-11-17 11:46:35,109 - DEBUG - 20385 reads not considered because fully enclosed in repeat masked regions
2021-11-17 11:46:51,559 - DEBUG - Counting for batch 38, containing 100 cells and 268296 reads
2021-11-17 11:47:15,271 - DEBUG - 21709 reads not considered because fully enclosed in repeat masked regions
2021-11-17 11:47:30,822 - DEBUG - Counting for batch 39, containing 100 cells and 231201 reads
2021-11-17 11:47:52,715 - DEBUG - 18537 reads not considered because fully enclosed in repeat masked regions
2021-11-17 11:48:08,124 - DEBUG - Counting for batch 40, containing 100 cells and 254116 reads
2021-11-17 11:48:31,127 - DEBUG - 21227 reads not considered because fully enclosed in repeat masked regions
2021-11-17 11:48:48,061 - DEBUG - Counting for batch 41, containing 100 cells and 225881 reads
2021-11-17 11:49:09,461 - DEBUG - 18197 reads not considered because fully enclosed in repeat masked regions
2021-11-17 11:49:24,123 - DEBUG - Counting for batch 42, containing 100 cells and 236572 reads
2021-11-17 11:49:46,514 - DEBUG - 19521 reads not considered because fully enclosed in repeat masked regions
2021-11-17 11:50:00,769 - DEBUG - Counting for batch 43, containing 100 cells and 222149 reads
2021-11-17 11:50:21,869 - DEBUG - 17531 reads not considered because fully enclosed in repeat masked regions
2021-11-17 11:50:36,594 - DEBUG - Counting for batch 44, containing 100 cells and 248264 reads
2021-11-17 11:50:59,324 - DEBUG - 20527 reads not considered because fully enclosed in repeat masked regions
2021-11-17 11:51:13,743 - DEBUG - Counting for batch 45, containing 100 cells and 224028 reads
2021-11-17 11:51:34,784 - DEBUG - 18002 reads not considered because fully enclosed in repeat masked regions
2021-11-17 11:51:49,788 - DEBUG - Counting for batch 46, containing 100 cells and 244024 reads
2021-11-17 11:52:12,700 - DEBUG - 20188 reads not considered because fully enclosed in repeat masked regions
2021-11-17 11:52:20,670 - DEBUG - Counting for batch 47, containing 27 cells and 63081 reads
2021-11-17 11:52:30,212 - DEBUG - 5475 reads not considered because fully enclosed in repeat masked regions
2021-11-17 11:52:31,599 - DEBUG - 444607 reads were skipped because no apropiate cell or umi barcode was found
2021-11-17 11:52:31,600 - DEBUG - Counting done!
2021-11-17 11:52:31,615 - DEBUG - Generating output file data/BSA_0355_SM01_10x_SPLENO/OUT/COUNT/M8_control_Mac_transcriptome/velocyto.loom
2021-11-17 11:52:31,615 - DEBUG - Collecting row attributes
2021-11-17 11:52:31,786 - DEBUG - Generating data table
2021-11-17 11:52:33,397 - DEBUG - Writing loom file
2021-11-17 11:52:34,839 - DEBUG - Creating converter from 5 to 3
2021-11-17 11:52:34,877 - DEBUG - Creating converter from 3 to 5
2021-11-17 11:52:47,915 - DEBUG - Terminated Succesfully!
