2021-11-17 11:11:01,138 - DEBUG - Using logic: ValidatedIntrons10X
2021-11-17 11:11:01,170 - INFO - Read 6320 cell barcodes from /research/peer/fdeckert/FD20200109SPLENO/data/BSA_0355_SM01_10x_SPLENO/OUT/COUNT/M8_control_Prog_transcriptome/filtered_feature_bc_matrix/barcodes.tsv.gz
2021-11-17 11:11:01,170 - DEBUG - Example of barcode: AAACCCAAGGGAGTTC and cell_id: velocyto:AAACCCAAGGGAGTTC-1
2021-11-17 11:11:01,187 - DEBUG - Peeking into /research/peer/fdeckert/FD20200109SPLENO/data/BSA_0355_SM01_10x_SPLENO/OUT/COUNT/M8_control_Prog_transcriptome/possorted_genome_bam.bam
2021-11-17 11:11:01,276 - WARNING - Not found cell and umi barcode in entry 5 of the bam file
2021-11-17 11:11:01,284 - WARNING - Not found cell and umi barcode in entry 150 of the bam file
2021-11-17 11:11:01,284 - WARNING - Not found cell and umi barcode in entry 151 of the bam file
2021-11-17 11:11:01,284 - WARNING - Not found cell and umi barcode in entry 172 of the bam file
2021-11-17 11:11:01,285 - WARNING - Not found cell and umi barcode in entry 173 of the bam file
2021-11-17 11:11:01,285 - WARNING - Not found cell and umi barcode in entry 203 of the bam file
2021-11-17 11:11:01,285 - WARNING - Not found cell and umi barcode in entry 263 of the bam file
2021-11-17 11:11:01,285 - WARNING - Not found cell and umi barcode in entry 272 of the bam file
2021-11-17 11:11:01,285 - WARNING - Not found cell and umi barcode in entry 273 of the bam file
2021-11-17 11:11:01,286 - WARNING - Not found cell and umi barcode in entry 383 of the bam file
2021-11-17 11:11:01,287 - WARNING - Not found cell and umi barcode in entry 411 of the bam file
2021-11-17 11:11:01,287 - WARNING - Not found cell and umi barcode in entry 426 of the bam file
2021-11-17 11:11:01,287 - WARNING - Not found cell and umi barcode in entry 428 of the bam file
2021-11-17 11:11:01,287 - WARNING - Not found cell and umi barcode in entry 431 of the bam file
2021-11-17 11:11:01,287 - WARNING - Not found cell and umi barcode in entry 436 of the bam file
2021-11-17 11:11:01,303 - WARNING - Not found cell and umi barcode in entry 437 of the bam file
2021-11-17 11:11:01,303 - WARNING - Not found cell and umi barcode in entry 477 of the bam file
2021-11-17 11:11:01,303 - WARNING - Not found cell and umi barcode in entry 503 of the bam file
2021-11-17 11:11:01,303 - WARNING - Not found cell and umi barcode in entry 511 of the bam file
2021-11-17 11:11:01,304 - WARNING - Not found cell and umi barcode in entry 522 of the bam file
2021-11-17 11:11:01,304 - WARNING - Not found cell and umi barcode in entry 552 of the bam file
2021-11-17 11:11:01,304 - WARNING - Not found cell and umi barcode in entry 554 of the bam file
2021-11-17 11:11:01,304 - WARNING - Not found cell and umi barcode in entry 562 of the bam file
2021-11-17 11:11:01,305 - WARNING - Not found cell and umi barcode in entry 636 of the bam file
2021-11-17 11:11:01,305 - WARNING - Not found cell and umi barcode in entry 637 of the bam file
2021-11-17 11:11:01,305 - WARNING - Not found cell and umi barcode in entry 638 of the bam file
2021-11-17 11:11:01,305 - WARNING - Not found cell and umi barcode in entry 654 of the bam file
2021-11-17 11:11:01,305 - WARNING - Not found cell and umi barcode in entry 656 of the bam file
2021-11-17 11:11:01,305 - WARNING - Not found cell and umi barcode in entry 663 of the bam file
2021-11-17 11:11:01,306 - WARNING - Not found cell and umi barcode in entry 666 of the bam file
2021-11-17 11:11:01,306 - WARNING - Not found cell and umi barcode in entry 695 of the bam file
2021-11-17 11:11:01,306 - WARNING - Not found cell and umi barcode in entry 709 of the bam file
2021-11-17 11:11:01,315 - WARNING - Not found cell and umi barcode in entry 758 of the bam file
2021-11-17 11:11:01,315 - WARNING - Not found cell and umi barcode in entry 767 of the bam file
2021-11-17 11:11:01,316 - WARNING - Not found cell and umi barcode in entry 816 of the bam file
2021-11-17 11:11:01,316 - WARNING - Not found cell and umi barcode in entry 817 of the bam file
2021-11-17 11:11:01,317 - WARNING - Not found cell and umi barcode in entry 953 of the bam file
2021-11-17 11:11:01,317 - WARNING - Not found cell and umi barcode in entry 965 of the bam file
2021-11-17 11:11:01,317 - WARNING - Not found cell and umi barcode in entry 972 of the bam file
2021-11-17 11:11:01,317 - WARNING - Not found cell and umi barcode in entry 977 of the bam file
2021-11-17 11:11:01,331 - WARNING - The file /research/peer/fdeckert/FD20200109SPLENO/data/BSA_0355_SM01_10x_SPLENO/OUT/COUNT/M8_control_Prog_transcriptome/cellsorted_possorted_genome_bam.bam already exists. The sorting step will be skipped and the existing file will be used.
2021-11-17 11:11:01,332 - INFO - Load the annotation from /research/peer/fdeckert/FD20200109SPLENO/data/mm10/cellranger/mm10-2020-A_build/gencode.vM23.primary_assembly.annotation.gtf.filtered
2021-11-17 11:11:08,815 - DEBUG - Parsing Chromosome GL456210.1 strand - [line 0]
2021-11-17 11:11:08,815 - DEBUG - Done with GL456210.1- [line 27]
2021-11-17 11:11:08,815 - DEBUG - Assigning indexes to genes
2021-11-17 11:11:08,815 - DEBUG - Seen 3 genes until now
2021-11-17 11:11:08,815 - DEBUG - Parsing Chromosome GL456210.1 strand + [line 28]
2021-11-17 11:11:08,816 - DEBUG - Done with GL456210.1+ [line 43]
2021-11-17 11:11:08,816 - DEBUG - Assigning indexes to genes
2021-11-17 11:11:08,816 - DEBUG - Seen 5 genes until now
2021-11-17 11:11:08,816 - DEBUG - Parsing Chromosome GL456211.1 strand - [line 44]
2021-11-17 11:11:08,816 - DEBUG - Done with GL456211.1- [line 74]
2021-11-17 11:11:08,816 - DEBUG - Assigning indexes to genes
2021-11-17 11:11:08,816 - DEBUG - Seen 9 genes until now
2021-11-17 11:11:08,816 - DEBUG - Parsing Chromosome GL456211.1 strand + [line 75]
2021-11-17 11:11:08,817 - DEBUG - Done with GL456211.1+ [line 101]
2021-11-17 11:11:08,817 - DEBUG - Assigning indexes to genes
2021-11-17 11:11:08,817 - DEBUG - Seen 11 genes until now
2021-11-17 11:11:08,817 - DEBUG - Parsing Chromosome GL456212.1 strand - [line 102]
2021-11-17 11:11:08,817 - DEBUG - Done with GL456212.1- [line 137]
2021-11-17 11:11:08,817 - DEBUG - Assigning indexes to genes
2021-11-17 11:11:08,817 - DEBUG - Seen 13 genes until now
2021-11-17 11:11:08,817 - DEBUG - Parsing Chromosome GL456216.1 strand + [line 138]
2021-11-17 11:11:08,818 - DEBUG - Done with GL456216.1+ [line 157]
2021-11-17 11:11:08,818 - DEBUG - Assigning indexes to genes
2021-11-17 11:11:08,818 - DEBUG - Seen 14 genes until now
2021-11-17 11:11:08,818 - DEBUG - Parsing Chromosome GL456219.1 strand - [line 158]
2021-11-17 11:11:08,818 - DEBUG - Done with GL456219.1- [line 171]
2021-11-17 11:11:08,818 - DEBUG - Assigning indexes to genes
2021-11-17 11:11:08,818 - DEBUG - Seen 16 genes until now
2021-11-17 11:11:08,818 - DEBUG - Parsing Chromosome GL456221.1 strand - [line 172]
2021-11-17 11:11:08,819 - DEBUG - Done with GL456221.1- [line 217]
2021-11-17 11:11:08,819 - DEBUG - Assigning indexes to genes
2021-11-17 11:11:08,819 - DEBUG - Seen 20 genes until now
2021-11-17 11:11:08,819 - DEBUG - Parsing Chromosome GL456221.1 strand + [line 218]
2021-11-17 11:11:08,819 - DEBUG - Done with GL456221.1+ [line 237]
2021-11-17 11:11:08,819 - DEBUG - Assigning indexes to genes
2021-11-17 11:11:08,819 - DEBUG - Seen 23 genes until now
2021-11-17 11:11:08,819 - DEBUG - Parsing Chromosome GL456233.1 strand - [line 238]
2021-11-17 11:11:08,820 - DEBUG - Done with GL456233.1- [line 269]
2021-11-17 11:11:08,820 - DEBUG - Assigning indexes to genes
2021-11-17 11:11:08,820 - DEBUG - Seen 25 genes until now
2021-11-17 11:11:08,820 - DEBUG - Parsing Chromosome GL456233.1 strand + [line 270]
2021-11-17 11:11:08,820 - DEBUG - Done with GL456233.1+ [line 300]
2021-11-17 11:11:08,820 - DEBUG - Assigning indexes to genes
2021-11-17 11:11:08,820 - DEBUG - Seen 27 genes until now
2021-11-17 11:11:08,820 - DEBUG - Parsing Chromosome GL456350.1 strand - [line 301]
2021-11-17 11:11:08,821 - DEBUG - Done with GL456350.1- [line 362]
2021-11-17 11:11:08,821 - DEBUG - Assigning indexes to genes
2021-11-17 11:11:08,821 - DEBUG - Seen 32 genes until now
2021-11-17 11:11:08,821 - DEBUG - Parsing Chromosome GL456354.1 strand - [line 363]
2021-11-17 11:11:08,821 - DEBUG - Done with GL456354.1- [line 398]
2021-11-17 11:11:08,821 - DEBUG - Assigning indexes to genes
2021-11-17 11:11:08,822 - DEBUG - Seen 35 genes until now
2021-11-17 11:11:08,822 - DEBUG - Parsing Chromosome GL456354.1 strand + [line 399]
2021-11-17 11:11:08,822 - DEBUG - Done with GL456354.1+ [line 420]
2021-11-17 11:11:08,822 - DEBUG - Assigning indexes to genes
2021-11-17 11:11:08,822 - DEBUG - Seen 37 genes until now
2021-11-17 11:11:08,822 - DEBUG - Parsing Chromosome JH584292.1 strand + [line 421]
2021-11-17 11:11:08,823 - DEBUG - Done with JH584292.1+ [line 496]
2021-11-17 11:11:08,823 - DEBUG - Assigning indexes to genes
2021-11-17 11:11:08,823 - DEBUG - Seen 38 genes until now
2021-11-17 11:11:08,823 - DEBUG - Parsing Chromosome JH584293.1 strand - [line 497]
2021-11-17 11:11:08,823 - DEBUG - Done with JH584293.1- [line 569]
2021-11-17 11:11:08,823 - DEBUG - Assigning indexes to genes
2021-11-17 11:11:08,823 - DEBUG - Seen 44 genes until now
2021-11-17 11:11:08,824 - DEBUG - Parsing Chromosome JH584293.1 strand + [line 570]
2021-11-17 11:11:08,824 - DEBUG - Done with JH584293.1+ [line 613]
2021-11-17 11:11:08,824 - DEBUG - Assigning indexes to genes
2021-11-17 11:11:08,824 - DEBUG - Seen 47 genes until now
2021-11-17 11:11:08,824 - DEBUG - Parsing Chromosome JH584294.1 strand - [line 614]
2021-11-17 11:11:08,825 - DEBUG - Done with JH584294.1- [line 681]
2021-11-17 11:11:08,825 - DEBUG - Assigning indexes to genes
2021-11-17 11:11:08,825 - DEBUG - Seen 51 genes until now
2021-11-17 11:11:08,825 - DEBUG - Parsing Chromosome JH584294.1 strand + [line 682]
2021-11-17 11:11:08,825 - DEBUG - Done with JH584294.1+ [line 708]
2021-11-17 11:11:08,825 - DEBUG - Assigning indexes to genes
2021-11-17 11:11:08,825 - DEBUG - Seen 53 genes until now
2021-11-17 11:11:08,825 - DEBUG - Parsing Chromosome JH584295.1 strand - [line 709]
2021-11-17 11:11:08,826 - DEBUG - Done with JH584295.1- [line 724]
2021-11-17 11:11:08,826 - DEBUG - Assigning indexes to genes
2021-11-17 11:11:08,826 - DEBUG - Seen 54 genes until now
2021-11-17 11:11:08,826 - DEBUG - Parsing Chromosome JH584296.1 strand - [line 725]
2021-11-17 11:11:08,826 - DEBUG - Done with JH584296.1- [line 755]
2021-11-17 11:11:08,826 - DEBUG - Assigning indexes to genes
2021-11-17 11:11:08,826 - DEBUG - Seen 57 genes until now
2021-11-17 11:11:08,826 - DEBUG - Parsing Chromosome JH584297.1 strand - [line 756]
2021-11-17 11:11:08,826 - DEBUG - Done with JH584297.1- [line 775]
2021-11-17 11:11:08,827 - DEBUG - Assigning indexes to genes
2021-11-17 11:11:08,827 - DEBUG - Seen 59 genes until now
2021-11-17 11:11:08,827 - DEBUG - Parsing Chromosome JH584297.1 strand + [line 776]
2021-11-17 11:11:08,827 - DEBUG - Done with JH584297.1+ [line 784]
2021-11-17 11:11:08,827 - DEBUG - Assigning indexes to genes
2021-11-17 11:11:08,827 - DEBUG - Seen 60 genes until now
2021-11-17 11:11:08,827 - DEBUG - Parsing Chromosome JH584298.1 strand - [line 785]
2021-11-17 11:11:08,827 - DEBUG - Done with JH584298.1- [line 795]
2021-11-17 11:11:08,827 - DEBUG - Assigning indexes to genes
2021-11-17 11:11:08,827 - DEBUG - Seen 61 genes until now
2021-11-17 11:11:08,828 - DEBUG - Parsing Chromosome JH584298.1 strand + [line 796]
2021-11-17 11:11:08,828 - DEBUG - Done with JH584298.1+ [line 817]
2021-11-17 11:11:08,828 - DEBUG - Assigning indexes to genes
2021-11-17 11:11:08,828 - DEBUG - Seen 63 genes until now
2021-11-17 11:11:08,828 - DEBUG - Parsing Chromosome JH584299.1 strand - [line 818]
2021-11-17 11:11:08,828 - DEBUG - Done with JH584299.1- [line 828]
2021-11-17 11:11:08,828 - DEBUG - Assigning indexes to genes
2021-11-17 11:11:08,828 - DEBUG - Seen 64 genes until now
2021-11-17 11:11:08,828 - DEBUG - Parsing Chromosome JH584299.1 strand + [line 829]
2021-11-17 11:11:08,829 - DEBUG - Done with JH584299.1+ [line 950]
2021-11-17 11:11:08,829 - DEBUG - Assigning indexes to genes
2021-11-17 11:11:08,829 - DEBUG - Seen 75 genes until now
2021-11-17 11:11:08,829 - DEBUG - Parsing Chromosome JH584303.1 strand + [line 951]
2021-11-17 11:11:08,829 - DEBUG - Done with JH584303.1+ [line 955]
2021-11-17 11:11:08,829 - DEBUG - Assigning indexes to genes
2021-11-17 11:11:08,830 - DEBUG - Seen 76 genes until now
2021-11-17 11:11:08,830 - DEBUG - Parsing Chromosome JH584304.1 strand - [line 956]
2021-11-17 11:11:08,830 - DEBUG - Done with JH584304.1- [line 988]
2021-11-17 11:11:08,830 - DEBUG - Assigning indexes to genes
2021-11-17 11:11:08,830 - DEBUG - Seen 77 genes until now
2021-11-17 11:11:08,830 - DEBUG - Parsing Chromosome 1 strand - [line 989]
2021-11-17 11:11:09,449 - DEBUG - Done with 1- [line 57063]
2021-11-17 11:11:09,449 - DEBUG - Assigning indexes to genes
2021-11-17 11:11:09,456 - DEBUG - Seen 966 genes until now
2021-11-17 11:11:09,456 - DEBUG - Parsing Chromosome 1 strand + [line 57064]
2021-11-17 11:11:10,017 - DEBUG - Done with 1+ [line 111842]
2021-11-17 11:11:10,018 - DEBUG - Assigning indexes to genes
2021-11-17 11:11:10,024 - DEBUG - Seen 1876 genes until now
2021-11-17 11:11:10,024 - DEBUG - Parsing Chromosome 10 strand - [line 111843]
2021-11-17 11:11:10,342 - DEBUG - Done with 10- [line 152030]
2021-11-17 11:11:10,343 - DEBUG - Assigning indexes to genes
2021-11-17 11:11:10,348 - DEBUG - Seen 2638 genes until now
2021-11-17 11:11:10,349 - DEBUG - Parsing Chromosome 10 strand + [line 152031]
2021-11-17 11:11:10,857 - DEBUG - Done with 10+ [line 194968]
2021-11-17 11:11:10,857 - DEBUG - Assigning indexes to genes
2021-11-17 11:11:10,865 - DEBUG - Seen 3448 genes until now
2021-11-17 11:11:10,866 - DEBUG - Parsing Chromosome 11 strand - [line 194969]
2021-11-17 11:11:11,569 - DEBUG - Done with 11- [line 257480]
2021-11-17 11:11:11,569 - DEBUG - Assigning indexes to genes
2021-11-17 11:11:11,581 - DEBUG - Seen 4518 genes until now
2021-11-17 11:11:11,581 - DEBUG - Parsing Chromosome 11 strand + [line 257481]
2021-11-17 11:11:12,492 - DEBUG - Done with 11+ [line 320172]
2021-11-17 11:11:12,493 - DEBUG - Assigning indexes to genes
2021-11-17 11:11:12,504 - DEBUG - Seen 5535 genes until now
2021-11-17 11:11:12,504 - DEBUG - Parsing Chromosome 12 strand - [line 320173]
2021-11-17 11:11:12,785 - DEBUG - Done with 12- [line 345502]
2021-11-17 11:11:12,786 - DEBUG - Assigning indexes to genes
2021-11-17 11:11:12,791 - DEBUG - Seen 6300 genes until now
2021-11-17 11:11:12,791 - DEBUG - Parsing Chromosome 12 strand + [line 345503]
2021-11-17 11:11:13,189 - DEBUG - Done with 12+ [line 380229]
2021-11-17 11:11:13,190 - DEBUG - Assigning indexes to genes
2021-11-17 11:11:13,197 - DEBUG - Seen 6877 genes until now
2021-11-17 11:11:13,197 - DEBUG - Parsing Chromosome 13 strand - [line 380230]
2021-11-17 11:11:13,580 - DEBUG - Done with 13- [line 414645]
2021-11-17 11:11:13,581 - DEBUG - Assigning indexes to genes
2021-11-17 11:11:13,588 - DEBUG - Seen 7611 genes until now
2021-11-17 11:11:13,588 - DEBUG - Parsing Chromosome 13 strand + [line 414646]
2021-11-17 11:11:13,884 - DEBUG - Done with 13+ [line 441742]
2021-11-17 11:11:13,884 - DEBUG - Assigning indexes to genes
2021-11-17 11:11:13,890 - DEBUG - Seen 8318 genes until now
2021-11-17 11:11:13,890 - DEBUG - Parsing Chromosome 14 strand - [line 441743]
2021-11-17 11:11:14,653 - DEBUG - Done with 14- [line 478634]
2021-11-17 11:11:14,653 - DEBUG - Assigning indexes to genes
2021-11-17 11:11:14,660 - DEBUG - Seen 9014 genes until now
2021-11-17 11:11:14,660 - DEBUG - Parsing Chromosome 14 strand + [line 478635]
2021-11-17 11:11:15,028 - DEBUG - Done with 14+ [line 512401]
2021-11-17 11:11:15,028 - DEBUG - Assigning indexes to genes
2021-11-17 11:11:15,035 - DEBUG - Seen 9849 genes until now
2021-11-17 11:11:15,035 - DEBUG - Parsing Chromosome 15 strand - [line 512402]
2021-11-17 11:11:15,445 - DEBUG - Done with 15- [line 549004]
2021-11-17 11:11:15,445 - DEBUG - Assigning indexes to genes
2021-11-17 11:11:15,451 - DEBUG - Seen 10439 genes until now
2021-11-17 11:11:15,452 - DEBUG - Parsing Chromosome 15 strand + [line 549005]
2021-11-17 11:11:15,795 - DEBUG - Done with 15+ [line 580047]
2021-11-17 11:11:15,795 - DEBUG - Assigning indexes to genes
2021-11-17 11:11:15,801 - DEBUG - Seen 10983 genes until now
2021-11-17 11:11:15,801 - DEBUG - Parsing Chromosome 16 strand - [line 580048]
2021-11-17 11:11:16,103 - DEBUG - Done with 16- [line 607192]
2021-11-17 11:11:16,103 - DEBUG - Assigning indexes to genes
2021-11-17 11:11:16,108 - DEBUG - Seen 11469 genes until now
2021-11-17 11:11:16,108 - DEBUG - Parsing Chromosome 16 strand + [line 607193]
2021-11-17 11:11:16,734 - DEBUG - Done with 16+ [line 637997]
2021-11-17 11:11:16,735 - DEBUG - Assigning indexes to genes
2021-11-17 11:11:16,740 - DEBUG - Seen 11933 genes until now
2021-11-17 11:11:16,740 - DEBUG - Parsing Chromosome 17 strand - [line 637998]
2021-11-17 11:11:17,230 - DEBUG - Done with 17- [line 681830]
2021-11-17 11:11:17,231 - DEBUG - Assigning indexes to genes
2021-11-17 11:11:17,239 - DEBUG - Seen 12652 genes until now
2021-11-17 11:11:17,239 - DEBUG - Parsing Chromosome 17 strand + [line 681831]
2021-11-17 11:11:17,761 - DEBUG - Done with 17+ [line 729330]
2021-11-17 11:11:17,761 - DEBUG - Assigning indexes to genes
2021-11-17 11:11:17,770 - DEBUG - Seen 13379 genes until now
2021-11-17 11:11:17,770 - DEBUG - Parsing Chromosome 18 strand - [line 729331]
2021-11-17 11:11:17,979 - DEBUG - Done with 18- [line 748063]
2021-11-17 11:11:17,980 - DEBUG - Assigning indexes to genes
2021-11-17 11:11:17,983 - DEBUG - Seen 13744 genes until now
2021-11-17 11:11:17,983 - DEBUG - Parsing Chromosome 18 strand + [line 748064]
2021-11-17 11:11:18,267 - DEBUG - Done with 18+ [line 774053]
2021-11-17 11:11:18,267 - DEBUG - Assigning indexes to genes
2021-11-17 11:11:18,272 - DEBUG - Seen 14196 genes until now
2021-11-17 11:11:18,272 - DEBUG - Parsing Chromosome 19 strand - [line 774054]
2021-11-17 11:11:18,634 - DEBUG - Done with 19- [line 806361]
2021-11-17 11:11:18,635 - DEBUG - Assigning indexes to genes
2021-11-17 11:11:18,640 - DEBUG - Seen 14666 genes until now
2021-11-17 11:11:18,640 - DEBUG - Parsing Chromosome 19 strand + [line 806362]
2021-11-17 11:11:18,950 - DEBUG - Done with 19+ [line 834536]
2021-11-17 11:11:18,950 - DEBUG - Assigning indexes to genes
2021-11-17 11:11:18,955 - DEBUG - Seen 15155 genes until now
2021-11-17 11:11:18,955 - DEBUG - Parsing Chromosome 2 strand - [line 834537]
2021-11-17 11:11:20,141 - DEBUG - Done with 2- [line 911094]
2021-11-17 11:11:20,141 - DEBUG - Assigning indexes to genes
2021-11-17 11:11:20,155 - DEBUG - Seen 16361 genes until now
2021-11-17 11:11:20,155 - DEBUG - Parsing Chromosome 2 strand + [line 911095]
2021-11-17 11:11:20,941 - DEBUG - Done with 2+ [line 982171]
2021-11-17 11:11:20,941 - DEBUG - Assigning indexes to genes
2021-11-17 11:11:20,955 - DEBUG - Seen 17581 genes until now
2021-11-17 11:11:20,955 - DEBUG - Parsing Chromosome 3 strand - [line 982172]
2021-11-17 11:11:21,318 - DEBUG - Done with 3- [line 1021471]
2021-11-17 11:11:21,318 - DEBUG - Assigning indexes to genes
2021-11-17 11:11:21,323 - DEBUG - Seen 18356 genes until now
2021-11-17 11:11:21,323 - DEBUG - Parsing Chromosome 3 strand + [line 1021472]
2021-11-17 11:11:21,651 - DEBUG - Done with 3+ [line 1065065]
2021-11-17 11:11:21,652 - DEBUG - Assigning indexes to genes
2021-11-17 11:11:21,657 - DEBUG - Seen 19102 genes until now
2021-11-17 11:11:21,657 - DEBUG - Parsing Chromosome 4 strand - [line 1065066]
2021-11-17 11:11:22,054 - DEBUG - Done with 4- [line 1117209]
2021-11-17 11:11:22,054 - DEBUG - Assigning indexes to genes
2021-11-17 11:11:22,060 - DEBUG - Seen 19972 genes until now
2021-11-17 11:11:22,060 - DEBUG - Parsing Chromosome 4 strand + [line 1117210]
2021-11-17 11:11:22,749 - DEBUG - Done with 4+ [line 1167049]
2021-11-17 11:11:22,750 - DEBUG - Assigning indexes to genes
2021-11-17 11:11:22,756 - DEBUG - Seen 20848 genes until now
2021-11-17 11:11:22,756 - DEBUG - Parsing Chromosome 5 strand - [line 1167050]
2021-11-17 11:11:23,203 - DEBUG - Done with 5- [line 1225395]
2021-11-17 11:11:23,203 - DEBUG - Assigning indexes to genes
2021-11-17 11:11:23,211 - DEBUG - Seen 21762 genes until now
2021-11-17 11:11:23,211 - DEBUG - Parsing Chromosome 5 strand + [line 1225396]
2021-11-17 11:11:23,664 - DEBUG - Done with 5+ [line 1284505]
2021-11-17 11:11:23,664 - DEBUG - Assigning indexes to genes
2021-11-17 11:11:23,674 - DEBUG - Seen 22701 genes until now
2021-11-17 11:11:23,674 - DEBUG - Parsing Chromosome 6 strand - [line 1284506]
2021-11-17 11:11:24,016 - DEBUG - Done with 6- [line 1330066]
2021-11-17 11:11:24,016 - DEBUG - Assigning indexes to genes
2021-11-17 11:11:24,022 - DEBUG - Seen 23564 genes until now
2021-11-17 11:11:24,022 - DEBUG - Parsing Chromosome 6 strand + [line 1330067]
2021-11-17 11:11:24,382 - DEBUG - Done with 6+ [line 1378331]
2021-11-17 11:11:24,382 - DEBUG - Assigning indexes to genes
2021-11-17 11:11:24,389 - DEBUG - Seen 24493 genes until now
2021-11-17 11:11:24,389 - DEBUG - Parsing Chromosome 7 strand - [line 1378332]
2021-11-17 11:11:24,939 - DEBUG - Done with 7- [line 1452549]
2021-11-17 11:11:24,939 - DEBUG - Assigning indexes to genes
2021-11-17 11:11:24,950 - DEBUG - Seen 25855 genes until now
2021-11-17 11:11:24,950 - DEBUG - Parsing Chromosome 7 strand + [line 1452550]
2021-11-17 11:11:25,839 - DEBUG - Done with 7+ [line 1523678]
2021-11-17 11:11:25,840 - DEBUG - Assigning indexes to genes
2021-11-17 11:11:25,850 - DEBUG - Seen 27096 genes until now
2021-11-17 11:11:25,850 - DEBUG - Parsing Chromosome 8 strand - [line 1523679]
2021-11-17 11:11:26,127 - DEBUG - Done with 8- [line 1559719]
2021-11-17 11:11:26,128 - DEBUG - Assigning indexes to genes
2021-11-17 11:11:26,132 - DEBUG - Seen 27820 genes until now
2021-11-17 11:11:26,132 - DEBUG - Parsing Chromosome 8 strand + [line 1559720]
2021-11-17 11:11:26,489 - DEBUG - Done with 8+ [line 1606795]
2021-11-17 11:11:26,489 - DEBUG - Assigning indexes to genes
2021-11-17 11:11:26,495 - DEBUG - Seen 28656 genes until now
2021-11-17 11:11:26,495 - DEBUG - Parsing Chromosome 9 strand - [line 1606796]
2021-11-17 11:11:26,889 - DEBUG - Done with 9- [line 1658478]
2021-11-17 11:11:26,890 - DEBUG - Assigning indexes to genes
2021-11-17 11:11:26,896 - DEBUG - Seen 29510 genes until now
2021-11-17 11:11:26,896 - DEBUG - Parsing Chromosome 9 strand + [line 1658479]
2021-11-17 11:11:27,305 - DEBUG - Done with 9+ [line 1712094]
2021-11-17 11:11:27,306 - DEBUG - Assigning indexes to genes
2021-11-17 11:11:27,315 - DEBUG - Seen 30441 genes until now
2021-11-17 11:11:27,315 - DEBUG - Parsing Chromosome M strand - [line 1712095]
2021-11-17 11:11:27,315 - DEBUG - Done with M- [line 1712101]
2021-11-17 11:11:27,315 - DEBUG - Assigning indexes to genes
2021-11-17 11:11:27,315 - DEBUG - Seen 30442 genes until now
2021-11-17 11:11:27,315 - DEBUG - Parsing Chromosome M strand + [line 1712102]
2021-11-17 11:11:27,315 - DEBUG - Done with M+ [line 1712175]
2021-11-17 11:11:27,316 - DEBUG - Assigning indexes to genes
2021-11-17 11:11:27,316 - DEBUG - Seen 30454 genes until now
2021-11-17 11:11:27,316 - DEBUG - Parsing Chromosome X strand - [line 1712176]
2021-11-17 11:11:27,522 - DEBUG - Done with X- [line 1739781]
2021-11-17 11:11:27,522 - DEBUG - Assigning indexes to genes
2021-11-17 11:11:27,525 - DEBUG - Seen 30981 genes until now
2021-11-17 11:11:27,525 - DEBUG - Parsing Chromosome X strand + [line 1739782]
2021-11-17 11:11:27,756 - DEBUG - Done with X+ [line 1770751]
2021-11-17 11:11:27,756 - DEBUG - Assigning indexes to genes
2021-11-17 11:11:27,760 - DEBUG - Seen 31560 genes until now
2021-11-17 11:11:27,760 - DEBUG - Parsing Chromosome Y strand - [line 1770752]
2021-11-17 11:11:27,797 - DEBUG - Done with Y- [line 1775246]
2021-11-17 11:11:27,797 - DEBUG - Assigning indexes to genes
2021-11-17 11:11:27,798 - DEBUG - Seen 31897 genes until now
2021-11-17 11:11:27,798 - DEBUG - Parsing Chromosome Y strand + [line 1775247]
2021-11-17 11:11:27,842 - DEBUG - Assigning indexes to genes
2021-11-17 11:11:27,843 - DEBUG - Done with Y+ [line 1780453]
2021-11-17 11:11:27,843 - DEBUG - Fixing corner cases of transcript models containg intron longer than 1000Kbp
2021-11-17 11:11:29,240 - DEBUG - Generated 1492231 features corresponding to 118153 transcript models from /research/peer/fdeckert/FD20200109SPLENO/data/mm10/cellranger/mm10-2020-A_build/gencode.vM23.primary_assembly.annotation.gtf.filtered
2021-11-17 11:11:29,257 - INFO - Load the repeat masking annotation from /research/peer/fdeckert/FD20200109SPLENO/data/mm10/cellranger/mm10-2020-A_build/mm10_rmsk.gtf
2021-11-17 11:11:29,257 - DEBUG - Reading /research/peer/fdeckert/FD20200109SPLENO/data/mm10/cellranger/mm10-2020-A_build/mm10_rmsk.gtf, the file will be sorted in memory
2021-11-17 11:12:07,817 - DEBUG - Processed masked annotation .gtf and generated 4252016 intervals to mask!
2021-11-17 11:12:08,085 - INFO - Scan /research/peer/fdeckert/FD20200109SPLENO/data/BSA_0355_SM01_10x_SPLENO/OUT/COUNT/M8_control_Prog_transcriptome/possorted_genome_bam.bam to validate intron intervals
2021-11-17 11:12:11,685 - DEBUG - Reading /research/peer/fdeckert/FD20200109SPLENO/data/BSA_0355_SM01_10x_SPLENO/OUT/COUNT/M8_control_Prog_transcriptome/possorted_genome_bam.bam
2021-11-17 11:12:11,700 - DEBUG - Read first 0 million reads
2021-11-17 11:12:11,705 - DEBUG - Marking up chromosome 1
2021-11-17 11:13:02,556 - DEBUG - Marking up chromosome 10
2021-11-17 11:13:47,551 - DEBUG - Marking up chromosome 11
2021-11-17 11:14:41,668 - DEBUG - Read first 10 million reads
2021-11-17 11:15:04,772 - DEBUG - Marking up chromosome 12
2021-11-17 11:15:36,651 - DEBUG - Marking up chromosome 13
2021-11-17 11:16:08,507 - DEBUG - Marking up chromosome 14
2021-11-17 11:16:37,646 - DEBUG - Marking up chromosome 15
2021-11-17 11:17:10,997 - DEBUG - Marking up chromosome 16
2021-11-17 11:17:14,279 - DEBUG - Read first 20 million reads
2021-11-17 11:17:37,574 - DEBUG - Marking up chromosome 17
2021-11-17 11:18:42,394 - DEBUG - Marking up chromosome 18
2021-11-17 11:19:08,678 - DEBUG - Marking up chromosome 19
2021-11-17 11:19:49,020 - DEBUG - Marking up chromosome 2
2021-11-17 11:20:33,627 - DEBUG - Read first 30 million reads
2021-11-17 11:20:57,703 - DEBUG - Marking up chromosome 3
2021-11-17 11:21:44,930 - DEBUG - Marking up chromosome 4
2021-11-17 11:22:50,065 - DEBUG - Marking up chromosome 5
2021-11-17 11:23:35,519 - DEBUG - Read first 40 million reads
2021-11-17 11:23:44,501 - DEBUG - Marking up chromosome 6
2021-11-17 11:24:30,981 - DEBUG - Marking up chromosome 7
2021-11-17 11:25:52,179 - DEBUG - Marking up chromosome 8
2021-11-17 11:26:19,075 - DEBUG - Read first 50 million reads
2021-11-17 11:26:32,637 - DEBUG - Marking up chromosome 9
2021-11-17 11:27:24,473 - DEBUG - Marking up chromosome MT
2021-11-17 11:27:24,503 - WARNING - The .bam file refers to a chromosome 'MT+' not present in the annotation (.gtf) file
2021-11-17 11:27:24,504 - WARNING - The .bam file refers to a chromosome 'MT-' not present in the annotation (.gtf) file
2021-11-17 11:27:43,228 - DEBUG - Marking up chromosome X
2021-11-17 11:28:07,917 - DEBUG - Marking up chromosome Y
2021-11-17 11:28:09,489 - DEBUG - Marking up chromosome JH584299.1
2021-11-17 11:28:09,492 - DEBUG - Marking up chromosome GL456233.1
2021-11-17 11:28:09,524 - DEBUG - Marking up chromosome JH584301.1
2021-11-17 11:28:09,524 - WARNING - The .bam file refers to a chromosome 'JH584301.1+' not present in the annotation (.gtf) file
2021-11-17 11:28:09,524 - WARNING - The .bam file refers to a chromosome 'JH584301.1-' not present in the annotation (.gtf) file
2021-11-17 11:28:09,525 - DEBUG - Marking up chromosome GL456211.1
2021-11-17 11:28:09,531 - DEBUG - Marking up chromosome GL456221.1
2021-11-17 11:28:09,532 - DEBUG - Marking up chromosome JH584297.1
2021-11-17 11:28:09,535 - DEBUG - Marking up chromosome GL456354.1
2021-11-17 11:28:09,537 - DEBUG - Marking up chromosome JH584298.1
2021-11-17 11:28:09,537 - DEBUG - Marking up chromosome JH584300.1
2021-11-17 11:28:09,537 - WARNING - The .bam file refers to a chromosome 'JH584300.1+' not present in the annotation (.gtf) file
2021-11-17 11:28:09,537 - WARNING - The .bam file refers to a chromosome 'JH584300.1-' not present in the annotation (.gtf) file
2021-11-17 11:28:09,580 - DEBUG - Marking up chromosome GL456210.1
2021-11-17 11:28:09,583 - DEBUG - Marking up chromosome GL456212.1
2021-11-17 11:28:09,583 - WARNING - The .bam file refers to a chromosome 'GL456212.1+' not present in the annotation (.gtf) file
2021-11-17 11:28:09,585 - DEBUG - Marking up chromosome JH584304.1
2021-11-17 11:28:09,585 - WARNING - The .bam file refers to a chromosome 'JH584304.1+' not present in the annotation (.gtf) file
2021-11-17 11:28:09,760 - DEBUG - Marking up chromosome GL456379.1
2021-11-17 11:28:09,760 - WARNING - The .bam file refers to a chromosome 'GL456379.1+' not present in the annotation (.gtf) file
2021-11-17 11:28:09,760 - WARNING - The .bam file refers to a chromosome 'GL456379.1-' not present in the annotation (.gtf) file
2021-11-17 11:28:09,760 - DEBUG - Marking up chromosome GL456216.1
2021-11-17 11:28:09,760 - WARNING - The .bam file refers to a chromosome 'GL456216.1-' not present in the annotation (.gtf) file
2021-11-17 11:28:09,806 - DEBUG - Marking up chromosome GL456366.1
2021-11-17 11:28:09,806 - WARNING - The .bam file refers to a chromosome 'GL456366.1+' not present in the annotation (.gtf) file
2021-11-17 11:28:09,807 - WARNING - The .bam file refers to a chromosome 'GL456366.1-' not present in the annotation (.gtf) file
2021-11-17 11:28:09,808 - DEBUG - Marking up chromosome GL456383.1
2021-11-17 11:28:09,808 - WARNING - The .bam file refers to a chromosome 'GL456383.1+' not present in the annotation (.gtf) file
2021-11-17 11:28:09,808 - WARNING - The .bam file refers to a chromosome 'GL456383.1-' not present in the annotation (.gtf) file
2021-11-17 11:28:09,808 - DEBUG - Marking up chromosome GL456360.1
2021-11-17 11:28:09,808 - WARNING - The .bam file refers to a chromosome 'GL456360.1+' not present in the annotation (.gtf) file
2021-11-17 11:28:09,808 - WARNING - The .bam file refers to a chromosome 'GL456360.1-' not present in the annotation (.gtf) file
2021-11-17 11:28:09,809 - DEBUG - Marking up chromosome GL456378.1
2021-11-17 11:28:09,809 - WARNING - The .bam file refers to a chromosome 'GL456378.1+' not present in the annotation (.gtf) file
2021-11-17 11:28:09,809 - WARNING - The .bam file refers to a chromosome 'GL456378.1-' not present in the annotation (.gtf) file
2021-11-17 11:28:09,810 - DEBUG - Marking up chromosome GL456372.1
2021-11-17 11:28:09,810 - WARNING - The .bam file refers to a chromosome 'GL456372.1+' not present in the annotation (.gtf) file
2021-11-17 11:28:09,810 - WARNING - The .bam file refers to a chromosome 'GL456372.1-' not present in the annotation (.gtf) file
2021-11-17 11:28:09,811 - DEBUG - Marking up chromosome GL456370.1
2021-11-17 11:28:09,811 - WARNING - The .bam file refers to a chromosome 'GL456370.1+' not present in the annotation (.gtf) file
2021-11-17 11:28:09,811 - WARNING - The .bam file refers to a chromosome 'GL456370.1-' not present in the annotation (.gtf) file
2021-11-17 11:28:09,818 - DEBUG - Marking up chromosome GL456390.1
2021-11-17 11:28:09,818 - WARNING - The .bam file refers to a chromosome 'GL456390.1+' not present in the annotation (.gtf) file
2021-11-17 11:28:09,818 - WARNING - The .bam file refers to a chromosome 'GL456390.1-' not present in the annotation (.gtf) file
2021-11-17 11:28:09,818 - DEBUG - Marking up chromosome GL456382.1
2021-11-17 11:28:09,819 - WARNING - The .bam file refers to a chromosome 'GL456382.1+' not present in the annotation (.gtf) file
2021-11-17 11:28:09,819 - WARNING - The .bam file refers to a chromosome 'GL456382.1-' not present in the annotation (.gtf) file
2021-11-17 11:28:09,948 - DEBUG - Marking up chromosome GL456359.1
2021-11-17 11:28:09,948 - WARNING - The .bam file refers to a chromosome 'GL456359.1+' not present in the annotation (.gtf) file
2021-11-17 11:28:09,948 - WARNING - The .bam file refers to a chromosome 'GL456359.1-' not present in the annotation (.gtf) file
2021-11-17 11:28:09,949 - DEBUG - Marking up chromosome JH584295.1
2021-11-17 11:28:09,949 - WARNING - The .bam file refers to a chromosome 'JH584295.1+' not present in the annotation (.gtf) file
2021-11-17 11:28:15,005 - DEBUG - Read first 60 million reads
2021-11-17 11:28:40,279 - DEBUG - End of file. Reset index: start scanning from initial position.
2021-11-17 11:28:40,281 - DEBUG - 1047467 reads were skipped because no apropiate cell or umi barcode was found
2021-11-17 11:28:40,282 - DEBUG - Start molecule counting!
2021-11-17 11:28:45,481 - DEBUG - Features available for chromosomes : ['GL456210.1-', 'GL456210.1+', 'GL456211.1-', 'GL456211.1+', 'GL456212.1-', 'GL456216.1+', 'GL456219.1-', 'GL456221.1-', 'GL456221.1+', 'GL456233.1-', 'GL456233.1+', 'GL456350.1-', 'GL456354.1-', 'GL456354.1+', 'JH584292.1+', 'JH584293.1-', 'JH584293.1+', 'JH584294.1-', 'JH584294.1+', 'JH584295.1-', 'JH584296.1-', 'JH584297.1-', 'JH584297.1+', 'JH584298.1-', 'JH584298.1+', 'JH584299.1-', 'JH584299.1+', 'JH584303.1+', 'JH584304.1-', '1-', '1+', '10-', '10+', '11-', '11+', '12-', '12+', '13-', '13+', '14-', '14+', '15-', '15+', '16-', '16+', '17-', '17+', '18-', '18+', '19-', '19+', '2-', '2+', '3-', '3+', '4-', '4+', '5-', '5+', '6-', '6+', '7-', '7+', '8-', '8+', '9-', '9+', 'M-', 'M+', 'X-', 'X+', 'Y-', 'Y+']
2021-11-17 11:28:45,481 - DEBUG - Mask available for chromosomes : ['1-', '1+', '10-', '10+', '11-', '11+', '12-', '12+', '13-', '13+', '14-', '14+', '15-', '15+', '16-', '16+', '17-', '17+', '18-', '18+', '19-', '19+', '1_GL456210_random-', '1_GL456210_random+', '1_GL456211_random-', '1_GL456211_random+', '1_GL456212_random-', '1_GL456212_random+', '1_GL456213_random-', '1_GL456213_random+', '1_GL456221_random-', '1_GL456221_random+', '2-', '2+', '3-', '3+', '4-', '4+', '4_GL456216_random-', '4_GL456216_random+', '4_GL456350_random-', '4_GL456350_random+', '4_JH584292_random-', '4_JH584292_random+', '4_JH584293_random-', '4_JH584293_random+', '4_JH584294_random-', '4_JH584294_random+', '4_JH584295_random+', '5-', '5+', '5_GL456354_random-', '5_GL456354_random+', '5_JH584296_random-', '5_JH584296_random+', '5_JH584297_random-', '5_JH584297_random+', '5_JH584298_random-', '5_JH584298_random+', '5_JH584299_random-', '5_JH584299_random+', '6-', '6+', '7-', '7+', '7_GL456219_random-', '7_GL456219_random+', '8-', '8+', '9-', '9+', 'M-', 'M+', 'Un_GL456239-', 'Un_GL456239+', 'Un_GL456359-', 'Un_GL456359+', 'Un_GL456360-', 'Un_GL456360+', 'Un_GL456366-', 'Un_GL456366+', 'Un_GL456367-', 'Un_GL456367+', 'Un_GL456368-', 'Un_GL456368+', 'Un_GL456370+', 'Un_GL456372-', 'Un_GL456372+', 'Un_GL456378-', 'Un_GL456378+', 'Un_GL456379-', 'Un_GL456379+', 'Un_GL456381-', 'Un_GL456381+', 'Un_GL456382-', 'Un_GL456382+', 'Un_GL456383-', 'Un_GL456383+', 'Un_GL456385-', 'Un_GL456385+', 'Un_GL456387-', 'Un_GL456387+', 'Un_GL456389-', 'Un_GL456389+', 'Un_GL456390-', 'Un_GL456390+', 'Un_GL456392-', 'Un_GL456392+', 'Un_GL456393-', 'Un_GL456393+', 'Un_GL456394-', 'Un_GL456394+', 'Un_GL456396-', 'Un_GL456396+', 'Un_JH584304-', 'Un_JH584304+', 'X-', 'X+', 'X_GL456233_random-', 'X_GL456233_random+', 'Y-', 'Y+', 'Y_JH584300_random-', 'Y_JH584300_random+', 'Y_JH584301_random-', 'Y_JH584301_random+', 'Y_JH584302_random-', 'Y_JH584302_random+', 'Y_JH584303_random-']
2021-11-17 11:28:45,481 - DEBUG - Summarizing the results of intron validation.
2021-11-17 11:28:45,931 - DEBUG - Validated 140522 introns (of which unique intervals 53129) out of 687039 total possible introns (considering each possible transcript models).
2021-11-17 11:28:45,938 - DEBUG - Reading /research/peer/fdeckert/FD20200109SPLENO/data/BSA_0355_SM01_10x_SPLENO/OUT/COUNT/M8_control_Prog_transcriptome/cellsorted_possorted_genome_bam.bam
2021-11-17 11:28:46,048 - DEBUG - Read first 0 million reads
2021-11-17 11:29:12,777 - DEBUG - Counting for batch 1, containing 100 cells and 433304 reads
2021-11-17 11:29:40,185 - DEBUG - 21572 reads not considered because fully enclosed in repeat masked regions
2021-11-17 11:30:02,014 - DEBUG - Counting for batch 2, containing 100 cells and 459980 reads
2021-11-17 11:30:29,124 - DEBUG - 21773 reads not considered because fully enclosed in repeat masked regions
2021-11-17 11:30:55,876 - DEBUG - Counting for batch 3, containing 100 cells and 443572 reads
2021-11-17 11:31:29,944 - DEBUG - 19906 reads not considered because fully enclosed in repeat masked regions
2021-11-17 11:31:55,157 - DEBUG - Counting for batch 4, containing 100 cells and 450597 reads
2021-11-17 11:32:26,393 - DEBUG - 22422 reads not considered because fully enclosed in repeat masked regions
2021-11-17 11:32:55,077 - DEBUG - Counting for batch 5, containing 100 cells and 504685 reads
2021-11-17 11:33:32,227 - DEBUG - 24806 reads not considered because fully enclosed in repeat masked regions
2021-11-17 11:33:58,175 - DEBUG - Counting for batch 6, containing 100 cells and 410368 reads
2021-11-17 11:34:29,690 - DEBUG - 20159 reads not considered because fully enclosed in repeat masked regions
2021-11-17 11:34:54,657 - DEBUG - Counting for batch 7, containing 100 cells and 440344 reads
2021-11-17 11:35:27,189 - DEBUG - 20797 reads not considered because fully enclosed in repeat masked regions
2021-11-17 11:35:45,258 - DEBUG - Read first 10 million reads
2021-11-17 11:35:53,438 - DEBUG - Counting for batch 8, containing 100 cells and 420327 reads
2021-11-17 11:36:25,415 - DEBUG - 20350 reads not considered because fully enclosed in repeat masked regions
2021-11-17 11:36:48,430 - DEBUG - Counting for batch 9, containing 100 cells and 387918 reads
2021-11-17 11:37:16,389 - DEBUG - 18758 reads not considered because fully enclosed in repeat masked regions
2021-11-17 11:37:39,631 - DEBUG - Counting for batch 10, containing 100 cells and 425827 reads
2021-11-17 11:38:11,539 - DEBUG - 19145 reads not considered because fully enclosed in repeat masked regions
2021-11-17 11:38:36,585 - DEBUG - Counting for batch 11, containing 100 cells and 422350 reads
2021-11-17 11:39:09,564 - DEBUG - 20837 reads not considered because fully enclosed in repeat masked regions
2021-11-17 11:39:34,973 - DEBUG - Counting for batch 12, containing 100 cells and 465253 reads
2021-11-17 11:40:08,856 - DEBUG - 22808 reads not considered because fully enclosed in repeat masked regions
2021-11-17 11:40:34,158 - DEBUG - Counting for batch 13, containing 100 cells and 382450 reads
2021-11-17 11:41:01,704 - DEBUG - 19665 reads not considered because fully enclosed in repeat masked regions
2021-11-17 11:41:25,670 - DEBUG - Counting for batch 14, containing 100 cells and 461338 reads
2021-11-17 11:41:59,783 - DEBUG - 20703 reads not considered because fully enclosed in repeat masked regions
2021-11-17 11:42:27,761 - DEBUG - Counting for batch 15, containing 100 cells and 453291 reads
2021-11-17 11:43:00,590 - DEBUG - 22229 reads not considered because fully enclosed in repeat masked regions
2021-11-17 11:43:28,261 - DEBUG - Counting for batch 16, containing 100 cells and 451143 reads
2021-11-17 11:44:02,244 - DEBUG - 21443 reads not considered because fully enclosed in repeat masked regions
2021-11-17 11:44:25,303 - DEBUG - Read first 20 million reads
2021-11-17 11:44:28,792 - DEBUG - Counting for batch 17, containing 100 cells and 483319 reads
2021-11-17 11:45:04,696 - DEBUG - 24587 reads not considered because fully enclosed in repeat masked regions
2021-11-17 11:45:30,224 - DEBUG - Counting for batch 18, containing 100 cells and 436926 reads
2021-11-17 11:46:02,010 - DEBUG - 21919 reads not considered because fully enclosed in repeat masked regions
2021-11-17 11:46:27,744 - DEBUG - Counting for batch 19, containing 100 cells and 424607 reads
2021-11-17 11:46:58,297 - DEBUG - 20581 reads not considered because fully enclosed in repeat masked regions
2021-11-17 11:47:27,342 - DEBUG - Counting for batch 20, containing 100 cells and 523278 reads
2021-11-17 11:48:06,015 - DEBUG - 25452 reads not considered because fully enclosed in repeat masked regions
2021-11-17 11:48:31,973 - DEBUG - Counting for batch 21, containing 100 cells and 414227 reads
2021-11-17 11:49:01,147 - DEBUG - 21388 reads not considered because fully enclosed in repeat masked regions
2021-11-17 11:49:26,764 - DEBUG - Counting for batch 22, containing 100 cells and 434695 reads
2021-11-17 11:50:00,179 - DEBUG - 21811 reads not considered because fully enclosed in repeat masked regions
2021-11-17 11:50:25,002 - DEBUG - Counting for batch 23, containing 100 cells and 436520 reads
2021-11-17 11:50:56,639 - DEBUG - 19625 reads not considered because fully enclosed in repeat masked regions
2021-11-17 11:51:22,905 - DEBUG - Counting for batch 24, containing 100 cells and 438837 reads
2021-11-17 11:51:56,191 - DEBUG - 21608 reads not considered because fully enclosed in repeat masked regions
2021-11-17 11:52:22,480 - DEBUG - Counting for batch 25, containing 100 cells and 463347 reads
2021-11-17 11:52:57,065 - DEBUG - 22483 reads not considered because fully enclosed in repeat masked regions
2021-11-17 11:53:23,147 - DEBUG - Counting for batch 26, containing 100 cells and 431381 reads
2021-11-17 11:53:53,563 - DEBUG - 22070 reads not considered because fully enclosed in repeat masked regions
2021-11-17 11:54:02,722 - DEBUG - Read first 30 million reads
2021-11-17 11:54:19,458 - DEBUG - Counting for batch 27, containing 100 cells and 425962 reads
2021-11-17 11:54:52,358 - DEBUG - 20941 reads not considered because fully enclosed in repeat masked regions
2021-11-17 11:55:16,538 - DEBUG - Counting for batch 28, containing 100 cells and 416865 reads
2021-11-17 11:55:47,100 - DEBUG - 20737 reads not considered because fully enclosed in repeat masked regions
2021-11-17 11:56:13,943 - DEBUG - Counting for batch 29, containing 100 cells and 447677 reads
2021-11-17 11:56:47,983 - DEBUG - 21506 reads not considered because fully enclosed in repeat masked regions
2021-11-17 11:57:13,654 - DEBUG - Counting for batch 30, containing 100 cells and 430705 reads
2021-11-17 11:57:46,784 - DEBUG - 20709 reads not considered because fully enclosed in repeat masked regions
2021-11-17 11:58:10,412 - DEBUG - Counting for batch 31, containing 100 cells and 397816 reads
2021-11-17 11:58:39,975 - DEBUG - 18783 reads not considered because fully enclosed in repeat masked regions
2021-11-17 11:59:07,039 - DEBUG - Counting for batch 32, containing 100 cells and 480012 reads
2021-11-17 11:59:41,571 - DEBUG - 20522 reads not considered because fully enclosed in repeat masked regions
2021-11-17 12:00:09,049 - DEBUG - Counting for batch 33, containing 100 cells and 431437 reads
2021-11-17 12:00:42,587 - DEBUG - 21599 reads not considered because fully enclosed in repeat masked regions
2021-11-17 12:01:07,187 - DEBUG - Counting for batch 34, containing 100 cells and 425611 reads
2021-11-17 12:01:38,259 - DEBUG - 19861 reads not considered because fully enclosed in repeat masked regions
2021-11-17 12:02:04,716 - DEBUG - Counting for batch 35, containing 100 cells and 436498 reads
2021-11-17 12:02:35,635 - DEBUG - 21662 reads not considered because fully enclosed in repeat masked regions
2021-11-17 12:02:49,199 - DEBUG - Read first 40 million reads
2021-11-17 12:03:02,416 - DEBUG - Counting for batch 36, containing 100 cells and 456339 reads
2021-11-17 12:03:37,042 - DEBUG - 22106 reads not considered because fully enclosed in repeat masked regions
2021-11-17 12:04:01,268 - DEBUG - Counting for batch 37, containing 100 cells and 389576 reads
2021-11-17 12:04:29,609 - DEBUG - 18935 reads not considered because fully enclosed in repeat masked regions
2021-11-17 12:04:54,917 - DEBUG - Counting for batch 38, containing 100 cells and 431929 reads
2021-11-17 12:05:28,435 - DEBUG - 19766 reads not considered because fully enclosed in repeat masked regions
2021-11-17 12:05:52,313 - DEBUG - Counting for batch 39, containing 100 cells and 443680 reads
2021-11-17 12:06:26,900 - DEBUG - 20136 reads not considered because fully enclosed in repeat masked regions
2021-11-17 12:06:52,922 - DEBUG - Counting for batch 40, containing 100 cells and 433202 reads
2021-11-17 12:07:25,000 - DEBUG - 19782 reads not considered because fully enclosed in repeat masked regions
2021-11-17 12:07:52,316 - DEBUG - Counting for batch 41, containing 100 cells and 454931 reads
2021-11-17 12:08:24,712 - DEBUG - 22196 reads not considered because fully enclosed in repeat masked regions
2021-11-17 12:08:51,654 - DEBUG - Counting for batch 42, containing 100 cells and 427676 reads
2021-11-17 12:09:24,897 - DEBUG - 19305 reads not considered because fully enclosed in repeat masked regions
2021-11-17 12:09:48,660 - DEBUG - Counting for batch 43, containing 100 cells and 414469 reads
2021-11-17 12:10:18,776 - DEBUG - 19483 reads not considered because fully enclosed in repeat masked regions
2021-11-17 12:10:45,004 - DEBUG - Counting for batch 44, containing 100 cells and 406668 reads
2021-11-17 12:11:14,981 - DEBUG - 18750 reads not considered because fully enclosed in repeat masked regions
2021-11-17 12:11:33,855 - DEBUG - Read first 50 million reads
2021-11-17 12:11:40,256 - DEBUG - Counting for batch 45, containing 100 cells and 422511 reads
2021-11-17 12:12:12,218 - DEBUG - 20229 reads not considered because fully enclosed in repeat masked regions
2021-11-17 12:12:36,669 - DEBUG - Counting for batch 46, containing 100 cells and 431958 reads
2021-11-17 12:13:08,071 - DEBUG - 20189 reads not considered because fully enclosed in repeat masked regions
2021-11-17 12:13:33,833 - DEBUG - Counting for batch 47, containing 100 cells and 421583 reads
2021-11-17 12:14:05,774 - DEBUG - 21750 reads not considered because fully enclosed in repeat masked regions
2021-11-17 12:14:29,295 - DEBUG - Counting for batch 48, containing 100 cells and 399880 reads
2021-11-17 12:14:58,085 - DEBUG - 19999 reads not considered because fully enclosed in repeat masked regions
2021-11-17 12:15:19,793 - DEBUG - Counting for batch 49, containing 100 cells and 357715 reads
2021-11-17 12:15:47,614 - DEBUG - 18254 reads not considered because fully enclosed in repeat masked regions
2021-11-17 12:16:10,179 - DEBUG - Counting for batch 50, containing 100 cells and 419463 reads
2021-11-17 12:16:41,967 - DEBUG - 20211 reads not considered because fully enclosed in repeat masked regions
2021-11-17 12:17:06,447 - DEBUG - Counting for batch 51, containing 100 cells and 437796 reads
2021-11-17 12:17:39,645 - DEBUG - 21618 reads not considered because fully enclosed in repeat masked regions
2021-11-17 12:18:04,823 - DEBUG - Counting for batch 52, containing 100 cells and 443626 reads
2021-11-17 12:18:36,883 - DEBUG - 21071 reads not considered because fully enclosed in repeat masked regions
2021-11-17 12:19:04,147 - DEBUG - Counting for batch 53, containing 100 cells and 455478 reads
2021-11-17 12:19:38,253 - DEBUG - 20718 reads not considered because fully enclosed in repeat masked regions
2021-11-17 12:20:02,721 - DEBUG - Counting for batch 54, containing 100 cells and 400274 reads
2021-11-17 12:20:31,655 - DEBUG - 19344 reads not considered because fully enclosed in repeat masked regions
2021-11-17 12:20:42,828 - DEBUG - Read first 60 million reads
2021-11-17 12:20:55,739 - DEBUG - Counting for batch 55, containing 100 cells and 385883 reads
2021-11-17 12:21:23,705 - DEBUG - 19020 reads not considered because fully enclosed in repeat masked regions
2021-11-17 12:21:49,292 - DEBUG - Counting for batch 56, containing 100 cells and 448367 reads
2021-11-17 12:22:23,531 - DEBUG - 20937 reads not considered because fully enclosed in repeat masked regions
2021-11-17 12:22:49,180 - DEBUG - Counting for batch 57, containing 100 cells and 442447 reads
2021-11-17 12:23:20,757 - DEBUG - 20307 reads not considered because fully enclosed in repeat masked regions
2021-11-17 12:23:47,223 - DEBUG - Counting for batch 58, containing 100 cells and 432121 reads
2021-11-17 12:24:20,276 - DEBUG - 19041 reads not considered because fully enclosed in repeat masked regions
2021-11-17 12:24:43,958 - DEBUG - Counting for batch 59, containing 100 cells and 397987 reads
2021-11-17 12:25:12,809 - DEBUG - 18573 reads not considered because fully enclosed in repeat masked regions
2021-11-17 12:25:35,443 - DEBUG - Counting for batch 60, containing 100 cells and 417427 reads
2021-11-17 12:26:01,761 - DEBUG - 20586 reads not considered because fully enclosed in repeat masked regions
2021-11-17 12:26:22,227 - DEBUG - Counting for batch 61, containing 100 cells and 430985 reads
2021-11-17 12:26:49,346 - DEBUG - 21045 reads not considered because fully enclosed in repeat masked regions
2021-11-17 12:27:07,955 - DEBUG - Counting for batch 62, containing 100 cells and 353631 reads
2021-11-17 12:27:31,086 - DEBUG - 18778 reads not considered because fully enclosed in repeat masked regions
2021-11-17 12:27:48,305 - DEBUG - Counting for batch 63, containing 100 cells and 368280 reads
2021-11-17 12:28:10,800 - DEBUG - 18726 reads not considered because fully enclosed in repeat masked regions
2021-11-17 12:28:20,460 - DEBUG - Counting for batch 64, containing 20 cells and 103802 reads
2021-11-17 12:28:30,633 - DEBUG - 4932 reads not considered because fully enclosed in repeat masked regions
2021-11-17 12:28:32,539 - DEBUG - 1047467 reads were skipped because no apropiate cell or umi barcode was found
2021-11-17 12:28:32,547 - DEBUG - Counting done!
2021-11-17 12:28:32,650 - DEBUG - Generating output file data/BSA_0355_SM01_10x_SPLENO/OUT/COUNT/M8_control_Prog_transcriptome/velocyto.loom
2021-11-17 12:28:32,651 - DEBUG - Collecting row attributes
2021-11-17 12:28:32,880 - DEBUG - Generating data table
2021-11-17 12:28:34,896 - DEBUG - Writing loom file
2021-11-17 12:28:38,759 - DEBUG - Creating converter from 5 to 3
2021-11-17 12:28:39,168 - DEBUG - Creating converter from 3 to 5
2021-11-17 12:28:53,628 - DEBUG - Terminated Succesfully!
