2021-11-17 11:08:16,849 - DEBUG - Using logic: ValidatedIntrons10X
2021-11-17 11:08:16,876 - INFO - Read 5715 cell barcodes from /research/peer/fdeckert/FD20200109SPLENO/data/BSA_0355_SM01_10x_SPLENO/OUT/COUNT/M1_CpG_Prog_transcriptome/filtered_feature_bc_matrix/barcodes.tsv.gz
2021-11-17 11:08:16,876 - DEBUG - Example of barcode: AAACCCAAGAGGATGA and cell_id: velocyto:AAACCCAAGAGGATGA-1
2021-11-17 11:08:16,891 - DEBUG - Peeking into /research/peer/fdeckert/FD20200109SPLENO/data/BSA_0355_SM01_10x_SPLENO/OUT/COUNT/M1_CpG_Prog_transcriptome/possorted_genome_bam.bam
2021-11-17 11:08:17,006 - WARNING - Not found cell and umi barcode in entry 2 of the bam file
2021-11-17 11:08:17,006 - WARNING - Not found cell and umi barcode in entry 44 of the bam file
2021-11-17 11:08:17,006 - WARNING - Not found cell and umi barcode in entry 91 of the bam file
2021-11-17 11:08:17,007 - WARNING - Not found cell and umi barcode in entry 96 of the bam file
2021-11-17 11:08:17,009 - WARNING - Not found cell and umi barcode in entry 152 of the bam file
2021-11-17 11:08:17,009 - WARNING - Not found cell and umi barcode in entry 194 of the bam file
2021-11-17 11:08:17,009 - WARNING - Not found cell and umi barcode in entry 229 of the bam file
2021-11-17 11:08:17,009 - WARNING - Not found cell and umi barcode in entry 230 of the bam file
2021-11-17 11:08:17,010 - WARNING - Not found cell and umi barcode in entry 237 of the bam file
2021-11-17 11:08:17,010 - WARNING - Not found cell and umi barcode in entry 282 of the bam file
2021-11-17 11:08:17,010 - WARNING - Not found cell and umi barcode in entry 283 of the bam file
2021-11-17 11:08:17,011 - WARNING - Not found cell and umi barcode in entry 325 of the bam file
2021-11-17 11:08:17,011 - WARNING - Not found cell and umi barcode in entry 385 of the bam file
2021-11-17 11:08:17,012 - WARNING - Not found cell and umi barcode in entry 388 of the bam file
2021-11-17 11:08:17,012 - WARNING - Not found cell and umi barcode in entry 389 of the bam file
2021-11-17 11:08:17,012 - WARNING - Not found cell and umi barcode in entry 417 of the bam file
2021-11-17 11:08:17,053 - WARNING - Not found cell and umi barcode in entry 540 of the bam file
2021-11-17 11:08:17,054 - WARNING - Not found cell and umi barcode in entry 541 of the bam file
2021-11-17 11:08:17,054 - WARNING - Not found cell and umi barcode in entry 560 of the bam file
2021-11-17 11:08:17,054 - WARNING - Not found cell and umi barcode in entry 564 of the bam file
2021-11-17 11:08:17,056 - WARNING - Not found cell and umi barcode in entry 610 of the bam file
2021-11-17 11:08:17,056 - WARNING - Not found cell and umi barcode in entry 611 of the bam file
2021-11-17 11:08:17,056 - WARNING - Not found cell and umi barcode in entry 613 of the bam file
2021-11-17 11:08:17,056 - WARNING - Not found cell and umi barcode in entry 617 of the bam file
2021-11-17 11:08:17,057 - WARNING - Not found cell and umi barcode in entry 619 of the bam file
2021-11-17 11:08:17,057 - WARNING - Not found cell and umi barcode in entry 620 of the bam file
2021-11-17 11:08:17,057 - WARNING - Not found cell and umi barcode in entry 623 of the bam file
2021-11-17 11:08:17,057 - WARNING - Not found cell and umi barcode in entry 644 of the bam file
2021-11-17 11:08:17,058 - WARNING - Not found cell and umi barcode in entry 665 of the bam file
2021-11-17 11:08:17,059 - WARNING - Not found cell and umi barcode in entry 813 of the bam file
2021-11-17 11:08:17,075 - WARNING - Not found cell and umi barcode in entry 972 of the bam file
2021-11-17 11:08:17,083 - WARNING - The file /research/peer/fdeckert/FD20200109SPLENO/data/BSA_0355_SM01_10x_SPLENO/OUT/COUNT/M1_CpG_Prog_transcriptome/cellsorted_possorted_genome_bam.bam already exists. The sorting step will be skipped and the existing file will be used.
2021-11-17 11:08:17,084 - INFO - Load the annotation from /research/peer/fdeckert/FD20200109SPLENO/data/mm10/cellranger/mm10-2020-A_build/gencode.vM23.primary_assembly.annotation.gtf.filtered
2021-11-17 11:08:27,237 - DEBUG - Parsing Chromosome GL456210.1 strand - [line 0]
2021-11-17 11:08:27,238 - DEBUG - Done with GL456210.1- [line 27]
2021-11-17 11:08:27,238 - DEBUG - Assigning indexes to genes
2021-11-17 11:08:27,238 - DEBUG - Seen 3 genes until now
2021-11-17 11:08:27,239 - DEBUG - Parsing Chromosome GL456210.1 strand + [line 28]
2021-11-17 11:08:27,239 - DEBUG - Done with GL456210.1+ [line 43]
2021-11-17 11:08:27,239 - DEBUG - Assigning indexes to genes
2021-11-17 11:08:27,239 - DEBUG - Seen 5 genes until now
2021-11-17 11:08:27,239 - DEBUG - Parsing Chromosome GL456211.1 strand - [line 44]
2021-11-17 11:08:27,240 - DEBUG - Done with GL456211.1- [line 74]
2021-11-17 11:08:27,240 - DEBUG - Assigning indexes to genes
2021-11-17 11:08:27,240 - DEBUG - Seen 9 genes until now
2021-11-17 11:08:27,240 - DEBUG - Parsing Chromosome GL456211.1 strand + [line 75]
2021-11-17 11:08:27,240 - DEBUG - Done with GL456211.1+ [line 101]
2021-11-17 11:08:27,240 - DEBUG - Assigning indexes to genes
2021-11-17 11:08:27,241 - DEBUG - Seen 11 genes until now
2021-11-17 11:08:27,241 - DEBUG - Parsing Chromosome GL456212.1 strand - [line 102]
2021-11-17 11:08:27,241 - DEBUG - Done with GL456212.1- [line 137]
2021-11-17 11:08:27,241 - DEBUG - Assigning indexes to genes
2021-11-17 11:08:27,241 - DEBUG - Seen 13 genes until now
2021-11-17 11:08:27,241 - DEBUG - Parsing Chromosome GL456216.1 strand + [line 138]
2021-11-17 11:08:27,242 - DEBUG - Done with GL456216.1+ [line 157]
2021-11-17 11:08:27,242 - DEBUG - Assigning indexes to genes
2021-11-17 11:08:27,242 - DEBUG - Seen 14 genes until now
2021-11-17 11:08:27,242 - DEBUG - Parsing Chromosome GL456219.1 strand - [line 158]
2021-11-17 11:08:27,242 - DEBUG - Done with GL456219.1- [line 171]
2021-11-17 11:08:27,242 - DEBUG - Assigning indexes to genes
2021-11-17 11:08:27,243 - DEBUG - Seen 16 genes until now
2021-11-17 11:08:27,243 - DEBUG - Parsing Chromosome GL456221.1 strand - [line 172]
2021-11-17 11:08:27,243 - DEBUG - Done with GL456221.1- [line 217]
2021-11-17 11:08:27,243 - DEBUG - Assigning indexes to genes
2021-11-17 11:08:27,243 - DEBUG - Seen 20 genes until now
2021-11-17 11:08:27,243 - DEBUG - Parsing Chromosome GL456221.1 strand + [line 218]
2021-11-17 11:08:27,244 - DEBUG - Done with GL456221.1+ [line 237]
2021-11-17 11:08:27,244 - DEBUG - Assigning indexes to genes
2021-11-17 11:08:27,244 - DEBUG - Seen 23 genes until now
2021-11-17 11:08:27,244 - DEBUG - Parsing Chromosome GL456233.1 strand - [line 238]
2021-11-17 11:08:27,245 - DEBUG - Done with GL456233.1- [line 269]
2021-11-17 11:08:27,245 - DEBUG - Assigning indexes to genes
2021-11-17 11:08:27,245 - DEBUG - Seen 25 genes until now
2021-11-17 11:08:27,245 - DEBUG - Parsing Chromosome GL456233.1 strand + [line 270]
2021-11-17 11:08:27,245 - DEBUG - Done with GL456233.1+ [line 300]
2021-11-17 11:08:27,245 - DEBUG - Assigning indexes to genes
2021-11-17 11:08:27,246 - DEBUG - Seen 27 genes until now
2021-11-17 11:08:27,246 - DEBUG - Parsing Chromosome GL456350.1 strand - [line 301]
2021-11-17 11:08:27,246 - DEBUG - Done with GL456350.1- [line 362]
2021-11-17 11:08:27,246 - DEBUG - Assigning indexes to genes
2021-11-17 11:08:27,246 - DEBUG - Seen 32 genes until now
2021-11-17 11:08:27,247 - DEBUG - Parsing Chromosome GL456354.1 strand - [line 363]
2021-11-17 11:08:27,247 - DEBUG - Done with GL456354.1- [line 398]
2021-11-17 11:08:27,247 - DEBUG - Assigning indexes to genes
2021-11-17 11:08:27,247 - DEBUG - Seen 35 genes until now
2021-11-17 11:08:27,247 - DEBUG - Parsing Chromosome GL456354.1 strand + [line 399]
2021-11-17 11:08:27,248 - DEBUG - Done with GL456354.1+ [line 420]
2021-11-17 11:08:27,248 - DEBUG - Assigning indexes to genes
2021-11-17 11:08:27,248 - DEBUG - Seen 37 genes until now
2021-11-17 11:08:27,248 - DEBUG - Parsing Chromosome JH584292.1 strand + [line 421]
2021-11-17 11:08:27,249 - DEBUG - Done with JH584292.1+ [line 496]
2021-11-17 11:08:27,249 - DEBUG - Assigning indexes to genes
2021-11-17 11:08:27,249 - DEBUG - Seen 38 genes until now
2021-11-17 11:08:27,249 - DEBUG - Parsing Chromosome JH584293.1 strand - [line 497]
2021-11-17 11:08:27,250 - DEBUG - Done with JH584293.1- [line 569]
2021-11-17 11:08:27,250 - DEBUG - Assigning indexes to genes
2021-11-17 11:08:27,250 - DEBUG - Seen 44 genes until now
2021-11-17 11:08:27,250 - DEBUG - Parsing Chromosome JH584293.1 strand + [line 570]
2021-11-17 11:08:27,251 - DEBUG - Done with JH584293.1+ [line 613]
2021-11-17 11:08:27,251 - DEBUG - Assigning indexes to genes
2021-11-17 11:08:27,251 - DEBUG - Seen 47 genes until now
2021-11-17 11:08:27,251 - DEBUG - Parsing Chromosome JH584294.1 strand - [line 614]
2021-11-17 11:08:27,252 - DEBUG - Done with JH584294.1- [line 681]
2021-11-17 11:08:27,252 - DEBUG - Assigning indexes to genes
2021-11-17 11:08:27,252 - DEBUG - Seen 51 genes until now
2021-11-17 11:08:27,252 - DEBUG - Parsing Chromosome JH584294.1 strand + [line 682]
2021-11-17 11:08:27,253 - DEBUG - Done with JH584294.1+ [line 708]
2021-11-17 11:08:27,253 - DEBUG - Assigning indexes to genes
2021-11-17 11:08:27,253 - DEBUG - Seen 53 genes until now
2021-11-17 11:08:27,253 - DEBUG - Parsing Chromosome JH584295.1 strand - [line 709]
2021-11-17 11:08:27,253 - DEBUG - Done with JH584295.1- [line 724]
2021-11-17 11:08:27,253 - DEBUG - Assigning indexes to genes
2021-11-17 11:08:27,253 - DEBUG - Seen 54 genes until now
2021-11-17 11:08:27,254 - DEBUG - Parsing Chromosome JH584296.1 strand - [line 725]
2021-11-17 11:08:27,254 - DEBUG - Done with JH584296.1- [line 755]
2021-11-17 11:08:27,254 - DEBUG - Assigning indexes to genes
2021-11-17 11:08:27,254 - DEBUG - Seen 57 genes until now
2021-11-17 11:08:27,254 - DEBUG - Parsing Chromosome JH584297.1 strand - [line 756]
2021-11-17 11:08:27,254 - DEBUG - Done with JH584297.1- [line 775]
2021-11-17 11:08:27,255 - DEBUG - Assigning indexes to genes
2021-11-17 11:08:27,255 - DEBUG - Seen 59 genes until now
2021-11-17 11:08:27,255 - DEBUG - Parsing Chromosome JH584297.1 strand + [line 776]
2021-11-17 11:08:27,255 - DEBUG - Done with JH584297.1+ [line 784]
2021-11-17 11:08:27,255 - DEBUG - Assigning indexes to genes
2021-11-17 11:08:27,255 - DEBUG - Seen 60 genes until now
2021-11-17 11:08:27,255 - DEBUG - Parsing Chromosome JH584298.1 strand - [line 785]
2021-11-17 11:08:27,256 - DEBUG - Done with JH584298.1- [line 795]
2021-11-17 11:08:27,256 - DEBUG - Assigning indexes to genes
2021-11-17 11:08:27,256 - DEBUG - Seen 61 genes until now
2021-11-17 11:08:27,256 - DEBUG - Parsing Chromosome JH584298.1 strand + [line 796]
2021-11-17 11:08:27,256 - DEBUG - Done with JH584298.1+ [line 817]
2021-11-17 11:08:27,256 - DEBUG - Assigning indexes to genes
2021-11-17 11:08:27,256 - DEBUG - Seen 63 genes until now
2021-11-17 11:08:27,257 - DEBUG - Parsing Chromosome JH584299.1 strand - [line 818]
2021-11-17 11:08:27,257 - DEBUG - Done with JH584299.1- [line 828]
2021-11-17 11:08:27,257 - DEBUG - Assigning indexes to genes
2021-11-17 11:08:27,257 - DEBUG - Seen 64 genes until now
2021-11-17 11:08:27,257 - DEBUG - Parsing Chromosome JH584299.1 strand + [line 829]
2021-11-17 11:08:27,258 - DEBUG - Done with JH584299.1+ [line 950]
2021-11-17 11:08:27,258 - DEBUG - Assigning indexes to genes
2021-11-17 11:08:27,258 - DEBUG - Seen 75 genes until now
2021-11-17 11:08:27,259 - DEBUG - Parsing Chromosome JH584303.1 strand + [line 951]
2021-11-17 11:08:27,259 - DEBUG - Done with JH584303.1+ [line 955]
2021-11-17 11:08:27,259 - DEBUG - Assigning indexes to genes
2021-11-17 11:08:27,259 - DEBUG - Seen 76 genes until now
2021-11-17 11:08:27,259 - DEBUG - Parsing Chromosome JH584304.1 strand - [line 956]
2021-11-17 11:08:27,260 - DEBUG - Done with JH584304.1- [line 988]
2021-11-17 11:08:27,260 - DEBUG - Assigning indexes to genes
2021-11-17 11:08:27,260 - DEBUG - Seen 77 genes until now
2021-11-17 11:08:27,260 - DEBUG - Parsing Chromosome 1 strand - [line 989]
2021-11-17 11:08:28,133 - DEBUG - Done with 1- [line 57063]
2021-11-17 11:08:28,133 - DEBUG - Assigning indexes to genes
2021-11-17 11:08:28,143 - DEBUG - Seen 966 genes until now
2021-11-17 11:08:28,143 - DEBUG - Parsing Chromosome 1 strand + [line 57064]
2021-11-17 11:08:28,919 - DEBUG - Done with 1+ [line 111842]
2021-11-17 11:08:28,919 - DEBUG - Assigning indexes to genes
2021-11-17 11:08:28,928 - DEBUG - Seen 1876 genes until now
2021-11-17 11:08:28,928 - DEBUG - Parsing Chromosome 10 strand - [line 111843]
2021-11-17 11:08:29,384 - DEBUG - Done with 10- [line 152030]
2021-11-17 11:08:29,384 - DEBUG - Assigning indexes to genes
2021-11-17 11:08:29,391 - DEBUG - Seen 2638 genes until now
2021-11-17 11:08:29,391 - DEBUG - Parsing Chromosome 10 strand + [line 152031]
2021-11-17 11:08:30,061 - DEBUG - Done with 10+ [line 194968]
2021-11-17 11:08:30,061 - DEBUG - Assigning indexes to genes
2021-11-17 11:08:30,070 - DEBUG - Seen 3448 genes until now
2021-11-17 11:08:30,070 - DEBUG - Parsing Chromosome 11 strand - [line 194969]
2021-11-17 11:08:30,779 - DEBUG - Done with 11- [line 257480]
2021-11-17 11:08:30,779 - DEBUG - Assigning indexes to genes
2021-11-17 11:08:30,790 - DEBUG - Seen 4518 genes until now
2021-11-17 11:08:30,790 - DEBUG - Parsing Chromosome 11 strand + [line 257481]
2021-11-17 11:08:31,801 - DEBUG - Done with 11+ [line 320172]
2021-11-17 11:08:31,802 - DEBUG - Assigning indexes to genes
2021-11-17 11:08:31,813 - DEBUG - Seen 5535 genes until now
2021-11-17 11:08:31,813 - DEBUG - Parsing Chromosome 12 strand - [line 320173]
2021-11-17 11:08:32,096 - DEBUG - Done with 12- [line 345502]
2021-11-17 11:08:32,096 - DEBUG - Assigning indexes to genes
2021-11-17 11:08:32,102 - DEBUG - Seen 6300 genes until now
2021-11-17 11:08:32,102 - DEBUG - Parsing Chromosome 12 strand + [line 345503]
2021-11-17 11:08:32,495 - DEBUG - Done with 12+ [line 380229]
2021-11-17 11:08:32,495 - DEBUG - Assigning indexes to genes
2021-11-17 11:08:32,502 - DEBUG - Seen 6877 genes until now
2021-11-17 11:08:32,502 - DEBUG - Parsing Chromosome 13 strand - [line 380230]
2021-11-17 11:08:32,883 - DEBUG - Done with 13- [line 414645]
2021-11-17 11:08:32,883 - DEBUG - Assigning indexes to genes
2021-11-17 11:08:32,891 - DEBUG - Seen 7611 genes until now
2021-11-17 11:08:32,891 - DEBUG - Parsing Chromosome 13 strand + [line 414646]
2021-11-17 11:08:33,186 - DEBUG - Done with 13+ [line 441742]
2021-11-17 11:08:33,187 - DEBUG - Assigning indexes to genes
2021-11-17 11:08:33,192 - DEBUG - Seen 8318 genes until now
2021-11-17 11:08:33,193 - DEBUG - Parsing Chromosome 14 strand - [line 441743]
2021-11-17 11:08:33,853 - DEBUG - Done with 14- [line 478634]
2021-11-17 11:08:33,853 - DEBUG - Assigning indexes to genes
2021-11-17 11:08:33,859 - DEBUG - Seen 9014 genes until now
2021-11-17 11:08:33,860 - DEBUG - Parsing Chromosome 14 strand + [line 478635]
2021-11-17 11:08:34,228 - DEBUG - Done with 14+ [line 512401]
2021-11-17 11:08:34,228 - DEBUG - Assigning indexes to genes
2021-11-17 11:08:34,235 - DEBUG - Seen 9849 genes until now
2021-11-17 11:08:34,235 - DEBUG - Parsing Chromosome 15 strand - [line 512402]
2021-11-17 11:08:34,645 - DEBUG - Done with 15- [line 549004]
2021-11-17 11:08:34,645 - DEBUG - Assigning indexes to genes
2021-11-17 11:08:34,651 - DEBUG - Seen 10439 genes until now
2021-11-17 11:08:34,652 - DEBUG - Parsing Chromosome 15 strand + [line 549005]
2021-11-17 11:08:34,999 - DEBUG - Done with 15+ [line 580047]
2021-11-17 11:08:34,999 - DEBUG - Assigning indexes to genes
2021-11-17 11:08:35,006 - DEBUG - Seen 10983 genes until now
2021-11-17 11:08:35,006 - DEBUG - Parsing Chromosome 16 strand - [line 580048]
2021-11-17 11:08:35,310 - DEBUG - Done with 16- [line 607192]
2021-11-17 11:08:35,310 - DEBUG - Assigning indexes to genes
2021-11-17 11:08:35,315 - DEBUG - Seen 11469 genes until now
2021-11-17 11:08:35,315 - DEBUG - Parsing Chromosome 16 strand + [line 607193]
2021-11-17 11:08:35,940 - DEBUG - Done with 16+ [line 637997]
2021-11-17 11:08:35,940 - DEBUG - Assigning indexes to genes
2021-11-17 11:08:35,945 - DEBUG - Seen 11933 genes until now
2021-11-17 11:08:35,946 - DEBUG - Parsing Chromosome 17 strand - [line 637998]
2021-11-17 11:08:36,435 - DEBUG - Done with 17- [line 681830]
2021-11-17 11:08:36,435 - DEBUG - Assigning indexes to genes
2021-11-17 11:08:36,443 - DEBUG - Seen 12652 genes until now
2021-11-17 11:08:36,443 - DEBUG - Parsing Chromosome 17 strand + [line 681831]
2021-11-17 11:08:36,967 - DEBUG - Done with 17+ [line 729330]
2021-11-17 11:08:36,967 - DEBUG - Assigning indexes to genes
2021-11-17 11:08:36,976 - DEBUG - Seen 13379 genes until now
2021-11-17 11:08:36,976 - DEBUG - Parsing Chromosome 18 strand - [line 729331]
2021-11-17 11:08:37,186 - DEBUG - Done with 18- [line 748063]
2021-11-17 11:08:37,187 - DEBUG - Assigning indexes to genes
2021-11-17 11:08:37,190 - DEBUG - Seen 13744 genes until now
2021-11-17 11:08:37,190 - DEBUG - Parsing Chromosome 18 strand + [line 748064]
2021-11-17 11:08:37,473 - DEBUG - Done with 18+ [line 774053]
2021-11-17 11:08:37,473 - DEBUG - Assigning indexes to genes
2021-11-17 11:08:37,477 - DEBUG - Seen 14196 genes until now
2021-11-17 11:08:37,478 - DEBUG - Parsing Chromosome 19 strand - [line 774054]
2021-11-17 11:08:37,839 - DEBUG - Done with 19- [line 806361]
2021-11-17 11:08:37,840 - DEBUG - Assigning indexes to genes
2021-11-17 11:08:37,845 - DEBUG - Seen 14666 genes until now
2021-11-17 11:08:37,845 - DEBUG - Parsing Chromosome 19 strand + [line 806362]
2021-11-17 11:08:38,156 - DEBUG - Done with 19+ [line 834536]
2021-11-17 11:08:38,156 - DEBUG - Assigning indexes to genes
2021-11-17 11:08:38,161 - DEBUG - Seen 15155 genes until now
2021-11-17 11:08:38,161 - DEBUG - Parsing Chromosome 2 strand - [line 834537]
2021-11-17 11:08:39,347 - DEBUG - Done with 2- [line 911094]
2021-11-17 11:08:39,348 - DEBUG - Assigning indexes to genes
2021-11-17 11:08:39,361 - DEBUG - Seen 16361 genes until now
2021-11-17 11:08:39,361 - DEBUG - Parsing Chromosome 2 strand + [line 911095]
2021-11-17 11:08:40,150 - DEBUG - Done with 2+ [line 982171]
2021-11-17 11:08:40,150 - DEBUG - Assigning indexes to genes
2021-11-17 11:08:40,164 - DEBUG - Seen 17581 genes until now
2021-11-17 11:08:40,164 - DEBUG - Parsing Chromosome 3 strand - [line 982172]
2021-11-17 11:08:40,597 - DEBUG - Done with 3- [line 1021471]
2021-11-17 11:08:40,597 - DEBUG - Assigning indexes to genes
2021-11-17 11:08:40,605 - DEBUG - Seen 18356 genes until now
2021-11-17 11:08:40,605 - DEBUG - Parsing Chromosome 3 strand + [line 1021472]
2021-11-17 11:08:41,080 - DEBUG - Done with 3+ [line 1065065]
2021-11-17 11:08:41,081 - DEBUG - Assigning indexes to genes
2021-11-17 11:08:41,088 - DEBUG - Seen 19102 genes until now
2021-11-17 11:08:41,088 - DEBUG - Parsing Chromosome 4 strand - [line 1065066]
2021-11-17 11:08:41,681 - DEBUG - Done with 4- [line 1117209]
2021-11-17 11:08:41,681 - DEBUG - Assigning indexes to genes
2021-11-17 11:08:41,690 - DEBUG - Seen 19972 genes until now
2021-11-17 11:08:41,690 - DEBUG - Parsing Chromosome 4 strand + [line 1117210]
2021-11-17 11:08:42,725 - DEBUG - Done with 4+ [line 1167049]
2021-11-17 11:08:42,725 - DEBUG - Assigning indexes to genes
2021-11-17 11:08:42,734 - DEBUG - Seen 20848 genes until now
2021-11-17 11:08:42,734 - DEBUG - Parsing Chromosome 5 strand - [line 1167050]
2021-11-17 11:08:43,390 - DEBUG - Done with 5- [line 1225395]
2021-11-17 11:08:43,390 - DEBUG - Assigning indexes to genes
2021-11-17 11:08:43,400 - DEBUG - Seen 21762 genes until now
2021-11-17 11:08:43,400 - DEBUG - Parsing Chromosome 5 strand + [line 1225396]
2021-11-17 11:08:44,059 - DEBUG - Done with 5+ [line 1284505]
2021-11-17 11:08:44,059 - DEBUG - Assigning indexes to genes
2021-11-17 11:08:44,072 - DEBUG - Seen 22701 genes until now
2021-11-17 11:08:44,072 - DEBUG - Parsing Chromosome 6 strand - [line 1284506]
2021-11-17 11:08:44,571 - DEBUG - Done with 6- [line 1330066]
2021-11-17 11:08:44,572 - DEBUG - Assigning indexes to genes
2021-11-17 11:08:44,580 - DEBUG - Seen 23564 genes until now
2021-11-17 11:08:44,580 - DEBUG - Parsing Chromosome 6 strand + [line 1330067]
2021-11-17 11:08:45,106 - DEBUG - Done with 6+ [line 1378331]
2021-11-17 11:08:45,106 - DEBUG - Assigning indexes to genes
2021-11-17 11:08:45,115 - DEBUG - Seen 24493 genes until now
2021-11-17 11:08:45,116 - DEBUG - Parsing Chromosome 7 strand - [line 1378332]
2021-11-17 11:08:45,911 - DEBUG - Done with 7- [line 1452549]
2021-11-17 11:08:45,912 - DEBUG - Assigning indexes to genes
2021-11-17 11:08:45,927 - DEBUG - Seen 25855 genes until now
2021-11-17 11:08:45,927 - DEBUG - Parsing Chromosome 7 strand + [line 1452550]
2021-11-17 11:08:47,147 - DEBUG - Done with 7+ [line 1523678]
2021-11-17 11:08:47,148 - DEBUG - Assigning indexes to genes
2021-11-17 11:08:47,162 - DEBUG - Seen 27096 genes until now
2021-11-17 11:08:47,162 - DEBUG - Parsing Chromosome 8 strand - [line 1523679]
2021-11-17 11:08:47,569 - DEBUG - Done with 8- [line 1559719]
2021-11-17 11:08:47,569 - DEBUG - Assigning indexes to genes
2021-11-17 11:08:47,576 - DEBUG - Seen 27820 genes until now
2021-11-17 11:08:47,576 - DEBUG - Parsing Chromosome 8 strand + [line 1559720]
2021-11-17 11:08:48,095 - DEBUG - Done with 8+ [line 1606795]
2021-11-17 11:08:48,095 - DEBUG - Assigning indexes to genes
2021-11-17 11:08:48,103 - DEBUG - Seen 28656 genes until now
2021-11-17 11:08:48,104 - DEBUG - Parsing Chromosome 9 strand - [line 1606796]
2021-11-17 11:08:48,699 - DEBUG - Done with 9- [line 1658478]
2021-11-17 11:08:48,700 - DEBUG - Assigning indexes to genes
2021-11-17 11:08:48,709 - DEBUG - Seen 29510 genes until now
2021-11-17 11:08:48,709 - DEBUG - Parsing Chromosome 9 strand + [line 1658479]
2021-11-17 11:08:49,311 - DEBUG - Done with 9+ [line 1712094]
2021-11-17 11:08:49,311 - DEBUG - Assigning indexes to genes
2021-11-17 11:08:49,322 - DEBUG - Seen 30441 genes until now
2021-11-17 11:08:49,322 - DEBUG - Parsing Chromosome M strand - [line 1712095]
2021-11-17 11:08:49,322 - DEBUG - Done with M- [line 1712101]
2021-11-17 11:08:49,323 - DEBUG - Assigning indexes to genes
2021-11-17 11:08:49,323 - DEBUG - Seen 30442 genes until now
2021-11-17 11:08:49,323 - DEBUG - Parsing Chromosome M strand + [line 1712102]
2021-11-17 11:08:49,323 - DEBUG - Done with M+ [line 1712175]
2021-11-17 11:08:49,323 - DEBUG - Assigning indexes to genes
2021-11-17 11:08:49,324 - DEBUG - Seen 30454 genes until now
2021-11-17 11:08:49,324 - DEBUG - Parsing Chromosome X strand - [line 1712176]
2021-11-17 11:08:49,622 - DEBUG - Done with X- [line 1739781]
2021-11-17 11:08:49,622 - DEBUG - Assigning indexes to genes
2021-11-17 11:08:49,627 - DEBUG - Seen 30981 genes until now
2021-11-17 11:08:49,627 - DEBUG - Parsing Chromosome X strand + [line 1739782]
2021-11-17 11:08:49,964 - DEBUG - Done with X+ [line 1770751]
2021-11-17 11:08:49,964 - DEBUG - Assigning indexes to genes
2021-11-17 11:08:49,969 - DEBUG - Seen 31560 genes until now
2021-11-17 11:08:49,970 - DEBUG - Parsing Chromosome Y strand - [line 1770752]
2021-11-17 11:08:50,023 - DEBUG - Done with Y- [line 1775246]
2021-11-17 11:08:50,023 - DEBUG - Assigning indexes to genes
2021-11-17 11:08:50,025 - DEBUG - Seen 31897 genes until now
2021-11-17 11:08:50,026 - DEBUG - Parsing Chromosome Y strand + [line 1775247]
2021-11-17 11:08:50,088 - DEBUG - Assigning indexes to genes
2021-11-17 11:08:50,091 - DEBUG - Done with Y+ [line 1780453]
2021-11-17 11:08:50,091 - DEBUG - Fixing corner cases of transcript models containg intron longer than 1000Kbp
2021-11-17 11:08:51,949 - DEBUG - Generated 1492231 features corresponding to 118153 transcript models from /research/peer/fdeckert/FD20200109SPLENO/data/mm10/cellranger/mm10-2020-A_build/gencode.vM23.primary_assembly.annotation.gtf.filtered
2021-11-17 11:08:51,970 - INFO - Load the repeat masking annotation from /research/peer/fdeckert/FD20200109SPLENO/data/mm10/cellranger/mm10-2020-A_build/mm10_rmsk.gtf
2021-11-17 11:08:51,970 - DEBUG - Reading /research/peer/fdeckert/FD20200109SPLENO/data/mm10/cellranger/mm10-2020-A_build/mm10_rmsk.gtf, the file will be sorted in memory
