2021-06-08 12:30:56,337 - DEBUG - Using logic: ValidatedIntrons10X
2021-06-08 12:30:56,347 - INFO - Read 3829 cell barcodes from /research/peer/fdeckert/FD20200109SPLENO/data/BSA_0355_SM01_10x_SPLENO/OUT/COUNT/M8_control_Prog_transcriptome/filtered_feature_bc_matrix/barcodes.qc.tsv
2021-06-08 12:30:56,347 - DEBUG - Example of barcode: AAACGAAAGGAGACCT and cell_id: qc:AAACGAAAGGAGACCT-1_8
2021-06-08 12:30:56,369 - DEBUG - Peeking into /research/peer/fdeckert/FD20200109SPLENO/data/BSA_0355_SM01_10x_SPLENO/OUT/COUNT/M8_control_Prog_transcriptome/possorted_genome_bam.bam
2021-06-08 12:30:56,461 - WARNING - Not found cell and umi barcode in entry 5 of the bam file
2021-06-08 12:30:56,471 - WARNING - Not found cell and umi barcode in entry 150 of the bam file
2021-06-08 12:30:56,471 - WARNING - Not found cell and umi barcode in entry 151 of the bam file
2021-06-08 12:30:56,471 - WARNING - Not found cell and umi barcode in entry 172 of the bam file
2021-06-08 12:30:56,471 - WARNING - Not found cell and umi barcode in entry 173 of the bam file
2021-06-08 12:30:56,472 - WARNING - Not found cell and umi barcode in entry 203 of the bam file
2021-06-08 12:30:56,472 - WARNING - Not found cell and umi barcode in entry 263 of the bam file
2021-06-08 12:30:56,472 - WARNING - Not found cell and umi barcode in entry 272 of the bam file
2021-06-08 12:30:56,472 - WARNING - Not found cell and umi barcode in entry 273 of the bam file
2021-06-08 12:30:56,473 - WARNING - Not found cell and umi barcode in entry 383 of the bam file
2021-06-08 12:30:56,474 - WARNING - Not found cell and umi barcode in entry 411 of the bam file
2021-06-08 12:30:56,474 - WARNING - Not found cell and umi barcode in entry 426 of the bam file
2021-06-08 12:30:56,474 - WARNING - Not found cell and umi barcode in entry 428 of the bam file
2021-06-08 12:30:56,474 - WARNING - Not found cell and umi barcode in entry 431 of the bam file
2021-06-08 12:30:56,474 - WARNING - Not found cell and umi barcode in entry 436 of the bam file
2021-06-08 12:30:56,510 - WARNING - Not found cell and umi barcode in entry 437 of the bam file
2021-06-08 12:30:56,510 - WARNING - Not found cell and umi barcode in entry 477 of the bam file
2021-06-08 12:30:56,510 - WARNING - Not found cell and umi barcode in entry 503 of the bam file
2021-06-08 12:30:56,511 - WARNING - Not found cell and umi barcode in entry 511 of the bam file
2021-06-08 12:30:56,511 - WARNING - Not found cell and umi barcode in entry 522 of the bam file
2021-06-08 12:30:56,511 - WARNING - Not found cell and umi barcode in entry 552 of the bam file
2021-06-08 12:30:56,511 - WARNING - Not found cell and umi barcode in entry 554 of the bam file
2021-06-08 12:30:56,511 - WARNING - Not found cell and umi barcode in entry 562 of the bam file
2021-06-08 12:30:56,512 - WARNING - Not found cell and umi barcode in entry 636 of the bam file
2021-06-08 12:30:56,512 - WARNING - Not found cell and umi barcode in entry 637 of the bam file
2021-06-08 12:30:56,513 - WARNING - Not found cell and umi barcode in entry 638 of the bam file
2021-06-08 12:30:56,513 - WARNING - Not found cell and umi barcode in entry 654 of the bam file
2021-06-08 12:30:56,513 - WARNING - Not found cell and umi barcode in entry 656 of the bam file
2021-06-08 12:30:56,513 - WARNING - Not found cell and umi barcode in entry 663 of the bam file
2021-06-08 12:30:56,513 - WARNING - Not found cell and umi barcode in entry 666 of the bam file
2021-06-08 12:30:56,513 - WARNING - Not found cell and umi barcode in entry 695 of the bam file
2021-06-08 12:30:56,514 - WARNING - Not found cell and umi barcode in entry 709 of the bam file
2021-06-08 12:30:56,524 - WARNING - Not found cell and umi barcode in entry 758 of the bam file
2021-06-08 12:30:56,524 - WARNING - Not found cell and umi barcode in entry 767 of the bam file
2021-06-08 12:30:56,525 - WARNING - Not found cell and umi barcode in entry 816 of the bam file
2021-06-08 12:30:56,525 - WARNING - Not found cell and umi barcode in entry 817 of the bam file
2021-06-08 12:30:56,526 - WARNING - Not found cell and umi barcode in entry 953 of the bam file
2021-06-08 12:30:56,526 - WARNING - Not found cell and umi barcode in entry 965 of the bam file
2021-06-08 12:30:56,526 - WARNING - Not found cell and umi barcode in entry 972 of the bam file
2021-06-08 12:30:56,526 - WARNING - Not found cell and umi barcode in entry 977 of the bam file
2021-06-08 12:30:56,560 - INFO - Starting the sorting process of /research/peer/fdeckert/FD20200109SPLENO/data/BSA_0355_SM01_10x_SPLENO/OUT/COUNT/M8_control_Prog_transcriptome/possorted_genome_bam.bam the output will be at: /research/peer/fdeckert/FD20200109SPLENO/data/BSA_0355_SM01_10x_SPLENO/OUT/COUNT/M8_control_Prog_transcriptome/cellsorted_possorted_genome_bam.bam
2021-06-08 12:30:56,561 - INFO - Command being run is: samtools sort -l 7 -m 100M -t CB -O BAM -@ 10 -o /research/peer/fdeckert/FD20200109SPLENO/data/BSA_0355_SM01_10x_SPLENO/OUT/COUNT/M8_control_Prog_transcriptome/cellsorted_possorted_genome_bam.bam /research/peer/fdeckert/FD20200109SPLENO/data/BSA_0355_SM01_10x_SPLENO/OUT/COUNT/M8_control_Prog_transcriptome/possorted_genome_bam.bam
2021-06-08 12:30:56,561 - INFO - While the bam sorting happens do other things...
2021-06-08 12:30:56,561 - INFO - Load the annotation from /research/peer/fdeckert/FD20200109SPLENO/data/mm10/cellranger/Mus_musculus.GRCm38.93.filtered.gtf
2021-06-08 12:31:46,588 - DEBUG - Parsing Chromosome 1 strand - [line 0]
2021-06-08 12:31:50,824 - DEBUG - Done with 1- [line 55263]
2021-06-08 12:31:50,824 - DEBUG - Assigning indexes to genes
2021-06-08 12:31:50,899 - DEBUG - Seen 852 genes until now
2021-06-08 12:31:50,899 - DEBUG - Parsing Chromosome 1 strand + [line 55264]
2021-06-08 12:31:57,613 - DEBUG - Done with 1+ [line 108827]
2021-06-08 12:31:57,613 - DEBUG - Assigning indexes to genes
2021-06-08 12:31:57,711 - DEBUG - Seen 1744 genes until now
2021-06-08 12:31:57,711 - DEBUG - Parsing Chromosome 10 strand - [line 108828]
2021-06-08 12:32:01,773 - DEBUG - Done with 10- [line 148287]
2021-06-08 12:32:01,773 - DEBUG - Assigning indexes to genes
2021-06-08 12:32:01,857 - DEBUG - Seen 2492 genes until now
2021-06-08 12:32:01,858 - DEBUG - Parsing Chromosome 10 strand + [line 148288]
2021-06-08 12:32:04,975 - DEBUG - Done with 10+ [line 190661]
2021-06-08 12:32:04,976 - DEBUG - Assigning indexes to genes
2021-06-08 12:32:04,989 - DEBUG - Seen 3285 genes until now
2021-06-08 12:32:04,990 - DEBUG - Parsing Chromosome 11 strand - [line 190662]
2021-06-08 12:32:07,702 - DEBUG - Done with 11- [line 252011]
2021-06-08 12:32:07,702 - DEBUG - Assigning indexes to genes
2021-06-08 12:32:07,758 - DEBUG - Seen 4335 genes until now
2021-06-08 12:32:07,759 - DEBUG - Parsing Chromosome 11 strand + [line 252012]
2021-06-08 12:32:11,347 - DEBUG - Done with 11+ [line 314062]
2021-06-08 12:32:11,347 - DEBUG - Assigning indexes to genes
2021-06-08 12:32:11,445 - DEBUG - Seen 5320 genes until now
2021-06-08 12:32:11,445 - DEBUG - Parsing Chromosome 12 strand - [line 314063]
2021-06-08 12:32:13,634 - DEBUG - Done with 12- [line 338958]
2021-06-08 12:32:13,634 - DEBUG - Assigning indexes to genes
2021-06-08 12:32:13,686 - DEBUG - Seen 6056 genes until now
2021-06-08 12:32:13,686 - DEBUG - Parsing Chromosome 12 strand + [line 338959]
2021-06-08 12:32:17,103 - DEBUG - Done with 12+ [line 372787]
2021-06-08 12:32:17,104 - DEBUG - Assigning indexes to genes
2021-06-08 12:32:17,186 - DEBUG - Seen 6615 genes until now
2021-06-08 12:32:17,186 - DEBUG - Parsing Chromosome 13 strand - [line 372788]
2021-06-08 12:32:20,577 - DEBUG - Done with 13- [line 406792]
2021-06-08 12:32:20,577 - DEBUG - Assigning indexes to genes
2021-06-08 12:32:20,650 - DEBUG - Seen 7339 genes until now
2021-06-08 12:32:20,650 - DEBUG - Parsing Chromosome 13 strand + [line 406793]
2021-06-08 12:32:23,300 - DEBUG - Done with 13+ [line 433455]
2021-06-08 12:32:23,300 - DEBUG - Assigning indexes to genes
2021-06-08 12:32:23,353 - DEBUG - Seen 8023 genes until now
2021-06-08 12:32:23,353 - DEBUG - Parsing Chromosome 14 strand - [line 433456]
2021-06-08 12:32:26,977 - DEBUG - Done with 14- [line 469680]
2021-06-08 12:32:26,978 - DEBUG - Assigning indexes to genes
2021-06-08 12:32:26,998 - DEBUG - Seen 8704 genes until now
2021-06-08 12:32:26,999 - DEBUG - Parsing Chromosome 14 strand + [line 469681]
2021-06-08 12:32:28,168 - DEBUG - Done with 14+ [line 502857]
2021-06-08 12:32:28,168 - DEBUG - Assigning indexes to genes
2021-06-08 12:32:28,183 - DEBUG - Seen 9518 genes until now
2021-06-08 12:32:28,183 - DEBUG - Parsing Chromosome 15 strand - [line 502858]
2021-06-08 12:32:29,484 - DEBUG - Done with 15- [line 539049]
2021-06-08 12:32:29,484 - DEBUG - Assigning indexes to genes
2021-06-08 12:32:29,496 - DEBUG - Seen 10092 genes until now
2021-06-08 12:32:29,496 - DEBUG - Parsing Chromosome 15 strand + [line 539050]
2021-06-08 12:32:30,690 - DEBUG - Done with 15+ [line 569723]
2021-06-08 12:32:30,691 - DEBUG - Assigning indexes to genes
2021-06-08 12:32:30,713 - DEBUG - Seen 10616 genes until now
2021-06-08 12:32:30,713 - DEBUG - Parsing Chromosome 16 strand - [line 569724]
2021-06-08 12:32:31,671 - DEBUG - Done with 16- [line 596286]
2021-06-08 12:32:31,672 - DEBUG - Assigning indexes to genes
2021-06-08 12:32:31,682 - DEBUG - Seen 11093 genes until now
2021-06-08 12:32:31,682 - DEBUG - Parsing Chromosome 16 strand + [line 596287]
2021-06-08 12:32:35,176 - DEBUG - Done with 16+ [line 626571]
2021-06-08 12:32:35,176 - DEBUG - Assigning indexes to genes
2021-06-08 12:32:35,237 - DEBUG - Seen 11545 genes until now
2021-06-08 12:32:35,237 - DEBUG - Parsing Chromosome 17 strand - [line 626572]
2021-06-08 12:32:38,664 - DEBUG - Done with 17- [line 659846]
2021-06-08 12:32:38,664 - DEBUG - Assigning indexes to genes
2021-06-08 12:32:38,745 - DEBUG - Seen 12152 genes until now
2021-06-08 12:32:38,746 - DEBUG - Parsing Chromosome 17 strand + [line 659847]
2021-06-08 12:32:42,676 - DEBUG - Done with 17+ [line 696472]
2021-06-08 12:32:42,676 - DEBUG - Assigning indexes to genes
2021-06-08 12:32:42,738 - DEBUG - Seen 12800 genes until now
2021-06-08 12:32:42,738 - DEBUG - Parsing Chromosome 18 strand - [line 696473]
2021-06-08 12:32:44,130 - DEBUG - Done with 18- [line 709486]
2021-06-08 12:32:44,130 - DEBUG - Assigning indexes to genes
2021-06-08 12:32:44,158 - DEBUG - Seen 13059 genes until now
2021-06-08 12:32:44,159 - DEBUG - Parsing Chromosome 18 strand + [line 709487]
2021-06-08 12:32:46,005 - DEBUG - Done with 18+ [line 728027]
2021-06-08 12:32:46,006 - DEBUG - Assigning indexes to genes
2021-06-08 12:32:46,031 - DEBUG - Seen 13409 genes until now
2021-06-08 12:32:46,032 - DEBUG - Parsing Chromosome 19 strand - [line 728028]
2021-06-08 12:32:47,610 - DEBUG - Done with 19- [line 752316]
2021-06-08 12:32:47,610 - DEBUG - Assigning indexes to genes
2021-06-08 12:32:47,635 - DEBUG - Seen 13815 genes until now
2021-06-08 12:32:47,635 - DEBUG - Parsing Chromosome 19 strand + [line 752317]
2021-06-08 12:32:48,183 - DEBUG - Done with 19+ [line 773600]
2021-06-08 12:32:48,183 - DEBUG - Assigning indexes to genes
2021-06-08 12:32:48,190 - DEBUG - Seen 14224 genes until now
2021-06-08 12:32:48,191 - DEBUG - Parsing Chromosome 2 strand - [line 773601]
2021-06-08 12:32:51,077 - DEBUG - Done with 2- [line 848821]
2021-06-08 12:32:51,078 - DEBUG - Assigning indexes to genes
2021-06-08 12:32:52,211 - DEBUG - Seen 15398 genes until now
2021-06-08 12:32:52,211 - DEBUG - Parsing Chromosome 2 strand + [line 848822]
2021-06-08 12:32:55,860 - DEBUG - Done with 2+ [line 918704]
2021-06-08 12:32:55,880 - DEBUG - Assigning indexes to genes
2021-06-08 12:32:55,985 - DEBUG - Seen 16582 genes until now
2021-06-08 12:32:55,985 - DEBUG - Parsing Chromosome 3 strand - [line 918705]
2021-06-08 12:32:59,665 - DEBUG - Done with 3- [line 957202]
2021-06-08 12:32:59,665 - DEBUG - Assigning indexes to genes
2021-06-08 12:32:59,724 - DEBUG - Seen 17302 genes until now
2021-06-08 12:32:59,724 - DEBUG - Parsing Chromosome 3 strand + [line 957203]
2021-06-08 12:33:03,882 - DEBUG - Done with 3+ [line 1000138]
2021-06-08 12:33:03,883 - DEBUG - Assigning indexes to genes
2021-06-08 12:33:03,957 - DEBUG - Seen 18021 genes until now
2021-06-08 12:33:03,957 - DEBUG - Parsing Chromosome 4 strand - [line 1000139]
2021-06-08 12:33:08,906 - DEBUG - Done with 4- [line 1050727]
2021-06-08 12:33:08,906 - DEBUG - Assigning indexes to genes
2021-06-08 12:33:08,991 - DEBUG - Seen 18875 genes until now
2021-06-08 12:33:08,992 - DEBUG - Parsing Chromosome 4 strand + [line 1050728]
2021-06-08 12:33:11,180 - DEBUG - Done with 4+ [line 1099723]
2021-06-08 12:33:11,181 - DEBUG - Assigning indexes to genes
2021-06-08 12:33:11,212 - DEBUG - Seen 19731 genes until now
2021-06-08 12:33:11,213 - DEBUG - Parsing Chromosome 5 strand - [line 1099724]
2021-06-08 12:33:14,746 - DEBUG - Done with 5- [line 1157394]
2021-06-08 12:33:14,746 - DEBUG - Assigning indexes to genes
2021-06-08 12:33:14,774 - DEBUG - Seen 20622 genes until now
2021-06-08 12:33:14,774 - DEBUG - Parsing Chromosome 5 strand + [line 1157395]
2021-06-08 12:33:17,997 - DEBUG - Done with 5+ [line 1215626]
2021-06-08 12:33:17,998 - DEBUG - Assigning indexes to genes
2021-06-08 12:33:18,090 - DEBUG - Seen 21539 genes until now
2021-06-08 12:33:18,090 - DEBUG - Parsing Chromosome 6 strand - [line 1215627]
2021-06-08 12:33:22,472 - DEBUG - Done with 6- [line 1260326]
2021-06-08 12:33:22,473 - DEBUG - Assigning indexes to genes
2021-06-08 12:33:22,575 - DEBUG - Seen 22385 genes until now
2021-06-08 12:33:22,575 - DEBUG - Parsing Chromosome 6 strand + [line 1260327]
2021-06-08 12:33:27,124 - DEBUG - Done with 6+ [line 1307744]
2021-06-08 12:33:27,124 - DEBUG - Assigning indexes to genes
2021-06-08 12:33:27,233 - DEBUG - Seen 23304 genes until now
2021-06-08 12:33:27,233 - DEBUG - Parsing Chromosome 7 strand - [line 1307745]
2021-06-08 12:33:33,167 - DEBUG - Done with 7- [line 1379880]
2021-06-08 12:33:33,167 - DEBUG - Assigning indexes to genes
2021-06-08 12:33:33,220 - DEBUG - Seen 24656 genes until now
2021-06-08 12:33:33,220 - DEBUG - Parsing Chromosome 7 strand + [line 1379881]
2021-06-08 12:33:35,972 - DEBUG - Done with 7+ [line 1450335]
2021-06-08 12:33:35,973 - DEBUG - Assigning indexes to genes
2021-06-08 12:33:36,023 - DEBUG - Seen 25873 genes until now
2021-06-08 12:33:36,025 - DEBUG - Parsing Chromosome 8 strand - [line 1450336]
2021-06-08 12:33:38,651 - DEBUG - Done with 8- [line 1485523]
2021-06-08 12:33:38,651 - DEBUG - Assigning indexes to genes
2021-06-08 12:33:38,685 - DEBUG - Seen 26580 genes until now
2021-06-08 12:33:38,685 - DEBUG - Parsing Chromosome 8 strand + [line 1485524]
2021-06-08 12:33:42,171 - DEBUG - Done with 8+ [line 1531960]
2021-06-08 12:33:42,172 - DEBUG - Assigning indexes to genes
2021-06-08 12:33:42,267 - DEBUG - Seen 27398 genes until now
2021-06-08 12:33:42,267 - DEBUG - Parsing Chromosome 9 strand - [line 1531961]
2021-06-08 12:33:47,202 - DEBUG - Done with 9- [line 1583207]
2021-06-08 12:33:47,202 - DEBUG - Assigning indexes to genes
2021-06-08 12:33:47,299 - DEBUG - Seen 28230 genes until now
2021-06-08 12:33:47,299 - DEBUG - Parsing Chromosome 9 strand + [line 1583208]
2021-06-08 12:33:52,331 - DEBUG - Done with 9+ [line 1635954]
2021-06-08 12:33:52,331 - DEBUG - Assigning indexes to genes
2021-06-08 12:33:52,427 - DEBUG - Seen 29142 genes until now
2021-06-08 12:33:52,427 - DEBUG - Parsing Chromosome GL456210.1 strand - [line 1635955]
2021-06-08 12:33:52,428 - DEBUG - Done with GL456210.1- [line 1635981]
2021-06-08 12:33:52,428 - DEBUG - Assigning indexes to genes
2021-06-08 12:33:52,428 - DEBUG - Seen 29145 genes until now
2021-06-08 12:33:52,429 - DEBUG - Parsing Chromosome GL456210.1 strand + [line 1635982]
2021-06-08 12:33:52,429 - DEBUG - Done with GL456210.1+ [line 1635996]
2021-06-08 12:33:52,429 - DEBUG - Assigning indexes to genes
2021-06-08 12:33:52,429 - DEBUG - Seen 29147 genes until now
2021-06-08 12:33:52,429 - DEBUG - Parsing Chromosome GL456211.1 strand - [line 1635997]
2021-06-08 12:33:52,450 - DEBUG - Done with GL456211.1- [line 1636024]
2021-06-08 12:33:52,450 - DEBUG - Assigning indexes to genes
2021-06-08 12:33:52,450 - DEBUG - Seen 29151 genes until now
2021-06-08 12:33:52,451 - DEBUG - Parsing Chromosome GL456211.1 strand + [line 1636025]
2021-06-08 12:33:52,451 - DEBUG - Done with GL456211.1+ [line 1636050]
2021-06-08 12:33:52,451 - DEBUG - Assigning indexes to genes
2021-06-08 12:33:52,452 - DEBUG - Seen 29153 genes until now
2021-06-08 12:33:52,452 - DEBUG - Parsing Chromosome GL456212.1 strand - [line 1636051]
2021-06-08 12:33:52,453 - DEBUG - Done with GL456212.1- [line 1636086]
2021-06-08 12:33:52,453 - DEBUG - Assigning indexes to genes
2021-06-08 12:33:52,453 - DEBUG - Seen 29155 genes until now
2021-06-08 12:33:52,453 - DEBUG - Parsing Chromosome GL456216.1 strand + [line 1636087]
2021-06-08 12:33:52,454 - DEBUG - Done with GL456216.1+ [line 1636106]
2021-06-08 12:33:52,454 - DEBUG - Assigning indexes to genes
2021-06-08 12:33:52,454 - DEBUG - Seen 29156 genes until now
2021-06-08 12:33:52,454 - DEBUG - Parsing Chromosome GL456219.1 strand - [line 1636107]
2021-06-08 12:33:52,454 - DEBUG - Done with GL456219.1- [line 1636118]
2021-06-08 12:33:52,455 - DEBUG - Assigning indexes to genes
2021-06-08 12:33:52,455 - DEBUG - Seen 29158 genes until now
2021-06-08 12:33:52,475 - DEBUG - Parsing Chromosome GL456221.1 strand - [line 1636119]
2021-06-08 12:33:52,476 - DEBUG - Done with GL456221.1- [line 1636162]
2021-06-08 12:33:52,476 - DEBUG - Assigning indexes to genes
2021-06-08 12:33:52,476 - DEBUG - Seen 29162 genes until now
2021-06-08 12:33:52,476 - DEBUG - Parsing Chromosome GL456221.1 strand + [line 1636163]
2021-06-08 12:33:52,477 - DEBUG - Done with GL456221.1+ [line 1636181]
2021-06-08 12:33:52,477 - DEBUG - Assigning indexes to genes
2021-06-08 12:33:52,477 - DEBUG - Seen 29165 genes until now
2021-06-08 12:33:52,477 - DEBUG - Parsing Chromosome GL456233.1 strand - [line 1636182]
2021-06-08 12:33:52,478 - DEBUG - Done with GL456233.1- [line 1636213]
2021-06-08 12:33:52,478 - DEBUG - Assigning indexes to genes
2021-06-08 12:33:52,478 - DEBUG - Seen 29167 genes until now
2021-06-08 12:33:52,479 - DEBUG - Parsing Chromosome GL456233.1 strand + [line 1636214]
2021-06-08 12:33:52,479 - DEBUG - Done with GL456233.1+ [line 1636244]
2021-06-08 12:33:52,479 - DEBUG - Assigning indexes to genes
2021-06-08 12:33:52,480 - DEBUG - Seen 29169 genes until now
2021-06-08 12:33:52,480 - DEBUG - Parsing Chromosome GL456350.1 strand - [line 1636245]
2021-06-08 12:33:52,501 - DEBUG - Done with GL456350.1- [line 1636304]
2021-06-08 12:33:52,501 - DEBUG - Assigning indexes to genes
2021-06-08 12:33:52,501 - DEBUG - Seen 29174 genes until now
2021-06-08 12:33:52,501 - DEBUG - Parsing Chromosome GL456354.1 strand - [line 1636305]
2021-06-08 12:33:52,502 - DEBUG - Done with GL456354.1- [line 1636337]
2021-06-08 12:33:52,502 - DEBUG - Assigning indexes to genes
2021-06-08 12:33:52,503 - DEBUG - Seen 29177 genes until now
2021-06-08 12:33:52,503 - DEBUG - Parsing Chromosome GL456354.1 strand + [line 1636338]
2021-06-08 12:33:52,503 - DEBUG - Done with GL456354.1+ [line 1636357]
2021-06-08 12:33:52,503 - DEBUG - Assigning indexes to genes
2021-06-08 12:33:52,504 - DEBUG - Seen 29179 genes until now
2021-06-08 12:33:52,504 - DEBUG - Parsing Chromosome JH584292.1 strand + [line 1636358]
2021-06-08 12:33:52,529 - DEBUG - Done with JH584292.1+ [line 1636433]
2021-06-08 12:33:52,529 - DEBUG - Assigning indexes to genes
2021-06-08 12:33:52,530 - DEBUG - Seen 29180 genes until now
2021-06-08 12:33:52,530 - DEBUG - Parsing Chromosome JH584293.1 strand - [line 1636434]
2021-06-08 12:33:52,531 - DEBUG - Done with JH584293.1- [line 1636500]
2021-06-08 12:33:52,531 - DEBUG - Assigning indexes to genes
2021-06-08 12:33:52,531 - DEBUG - Seen 29186 genes until now
2021-06-08 12:33:52,532 - DEBUG - Parsing Chromosome JH584293.1 strand + [line 1636501]
2021-06-08 12:33:52,532 - DEBUG - Done with JH584293.1+ [line 1636542]
2021-06-08 12:33:52,533 - DEBUG - Assigning indexes to genes
2021-06-08 12:33:52,533 - DEBUG - Seen 29189 genes until now
2021-06-08 12:33:52,533 - DEBUG - Parsing Chromosome JH584294.1 strand - [line 1636543]
2021-06-08 12:33:52,554 - DEBUG - Done with JH584294.1- [line 1636607]
2021-06-08 12:33:52,554 - DEBUG - Assigning indexes to genes
2021-06-08 12:33:52,555 - DEBUG - Seen 29193 genes until now
2021-06-08 12:33:52,555 - DEBUG - Parsing Chromosome JH584294.1 strand + [line 1636608]
2021-06-08 12:33:52,555 - DEBUG - Done with JH584294.1+ [line 1636631]
2021-06-08 12:33:52,555 - DEBUG - Assigning indexes to genes
2021-06-08 12:33:52,556 - DEBUG - Seen 29195 genes until now
2021-06-08 12:33:52,556 - DEBUG - Parsing Chromosome JH584295.1 strand - [line 1636632]
2021-06-08 12:33:52,556 - DEBUG - Done with JH584295.1- [line 1636647]
2021-06-08 12:33:52,557 - DEBUG - Assigning indexes to genes
2021-06-08 12:33:52,557 - DEBUG - Seen 29196 genes until now
2021-06-08 12:33:52,557 - DEBUG - Parsing Chromosome JH584296.1 strand - [line 1636648]
2021-06-08 12:33:52,557 - DEBUG - Done with JH584296.1- [line 1636675]
2021-06-08 12:33:52,558 - DEBUG - Assigning indexes to genes
2021-06-08 12:33:52,558 - DEBUG - Seen 29199 genes until now
2021-06-08 12:33:52,558 - DEBUG - Parsing Chromosome JH584297.1 strand - [line 1636676]
2021-06-08 12:33:52,558 - DEBUG - Done with JH584297.1- [line 1636694]
2021-06-08 12:33:52,559 - DEBUG - Assigning indexes to genes
2021-06-08 12:33:52,559 - DEBUG - Seen 29201 genes until now
2021-06-08 12:33:52,579 - DEBUG - Parsing Chromosome JH584297.1 strand + [line 1636695]
2021-06-08 12:33:52,579 - DEBUG - Done with JH584297.1+ [line 1636703]
2021-06-08 12:33:52,580 - DEBUG - Assigning indexes to genes
2021-06-08 12:33:52,580 - DEBUG - Seen 29202 genes until now
2021-06-08 12:33:52,580 - DEBUG - Parsing Chromosome JH584298.1 strand - [line 1636704]
2021-06-08 12:33:52,580 - DEBUG - Done with JH584298.1- [line 1636714]
2021-06-08 12:33:52,580 - DEBUG - Assigning indexes to genes
2021-06-08 12:33:52,581 - DEBUG - Seen 29203 genes until now
2021-06-08 12:33:52,581 - DEBUG - Parsing Chromosome JH584298.1 strand + [line 1636715]
2021-06-08 12:33:52,581 - DEBUG - Done with JH584298.1+ [line 1636735]
2021-06-08 12:33:52,581 - DEBUG - Assigning indexes to genes
2021-06-08 12:33:52,582 - DEBUG - Seen 29205 genes until now
2021-06-08 12:33:52,582 - DEBUG - Parsing Chromosome JH584299.1 strand - [line 1636736]
2021-06-08 12:33:52,582 - DEBUG - Done with JH584299.1- [line 1636745]
2021-06-08 12:33:52,582 - DEBUG - Assigning indexes to genes
2021-06-08 12:33:52,582 - DEBUG - Seen 29206 genes until now
2021-06-08 12:33:52,583 - DEBUG - Parsing Chromosome JH584299.1 strand + [line 1636746]
2021-06-08 12:33:52,608 - DEBUG - Done with JH584299.1+ [line 1636857]
2021-06-08 12:33:52,608 - DEBUG - Assigning indexes to genes
2021-06-08 12:33:52,608 - DEBUG - Seen 29217 genes until now
2021-06-08 12:33:52,608 - DEBUG - Parsing Chromosome JH584303.1 strand + [line 1636858]
2021-06-08 12:33:52,608 - DEBUG - Done with JH584303.1+ [line 1636862]
2021-06-08 12:33:52,609 - DEBUG - Assigning indexes to genes
2021-06-08 12:33:52,609 - DEBUG - Seen 29218 genes until now
2021-06-08 12:33:52,609 - DEBUG - Parsing Chromosome JH584304.1 strand - [line 1636863]
2021-06-08 12:33:52,610 - DEBUG - Done with JH584304.1- [line 1636895]
2021-06-08 12:33:52,610 - DEBUG - Assigning indexes to genes
2021-06-08 12:33:52,610 - DEBUG - Seen 29219 genes until now
2021-06-08 12:33:52,610 - DEBUG - Parsing Chromosome MT strand - [line 1636896]
2021-06-08 12:33:52,610 - DEBUG - Done with MT- [line 1636901]
2021-06-08 12:33:52,611 - DEBUG - Assigning indexes to genes
2021-06-08 12:33:52,611 - DEBUG - Seen 29220 genes until now
2021-06-08 12:33:52,611 - DEBUG - Parsing Chromosome MT strand + [line 1636902]
2021-06-08 12:33:52,612 - DEBUG - Done with MT+ [line 1636970]
2021-06-08 12:33:52,632 - DEBUG - Assigning indexes to genes
2021-06-08 12:33:52,632 - DEBUG - Seen 29232 genes until now
2021-06-08 12:33:52,633 - DEBUG - Parsing Chromosome X strand - [line 1636971]
2021-06-08 12:33:54,740 - DEBUG - Done with X- [line 1663962]
2021-06-08 12:33:54,740 - DEBUG - Assigning indexes to genes
2021-06-08 12:33:54,778 - DEBUG - Seen 29755 genes until now
2021-06-08 12:33:54,778 - DEBUG - Parsing Chromosome X strand + [line 1663963]
2021-06-08 12:33:55,737 - DEBUG - Done with X+ [line 1694333]
2021-06-08 12:33:55,738 - DEBUG - Assigning indexes to genes
2021-06-08 12:33:55,767 - DEBUG - Seen 30320 genes until now
2021-06-08 12:33:55,767 - DEBUG - Parsing Chromosome Y strand - [line 1694334]
2021-06-08 12:33:55,967 - DEBUG - Done with Y- [line 1698842]
2021-06-08 12:33:55,967 - DEBUG - Assigning indexes to genes
2021-06-08 12:33:55,973 - DEBUG - Seen 30662 genes until now
2021-06-08 12:33:55,979 - DEBUG - Parsing Chromosome Y strand + [line 1698843]
2021-06-08 12:33:56,177 - DEBUG - Assigning indexes to genes
2021-06-08 12:33:56,198 - DEBUG - Done with Y+ [line 1704063]
2021-06-08 12:33:56,198 - DEBUG - Fixing corner cases of transcript models containg intron longer than 1000Kbp
2021-06-08 12:34:04,316 - DEBUG - Generated 1423079 features corresponding to 111079 transcript models from /research/peer/fdeckert/FD20200109SPLENO/data/mm10/cellranger/Mus_musculus.GRCm38.93.filtered.gtf
2021-06-08 12:34:04,459 - INFO - Load the repeat masking annotation from /research/peer/fdeckert/FD20200109SPLENO/data/mm10/mm10_rmsk.gtf
2021-06-08 12:34:04,460 - DEBUG - Reading /research/peer/fdeckert/FD20200109SPLENO/data/mm10/mm10_rmsk.gtf, the file will be sorted in memory
2021-06-08 12:39:49,188 - DEBUG - Processed masked annotation .gtf and generated 4252016 intervals to mask!
2021-06-08 12:39:52,838 - INFO - Scan /research/peer/fdeckert/FD20200109SPLENO/data/BSA_0355_SM01_10x_SPLENO/OUT/COUNT/M8_control_Prog_transcriptome/possorted_genome_bam.bam to validate intron intervals
2021-06-08 12:40:18,831 - DEBUG - Reading /research/peer/fdeckert/FD20200109SPLENO/data/BSA_0355_SM01_10x_SPLENO/OUT/COUNT/M8_control_Prog_transcriptome/possorted_genome_bam.bam
2021-06-08 12:40:18,906 - DEBUG - Read first 0 million reads
2021-06-08 12:40:18,956 - DEBUG - Marking up chromosome 1
2021-06-08 12:46:55,824 - DEBUG - Marking up chromosome 10
2021-06-08 12:52:53,047 - DEBUG - Marking up chromosome 11
2021-06-08 12:59:59,118 - DEBUG - Read first 10 million reads
2021-06-08 13:02:54,994 - DEBUG - Marking up chromosome 12
2021-06-08 13:06:59,490 - DEBUG - Marking up chromosome 13
2021-06-08 13:11:04,375 - DEBUG - Marking up chromosome 14
2021-06-08 13:14:53,746 - DEBUG - Marking up chromosome 15
2021-06-08 13:19:39,560 - DEBUG - Marking up chromosome 16
2021-06-08 13:19:50,756 - DEBUG - Read first 20 million reads
2021-06-08 13:20:17,088 - DEBUG - Marking up chromosome 17
2021-06-08 13:21:26,258 - DEBUG - Marking up chromosome 18
2021-06-08 13:21:53,979 - DEBUG - Marking up chromosome 19
2021-06-08 13:22:34,910 - DEBUG - Marking up chromosome 2
2021-06-08 13:23:22,158 - DEBUG - Read first 30 million reads
2021-06-08 13:23:47,996 - DEBUG - Marking up chromosome 3
2021-06-08 13:24:38,891 - DEBUG - Marking up chromosome 4
2021-06-08 13:25:49,385 - DEBUG - Marking up chromosome 5
2021-06-08 13:26:47,676 - DEBUG - Read first 40 million reads
2021-06-08 13:26:59,593 - DEBUG - Marking up chromosome 6
2021-06-08 13:27:57,578 - DEBUG - Marking up chromosome 7
2021-06-08 13:29:43,946 - DEBUG - Marking up chromosome 8
2021-06-08 13:30:18,897 - DEBUG - Read first 50 million reads
2021-06-08 13:30:36,592 - DEBUG - Marking up chromosome 9
2021-06-08 13:31:44,562 - DEBUG - Marking up chromosome MT
2021-06-08 13:32:07,640 - DEBUG - Marking up chromosome X
2021-06-08 13:32:40,083 - DEBUG - Marking up chromosome Y
2021-06-08 13:32:42,088 - DEBUG - Marking up chromosome JH584299.1
2021-06-08 13:32:42,092 - DEBUG - Marking up chromosome GL456233.1
2021-06-08 13:32:42,133 - DEBUG - Marking up chromosome JH584301.1
2021-06-08 13:32:42,133 - WARNING - The .bam file refers to a chromosome 'JH584301.1+' not present in the annotation (.gtf) file
2021-06-08 13:32:42,133 - WARNING - The .bam file refers to a chromosome 'JH584301.1-' not present in the annotation (.gtf) file
2021-06-08 13:32:42,135 - DEBUG - Marking up chromosome GL456211.1
2021-06-08 13:32:42,142 - DEBUG - Marking up chromosome GL456221.1
2021-06-08 13:32:42,144 - DEBUG - Marking up chromosome JH584297.1
2021-06-08 13:32:42,150 - DEBUG - Marking up chromosome JH584298.1
2021-06-08 13:32:42,151 - DEBUG - Marking up chromosome JH584300.1
2021-06-08 13:32:42,151 - WARNING - The .bam file refers to a chromosome 'JH584300.1+' not present in the annotation (.gtf) file
2021-06-08 13:32:42,151 - WARNING - The .bam file refers to a chromosome 'JH584300.1-' not present in the annotation (.gtf) file
2021-06-08 13:32:42,212 - DEBUG - Marking up chromosome GL456210.1
2021-06-08 13:32:42,215 - DEBUG - Marking up chromosome GL456212.1
2021-06-08 13:32:42,215 - WARNING - The .bam file refers to a chromosome 'GL456212.1+' not present in the annotation (.gtf) file
2021-06-08 13:32:42,218 - DEBUG - Marking up chromosome JH584304.1
2021-06-08 13:32:42,218 - WARNING - The .bam file refers to a chromosome 'JH584304.1+' not present in the annotation (.gtf) file
2021-06-08 13:32:42,438 - DEBUG - Marking up chromosome GL456379.1
2021-06-08 13:32:42,438 - WARNING - The .bam file refers to a chromosome 'GL456379.1+' not present in the annotation (.gtf) file
2021-06-08 13:32:42,438 - WARNING - The .bam file refers to a chromosome 'GL456379.1-' not present in the annotation (.gtf) file
2021-06-08 13:32:42,439 - DEBUG - Marking up chromosome GL456216.1
2021-06-08 13:32:42,439 - WARNING - The .bam file refers to a chromosome 'GL456216.1-' not present in the annotation (.gtf) file
2021-06-08 13:32:42,498 - DEBUG - Marking up chromosome GL456366.1
2021-06-08 13:32:42,498 - WARNING - The .bam file refers to a chromosome 'GL456366.1+' not present in the annotation (.gtf) file
2021-06-08 13:32:42,498 - WARNING - The .bam file refers to a chromosome 'GL456366.1-' not present in the annotation (.gtf) file
2021-06-08 13:32:42,500 - DEBUG - Marking up chromosome GL456383.1
2021-06-08 13:32:42,500 - WARNING - The .bam file refers to a chromosome 'GL456383.1+' not present in the annotation (.gtf) file
2021-06-08 13:32:42,500 - WARNING - The .bam file refers to a chromosome 'GL456383.1-' not present in the annotation (.gtf) file
2021-06-08 13:32:42,501 - DEBUG - Marking up chromosome GL456360.1
2021-06-08 13:32:42,501 - WARNING - The .bam file refers to a chromosome 'GL456360.1+' not present in the annotation (.gtf) file
2021-06-08 13:32:42,501 - WARNING - The .bam file refers to a chromosome 'GL456360.1-' not present in the annotation (.gtf) file
2021-06-08 13:32:42,501 - DEBUG - Marking up chromosome GL456378.1
2021-06-08 13:32:42,501 - WARNING - The .bam file refers to a chromosome 'GL456378.1+' not present in the annotation (.gtf) file
2021-06-08 13:32:42,501 - WARNING - The .bam file refers to a chromosome 'GL456378.1-' not present in the annotation (.gtf) file
2021-06-08 13:32:42,503 - DEBUG - Marking up chromosome GL456372.1
2021-06-08 13:32:42,503 - WARNING - The .bam file refers to a chromosome 'GL456372.1+' not present in the annotation (.gtf) file
2021-06-08 13:32:42,503 - WARNING - The .bam file refers to a chromosome 'GL456372.1-' not present in the annotation (.gtf) file
2021-06-08 13:32:42,504 - DEBUG - Marking up chromosome GL456370.1
2021-06-08 13:32:42,504 - WARNING - The .bam file refers to a chromosome 'GL456370.1+' not present in the annotation (.gtf) file
2021-06-08 13:32:42,504 - WARNING - The .bam file refers to a chromosome 'GL456370.1-' not present in the annotation (.gtf) file
2021-06-08 13:32:42,513 - DEBUG - Marking up chromosome GL456390.1
2021-06-08 13:32:42,513 - WARNING - The .bam file refers to a chromosome 'GL456390.1+' not present in the annotation (.gtf) file
2021-06-08 13:32:42,513 - WARNING - The .bam file refers to a chromosome 'GL456390.1-' not present in the annotation (.gtf) file
2021-06-08 13:32:42,514 - DEBUG - Marking up chromosome GL456382.1
2021-06-08 13:32:42,514 - WARNING - The .bam file refers to a chromosome 'GL456382.1+' not present in the annotation (.gtf) file
2021-06-08 13:32:42,514 - WARNING - The .bam file refers to a chromosome 'GL456382.1-' not present in the annotation (.gtf) file
2021-06-08 13:32:42,690 - DEBUG - Marking up chromosome GL456359.1
2021-06-08 13:32:42,691 - WARNING - The .bam file refers to a chromosome 'GL456359.1+' not present in the annotation (.gtf) file
2021-06-08 13:32:42,691 - WARNING - The .bam file refers to a chromosome 'GL456359.1-' not present in the annotation (.gtf) file
2021-06-08 13:32:42,692 - DEBUG - Marking up chromosome JH584295.1
2021-06-08 13:32:42,692 - WARNING - The .bam file refers to a chromosome 'JH584295.1+' not present in the annotation (.gtf) file
2021-06-08 13:32:49,731 - DEBUG - Read first 60 million reads
2021-06-08 13:33:24,826 - DEBUG - End of file. Reset index: start scanning from initial position.
2021-06-08 13:33:24,826 - DEBUG - 1047467 reads were skipped because no apropiate cell or umi barcode was found
2021-06-08 13:33:24,827 - INFO - Now just waiting that the bam sorting process terminates
2021-06-08 13:33:24,827 - INFO - bam file #0 has been sorted
2021-06-08 13:33:24,827 - DEBUG - Start molecule counting!
2021-06-08 13:33:31,904 - DEBUG - Features available for chromosomes : ['1-', '1+', '10-', '10+', '11-', '11+', '12-', '12+', '13-', '13+', '14-', '14+', '15-', '15+', '16-', '16+', '17-', '17+', '18-', '18+', '19-', '19+', '2-', '2+', '3-', '3+', '4-', '4+', '5-', '5+', '6-', '6+', '7-', '7+', '8-', '8+', '9-', '9+', 'GL456210.1-', 'GL456210.1+', 'GL456211.1-', 'GL456211.1+', 'GL456212.1-', 'GL456216.1+', 'GL456219.1-', 'GL456221.1-', 'GL456221.1+', 'GL456233.1-', 'GL456233.1+', 'GL456350.1-', 'GL456354.1-', 'GL456354.1+', 'JH584292.1+', 'JH584293.1-', 'JH584293.1+', 'JH584294.1-', 'JH584294.1+', 'JH584295.1-', 'JH584296.1-', 'JH584297.1-', 'JH584297.1+', 'JH584298.1-', 'JH584298.1+', 'JH584299.1-', 'JH584299.1+', 'JH584303.1+', 'JH584304.1-', 'MT-', 'MT+', 'X-', 'X+', 'Y-', 'Y+']
2021-06-08 13:33:31,904 - DEBUG - Mask available for chromosomes : ['1-', '1+', '10-', '10+', '11-', '11+', '12-', '12+', '13-', '13+', '14-', '14+', '15-', '15+', '16-', '16+', '17-', '17+', '18-', '18+', '19-', '19+', '1_GL456210_random-', '1_GL456210_random+', '1_GL456211_random-', '1_GL456211_random+', '1_GL456212_random-', '1_GL456212_random+', '1_GL456213_random-', '1_GL456213_random+', '1_GL456221_random-', '1_GL456221_random+', '2-', '2+', '3-', '3+', '4-', '4+', '4_GL456216_random-', '4_GL456216_random+', '4_GL456350_random-', '4_GL456350_random+', '4_JH584292_random-', '4_JH584292_random+', '4_JH584293_random-', '4_JH584293_random+', '4_JH584294_random-', '4_JH584294_random+', '4_JH584295_random+', '5-', '5+', '5_GL456354_random-', '5_GL456354_random+', '5_JH584296_random-', '5_JH584296_random+', '5_JH584297_random-', '5_JH584297_random+', '5_JH584298_random-', '5_JH584298_random+', '5_JH584299_random-', '5_JH584299_random+', '6-', '6+', '7-', '7+', '7_GL456219_random-', '7_GL456219_random+', '8-', '8+', '9-', '9+', 'M-', 'M+', 'Un_GL456239-', 'Un_GL456239+', 'Un_GL456359-', 'Un_GL456359+', 'Un_GL456360-', 'Un_GL456360+', 'Un_GL456366-', 'Un_GL456366+', 'Un_GL456367-', 'Un_GL456367+', 'Un_GL456368-', 'Un_GL456368+', 'Un_GL456370+', 'Un_GL456372-', 'Un_GL456372+', 'Un_GL456378-', 'Un_GL456378+', 'Un_GL456379-', 'Un_GL456379+', 'Un_GL456381-', 'Un_GL456381+', 'Un_GL456382-', 'Un_GL456382+', 'Un_GL456383-', 'Un_GL456383+', 'Un_GL456385-', 'Un_GL456385+', 'Un_GL456387-', 'Un_GL456387+', 'Un_GL456389-', 'Un_GL456389+', 'Un_GL456390-', 'Un_GL456390+', 'Un_GL456392-', 'Un_GL456392+', 'Un_GL456393-', 'Un_GL456393+', 'Un_GL456394-', 'Un_GL456394+', 'Un_GL456396-', 'Un_GL456396+', 'Un_JH584304-', 'Un_JH584304+', 'X-', 'X+', 'X_GL456233_random-', 'X_GL456233_random+', 'Y-', 'Y+', 'Y_JH584300_random-', 'Y_JH584300_random+', 'Y_JH584301_random-', 'Y_JH584301_random+', 'Y_JH584302_random-', 'Y_JH584302_random+', 'Y_JH584303_random-']
2021-06-08 13:33:31,904 - DEBUG - Summarizing the results of intron validation.
2021-06-08 13:33:32,448 - DEBUG - Validated 114047 introns (of which unique intervals 44068) out of 656000 total possible introns (considering each possible transcript models).
2021-06-08 13:33:32,450 - DEBUG - Reading /research/peer/fdeckert/FD20200109SPLENO/data/BSA_0355_SM01_10x_SPLENO/OUT/COUNT/M8_control_Prog_transcriptome/cellsorted_possorted_genome_bam.bam
2021-06-08 13:33:32,471 - DEBUG - Read first 0 million reads
2021-06-08 13:34:19,469 - DEBUG - Counting for batch 1, containing 100 cells and 583933 reads
2021-06-08 13:35:07,768 - DEBUG - 23737 reads not considered because fully enclosed in repeat masked regions
2021-06-08 13:35:51,681 - DEBUG - Counting for batch 2, containing 100 cells and 564407 reads
2021-06-08 13:36:39,374 - DEBUG - 22268 reads not considered because fully enclosed in repeat masked regions
2021-06-08 13:37:23,498 - DEBUG - Counting for batch 3, containing 100 cells and 604019 reads
2021-06-08 13:38:13,349 - DEBUG - 24845 reads not considered because fully enclosed in repeat masked regions
2021-06-08 13:39:00,047 - DEBUG - Counting for batch 4, containing 100 cells and 593519 reads
2021-06-08 13:39:49,537 - DEBUG - 23810 reads not considered because fully enclosed in repeat masked regions
2021-06-08 13:40:19,953 - DEBUG - Read first 10 million reads
2021-06-08 13:40:33,877 - DEBUG - Counting for batch 5, containing 100 cells and 579106 reads
2021-06-08 13:41:22,230 - DEBUG - 23146 reads not considered because fully enclosed in repeat masked regions
2021-06-08 13:42:05,813 - DEBUG - Counting for batch 6, containing 100 cells and 547665 reads
2021-06-08 13:42:52,121 - DEBUG - 22037 reads not considered because fully enclosed in repeat masked regions
2021-06-08 13:43:35,358 - DEBUG - Counting for batch 7, containing 100 cells and 593771 reads
2021-06-08 13:44:24,653 - DEBUG - 23818 reads not considered because fully enclosed in repeat masked regions
2021-06-08 13:45:09,917 - DEBUG - Counting for batch 8, containing 100 cells and 607759 reads
2021-06-08 13:46:02,584 - DEBUG - 23746 reads not considered because fully enclosed in repeat masked regions
2021-06-08 13:46:46,515 - DEBUG - Counting for batch 9, containing 100 cells and 590829 reads
2021-06-08 13:47:35,538 - DEBUG - 24756 reads not considered because fully enclosed in repeat masked regions
2021-06-08 13:48:21,174 - DEBUG - Counting for batch 10, containing 100 cells and 638555 reads
2021-06-08 13:49:13,357 - DEBUG - 26167 reads not considered because fully enclosed in repeat masked regions
2021-06-08 13:49:30,252 - DEBUG - Read first 20 million reads
2021-06-08 13:50:01,131 - DEBUG - Counting for batch 11, containing 100 cells and 601175 reads
2021-06-08 13:50:50,704 - DEBUG - 24310 reads not considered because fully enclosed in repeat masked regions
2021-06-08 13:51:38,663 - DEBUG - Counting for batch 12, containing 100 cells and 664640 reads
2021-06-08 13:52:35,250 - DEBUG - 27439 reads not considered because fully enclosed in repeat masked regions
2021-06-08 13:53:21,852 - DEBUG - Counting for batch 13, containing 100 cells and 600349 reads
2021-06-08 13:54:11,632 - DEBUG - 24852 reads not considered because fully enclosed in repeat masked regions
2021-06-08 13:54:53,981 - DEBUG - Counting for batch 14, containing 100 cells and 560148 reads
2021-06-08 13:55:40,979 - DEBUG - 23903 reads not considered because fully enclosed in repeat masked regions
2021-06-08 13:56:22,741 - DEBUG - Counting for batch 15, containing 100 cells and 584661 reads
2021-06-08 13:57:10,927 - DEBUG - 24462 reads not considered because fully enclosed in repeat masked regions
2021-06-08 13:57:39,319 - DEBUG - Read first 30 million reads
2021-06-08 13:57:54,073 - DEBUG - Counting for batch 16, containing 100 cells and 515657 reads
2021-06-08 13:58:38,586 - DEBUG - 21441 reads not considered because fully enclosed in repeat masked regions
2021-06-08 13:59:19,656 - DEBUG - Counting for batch 17, containing 100 cells and 582186 reads
2021-06-08 14:00:08,281 - DEBUG - 24740 reads not considered because fully enclosed in repeat masked regions
2021-06-08 14:00:49,174 - DEBUG - Counting for batch 18, containing 100 cells and 543917 reads
2021-06-08 14:01:35,038 - DEBUG - 22832 reads not considered because fully enclosed in repeat masked regions
2021-06-08 14:02:14,492 - DEBUG - Counting for batch 19, containing 100 cells and 549170 reads
2021-06-08 14:03:00,251 - DEBUG - 22269 reads not considered because fully enclosed in repeat masked regions
2021-06-08 14:03:43,813 - DEBUG - Counting for batch 20, containing 100 cells and 586089 reads
2021-06-08 14:04:32,576 - DEBUG - 23632 reads not considered because fully enclosed in repeat masked regions
2021-06-08 14:05:17,718 - DEBUG - Counting for batch 21, containing 100 cells and 565529 reads
2021-06-08 14:06:05,199 - DEBUG - 22577 reads not considered because fully enclosed in repeat masked regions
2021-06-08 14:06:28,180 - DEBUG - Read first 40 million reads
2021-06-08 14:06:49,038 - DEBUG - Counting for batch 22, containing 100 cells and 595399 reads
2021-06-08 14:07:40,374 - DEBUG - 24854 reads not considered because fully enclosed in repeat masked regions
2021-06-08 14:08:23,048 - DEBUG - Counting for batch 23, containing 100 cells and 550147 reads
2021-06-08 14:09:09,307 - DEBUG - 21528 reads not considered because fully enclosed in repeat masked regions
2021-06-08 14:09:51,999 - DEBUG - Counting for batch 24, containing 100 cells and 602369 reads
2021-06-08 14:10:41,853 - DEBUG - 23723 reads not considered because fully enclosed in repeat masked regions
2021-06-08 14:11:26,045 - DEBUG - Counting for batch 25, containing 100 cells and 618133 reads
2021-06-08 14:12:19,494 - DEBUG - 24190 reads not considered because fully enclosed in repeat masked regions
2021-06-08 14:13:00,567 - DEBUG - Counting for batch 26, containing 100 cells and 532092 reads
2021-06-08 14:13:45,914 - DEBUG - 21844 reads not considered because fully enclosed in repeat masked regions
2021-06-08 14:14:27,537 - DEBUG - Read first 50 million reads
2021-06-08 14:14:28,889 - DEBUG - Counting for batch 27, containing 100 cells and 583781 reads
2021-06-08 14:15:17,710 - DEBUG - 23082 reads not considered because fully enclosed in repeat masked regions
2021-06-08 14:15:57,986 - DEBUG - Counting for batch 28, containing 100 cells and 535271 reads
2021-06-08 14:16:43,361 - DEBUG - 22465 reads not considered because fully enclosed in repeat masked regions
2021-06-08 14:17:23,994 - DEBUG - Counting for batch 29, containing 100 cells and 518414 reads
2021-06-08 14:18:08,146 - DEBUG - 21402 reads not considered because fully enclosed in repeat masked regions
2021-06-08 14:18:47,858 - DEBUG - Counting for batch 30, containing 100 cells and 525471 reads
2021-06-08 14:19:32,423 - DEBUG - 21697 reads not considered because fully enclosed in repeat masked regions
2021-06-08 14:20:16,426 - DEBUG - Counting for batch 31, containing 100 cells and 614304 reads
2021-06-08 14:21:07,477 - DEBUG - 25325 reads not considered because fully enclosed in repeat masked regions
2021-06-08 14:21:52,574 - DEBUG - Counting for batch 32, containing 100 cells and 589937 reads
2021-06-08 14:22:42,054 - DEBUG - 23867 reads not considered because fully enclosed in repeat masked regions
2021-06-08 14:23:17,855 - DEBUG - Read first 60 million reads
2021-06-08 14:23:22,161 - DEBUG - Counting for batch 33, containing 100 cells and 507557 reads
2021-06-08 14:24:06,047 - DEBUG - 21285 reads not considered because fully enclosed in repeat masked regions
2021-06-08 14:24:46,665 - DEBUG - Counting for batch 34, containing 100 cells and 566800 reads
2021-06-08 14:25:34,101 - DEBUG - 22348 reads not considered because fully enclosed in repeat masked regions
2021-06-08 14:26:18,384 - DEBUG - Counting for batch 35, containing 100 cells and 580220 reads
2021-06-08 14:27:06,805 - DEBUG - 22129 reads not considered because fully enclosed in repeat masked regions
2021-06-08 14:27:49,688 - DEBUG - Counting for batch 36, containing 100 cells and 556647 reads
2021-06-08 14:28:36,838 - DEBUG - 21511 reads not considered because fully enclosed in repeat masked regions
2021-06-08 14:29:15,782 - DEBUG - Counting for batch 37, containing 100 cells and 528774 reads
2021-06-08 14:29:59,905 - DEBUG - 22528 reads not considered because fully enclosed in repeat masked regions
2021-06-08 14:30:41,399 - DEBUG - Counting for batch 38, containing 100 cells and 495444 reads
2021-06-08 14:31:24,308 - DEBUG - 21158 reads not considered because fully enclosed in repeat masked regions
2021-06-08 14:31:44,689 - DEBUG - Counting for batch 39, containing 29 cells and 178148 reads
2021-06-08 14:32:01,556 - DEBUG - 7426 reads not considered because fully enclosed in repeat masked regions
2021-06-08 14:32:06,236 - DEBUG - 1047467 reads were skipped because no apropiate cell or umi barcode was found
2021-06-08 14:32:06,236 - DEBUG - Counting done!
2021-06-08 14:32:06,246 - DEBUG - Generating output file data/BSA_0355_SM01_10x_SPLENO/OUT/COUNT/M8_control_Prog_transcriptome/qc.loom
2021-06-08 14:32:06,246 - DEBUG - Collecting row attributes
2021-06-08 14:32:06,384 - DEBUG - Generating data table
2021-06-08 14:32:07,587 - DEBUG - Writing loom file
2021-06-08 14:32:09,785 - DEBUG - Creating converter from 5 to 3
2021-06-08 14:32:10,032 - DEBUG - Creating converter from 3 to 5
2021-06-08 14:32:22,075 - DEBUG - Terminated Succesfully!
