2021-06-08 12:29:52,021 - DEBUG - Using logic: ValidatedIntrons10X
2021-06-08 12:29:52,028 - INFO - Read 5431 cell barcodes from /research/peer/fdeckert/FD20200109SPLENO/data/BSA_0355_SM01_10x_SPLENO/OUT/COUNT/M2_CpG_Prog_transcriptome/filtered_feature_bc_matrix/barcodes.qc.tsv
2021-06-08 12:29:52,028 - DEBUG - Example of barcode: AAACCCAAGCGTTCAT and cell_id: qc:AAACCCAAGCGTTCAT-1_4
2021-06-08 12:29:52,041 - DEBUG - Peeking into /research/peer/fdeckert/FD20200109SPLENO/data/BSA_0355_SM01_10x_SPLENO/OUT/COUNT/M2_CpG_Prog_transcriptome/possorted_genome_bam.bam
2021-06-08 12:29:52,054 - WARNING - Not found cell and umi barcode in entry 4 of the bam file
2021-06-08 12:29:52,054 - WARNING - Not found cell and umi barcode in entry 97 of the bam file
2021-06-08 12:29:52,055 - WARNING - Not found cell and umi barcode in entry 194 of the bam file
2021-06-08 12:29:52,055 - WARNING - Not found cell and umi barcode in entry 198 of the bam file
2021-06-08 12:29:52,055 - WARNING - Not found cell and umi barcode in entry 207 of the bam file
2021-06-08 12:29:52,055 - WARNING - Not found cell and umi barcode in entry 239 of the bam file
2021-06-08 12:29:52,055 - WARNING - Not found cell and umi barcode in entry 256 of the bam file
2021-06-08 12:29:52,055 - WARNING - Not found cell and umi barcode in entry 257 of the bam file
2021-06-08 12:29:52,056 - WARNING - Not found cell and umi barcode in entry 271 of the bam file
2021-06-08 12:29:52,056 - WARNING - Not found cell and umi barcode in entry 320 of the bam file
2021-06-08 12:29:52,056 - WARNING - Not found cell and umi barcode in entry 362 of the bam file
2021-06-08 12:29:52,056 - WARNING - Not found cell and umi barcode in entry 363 of the bam file
2021-06-08 12:29:52,056 - WARNING - Not found cell and umi barcode in entry 364 of the bam file
2021-06-08 12:29:52,056 - WARNING - Not found cell and umi barcode in entry 387 of the bam file
2021-06-08 12:29:52,057 - WARNING - Not found cell and umi barcode in entry 394 of the bam file
2021-06-08 12:29:52,057 - WARNING - Not found cell and umi barcode in entry 395 of the bam file
2021-06-08 12:29:52,057 - WARNING - Not found cell and umi barcode in entry 442 of the bam file
2021-06-08 12:29:52,057 - WARNING - Not found cell and umi barcode in entry 443 of the bam file
2021-06-08 12:29:52,057 - WARNING - Not found cell and umi barcode in entry 449 of the bam file
2021-06-08 12:29:52,057 - WARNING - Not found cell and umi barcode in entry 463 of the bam file
2021-06-08 12:29:52,057 - WARNING - Not found cell and umi barcode in entry 488 of the bam file
2021-06-08 12:29:52,058 - WARNING - Not found cell and umi barcode in entry 536 of the bam file
2021-06-08 12:29:52,058 - WARNING - Not found cell and umi barcode in entry 539 of the bam file
2021-06-08 12:29:52,058 - WARNING - Not found cell and umi barcode in entry 540 of the bam file
2021-06-08 12:29:52,058 - WARNING - Not found cell and umi barcode in entry 643 of the bam file
2021-06-08 12:29:52,058 - WARNING - Not found cell and umi barcode in entry 646 of the bam file
2021-06-08 12:29:52,058 - WARNING - Not found cell and umi barcode in entry 649 of the bam file
2021-06-08 12:29:52,059 - WARNING - Not found cell and umi barcode in entry 656 of the bam file
2021-06-08 12:29:52,059 - WARNING - Not found cell and umi barcode in entry 658 of the bam file
2021-06-08 12:29:52,059 - WARNING - Not found cell and umi barcode in entry 665 of the bam file
2021-06-08 12:29:52,059 - WARNING - Not found cell and umi barcode in entry 701 of the bam file
2021-06-08 12:29:52,059 - WARNING - Not found cell and umi barcode in entry 772 of the bam file
2021-06-08 12:29:52,059 - WARNING - Not found cell and umi barcode in entry 786 of the bam file
2021-06-08 12:29:52,060 - WARNING - Not found cell and umi barcode in entry 787 of the bam file
2021-06-08 12:29:52,061 - WARNING - Not found cell and umi barcode in entry 1031 of the bam file
2021-06-08 12:29:52,076 - INFO - Starting the sorting process of /research/peer/fdeckert/FD20200109SPLENO/data/BSA_0355_SM01_10x_SPLENO/OUT/COUNT/M2_CpG_Prog_transcriptome/possorted_genome_bam.bam the output will be at: /research/peer/fdeckert/FD20200109SPLENO/data/BSA_0355_SM01_10x_SPLENO/OUT/COUNT/M2_CpG_Prog_transcriptome/cellsorted_possorted_genome_bam.bam
2021-06-08 12:29:52,076 - INFO - Command being run is: samtools sort -l 7 -m 100M -t CB -O BAM -@ 10 -o /research/peer/fdeckert/FD20200109SPLENO/data/BSA_0355_SM01_10x_SPLENO/OUT/COUNT/M2_CpG_Prog_transcriptome/cellsorted_possorted_genome_bam.bam /research/peer/fdeckert/FD20200109SPLENO/data/BSA_0355_SM01_10x_SPLENO/OUT/COUNT/M2_CpG_Prog_transcriptome/possorted_genome_bam.bam
2021-06-08 12:29:52,076 - INFO - While the bam sorting happens do other things...
2021-06-08 12:29:52,076 - INFO - Load the annotation from /research/peer/fdeckert/FD20200109SPLENO/data/mm10/cellranger/Mus_musculus.GRCm38.93.filtered.gtf
2021-06-08 12:30:21,857 - DEBUG - Parsing Chromosome 1 strand - [line 0]
2021-06-08 12:30:23,779 - DEBUG - Done with 1- [line 55263]
2021-06-08 12:30:23,779 - DEBUG - Assigning indexes to genes
2021-06-08 12:30:23,829 - DEBUG - Seen 852 genes until now
2021-06-08 12:30:23,830 - DEBUG - Parsing Chromosome 1 strand + [line 55264]
2021-06-08 12:30:28,007 - DEBUG - Done with 1+ [line 108827]
2021-06-08 12:30:28,007 - DEBUG - Assigning indexes to genes
2021-06-08 12:30:28,068 - DEBUG - Seen 1744 genes until now
2021-06-08 12:30:28,068 - DEBUG - Parsing Chromosome 10 strand - [line 108828]
2021-06-08 12:30:30,522 - DEBUG - Done with 10- [line 148287]
2021-06-08 12:30:30,523 - DEBUG - Assigning indexes to genes
2021-06-08 12:30:30,576 - DEBUG - Seen 2492 genes until now
2021-06-08 12:30:30,577 - DEBUG - Parsing Chromosome 10 strand + [line 148288]
2021-06-08 12:30:33,021 - DEBUG - Done with 10+ [line 190661]
2021-06-08 12:30:33,021 - DEBUG - Assigning indexes to genes
2021-06-08 12:30:33,050 - DEBUG - Seen 3285 genes until now
2021-06-08 12:30:33,051 - DEBUG - Parsing Chromosome 11 strand - [line 190662]
2021-06-08 12:30:34,851 - DEBUG - Done with 11- [line 252011]
2021-06-08 12:30:34,852 - DEBUG - Assigning indexes to genes
2021-06-08 12:30:34,872 - DEBUG - Seen 4335 genes until now
2021-06-08 12:30:34,874 - DEBUG - Parsing Chromosome 11 strand + [line 252012]
2021-06-08 12:30:36,594 - DEBUG - Done with 11+ [line 314062]
2021-06-08 12:30:36,595 - DEBUG - Assigning indexes to genes
2021-06-08 12:30:36,607 - DEBUG - Seen 5320 genes until now
2021-06-08 12:30:36,607 - DEBUG - Parsing Chromosome 12 strand - [line 314063]
2021-06-08 12:30:37,525 - DEBUG - Done with 12- [line 338958]
2021-06-08 12:30:37,525 - DEBUG - Assigning indexes to genes
2021-06-08 12:30:37,552 - DEBUG - Seen 6056 genes until now
2021-06-08 12:30:37,552 - DEBUG - Parsing Chromosome 12 strand + [line 338959]
2021-06-08 12:30:39,551 - DEBUG - Done with 12+ [line 372787]
2021-06-08 12:30:39,552 - DEBUG - Assigning indexes to genes
2021-06-08 12:30:39,599 - DEBUG - Seen 6615 genes until now
2021-06-08 12:30:39,599 - DEBUG - Parsing Chromosome 13 strand - [line 372788]
2021-06-08 12:30:41,704 - DEBUG - Done with 13- [line 406792]
2021-06-08 12:30:41,704 - DEBUG - Assigning indexes to genes
2021-06-08 12:30:41,732 - DEBUG - Seen 7339 genes until now
2021-06-08 12:30:41,732 - DEBUG - Parsing Chromosome 13 strand + [line 406793]
2021-06-08 12:30:43,361 - DEBUG - Done with 13+ [line 433455]
2021-06-08 12:30:43,361 - DEBUG - Assigning indexes to genes
2021-06-08 12:30:43,389 - DEBUG - Seen 8023 genes until now
2021-06-08 12:30:43,389 - DEBUG - Parsing Chromosome 14 strand - [line 433456]
2021-06-08 12:30:45,720 - DEBUG - Done with 14- [line 469680]
2021-06-08 12:30:45,720 - DEBUG - Assigning indexes to genes
2021-06-08 12:30:45,727 - DEBUG - Seen 8704 genes until now
2021-06-08 12:30:45,727 - DEBUG - Parsing Chromosome 14 strand + [line 469681]
2021-06-08 12:30:46,355 - DEBUG - Done with 14+ [line 502857]
2021-06-08 12:30:46,355 - DEBUG - Assigning indexes to genes
2021-06-08 12:30:46,372 - DEBUG - Seen 9518 genes until now
2021-06-08 12:30:46,372 - DEBUG - Parsing Chromosome 15 strand - [line 502858]
2021-06-08 12:30:47,062 - DEBUG - Done with 15- [line 539049]
2021-06-08 12:30:47,063 - DEBUG - Assigning indexes to genes
2021-06-08 12:30:47,090 - DEBUG - Seen 10092 genes until now
2021-06-08 12:30:47,091 - DEBUG - Parsing Chromosome 15 strand + [line 539050]
2021-06-08 12:30:47,725 - DEBUG - Done with 15+ [line 569723]
2021-06-08 12:30:47,725 - DEBUG - Assigning indexes to genes
2021-06-08 12:30:47,743 - DEBUG - Seen 10616 genes until now
2021-06-08 12:30:47,743 - DEBUG - Parsing Chromosome 16 strand - [line 569724]
2021-06-08 12:30:48,347 - DEBUG - Done with 16- [line 596286]
2021-06-08 12:30:48,347 - DEBUG - Assigning indexes to genes
2021-06-08 12:30:48,362 - DEBUG - Seen 11093 genes until now
2021-06-08 12:30:48,363 - DEBUG - Parsing Chromosome 16 strand + [line 596287]
2021-06-08 12:30:50,002 - DEBUG - Done with 16+ [line 626571]
2021-06-08 12:30:50,002 - DEBUG - Assigning indexes to genes
2021-06-08 12:30:50,033 - DEBUG - Seen 11545 genes until now
2021-06-08 12:30:50,033 - DEBUG - Parsing Chromosome 17 strand - [line 626572]
2021-06-08 12:30:51,875 - DEBUG - Done with 17- [line 659846]
2021-06-08 12:30:51,875 - DEBUG - Assigning indexes to genes
2021-06-08 12:30:51,903 - DEBUG - Seen 12152 genes until now
2021-06-08 12:30:51,903 - DEBUG - Parsing Chromosome 17 strand + [line 659847]
2021-06-08 12:30:54,210 - DEBUG - Done with 17+ [line 696472]
2021-06-08 12:30:54,211 - DEBUG - Assigning indexes to genes
2021-06-08 12:30:54,238 - DEBUG - Seen 12800 genes until now
2021-06-08 12:30:54,238 - DEBUG - Parsing Chromosome 18 strand - [line 696473]
2021-06-08 12:30:55,038 - DEBUG - Done with 18- [line 709486]
2021-06-08 12:30:55,038 - DEBUG - Assigning indexes to genes
2021-06-08 12:30:55,040 - DEBUG - Seen 13059 genes until now
2021-06-08 12:30:55,040 - DEBUG - Parsing Chromosome 18 strand + [line 709487]
2021-06-08 12:30:56,101 - DEBUG - Done with 18+ [line 728027]
2021-06-08 12:30:56,101 - DEBUG - Assigning indexes to genes
2021-06-08 12:30:56,104 - DEBUG - Seen 13409 genes until now
2021-06-08 12:30:56,105 - DEBUG - Parsing Chromosome 19 strand - [line 728028]
2021-06-08 12:30:57,277 - DEBUG - Done with 19- [line 752316]
2021-06-08 12:30:57,298 - DEBUG - Assigning indexes to genes
2021-06-08 12:30:57,303 - DEBUG - Seen 13815 genes until now
2021-06-08 12:30:57,303 - DEBUG - Parsing Chromosome 19 strand + [line 752317]
2021-06-08 12:30:57,934 - DEBUG - Done with 19+ [line 773600]
2021-06-08 12:30:57,934 - DEBUG - Assigning indexes to genes
2021-06-08 12:30:57,960 - DEBUG - Seen 14224 genes until now
2021-06-08 12:30:57,960 - DEBUG - Parsing Chromosome 2 strand - [line 773601]
2021-06-08 12:30:59,323 - DEBUG - Done with 2- [line 848821]
2021-06-08 12:30:59,324 - DEBUG - Assigning indexes to genes
2021-06-08 12:31:00,199 - DEBUG - Seen 15398 genes until now
2021-06-08 12:31:00,200 - DEBUG - Parsing Chromosome 2 strand + [line 848822]
2021-06-08 12:31:01,808 - DEBUG - Done with 2+ [line 918704]
2021-06-08 12:31:01,809 - DEBUG - Assigning indexes to genes
2021-06-08 12:31:01,893 - DEBUG - Seen 16582 genes until now
2021-06-08 12:31:01,893 - DEBUG - Parsing Chromosome 3 strand - [line 918705]
2021-06-08 12:31:03,999 - DEBUG - Done with 3- [line 957202]
2021-06-08 12:31:03,999 - DEBUG - Assigning indexes to genes
2021-06-08 12:31:04,027 - DEBUG - Seen 17302 genes until now
2021-06-08 12:31:04,027 - DEBUG - Parsing Chromosome 3 strand + [line 957203]
2021-06-08 12:31:06,558 - DEBUG - Done with 3+ [line 1000138]
2021-06-08 12:31:06,558 - DEBUG - Assigning indexes to genes
2021-06-08 12:31:06,612 - DEBUG - Seen 18021 genes until now
2021-06-08 12:31:06,612 - DEBUG - Parsing Chromosome 4 strand - [line 1000139]
2021-06-08 12:31:09,620 - DEBUG - Done with 4- [line 1050727]
2021-06-08 12:31:09,620 - DEBUG - Assigning indexes to genes
2021-06-08 12:31:09,675 - DEBUG - Seen 18875 genes until now
2021-06-08 12:31:09,676 - DEBUG - Parsing Chromosome 4 strand + [line 1050728]
2021-06-08 12:31:11,662 - DEBUG - Done with 4+ [line 1099723]
2021-06-08 12:31:11,662 - DEBUG - Assigning indexes to genes
2021-06-08 12:31:11,668 - DEBUG - Seen 19731 genes until now
2021-06-08 12:31:11,668 - DEBUG - Parsing Chromosome 5 strand - [line 1099724]
2021-06-08 12:31:13,512 - DEBUG - Done with 5- [line 1157394]
2021-06-08 12:31:13,513 - DEBUG - Assigning indexes to genes
2021-06-08 12:31:13,536 - DEBUG - Seen 20622 genes until now
2021-06-08 12:31:13,536 - DEBUG - Parsing Chromosome 5 strand + [line 1157395]
2021-06-08 12:31:14,793 - DEBUG - Done with 5+ [line 1215626]
2021-06-08 12:31:14,794 - DEBUG - Assigning indexes to genes
2021-06-08 12:31:14,819 - DEBUG - Seen 21539 genes until now
2021-06-08 12:31:14,819 - DEBUG - Parsing Chromosome 6 strand - [line 1215627]
2021-06-08 12:31:16,714 - DEBUG - Done with 6- [line 1260326]
2021-06-08 12:31:16,715 - DEBUG - Assigning indexes to genes
2021-06-08 12:31:16,770 - DEBUG - Seen 22385 genes until now
2021-06-08 12:31:16,771 - DEBUG - Parsing Chromosome 6 strand + [line 1260327]
2021-06-08 12:31:19,451 - DEBUG - Done with 6+ [line 1307744]
2021-06-08 12:31:19,451 - DEBUG - Assigning indexes to genes
2021-06-08 12:31:19,507 - DEBUG - Seen 23304 genes until now
2021-06-08 12:31:19,508 - DEBUG - Parsing Chromosome 7 strand - [line 1307745]
2021-06-08 12:31:23,419 - DEBUG - Done with 7- [line 1379880]
2021-06-08 12:31:23,420 - DEBUG - Assigning indexes to genes
2021-06-08 12:31:23,501 - DEBUG - Seen 24656 genes until now
2021-06-08 12:31:23,501 - DEBUG - Parsing Chromosome 7 strand + [line 1379881]
2021-06-08 12:31:25,573 - DEBUG - Done with 7+ [line 1450335]
2021-06-08 12:31:25,573 - DEBUG - Assigning indexes to genes
2021-06-08 12:31:25,595 - DEBUG - Seen 25873 genes until now
2021-06-08 12:31:25,595 - DEBUG - Parsing Chromosome 8 strand - [line 1450336]
2021-06-08 12:31:27,239 - DEBUG - Done with 8- [line 1485523]
2021-06-08 12:31:27,239 - DEBUG - Assigning indexes to genes
2021-06-08 12:31:27,254 - DEBUG - Seen 26580 genes until now
2021-06-08 12:31:27,254 - DEBUG - Parsing Chromosome 8 strand + [line 1485524]
2021-06-08 12:31:28,270 - DEBUG - Done with 8+ [line 1531960]
2021-06-08 12:31:28,270 - DEBUG - Assigning indexes to genes
2021-06-08 12:31:28,282 - DEBUG - Seen 27398 genes until now
2021-06-08 12:31:28,282 - DEBUG - Parsing Chromosome 9 strand - [line 1531961]
2021-06-08 12:31:30,156 - DEBUG - Done with 9- [line 1583207]
2021-06-08 12:31:30,157 - DEBUG - Assigning indexes to genes
2021-06-08 12:31:30,217 - DEBUG - Seen 28230 genes until now
2021-06-08 12:31:30,217 - DEBUG - Parsing Chromosome 9 strand + [line 1583208]
2021-06-08 12:31:33,366 - DEBUG - Done with 9+ [line 1635954]
2021-06-08 12:31:33,367 - DEBUG - Assigning indexes to genes
2021-06-08 12:31:33,424 - DEBUG - Seen 29142 genes until now
2021-06-08 12:31:33,425 - DEBUG - Parsing Chromosome GL456210.1 strand - [line 1635955]
2021-06-08 12:31:33,425 - DEBUG - Done with GL456210.1- [line 1635981]
2021-06-08 12:31:33,450 - DEBUG - Assigning indexes to genes
2021-06-08 12:31:33,450 - DEBUG - Seen 29145 genes until now
2021-06-08 12:31:33,450 - DEBUG - Parsing Chromosome GL456210.1 strand + [line 1635982]
2021-06-08 12:31:33,451 - DEBUG - Done with GL456210.1+ [line 1635996]
2021-06-08 12:31:33,451 - DEBUG - Assigning indexes to genes
2021-06-08 12:31:33,451 - DEBUG - Seen 29147 genes until now
2021-06-08 12:31:33,451 - DEBUG - Parsing Chromosome GL456211.1 strand - [line 1635997]
2021-06-08 12:31:33,451 - DEBUG - Done with GL456211.1- [line 1636024]
2021-06-08 12:31:33,451 - DEBUG - Assigning indexes to genes
2021-06-08 12:31:33,451 - DEBUG - Seen 29151 genes until now
2021-06-08 12:31:33,452 - DEBUG - Parsing Chromosome GL456211.1 strand + [line 1636025]
2021-06-08 12:31:33,452 - DEBUG - Done with GL456211.1+ [line 1636050]
2021-06-08 12:31:33,452 - DEBUG - Assigning indexes to genes
2021-06-08 12:31:33,452 - DEBUG - Seen 29153 genes until now
2021-06-08 12:31:33,452 - DEBUG - Parsing Chromosome GL456212.1 strand - [line 1636051]
2021-06-08 12:31:33,453 - DEBUG - Done with GL456212.1- [line 1636086]
2021-06-08 12:31:33,453 - DEBUG - Assigning indexes to genes
2021-06-08 12:31:33,453 - DEBUG - Seen 29155 genes until now
2021-06-08 12:31:33,453 - DEBUG - Parsing Chromosome GL456216.1 strand + [line 1636087]
2021-06-08 12:31:33,453 - DEBUG - Done with GL456216.1+ [line 1636106]
2021-06-08 12:31:33,453 - DEBUG - Assigning indexes to genes
2021-06-08 12:31:33,453 - DEBUG - Seen 29156 genes until now
2021-06-08 12:31:33,454 - DEBUG - Parsing Chromosome GL456219.1 strand - [line 1636107]
2021-06-08 12:31:33,454 - DEBUG - Done with GL456219.1- [line 1636118]
2021-06-08 12:31:33,454 - DEBUG - Assigning indexes to genes
2021-06-08 12:31:33,454 - DEBUG - Seen 29158 genes until now
2021-06-08 12:31:33,454 - DEBUG - Parsing Chromosome GL456221.1 strand - [line 1636119]
2021-06-08 12:31:33,454 - DEBUG - Done with GL456221.1- [line 1636162]
2021-06-08 12:31:33,455 - DEBUG - Assigning indexes to genes
2021-06-08 12:31:33,455 - DEBUG - Seen 29162 genes until now
2021-06-08 12:31:33,455 - DEBUG - Parsing Chromosome GL456221.1 strand + [line 1636163]
2021-06-08 12:31:33,480 - DEBUG - Done with GL456221.1+ [line 1636181]
2021-06-08 12:31:33,480 - DEBUG - Assigning indexes to genes
2021-06-08 12:31:33,480 - DEBUG - Seen 29165 genes until now
2021-06-08 12:31:33,480 - DEBUG - Parsing Chromosome GL456233.1 strand - [line 1636182]
2021-06-08 12:31:33,481 - DEBUG - Done with GL456233.1- [line 1636213]
2021-06-08 12:31:33,481 - DEBUG - Assigning indexes to genes
2021-06-08 12:31:33,481 - DEBUG - Seen 29167 genes until now
2021-06-08 12:31:33,481 - DEBUG - Parsing Chromosome GL456233.1 strand + [line 1636214]
2021-06-08 12:31:33,482 - DEBUG - Done with GL456233.1+ [line 1636244]
2021-06-08 12:31:33,482 - DEBUG - Assigning indexes to genes
2021-06-08 12:31:33,482 - DEBUG - Seen 29169 genes until now
2021-06-08 12:31:33,482 - DEBUG - Parsing Chromosome GL456350.1 strand - [line 1636245]
2021-06-08 12:31:33,482 - DEBUG - Done with GL456350.1- [line 1636304]
2021-06-08 12:31:33,483 - DEBUG - Assigning indexes to genes
2021-06-08 12:31:33,483 - DEBUG - Seen 29174 genes until now
2021-06-08 12:31:33,483 - DEBUG - Parsing Chromosome GL456354.1 strand - [line 1636305]
2021-06-08 12:31:33,483 - DEBUG - Done with GL456354.1- [line 1636337]
2021-06-08 12:31:33,483 - DEBUG - Assigning indexes to genes
2021-06-08 12:31:33,483 - DEBUG - Seen 29177 genes until now
2021-06-08 12:31:33,484 - DEBUG - Parsing Chromosome GL456354.1 strand + [line 1636338]
2021-06-08 12:31:33,484 - DEBUG - Done with GL456354.1+ [line 1636357]
2021-06-08 12:31:33,484 - DEBUG - Assigning indexes to genes
2021-06-08 12:31:33,506 - DEBUG - Seen 29179 genes until now
2021-06-08 12:31:33,506 - DEBUG - Parsing Chromosome JH584292.1 strand + [line 1636358]
2021-06-08 12:31:33,507 - DEBUG - Done with JH584292.1+ [line 1636433]
2021-06-08 12:31:33,507 - DEBUG - Assigning indexes to genes
2021-06-08 12:31:33,507 - DEBUG - Seen 29180 genes until now
2021-06-08 12:31:33,507 - DEBUG - Parsing Chromosome JH584293.1 strand - [line 1636434]
2021-06-08 12:31:33,508 - DEBUG - Done with JH584293.1- [line 1636500]
2021-06-08 12:31:33,508 - DEBUG - Assigning indexes to genes
2021-06-08 12:31:33,508 - DEBUG - Seen 29186 genes until now
2021-06-08 12:31:33,509 - DEBUG - Parsing Chromosome JH584293.1 strand + [line 1636501]
2021-06-08 12:31:33,509 - DEBUG - Done with JH584293.1+ [line 1636542]
2021-06-08 12:31:33,509 - DEBUG - Assigning indexes to genes
2021-06-08 12:31:33,509 - DEBUG - Seen 29189 genes until now
2021-06-08 12:31:33,509 - DEBUG - Parsing Chromosome JH584294.1 strand - [line 1636543]
2021-06-08 12:31:33,510 - DEBUG - Done with JH584294.1- [line 1636607]
2021-06-08 12:31:33,510 - DEBUG - Assigning indexes to genes
2021-06-08 12:31:33,510 - DEBUG - Seen 29193 genes until now
2021-06-08 12:31:33,510 - DEBUG - Parsing Chromosome JH584294.1 strand + [line 1636608]
2021-06-08 12:31:33,511 - DEBUG - Done with JH584294.1+ [line 1636631]
2021-06-08 12:31:33,511 - DEBUG - Assigning indexes to genes
2021-06-08 12:31:33,511 - DEBUG - Seen 29195 genes until now
2021-06-08 12:31:33,511 - DEBUG - Parsing Chromosome JH584295.1 strand - [line 1636632]
2021-06-08 12:31:33,526 - DEBUG - Done with JH584295.1- [line 1636647]
2021-06-08 12:31:33,526 - DEBUG - Assigning indexes to genes
2021-06-08 12:31:33,527 - DEBUG - Seen 29196 genes until now
2021-06-08 12:31:33,527 - DEBUG - Parsing Chromosome JH584296.1 strand - [line 1636648]
2021-06-08 12:31:33,527 - DEBUG - Done with JH584296.1- [line 1636675]
2021-06-08 12:31:33,527 - DEBUG - Assigning indexes to genes
2021-06-08 12:31:33,527 - DEBUG - Seen 29199 genes until now
2021-06-08 12:31:33,527 - DEBUG - Parsing Chromosome JH584297.1 strand - [line 1636676]
2021-06-08 12:31:33,528 - DEBUG - Done with JH584297.1- [line 1636694]
2021-06-08 12:31:33,528 - DEBUG - Assigning indexes to genes
2021-06-08 12:31:33,528 - DEBUG - Seen 29201 genes until now
2021-06-08 12:31:33,528 - DEBUG - Parsing Chromosome JH584297.1 strand + [line 1636695]
2021-06-08 12:31:33,528 - DEBUG - Done with JH584297.1+ [line 1636703]
2021-06-08 12:31:33,528 - DEBUG - Assigning indexes to genes
2021-06-08 12:31:33,528 - DEBUG - Seen 29202 genes until now
2021-06-08 12:31:33,528 - DEBUG - Parsing Chromosome JH584298.1 strand - [line 1636704]
2021-06-08 12:31:33,529 - DEBUG - Done with JH584298.1- [line 1636714]
2021-06-08 12:31:33,529 - DEBUG - Assigning indexes to genes
2021-06-08 12:31:33,529 - DEBUG - Seen 29203 genes until now
2021-06-08 12:31:33,529 - DEBUG - Parsing Chromosome JH584298.1 strand + [line 1636715]
2021-06-08 12:31:33,529 - DEBUG - Done with JH584298.1+ [line 1636735]
2021-06-08 12:31:33,529 - DEBUG - Assigning indexes to genes
2021-06-08 12:31:33,529 - DEBUG - Seen 29205 genes until now
2021-06-08 12:31:33,530 - DEBUG - Parsing Chromosome JH584299.1 strand - [line 1636736]
2021-06-08 12:31:33,530 - DEBUG - Done with JH584299.1- [line 1636745]
2021-06-08 12:31:33,530 - DEBUG - Assigning indexes to genes
2021-06-08 12:31:33,530 - DEBUG - Seen 29206 genes until now
2021-06-08 12:31:33,530 - DEBUG - Parsing Chromosome JH584299.1 strand + [line 1636746]
2021-06-08 12:31:33,531 - DEBUG - Done with JH584299.1+ [line 1636857]
2021-06-08 12:31:33,556 - DEBUG - Assigning indexes to genes
2021-06-08 12:31:33,556 - DEBUG - Seen 29217 genes until now
2021-06-08 12:31:33,556 - DEBUG - Parsing Chromosome JH584303.1 strand + [line 1636858]
2021-06-08 12:31:33,557 - DEBUG - Done with JH584303.1+ [line 1636862]
2021-06-08 12:31:33,557 - DEBUG - Assigning indexes to genes
2021-06-08 12:31:33,557 - DEBUG - Seen 29218 genes until now
2021-06-08 12:31:33,557 - DEBUG - Parsing Chromosome JH584304.1 strand - [line 1636863]
2021-06-08 12:31:33,557 - DEBUG - Done with JH584304.1- [line 1636895]
2021-06-08 12:31:33,557 - DEBUG - Assigning indexes to genes
2021-06-08 12:31:33,558 - DEBUG - Seen 29219 genes until now
2021-06-08 12:31:33,558 - DEBUG - Parsing Chromosome MT strand - [line 1636896]
2021-06-08 12:31:33,558 - DEBUG - Done with MT- [line 1636901]
2021-06-08 12:31:33,558 - DEBUG - Assigning indexes to genes
2021-06-08 12:31:33,558 - DEBUG - Seen 29220 genes until now
2021-06-08 12:31:33,558 - DEBUG - Parsing Chromosome MT strand + [line 1636902]
2021-06-08 12:31:33,559 - DEBUG - Done with MT+ [line 1636970]
2021-06-08 12:31:33,559 - DEBUG - Assigning indexes to genes
2021-06-08 12:31:33,559 - DEBUG - Seen 29232 genes until now
2021-06-08 12:31:33,559 - DEBUG - Parsing Chromosome X strand - [line 1636971]
2021-06-08 12:31:35,172 - DEBUG - Done with X- [line 1663962]
2021-06-08 12:31:35,172 - DEBUG - Assigning indexes to genes
2021-06-08 12:31:35,203 - DEBUG - Seen 29755 genes until now
2021-06-08 12:31:35,203 - DEBUG - Parsing Chromosome X strand + [line 1663963]
2021-06-08 12:31:37,063 - DEBUG - Done with X+ [line 1694333]
2021-06-08 12:31:37,064 - DEBUG - Assigning indexes to genes
2021-06-08 12:31:37,110 - DEBUG - Seen 30320 genes until now
2021-06-08 12:31:37,110 - DEBUG - Parsing Chromosome Y strand - [line 1694334]
2021-06-08 12:31:37,341 - DEBUG - Done with Y- [line 1698842]
2021-06-08 12:31:37,342 - DEBUG - Assigning indexes to genes
2021-06-08 12:31:37,344 - DEBUG - Seen 30662 genes until now
2021-06-08 12:31:37,344 - DEBUG - Parsing Chromosome Y strand + [line 1698843]
2021-06-08 12:31:37,546 - DEBUG - Assigning indexes to genes
2021-06-08 12:31:37,566 - DEBUG - Done with Y+ [line 1704063]
2021-06-08 12:31:37,566 - DEBUG - Fixing corner cases of transcript models containg intron longer than 1000Kbp
2021-06-08 12:31:41,512 - DEBUG - Generated 1423079 features corresponding to 111079 transcript models from /research/peer/fdeckert/FD20200109SPLENO/data/mm10/cellranger/Mus_musculus.GRCm38.93.filtered.gtf
2021-06-08 12:31:41,541 - INFO - Load the repeat masking annotation from /research/peer/fdeckert/FD20200109SPLENO/data/mm10/mm10_rmsk.gtf
2021-06-08 12:31:41,541 - DEBUG - Reading /research/peer/fdeckert/FD20200109SPLENO/data/mm10/mm10_rmsk.gtf, the file will be sorted in memory
2021-06-08 12:35:07,414 - DEBUG - Processed masked annotation .gtf and generated 4252016 intervals to mask!
2021-06-08 12:35:09,542 - INFO - Scan /research/peer/fdeckert/FD20200109SPLENO/data/BSA_0355_SM01_10x_SPLENO/OUT/COUNT/M2_CpG_Prog_transcriptome/possorted_genome_bam.bam to validate intron intervals
2021-06-08 12:35:24,959 - DEBUG - Reading /research/peer/fdeckert/FD20200109SPLENO/data/BSA_0355_SM01_10x_SPLENO/OUT/COUNT/M2_CpG_Prog_transcriptome/possorted_genome_bam.bam
2021-06-08 12:35:24,998 - DEBUG - Read first 0 million reads
2021-06-08 12:35:25,046 - DEBUG - Marking up chromosome 1
2021-06-08 12:38:49,989 - DEBUG - Marking up chromosome 10
2021-06-08 12:41:55,919 - DEBUG - Marking up chromosome 11
2021-06-08 12:46:05,679 - DEBUG - Read first 10 million reads
2021-06-08 12:47:42,364 - DEBUG - Marking up chromosome 12
2021-06-08 12:49:42,632 - DEBUG - Marking up chromosome 13
2021-06-08 12:52:07,076 - DEBUG - Marking up chromosome 14
2021-06-08 12:54:03,426 - DEBUG - Marking up chromosome 15
2021-06-08 12:56:21,846 - DEBUG - Marking up chromosome 16
2021-06-08 12:57:17,564 - DEBUG - Read first 20 million reads
2021-06-08 12:57:26,019 - DEBUG - Marking up chromosome 17
2021-06-08 12:57:58,791 - DEBUG - Marking up chromosome 18
2021-06-08 12:58:12,402 - DEBUG - Marking up chromosome 19
2021-06-08 12:58:34,131 - DEBUG - Marking up chromosome 2
2021-06-08 12:59:10,393 - DEBUG - Marking up chromosome 3
2021-06-08 12:59:15,369 - DEBUG - Read first 30 million reads
2021-06-08 12:59:35,045 - DEBUG - Marking up chromosome 4
2021-06-08 13:00:10,764 - DEBUG - Marking up chromosome 5
2021-06-08 13:00:45,552 - DEBUG - Marking up chromosome 6
2021-06-08 13:01:08,776 - DEBUG - Read first 40 million reads
2021-06-08 13:01:11,379 - DEBUG - Marking up chromosome 7
2021-06-08 13:02:17,193 - DEBUG - Marking up chromosome 8
2021-06-08 13:02:43,958 - DEBUG - Marking up chromosome 9
2021-06-08 13:02:59,409 - DEBUG - Read first 50 million reads
2021-06-08 13:03:17,497 - DEBUG - Marking up chromosome MT
2021-06-08 13:03:30,004 - DEBUG - Marking up chromosome X
2021-06-08 13:03:45,064 - DEBUG - Marking up chromosome Y
2021-06-08 13:03:45,648 - DEBUG - Marking up chromosome JH584299.1
2021-06-08 13:03:45,649 - DEBUG - Marking up chromosome GL456233.1
2021-06-08 13:03:45,660 - DEBUG - Marking up chromosome GL456211.1
2021-06-08 13:03:45,666 - DEBUG - Marking up chromosome GL456221.1
2021-06-08 13:03:45,671 - DEBUG - Marking up chromosome JH584300.1
2021-06-08 13:03:45,671 - WARNING - The .bam file refers to a chromosome 'JH584300.1+' not present in the annotation (.gtf) file
2021-06-08 13:03:45,671 - WARNING - The .bam file refers to a chromosome 'JH584300.1-' not present in the annotation (.gtf) file
2021-06-08 13:03:45,702 - DEBUG - Marking up chromosome GL456210.1
2021-06-08 13:03:45,704 - DEBUG - Marking up chromosome GL456212.1
2021-06-08 13:03:45,704 - WARNING - The .bam file refers to a chromosome 'GL456212.1+' not present in the annotation (.gtf) file
2021-06-08 13:03:45,706 - DEBUG - Marking up chromosome JH584304.1
2021-06-08 13:03:45,706 - WARNING - The .bam file refers to a chromosome 'JH584304.1+' not present in the annotation (.gtf) file
2021-06-08 13:03:45,752 - DEBUG - Marking up chromosome GL456379.1
2021-06-08 13:03:45,752 - WARNING - The .bam file refers to a chromosome 'GL456379.1+' not present in the annotation (.gtf) file
2021-06-08 13:03:45,752 - WARNING - The .bam file refers to a chromosome 'GL456379.1-' not present in the annotation (.gtf) file
2021-06-08 13:03:45,752 - DEBUG - Marking up chromosome GL456216.1
2021-06-08 13:03:45,752 - WARNING - The .bam file refers to a chromosome 'GL456216.1-' not present in the annotation (.gtf) file
2021-06-08 13:03:45,791 - DEBUG - Marking up chromosome GL456366.1
2021-06-08 13:03:45,791 - WARNING - The .bam file refers to a chromosome 'GL456366.1+' not present in the annotation (.gtf) file
2021-06-08 13:03:45,791 - WARNING - The .bam file refers to a chromosome 'GL456366.1-' not present in the annotation (.gtf) file
2021-06-08 13:03:45,791 - DEBUG - Marking up chromosome GL456239.1
2021-06-08 13:03:45,791 - WARNING - The .bam file refers to a chromosome 'GL456239.1+' not present in the annotation (.gtf) file
2021-06-08 13:03:45,791 - WARNING - The .bam file refers to a chromosome 'GL456239.1-' not present in the annotation (.gtf) file
2021-06-08 13:03:45,792 - DEBUG - Marking up chromosome GL456360.1
2021-06-08 13:03:45,793 - WARNING - The .bam file refers to a chromosome 'GL456360.1+' not present in the annotation (.gtf) file
2021-06-08 13:03:45,793 - WARNING - The .bam file refers to a chromosome 'GL456360.1-' not present in the annotation (.gtf) file
2021-06-08 13:03:45,793 - DEBUG - Marking up chromosome GL456378.1
2021-06-08 13:03:45,793 - WARNING - The .bam file refers to a chromosome 'GL456378.1+' not present in the annotation (.gtf) file
2021-06-08 13:03:45,793 - WARNING - The .bam file refers to a chromosome 'GL456378.1-' not present in the annotation (.gtf) file
2021-06-08 13:03:45,794 - DEBUG - Marking up chromosome GL456370.1
2021-06-08 13:03:45,794 - WARNING - The .bam file refers to a chromosome 'GL456370.1+' not present in the annotation (.gtf) file
2021-06-08 13:03:45,794 - WARNING - The .bam file refers to a chromosome 'GL456370.1-' not present in the annotation (.gtf) file
2021-06-08 13:03:45,798 - DEBUG - Marking up chromosome GL456382.1
2021-06-08 13:03:45,798 - WARNING - The .bam file refers to a chromosome 'GL456382.1+' not present in the annotation (.gtf) file
2021-06-08 13:03:45,798 - WARNING - The .bam file refers to a chromosome 'GL456382.1-' not present in the annotation (.gtf) file
2021-06-08 13:03:45,875 - DEBUG - Marking up chromosome GL456359.1
2021-06-08 13:03:45,875 - WARNING - The .bam file refers to a chromosome 'GL456359.1+' not present in the annotation (.gtf) file
2021-06-08 13:03:45,876 - WARNING - The .bam file refers to a chromosome 'GL456359.1-' not present in the annotation (.gtf) file
2021-06-08 13:03:45,876 - DEBUG - Marking up chromosome GL456368.1
2021-06-08 13:03:45,876 - WARNING - The .bam file refers to a chromosome 'GL456368.1+' not present in the annotation (.gtf) file
2021-06-08 13:03:45,876 - WARNING - The .bam file refers to a chromosome 'GL456368.1-' not present in the annotation (.gtf) file
2021-06-08 13:03:45,877 - DEBUG - Marking up chromosome JH584295.1
2021-06-08 13:03:45,877 - WARNING - The .bam file refers to a chromosome 'JH584295.1+' not present in the annotation (.gtf) file
2021-06-08 13:03:55,834 - DEBUG - Read first 60 million reads
2021-06-08 13:04:06,293 - DEBUG - End of file. Reset index: start scanning from initial position.
2021-06-08 13:04:06,294 - DEBUG - 950594 reads were skipped because no apropiate cell or umi barcode was found
2021-06-08 13:04:06,294 - INFO - Now just waiting that the bam sorting process terminates
2021-06-08 13:04:06,294 - INFO - bam file #0 has been sorted
2021-06-08 13:04:06,294 - DEBUG - Start molecule counting!
2021-06-08 13:04:10,238 - DEBUG - Features available for chromosomes : ['1-', '1+', '10-', '10+', '11-', '11+', '12-', '12+', '13-', '13+', '14-', '14+', '15-', '15+', '16-', '16+', '17-', '17+', '18-', '18+', '19-', '19+', '2-', '2+', '3-', '3+', '4-', '4+', '5-', '5+', '6-', '6+', '7-', '7+', '8-', '8+', '9-', '9+', 'GL456210.1-', 'GL456210.1+', 'GL456211.1-', 'GL456211.1+', 'GL456212.1-', 'GL456216.1+', 'GL456219.1-', 'GL456221.1-', 'GL456221.1+', 'GL456233.1-', 'GL456233.1+', 'GL456350.1-', 'GL456354.1-', 'GL456354.1+', 'JH584292.1+', 'JH584293.1-', 'JH584293.1+', 'JH584294.1-', 'JH584294.1+', 'JH584295.1-', 'JH584296.1-', 'JH584297.1-', 'JH584297.1+', 'JH584298.1-', 'JH584298.1+', 'JH584299.1-', 'JH584299.1+', 'JH584303.1+', 'JH584304.1-', 'MT-', 'MT+', 'X-', 'X+', 'Y-', 'Y+']
2021-06-08 13:04:10,238 - DEBUG - Mask available for chromosomes : ['1-', '1+', '10-', '10+', '11-', '11+', '12-', '12+', '13-', '13+', '14-', '14+', '15-', '15+', '16-', '16+', '17-', '17+', '18-', '18+', '19-', '19+', '1_GL456210_random-', '1_GL456210_random+', '1_GL456211_random-', '1_GL456211_random+', '1_GL456212_random-', '1_GL456212_random+', '1_GL456213_random-', '1_GL456213_random+', '1_GL456221_random-', '1_GL456221_random+', '2-', '2+', '3-', '3+', '4-', '4+', '4_GL456216_random-', '4_GL456216_random+', '4_GL456350_random-', '4_GL456350_random+', '4_JH584292_random-', '4_JH584292_random+', '4_JH584293_random-', '4_JH584293_random+', '4_JH584294_random-', '4_JH584294_random+', '4_JH584295_random+', '5-', '5+', '5_GL456354_random-', '5_GL456354_random+', '5_JH584296_random-', '5_JH584296_random+', '5_JH584297_random-', '5_JH584297_random+', '5_JH584298_random-', '5_JH584298_random+', '5_JH584299_random-', '5_JH584299_random+', '6-', '6+', '7-', '7+', '7_GL456219_random-', '7_GL456219_random+', '8-', '8+', '9-', '9+', 'M-', 'M+', 'Un_GL456239-', 'Un_GL456239+', 'Un_GL456359-', 'Un_GL456359+', 'Un_GL456360-', 'Un_GL456360+', 'Un_GL456366-', 'Un_GL456366+', 'Un_GL456367-', 'Un_GL456367+', 'Un_GL456368-', 'Un_GL456368+', 'Un_GL456370+', 'Un_GL456372-', 'Un_GL456372+', 'Un_GL456378-', 'Un_GL456378+', 'Un_GL456379-', 'Un_GL456379+', 'Un_GL456381-', 'Un_GL456381+', 'Un_GL456382-', 'Un_GL456382+', 'Un_GL456383-', 'Un_GL456383+', 'Un_GL456385-', 'Un_GL456385+', 'Un_GL456387-', 'Un_GL456387+', 'Un_GL456389-', 'Un_GL456389+', 'Un_GL456390-', 'Un_GL456390+', 'Un_GL456392-', 'Un_GL456392+', 'Un_GL456393-', 'Un_GL456393+', 'Un_GL456394-', 'Un_GL456394+', 'Un_GL456396-', 'Un_GL456396+', 'Un_JH584304-', 'Un_JH584304+', 'X-', 'X+', 'X_GL456233_random-', 'X_GL456233_random+', 'Y-', 'Y+', 'Y_JH584300_random-', 'Y_JH584300_random+', 'Y_JH584301_random-', 'Y_JH584301_random+', 'Y_JH584302_random-', 'Y_JH584302_random+', 'Y_JH584303_random-']
2021-06-08 13:04:10,238 - DEBUG - Summarizing the results of intron validation.
2021-06-08 13:04:10,548 - DEBUG - Validated 102796 introns (of which unique intervals 39835) out of 656000 total possible introns (considering each possible transcript models).
2021-06-08 13:04:10,549 - DEBUG - Reading /research/peer/fdeckert/FD20200109SPLENO/data/BSA_0355_SM01_10x_SPLENO/OUT/COUNT/M2_CpG_Prog_transcriptome/cellsorted_possorted_genome_bam.bam
2021-06-08 13:04:10,566 - DEBUG - Read first 0 million reads
2021-06-08 13:04:30,212 - DEBUG - Counting for batch 1, containing 100 cells and 370560 reads
2021-06-08 13:04:47,761 - DEBUG - 15330 reads not considered because fully enclosed in repeat masked regions
2021-06-08 13:05:05,001 - DEBUG - Counting for batch 2, containing 100 cells and 371113 reads
2021-06-08 13:05:22,491 - DEBUG - 15389 reads not considered because fully enclosed in repeat masked regions
2021-06-08 13:05:39,897 - DEBUG - Counting for batch 3, containing 100 cells and 346427 reads
2021-06-08 13:05:56,732 - DEBUG - 14385 reads not considered because fully enclosed in repeat masked regions
2021-06-08 13:06:11,880 - DEBUG - Counting for batch 4, containing 100 cells and 368406 reads
2021-06-08 13:06:30,629 - DEBUG - 15359 reads not considered because fully enclosed in repeat masked regions
2021-06-08 13:06:46,722 - DEBUG - Counting for batch 5, containing 100 cells and 359145 reads
2021-06-08 13:07:03,833 - DEBUG - 15147 reads not considered because fully enclosed in repeat masked regions
2021-06-08 13:07:19,630 - DEBUG - Counting for batch 6, containing 100 cells and 328423 reads
2021-06-08 13:07:35,719 - DEBUG - 14410 reads not considered because fully enclosed in repeat masked regions
2021-06-08 13:07:51,863 - DEBUG - Counting for batch 7, containing 100 cells and 360906 reads
2021-06-08 13:08:09,370 - DEBUG - 14759 reads not considered because fully enclosed in repeat masked regions
2021-06-08 13:08:17,415 - DEBUG - Read first 10 million reads
2021-06-08 13:08:25,029 - DEBUG - Counting for batch 8, containing 100 cells and 354787 reads
2021-06-08 13:08:43,419 - DEBUG - 14534 reads not considered because fully enclosed in repeat masked regions
2021-06-08 13:08:59,554 - DEBUG - Counting for batch 9, containing 100 cells and 370849 reads
2021-06-08 13:09:18,485 - DEBUG - 15189 reads not considered because fully enclosed in repeat masked regions
2021-06-08 13:09:34,277 - DEBUG - Counting for batch 10, containing 100 cells and 353885 reads
2021-06-08 13:09:51,370 - DEBUG - 14579 reads not considered because fully enclosed in repeat masked regions
2021-06-08 13:10:07,748 - DEBUG - Counting for batch 11, containing 100 cells and 372184 reads
2021-06-08 13:10:26,771 - DEBUG - 15804 reads not considered because fully enclosed in repeat masked regions
2021-06-08 13:10:42,335 - DEBUG - Counting for batch 12, containing 100 cells and 331619 reads
2021-06-08 13:10:58,445 - DEBUG - 13724 reads not considered because fully enclosed in repeat masked regions
2021-06-08 13:11:14,477 - DEBUG - Counting for batch 13, containing 100 cells and 354685 reads
2021-06-08 13:11:31,454 - DEBUG - 15605 reads not considered because fully enclosed in repeat masked regions
2021-06-08 13:11:46,545 - DEBUG - Counting for batch 14, containing 100 cells and 359163 reads
2021-06-08 13:12:05,352 - DEBUG - 15651 reads not considered because fully enclosed in repeat masked regions
2021-06-08 13:12:20,672 - DEBUG - Counting for batch 15, containing 100 cells and 358507 reads
2021-06-08 13:12:37,937 - DEBUG - 15254 reads not considered because fully enclosed in repeat masked regions
2021-06-08 13:12:53,818 - DEBUG - Read first 20 million reads
2021-06-08 13:12:54,943 - DEBUG - Counting for batch 16, containing 100 cells and 371267 reads
2021-06-08 13:13:12,544 - DEBUG - 15789 reads not considered because fully enclosed in repeat masked regions
2021-06-08 13:13:29,513 - DEBUG - Counting for batch 17, containing 100 cells and 356242 reads
2021-06-08 13:13:46,707 - DEBUG - 14731 reads not considered because fully enclosed in repeat masked regions
2021-06-08 13:14:02,835 - DEBUG - Counting for batch 18, containing 100 cells and 369953 reads
2021-06-08 13:14:21,659 - DEBUG - 15926 reads not considered because fully enclosed in repeat masked regions
2021-06-08 13:14:37,611 - DEBUG - Counting for batch 19, containing 100 cells and 347247 reads
2021-06-08 13:14:54,323 - DEBUG - 14944 reads not considered because fully enclosed in repeat masked regions
2021-06-08 13:15:11,356 - DEBUG - Counting for batch 20, containing 100 cells and 390054 reads
2021-06-08 13:15:29,695 - DEBUG - 16452 reads not considered because fully enclosed in repeat masked regions
2021-06-08 13:15:47,175 - DEBUG - Counting for batch 21, containing 100 cells and 368873 reads
2021-06-08 13:16:05,035 - DEBUG - 16093 reads not considered because fully enclosed in repeat masked regions
2021-06-08 13:16:21,896 - DEBUG - Counting for batch 22, containing 100 cells and 352358 reads
2021-06-08 13:16:38,929 - DEBUG - 14373 reads not considered because fully enclosed in repeat masked regions
2021-06-08 13:16:54,263 - DEBUG - Counting for batch 23, containing 100 cells and 320096 reads
2021-06-08 13:17:11,155 - DEBUG - 13406 reads not considered because fully enclosed in repeat masked regions
2021-06-08 13:17:25,459 - DEBUG - Counting for batch 24, containing 100 cells and 354520 reads
2021-06-08 13:17:42,452 - DEBUG - 15108 reads not considered because fully enclosed in repeat masked regions
2021-06-08 13:17:51,309 - DEBUG - Read first 30 million reads
2021-06-08 13:17:59,252 - DEBUG - Counting for batch 25, containing 100 cells and 353349 reads
2021-06-08 13:18:16,616 - DEBUG - 14808 reads not considered because fully enclosed in repeat masked regions
2021-06-08 13:18:31,185 - DEBUG - Counting for batch 26, containing 100 cells and 329059 reads
2021-06-08 13:18:48,359 - DEBUG - 13982 reads not considered because fully enclosed in repeat masked regions
2021-06-08 13:19:02,748 - DEBUG - Counting for batch 27, containing 100 cells and 350777 reads
2021-06-08 13:19:19,715 - DEBUG - 14905 reads not considered because fully enclosed in repeat masked regions
2021-06-08 13:19:35,970 - DEBUG - Counting for batch 28, containing 100 cells and 356708 reads
2021-06-08 13:19:52,921 - DEBUG - 14550 reads not considered because fully enclosed in repeat masked regions
2021-06-08 13:20:10,735 - DEBUG - Counting for batch 29, containing 100 cells and 361709 reads
2021-06-08 13:20:27,953 - DEBUG - 14780 reads not considered because fully enclosed in repeat masked regions
2021-06-08 13:20:44,855 - DEBUG - Counting for batch 30, containing 100 cells and 347859 reads
2021-06-08 13:21:01,635 - DEBUG - 13774 reads not considered because fully enclosed in repeat masked regions
2021-06-08 13:21:18,030 - DEBUG - Counting for batch 31, containing 100 cells and 406766 reads
2021-06-08 13:21:38,236 - DEBUG - 16740 reads not considered because fully enclosed in repeat masked regions
2021-06-08 13:21:54,851 - DEBUG - Counting for batch 32, containing 100 cells and 377858 reads
2021-06-08 13:22:14,400 - DEBUG - 15632 reads not considered because fully enclosed in repeat masked regions
2021-06-08 13:22:28,270 - DEBUG - Read first 40 million reads
2021-06-08 13:22:30,640 - DEBUG - Counting for batch 33, containing 100 cells and 373697 reads
2021-06-08 13:22:48,402 - DEBUG - 15449 reads not considered because fully enclosed in repeat masked regions
2021-06-08 13:23:05,199 - DEBUG - Counting for batch 34, containing 100 cells and 352850 reads
2021-06-08 13:23:22,060 - DEBUG - 14099 reads not considered because fully enclosed in repeat masked regions
2021-06-08 13:23:38,369 - DEBUG - Counting for batch 35, containing 100 cells and 340166 reads
2021-06-08 13:23:54,721 - DEBUG - 13617 reads not considered because fully enclosed in repeat masked regions
2021-06-08 13:24:12,348 - DEBUG - Counting for batch 36, containing 100 cells and 368428 reads
2021-06-08 13:24:29,865 - DEBUG - 14738 reads not considered because fully enclosed in repeat masked regions
2021-06-08 13:24:45,122 - DEBUG - Counting for batch 37, containing 100 cells and 351395 reads
2021-06-08 13:25:03,145 - DEBUG - 14866 reads not considered because fully enclosed in repeat masked regions
2021-06-08 13:25:18,893 - DEBUG - Counting for batch 38, containing 100 cells and 358079 reads
2021-06-08 13:25:37,335 - DEBUG - 14176 reads not considered because fully enclosed in repeat masked regions
2021-06-08 13:25:52,266 - DEBUG - Counting for batch 39, containing 100 cells and 349088 reads
2021-06-08 13:26:09,629 - DEBUG - 14363 reads not considered because fully enclosed in repeat masked regions
2021-06-08 13:26:24,957 - DEBUG - Counting for batch 40, containing 100 cells and 362527 reads
2021-06-08 13:26:43,510 - DEBUG - 15717 reads not considered because fully enclosed in repeat masked regions
2021-06-08 13:26:59,633 - DEBUG - Counting for batch 41, containing 100 cells and 390390 reads
2021-06-08 13:27:17,877 - DEBUG - 16322 reads not considered because fully enclosed in repeat masked regions
2021-06-08 13:27:26,690 - DEBUG - Read first 50 million reads
2021-06-08 13:27:34,771 - DEBUG - Counting for batch 42, containing 100 cells and 344412 reads
2021-06-08 13:27:51,371 - DEBUG - 14342 reads not considered because fully enclosed in repeat masked regions
2021-06-08 13:28:07,847 - DEBUG - Counting for batch 43, containing 100 cells and 339946 reads
2021-06-08 13:28:24,163 - DEBUG - 15156 reads not considered because fully enclosed in repeat masked regions
2021-06-08 13:28:37,861 - DEBUG - Counting for batch 44, containing 100 cells and 313881 reads
2021-06-08 13:28:54,550 - DEBUG - 13719 reads not considered because fully enclosed in repeat masked regions
2021-06-08 13:29:09,011 - DEBUG - Counting for batch 45, containing 100 cells and 353651 reads
2021-06-08 13:29:25,809 - DEBUG - 15248 reads not considered because fully enclosed in repeat masked regions
2021-06-08 13:29:42,310 - DEBUG - Counting for batch 46, containing 100 cells and 360238 reads
2021-06-08 13:29:59,523 - DEBUG - 14416 reads not considered because fully enclosed in repeat masked regions
2021-06-08 13:30:14,508 - DEBUG - Counting for batch 47, containing 100 cells and 331275 reads
2021-06-08 13:30:31,670 - DEBUG - 14549 reads not considered because fully enclosed in repeat masked regions
2021-06-08 13:30:46,956 - DEBUG - Counting for batch 48, containing 100 cells and 349117 reads
2021-06-08 13:31:03,626 - DEBUG - 14486 reads not considered because fully enclosed in repeat masked regions
2021-06-08 13:31:19,920 - DEBUG - Counting for batch 49, containing 100 cells and 351970 reads
2021-06-08 13:31:36,769 - DEBUG - 14593 reads not considered because fully enclosed in repeat masked regions
2021-06-08 13:31:53,188 - DEBUG - Counting for batch 50, containing 100 cells and 331843 reads
2021-06-08 13:32:09,637 - DEBUG - 12832 reads not considered because fully enclosed in repeat masked regions
2021-06-08 13:32:15,074 - DEBUG - Read first 60 million reads
2021-06-08 13:32:24,977 - DEBUG - Counting for batch 51, containing 100 cells and 345368 reads
2021-06-08 13:32:42,906 - DEBUG - 14042 reads not considered because fully enclosed in repeat masked regions
2021-06-08 13:32:58,018 - DEBUG - Counting for batch 52, containing 100 cells and 350048 reads
2021-06-08 13:33:16,146 - DEBUG - 14744 reads not considered because fully enclosed in repeat masked regions
2021-06-08 13:33:31,071 - DEBUG - Counting for batch 53, containing 100 cells and 326932 reads
2021-06-08 13:33:47,023 - DEBUG - 14322 reads not considered because fully enclosed in repeat masked regions
2021-06-08 13:34:00,827 - DEBUG - Counting for batch 54, containing 100 cells and 319399 reads
2021-06-08 13:34:18,030 - DEBUG - 13482 reads not considered because fully enclosed in repeat masked regions
2021-06-08 13:34:25,227 - DEBUG - Counting for batch 55, containing 31 cells and 89426 reads
2021-06-08 13:34:31,523 - DEBUG - 3826 reads not considered because fully enclosed in repeat masked regions
2021-06-08 13:34:32,851 - DEBUG - 950594 reads were skipped because no apropiate cell or umi barcode was found
2021-06-08 13:34:32,851 - DEBUG - Counting done!
2021-06-08 13:34:32,859 - DEBUG - Generating output file data/BSA_0355_SM01_10x_SPLENO/OUT/COUNT/M2_CpG_Prog_transcriptome/qc.loom
2021-06-08 13:34:32,859 - DEBUG - Collecting row attributes
2021-06-08 13:34:32,951 - DEBUG - Generating data table
2021-06-08 13:34:34,350 - DEBUG - Writing loom file
2021-06-08 13:34:36,575 - DEBUG - Creating converter from 5 to 3
2021-06-08 13:34:36,817 - DEBUG - Creating converter from 3 to 5
2021-06-08 13:34:46,530 - DEBUG - Terminated Succesfully!
